[2023-08-30T01:47:03.955+0000] {taskinstance.py:1159} INFO - Dependencies all met for dep_context=non-requeueable deps ti=<TaskInstance: vnstock-pipeline-1H.Vm_pub_pubsub scheduled__2023-08-30T01:00:00+00:00 [queued]>
[2023-08-30T01:47:03.961+0000] {taskinstance.py:1159} INFO - Dependencies all met for dep_context=requeueable deps ti=<TaskInstance: vnstock-pipeline-1H.Vm_pub_pubsub scheduled__2023-08-30T01:00:00+00:00 [queued]>
[2023-08-30T01:47:03.961+0000] {taskinstance.py:1361} INFO - Starting attempt 1 of 4
[2023-08-30T01:47:03.973+0000] {taskinstance.py:1382} INFO - Executing <Task(PythonOperator): Vm_pub_pubsub> on 2023-08-30 01:00:00+00:00
[2023-08-30T01:47:03.977+0000] {standard_task_runner.py:57} INFO - Started process 220863 to run task
[2023-08-30T01:47:03.977+0000] {clientserver.py:543} INFO - Closing down clientserver connection
[2023-08-30T01:47:03.984+0000] {standard_task_runner.py:84} INFO - Running: ['airflow', 'tasks', 'run', 'vnstock-pipeline-1H', 'Vm_pub_pubsub', 'scheduled__2023-08-30T01:00:00+00:00', '--job-id', '178', '--raw', '--subdir', 'DAGS_FOLDER/main.py', '--cfg-path', '/tmp/tmpcqzzt5vm']
[2023-08-30T01:47:03.984+0000] {standard_task_runner.py:85} INFO - Job 178: Subtask Vm_pub_pubsub
[2023-08-30T01:47:04.021+0000] {task_command.py:415} INFO - Running <TaskInstance: vnstock-pipeline-1H.Vm_pub_pubsub scheduled__2023-08-30T01:00:00+00:00 [running]> on host vnstock-pipeline-vm.us-central1-c.c.vnstock-pipeline.internal
[2023-08-30T01:47:04.069+0000] {taskinstance.py:1660} INFO - Exporting env vars: AIRFLOW_CTX_DAG_EMAIL='nguyentuanduong555@gmail.com' AIRFLOW_CTX_DAG_OWNER='Duong' AIRFLOW_CTX_DAG_ID='vnstock-pipeline-1H' AIRFLOW_CTX_TASK_ID='Vm_pub_pubsub' AIRFLOW_CTX_EXECUTION_DATE='2023-08-30T01:00:00+00:00' AIRFLOW_CTX_TRY_NUMBER='1' AIRFLOW_CTX_DAG_RUN_ID='scheduled__2023-08-30T01:00:00+00:00'
[2023-08-30T01:47:05.417+0000] {logging_mixin.py:151} WARNING - /home/nguyentuanduong7/airflow/src/pluggin/stock_subscription.py:21 SettingWithCopyWarning: 
A value is trying to be set on a copy of a slice from a DataFrame.
Try using .loc[row_indexer,col_indexer] = value instead

See the caveats in the documentation: https://pandas.pydata.org/pandas-docs/stable/user_guide/indexing.html#returning-a-view-versus-a-copy
[2023-08-30T01:47:05.427+0000] {logging_mixin.py:151} INFO -   Mã CP  Giá tham chiếu  Giá Trần  Giá Sàn  Giá khớp lệnh  Tổng Khối Lượng                              time
0   ACB         22050.0   23550.0  20550.0            0.0              0.0  2023-08-30 08:46:50.501154+07:00
1   TCB         33900.0   36250.0  31550.0            0.0              0.0  2023-08-30 08:46:50.501154+07:00
[2023-08-30T01:47:05.488+0000] {logging_mixin.py:151} INFO - publish message id 8309775506598541
[2023-08-30T01:47:05.551+0000] {logging_mixin.py:151} INFO - publish message id 8311259852120865
[2023-08-30T01:47:05.551+0000] {python.py:194} INFO - Done. Returned value was: None
[2023-08-30T01:47:05.556+0000] {taskinstance.py:1400} INFO - Marking task as SUCCESS. dag_id=vnstock-pipeline-1H, task_id=Vm_pub_pubsub, execution_date=20230830T010000, start_date=20230830T014703, end_date=20230830T014705
[2023-08-30T01:47:05.598+0000] {local_task_job_runner.py:228} INFO - Task exited with return code 0
[2023-08-30T01:47:05.610+0000] {taskinstance.py:2784} INFO - 0 downstream tasks scheduled from follow-on schedule check
[2023-08-30T03:10:29.213+0000] {taskinstance.py:1159} INFO - Dependencies all met for dep_context=non-requeueable deps ti=<TaskInstance: vnstock-pipeline-1H.Vm_pub_pubsub scheduled__2023-08-30T01:00:00+00:00 [queued]>
[2023-08-30T03:10:29.221+0000] {taskinstance.py:1159} INFO - Dependencies all met for dep_context=requeueable deps ti=<TaskInstance: vnstock-pipeline-1H.Vm_pub_pubsub scheduled__2023-08-30T01:00:00+00:00 [queued]>
[2023-08-30T03:10:29.221+0000] {taskinstance.py:1361} INFO - Starting attempt 1 of 4
[2023-08-30T03:10:29.233+0000] {taskinstance.py:1382} INFO - Executing <Task(PythonOperator): Vm_pub_pubsub> on 2023-08-30 01:00:00+00:00
[2023-08-30T03:10:29.236+0000] {standard_task_runner.py:57} INFO - Started process 236920 to run task
[2023-08-30T03:10:29.236+0000] {clientserver.py:543} INFO - Closing down clientserver connection
[2023-08-30T03:10:29.244+0000] {standard_task_runner.py:84} INFO - Running: ['airflow', 'tasks', 'run', 'vnstock-pipeline-1H', 'Vm_pub_pubsub', 'scheduled__2023-08-30T01:00:00+00:00', '--job-id', '218', '--raw', '--subdir', 'DAGS_FOLDER/main.py', '--cfg-path', '/tmp/tmp_ty19eed']
[2023-08-30T03:10:29.245+0000] {standard_task_runner.py:85} INFO - Job 218: Subtask Vm_pub_pubsub
[2023-08-30T03:10:29.282+0000] {task_command.py:415} INFO - Running <TaskInstance: vnstock-pipeline-1H.Vm_pub_pubsub scheduled__2023-08-30T01:00:00+00:00 [running]> on host vnstock-pipeline-vm.us-central1-c.c.vnstock-pipeline.internal
[2023-08-30T03:10:29.332+0000] {taskinstance.py:1660} INFO - Exporting env vars: AIRFLOW_CTX_DAG_EMAIL='nguyentuanduong555@gmail.com' AIRFLOW_CTX_DAG_OWNER='Duong_' AIRFLOW_CTX_DAG_ID='vnstock-pipeline-1H' AIRFLOW_CTX_TASK_ID='Vm_pub_pubsub' AIRFLOW_CTX_EXECUTION_DATE='2023-08-30T01:00:00+00:00' AIRFLOW_CTX_TRY_NUMBER='1' AIRFLOW_CTX_DAG_RUN_ID='scheduled__2023-08-30T01:00:00+00:00'
[2023-08-30T03:10:30.348+0000] {logging_mixin.py:151} WARNING - /home/nguyentuanduong7/airflow/src/pluggin/stock_subscription.py:22 SettingWithCopyWarning: 
A value is trying to be set on a copy of a slice from a DataFrame.
Try using .loc[row_indexer,col_indexer] = value instead

See the caveats in the documentation: https://pandas.pydata.org/pandas-docs/stable/user_guide/indexing.html#returning-a-view-versus-a-copy
[2023-08-30T03:10:30.358+0000] {logging_mixin.py:151} INFO -   Mã CP  Giá tham chiếu  Giá Trần  Giá Sàn  Giá khớp lệnh  Tổng Khối Lượng             Datetime
0   ACB         22050.0   23550.0  20550.0        22150.0         110380.0  2023-08-30 10:10:15
1   TCB         33900.0   36250.0  31550.0        34100.0         104350.0  2023-08-30 10:10:15
[2023-08-30T03:10:30.420+0000] {logging_mixin.py:151} INFO - publish message id 8313487246639818
[2023-08-30T03:10:30.460+0000] {logging_mixin.py:151} INFO - publish message id 8799865422253988
[2023-08-30T03:10:30.460+0000] {python.py:194} INFO - Done. Returned value was: None
[2023-08-30T03:10:30.464+0000] {taskinstance.py:1400} INFO - Marking task as SUCCESS. dag_id=vnstock-pipeline-1H, task_id=Vm_pub_pubsub, execution_date=20230830T010000, start_date=20230830T031029, end_date=20230830T031030
[2023-08-30T03:10:30.496+0000] {local_task_job_runner.py:228} INFO - Task exited with return code 0
[2023-08-30T03:10:30.507+0000] {taskinstance.py:2784} INFO - 0 downstream tasks scheduled from follow-on schedule check
