[2023-08-31T06:19:29.583+0000] {taskinstance.py:1159} INFO - Dependencies all met for dep_context=non-requeueable deps ti=<TaskInstance: vnstock-pipeline-3M-1Y.Stock_collection_1Y manual__2023-08-31T06:19:06.208310+00:00 [queued]>
[2023-08-31T06:19:29.588+0000] {taskinstance.py:1159} INFO - Dependencies all met for dep_context=requeueable deps ti=<TaskInstance: vnstock-pipeline-3M-1Y.Stock_collection_1Y manual__2023-08-31T06:19:06.208310+00:00 [queued]>
[2023-08-31T06:19:29.588+0000] {taskinstance.py:1361} INFO - Starting attempt 1 of 4
[2023-08-31T06:19:29.601+0000] {taskinstance.py:1382} INFO - Executing <Task(PythonOperator): Stock_collection_1Y> on 2023-08-31 06:19:06.208310+00:00
[2023-08-31T06:19:29.608+0000] {standard_task_runner.py:57} INFO - Started process 526215 to run task
[2023-08-31T06:19:29.616+0000] {clientserver.py:543} INFO - Closing down clientserver connection
[2023-08-31T06:19:29.622+0000] {standard_task_runner.py:84} INFO - Running: ['airflow', 'tasks', 'run', 'vnstock-pipeline-3M-1Y', 'Stock_collection_1Y', 'manual__2023-08-31T06:19:06.208310+00:00', '--job-id', '472', '--raw', '--subdir', 'DAGS_FOLDER/main.py', '--cfg-path', '/tmp/tmpswa_irpb']
[2023-08-31T06:19:29.622+0000] {standard_task_runner.py:85} INFO - Job 472: Subtask Stock_collection_1Y
[2023-08-31T06:19:29.667+0000] {task_command.py:415} INFO - Running <TaskInstance: vnstock-pipeline-3M-1Y.Stock_collection_1Y manual__2023-08-31T06:19:06.208310+00:00 [running]> on host vnstock-pipeline-vm.us-central1-c.c.vnstock-pipeline.internal
[2023-08-31T06:19:29.719+0000] {taskinstance.py:1660} INFO - Exporting env vars: AIRFLOW_CTX_DAG_EMAIL='nguyentuanduong555@gmail.com' AIRFLOW_CTX_DAG_OWNER='Duong_' AIRFLOW_CTX_DAG_ID='vnstock-pipeline-3M-1Y' AIRFLOW_CTX_TASK_ID='Stock_collection_1Y' AIRFLOW_CTX_EXECUTION_DATE='2023-08-31T06:19:06.208310+00:00' AIRFLOW_CTX_TRY_NUMBER='1' AIRFLOW_CTX_DAG_RUN_ID='manual__2023-08-31T06:19:06.208310+00:00'
[2023-08-31T06:19:30.544+0000] {logging_mixin.py:151} INFO - 1606/1607_SSI
[2023-08-31T06:19:31.258+0000] {logging_mixin.py:151} INFO - 1605/1607_BCM
[2023-08-31T06:19:31.966+0000] {logging_mixin.py:151} INFO - 1604/1607_VHM
[2023-08-31T06:19:32.678+0000] {logging_mixin.py:151} INFO - 1603/1607_VIC
[2023-08-31T06:19:33.389+0000] {logging_mixin.py:151} INFO - 1602/1607_VRE
[2023-08-31T06:19:34.096+0000] {logging_mixin.py:151} INFO - 1601/1607_BVH
[2023-08-31T06:19:34.805+0000] {logging_mixin.py:151} INFO - 1600/1607_POW
[2023-08-31T06:19:35.519+0000] {logging_mixin.py:151} INFO - 1599/1607_GAS
[2023-08-31T06:19:36.241+0000] {logging_mixin.py:151} INFO - 1598/1607_ACB
[2023-08-31T06:19:36.960+0000] {logging_mixin.py:151} INFO - 1597/1607_BID
[2023-08-31T06:19:37.674+0000] {logging_mixin.py:151} INFO - 1596/1607_CTG
[2023-08-31T06:19:38.380+0000] {logging_mixin.py:151} INFO - 1595/1607_HDB
[2023-08-31T06:19:39.091+0000] {logging_mixin.py:151} INFO - 1594/1607_MBB
[2023-08-31T06:19:39.799+0000] {logging_mixin.py:151} INFO - 1593/1607_SSB
[2023-08-31T06:19:40.513+0000] {logging_mixin.py:151} INFO - 1592/1607_SHB
[2023-08-31T06:19:41.251+0000] {logging_mixin.py:151} INFO - 1591/1607_STB
[2023-08-31T06:19:41.968+0000] {logging_mixin.py:151} INFO - 1590/1607_TCB
[2023-08-31T06:19:42.677+0000] {logging_mixin.py:151} INFO - 1589/1607_TPB
[2023-08-31T06:19:43.387+0000] {logging_mixin.py:151} INFO - 1588/1607_VCB
[2023-08-31T06:19:44.098+0000] {logging_mixin.py:151} INFO - 1587/1607_VIB
[2023-08-31T06:19:44.817+0000] {logging_mixin.py:151} INFO - 1586/1607_VPB
[2023-08-31T06:19:45.532+0000] {logging_mixin.py:151} INFO - 1585/1607_HPG
[2023-08-31T06:19:46.241+0000] {logging_mixin.py:151} INFO - 1584/1607_GVR
[2023-08-31T06:19:46.953+0000] {logging_mixin.py:151} INFO - 1583/1607_MSN
[2023-08-31T06:19:47.663+0000] {logging_mixin.py:151} INFO - 1582/1607_VNM
[2023-08-31T06:19:48.379+0000] {logging_mixin.py:151} INFO - 1581/1607_SAB
[2023-08-31T06:19:49.096+0000] {logging_mixin.py:151} INFO - 1580/1607_VJC
[2023-08-31T06:19:49.809+0000] {logging_mixin.py:151} INFO - 1579/1607_MWG
[2023-08-31T06:19:50.520+0000] {logging_mixin.py:151} INFO - 1578/1607_PLX
[2023-08-31T06:19:51.226+0000] {logging_mixin.py:151} INFO - 1577/1607_FPT
[2023-08-31T06:19:51.936+0000] {logging_mixin.py:151} INFO - 1576/1607_MFS
[2023-08-31T06:19:52.642+0000] {logging_mixin.py:151} INFO - 1575/1607_ABC
[2023-08-31T06:19:53.369+0000] {logging_mixin.py:151} INFO - 1574/1607_VGI
[2023-08-31T06:19:54.086+0000] {logging_mixin.py:151} INFO - 1573/1607_FOX
[2023-08-31T06:19:54.792+0000] {logging_mixin.py:151} INFO - 1572/1607_PAI
[2023-08-31T06:19:55.514+0000] {logging_mixin.py:151} INFO - 1571/1607_PIA
[2023-08-31T06:19:56.222+0000] {logging_mixin.py:151} INFO - 1570/1607_PTP
[2023-08-31T06:19:56.946+0000] {logging_mixin.py:151} INFO - 1569/1607_TTN
[2023-08-31T06:19:57.671+0000] {logging_mixin.py:151} INFO - 1568/1607_FUCTVGF3
[2023-08-31T06:19:58.376+0000] {logging_mixin.py:151} INFO - 1567/1607_FUEIP100
[2023-08-31T06:19:59.094+0000] {logging_mixin.py:151} INFO - 1566/1607_FUEKIV30
[2023-08-31T06:19:59.808+0000] {logging_mixin.py:151} INFO - 1565/1607_FUCTVGF4
[2023-08-31T06:20:00.518+0000] {logging_mixin.py:151} INFO - 1564/1607_FUEDCMID
[2023-08-31T06:20:01.241+0000] {logging_mixin.py:151} INFO - 1563/1607_FUEKIVFS
[2023-08-31T06:20:01.951+0000] {logging_mixin.py:151} INFO - 1562/1607_FUEMAVND
[2023-08-31T06:20:02.666+0000] {logging_mixin.py:151} INFO - 1561/1607_FUEFCV50
[2023-08-31T06:20:03.378+0000] {logging_mixin.py:151} INFO - 1560/1607_FUEBFVND
[2023-08-31T06:20:04.095+0000] {logging_mixin.py:151} INFO - 1559/1607_FUESSV50
[2023-08-31T06:20:04.810+0000] {logging_mixin.py:151} INFO - 1558/1607_E1VFVN30
[2023-08-31T06:20:05.520+0000] {logging_mixin.py:151} INFO - 1557/1607_FUESSVFL
[2023-08-31T06:20:05.523+0000] {python.py:194} INFO - Done. Returned value was: Done
[2023-08-31T06:20:05.536+0000] {taskinstance.py:1400} INFO - Marking task as SUCCESS. dag_id=vnstock-pipeline-3M-1Y, task_id=Stock_collection_1Y, execution_date=20230831T061906, start_date=20230831T061929, end_date=20230831T062005
[2023-08-31T06:20:05.553+0000] {local_task_job_runner.py:228} INFO - Task exited with return code 0
[2023-08-31T06:20:05.570+0000] {taskinstance.py:2784} INFO - 1 downstream tasks scheduled from follow-on schedule check
