[2023-08-24T04:22:05.431+0000] {processor.py:157} INFO - Started process (PID=37605) to work on /usr/local/lib/python3.8/dist-packages/airflow/example_dags/example_kubernetes_executor.py
[2023-08-24T04:22:05.433+0000] {processor.py:829} INFO - Processing file /usr/local/lib/python3.8/dist-packages/airflow/example_dags/example_kubernetes_executor.py for tasks to queue
[2023-08-24T04:22:05.434+0000] {logging_mixin.py:151} INFO - [2023-08-24T04:22:05.433+0000] {dagbag.py:539} INFO - Filling up the DagBag from /usr/local/lib/python3.8/dist-packages/airflow/example_dags/example_kubernetes_executor.py
[2023-08-24T04:22:05.595+0000] {processor.py:839} INFO - DAG(s) dict_keys(['example_kubernetes_executor']) retrieved from /usr/local/lib/python3.8/dist-packages/airflow/example_dags/example_kubernetes_executor.py
[2023-08-24T04:22:05.819+0000] {logging_mixin.py:151} INFO - [2023-08-24T04:22:05.819+0000] {manager.py:501} INFO - Created Permission View: can read on DAG:example_kubernetes_executor
[2023-08-24T04:22:05.828+0000] {logging_mixin.py:151} INFO - [2023-08-24T04:22:05.828+0000] {manager.py:501} INFO - Created Permission View: can edit on DAG:example_kubernetes_executor
[2023-08-24T04:22:05.835+0000] {logging_mixin.py:151} INFO - [2023-08-24T04:22:05.835+0000] {manager.py:501} INFO - Created Permission View: can delete on DAG:example_kubernetes_executor
[2023-08-24T04:22:05.843+0000] {logging_mixin.py:151} INFO - [2023-08-24T04:22:05.843+0000] {dag.py:2907} INFO - Sync 1 DAGs
[2023-08-24T04:22:05.849+0000] {logging_mixin.py:151} INFO - [2023-08-24T04:22:05.849+0000] {dag.py:2929} INFO - Creating ORM DAG for example_kubernetes_executor
[2023-08-24T04:22:05.850+0000] {logging_mixin.py:151} INFO - [2023-08-24T04:22:05.849+0000] {dag.py:3677} INFO - Setting next_dagrun for example_kubernetes_executor to None, run_after=None
[2023-08-24T04:22:05.866+0000] {processor.py:179} INFO - Processing /usr/local/lib/python3.8/dist-packages/airflow/example_dags/example_kubernetes_executor.py took 0.438 seconds
[2023-08-24T04:31:19.659+0000] {processor.py:157} INFO - Started process (PID=41480) to work on /usr/local/lib/python3.8/dist-packages/airflow/example_dags/example_kubernetes_executor.py
[2023-08-24T04:31:19.662+0000] {processor.py:829} INFO - Processing file /usr/local/lib/python3.8/dist-packages/airflow/example_dags/example_kubernetes_executor.py for tasks to queue
[2023-08-24T04:31:19.663+0000] {logging_mixin.py:151} INFO - [2023-08-24T04:31:19.662+0000] {dagbag.py:539} INFO - Filling up the DagBag from /usr/local/lib/python3.8/dist-packages/airflow/example_dags/example_kubernetes_executor.py
[2023-08-24T04:31:19.962+0000] {processor.py:839} INFO - DAG(s) dict_keys(['example_kubernetes_executor']) retrieved from /usr/local/lib/python3.8/dist-packages/airflow/example_dags/example_kubernetes_executor.py
[2023-08-24T04:31:19.989+0000] {logging_mixin.py:151} INFO - [2023-08-24T04:31:19.988+0000] {dag.py:2907} INFO - Sync 1 DAGs
[2023-08-24T04:31:19.997+0000] {logging_mixin.py:151} INFO - [2023-08-24T04:31:19.997+0000] {dag.py:3677} INFO - Setting next_dagrun for example_kubernetes_executor to None, run_after=None
[2023-08-24T04:31:20.014+0000] {processor.py:179} INFO - Processing /usr/local/lib/python3.8/dist-packages/airflow/example_dags/example_kubernetes_executor.py took 0.359 seconds
[2023-08-24T04:32:20.534+0000] {processor.py:157} INFO - Started process (PID=41678) to work on /usr/local/lib/python3.8/dist-packages/airflow/example_dags/example_kubernetes_executor.py
[2023-08-24T04:32:20.536+0000] {processor.py:829} INFO - Processing file /usr/local/lib/python3.8/dist-packages/airflow/example_dags/example_kubernetes_executor.py for tasks to queue
[2023-08-24T04:32:20.537+0000] {logging_mixin.py:151} INFO - [2023-08-24T04:32:20.536+0000] {dagbag.py:539} INFO - Filling up the DagBag from /usr/local/lib/python3.8/dist-packages/airflow/example_dags/example_kubernetes_executor.py
[2023-08-24T04:32:20.809+0000] {processor.py:839} INFO - DAG(s) dict_keys(['example_kubernetes_executor']) retrieved from /usr/local/lib/python3.8/dist-packages/airflow/example_dags/example_kubernetes_executor.py
[2023-08-24T04:32:20.834+0000] {logging_mixin.py:151} INFO - [2023-08-24T04:32:20.834+0000] {dag.py:2907} INFO - Sync 1 DAGs
[2023-08-24T04:32:20.842+0000] {logging_mixin.py:151} INFO - [2023-08-24T04:32:20.842+0000] {dag.py:3677} INFO - Setting next_dagrun for example_kubernetes_executor to None, run_after=None
[2023-08-24T04:32:20.858+0000] {processor.py:179} INFO - Processing /usr/local/lib/python3.8/dist-packages/airflow/example_dags/example_kubernetes_executor.py took 0.327 seconds
[2023-08-24T04:33:18.412+0000] {processor.py:157} INFO - Started process (PID=41869) to work on /usr/local/lib/python3.8/dist-packages/airflow/example_dags/example_kubernetes_executor.py
[2023-08-24T04:33:18.413+0000] {processor.py:829} INFO - Processing file /usr/local/lib/python3.8/dist-packages/airflow/example_dags/example_kubernetes_executor.py for tasks to queue
[2023-08-24T04:33:18.414+0000] {logging_mixin.py:151} INFO - [2023-08-24T04:33:18.414+0000] {dagbag.py:539} INFO - Filling up the DagBag from /usr/local/lib/python3.8/dist-packages/airflow/example_dags/example_kubernetes_executor.py
[2023-08-24T04:33:18.720+0000] {processor.py:839} INFO - DAG(s) dict_keys(['example_kubernetes_executor']) retrieved from /usr/local/lib/python3.8/dist-packages/airflow/example_dags/example_kubernetes_executor.py
[2023-08-24T04:33:18.747+0000] {logging_mixin.py:151} INFO - [2023-08-24T04:33:18.747+0000] {dag.py:2907} INFO - Sync 1 DAGs
[2023-08-24T04:33:18.755+0000] {logging_mixin.py:151} INFO - [2023-08-24T04:33:18.755+0000] {dag.py:3677} INFO - Setting next_dagrun for example_kubernetes_executor to None, run_after=None
[2023-08-24T04:33:18.772+0000] {processor.py:179} INFO - Processing /usr/local/lib/python3.8/dist-packages/airflow/example_dags/example_kubernetes_executor.py took 0.364 seconds
[2023-08-24T04:34:17.526+0000] {processor.py:157} INFO - Started process (PID=42052) to work on /usr/local/lib/python3.8/dist-packages/airflow/example_dags/example_kubernetes_executor.py
[2023-08-24T04:34:17.527+0000] {processor.py:829} INFO - Processing file /usr/local/lib/python3.8/dist-packages/airflow/example_dags/example_kubernetes_executor.py for tasks to queue
[2023-08-24T04:34:17.528+0000] {logging_mixin.py:151} INFO - [2023-08-24T04:34:17.528+0000] {dagbag.py:539} INFO - Filling up the DagBag from /usr/local/lib/python3.8/dist-packages/airflow/example_dags/example_kubernetes_executor.py
[2023-08-24T04:34:17.803+0000] {processor.py:839} INFO - DAG(s) dict_keys(['example_kubernetes_executor']) retrieved from /usr/local/lib/python3.8/dist-packages/airflow/example_dags/example_kubernetes_executor.py
[2023-08-24T04:34:17.827+0000] {logging_mixin.py:151} INFO - [2023-08-24T04:34:17.827+0000] {dag.py:2907} INFO - Sync 1 DAGs
[2023-08-24T04:34:17.836+0000] {logging_mixin.py:151} INFO - [2023-08-24T04:34:17.836+0000] {dag.py:3677} INFO - Setting next_dagrun for example_kubernetes_executor to None, run_after=None
[2023-08-24T04:34:17.851+0000] {processor.py:179} INFO - Processing /usr/local/lib/python3.8/dist-packages/airflow/example_dags/example_kubernetes_executor.py took 0.329 seconds
[2023-08-24T04:35:17.856+0000] {processor.py:157} INFO - Started process (PID=42248) to work on /usr/local/lib/python3.8/dist-packages/airflow/example_dags/example_kubernetes_executor.py
[2023-08-24T04:35:17.857+0000] {processor.py:829} INFO - Processing file /usr/local/lib/python3.8/dist-packages/airflow/example_dags/example_kubernetes_executor.py for tasks to queue
[2023-08-24T04:35:17.858+0000] {logging_mixin.py:151} INFO - [2023-08-24T04:35:17.858+0000] {dagbag.py:539} INFO - Filling up the DagBag from /usr/local/lib/python3.8/dist-packages/airflow/example_dags/example_kubernetes_executor.py
[2023-08-24T04:35:18.147+0000] {processor.py:839} INFO - DAG(s) dict_keys(['example_kubernetes_executor']) retrieved from /usr/local/lib/python3.8/dist-packages/airflow/example_dags/example_kubernetes_executor.py
[2023-08-24T04:35:18.172+0000] {logging_mixin.py:151} INFO - [2023-08-24T04:35:18.172+0000] {dag.py:2907} INFO - Sync 1 DAGs
[2023-08-24T04:35:18.180+0000] {logging_mixin.py:151} INFO - [2023-08-24T04:35:18.180+0000] {dag.py:3677} INFO - Setting next_dagrun for example_kubernetes_executor to None, run_after=None
[2023-08-24T04:35:18.197+0000] {processor.py:179} INFO - Processing /usr/local/lib/python3.8/dist-packages/airflow/example_dags/example_kubernetes_executor.py took 0.345 seconds
[2023-08-24T04:36:16.132+0000] {processor.py:157} INFO - Started process (PID=42444) to work on /usr/local/lib/python3.8/dist-packages/airflow/example_dags/example_kubernetes_executor.py
[2023-08-24T04:36:16.133+0000] {processor.py:829} INFO - Processing file /usr/local/lib/python3.8/dist-packages/airflow/example_dags/example_kubernetes_executor.py for tasks to queue
[2023-08-24T04:36:16.134+0000] {logging_mixin.py:151} INFO - [2023-08-24T04:36:16.134+0000] {dagbag.py:539} INFO - Filling up the DagBag from /usr/local/lib/python3.8/dist-packages/airflow/example_dags/example_kubernetes_executor.py
[2023-08-24T04:36:16.410+0000] {processor.py:839} INFO - DAG(s) dict_keys(['example_kubernetes_executor']) retrieved from /usr/local/lib/python3.8/dist-packages/airflow/example_dags/example_kubernetes_executor.py
[2023-08-24T04:36:16.434+0000] {logging_mixin.py:151} INFO - [2023-08-24T04:36:16.434+0000] {dag.py:2907} INFO - Sync 1 DAGs
[2023-08-24T04:36:16.442+0000] {logging_mixin.py:151} INFO - [2023-08-24T04:36:16.442+0000] {dag.py:3677} INFO - Setting next_dagrun for example_kubernetes_executor to None, run_after=None
[2023-08-24T04:36:16.458+0000] {processor.py:179} INFO - Processing /usr/local/lib/python3.8/dist-packages/airflow/example_dags/example_kubernetes_executor.py took 0.330 seconds
[2023-08-24T04:37:12.621+0000] {processor.py:157} INFO - Started process (PID=42627) to work on /usr/local/lib/python3.8/dist-packages/airflow/example_dags/example_kubernetes_executor.py
[2023-08-24T04:37:12.622+0000] {processor.py:829} INFO - Processing file /usr/local/lib/python3.8/dist-packages/airflow/example_dags/example_kubernetes_executor.py for tasks to queue
[2023-08-24T04:37:12.623+0000] {logging_mixin.py:151} INFO - [2023-08-24T04:37:12.622+0000] {dagbag.py:539} INFO - Filling up the DagBag from /usr/local/lib/python3.8/dist-packages/airflow/example_dags/example_kubernetes_executor.py
[2023-08-24T04:37:12.902+0000] {processor.py:839} INFO - DAG(s) dict_keys(['example_kubernetes_executor']) retrieved from /usr/local/lib/python3.8/dist-packages/airflow/example_dags/example_kubernetes_executor.py
[2023-08-24T04:37:12.927+0000] {logging_mixin.py:151} INFO - [2023-08-24T04:37:12.927+0000] {dag.py:2907} INFO - Sync 1 DAGs
[2023-08-24T04:37:12.935+0000] {logging_mixin.py:151} INFO - [2023-08-24T04:37:12.935+0000] {dag.py:3677} INFO - Setting next_dagrun for example_kubernetes_executor to None, run_after=None
[2023-08-24T04:37:12.955+0000] {processor.py:179} INFO - Processing /usr/local/lib/python3.8/dist-packages/airflow/example_dags/example_kubernetes_executor.py took 0.338 seconds
[2023-08-24T04:38:09.033+0000] {processor.py:157} INFO - Started process (PID=42810) to work on /usr/local/lib/python3.8/dist-packages/airflow/example_dags/example_kubernetes_executor.py
[2023-08-24T04:38:09.034+0000] {processor.py:829} INFO - Processing file /usr/local/lib/python3.8/dist-packages/airflow/example_dags/example_kubernetes_executor.py for tasks to queue
[2023-08-24T04:38:09.035+0000] {logging_mixin.py:151} INFO - [2023-08-24T04:38:09.035+0000] {dagbag.py:539} INFO - Filling up the DagBag from /usr/local/lib/python3.8/dist-packages/airflow/example_dags/example_kubernetes_executor.py
[2023-08-24T04:38:09.309+0000] {processor.py:839} INFO - DAG(s) dict_keys(['example_kubernetes_executor']) retrieved from /usr/local/lib/python3.8/dist-packages/airflow/example_dags/example_kubernetes_executor.py
[2023-08-24T04:38:09.333+0000] {logging_mixin.py:151} INFO - [2023-08-24T04:38:09.333+0000] {dag.py:2907} INFO - Sync 1 DAGs
[2023-08-24T04:38:09.341+0000] {logging_mixin.py:151} INFO - [2023-08-24T04:38:09.341+0000] {dag.py:3677} INFO - Setting next_dagrun for example_kubernetes_executor to None, run_after=None
[2023-08-24T04:38:09.359+0000] {processor.py:179} INFO - Processing /usr/local/lib/python3.8/dist-packages/airflow/example_dags/example_kubernetes_executor.py took 0.330 seconds
[2023-08-24T04:39:10.262+0000] {processor.py:157} INFO - Started process (PID=42995) to work on /usr/local/lib/python3.8/dist-packages/airflow/example_dags/example_kubernetes_executor.py
[2023-08-24T04:39:10.263+0000] {processor.py:829} INFO - Processing file /usr/local/lib/python3.8/dist-packages/airflow/example_dags/example_kubernetes_executor.py for tasks to queue
[2023-08-24T04:39:10.264+0000] {logging_mixin.py:151} INFO - [2023-08-24T04:39:10.264+0000] {dagbag.py:539} INFO - Filling up the DagBag from /usr/local/lib/python3.8/dist-packages/airflow/example_dags/example_kubernetes_executor.py
[2023-08-24T04:39:10.552+0000] {processor.py:839} INFO - DAG(s) dict_keys(['example_kubernetes_executor']) retrieved from /usr/local/lib/python3.8/dist-packages/airflow/example_dags/example_kubernetes_executor.py
[2023-08-24T04:39:10.576+0000] {logging_mixin.py:151} INFO - [2023-08-24T04:39:10.576+0000] {dag.py:2907} INFO - Sync 1 DAGs
[2023-08-24T04:39:10.584+0000] {logging_mixin.py:151} INFO - [2023-08-24T04:39:10.584+0000] {dag.py:3677} INFO - Setting next_dagrun for example_kubernetes_executor to None, run_after=None
[2023-08-24T04:39:10.600+0000] {processor.py:179} INFO - Processing /usr/local/lib/python3.8/dist-packages/airflow/example_dags/example_kubernetes_executor.py took 0.342 seconds
[2023-08-24T04:40:10.536+0000] {processor.py:157} INFO - Started process (PID=43191) to work on /usr/local/lib/python3.8/dist-packages/airflow/example_dags/example_kubernetes_executor.py
[2023-08-24T04:40:10.537+0000] {processor.py:829} INFO - Processing file /usr/local/lib/python3.8/dist-packages/airflow/example_dags/example_kubernetes_executor.py for tasks to queue
[2023-08-24T04:40:10.538+0000] {logging_mixin.py:151} INFO - [2023-08-24T04:40:10.538+0000] {dagbag.py:539} INFO - Filling up the DagBag from /usr/local/lib/python3.8/dist-packages/airflow/example_dags/example_kubernetes_executor.py
[2023-08-24T04:40:10.818+0000] {processor.py:839} INFO - DAG(s) dict_keys(['example_kubernetes_executor']) retrieved from /usr/local/lib/python3.8/dist-packages/airflow/example_dags/example_kubernetes_executor.py
[2023-08-24T04:40:10.844+0000] {logging_mixin.py:151} INFO - [2023-08-24T04:40:10.843+0000] {dag.py:2907} INFO - Sync 1 DAGs
[2023-08-24T04:40:10.852+0000] {logging_mixin.py:151} INFO - [2023-08-24T04:40:10.852+0000] {dag.py:3677} INFO - Setting next_dagrun for example_kubernetes_executor to None, run_after=None
[2023-08-24T04:40:10.868+0000] {processor.py:179} INFO - Processing /usr/local/lib/python3.8/dist-packages/airflow/example_dags/example_kubernetes_executor.py took 0.336 seconds
[2023-08-24T04:41:11.218+0000] {processor.py:157} INFO - Started process (PID=43375) to work on /usr/local/lib/python3.8/dist-packages/airflow/example_dags/example_kubernetes_executor.py
[2023-08-24T04:41:11.220+0000] {processor.py:829} INFO - Processing file /usr/local/lib/python3.8/dist-packages/airflow/example_dags/example_kubernetes_executor.py for tasks to queue
[2023-08-24T04:41:11.221+0000] {logging_mixin.py:151} INFO - [2023-08-24T04:41:11.221+0000] {dagbag.py:539} INFO - Filling up the DagBag from /usr/local/lib/python3.8/dist-packages/airflow/example_dags/example_kubernetes_executor.py
[2023-08-24T04:41:11.519+0000] {processor.py:839} INFO - DAG(s) dict_keys(['example_kubernetes_executor']) retrieved from /usr/local/lib/python3.8/dist-packages/airflow/example_dags/example_kubernetes_executor.py
[2023-08-24T04:41:11.545+0000] {logging_mixin.py:151} INFO - [2023-08-24T04:41:11.545+0000] {dag.py:2907} INFO - Sync 1 DAGs
[2023-08-24T04:41:11.553+0000] {logging_mixin.py:151} INFO - [2023-08-24T04:41:11.553+0000] {dag.py:3677} INFO - Setting next_dagrun for example_kubernetes_executor to None, run_after=None
[2023-08-24T04:41:11.571+0000] {processor.py:179} INFO - Processing /usr/local/lib/python3.8/dist-packages/airflow/example_dags/example_kubernetes_executor.py took 0.357 seconds
[2023-08-24T04:42:10.373+0000] {processor.py:157} INFO - Started process (PID=43559) to work on /usr/local/lib/python3.8/dist-packages/airflow/example_dags/example_kubernetes_executor.py
[2023-08-24T04:42:10.376+0000] {processor.py:829} INFO - Processing file /usr/local/lib/python3.8/dist-packages/airflow/example_dags/example_kubernetes_executor.py for tasks to queue
[2023-08-24T04:42:10.377+0000] {logging_mixin.py:151} INFO - [2023-08-24T04:42:10.377+0000] {dagbag.py:539} INFO - Filling up the DagBag from /usr/local/lib/python3.8/dist-packages/airflow/example_dags/example_kubernetes_executor.py
[2023-08-24T04:42:10.650+0000] {processor.py:839} INFO - DAG(s) dict_keys(['example_kubernetes_executor']) retrieved from /usr/local/lib/python3.8/dist-packages/airflow/example_dags/example_kubernetes_executor.py
[2023-08-24T04:42:10.673+0000] {logging_mixin.py:151} INFO - [2023-08-24T04:42:10.673+0000] {dag.py:2907} INFO - Sync 1 DAGs
[2023-08-24T04:42:10.682+0000] {logging_mixin.py:151} INFO - [2023-08-24T04:42:10.682+0000] {dag.py:3677} INFO - Setting next_dagrun for example_kubernetes_executor to None, run_after=None
[2023-08-24T04:42:10.698+0000] {processor.py:179} INFO - Processing /usr/local/lib/python3.8/dist-packages/airflow/example_dags/example_kubernetes_executor.py took 0.329 seconds
[2023-08-24T04:43:09.634+0000] {processor.py:157} INFO - Started process (PID=43746) to work on /usr/local/lib/python3.8/dist-packages/airflow/example_dags/example_kubernetes_executor.py
[2023-08-24T04:43:09.636+0000] {processor.py:829} INFO - Processing file /usr/local/lib/python3.8/dist-packages/airflow/example_dags/example_kubernetes_executor.py for tasks to queue
[2023-08-24T04:43:09.637+0000] {logging_mixin.py:151} INFO - [2023-08-24T04:43:09.636+0000] {dagbag.py:539} INFO - Filling up the DagBag from /usr/local/lib/python3.8/dist-packages/airflow/example_dags/example_kubernetes_executor.py
[2023-08-24T04:43:09.939+0000] {processor.py:839} INFO - DAG(s) dict_keys(['example_kubernetes_executor']) retrieved from /usr/local/lib/python3.8/dist-packages/airflow/example_dags/example_kubernetes_executor.py
[2023-08-24T04:43:09.964+0000] {logging_mixin.py:151} INFO - [2023-08-24T04:43:09.964+0000] {dag.py:2907} INFO - Sync 1 DAGs
[2023-08-24T04:43:09.973+0000] {logging_mixin.py:151} INFO - [2023-08-24T04:43:09.973+0000] {dag.py:3677} INFO - Setting next_dagrun for example_kubernetes_executor to None, run_after=None
[2023-08-24T04:43:09.990+0000] {processor.py:179} INFO - Processing /usr/local/lib/python3.8/dist-packages/airflow/example_dags/example_kubernetes_executor.py took 0.361 seconds
[2023-08-24T04:44:10.398+0000] {processor.py:157} INFO - Started process (PID=43930) to work on /usr/local/lib/python3.8/dist-packages/airflow/example_dags/example_kubernetes_executor.py
[2023-08-24T04:44:10.401+0000] {processor.py:829} INFO - Processing file /usr/local/lib/python3.8/dist-packages/airflow/example_dags/example_kubernetes_executor.py for tasks to queue
[2023-08-24T04:44:10.402+0000] {logging_mixin.py:151} INFO - [2023-08-24T04:44:10.401+0000] {dagbag.py:539} INFO - Filling up the DagBag from /usr/local/lib/python3.8/dist-packages/airflow/example_dags/example_kubernetes_executor.py
[2023-08-24T04:44:10.676+0000] {processor.py:839} INFO - DAG(s) dict_keys(['example_kubernetes_executor']) retrieved from /usr/local/lib/python3.8/dist-packages/airflow/example_dags/example_kubernetes_executor.py
[2023-08-24T04:44:10.700+0000] {logging_mixin.py:151} INFO - [2023-08-24T04:44:10.700+0000] {dag.py:2907} INFO - Sync 1 DAGs
[2023-08-24T04:44:10.708+0000] {logging_mixin.py:151} INFO - [2023-08-24T04:44:10.708+0000] {dag.py:3677} INFO - Setting next_dagrun for example_kubernetes_executor to None, run_after=None
[2023-08-24T04:44:10.725+0000] {processor.py:179} INFO - Processing /usr/local/lib/python3.8/dist-packages/airflow/example_dags/example_kubernetes_executor.py took 0.331 seconds
[2023-08-24T04:45:11.459+0000] {processor.py:157} INFO - Started process (PID=44115) to work on /usr/local/lib/python3.8/dist-packages/airflow/example_dags/example_kubernetes_executor.py
[2023-08-24T04:45:11.462+0000] {processor.py:829} INFO - Processing file /usr/local/lib/python3.8/dist-packages/airflow/example_dags/example_kubernetes_executor.py for tasks to queue
[2023-08-24T04:45:11.463+0000] {logging_mixin.py:151} INFO - [2023-08-24T04:45:11.463+0000] {dagbag.py:539} INFO - Filling up the DagBag from /usr/local/lib/python3.8/dist-packages/airflow/example_dags/example_kubernetes_executor.py
[2023-08-24T04:45:11.739+0000] {processor.py:839} INFO - DAG(s) dict_keys(['example_kubernetes_executor']) retrieved from /usr/local/lib/python3.8/dist-packages/airflow/example_dags/example_kubernetes_executor.py
[2023-08-24T04:45:11.764+0000] {logging_mixin.py:151} INFO - [2023-08-24T04:45:11.764+0000] {dag.py:2907} INFO - Sync 1 DAGs
[2023-08-24T04:45:11.772+0000] {logging_mixin.py:151} INFO - [2023-08-24T04:45:11.772+0000] {dag.py:3677} INFO - Setting next_dagrun for example_kubernetes_executor to None, run_after=None
[2023-08-24T04:45:11.789+0000] {processor.py:179} INFO - Processing /usr/local/lib/python3.8/dist-packages/airflow/example_dags/example_kubernetes_executor.py took 0.333 seconds
[2023-08-24T04:46:13.037+0000] {processor.py:157} INFO - Started process (PID=44298) to work on /usr/local/lib/python3.8/dist-packages/airflow/example_dags/example_kubernetes_executor.py
[2023-08-24T04:46:13.039+0000] {processor.py:829} INFO - Processing file /usr/local/lib/python3.8/dist-packages/airflow/example_dags/example_kubernetes_executor.py for tasks to queue
[2023-08-24T04:46:13.040+0000] {logging_mixin.py:151} INFO - [2023-08-24T04:46:13.039+0000] {dagbag.py:539} INFO - Filling up the DagBag from /usr/local/lib/python3.8/dist-packages/airflow/example_dags/example_kubernetes_executor.py
[2023-08-24T04:46:13.327+0000] {processor.py:839} INFO - DAG(s) dict_keys(['example_kubernetes_executor']) retrieved from /usr/local/lib/python3.8/dist-packages/airflow/example_dags/example_kubernetes_executor.py
[2023-08-24T04:46:13.352+0000] {logging_mixin.py:151} INFO - [2023-08-24T04:46:13.352+0000] {dag.py:2907} INFO - Sync 1 DAGs
[2023-08-24T04:46:13.361+0000] {logging_mixin.py:151} INFO - [2023-08-24T04:46:13.361+0000] {dag.py:3677} INFO - Setting next_dagrun for example_kubernetes_executor to None, run_after=None
[2023-08-24T04:46:13.379+0000] {processor.py:179} INFO - Processing /usr/local/lib/python3.8/dist-packages/airflow/example_dags/example_kubernetes_executor.py took 0.345 seconds
[2023-08-24T04:47:15.742+0000] {processor.py:157} INFO - Started process (PID=44481) to work on /usr/local/lib/python3.8/dist-packages/airflow/example_dags/example_kubernetes_executor.py
[2023-08-24T04:47:15.744+0000] {processor.py:829} INFO - Processing file /usr/local/lib/python3.8/dist-packages/airflow/example_dags/example_kubernetes_executor.py for tasks to queue
[2023-08-24T04:47:15.745+0000] {logging_mixin.py:151} INFO - [2023-08-24T04:47:15.745+0000] {dagbag.py:539} INFO - Filling up the DagBag from /usr/local/lib/python3.8/dist-packages/airflow/example_dags/example_kubernetes_executor.py
[2023-08-24T04:47:16.016+0000] {processor.py:839} INFO - DAG(s) dict_keys(['example_kubernetes_executor']) retrieved from /usr/local/lib/python3.8/dist-packages/airflow/example_dags/example_kubernetes_executor.py
[2023-08-24T04:47:16.040+0000] {logging_mixin.py:151} INFO - [2023-08-24T04:47:16.040+0000] {dag.py:2907} INFO - Sync 1 DAGs
[2023-08-24T04:47:16.048+0000] {logging_mixin.py:151} INFO - [2023-08-24T04:47:16.048+0000] {dag.py:3677} INFO - Setting next_dagrun for example_kubernetes_executor to None, run_after=None
[2023-08-24T04:47:16.064+0000] {processor.py:179} INFO - Processing /usr/local/lib/python3.8/dist-packages/airflow/example_dags/example_kubernetes_executor.py took 0.326 seconds
[2023-08-24T04:48:16.613+0000] {processor.py:157} INFO - Started process (PID=44665) to work on /usr/local/lib/python3.8/dist-packages/airflow/example_dags/example_kubernetes_executor.py
[2023-08-24T04:48:16.614+0000] {processor.py:829} INFO - Processing file /usr/local/lib/python3.8/dist-packages/airflow/example_dags/example_kubernetes_executor.py for tasks to queue
[2023-08-24T04:48:16.615+0000] {logging_mixin.py:151} INFO - [2023-08-24T04:48:16.615+0000] {dagbag.py:539} INFO - Filling up the DagBag from /usr/local/lib/python3.8/dist-packages/airflow/example_dags/example_kubernetes_executor.py
[2023-08-24T04:48:16.902+0000] {processor.py:839} INFO - DAG(s) dict_keys(['example_kubernetes_executor']) retrieved from /usr/local/lib/python3.8/dist-packages/airflow/example_dags/example_kubernetes_executor.py
[2023-08-24T04:48:16.927+0000] {logging_mixin.py:151} INFO - [2023-08-24T04:48:16.927+0000] {dag.py:2907} INFO - Sync 1 DAGs
[2023-08-24T04:48:16.935+0000] {logging_mixin.py:151} INFO - [2023-08-24T04:48:16.935+0000] {dag.py:3677} INFO - Setting next_dagrun for example_kubernetes_executor to None, run_after=None
[2023-08-24T04:48:16.951+0000] {processor.py:179} INFO - Processing /usr/local/lib/python3.8/dist-packages/airflow/example_dags/example_kubernetes_executor.py took 0.342 seconds
[2023-08-24T04:49:19.537+0000] {processor.py:157} INFO - Started process (PID=44848) to work on /usr/local/lib/python3.8/dist-packages/airflow/example_dags/example_kubernetes_executor.py
[2023-08-24T04:49:19.539+0000] {processor.py:829} INFO - Processing file /usr/local/lib/python3.8/dist-packages/airflow/example_dags/example_kubernetes_executor.py for tasks to queue
[2023-08-24T04:49:19.540+0000] {logging_mixin.py:151} INFO - [2023-08-24T04:49:19.539+0000] {dagbag.py:539} INFO - Filling up the DagBag from /usr/local/lib/python3.8/dist-packages/airflow/example_dags/example_kubernetes_executor.py
[2023-08-24T04:49:19.834+0000] {processor.py:839} INFO - DAG(s) dict_keys(['example_kubernetes_executor']) retrieved from /usr/local/lib/python3.8/dist-packages/airflow/example_dags/example_kubernetes_executor.py
[2023-08-24T04:49:19.861+0000] {logging_mixin.py:151} INFO - [2023-08-24T04:49:19.861+0000] {dag.py:2907} INFO - Sync 1 DAGs
[2023-08-24T04:49:19.869+0000] {logging_mixin.py:151} INFO - [2023-08-24T04:49:19.869+0000] {dag.py:3677} INFO - Setting next_dagrun for example_kubernetes_executor to None, run_after=None
[2023-08-24T04:49:19.886+0000] {processor.py:179} INFO - Processing /usr/local/lib/python3.8/dist-packages/airflow/example_dags/example_kubernetes_executor.py took 0.353 seconds
[2023-08-24T04:50:17.811+0000] {processor.py:157} INFO - Started process (PID=45033) to work on /usr/local/lib/python3.8/dist-packages/airflow/example_dags/example_kubernetes_executor.py
[2023-08-24T04:50:17.812+0000] {processor.py:829} INFO - Processing file /usr/local/lib/python3.8/dist-packages/airflow/example_dags/example_kubernetes_executor.py for tasks to queue
[2023-08-24T04:50:17.813+0000] {logging_mixin.py:151} INFO - [2023-08-24T04:50:17.813+0000] {dagbag.py:539} INFO - Filling up the DagBag from /usr/local/lib/python3.8/dist-packages/airflow/example_dags/example_kubernetes_executor.py
[2023-08-24T04:50:18.102+0000] {processor.py:839} INFO - DAG(s) dict_keys(['example_kubernetes_executor']) retrieved from /usr/local/lib/python3.8/dist-packages/airflow/example_dags/example_kubernetes_executor.py
[2023-08-24T04:50:18.127+0000] {logging_mixin.py:151} INFO - [2023-08-24T04:50:18.127+0000] {dag.py:2907} INFO - Sync 1 DAGs
[2023-08-24T04:50:18.135+0000] {logging_mixin.py:151} INFO - [2023-08-24T04:50:18.135+0000] {dag.py:3677} INFO - Setting next_dagrun for example_kubernetes_executor to None, run_after=None
[2023-08-24T04:50:18.152+0000] {processor.py:179} INFO - Processing /usr/local/lib/python3.8/dist-packages/airflow/example_dags/example_kubernetes_executor.py took 0.345 seconds
[2023-08-24T04:51:16.236+0000] {processor.py:157} INFO - Started process (PID=45215) to work on /usr/local/lib/python3.8/dist-packages/airflow/example_dags/example_kubernetes_executor.py
[2023-08-24T04:51:16.240+0000] {processor.py:829} INFO - Processing file /usr/local/lib/python3.8/dist-packages/airflow/example_dags/example_kubernetes_executor.py for tasks to queue
[2023-08-24T04:51:16.241+0000] {logging_mixin.py:151} INFO - [2023-08-24T04:51:16.241+0000] {dagbag.py:539} INFO - Filling up the DagBag from /usr/local/lib/python3.8/dist-packages/airflow/example_dags/example_kubernetes_executor.py
[2023-08-24T04:51:16.513+0000] {processor.py:839} INFO - DAG(s) dict_keys(['example_kubernetes_executor']) retrieved from /usr/local/lib/python3.8/dist-packages/airflow/example_dags/example_kubernetes_executor.py
[2023-08-24T04:51:16.536+0000] {logging_mixin.py:151} INFO - [2023-08-24T04:51:16.536+0000] {dag.py:2907} INFO - Sync 1 DAGs
[2023-08-24T04:51:16.544+0000] {logging_mixin.py:151} INFO - [2023-08-24T04:51:16.544+0000] {dag.py:3677} INFO - Setting next_dagrun for example_kubernetes_executor to None, run_after=None
[2023-08-24T04:51:16.562+0000] {processor.py:179} INFO - Processing /usr/local/lib/python3.8/dist-packages/airflow/example_dags/example_kubernetes_executor.py took 0.329 seconds
[2023-08-24T04:52:18.347+0000] {processor.py:157} INFO - Started process (PID=45398) to work on /usr/local/lib/python3.8/dist-packages/airflow/example_dags/example_kubernetes_executor.py
[2023-08-24T04:52:18.348+0000] {processor.py:829} INFO - Processing file /usr/local/lib/python3.8/dist-packages/airflow/example_dags/example_kubernetes_executor.py for tasks to queue
[2023-08-24T04:52:18.349+0000] {logging_mixin.py:151} INFO - [2023-08-24T04:52:18.349+0000] {dagbag.py:539} INFO - Filling up the DagBag from /usr/local/lib/python3.8/dist-packages/airflow/example_dags/example_kubernetes_executor.py
[2023-08-24T04:52:18.628+0000] {processor.py:839} INFO - DAG(s) dict_keys(['example_kubernetes_executor']) retrieved from /usr/local/lib/python3.8/dist-packages/airflow/example_dags/example_kubernetes_executor.py
[2023-08-24T04:52:18.653+0000] {logging_mixin.py:151} INFO - [2023-08-24T04:52:18.653+0000] {dag.py:2907} INFO - Sync 1 DAGs
[2023-08-24T04:52:18.661+0000] {logging_mixin.py:151} INFO - [2023-08-24T04:52:18.661+0000] {dag.py:3677} INFO - Setting next_dagrun for example_kubernetes_executor to None, run_after=None
[2023-08-24T04:52:18.677+0000] {processor.py:179} INFO - Processing /usr/local/lib/python3.8/dist-packages/airflow/example_dags/example_kubernetes_executor.py took 0.334 seconds
[2023-08-24T04:53:19.988+0000] {processor.py:157} INFO - Started process (PID=45587) to work on /usr/local/lib/python3.8/dist-packages/airflow/example_dags/example_kubernetes_executor.py
[2023-08-24T04:53:19.989+0000] {processor.py:829} INFO - Processing file /usr/local/lib/python3.8/dist-packages/airflow/example_dags/example_kubernetes_executor.py for tasks to queue
[2023-08-24T04:53:19.990+0000] {logging_mixin.py:151} INFO - [2023-08-24T04:53:19.990+0000] {dagbag.py:539} INFO - Filling up the DagBag from /usr/local/lib/python3.8/dist-packages/airflow/example_dags/example_kubernetes_executor.py
[2023-08-24T04:53:20.275+0000] {processor.py:839} INFO - DAG(s) dict_keys(['example_kubernetes_executor']) retrieved from /usr/local/lib/python3.8/dist-packages/airflow/example_dags/example_kubernetes_executor.py
[2023-08-24T04:53:20.300+0000] {logging_mixin.py:151} INFO - [2023-08-24T04:53:20.300+0000] {dag.py:2907} INFO - Sync 1 DAGs
[2023-08-24T04:53:20.308+0000] {logging_mixin.py:151} INFO - [2023-08-24T04:53:20.307+0000] {dag.py:3677} INFO - Setting next_dagrun for example_kubernetes_executor to None, run_after=None
[2023-08-24T04:53:20.324+0000] {processor.py:179} INFO - Processing /usr/local/lib/python3.8/dist-packages/airflow/example_dags/example_kubernetes_executor.py took 0.339 seconds
[2023-08-24T04:54:21.255+0000] {processor.py:157} INFO - Started process (PID=45770) to work on /usr/local/lib/python3.8/dist-packages/airflow/example_dags/example_kubernetes_executor.py
[2023-08-24T04:54:21.257+0000] {processor.py:829} INFO - Processing file /usr/local/lib/python3.8/dist-packages/airflow/example_dags/example_kubernetes_executor.py for tasks to queue
[2023-08-24T04:54:21.258+0000] {logging_mixin.py:151} INFO - [2023-08-24T04:54:21.257+0000] {dagbag.py:539} INFO - Filling up the DagBag from /usr/local/lib/python3.8/dist-packages/airflow/example_dags/example_kubernetes_executor.py
[2023-08-24T04:54:21.552+0000] {processor.py:839} INFO - DAG(s) dict_keys(['example_kubernetes_executor']) retrieved from /usr/local/lib/python3.8/dist-packages/airflow/example_dags/example_kubernetes_executor.py
[2023-08-24T04:54:21.578+0000] {logging_mixin.py:151} INFO - [2023-08-24T04:54:21.578+0000] {dag.py:2907} INFO - Sync 1 DAGs
[2023-08-24T04:54:21.587+0000] {logging_mixin.py:151} INFO - [2023-08-24T04:54:21.586+0000] {dag.py:3677} INFO - Setting next_dagrun for example_kubernetes_executor to None, run_after=None
[2023-08-24T04:54:21.604+0000] {processor.py:179} INFO - Processing /usr/local/lib/python3.8/dist-packages/airflow/example_dags/example_kubernetes_executor.py took 0.352 seconds
[2023-08-24T04:55:21.728+0000] {processor.py:157} INFO - Started process (PID=45953) to work on /usr/local/lib/python3.8/dist-packages/airflow/example_dags/example_kubernetes_executor.py
[2023-08-24T04:55:21.729+0000] {processor.py:829} INFO - Processing file /usr/local/lib/python3.8/dist-packages/airflow/example_dags/example_kubernetes_executor.py for tasks to queue
[2023-08-24T04:55:21.730+0000] {logging_mixin.py:151} INFO - [2023-08-24T04:55:21.730+0000] {dagbag.py:539} INFO - Filling up the DagBag from /usr/local/lib/python3.8/dist-packages/airflow/example_dags/example_kubernetes_executor.py
[2023-08-24T04:55:22.019+0000] {processor.py:839} INFO - DAG(s) dict_keys(['example_kubernetes_executor']) retrieved from /usr/local/lib/python3.8/dist-packages/airflow/example_dags/example_kubernetes_executor.py
[2023-08-24T04:55:22.043+0000] {logging_mixin.py:151} INFO - [2023-08-24T04:55:22.043+0000] {dag.py:2907} INFO - Sync 1 DAGs
[2023-08-24T04:55:22.053+0000] {logging_mixin.py:151} INFO - [2023-08-24T04:55:22.052+0000] {dag.py:3677} INFO - Setting next_dagrun for example_kubernetes_executor to None, run_after=None
[2023-08-24T04:55:22.070+0000] {processor.py:179} INFO - Processing /usr/local/lib/python3.8/dist-packages/airflow/example_dags/example_kubernetes_executor.py took 0.345 seconds
[2023-08-24T04:56:26.274+0000] {processor.py:157} INFO - Started process (PID=46141) to work on /usr/local/lib/python3.8/dist-packages/airflow/example_dags/example_kubernetes_executor.py
[2023-08-24T04:56:26.276+0000] {processor.py:829} INFO - Processing file /usr/local/lib/python3.8/dist-packages/airflow/example_dags/example_kubernetes_executor.py for tasks to queue
[2023-08-24T04:56:26.277+0000] {logging_mixin.py:151} INFO - [2023-08-24T04:56:26.276+0000] {dagbag.py:539} INFO - Filling up the DagBag from /usr/local/lib/python3.8/dist-packages/airflow/example_dags/example_kubernetes_executor.py
[2023-08-24T04:56:26.581+0000] {processor.py:839} INFO - DAG(s) dict_keys(['example_kubernetes_executor']) retrieved from /usr/local/lib/python3.8/dist-packages/airflow/example_dags/example_kubernetes_executor.py
[2023-08-24T04:56:26.605+0000] {logging_mixin.py:151} INFO - [2023-08-24T04:56:26.605+0000] {dag.py:2907} INFO - Sync 1 DAGs
[2023-08-24T04:56:26.613+0000] {logging_mixin.py:151} INFO - [2023-08-24T04:56:26.613+0000] {dag.py:3677} INFO - Setting next_dagrun for example_kubernetes_executor to None, run_after=None
[2023-08-24T04:56:26.630+0000] {processor.py:179} INFO - Processing /usr/local/lib/python3.8/dist-packages/airflow/example_dags/example_kubernetes_executor.py took 0.360 seconds
[2023-08-24T04:57:28.161+0000] {processor.py:157} INFO - Started process (PID=46337) to work on /usr/local/lib/python3.8/dist-packages/airflow/example_dags/example_kubernetes_executor.py
[2023-08-24T04:57:28.165+0000] {processor.py:829} INFO - Processing file /usr/local/lib/python3.8/dist-packages/airflow/example_dags/example_kubernetes_executor.py for tasks to queue
[2023-08-24T04:57:28.166+0000] {logging_mixin.py:151} INFO - [2023-08-24T04:57:28.165+0000] {dagbag.py:539} INFO - Filling up the DagBag from /usr/local/lib/python3.8/dist-packages/airflow/example_dags/example_kubernetes_executor.py
[2023-08-24T04:57:28.459+0000] {processor.py:839} INFO - DAG(s) dict_keys(['example_kubernetes_executor']) retrieved from /usr/local/lib/python3.8/dist-packages/airflow/example_dags/example_kubernetes_executor.py
[2023-08-24T04:57:28.485+0000] {logging_mixin.py:151} INFO - [2023-08-24T04:57:28.484+0000] {dag.py:2907} INFO - Sync 1 DAGs
[2023-08-24T04:57:28.493+0000] {logging_mixin.py:151} INFO - [2023-08-24T04:57:28.493+0000] {dag.py:3677} INFO - Setting next_dagrun for example_kubernetes_executor to None, run_after=None
[2023-08-24T04:57:28.510+0000] {processor.py:179} INFO - Processing /usr/local/lib/python3.8/dist-packages/airflow/example_dags/example_kubernetes_executor.py took 0.353 seconds
[2023-08-24T04:58:31.712+0000] {processor.py:157} INFO - Started process (PID=46521) to work on /usr/local/lib/python3.8/dist-packages/airflow/example_dags/example_kubernetes_executor.py
[2023-08-24T04:58:31.715+0000] {processor.py:829} INFO - Processing file /usr/local/lib/python3.8/dist-packages/airflow/example_dags/example_kubernetes_executor.py for tasks to queue
[2023-08-24T04:58:31.716+0000] {logging_mixin.py:151} INFO - [2023-08-24T04:58:31.716+0000] {dagbag.py:539} INFO - Filling up the DagBag from /usr/local/lib/python3.8/dist-packages/airflow/example_dags/example_kubernetes_executor.py
[2023-08-24T04:58:31.983+0000] {processor.py:839} INFO - DAG(s) dict_keys(['example_kubernetes_executor']) retrieved from /usr/local/lib/python3.8/dist-packages/airflow/example_dags/example_kubernetes_executor.py
[2023-08-24T04:58:32.007+0000] {logging_mixin.py:151} INFO - [2023-08-24T04:58:32.007+0000] {dag.py:2907} INFO - Sync 1 DAGs
[2023-08-24T04:58:32.016+0000] {logging_mixin.py:151} INFO - [2023-08-24T04:58:32.015+0000] {dag.py:3677} INFO - Setting next_dagrun for example_kubernetes_executor to None, run_after=None
[2023-08-24T04:58:32.032+0000] {processor.py:179} INFO - Processing /usr/local/lib/python3.8/dist-packages/airflow/example_dags/example_kubernetes_executor.py took 0.323 seconds
[2023-08-24T04:59:37.314+0000] {processor.py:157} INFO - Started process (PID=46704) to work on /usr/local/lib/python3.8/dist-packages/airflow/example_dags/example_kubernetes_executor.py
[2023-08-24T04:59:37.315+0000] {processor.py:829} INFO - Processing file /usr/local/lib/python3.8/dist-packages/airflow/example_dags/example_kubernetes_executor.py for tasks to queue
[2023-08-24T04:59:37.316+0000] {logging_mixin.py:151} INFO - [2023-08-24T04:59:37.316+0000] {dagbag.py:539} INFO - Filling up the DagBag from /usr/local/lib/python3.8/dist-packages/airflow/example_dags/example_kubernetes_executor.py
[2023-08-24T04:59:37.478+0000] {processor.py:839} INFO - DAG(s) dict_keys(['example_kubernetes_executor']) retrieved from /usr/local/lib/python3.8/dist-packages/airflow/example_dags/example_kubernetes_executor.py
[2023-08-24T04:59:37.508+0000] {logging_mixin.py:151} INFO - [2023-08-24T04:59:37.508+0000] {dag.py:2907} INFO - Sync 1 DAGs
[2023-08-24T04:59:37.519+0000] {logging_mixin.py:151} INFO - [2023-08-24T04:59:37.519+0000] {dag.py:3677} INFO - Setting next_dagrun for example_kubernetes_executor to None, run_after=None
[2023-08-24T04:59:37.537+0000] {processor.py:179} INFO - Processing /usr/local/lib/python3.8/dist-packages/airflow/example_dags/example_kubernetes_executor.py took 0.227 seconds
[2023-08-24T05:00:36.279+0000] {processor.py:157} INFO - Started process (PID=46888) to work on /usr/local/lib/python3.8/dist-packages/airflow/example_dags/example_kubernetes_executor.py
[2023-08-24T05:00:36.281+0000] {processor.py:829} INFO - Processing file /usr/local/lib/python3.8/dist-packages/airflow/example_dags/example_kubernetes_executor.py for tasks to queue
[2023-08-24T05:00:36.281+0000] {logging_mixin.py:151} INFO - [2023-08-24T05:00:36.281+0000] {dagbag.py:539} INFO - Filling up the DagBag from /usr/local/lib/python3.8/dist-packages/airflow/example_dags/example_kubernetes_executor.py
[2023-08-24T05:00:36.444+0000] {processor.py:839} INFO - DAG(s) dict_keys(['example_kubernetes_executor']) retrieved from /usr/local/lib/python3.8/dist-packages/airflow/example_dags/example_kubernetes_executor.py
[2023-08-24T05:00:36.472+0000] {logging_mixin.py:151} INFO - [2023-08-24T05:00:36.472+0000] {dag.py:2907} INFO - Sync 1 DAGs
[2023-08-24T05:00:36.484+0000] {logging_mixin.py:151} INFO - [2023-08-24T05:00:36.484+0000] {dag.py:3677} INFO - Setting next_dagrun for example_kubernetes_executor to None, run_after=None
[2023-08-24T05:00:36.502+0000] {processor.py:179} INFO - Processing /usr/local/lib/python3.8/dist-packages/airflow/example_dags/example_kubernetes_executor.py took 0.226 seconds
[2023-08-24T05:01:36.523+0000] {processor.py:157} INFO - Started process (PID=47085) to work on /usr/local/lib/python3.8/dist-packages/airflow/example_dags/example_kubernetes_executor.py
[2023-08-24T05:01:36.525+0000] {processor.py:829} INFO - Processing file /usr/local/lib/python3.8/dist-packages/airflow/example_dags/example_kubernetes_executor.py for tasks to queue
[2023-08-24T05:01:36.526+0000] {logging_mixin.py:151} INFO - [2023-08-24T05:01:36.525+0000] {dagbag.py:539} INFO - Filling up the DagBag from /usr/local/lib/python3.8/dist-packages/airflow/example_dags/example_kubernetes_executor.py
[2023-08-24T05:01:36.684+0000] {processor.py:839} INFO - DAG(s) dict_keys(['example_kubernetes_executor']) retrieved from /usr/local/lib/python3.8/dist-packages/airflow/example_dags/example_kubernetes_executor.py
[2023-08-24T05:01:36.712+0000] {logging_mixin.py:151} INFO - [2023-08-24T05:01:36.712+0000] {dag.py:2907} INFO - Sync 1 DAGs
[2023-08-24T05:01:36.722+0000] {logging_mixin.py:151} INFO - [2023-08-24T05:01:36.722+0000] {dag.py:3677} INFO - Setting next_dagrun for example_kubernetes_executor to None, run_after=None
[2023-08-24T05:01:36.740+0000] {processor.py:179} INFO - Processing /usr/local/lib/python3.8/dist-packages/airflow/example_dags/example_kubernetes_executor.py took 0.221 seconds
[2023-08-24T05:02:36.005+0000] {processor.py:157} INFO - Started process (PID=47271) to work on /usr/local/lib/python3.8/dist-packages/airflow/example_dags/example_kubernetes_executor.py
[2023-08-24T05:02:36.006+0000] {processor.py:829} INFO - Processing file /usr/local/lib/python3.8/dist-packages/airflow/example_dags/example_kubernetes_executor.py for tasks to queue
[2023-08-24T05:02:36.007+0000] {logging_mixin.py:151} INFO - [2023-08-24T05:02:36.007+0000] {dagbag.py:539} INFO - Filling up the DagBag from /usr/local/lib/python3.8/dist-packages/airflow/example_dags/example_kubernetes_executor.py
[2023-08-24T05:02:36.167+0000] {processor.py:839} INFO - DAG(s) dict_keys(['example_kubernetes_executor']) retrieved from /usr/local/lib/python3.8/dist-packages/airflow/example_dags/example_kubernetes_executor.py
[2023-08-24T05:02:36.198+0000] {logging_mixin.py:151} INFO - [2023-08-24T05:02:36.197+0000] {dag.py:2907} INFO - Sync 1 DAGs
[2023-08-24T05:02:36.208+0000] {logging_mixin.py:151} INFO - [2023-08-24T05:02:36.208+0000] {dag.py:3677} INFO - Setting next_dagrun for example_kubernetes_executor to None, run_after=None
[2023-08-24T05:02:36.226+0000] {processor.py:179} INFO - Processing /usr/local/lib/python3.8/dist-packages/airflow/example_dags/example_kubernetes_executor.py took 0.225 seconds
[2023-08-24T05:03:36.815+0000] {processor.py:157} INFO - Started process (PID=47460) to work on /usr/local/lib/python3.8/dist-packages/airflow/example_dags/example_kubernetes_executor.py
[2023-08-24T05:03:36.818+0000] {processor.py:829} INFO - Processing file /usr/local/lib/python3.8/dist-packages/airflow/example_dags/example_kubernetes_executor.py for tasks to queue
[2023-08-24T05:03:36.819+0000] {logging_mixin.py:151} INFO - [2023-08-24T05:03:36.818+0000] {dagbag.py:539} INFO - Filling up the DagBag from /usr/local/lib/python3.8/dist-packages/airflow/example_dags/example_kubernetes_executor.py
[2023-08-24T05:03:36.981+0000] {processor.py:839} INFO - DAG(s) dict_keys(['example_kubernetes_executor']) retrieved from /usr/local/lib/python3.8/dist-packages/airflow/example_dags/example_kubernetes_executor.py
[2023-08-24T05:03:37.012+0000] {logging_mixin.py:151} INFO - [2023-08-24T05:03:37.012+0000] {dag.py:2907} INFO - Sync 1 DAGs
[2023-08-24T05:03:37.023+0000] {logging_mixin.py:151} INFO - [2023-08-24T05:03:37.023+0000] {dag.py:3677} INFO - Setting next_dagrun for example_kubernetes_executor to None, run_after=None
[2023-08-24T05:03:37.041+0000] {processor.py:179} INFO - Processing /usr/local/lib/python3.8/dist-packages/airflow/example_dags/example_kubernetes_executor.py took 0.231 seconds
[2023-08-24T05:04:34.776+0000] {processor.py:157} INFO - Started process (PID=47642) to work on /usr/local/lib/python3.8/dist-packages/airflow/example_dags/example_kubernetes_executor.py
[2023-08-24T05:04:34.777+0000] {processor.py:829} INFO - Processing file /usr/local/lib/python3.8/dist-packages/airflow/example_dags/example_kubernetes_executor.py for tasks to queue
[2023-08-24T05:04:34.778+0000] {logging_mixin.py:151} INFO - [2023-08-24T05:04:34.778+0000] {dagbag.py:539} INFO - Filling up the DagBag from /usr/local/lib/python3.8/dist-packages/airflow/example_dags/example_kubernetes_executor.py
[2023-08-24T05:04:34.939+0000] {processor.py:839} INFO - DAG(s) dict_keys(['example_kubernetes_executor']) retrieved from /usr/local/lib/python3.8/dist-packages/airflow/example_dags/example_kubernetes_executor.py
[2023-08-24T05:04:34.968+0000] {logging_mixin.py:151} INFO - [2023-08-24T05:04:34.968+0000] {dag.py:2907} INFO - Sync 1 DAGs
[2023-08-24T05:04:34.978+0000] {logging_mixin.py:151} INFO - [2023-08-24T05:04:34.978+0000] {dag.py:3677} INFO - Setting next_dagrun for example_kubernetes_executor to None, run_after=None
[2023-08-24T05:04:34.998+0000] {processor.py:179} INFO - Processing /usr/local/lib/python3.8/dist-packages/airflow/example_dags/example_kubernetes_executor.py took 0.226 seconds
[2023-08-24T05:05:34.902+0000] {processor.py:157} INFO - Started process (PID=47838) to work on /usr/local/lib/python3.8/dist-packages/airflow/example_dags/example_kubernetes_executor.py
[2023-08-24T05:05:34.903+0000] {processor.py:829} INFO - Processing file /usr/local/lib/python3.8/dist-packages/airflow/example_dags/example_kubernetes_executor.py for tasks to queue
[2023-08-24T05:05:34.904+0000] {logging_mixin.py:151} INFO - [2023-08-24T05:05:34.904+0000] {dagbag.py:539} INFO - Filling up the DagBag from /usr/local/lib/python3.8/dist-packages/airflow/example_dags/example_kubernetes_executor.py
[2023-08-24T05:05:35.062+0000] {processor.py:839} INFO - DAG(s) dict_keys(['example_kubernetes_executor']) retrieved from /usr/local/lib/python3.8/dist-packages/airflow/example_dags/example_kubernetes_executor.py
[2023-08-24T05:05:35.090+0000] {logging_mixin.py:151} INFO - [2023-08-24T05:05:35.090+0000] {dag.py:2907} INFO - Sync 1 DAGs
[2023-08-24T05:05:35.100+0000] {logging_mixin.py:151} INFO - [2023-08-24T05:05:35.100+0000] {dag.py:3677} INFO - Setting next_dagrun for example_kubernetes_executor to None, run_after=None
[2023-08-24T05:05:35.117+0000] {processor.py:179} INFO - Processing /usr/local/lib/python3.8/dist-packages/airflow/example_dags/example_kubernetes_executor.py took 0.219 seconds
[2023-08-24T05:06:32.654+0000] {processor.py:157} INFO - Started process (PID=48034) to work on /usr/local/lib/python3.8/dist-packages/airflow/example_dags/example_kubernetes_executor.py
[2023-08-24T05:06:32.656+0000] {processor.py:829} INFO - Processing file /usr/local/lib/python3.8/dist-packages/airflow/example_dags/example_kubernetes_executor.py for tasks to queue
[2023-08-24T05:06:32.657+0000] {logging_mixin.py:151} INFO - [2023-08-24T05:06:32.656+0000] {dagbag.py:539} INFO - Filling up the DagBag from /usr/local/lib/python3.8/dist-packages/airflow/example_dags/example_kubernetes_executor.py
[2023-08-24T05:06:32.826+0000] {processor.py:839} INFO - DAG(s) dict_keys(['example_kubernetes_executor']) retrieved from /usr/local/lib/python3.8/dist-packages/airflow/example_dags/example_kubernetes_executor.py
[2023-08-24T05:06:32.855+0000] {logging_mixin.py:151} INFO - [2023-08-24T05:06:32.855+0000] {dag.py:2907} INFO - Sync 1 DAGs
[2023-08-24T05:06:32.865+0000] {logging_mixin.py:151} INFO - [2023-08-24T05:06:32.865+0000] {dag.py:3677} INFO - Setting next_dagrun for example_kubernetes_executor to None, run_after=None
[2023-08-24T05:06:32.883+0000] {processor.py:179} INFO - Processing /usr/local/lib/python3.8/dist-packages/airflow/example_dags/example_kubernetes_executor.py took 0.232 seconds
[2023-08-24T05:07:30.705+0000] {processor.py:157} INFO - Started process (PID=48218) to work on /usr/local/lib/python3.8/dist-packages/airflow/example_dags/example_kubernetes_executor.py
[2023-08-24T05:07:30.706+0000] {processor.py:829} INFO - Processing file /usr/local/lib/python3.8/dist-packages/airflow/example_dags/example_kubernetes_executor.py for tasks to queue
[2023-08-24T05:07:30.707+0000] {logging_mixin.py:151} INFO - [2023-08-24T05:07:30.707+0000] {dagbag.py:539} INFO - Filling up the DagBag from /usr/local/lib/python3.8/dist-packages/airflow/example_dags/example_kubernetes_executor.py
[2023-08-24T05:07:30.867+0000] {processor.py:839} INFO - DAG(s) dict_keys(['example_kubernetes_executor']) retrieved from /usr/local/lib/python3.8/dist-packages/airflow/example_dags/example_kubernetes_executor.py
[2023-08-24T05:07:30.896+0000] {logging_mixin.py:151} INFO - [2023-08-24T05:07:30.896+0000] {dag.py:2907} INFO - Sync 1 DAGs
[2023-08-24T05:07:30.906+0000] {logging_mixin.py:151} INFO - [2023-08-24T05:07:30.906+0000] {dag.py:3677} INFO - Setting next_dagrun for example_kubernetes_executor to None, run_after=None
[2023-08-24T05:07:30.923+0000] {processor.py:179} INFO - Processing /usr/local/lib/python3.8/dist-packages/airflow/example_dags/example_kubernetes_executor.py took 0.222 seconds
[2023-08-24T05:08:30.820+0000] {processor.py:157} INFO - Started process (PID=48404) to work on /usr/local/lib/python3.8/dist-packages/airflow/example_dags/example_kubernetes_executor.py
[2023-08-24T05:08:30.822+0000] {processor.py:829} INFO - Processing file /usr/local/lib/python3.8/dist-packages/airflow/example_dags/example_kubernetes_executor.py for tasks to queue
[2023-08-24T05:08:30.823+0000] {logging_mixin.py:151} INFO - [2023-08-24T05:08:30.822+0000] {dagbag.py:539} INFO - Filling up the DagBag from /usr/local/lib/python3.8/dist-packages/airflow/example_dags/example_kubernetes_executor.py
[2023-08-24T05:08:30.985+0000] {processor.py:839} INFO - DAG(s) dict_keys(['example_kubernetes_executor']) retrieved from /usr/local/lib/python3.8/dist-packages/airflow/example_dags/example_kubernetes_executor.py
[2023-08-24T05:08:31.014+0000] {logging_mixin.py:151} INFO - [2023-08-24T05:08:31.014+0000] {dag.py:2907} INFO - Sync 1 DAGs
[2023-08-24T05:08:31.025+0000] {logging_mixin.py:151} INFO - [2023-08-24T05:08:31.025+0000] {dag.py:3677} INFO - Setting next_dagrun for example_kubernetes_executor to None, run_after=None
[2023-08-24T05:08:31.044+0000] {processor.py:179} INFO - Processing /usr/local/lib/python3.8/dist-packages/airflow/example_dags/example_kubernetes_executor.py took 0.228 seconds
[2023-08-24T05:09:31.290+0000] {processor.py:157} INFO - Started process (PID=48600) to work on /usr/local/lib/python3.8/dist-packages/airflow/example_dags/example_kubernetes_executor.py
[2023-08-24T05:09:31.292+0000] {processor.py:829} INFO - Processing file /usr/local/lib/python3.8/dist-packages/airflow/example_dags/example_kubernetes_executor.py for tasks to queue
[2023-08-24T05:09:31.293+0000] {logging_mixin.py:151} INFO - [2023-08-24T05:09:31.293+0000] {dagbag.py:539} INFO - Filling up the DagBag from /usr/local/lib/python3.8/dist-packages/airflow/example_dags/example_kubernetes_executor.py
[2023-08-24T05:09:31.473+0000] {processor.py:839} INFO - DAG(s) dict_keys(['example_kubernetes_executor']) retrieved from /usr/local/lib/python3.8/dist-packages/airflow/example_dags/example_kubernetes_executor.py
[2023-08-24T05:09:31.504+0000] {logging_mixin.py:151} INFO - [2023-08-24T05:09:31.504+0000] {dag.py:2907} INFO - Sync 1 DAGs
[2023-08-24T05:09:31.514+0000] {logging_mixin.py:151} INFO - [2023-08-24T05:09:31.514+0000] {dag.py:3677} INFO - Setting next_dagrun for example_kubernetes_executor to None, run_after=None
[2023-08-24T05:09:31.534+0000] {processor.py:179} INFO - Processing /usr/local/lib/python3.8/dist-packages/airflow/example_dags/example_kubernetes_executor.py took 0.248 seconds
[2023-08-24T05:10:28.464+0000] {processor.py:157} INFO - Started process (PID=48781) to work on /usr/local/lib/python3.8/dist-packages/airflow/example_dags/example_kubernetes_executor.py
[2023-08-24T05:10:28.465+0000] {processor.py:829} INFO - Processing file /usr/local/lib/python3.8/dist-packages/airflow/example_dags/example_kubernetes_executor.py for tasks to queue
[2023-08-24T05:10:28.466+0000] {logging_mixin.py:151} INFO - [2023-08-24T05:10:28.466+0000] {dagbag.py:539} INFO - Filling up the DagBag from /usr/local/lib/python3.8/dist-packages/airflow/example_dags/example_kubernetes_executor.py
[2023-08-24T05:10:28.624+0000] {processor.py:839} INFO - DAG(s) dict_keys(['example_kubernetes_executor']) retrieved from /usr/local/lib/python3.8/dist-packages/airflow/example_dags/example_kubernetes_executor.py
[2023-08-24T05:10:28.654+0000] {logging_mixin.py:151} INFO - [2023-08-24T05:10:28.654+0000] {dag.py:2907} INFO - Sync 1 DAGs
[2023-08-24T05:10:28.664+0000] {logging_mixin.py:151} INFO - [2023-08-24T05:10:28.664+0000] {dag.py:3677} INFO - Setting next_dagrun for example_kubernetes_executor to None, run_after=None
[2023-08-24T05:10:28.682+0000] {processor.py:179} INFO - Processing /usr/local/lib/python3.8/dist-packages/airflow/example_dags/example_kubernetes_executor.py took 0.222 seconds
[2023-08-24T05:11:44.669+0000] {processor.py:157} INFO - Started process (PID=48937) to work on /usr/local/lib/python3.8/dist-packages/airflow/example_dags/example_kubernetes_executor.py
[2023-08-24T05:11:44.670+0000] {processor.py:829} INFO - Processing file /usr/local/lib/python3.8/dist-packages/airflow/example_dags/example_kubernetes_executor.py for tasks to queue
[2023-08-24T05:11:44.671+0000] {logging_mixin.py:151} INFO - [2023-08-24T05:11:44.671+0000] {dagbag.py:539} INFO - Filling up the DagBag from /usr/local/lib/python3.8/dist-packages/airflow/example_dags/example_kubernetes_executor.py
[2023-08-24T05:11:44.833+0000] {processor.py:839} INFO - DAG(s) dict_keys(['example_kubernetes_executor']) retrieved from /usr/local/lib/python3.8/dist-packages/airflow/example_dags/example_kubernetes_executor.py
[2023-08-24T05:11:44.862+0000] {logging_mixin.py:151} INFO - [2023-08-24T05:11:44.862+0000] {dag.py:2907} INFO - Sync 1 DAGs
[2023-08-24T05:11:44.874+0000] {logging_mixin.py:151} INFO - [2023-08-24T05:11:44.874+0000] {dag.py:3677} INFO - Setting next_dagrun for example_kubernetes_executor to None, run_after=None
[2023-08-24T05:11:44.895+0000] {processor.py:179} INFO - Processing /usr/local/lib/python3.8/dist-packages/airflow/example_dags/example_kubernetes_executor.py took 0.229 seconds
[2023-08-24T05:12:47.220+0000] {processor.py:157} INFO - Started process (PID=49134) to work on /usr/local/lib/python3.8/dist-packages/airflow/example_dags/example_kubernetes_executor.py
[2023-08-24T05:12:47.221+0000] {processor.py:829} INFO - Processing file /usr/local/lib/python3.8/dist-packages/airflow/example_dags/example_kubernetes_executor.py for tasks to queue
[2023-08-24T05:12:47.222+0000] {logging_mixin.py:151} INFO - [2023-08-24T05:12:47.222+0000] {dagbag.py:539} INFO - Filling up the DagBag from /usr/local/lib/python3.8/dist-packages/airflow/example_dags/example_kubernetes_executor.py
[2023-08-24T05:12:47.382+0000] {processor.py:839} INFO - DAG(s) dict_keys(['example_kubernetes_executor']) retrieved from /usr/local/lib/python3.8/dist-packages/airflow/example_dags/example_kubernetes_executor.py
[2023-08-24T05:12:47.412+0000] {logging_mixin.py:151} INFO - [2023-08-24T05:12:47.411+0000] {dag.py:2907} INFO - Sync 1 DAGs
[2023-08-24T05:12:47.422+0000] {logging_mixin.py:151} INFO - [2023-08-24T05:12:47.422+0000] {dag.py:3677} INFO - Setting next_dagrun for example_kubernetes_executor to None, run_after=None
[2023-08-24T05:12:47.440+0000] {processor.py:179} INFO - Processing /usr/local/lib/python3.8/dist-packages/airflow/example_dags/example_kubernetes_executor.py took 0.224 seconds
[2023-08-24T05:13:46.249+0000] {processor.py:157} INFO - Started process (PID=49338) to work on /usr/local/lib/python3.8/dist-packages/airflow/example_dags/example_kubernetes_executor.py
[2023-08-24T05:13:46.250+0000] {processor.py:829} INFO - Processing file /usr/local/lib/python3.8/dist-packages/airflow/example_dags/example_kubernetes_executor.py for tasks to queue
[2023-08-24T05:13:46.251+0000] {logging_mixin.py:151} INFO - [2023-08-24T05:13:46.251+0000] {dagbag.py:539} INFO - Filling up the DagBag from /usr/local/lib/python3.8/dist-packages/airflow/example_dags/example_kubernetes_executor.py
[2023-08-24T05:13:46.409+0000] {processor.py:839} INFO - DAG(s) dict_keys(['example_kubernetes_executor']) retrieved from /usr/local/lib/python3.8/dist-packages/airflow/example_dags/example_kubernetes_executor.py
[2023-08-24T05:13:46.443+0000] {logging_mixin.py:151} INFO - [2023-08-24T05:13:46.443+0000] {dag.py:2907} INFO - Sync 1 DAGs
[2023-08-24T05:13:46.455+0000] {logging_mixin.py:151} INFO - [2023-08-24T05:13:46.454+0000] {dag.py:3677} INFO - Setting next_dagrun for example_kubernetes_executor to None, run_after=None
[2023-08-24T05:13:46.473+0000] {processor.py:179} INFO - Processing /usr/local/lib/python3.8/dist-packages/airflow/example_dags/example_kubernetes_executor.py took 0.228 seconds
