[2023-08-24T04:21:55.284+0000] {processor.py:157} INFO - Started process (PID=37595) to work on /usr/local/lib/python3.8/dist-packages/airflow/example_dags/example_sensor_decorator.py
[2023-08-24T04:21:55.285+0000] {processor.py:829} INFO - Processing file /usr/local/lib/python3.8/dist-packages/airflow/example_dags/example_sensor_decorator.py for tasks to queue
[2023-08-24T04:21:55.286+0000] {logging_mixin.py:151} INFO - [2023-08-24T04:21:55.286+0000] {dagbag.py:539} INFO - Filling up the DagBag from /usr/local/lib/python3.8/dist-packages/airflow/example_dags/example_sensor_decorator.py
[2023-08-24T04:21:55.292+0000] {processor.py:839} INFO - DAG(s) dict_keys(['example_sensor_decorator']) retrieved from /usr/local/lib/python3.8/dist-packages/airflow/example_dags/example_sensor_decorator.py
[2023-08-24T04:21:55.314+0000] {logging_mixin.py:151} INFO - [2023-08-24T04:21:55.314+0000] {dag.py:2907} INFO - Sync 1 DAGs
[2023-08-24T04:21:55.324+0000] {logging_mixin.py:151} INFO - [2023-08-24T04:21:55.324+0000] {dag.py:3677} INFO - Setting next_dagrun for example_sensor_decorator to None, run_after=None
[2023-08-24T04:21:55.342+0000] {processor.py:179} INFO - Processing /usr/local/lib/python3.8/dist-packages/airflow/example_dags/example_sensor_decorator.py took 0.061 seconds
[2023-08-24T04:31:09.509+0000] {processor.py:157} INFO - Started process (PID=41470) to work on /usr/local/lib/python3.8/dist-packages/airflow/example_dags/example_sensor_decorator.py
[2023-08-24T04:31:09.510+0000] {processor.py:829} INFO - Processing file /usr/local/lib/python3.8/dist-packages/airflow/example_dags/example_sensor_decorator.py for tasks to queue
[2023-08-24T04:31:09.511+0000] {logging_mixin.py:151} INFO - [2023-08-24T04:31:09.511+0000] {dagbag.py:539} INFO - Filling up the DagBag from /usr/local/lib/python3.8/dist-packages/airflow/example_dags/example_sensor_decorator.py
[2023-08-24T04:31:09.518+0000] {processor.py:839} INFO - DAG(s) dict_keys(['example_sensor_decorator']) retrieved from /usr/local/lib/python3.8/dist-packages/airflow/example_dags/example_sensor_decorator.py
[2023-08-24T04:31:09.539+0000] {logging_mixin.py:151} INFO - [2023-08-24T04:31:09.539+0000] {dag.py:2907} INFO - Sync 1 DAGs
[2023-08-24T04:31:09.549+0000] {logging_mixin.py:151} INFO - [2023-08-24T04:31:09.549+0000] {dag.py:3677} INFO - Setting next_dagrun for example_sensor_decorator to None, run_after=None
[2023-08-24T04:31:09.566+0000] {processor.py:179} INFO - Processing /usr/local/lib/python3.8/dist-packages/airflow/example_dags/example_sensor_decorator.py took 0.061 seconds
[2023-08-24T04:32:10.390+0000] {processor.py:157} INFO - Started process (PID=41668) to work on /usr/local/lib/python3.8/dist-packages/airflow/example_dags/example_sensor_decorator.py
[2023-08-24T04:32:10.392+0000] {processor.py:829} INFO - Processing file /usr/local/lib/python3.8/dist-packages/airflow/example_dags/example_sensor_decorator.py for tasks to queue
[2023-08-24T04:32:10.393+0000] {logging_mixin.py:151} INFO - [2023-08-24T04:32:10.392+0000] {dagbag.py:539} INFO - Filling up the DagBag from /usr/local/lib/python3.8/dist-packages/airflow/example_dags/example_sensor_decorator.py
[2023-08-24T04:32:10.399+0000] {processor.py:839} INFO - DAG(s) dict_keys(['example_sensor_decorator']) retrieved from /usr/local/lib/python3.8/dist-packages/airflow/example_dags/example_sensor_decorator.py
[2023-08-24T04:32:10.415+0000] {logging_mixin.py:151} INFO - [2023-08-24T04:32:10.414+0000] {dag.py:2907} INFO - Sync 1 DAGs
[2023-08-24T04:32:10.425+0000] {logging_mixin.py:151} INFO - [2023-08-24T04:32:10.425+0000] {dag.py:3677} INFO - Setting next_dagrun for example_sensor_decorator to None, run_after=None
[2023-08-24T04:32:10.442+0000] {processor.py:179} INFO - Processing /usr/local/lib/python3.8/dist-packages/airflow/example_dags/example_sensor_decorator.py took 0.056 seconds
[2023-08-24T04:33:10.406+0000] {processor.py:157} INFO - Started process (PID=41859) to work on /usr/local/lib/python3.8/dist-packages/airflow/example_dags/example_sensor_decorator.py
[2023-08-24T04:33:10.408+0000] {processor.py:829} INFO - Processing file /usr/local/lib/python3.8/dist-packages/airflow/example_dags/example_sensor_decorator.py for tasks to queue
[2023-08-24T04:33:10.409+0000] {logging_mixin.py:151} INFO - [2023-08-24T04:33:10.409+0000] {dagbag.py:539} INFO - Filling up the DagBag from /usr/local/lib/python3.8/dist-packages/airflow/example_dags/example_sensor_decorator.py
[2023-08-24T04:33:10.416+0000] {processor.py:839} INFO - DAG(s) dict_keys(['example_sensor_decorator']) retrieved from /usr/local/lib/python3.8/dist-packages/airflow/example_dags/example_sensor_decorator.py
[2023-08-24T04:33:10.434+0000] {logging_mixin.py:151} INFO - [2023-08-24T04:33:10.434+0000] {dag.py:2907} INFO - Sync 1 DAGs
[2023-08-24T04:33:10.445+0000] {logging_mixin.py:151} INFO - [2023-08-24T04:33:10.445+0000] {dag.py:3677} INFO - Setting next_dagrun for example_sensor_decorator to None, run_after=None
[2023-08-24T04:33:10.464+0000] {processor.py:179} INFO - Processing /usr/local/lib/python3.8/dist-packages/airflow/example_dags/example_sensor_decorator.py took 0.062 seconds
[2023-08-24T04:34:09.520+0000] {processor.py:157} INFO - Started process (PID=42042) to work on /usr/local/lib/python3.8/dist-packages/airflow/example_dags/example_sensor_decorator.py
[2023-08-24T04:34:09.522+0000] {processor.py:829} INFO - Processing file /usr/local/lib/python3.8/dist-packages/airflow/example_dags/example_sensor_decorator.py for tasks to queue
[2023-08-24T04:34:09.522+0000] {logging_mixin.py:151} INFO - [2023-08-24T04:34:09.522+0000] {dagbag.py:539} INFO - Filling up the DagBag from /usr/local/lib/python3.8/dist-packages/airflow/example_dags/example_sensor_decorator.py
[2023-08-24T04:34:09.529+0000] {processor.py:839} INFO - DAG(s) dict_keys(['example_sensor_decorator']) retrieved from /usr/local/lib/python3.8/dist-packages/airflow/example_dags/example_sensor_decorator.py
[2023-08-24T04:34:09.544+0000] {logging_mixin.py:151} INFO - [2023-08-24T04:34:09.544+0000] {dag.py:2907} INFO - Sync 1 DAGs
[2023-08-24T04:34:09.554+0000] {logging_mixin.py:151} INFO - [2023-08-24T04:34:09.554+0000] {dag.py:3677} INFO - Setting next_dagrun for example_sensor_decorator to None, run_after=None
[2023-08-24T04:34:09.572+0000] {processor.py:179} INFO - Processing /usr/local/lib/python3.8/dist-packages/airflow/example_dags/example_sensor_decorator.py took 0.055 seconds
[2023-08-24T04:35:09.842+0000] {processor.py:157} INFO - Started process (PID=42238) to work on /usr/local/lib/python3.8/dist-packages/airflow/example_dags/example_sensor_decorator.py
[2023-08-24T04:35:09.844+0000] {processor.py:829} INFO - Processing file /usr/local/lib/python3.8/dist-packages/airflow/example_dags/example_sensor_decorator.py for tasks to queue
[2023-08-24T04:35:09.845+0000] {logging_mixin.py:151} INFO - [2023-08-24T04:35:09.844+0000] {dagbag.py:539} INFO - Filling up the DagBag from /usr/local/lib/python3.8/dist-packages/airflow/example_dags/example_sensor_decorator.py
[2023-08-24T04:35:09.851+0000] {processor.py:839} INFO - DAG(s) dict_keys(['example_sensor_decorator']) retrieved from /usr/local/lib/python3.8/dist-packages/airflow/example_dags/example_sensor_decorator.py
[2023-08-24T04:35:09.867+0000] {logging_mixin.py:151} INFO - [2023-08-24T04:35:09.867+0000] {dag.py:2907} INFO - Sync 1 DAGs
[2023-08-24T04:35:09.877+0000] {logging_mixin.py:151} INFO - [2023-08-24T04:35:09.877+0000] {dag.py:3677} INFO - Setting next_dagrun for example_sensor_decorator to None, run_after=None
[2023-08-24T04:35:09.896+0000] {processor.py:179} INFO - Processing /usr/local/lib/python3.8/dist-packages/airflow/example_dags/example_sensor_decorator.py took 0.057 seconds
[2023-08-24T04:36:08.121+0000] {processor.py:157} INFO - Started process (PID=42434) to work on /usr/local/lib/python3.8/dist-packages/airflow/example_dags/example_sensor_decorator.py
[2023-08-24T04:36:08.122+0000] {processor.py:829} INFO - Processing file /usr/local/lib/python3.8/dist-packages/airflow/example_dags/example_sensor_decorator.py for tasks to queue
[2023-08-24T04:36:08.123+0000] {logging_mixin.py:151} INFO - [2023-08-24T04:36:08.123+0000] {dagbag.py:539} INFO - Filling up the DagBag from /usr/local/lib/python3.8/dist-packages/airflow/example_dags/example_sensor_decorator.py
[2023-08-24T04:36:08.130+0000] {processor.py:839} INFO - DAG(s) dict_keys(['example_sensor_decorator']) retrieved from /usr/local/lib/python3.8/dist-packages/airflow/example_dags/example_sensor_decorator.py
[2023-08-24T04:36:08.145+0000] {logging_mixin.py:151} INFO - [2023-08-24T04:36:08.145+0000] {dag.py:2907} INFO - Sync 1 DAGs
[2023-08-24T04:36:08.155+0000] {logging_mixin.py:151} INFO - [2023-08-24T04:36:08.155+0000] {dag.py:3677} INFO - Setting next_dagrun for example_sensor_decorator to None, run_after=None
[2023-08-24T04:36:08.174+0000] {processor.py:179} INFO - Processing /usr/local/lib/python3.8/dist-packages/airflow/example_dags/example_sensor_decorator.py took 0.057 seconds
[2023-08-24T04:37:04.918+0000] {processor.py:157} INFO - Started process (PID=42617) to work on /usr/local/lib/python3.8/dist-packages/airflow/example_dags/example_sensor_decorator.py
[2023-08-24T04:37:04.921+0000] {processor.py:829} INFO - Processing file /usr/local/lib/python3.8/dist-packages/airflow/example_dags/example_sensor_decorator.py for tasks to queue
[2023-08-24T04:37:04.922+0000] {logging_mixin.py:151} INFO - [2023-08-24T04:37:04.921+0000] {dagbag.py:539} INFO - Filling up the DagBag from /usr/local/lib/python3.8/dist-packages/airflow/example_dags/example_sensor_decorator.py
[2023-08-24T04:37:04.928+0000] {processor.py:839} INFO - DAG(s) dict_keys(['example_sensor_decorator']) retrieved from /usr/local/lib/python3.8/dist-packages/airflow/example_dags/example_sensor_decorator.py
[2023-08-24T04:37:04.943+0000] {logging_mixin.py:151} INFO - [2023-08-24T04:37:04.943+0000] {dag.py:2907} INFO - Sync 1 DAGs
[2023-08-24T04:37:04.954+0000] {logging_mixin.py:151} INFO - [2023-08-24T04:37:04.954+0000] {dag.py:3677} INFO - Setting next_dagrun for example_sensor_decorator to None, run_after=None
[2023-08-24T04:37:04.971+0000] {processor.py:179} INFO - Processing /usr/local/lib/python3.8/dist-packages/airflow/example_dags/example_sensor_decorator.py took 0.057 seconds
[2023-08-24T04:38:00.479+0000] {processor.py:157} INFO - Started process (PID=42800) to work on /usr/local/lib/python3.8/dist-packages/airflow/example_dags/example_sensor_decorator.py
[2023-08-24T04:38:00.481+0000] {processor.py:829} INFO - Processing file /usr/local/lib/python3.8/dist-packages/airflow/example_dags/example_sensor_decorator.py for tasks to queue
[2023-08-24T04:38:00.481+0000] {logging_mixin.py:151} INFO - [2023-08-24T04:38:00.481+0000] {dagbag.py:539} INFO - Filling up the DagBag from /usr/local/lib/python3.8/dist-packages/airflow/example_dags/example_sensor_decorator.py
[2023-08-24T04:38:00.488+0000] {processor.py:839} INFO - DAG(s) dict_keys(['example_sensor_decorator']) retrieved from /usr/local/lib/python3.8/dist-packages/airflow/example_dags/example_sensor_decorator.py
[2023-08-24T04:38:00.503+0000] {logging_mixin.py:151} INFO - [2023-08-24T04:38:00.503+0000] {dag.py:2907} INFO - Sync 1 DAGs
[2023-08-24T04:38:00.514+0000] {logging_mixin.py:151} INFO - [2023-08-24T04:38:00.514+0000] {dag.py:3677} INFO - Setting next_dagrun for example_sensor_decorator to None, run_after=None
[2023-08-24T04:38:00.531+0000] {processor.py:179} INFO - Processing /usr/local/lib/python3.8/dist-packages/airflow/example_dags/example_sensor_decorator.py took 0.056 seconds
[2023-08-24T04:39:01.113+0000] {processor.py:157} INFO - Started process (PID=42985) to work on /usr/local/lib/python3.8/dist-packages/airflow/example_dags/example_sensor_decorator.py
[2023-08-24T04:39:01.115+0000] {processor.py:829} INFO - Processing file /usr/local/lib/python3.8/dist-packages/airflow/example_dags/example_sensor_decorator.py for tasks to queue
[2023-08-24T04:39:01.116+0000] {logging_mixin.py:151} INFO - [2023-08-24T04:39:01.115+0000] {dagbag.py:539} INFO - Filling up the DagBag from /usr/local/lib/python3.8/dist-packages/airflow/example_dags/example_sensor_decorator.py
[2023-08-24T04:39:01.122+0000] {processor.py:839} INFO - DAG(s) dict_keys(['example_sensor_decorator']) retrieved from /usr/local/lib/python3.8/dist-packages/airflow/example_dags/example_sensor_decorator.py
[2023-08-24T04:39:01.137+0000] {logging_mixin.py:151} INFO - [2023-08-24T04:39:01.137+0000] {dag.py:2907} INFO - Sync 1 DAGs
[2023-08-24T04:39:01.148+0000] {logging_mixin.py:151} INFO - [2023-08-24T04:39:01.148+0000] {dag.py:3677} INFO - Setting next_dagrun for example_sensor_decorator to None, run_after=None
[2023-08-24T04:39:01.165+0000] {processor.py:179} INFO - Processing /usr/local/lib/python3.8/dist-packages/airflow/example_dags/example_sensor_decorator.py took 0.056 seconds
[2023-08-24T04:40:01.386+0000] {processor.py:157} INFO - Started process (PID=43181) to work on /usr/local/lib/python3.8/dist-packages/airflow/example_dags/example_sensor_decorator.py
[2023-08-24T04:40:01.390+0000] {processor.py:829} INFO - Processing file /usr/local/lib/python3.8/dist-packages/airflow/example_dags/example_sensor_decorator.py for tasks to queue
[2023-08-24T04:40:01.391+0000] {logging_mixin.py:151} INFO - [2023-08-24T04:40:01.391+0000] {dagbag.py:539} INFO - Filling up the DagBag from /usr/local/lib/python3.8/dist-packages/airflow/example_dags/example_sensor_decorator.py
[2023-08-24T04:40:01.398+0000] {processor.py:839} INFO - DAG(s) dict_keys(['example_sensor_decorator']) retrieved from /usr/local/lib/python3.8/dist-packages/airflow/example_dags/example_sensor_decorator.py
[2023-08-24T04:40:01.414+0000] {logging_mixin.py:151} INFO - [2023-08-24T04:40:01.414+0000] {dag.py:2907} INFO - Sync 1 DAGs
[2023-08-24T04:40:01.425+0000] {logging_mixin.py:151} INFO - [2023-08-24T04:40:01.425+0000] {dag.py:3677} INFO - Setting next_dagrun for example_sensor_decorator to None, run_after=None
[2023-08-24T04:40:01.443+0000] {processor.py:179} INFO - Processing /usr/local/lib/python3.8/dist-packages/airflow/example_dags/example_sensor_decorator.py took 0.061 seconds
[2023-08-24T04:41:02.070+0000] {processor.py:157} INFO - Started process (PID=43365) to work on /usr/local/lib/python3.8/dist-packages/airflow/example_dags/example_sensor_decorator.py
[2023-08-24T04:41:02.071+0000] {processor.py:829} INFO - Processing file /usr/local/lib/python3.8/dist-packages/airflow/example_dags/example_sensor_decorator.py for tasks to queue
[2023-08-24T04:41:02.072+0000] {logging_mixin.py:151} INFO - [2023-08-24T04:41:02.072+0000] {dagbag.py:539} INFO - Filling up the DagBag from /usr/local/lib/python3.8/dist-packages/airflow/example_dags/example_sensor_decorator.py
[2023-08-24T04:41:02.079+0000] {processor.py:839} INFO - DAG(s) dict_keys(['example_sensor_decorator']) retrieved from /usr/local/lib/python3.8/dist-packages/airflow/example_dags/example_sensor_decorator.py
[2023-08-24T04:41:02.095+0000] {logging_mixin.py:151} INFO - [2023-08-24T04:41:02.094+0000] {dag.py:2907} INFO - Sync 1 DAGs
[2023-08-24T04:41:02.106+0000] {logging_mixin.py:151} INFO - [2023-08-24T04:41:02.106+0000] {dag.py:3677} INFO - Setting next_dagrun for example_sensor_decorator to None, run_after=None
[2023-08-24T04:41:02.124+0000] {processor.py:179} INFO - Processing /usr/local/lib/python3.8/dist-packages/airflow/example_dags/example_sensor_decorator.py took 0.058 seconds
[2023-08-24T04:42:02.266+0000] {processor.py:157} INFO - Started process (PID=43548) to work on /usr/local/lib/python3.8/dist-packages/airflow/example_dags/example_sensor_decorator.py
[2023-08-24T04:42:02.268+0000] {processor.py:829} INFO - Processing file /usr/local/lib/python3.8/dist-packages/airflow/example_dags/example_sensor_decorator.py for tasks to queue
[2023-08-24T04:42:02.269+0000] {logging_mixin.py:151} INFO - [2023-08-24T04:42:02.268+0000] {dagbag.py:539} INFO - Filling up the DagBag from /usr/local/lib/python3.8/dist-packages/airflow/example_dags/example_sensor_decorator.py
[2023-08-24T04:42:02.276+0000] {processor.py:839} INFO - DAG(s) dict_keys(['example_sensor_decorator']) retrieved from /usr/local/lib/python3.8/dist-packages/airflow/example_dags/example_sensor_decorator.py
[2023-08-24T04:42:02.291+0000] {logging_mixin.py:151} INFO - [2023-08-24T04:42:02.291+0000] {dag.py:2907} INFO - Sync 1 DAGs
[2023-08-24T04:42:02.302+0000] {logging_mixin.py:151} INFO - [2023-08-24T04:42:02.302+0000] {dag.py:3677} INFO - Setting next_dagrun for example_sensor_decorator to None, run_after=None
[2023-08-24T04:42:02.319+0000] {processor.py:179} INFO - Processing /usr/local/lib/python3.8/dist-packages/airflow/example_dags/example_sensor_decorator.py took 0.056 seconds
[2023-08-24T04:42:59.286+0000] {processor.py:157} INFO - Started process (PID=43736) to work on /usr/local/lib/python3.8/dist-packages/airflow/example_dags/example_sensor_decorator.py
[2023-08-24T04:42:59.287+0000] {processor.py:829} INFO - Processing file /usr/local/lib/python3.8/dist-packages/airflow/example_dags/example_sensor_decorator.py for tasks to queue
[2023-08-24T04:42:59.288+0000] {logging_mixin.py:151} INFO - [2023-08-24T04:42:59.288+0000] {dagbag.py:539} INFO - Filling up the DagBag from /usr/local/lib/python3.8/dist-packages/airflow/example_dags/example_sensor_decorator.py
[2023-08-24T04:42:59.294+0000] {processor.py:839} INFO - DAG(s) dict_keys(['example_sensor_decorator']) retrieved from /usr/local/lib/python3.8/dist-packages/airflow/example_dags/example_sensor_decorator.py
[2023-08-24T04:42:59.310+0000] {logging_mixin.py:151} INFO - [2023-08-24T04:42:59.310+0000] {dag.py:2907} INFO - Sync 1 DAGs
[2023-08-24T04:42:59.320+0000] {logging_mixin.py:151} INFO - [2023-08-24T04:42:59.320+0000] {dag.py:3677} INFO - Setting next_dagrun for example_sensor_decorator to None, run_after=None
[2023-08-24T04:42:59.338+0000] {processor.py:179} INFO - Processing /usr/local/lib/python3.8/dist-packages/airflow/example_dags/example_sensor_decorator.py took 0.056 seconds
[2023-08-24T04:43:59.558+0000] {processor.py:157} INFO - Started process (PID=43918) to work on /usr/local/lib/python3.8/dist-packages/airflow/example_dags/example_sensor_decorator.py
[2023-08-24T04:43:59.560+0000] {processor.py:829} INFO - Processing file /usr/local/lib/python3.8/dist-packages/airflow/example_dags/example_sensor_decorator.py for tasks to queue
[2023-08-24T04:43:59.561+0000] {logging_mixin.py:151} INFO - [2023-08-24T04:43:59.561+0000] {dagbag.py:539} INFO - Filling up the DagBag from /usr/local/lib/python3.8/dist-packages/airflow/example_dags/example_sensor_decorator.py
[2023-08-24T04:43:59.567+0000] {processor.py:839} INFO - DAG(s) dict_keys(['example_sensor_decorator']) retrieved from /usr/local/lib/python3.8/dist-packages/airflow/example_dags/example_sensor_decorator.py
[2023-08-24T04:43:59.582+0000] {logging_mixin.py:151} INFO - [2023-08-24T04:43:59.582+0000] {dag.py:2907} INFO - Sync 1 DAGs
[2023-08-24T04:43:59.593+0000] {logging_mixin.py:151} INFO - [2023-08-24T04:43:59.593+0000] {dag.py:3677} INFO - Setting next_dagrun for example_sensor_decorator to None, run_after=None
[2023-08-24T04:43:59.610+0000] {processor.py:179} INFO - Processing /usr/local/lib/python3.8/dist-packages/airflow/example_dags/example_sensor_decorator.py took 0.056 seconds
[2023-08-24T04:45:00.621+0000] {processor.py:157} INFO - Started process (PID=44103) to work on /usr/local/lib/python3.8/dist-packages/airflow/example_dags/example_sensor_decorator.py
[2023-08-24T04:45:00.624+0000] {processor.py:829} INFO - Processing file /usr/local/lib/python3.8/dist-packages/airflow/example_dags/example_sensor_decorator.py for tasks to queue
[2023-08-24T04:45:00.625+0000] {logging_mixin.py:151} INFO - [2023-08-24T04:45:00.625+0000] {dagbag.py:539} INFO - Filling up the DagBag from /usr/local/lib/python3.8/dist-packages/airflow/example_dags/example_sensor_decorator.py
[2023-08-24T04:45:00.632+0000] {processor.py:839} INFO - DAG(s) dict_keys(['example_sensor_decorator']) retrieved from /usr/local/lib/python3.8/dist-packages/airflow/example_dags/example_sensor_decorator.py
[2023-08-24T04:45:00.648+0000] {logging_mixin.py:151} INFO - [2023-08-24T04:45:00.647+0000] {dag.py:2907} INFO - Sync 1 DAGs
[2023-08-24T04:45:00.658+0000] {logging_mixin.py:151} INFO - [2023-08-24T04:45:00.658+0000] {dag.py:3677} INFO - Setting next_dagrun for example_sensor_decorator to None, run_after=None
[2023-08-24T04:45:00.676+0000] {processor.py:179} INFO - Processing /usr/local/lib/python3.8/dist-packages/airflow/example_dags/example_sensor_decorator.py took 0.059 seconds
[2023-08-24T04:46:02.100+0000] {processor.py:157} INFO - Started process (PID=44286) to work on /usr/local/lib/python3.8/dist-packages/airflow/example_dags/example_sensor_decorator.py
[2023-08-24T04:46:02.101+0000] {processor.py:829} INFO - Processing file /usr/local/lib/python3.8/dist-packages/airflow/example_dags/example_sensor_decorator.py for tasks to queue
[2023-08-24T04:46:02.102+0000] {logging_mixin.py:151} INFO - [2023-08-24T04:46:02.102+0000] {dagbag.py:539} INFO - Filling up the DagBag from /usr/local/lib/python3.8/dist-packages/airflow/example_dags/example_sensor_decorator.py
[2023-08-24T04:46:02.109+0000] {processor.py:839} INFO - DAG(s) dict_keys(['example_sensor_decorator']) retrieved from /usr/local/lib/python3.8/dist-packages/airflow/example_dags/example_sensor_decorator.py
[2023-08-24T04:46:02.125+0000] {logging_mixin.py:151} INFO - [2023-08-24T04:46:02.125+0000] {dag.py:2907} INFO - Sync 1 DAGs
[2023-08-24T04:46:02.136+0000] {logging_mixin.py:151} INFO - [2023-08-24T04:46:02.136+0000] {dag.py:3677} INFO - Setting next_dagrun for example_sensor_decorator to None, run_after=None
[2023-08-24T04:46:02.155+0000] {processor.py:179} INFO - Processing /usr/local/lib/python3.8/dist-packages/airflow/example_dags/example_sensor_decorator.py took 0.059 seconds
[2023-08-24T04:47:03.862+0000] {processor.py:157} INFO - Started process (PID=44469) to work on /usr/local/lib/python3.8/dist-packages/airflow/example_dags/example_sensor_decorator.py
[2023-08-24T04:47:03.864+0000] {processor.py:829} INFO - Processing file /usr/local/lib/python3.8/dist-packages/airflow/example_dags/example_sensor_decorator.py for tasks to queue
[2023-08-24T04:47:03.865+0000] {logging_mixin.py:151} INFO - [2023-08-24T04:47:03.864+0000] {dagbag.py:539} INFO - Filling up the DagBag from /usr/local/lib/python3.8/dist-packages/airflow/example_dags/example_sensor_decorator.py
[2023-08-24T04:47:03.871+0000] {processor.py:839} INFO - DAG(s) dict_keys(['example_sensor_decorator']) retrieved from /usr/local/lib/python3.8/dist-packages/airflow/example_dags/example_sensor_decorator.py
[2023-08-24T04:47:03.887+0000] {logging_mixin.py:151} INFO - [2023-08-24T04:47:03.887+0000] {dag.py:2907} INFO - Sync 1 DAGs
[2023-08-24T04:47:03.899+0000] {logging_mixin.py:151} INFO - [2023-08-24T04:47:03.898+0000] {dag.py:3677} INFO - Setting next_dagrun for example_sensor_decorator to None, run_after=None
[2023-08-24T04:47:03.918+0000] {processor.py:179} INFO - Processing /usr/local/lib/python3.8/dist-packages/airflow/example_dags/example_sensor_decorator.py took 0.059 seconds
[2023-08-24T04:48:05.181+0000] {processor.py:157} INFO - Started process (PID=44653) to work on /usr/local/lib/python3.8/dist-packages/airflow/example_dags/example_sensor_decorator.py
[2023-08-24T04:48:05.183+0000] {processor.py:829} INFO - Processing file /usr/local/lib/python3.8/dist-packages/airflow/example_dags/example_sensor_decorator.py for tasks to queue
[2023-08-24T04:48:05.184+0000] {logging_mixin.py:151} INFO - [2023-08-24T04:48:05.183+0000] {dagbag.py:539} INFO - Filling up the DagBag from /usr/local/lib/python3.8/dist-packages/airflow/example_dags/example_sensor_decorator.py
[2023-08-24T04:48:05.190+0000] {processor.py:839} INFO - DAG(s) dict_keys(['example_sensor_decorator']) retrieved from /usr/local/lib/python3.8/dist-packages/airflow/example_dags/example_sensor_decorator.py
[2023-08-24T04:48:05.206+0000] {logging_mixin.py:151} INFO - [2023-08-24T04:48:05.206+0000] {dag.py:2907} INFO - Sync 1 DAGs
[2023-08-24T04:48:05.217+0000] {logging_mixin.py:151} INFO - [2023-08-24T04:48:05.217+0000] {dag.py:3677} INFO - Setting next_dagrun for example_sensor_decorator to None, run_after=None
[2023-08-24T04:48:05.235+0000] {processor.py:179} INFO - Processing /usr/local/lib/python3.8/dist-packages/airflow/example_dags/example_sensor_decorator.py took 0.057 seconds
[2023-08-24T04:49:07.596+0000] {processor.py:157} INFO - Started process (PID=44836) to work on /usr/local/lib/python3.8/dist-packages/airflow/example_dags/example_sensor_decorator.py
[2023-08-24T04:49:07.599+0000] {processor.py:829} INFO - Processing file /usr/local/lib/python3.8/dist-packages/airflow/example_dags/example_sensor_decorator.py for tasks to queue
[2023-08-24T04:49:07.600+0000] {logging_mixin.py:151} INFO - [2023-08-24T04:49:07.600+0000] {dagbag.py:539} INFO - Filling up the DagBag from /usr/local/lib/python3.8/dist-packages/airflow/example_dags/example_sensor_decorator.py
[2023-08-24T04:49:07.606+0000] {processor.py:839} INFO - DAG(s) dict_keys(['example_sensor_decorator']) retrieved from /usr/local/lib/python3.8/dist-packages/airflow/example_dags/example_sensor_decorator.py
[2023-08-24T04:49:07.622+0000] {logging_mixin.py:151} INFO - [2023-08-24T04:49:07.622+0000] {dag.py:2907} INFO - Sync 1 DAGs
[2023-08-24T04:49:07.633+0000] {logging_mixin.py:151} INFO - [2023-08-24T04:49:07.633+0000] {dag.py:3677} INFO - Setting next_dagrun for example_sensor_decorator to None, run_after=None
[2023-08-24T04:49:07.651+0000] {processor.py:179} INFO - Processing /usr/local/lib/python3.8/dist-packages/airflow/example_dags/example_sensor_decorator.py took 0.058 seconds
[2023-08-24T04:50:08.869+0000] {processor.py:157} INFO - Started process (PID=45022) to work on /usr/local/lib/python3.8/dist-packages/airflow/example_dags/example_sensor_decorator.py
[2023-08-24T04:50:08.870+0000] {processor.py:829} INFO - Processing file /usr/local/lib/python3.8/dist-packages/airflow/example_dags/example_sensor_decorator.py for tasks to queue
[2023-08-24T04:50:08.871+0000] {logging_mixin.py:151} INFO - [2023-08-24T04:50:08.871+0000] {dagbag.py:539} INFO - Filling up the DagBag from /usr/local/lib/python3.8/dist-packages/airflow/example_dags/example_sensor_decorator.py
[2023-08-24T04:50:08.877+0000] {processor.py:839} INFO - DAG(s) dict_keys(['example_sensor_decorator']) retrieved from /usr/local/lib/python3.8/dist-packages/airflow/example_dags/example_sensor_decorator.py
[2023-08-24T04:50:08.893+0000] {logging_mixin.py:151} INFO - [2023-08-24T04:50:08.893+0000] {dag.py:2907} INFO - Sync 1 DAGs
[2023-08-24T04:50:08.904+0000] {logging_mixin.py:151} INFO - [2023-08-24T04:50:08.903+0000] {dag.py:3677} INFO - Setting next_dagrun for example_sensor_decorator to None, run_after=None
[2023-08-24T04:50:08.922+0000] {processor.py:179} INFO - Processing /usr/local/lib/python3.8/dist-packages/airflow/example_dags/example_sensor_decorator.py took 0.057 seconds
[2023-08-24T04:51:06.735+0000] {processor.py:157} INFO - Started process (PID=45205) to work on /usr/local/lib/python3.8/dist-packages/airflow/example_dags/example_sensor_decorator.py
[2023-08-24T04:51:06.736+0000] {processor.py:829} INFO - Processing file /usr/local/lib/python3.8/dist-packages/airflow/example_dags/example_sensor_decorator.py for tasks to queue
[2023-08-24T04:51:06.737+0000] {logging_mixin.py:151} INFO - [2023-08-24T04:51:06.737+0000] {dagbag.py:539} INFO - Filling up the DagBag from /usr/local/lib/python3.8/dist-packages/airflow/example_dags/example_sensor_decorator.py
[2023-08-24T04:51:06.743+0000] {processor.py:839} INFO - DAG(s) dict_keys(['example_sensor_decorator']) retrieved from /usr/local/lib/python3.8/dist-packages/airflow/example_dags/example_sensor_decorator.py
[2023-08-24T04:51:06.759+0000] {logging_mixin.py:151} INFO - [2023-08-24T04:51:06.759+0000] {dag.py:2907} INFO - Sync 1 DAGs
[2023-08-24T04:51:06.770+0000] {logging_mixin.py:151} INFO - [2023-08-24T04:51:06.770+0000] {dag.py:3677} INFO - Setting next_dagrun for example_sensor_decorator to None, run_after=None
[2023-08-24T04:51:06.788+0000] {processor.py:179} INFO - Processing /usr/local/lib/python3.8/dist-packages/airflow/example_dags/example_sensor_decorator.py took 0.057 seconds
[2023-08-24T04:52:07.966+0000] {processor.py:157} INFO - Started process (PID=45387) to work on /usr/local/lib/python3.8/dist-packages/airflow/example_dags/example_sensor_decorator.py
[2023-08-24T04:52:07.968+0000] {processor.py:829} INFO - Processing file /usr/local/lib/python3.8/dist-packages/airflow/example_dags/example_sensor_decorator.py for tasks to queue
[2023-08-24T04:52:07.969+0000] {logging_mixin.py:151} INFO - [2023-08-24T04:52:07.968+0000] {dagbag.py:539} INFO - Filling up the DagBag from /usr/local/lib/python3.8/dist-packages/airflow/example_dags/example_sensor_decorator.py
[2023-08-24T04:52:07.975+0000] {processor.py:839} INFO - DAG(s) dict_keys(['example_sensor_decorator']) retrieved from /usr/local/lib/python3.8/dist-packages/airflow/example_dags/example_sensor_decorator.py
[2023-08-24T04:52:07.990+0000] {logging_mixin.py:151} INFO - [2023-08-24T04:52:07.990+0000] {dag.py:2907} INFO - Sync 1 DAGs
[2023-08-24T04:52:08.001+0000] {logging_mixin.py:151} INFO - [2023-08-24T04:52:08.001+0000] {dag.py:3677} INFO - Setting next_dagrun for example_sensor_decorator to None, run_after=None
[2023-08-24T04:52:08.019+0000] {processor.py:179} INFO - Processing /usr/local/lib/python3.8/dist-packages/airflow/example_dags/example_sensor_decorator.py took 0.056 seconds
[2023-08-24T04:53:09.504+0000] {processor.py:157} INFO - Started process (PID=45576) to work on /usr/local/lib/python3.8/dist-packages/airflow/example_dags/example_sensor_decorator.py
[2023-08-24T04:53:09.506+0000] {processor.py:829} INFO - Processing file /usr/local/lib/python3.8/dist-packages/airflow/example_dags/example_sensor_decorator.py for tasks to queue
[2023-08-24T04:53:09.507+0000] {logging_mixin.py:151} INFO - [2023-08-24T04:53:09.506+0000] {dagbag.py:539} INFO - Filling up the DagBag from /usr/local/lib/python3.8/dist-packages/airflow/example_dags/example_sensor_decorator.py
[2023-08-24T04:53:09.513+0000] {processor.py:839} INFO - DAG(s) dict_keys(['example_sensor_decorator']) retrieved from /usr/local/lib/python3.8/dist-packages/airflow/example_dags/example_sensor_decorator.py
[2023-08-24T04:53:09.529+0000] {logging_mixin.py:151} INFO - [2023-08-24T04:53:09.529+0000] {dag.py:2907} INFO - Sync 1 DAGs
[2023-08-24T04:53:09.539+0000] {logging_mixin.py:151} INFO - [2023-08-24T04:53:09.539+0000] {dag.py:3677} INFO - Setting next_dagrun for example_sensor_decorator to None, run_after=None
[2023-08-24T04:53:09.557+0000] {processor.py:179} INFO - Processing /usr/local/lib/python3.8/dist-packages/airflow/example_dags/example_sensor_decorator.py took 0.057 seconds
[2023-08-24T04:54:10.972+0000] {processor.py:157} INFO - Started process (PID=45759) to work on /usr/local/lib/python3.8/dist-packages/airflow/example_dags/example_sensor_decorator.py
[2023-08-24T04:54:10.973+0000] {processor.py:829} INFO - Processing file /usr/local/lib/python3.8/dist-packages/airflow/example_dags/example_sensor_decorator.py for tasks to queue
[2023-08-24T04:54:10.974+0000] {logging_mixin.py:151} INFO - [2023-08-24T04:54:10.974+0000] {dagbag.py:539} INFO - Filling up the DagBag from /usr/local/lib/python3.8/dist-packages/airflow/example_dags/example_sensor_decorator.py
[2023-08-24T04:54:10.982+0000] {processor.py:839} INFO - DAG(s) dict_keys(['example_sensor_decorator']) retrieved from /usr/local/lib/python3.8/dist-packages/airflow/example_dags/example_sensor_decorator.py
[2023-08-24T04:54:11.000+0000] {logging_mixin.py:151} INFO - [2023-08-24T04:54:11.000+0000] {dag.py:2907} INFO - Sync 1 DAGs
[2023-08-24T04:54:11.012+0000] {logging_mixin.py:151} INFO - [2023-08-24T04:54:11.012+0000] {dag.py:3677} INFO - Setting next_dagrun for example_sensor_decorator to None, run_after=None
[2023-08-24T04:54:11.031+0000] {processor.py:179} INFO - Processing /usr/local/lib/python3.8/dist-packages/airflow/example_dags/example_sensor_decorator.py took 0.063 seconds
[2023-08-24T04:55:12.579+0000] {processor.py:157} INFO - Started process (PID=45943) to work on /usr/local/lib/python3.8/dist-packages/airflow/example_dags/example_sensor_decorator.py
[2023-08-24T04:55:12.581+0000] {processor.py:829} INFO - Processing file /usr/local/lib/python3.8/dist-packages/airflow/example_dags/example_sensor_decorator.py for tasks to queue
[2023-08-24T04:55:12.582+0000] {logging_mixin.py:151} INFO - [2023-08-24T04:55:12.581+0000] {dagbag.py:539} INFO - Filling up the DagBag from /usr/local/lib/python3.8/dist-packages/airflow/example_dags/example_sensor_decorator.py
[2023-08-24T04:55:12.589+0000] {processor.py:839} INFO - DAG(s) dict_keys(['example_sensor_decorator']) retrieved from /usr/local/lib/python3.8/dist-packages/airflow/example_dags/example_sensor_decorator.py
[2023-08-24T04:55:12.608+0000] {logging_mixin.py:151} INFO - [2023-08-24T04:55:12.607+0000] {dag.py:2907} INFO - Sync 1 DAGs
[2023-08-24T04:55:12.619+0000] {logging_mixin.py:151} INFO - [2023-08-24T04:55:12.619+0000] {dag.py:3677} INFO - Setting next_dagrun for example_sensor_decorator to None, run_after=None
[2023-08-24T04:55:12.639+0000] {processor.py:179} INFO - Processing /usr/local/lib/python3.8/dist-packages/airflow/example_dags/example_sensor_decorator.py took 0.064 seconds
[2023-08-24T04:56:14.514+0000] {processor.py:157} INFO - Started process (PID=46130) to work on /usr/local/lib/python3.8/dist-packages/airflow/example_dags/example_sensor_decorator.py
[2023-08-24T04:56:14.515+0000] {processor.py:829} INFO - Processing file /usr/local/lib/python3.8/dist-packages/airflow/example_dags/example_sensor_decorator.py for tasks to queue
[2023-08-24T04:56:14.516+0000] {logging_mixin.py:151} INFO - [2023-08-24T04:56:14.516+0000] {dagbag.py:539} INFO - Filling up the DagBag from /usr/local/lib/python3.8/dist-packages/airflow/example_dags/example_sensor_decorator.py
[2023-08-24T04:56:14.523+0000] {processor.py:839} INFO - DAG(s) dict_keys(['example_sensor_decorator']) retrieved from /usr/local/lib/python3.8/dist-packages/airflow/example_dags/example_sensor_decorator.py
[2023-08-24T04:56:14.539+0000] {logging_mixin.py:151} INFO - [2023-08-24T04:56:14.539+0000] {dag.py:2907} INFO - Sync 1 DAGs
[2023-08-24T04:56:14.550+0000] {logging_mixin.py:151} INFO - [2023-08-24T04:56:14.550+0000] {dag.py:3677} INFO - Setting next_dagrun for example_sensor_decorator to None, run_after=None
[2023-08-24T04:56:14.569+0000] {processor.py:179} INFO - Processing /usr/local/lib/python3.8/dist-packages/airflow/example_dags/example_sensor_decorator.py took 0.059 seconds
[2023-08-24T04:57:18.810+0000] {processor.py:157} INFO - Started process (PID=46327) to work on /usr/local/lib/python3.8/dist-packages/airflow/example_dags/example_sensor_decorator.py
[2023-08-24T04:57:18.812+0000] {processor.py:829} INFO - Processing file /usr/local/lib/python3.8/dist-packages/airflow/example_dags/example_sensor_decorator.py for tasks to queue
[2023-08-24T04:57:18.813+0000] {logging_mixin.py:151} INFO - [2023-08-24T04:57:18.813+0000] {dagbag.py:539} INFO - Filling up the DagBag from /usr/local/lib/python3.8/dist-packages/airflow/example_dags/example_sensor_decorator.py
[2023-08-24T04:57:18.819+0000] {processor.py:839} INFO - DAG(s) dict_keys(['example_sensor_decorator']) retrieved from /usr/local/lib/python3.8/dist-packages/airflow/example_dags/example_sensor_decorator.py
[2023-08-24T04:57:18.836+0000] {logging_mixin.py:151} INFO - [2023-08-24T04:57:18.835+0000] {dag.py:2907} INFO - Sync 1 DAGs
[2023-08-24T04:57:18.846+0000] {logging_mixin.py:151} INFO - [2023-08-24T04:57:18.846+0000] {dag.py:3677} INFO - Setting next_dagrun for example_sensor_decorator to None, run_after=None
[2023-08-24T04:57:18.865+0000] {processor.py:179} INFO - Processing /usr/local/lib/python3.8/dist-packages/airflow/example_dags/example_sensor_decorator.py took 0.058 seconds
[2023-08-24T04:58:22.562+0000] {processor.py:157} INFO - Started process (PID=46511) to work on /usr/local/lib/python3.8/dist-packages/airflow/example_dags/example_sensor_decorator.py
[2023-08-24T04:58:22.564+0000] {processor.py:829} INFO - Processing file /usr/local/lib/python3.8/dist-packages/airflow/example_dags/example_sensor_decorator.py for tasks to queue
[2023-08-24T04:58:22.565+0000] {logging_mixin.py:151} INFO - [2023-08-24T04:58:22.564+0000] {dagbag.py:539} INFO - Filling up the DagBag from /usr/local/lib/python3.8/dist-packages/airflow/example_dags/example_sensor_decorator.py
[2023-08-24T04:58:22.571+0000] {processor.py:839} INFO - DAG(s) dict_keys(['example_sensor_decorator']) retrieved from /usr/local/lib/python3.8/dist-packages/airflow/example_dags/example_sensor_decorator.py
[2023-08-24T04:58:22.586+0000] {logging_mixin.py:151} INFO - [2023-08-24T04:58:22.586+0000] {dag.py:2907} INFO - Sync 1 DAGs
[2023-08-24T04:58:22.597+0000] {logging_mixin.py:151} INFO - [2023-08-24T04:58:22.596+0000] {dag.py:3677} INFO - Setting next_dagrun for example_sensor_decorator to None, run_after=None
[2023-08-24T04:58:22.614+0000] {processor.py:179} INFO - Processing /usr/local/lib/python3.8/dist-packages/airflow/example_dags/example_sensor_decorator.py took 0.055 seconds
[2023-08-24T04:59:25.563+0000] {processor.py:157} INFO - Started process (PID=46694) to work on /usr/local/lib/python3.8/dist-packages/airflow/example_dags/example_sensor_decorator.py
[2023-08-24T04:59:25.565+0000] {processor.py:829} INFO - Processing file /usr/local/lib/python3.8/dist-packages/airflow/example_dags/example_sensor_decorator.py for tasks to queue
[2023-08-24T04:59:25.566+0000] {logging_mixin.py:151} INFO - [2023-08-24T04:59:25.565+0000] {dagbag.py:539} INFO - Filling up the DagBag from /usr/local/lib/python3.8/dist-packages/airflow/example_dags/example_sensor_decorator.py
[2023-08-24T04:59:25.572+0000] {processor.py:839} INFO - DAG(s) dict_keys(['example_sensor_decorator']) retrieved from /usr/local/lib/python3.8/dist-packages/airflow/example_dags/example_sensor_decorator.py
[2023-08-24T04:59:25.588+0000] {logging_mixin.py:151} INFO - [2023-08-24T04:59:25.587+0000] {dag.py:2907} INFO - Sync 1 DAGs
[2023-08-24T04:59:25.713+0000] {logging_mixin.py:151} INFO - [2023-08-24T04:59:25.712+0000] {dag.py:3677} INFO - Setting next_dagrun for example_sensor_decorator to None, run_after=None
[2023-08-24T04:59:25.729+0000] {processor.py:179} INFO - Processing /usr/local/lib/python3.8/dist-packages/airflow/example_dags/example_sensor_decorator.py took 0.170 seconds
[2023-08-24T05:00:28.267+0000] {processor.py:157} INFO - Started process (PID=46878) to work on /usr/local/lib/python3.8/dist-packages/airflow/example_dags/example_sensor_decorator.py
[2023-08-24T05:00:28.269+0000] {processor.py:829} INFO - Processing file /usr/local/lib/python3.8/dist-packages/airflow/example_dags/example_sensor_decorator.py for tasks to queue
[2023-08-24T05:00:28.269+0000] {logging_mixin.py:151} INFO - [2023-08-24T05:00:28.269+0000] {dagbag.py:539} INFO - Filling up the DagBag from /usr/local/lib/python3.8/dist-packages/airflow/example_dags/example_sensor_decorator.py
[2023-08-24T05:00:28.276+0000] {processor.py:839} INFO - DAG(s) dict_keys(['example_sensor_decorator']) retrieved from /usr/local/lib/python3.8/dist-packages/airflow/example_dags/example_sensor_decorator.py
[2023-08-24T05:00:28.291+0000] {logging_mixin.py:151} INFO - [2023-08-24T05:00:28.291+0000] {dag.py:2907} INFO - Sync 1 DAGs
[2023-08-24T05:00:28.302+0000] {logging_mixin.py:151} INFO - [2023-08-24T05:00:28.302+0000] {dag.py:3677} INFO - Setting next_dagrun for example_sensor_decorator to None, run_after=None
[2023-08-24T05:00:28.319+0000] {processor.py:179} INFO - Processing /usr/local/lib/python3.8/dist-packages/airflow/example_dags/example_sensor_decorator.py took 0.056 seconds
[2023-08-24T05:01:28.515+0000] {processor.py:157} INFO - Started process (PID=47075) to work on /usr/local/lib/python3.8/dist-packages/airflow/example_dags/example_sensor_decorator.py
[2023-08-24T05:01:28.517+0000] {processor.py:829} INFO - Processing file /usr/local/lib/python3.8/dist-packages/airflow/example_dags/example_sensor_decorator.py for tasks to queue
[2023-08-24T05:01:28.518+0000] {logging_mixin.py:151} INFO - [2023-08-24T05:01:28.517+0000] {dagbag.py:539} INFO - Filling up the DagBag from /usr/local/lib/python3.8/dist-packages/airflow/example_dags/example_sensor_decorator.py
[2023-08-24T05:01:28.525+0000] {processor.py:839} INFO - DAG(s) dict_keys(['example_sensor_decorator']) retrieved from /usr/local/lib/python3.8/dist-packages/airflow/example_dags/example_sensor_decorator.py
[2023-08-24T05:01:28.541+0000] {logging_mixin.py:151} INFO - [2023-08-24T05:01:28.541+0000] {dag.py:2907} INFO - Sync 1 DAGs
[2023-08-24T05:01:28.552+0000] {logging_mixin.py:151} INFO - [2023-08-24T05:01:28.552+0000] {dag.py:3677} INFO - Setting next_dagrun for example_sensor_decorator to None, run_after=None
[2023-08-24T05:01:28.570+0000] {processor.py:179} INFO - Processing /usr/local/lib/python3.8/dist-packages/airflow/example_dags/example_sensor_decorator.py took 0.059 seconds
[2023-08-24T05:02:26.992+0000] {processor.py:157} INFO - Started process (PID=47261) to work on /usr/local/lib/python3.8/dist-packages/airflow/example_dags/example_sensor_decorator.py
[2023-08-24T05:02:26.994+0000] {processor.py:829} INFO - Processing file /usr/local/lib/python3.8/dist-packages/airflow/example_dags/example_sensor_decorator.py for tasks to queue
[2023-08-24T05:02:26.995+0000] {logging_mixin.py:151} INFO - [2023-08-24T05:02:26.994+0000] {dagbag.py:539} INFO - Filling up the DagBag from /usr/local/lib/python3.8/dist-packages/airflow/example_dags/example_sensor_decorator.py
[2023-08-24T05:02:27.001+0000] {processor.py:839} INFO - DAG(s) dict_keys(['example_sensor_decorator']) retrieved from /usr/local/lib/python3.8/dist-packages/airflow/example_dags/example_sensor_decorator.py
[2023-08-24T05:02:27.017+0000] {logging_mixin.py:151} INFO - [2023-08-24T05:02:27.017+0000] {dag.py:2907} INFO - Sync 1 DAGs
[2023-08-24T05:02:27.027+0000] {logging_mixin.py:151} INFO - [2023-08-24T05:02:27.027+0000] {dag.py:3677} INFO - Setting next_dagrun for example_sensor_decorator to None, run_after=None
[2023-08-24T05:02:27.044+0000] {processor.py:179} INFO - Processing /usr/local/lib/python3.8/dist-packages/airflow/example_dags/example_sensor_decorator.py took 0.056 seconds
[2023-08-24T05:03:27.663+0000] {processor.py:157} INFO - Started process (PID=47449) to work on /usr/local/lib/python3.8/dist-packages/airflow/example_dags/example_sensor_decorator.py
[2023-08-24T05:03:27.665+0000] {processor.py:829} INFO - Processing file /usr/local/lib/python3.8/dist-packages/airflow/example_dags/example_sensor_decorator.py for tasks to queue
[2023-08-24T05:03:27.665+0000] {logging_mixin.py:151} INFO - [2023-08-24T05:03:27.665+0000] {dagbag.py:539} INFO - Filling up the DagBag from /usr/local/lib/python3.8/dist-packages/airflow/example_dags/example_sensor_decorator.py
[2023-08-24T05:03:27.672+0000] {processor.py:839} INFO - DAG(s) dict_keys(['example_sensor_decorator']) retrieved from /usr/local/lib/python3.8/dist-packages/airflow/example_dags/example_sensor_decorator.py
[2023-08-24T05:03:27.688+0000] {logging_mixin.py:151} INFO - [2023-08-24T05:03:27.688+0000] {dag.py:2907} INFO - Sync 1 DAGs
[2023-08-24T05:03:27.699+0000] {logging_mixin.py:151} INFO - [2023-08-24T05:03:27.699+0000] {dag.py:3677} INFO - Setting next_dagrun for example_sensor_decorator to None, run_after=None
[2023-08-24T05:03:27.716+0000] {processor.py:179} INFO - Processing /usr/local/lib/python3.8/dist-packages/airflow/example_dags/example_sensor_decorator.py took 0.057 seconds
[2023-08-24T05:04:26.662+0000] {processor.py:157} INFO - Started process (PID=47632) to work on /usr/local/lib/python3.8/dist-packages/airflow/example_dags/example_sensor_decorator.py
[2023-08-24T05:04:26.663+0000] {processor.py:829} INFO - Processing file /usr/local/lib/python3.8/dist-packages/airflow/example_dags/example_sensor_decorator.py for tasks to queue
[2023-08-24T05:04:26.665+0000] {logging_mixin.py:151} INFO - [2023-08-24T05:04:26.664+0000] {dagbag.py:539} INFO - Filling up the DagBag from /usr/local/lib/python3.8/dist-packages/airflow/example_dags/example_sensor_decorator.py
[2023-08-24T05:04:26.673+0000] {processor.py:839} INFO - DAG(s) dict_keys(['example_sensor_decorator']) retrieved from /usr/local/lib/python3.8/dist-packages/airflow/example_dags/example_sensor_decorator.py
[2023-08-24T05:04:26.692+0000] {logging_mixin.py:151} INFO - [2023-08-24T05:04:26.692+0000] {dag.py:2907} INFO - Sync 1 DAGs
[2023-08-24T05:04:26.704+0000] {logging_mixin.py:151} INFO - [2023-08-24T05:04:26.704+0000] {dag.py:3677} INFO - Setting next_dagrun for example_sensor_decorator to None, run_after=None
[2023-08-24T05:04:26.723+0000] {processor.py:179} INFO - Processing /usr/local/lib/python3.8/dist-packages/airflow/example_dags/example_sensor_decorator.py took 0.066 seconds
[2023-08-24T05:05:26.892+0000] {processor.py:157} INFO - Started process (PID=47828) to work on /usr/local/lib/python3.8/dist-packages/airflow/example_dags/example_sensor_decorator.py
[2023-08-24T05:05:26.894+0000] {processor.py:829} INFO - Processing file /usr/local/lib/python3.8/dist-packages/airflow/example_dags/example_sensor_decorator.py for tasks to queue
[2023-08-24T05:05:26.895+0000] {logging_mixin.py:151} INFO - [2023-08-24T05:05:26.895+0000] {dagbag.py:539} INFO - Filling up the DagBag from /usr/local/lib/python3.8/dist-packages/airflow/example_dags/example_sensor_decorator.py
[2023-08-24T05:05:26.902+0000] {processor.py:839} INFO - DAG(s) dict_keys(['example_sensor_decorator']) retrieved from /usr/local/lib/python3.8/dist-packages/airflow/example_dags/example_sensor_decorator.py
[2023-08-24T05:05:26.920+0000] {logging_mixin.py:151} INFO - [2023-08-24T05:05:26.920+0000] {dag.py:2907} INFO - Sync 1 DAGs
[2023-08-24T05:05:26.932+0000] {logging_mixin.py:151} INFO - [2023-08-24T05:05:26.932+0000] {dag.py:3677} INFO - Setting next_dagrun for example_sensor_decorator to None, run_after=None
[2023-08-24T05:05:26.950+0000] {processor.py:179} INFO - Processing /usr/local/lib/python3.8/dist-packages/airflow/example_dags/example_sensor_decorator.py took 0.062 seconds
[2023-08-24T05:06:24.644+0000] {processor.py:157} INFO - Started process (PID=48024) to work on /usr/local/lib/python3.8/dist-packages/airflow/example_dags/example_sensor_decorator.py
[2023-08-24T05:06:24.646+0000] {processor.py:829} INFO - Processing file /usr/local/lib/python3.8/dist-packages/airflow/example_dags/example_sensor_decorator.py for tasks to queue
[2023-08-24T05:06:24.647+0000] {logging_mixin.py:151} INFO - [2023-08-24T05:06:24.646+0000] {dagbag.py:539} INFO - Filling up the DagBag from /usr/local/lib/python3.8/dist-packages/airflow/example_dags/example_sensor_decorator.py
[2023-08-24T05:06:24.653+0000] {processor.py:839} INFO - DAG(s) dict_keys(['example_sensor_decorator']) retrieved from /usr/local/lib/python3.8/dist-packages/airflow/example_dags/example_sensor_decorator.py
[2023-08-24T05:06:24.669+0000] {logging_mixin.py:151} INFO - [2023-08-24T05:06:24.669+0000] {dag.py:2907} INFO - Sync 1 DAGs
[2023-08-24T05:06:24.680+0000] {logging_mixin.py:151} INFO - [2023-08-24T05:06:24.680+0000] {dag.py:3677} INFO - Setting next_dagrun for example_sensor_decorator to None, run_after=None
[2023-08-24T05:06:24.698+0000] {processor.py:179} INFO - Processing /usr/local/lib/python3.8/dist-packages/airflow/example_dags/example_sensor_decorator.py took 0.058 seconds
[2023-08-24T05:07:21.876+0000] {processor.py:157} INFO - Started process (PID=48208) to work on /usr/local/lib/python3.8/dist-packages/airflow/example_dags/example_sensor_decorator.py
[2023-08-24T05:07:21.882+0000] {processor.py:829} INFO - Processing file /usr/local/lib/python3.8/dist-packages/airflow/example_dags/example_sensor_decorator.py for tasks to queue
[2023-08-24T05:07:21.883+0000] {logging_mixin.py:151} INFO - [2023-08-24T05:07:21.882+0000] {dagbag.py:539} INFO - Filling up the DagBag from /usr/local/lib/python3.8/dist-packages/airflow/example_dags/example_sensor_decorator.py
[2023-08-24T05:07:21.889+0000] {processor.py:839} INFO - DAG(s) dict_keys(['example_sensor_decorator']) retrieved from /usr/local/lib/python3.8/dist-packages/airflow/example_dags/example_sensor_decorator.py
[2023-08-24T05:07:21.906+0000] {logging_mixin.py:151} INFO - [2023-08-24T05:07:21.905+0000] {dag.py:2907} INFO - Sync 1 DAGs
[2023-08-24T05:07:21.918+0000] {logging_mixin.py:151} INFO - [2023-08-24T05:07:21.918+0000] {dag.py:3677} INFO - Setting next_dagrun for example_sensor_decorator to None, run_after=None
[2023-08-24T05:07:21.936+0000] {processor.py:179} INFO - Processing /usr/local/lib/python3.8/dist-packages/airflow/example_dags/example_sensor_decorator.py took 0.064 seconds
[2023-08-24T05:08:21.576+0000] {processor.py:157} INFO - Started process (PID=48394) to work on /usr/local/lib/python3.8/dist-packages/airflow/example_dags/example_sensor_decorator.py
[2023-08-24T05:08:21.578+0000] {processor.py:829} INFO - Processing file /usr/local/lib/python3.8/dist-packages/airflow/example_dags/example_sensor_decorator.py for tasks to queue
[2023-08-24T05:08:21.579+0000] {logging_mixin.py:151} INFO - [2023-08-24T05:08:21.578+0000] {dagbag.py:539} INFO - Filling up the DagBag from /usr/local/lib/python3.8/dist-packages/airflow/example_dags/example_sensor_decorator.py
[2023-08-24T05:08:21.586+0000] {processor.py:839} INFO - DAG(s) dict_keys(['example_sensor_decorator']) retrieved from /usr/local/lib/python3.8/dist-packages/airflow/example_dags/example_sensor_decorator.py
[2023-08-24T05:08:21.602+0000] {logging_mixin.py:151} INFO - [2023-08-24T05:08:21.602+0000] {dag.py:2907} INFO - Sync 1 DAGs
[2023-08-24T05:08:21.613+0000] {logging_mixin.py:151} INFO - [2023-08-24T05:08:21.613+0000] {dag.py:3677} INFO - Setting next_dagrun for example_sensor_decorator to None, run_after=None
[2023-08-24T05:08:21.633+0000] {processor.py:179} INFO - Processing /usr/local/lib/python3.8/dist-packages/airflow/example_dags/example_sensor_decorator.py took 0.060 seconds
[2023-08-24T05:09:22.044+0000] {processor.py:157} INFO - Started process (PID=48590) to work on /usr/local/lib/python3.8/dist-packages/airflow/example_dags/example_sensor_decorator.py
[2023-08-24T05:09:22.046+0000] {processor.py:829} INFO - Processing file /usr/local/lib/python3.8/dist-packages/airflow/example_dags/example_sensor_decorator.py for tasks to queue
[2023-08-24T05:09:22.047+0000] {logging_mixin.py:151} INFO - [2023-08-24T05:09:22.046+0000] {dagbag.py:539} INFO - Filling up the DagBag from /usr/local/lib/python3.8/dist-packages/airflow/example_dags/example_sensor_decorator.py
[2023-08-24T05:09:22.054+0000] {processor.py:839} INFO - DAG(s) dict_keys(['example_sensor_decorator']) retrieved from /usr/local/lib/python3.8/dist-packages/airflow/example_dags/example_sensor_decorator.py
[2023-08-24T05:09:22.070+0000] {logging_mixin.py:151} INFO - [2023-08-24T05:09:22.069+0000] {dag.py:2907} INFO - Sync 1 DAGs
[2023-08-24T05:09:22.081+0000] {logging_mixin.py:151} INFO - [2023-08-24T05:09:22.080+0000] {dag.py:3677} INFO - Setting next_dagrun for example_sensor_decorator to None, run_after=None
[2023-08-24T05:09:22.099+0000] {processor.py:179} INFO - Processing /usr/local/lib/python3.8/dist-packages/airflow/example_dags/example_sensor_decorator.py took 0.058 seconds
[2023-08-24T05:10:19.751+0000] {processor.py:157} INFO - Started process (PID=48771) to work on /usr/local/lib/python3.8/dist-packages/airflow/example_dags/example_sensor_decorator.py
[2023-08-24T05:10:19.752+0000] {processor.py:829} INFO - Processing file /usr/local/lib/python3.8/dist-packages/airflow/example_dags/example_sensor_decorator.py for tasks to queue
[2023-08-24T05:10:19.753+0000] {logging_mixin.py:151} INFO - [2023-08-24T05:10:19.753+0000] {dagbag.py:539} INFO - Filling up the DagBag from /usr/local/lib/python3.8/dist-packages/airflow/example_dags/example_sensor_decorator.py
[2023-08-24T05:10:19.760+0000] {processor.py:839} INFO - DAG(s) dict_keys(['example_sensor_decorator']) retrieved from /usr/local/lib/python3.8/dist-packages/airflow/example_dags/example_sensor_decorator.py
[2023-08-24T05:10:19.776+0000] {logging_mixin.py:151} INFO - [2023-08-24T05:10:19.776+0000] {dag.py:2907} INFO - Sync 1 DAGs
[2023-08-24T05:10:19.787+0000] {logging_mixin.py:151} INFO - [2023-08-24T05:10:19.787+0000] {dag.py:3677} INFO - Setting next_dagrun for example_sensor_decorator to None, run_after=None
[2023-08-24T05:10:19.805+0000] {processor.py:179} INFO - Processing /usr/local/lib/python3.8/dist-packages/airflow/example_dags/example_sensor_decorator.py took 0.057 seconds
[2023-08-24T05:11:34.424+0000] {processor.py:157} INFO - Started process (PID=48927) to work on /usr/local/lib/python3.8/dist-packages/airflow/example_dags/example_sensor_decorator.py
[2023-08-24T05:11:34.425+0000] {processor.py:829} INFO - Processing file /usr/local/lib/python3.8/dist-packages/airflow/example_dags/example_sensor_decorator.py for tasks to queue
[2023-08-24T05:11:34.426+0000] {logging_mixin.py:151} INFO - [2023-08-24T05:11:34.426+0000] {dagbag.py:539} INFO - Filling up the DagBag from /usr/local/lib/python3.8/dist-packages/airflow/example_dags/example_sensor_decorator.py
[2023-08-24T05:11:34.433+0000] {processor.py:839} INFO - DAG(s) dict_keys(['example_sensor_decorator']) retrieved from /usr/local/lib/python3.8/dist-packages/airflow/example_dags/example_sensor_decorator.py
[2023-08-24T05:11:34.450+0000] {logging_mixin.py:151} INFO - [2023-08-24T05:11:34.450+0000] {dag.py:2907} INFO - Sync 1 DAGs
[2023-08-24T05:11:34.462+0000] {logging_mixin.py:151} INFO - [2023-08-24T05:11:34.462+0000] {dag.py:3677} INFO - Setting next_dagrun for example_sensor_decorator to None, run_after=None
[2023-08-24T05:11:34.482+0000] {processor.py:179} INFO - Processing /usr/local/lib/python3.8/dist-packages/airflow/example_dags/example_sensor_decorator.py took 0.062 seconds
[2023-08-24T05:12:35.336+0000] {processor.py:157} INFO - Started process (PID=49122) to work on /usr/local/lib/python3.8/dist-packages/airflow/example_dags/example_sensor_decorator.py
[2023-08-24T05:12:35.338+0000] {processor.py:829} INFO - Processing file /usr/local/lib/python3.8/dist-packages/airflow/example_dags/example_sensor_decorator.py for tasks to queue
[2023-08-24T05:12:35.339+0000] {logging_mixin.py:151} INFO - [2023-08-24T05:12:35.338+0000] {dagbag.py:539} INFO - Filling up the DagBag from /usr/local/lib/python3.8/dist-packages/airflow/example_dags/example_sensor_decorator.py
[2023-08-24T05:12:35.345+0000] {processor.py:839} INFO - DAG(s) dict_keys(['example_sensor_decorator']) retrieved from /usr/local/lib/python3.8/dist-packages/airflow/example_dags/example_sensor_decorator.py
[2023-08-24T05:12:35.362+0000] {logging_mixin.py:151} INFO - [2023-08-24T05:12:35.362+0000] {dag.py:2907} INFO - Sync 1 DAGs
[2023-08-24T05:12:35.373+0000] {logging_mixin.py:151} INFO - [2023-08-24T05:12:35.372+0000] {dag.py:3677} INFO - Setting next_dagrun for example_sensor_decorator to None, run_after=None
[2023-08-24T05:12:35.391+0000] {processor.py:179} INFO - Processing /usr/local/lib/python3.8/dist-packages/airflow/example_dags/example_sensor_decorator.py took 0.058 seconds
[2023-08-24T05:13:35.962+0000] {processor.py:157} INFO - Started process (PID=49326) to work on /usr/local/lib/python3.8/dist-packages/airflow/example_dags/example_sensor_decorator.py
[2023-08-24T05:13:35.964+0000] {processor.py:829} INFO - Processing file /usr/local/lib/python3.8/dist-packages/airflow/example_dags/example_sensor_decorator.py for tasks to queue
[2023-08-24T05:13:35.965+0000] {logging_mixin.py:151} INFO - [2023-08-24T05:13:35.964+0000] {dagbag.py:539} INFO - Filling up the DagBag from /usr/local/lib/python3.8/dist-packages/airflow/example_dags/example_sensor_decorator.py
[2023-08-24T05:13:35.971+0000] {processor.py:839} INFO - DAG(s) dict_keys(['example_sensor_decorator']) retrieved from /usr/local/lib/python3.8/dist-packages/airflow/example_dags/example_sensor_decorator.py
[2023-08-24T05:13:35.987+0000] {logging_mixin.py:151} INFO - [2023-08-24T05:13:35.987+0000] {dag.py:2907} INFO - Sync 1 DAGs
[2023-08-24T05:13:35.998+0000] {logging_mixin.py:151} INFO - [2023-08-24T05:13:35.998+0000] {dag.py:3677} INFO - Setting next_dagrun for example_sensor_decorator to None, run_after=None
[2023-08-24T05:13:36.017+0000] {processor.py:179} INFO - Processing /usr/local/lib/python3.8/dist-packages/airflow/example_dags/example_sensor_decorator.py took 0.058 seconds
