[2023-08-24T04:22:02.020+0000] {processor.py:157} INFO - Started process (PID=37602) to work on /usr/local/lib/python3.8/dist-packages/airflow/example_dags/example_dynamic_task_mapping_with_no_taskflow_operators.py
[2023-08-24T04:22:02.021+0000] {processor.py:829} INFO - Processing file /usr/local/lib/python3.8/dist-packages/airflow/example_dags/example_dynamic_task_mapping_with_no_taskflow_operators.py for tasks to queue
[2023-08-24T04:22:02.022+0000] {logging_mixin.py:151} INFO - [2023-08-24T04:22:02.022+0000] {dagbag.py:539} INFO - Filling up the DagBag from /usr/local/lib/python3.8/dist-packages/airflow/example_dags/example_dynamic_task_mapping_with_no_taskflow_operators.py
[2023-08-24T04:22:02.029+0000] {processor.py:839} INFO - DAG(s) dict_keys(['example_dynamic_task_mapping_with_no_taskflow_operators']) retrieved from /usr/local/lib/python3.8/dist-packages/airflow/example_dags/example_dynamic_task_mapping_with_no_taskflow_operators.py
[2023-08-24T04:22:02.045+0000] {logging_mixin.py:151} INFO - [2023-08-24T04:22:02.045+0000] {dag.py:2907} INFO - Sync 1 DAGs
[2023-08-24T04:22:02.060+0000] {logging_mixin.py:151} INFO - [2023-08-24T04:22:02.060+0000] {dag.py:3677} INFO - Setting next_dagrun for example_dynamic_task_mapping_with_no_taskflow_operators to 2023-08-23T04:22:02.060376+00:00, run_after=2023-08-24T04:22:02.060376+00:00
[2023-08-24T04:22:02.078+0000] {processor.py:179} INFO - Processing /usr/local/lib/python3.8/dist-packages/airflow/example_dags/example_dynamic_task_mapping_with_no_taskflow_operators.py took 0.061 seconds
[2023-08-24T04:31:16.246+0000] {processor.py:157} INFO - Started process (PID=41477) to work on /usr/local/lib/python3.8/dist-packages/airflow/example_dags/example_dynamic_task_mapping_with_no_taskflow_operators.py
[2023-08-24T04:31:16.247+0000] {processor.py:829} INFO - Processing file /usr/local/lib/python3.8/dist-packages/airflow/example_dags/example_dynamic_task_mapping_with_no_taskflow_operators.py for tasks to queue
[2023-08-24T04:31:16.248+0000] {logging_mixin.py:151} INFO - [2023-08-24T04:31:16.248+0000] {dagbag.py:539} INFO - Filling up the DagBag from /usr/local/lib/python3.8/dist-packages/airflow/example_dags/example_dynamic_task_mapping_with_no_taskflow_operators.py
[2023-08-24T04:31:16.256+0000] {processor.py:839} INFO - DAG(s) dict_keys(['example_dynamic_task_mapping_with_no_taskflow_operators']) retrieved from /usr/local/lib/python3.8/dist-packages/airflow/example_dags/example_dynamic_task_mapping_with_no_taskflow_operators.py
[2023-08-24T04:31:16.275+0000] {logging_mixin.py:151} INFO - [2023-08-24T04:31:16.275+0000] {dag.py:2907} INFO - Sync 1 DAGs
[2023-08-24T04:31:16.295+0000] {logging_mixin.py:151} INFO - [2023-08-24T04:31:16.294+0000] {dag.py:3677} INFO - Setting next_dagrun for example_dynamic_task_mapping_with_no_taskflow_operators to 2023-08-23T04:31:16.294676+00:00, run_after=2023-08-24T04:31:16.294676+00:00
[2023-08-24T04:31:16.313+0000] {processor.py:179} INFO - Processing /usr/local/lib/python3.8/dist-packages/airflow/example_dags/example_dynamic_task_mapping_with_no_taskflow_operators.py took 0.071 seconds
[2023-08-24T04:32:17.126+0000] {processor.py:157} INFO - Started process (PID=41675) to work on /usr/local/lib/python3.8/dist-packages/airflow/example_dags/example_dynamic_task_mapping_with_no_taskflow_operators.py
[2023-08-24T04:32:17.129+0000] {processor.py:829} INFO - Processing file /usr/local/lib/python3.8/dist-packages/airflow/example_dags/example_dynamic_task_mapping_with_no_taskflow_operators.py for tasks to queue
[2023-08-24T04:32:17.130+0000] {logging_mixin.py:151} INFO - [2023-08-24T04:32:17.130+0000] {dagbag.py:539} INFO - Filling up the DagBag from /usr/local/lib/python3.8/dist-packages/airflow/example_dags/example_dynamic_task_mapping_with_no_taskflow_operators.py
[2023-08-24T04:32:17.137+0000] {processor.py:839} INFO - DAG(s) dict_keys(['example_dynamic_task_mapping_with_no_taskflow_operators']) retrieved from /usr/local/lib/python3.8/dist-packages/airflow/example_dags/example_dynamic_task_mapping_with_no_taskflow_operators.py
[2023-08-24T04:32:17.154+0000] {logging_mixin.py:151} INFO - [2023-08-24T04:32:17.154+0000] {dag.py:2907} INFO - Sync 1 DAGs
[2023-08-24T04:32:17.170+0000] {logging_mixin.py:151} INFO - [2023-08-24T04:32:17.170+0000] {dag.py:3677} INFO - Setting next_dagrun for example_dynamic_task_mapping_with_no_taskflow_operators to 2023-08-23T04:32:17.170105+00:00, run_after=2023-08-24T04:32:17.170105+00:00
[2023-08-24T04:32:17.187+0000] {processor.py:179} INFO - Processing /usr/local/lib/python3.8/dist-packages/airflow/example_dags/example_dynamic_task_mapping_with_no_taskflow_operators.py took 0.063 seconds
[2023-08-24T04:33:16.780+0000] {processor.py:157} INFO - Started process (PID=41866) to work on /usr/local/lib/python3.8/dist-packages/airflow/example_dags/example_dynamic_task_mapping_with_no_taskflow_operators.py
[2023-08-24T04:33:16.783+0000] {processor.py:829} INFO - Processing file /usr/local/lib/python3.8/dist-packages/airflow/example_dags/example_dynamic_task_mapping_with_no_taskflow_operators.py for tasks to queue
[2023-08-24T04:33:16.784+0000] {logging_mixin.py:151} INFO - [2023-08-24T04:33:16.784+0000] {dagbag.py:539} INFO - Filling up the DagBag from /usr/local/lib/python3.8/dist-packages/airflow/example_dags/example_dynamic_task_mapping_with_no_taskflow_operators.py
[2023-08-24T04:33:16.791+0000] {processor.py:839} INFO - DAG(s) dict_keys(['example_dynamic_task_mapping_with_no_taskflow_operators']) retrieved from /usr/local/lib/python3.8/dist-packages/airflow/example_dags/example_dynamic_task_mapping_with_no_taskflow_operators.py
[2023-08-24T04:33:16.806+0000] {logging_mixin.py:151} INFO - [2023-08-24T04:33:16.806+0000] {dag.py:2907} INFO - Sync 1 DAGs
[2023-08-24T04:33:16.822+0000] {logging_mixin.py:151} INFO - [2023-08-24T04:33:16.822+0000] {dag.py:3677} INFO - Setting next_dagrun for example_dynamic_task_mapping_with_no_taskflow_operators to 2023-08-23T04:33:16.821853+00:00, run_after=2023-08-24T04:33:16.821853+00:00
[2023-08-24T04:33:16.839+0000] {processor.py:179} INFO - Processing /usr/local/lib/python3.8/dist-packages/airflow/example_dags/example_dynamic_task_mapping_with_no_taskflow_operators.py took 0.062 seconds
[2023-08-24T04:34:15.897+0000] {processor.py:157} INFO - Started process (PID=42049) to work on /usr/local/lib/python3.8/dist-packages/airflow/example_dags/example_dynamic_task_mapping_with_no_taskflow_operators.py
[2023-08-24T04:34:15.898+0000] {processor.py:829} INFO - Processing file /usr/local/lib/python3.8/dist-packages/airflow/example_dags/example_dynamic_task_mapping_with_no_taskflow_operators.py for tasks to queue
[2023-08-24T04:34:15.899+0000] {logging_mixin.py:151} INFO - [2023-08-24T04:34:15.899+0000] {dagbag.py:539} INFO - Filling up the DagBag from /usr/local/lib/python3.8/dist-packages/airflow/example_dags/example_dynamic_task_mapping_with_no_taskflow_operators.py
[2023-08-24T04:34:15.906+0000] {processor.py:839} INFO - DAG(s) dict_keys(['example_dynamic_task_mapping_with_no_taskflow_operators']) retrieved from /usr/local/lib/python3.8/dist-packages/airflow/example_dags/example_dynamic_task_mapping_with_no_taskflow_operators.py
[2023-08-24T04:34:15.921+0000] {logging_mixin.py:151} INFO - [2023-08-24T04:34:15.921+0000] {dag.py:2907} INFO - Sync 1 DAGs
[2023-08-24T04:34:15.937+0000] {logging_mixin.py:151} INFO - [2023-08-24T04:34:15.937+0000] {dag.py:3677} INFO - Setting next_dagrun for example_dynamic_task_mapping_with_no_taskflow_operators to 2023-08-23T04:34:15.936889+00:00, run_after=2023-08-24T04:34:15.936889+00:00
[2023-08-24T04:34:15.953+0000] {processor.py:179} INFO - Processing /usr/local/lib/python3.8/dist-packages/airflow/example_dags/example_dynamic_task_mapping_with_no_taskflow_operators.py took 0.060 seconds
[2023-08-24T04:35:15.433+0000] {processor.py:157} INFO - Started process (PID=42245) to work on /usr/local/lib/python3.8/dist-packages/airflow/example_dags/example_dynamic_task_mapping_with_no_taskflow_operators.py
[2023-08-24T04:35:15.435+0000] {processor.py:829} INFO - Processing file /usr/local/lib/python3.8/dist-packages/airflow/example_dags/example_dynamic_task_mapping_with_no_taskflow_operators.py for tasks to queue
[2023-08-24T04:35:15.436+0000] {logging_mixin.py:151} INFO - [2023-08-24T04:35:15.435+0000] {dagbag.py:539} INFO - Filling up the DagBag from /usr/local/lib/python3.8/dist-packages/airflow/example_dags/example_dynamic_task_mapping_with_no_taskflow_operators.py
[2023-08-24T04:35:15.443+0000] {processor.py:839} INFO - DAG(s) dict_keys(['example_dynamic_task_mapping_with_no_taskflow_operators']) retrieved from /usr/local/lib/python3.8/dist-packages/airflow/example_dags/example_dynamic_task_mapping_with_no_taskflow_operators.py
[2023-08-24T04:35:15.458+0000] {logging_mixin.py:151} INFO - [2023-08-24T04:35:15.458+0000] {dag.py:2907} INFO - Sync 1 DAGs
[2023-08-24T04:35:15.475+0000] {logging_mixin.py:151} INFO - [2023-08-24T04:35:15.475+0000] {dag.py:3677} INFO - Setting next_dagrun for example_dynamic_task_mapping_with_no_taskflow_operators to 2023-08-23T04:35:15.474928+00:00, run_after=2023-08-24T04:35:15.474928+00:00
[2023-08-24T04:35:15.493+0000] {processor.py:179} INFO - Processing /usr/local/lib/python3.8/dist-packages/airflow/example_dags/example_dynamic_task_mapping_with_no_taskflow_operators.py took 0.063 seconds
[2023-08-24T04:36:14.496+0000] {processor.py:157} INFO - Started process (PID=42441) to work on /usr/local/lib/python3.8/dist-packages/airflow/example_dags/example_dynamic_task_mapping_with_no_taskflow_operators.py
[2023-08-24T04:36:14.498+0000] {processor.py:829} INFO - Processing file /usr/local/lib/python3.8/dist-packages/airflow/example_dags/example_dynamic_task_mapping_with_no_taskflow_operators.py for tasks to queue
[2023-08-24T04:36:14.499+0000] {logging_mixin.py:151} INFO - [2023-08-24T04:36:14.498+0000] {dagbag.py:539} INFO - Filling up the DagBag from /usr/local/lib/python3.8/dist-packages/airflow/example_dags/example_dynamic_task_mapping_with_no_taskflow_operators.py
[2023-08-24T04:36:14.505+0000] {processor.py:839} INFO - DAG(s) dict_keys(['example_dynamic_task_mapping_with_no_taskflow_operators']) retrieved from /usr/local/lib/python3.8/dist-packages/airflow/example_dags/example_dynamic_task_mapping_with_no_taskflow_operators.py
[2023-08-24T04:36:14.520+0000] {logging_mixin.py:151} INFO - [2023-08-24T04:36:14.520+0000] {dag.py:2907} INFO - Sync 1 DAGs
[2023-08-24T04:36:14.536+0000] {logging_mixin.py:151} INFO - [2023-08-24T04:36:14.536+0000] {dag.py:3677} INFO - Setting next_dagrun for example_dynamic_task_mapping_with_no_taskflow_operators to 2023-08-23T04:36:14.535907+00:00, run_after=2023-08-24T04:36:14.535907+00:00
[2023-08-24T04:36:14.553+0000] {processor.py:179} INFO - Processing /usr/local/lib/python3.8/dist-packages/airflow/example_dags/example_dynamic_task_mapping_with_no_taskflow_operators.py took 0.060 seconds
[2023-08-24T04:37:10.201+0000] {processor.py:157} INFO - Started process (PID=42624) to work on /usr/local/lib/python3.8/dist-packages/airflow/example_dags/example_dynamic_task_mapping_with_no_taskflow_operators.py
[2023-08-24T04:37:10.204+0000] {processor.py:829} INFO - Processing file /usr/local/lib/python3.8/dist-packages/airflow/example_dags/example_dynamic_task_mapping_with_no_taskflow_operators.py for tasks to queue
[2023-08-24T04:37:10.205+0000] {logging_mixin.py:151} INFO - [2023-08-24T04:37:10.205+0000] {dagbag.py:539} INFO - Filling up the DagBag from /usr/local/lib/python3.8/dist-packages/airflow/example_dags/example_dynamic_task_mapping_with_no_taskflow_operators.py
[2023-08-24T04:37:10.213+0000] {processor.py:839} INFO - DAG(s) dict_keys(['example_dynamic_task_mapping_with_no_taskflow_operators']) retrieved from /usr/local/lib/python3.8/dist-packages/airflow/example_dags/example_dynamic_task_mapping_with_no_taskflow_operators.py
[2023-08-24T04:37:10.230+0000] {logging_mixin.py:151} INFO - [2023-08-24T04:37:10.230+0000] {dag.py:2907} INFO - Sync 1 DAGs
[2023-08-24T04:37:10.247+0000] {logging_mixin.py:151} INFO - [2023-08-24T04:37:10.247+0000] {dag.py:3677} INFO - Setting next_dagrun for example_dynamic_task_mapping_with_no_taskflow_operators to 2023-08-23T04:37:10.247519+00:00, run_after=2023-08-24T04:37:10.247519+00:00
[2023-08-24T04:37:10.265+0000] {processor.py:179} INFO - Processing /usr/local/lib/python3.8/dist-packages/airflow/example_dags/example_dynamic_task_mapping_with_no_taskflow_operators.py took 0.067 seconds
[2023-08-24T04:38:05.620+0000] {processor.py:157} INFO - Started process (PID=42807) to work on /usr/local/lib/python3.8/dist-packages/airflow/example_dags/example_dynamic_task_mapping_with_no_taskflow_operators.py
[2023-08-24T04:38:05.621+0000] {processor.py:829} INFO - Processing file /usr/local/lib/python3.8/dist-packages/airflow/example_dags/example_dynamic_task_mapping_with_no_taskflow_operators.py for tasks to queue
[2023-08-24T04:38:05.622+0000] {logging_mixin.py:151} INFO - [2023-08-24T04:38:05.622+0000] {dagbag.py:539} INFO - Filling up the DagBag from /usr/local/lib/python3.8/dist-packages/airflow/example_dags/example_dynamic_task_mapping_with_no_taskflow_operators.py
[2023-08-24T04:38:05.628+0000] {processor.py:839} INFO - DAG(s) dict_keys(['example_dynamic_task_mapping_with_no_taskflow_operators']) retrieved from /usr/local/lib/python3.8/dist-packages/airflow/example_dags/example_dynamic_task_mapping_with_no_taskflow_operators.py
[2023-08-24T04:38:05.643+0000] {logging_mixin.py:151} INFO - [2023-08-24T04:38:05.643+0000] {dag.py:2907} INFO - Sync 1 DAGs
[2023-08-24T04:38:05.659+0000] {logging_mixin.py:151} INFO - [2023-08-24T04:38:05.659+0000] {dag.py:3677} INFO - Setting next_dagrun for example_dynamic_task_mapping_with_no_taskflow_operators to 2023-08-23T04:38:05.659081+00:00, run_after=2023-08-24T04:38:05.659081+00:00
[2023-08-24T04:38:05.676+0000] {processor.py:179} INFO - Processing /usr/local/lib/python3.8/dist-packages/airflow/example_dags/example_dynamic_task_mapping_with_no_taskflow_operators.py took 0.060 seconds
[2023-08-24T04:39:07.496+0000] {processor.py:157} INFO - Started process (PID=42992) to work on /usr/local/lib/python3.8/dist-packages/airflow/example_dags/example_dynamic_task_mapping_with_no_taskflow_operators.py
[2023-08-24T04:39:07.497+0000] {processor.py:829} INFO - Processing file /usr/local/lib/python3.8/dist-packages/airflow/example_dags/example_dynamic_task_mapping_with_no_taskflow_operators.py for tasks to queue
[2023-08-24T04:39:07.498+0000] {logging_mixin.py:151} INFO - [2023-08-24T04:39:07.498+0000] {dagbag.py:539} INFO - Filling up the DagBag from /usr/local/lib/python3.8/dist-packages/airflow/example_dags/example_dynamic_task_mapping_with_no_taskflow_operators.py
[2023-08-24T04:39:07.505+0000] {processor.py:839} INFO - DAG(s) dict_keys(['example_dynamic_task_mapping_with_no_taskflow_operators']) retrieved from /usr/local/lib/python3.8/dist-packages/airflow/example_dags/example_dynamic_task_mapping_with_no_taskflow_operators.py
[2023-08-24T04:39:07.520+0000] {logging_mixin.py:151} INFO - [2023-08-24T04:39:07.520+0000] {dag.py:2907} INFO - Sync 1 DAGs
[2023-08-24T04:39:07.537+0000] {logging_mixin.py:151} INFO - [2023-08-24T04:39:07.537+0000] {dag.py:3677} INFO - Setting next_dagrun for example_dynamic_task_mapping_with_no_taskflow_operators to 2023-08-23T04:39:07.537103+00:00, run_after=2023-08-24T04:39:07.537103+00:00
[2023-08-24T04:39:07.554+0000] {processor.py:179} INFO - Processing /usr/local/lib/python3.8/dist-packages/airflow/example_dags/example_dynamic_task_mapping_with_no_taskflow_operators.py took 0.062 seconds
[2023-08-24T04:40:07.765+0000] {processor.py:157} INFO - Started process (PID=43188) to work on /usr/local/lib/python3.8/dist-packages/airflow/example_dags/example_dynamic_task_mapping_with_no_taskflow_operators.py
[2023-08-24T04:40:07.769+0000] {processor.py:829} INFO - Processing file /usr/local/lib/python3.8/dist-packages/airflow/example_dags/example_dynamic_task_mapping_with_no_taskflow_operators.py for tasks to queue
[2023-08-24T04:40:07.769+0000] {logging_mixin.py:151} INFO - [2023-08-24T04:40:07.769+0000] {dagbag.py:539} INFO - Filling up the DagBag from /usr/local/lib/python3.8/dist-packages/airflow/example_dags/example_dynamic_task_mapping_with_no_taskflow_operators.py
[2023-08-24T04:40:07.776+0000] {processor.py:839} INFO - DAG(s) dict_keys(['example_dynamic_task_mapping_with_no_taskflow_operators']) retrieved from /usr/local/lib/python3.8/dist-packages/airflow/example_dags/example_dynamic_task_mapping_with_no_taskflow_operators.py
[2023-08-24T04:40:07.791+0000] {logging_mixin.py:151} INFO - [2023-08-24T04:40:07.791+0000] {dag.py:2907} INFO - Sync 1 DAGs
[2023-08-24T04:40:07.808+0000] {logging_mixin.py:151} INFO - [2023-08-24T04:40:07.807+0000] {dag.py:3677} INFO - Setting next_dagrun for example_dynamic_task_mapping_with_no_taskflow_operators to 2023-08-23T04:40:07.807668+00:00, run_after=2023-08-24T04:40:07.807668+00:00
[2023-08-24T04:40:07.825+0000] {processor.py:179} INFO - Processing /usr/local/lib/python3.8/dist-packages/airflow/example_dags/example_dynamic_task_mapping_with_no_taskflow_operators.py took 0.063 seconds
[2023-08-24T04:41:08.448+0000] {processor.py:157} INFO - Started process (PID=43372) to work on /usr/local/lib/python3.8/dist-packages/airflow/example_dags/example_dynamic_task_mapping_with_no_taskflow_operators.py
[2023-08-24T04:41:08.452+0000] {processor.py:829} INFO - Processing file /usr/local/lib/python3.8/dist-packages/airflow/example_dags/example_dynamic_task_mapping_with_no_taskflow_operators.py for tasks to queue
[2023-08-24T04:41:08.453+0000] {logging_mixin.py:151} INFO - [2023-08-24T04:41:08.453+0000] {dagbag.py:539} INFO - Filling up the DagBag from /usr/local/lib/python3.8/dist-packages/airflow/example_dags/example_dynamic_task_mapping_with_no_taskflow_operators.py
[2023-08-24T04:41:08.460+0000] {processor.py:839} INFO - DAG(s) dict_keys(['example_dynamic_task_mapping_with_no_taskflow_operators']) retrieved from /usr/local/lib/python3.8/dist-packages/airflow/example_dags/example_dynamic_task_mapping_with_no_taskflow_operators.py
[2023-08-24T04:41:08.475+0000] {logging_mixin.py:151} INFO - [2023-08-24T04:41:08.475+0000] {dag.py:2907} INFO - Sync 1 DAGs
[2023-08-24T04:41:08.491+0000] {logging_mixin.py:151} INFO - [2023-08-24T04:41:08.491+0000] {dag.py:3677} INFO - Setting next_dagrun for example_dynamic_task_mapping_with_no_taskflow_operators to 2023-08-23T04:41:08.490991+00:00, run_after=2023-08-24T04:41:08.490991+00:00
[2023-08-24T04:41:08.508+0000] {processor.py:179} INFO - Processing /usr/local/lib/python3.8/dist-packages/airflow/example_dags/example_dynamic_task_mapping_with_no_taskflow_operators.py took 0.063 seconds
[2023-08-24T04:42:07.509+0000] {processor.py:157} INFO - Started process (PID=43555) to work on /usr/local/lib/python3.8/dist-packages/airflow/example_dags/example_dynamic_task_mapping_with_no_taskflow_operators.py
[2023-08-24T04:42:07.511+0000] {processor.py:829} INFO - Processing file /usr/local/lib/python3.8/dist-packages/airflow/example_dags/example_dynamic_task_mapping_with_no_taskflow_operators.py for tasks to queue
[2023-08-24T04:42:07.512+0000] {logging_mixin.py:151} INFO - [2023-08-24T04:42:07.512+0000] {dagbag.py:539} INFO - Filling up the DagBag from /usr/local/lib/python3.8/dist-packages/airflow/example_dags/example_dynamic_task_mapping_with_no_taskflow_operators.py
[2023-08-24T04:42:07.519+0000] {processor.py:839} INFO - DAG(s) dict_keys(['example_dynamic_task_mapping_with_no_taskflow_operators']) retrieved from /usr/local/lib/python3.8/dist-packages/airflow/example_dags/example_dynamic_task_mapping_with_no_taskflow_operators.py
[2023-08-24T04:42:07.533+0000] {logging_mixin.py:151} INFO - [2023-08-24T04:42:07.533+0000] {dag.py:2907} INFO - Sync 1 DAGs
[2023-08-24T04:42:07.549+0000] {logging_mixin.py:151} INFO - [2023-08-24T04:42:07.549+0000] {dag.py:3677} INFO - Setting next_dagrun for example_dynamic_task_mapping_with_no_taskflow_operators to 2023-08-23T04:42:07.549388+00:00, run_after=2023-08-24T04:42:07.549388+00:00
[2023-08-24T04:42:07.566+0000] {processor.py:179} INFO - Processing /usr/local/lib/python3.8/dist-packages/airflow/example_dags/example_dynamic_task_mapping_with_no_taskflow_operators.py took 0.061 seconds
[2023-08-24T04:43:06.775+0000] {processor.py:157} INFO - Started process (PID=43743) to work on /usr/local/lib/python3.8/dist-packages/airflow/example_dags/example_dynamic_task_mapping_with_no_taskflow_operators.py
[2023-08-24T04:43:06.778+0000] {processor.py:829} INFO - Processing file /usr/local/lib/python3.8/dist-packages/airflow/example_dags/example_dynamic_task_mapping_with_no_taskflow_operators.py for tasks to queue
[2023-08-24T04:43:06.779+0000] {logging_mixin.py:151} INFO - [2023-08-24T04:43:06.779+0000] {dagbag.py:539} INFO - Filling up the DagBag from /usr/local/lib/python3.8/dist-packages/airflow/example_dags/example_dynamic_task_mapping_with_no_taskflow_operators.py
[2023-08-24T04:43:06.786+0000] {processor.py:839} INFO - DAG(s) dict_keys(['example_dynamic_task_mapping_with_no_taskflow_operators']) retrieved from /usr/local/lib/python3.8/dist-packages/airflow/example_dags/example_dynamic_task_mapping_with_no_taskflow_operators.py
[2023-08-24T04:43:06.802+0000] {logging_mixin.py:151} INFO - [2023-08-24T04:43:06.801+0000] {dag.py:2907} INFO - Sync 1 DAGs
[2023-08-24T04:43:06.818+0000] {logging_mixin.py:151} INFO - [2023-08-24T04:43:06.818+0000] {dag.py:3677} INFO - Setting next_dagrun for example_dynamic_task_mapping_with_no_taskflow_operators to 2023-08-23T04:43:06.818284+00:00, run_after=2023-08-24T04:43:06.818284+00:00
[2023-08-24T04:43:06.835+0000] {processor.py:179} INFO - Processing /usr/local/lib/python3.8/dist-packages/airflow/example_dags/example_dynamic_task_mapping_with_no_taskflow_operators.py took 0.064 seconds
[2023-08-24T04:44:07.535+0000] {processor.py:157} INFO - Started process (PID=43927) to work on /usr/local/lib/python3.8/dist-packages/airflow/example_dags/example_dynamic_task_mapping_with_no_taskflow_operators.py
[2023-08-24T04:44:07.536+0000] {processor.py:829} INFO - Processing file /usr/local/lib/python3.8/dist-packages/airflow/example_dags/example_dynamic_task_mapping_with_no_taskflow_operators.py for tasks to queue
[2023-08-24T04:44:07.537+0000] {logging_mixin.py:151} INFO - [2023-08-24T04:44:07.537+0000] {dagbag.py:539} INFO - Filling up the DagBag from /usr/local/lib/python3.8/dist-packages/airflow/example_dags/example_dynamic_task_mapping_with_no_taskflow_operators.py
[2023-08-24T04:44:07.544+0000] {processor.py:839} INFO - DAG(s) dict_keys(['example_dynamic_task_mapping_with_no_taskflow_operators']) retrieved from /usr/local/lib/python3.8/dist-packages/airflow/example_dags/example_dynamic_task_mapping_with_no_taskflow_operators.py
[2023-08-24T04:44:07.559+0000] {logging_mixin.py:151} INFO - [2023-08-24T04:44:07.559+0000] {dag.py:2907} INFO - Sync 1 DAGs
[2023-08-24T04:44:07.574+0000] {logging_mixin.py:151} INFO - [2023-08-24T04:44:07.574+0000] {dag.py:3677} INFO - Setting next_dagrun for example_dynamic_task_mapping_with_no_taskflow_operators to 2023-08-23T04:44:07.574528+00:00, run_after=2023-08-24T04:44:07.574528+00:00
[2023-08-24T04:44:07.592+0000] {processor.py:179} INFO - Processing /usr/local/lib/python3.8/dist-packages/airflow/example_dags/example_dynamic_task_mapping_with_no_taskflow_operators.py took 0.060 seconds
[2023-08-24T04:45:08.595+0000] {processor.py:157} INFO - Started process (PID=44112) to work on /usr/local/lib/python3.8/dist-packages/airflow/example_dags/example_dynamic_task_mapping_with_no_taskflow_operators.py
[2023-08-24T04:45:08.597+0000] {processor.py:829} INFO - Processing file /usr/local/lib/python3.8/dist-packages/airflow/example_dags/example_dynamic_task_mapping_with_no_taskflow_operators.py for tasks to queue
[2023-08-24T04:45:08.598+0000] {logging_mixin.py:151} INFO - [2023-08-24T04:45:08.597+0000] {dagbag.py:539} INFO - Filling up the DagBag from /usr/local/lib/python3.8/dist-packages/airflow/example_dags/example_dynamic_task_mapping_with_no_taskflow_operators.py
[2023-08-24T04:45:08.605+0000] {processor.py:839} INFO - DAG(s) dict_keys(['example_dynamic_task_mapping_with_no_taskflow_operators']) retrieved from /usr/local/lib/python3.8/dist-packages/airflow/example_dags/example_dynamic_task_mapping_with_no_taskflow_operators.py
[2023-08-24T04:45:08.620+0000] {logging_mixin.py:151} INFO - [2023-08-24T04:45:08.619+0000] {dag.py:2907} INFO - Sync 1 DAGs
[2023-08-24T04:45:08.635+0000] {logging_mixin.py:151} INFO - [2023-08-24T04:45:08.635+0000] {dag.py:3677} INFO - Setting next_dagrun for example_dynamic_task_mapping_with_no_taskflow_operators to 2023-08-23T04:45:08.635573+00:00, run_after=2023-08-24T04:45:08.635573+00:00
[2023-08-24T04:45:08.652+0000] {processor.py:179} INFO - Processing /usr/local/lib/python3.8/dist-packages/airflow/example_dags/example_dynamic_task_mapping_with_no_taskflow_operators.py took 0.060 seconds
[2023-08-24T04:46:10.175+0000] {processor.py:157} INFO - Started process (PID=44295) to work on /usr/local/lib/python3.8/dist-packages/airflow/example_dags/example_dynamic_task_mapping_with_no_taskflow_operators.py
[2023-08-24T04:46:10.176+0000] {processor.py:829} INFO - Processing file /usr/local/lib/python3.8/dist-packages/airflow/example_dags/example_dynamic_task_mapping_with_no_taskflow_operators.py for tasks to queue
[2023-08-24T04:46:10.177+0000] {logging_mixin.py:151} INFO - [2023-08-24T04:46:10.177+0000] {dagbag.py:539} INFO - Filling up the DagBag from /usr/local/lib/python3.8/dist-packages/airflow/example_dags/example_dynamic_task_mapping_with_no_taskflow_operators.py
[2023-08-24T04:46:10.184+0000] {processor.py:839} INFO - DAG(s) dict_keys(['example_dynamic_task_mapping_with_no_taskflow_operators']) retrieved from /usr/local/lib/python3.8/dist-packages/airflow/example_dags/example_dynamic_task_mapping_with_no_taskflow_operators.py
[2023-08-24T04:46:10.200+0000] {logging_mixin.py:151} INFO - [2023-08-24T04:46:10.200+0000] {dag.py:2907} INFO - Sync 1 DAGs
[2023-08-24T04:46:10.216+0000] {logging_mixin.py:151} INFO - [2023-08-24T04:46:10.216+0000] {dag.py:3677} INFO - Setting next_dagrun for example_dynamic_task_mapping_with_no_taskflow_operators to 2023-08-23T04:46:10.216259+00:00, run_after=2023-08-24T04:46:10.216259+00:00
[2023-08-24T04:46:10.234+0000] {processor.py:179} INFO - Processing /usr/local/lib/python3.8/dist-packages/airflow/example_dags/example_dynamic_task_mapping_with_no_taskflow_operators.py took 0.063 seconds
[2023-08-24T04:47:13.070+0000] {processor.py:157} INFO - Started process (PID=44478) to work on /usr/local/lib/python3.8/dist-packages/airflow/example_dags/example_dynamic_task_mapping_with_no_taskflow_operators.py
[2023-08-24T04:47:13.073+0000] {processor.py:829} INFO - Processing file /usr/local/lib/python3.8/dist-packages/airflow/example_dags/example_dynamic_task_mapping_with_no_taskflow_operators.py for tasks to queue
[2023-08-24T04:47:13.074+0000] {logging_mixin.py:151} INFO - [2023-08-24T04:47:13.074+0000] {dagbag.py:539} INFO - Filling up the DagBag from /usr/local/lib/python3.8/dist-packages/airflow/example_dags/example_dynamic_task_mapping_with_no_taskflow_operators.py
[2023-08-24T04:47:13.081+0000] {processor.py:839} INFO - DAG(s) dict_keys(['example_dynamic_task_mapping_with_no_taskflow_operators']) retrieved from /usr/local/lib/python3.8/dist-packages/airflow/example_dags/example_dynamic_task_mapping_with_no_taskflow_operators.py
[2023-08-24T04:47:13.096+0000] {logging_mixin.py:151} INFO - [2023-08-24T04:47:13.096+0000] {dag.py:2907} INFO - Sync 1 DAGs
[2023-08-24T04:47:13.112+0000] {logging_mixin.py:151} INFO - [2023-08-24T04:47:13.112+0000] {dag.py:3677} INFO - Setting next_dagrun for example_dynamic_task_mapping_with_no_taskflow_operators to 2023-08-23T04:47:13.111976+00:00, run_after=2023-08-24T04:47:13.111976+00:00
[2023-08-24T04:47:13.129+0000] {processor.py:179} INFO - Processing /usr/local/lib/python3.8/dist-packages/airflow/example_dags/example_dynamic_task_mapping_with_no_taskflow_operators.py took 0.063 seconds
[2023-08-24T04:48:13.204+0000] {processor.py:157} INFO - Started process (PID=44662) to work on /usr/local/lib/python3.8/dist-packages/airflow/example_dags/example_dynamic_task_mapping_with_no_taskflow_operators.py
[2023-08-24T04:48:13.207+0000] {processor.py:829} INFO - Processing file /usr/local/lib/python3.8/dist-packages/airflow/example_dags/example_dynamic_task_mapping_with_no_taskflow_operators.py for tasks to queue
[2023-08-24T04:48:13.208+0000] {logging_mixin.py:151} INFO - [2023-08-24T04:48:13.207+0000] {dagbag.py:539} INFO - Filling up the DagBag from /usr/local/lib/python3.8/dist-packages/airflow/example_dags/example_dynamic_task_mapping_with_no_taskflow_operators.py
[2023-08-24T04:48:13.214+0000] {processor.py:839} INFO - DAG(s) dict_keys(['example_dynamic_task_mapping_with_no_taskflow_operators']) retrieved from /usr/local/lib/python3.8/dist-packages/airflow/example_dags/example_dynamic_task_mapping_with_no_taskflow_operators.py
[2023-08-24T04:48:13.230+0000] {logging_mixin.py:151} INFO - [2023-08-24T04:48:13.230+0000] {dag.py:2907} INFO - Sync 1 DAGs
[2023-08-24T04:48:13.247+0000] {logging_mixin.py:151} INFO - [2023-08-24T04:48:13.247+0000] {dag.py:3677} INFO - Setting next_dagrun for example_dynamic_task_mapping_with_no_taskflow_operators to 2023-08-23T04:48:13.246802+00:00, run_after=2023-08-24T04:48:13.246802+00:00
[2023-08-24T04:48:13.266+0000] {processor.py:179} INFO - Processing /usr/local/lib/python3.8/dist-packages/airflow/example_dags/example_dynamic_task_mapping_with_no_taskflow_operators.py took 0.065 seconds
[2023-08-24T04:49:16.763+0000] {processor.py:157} INFO - Started process (PID=44845) to work on /usr/local/lib/python3.8/dist-packages/airflow/example_dags/example_dynamic_task_mapping_with_no_taskflow_operators.py
[2023-08-24T04:49:16.765+0000] {processor.py:829} INFO - Processing file /usr/local/lib/python3.8/dist-packages/airflow/example_dags/example_dynamic_task_mapping_with_no_taskflow_operators.py for tasks to queue
[2023-08-24T04:49:16.766+0000] {logging_mixin.py:151} INFO - [2023-08-24T04:49:16.765+0000] {dagbag.py:539} INFO - Filling up the DagBag from /usr/local/lib/python3.8/dist-packages/airflow/example_dags/example_dynamic_task_mapping_with_no_taskflow_operators.py
[2023-08-24T04:49:16.773+0000] {processor.py:839} INFO - DAG(s) dict_keys(['example_dynamic_task_mapping_with_no_taskflow_operators']) retrieved from /usr/local/lib/python3.8/dist-packages/airflow/example_dags/example_dynamic_task_mapping_with_no_taskflow_operators.py
[2023-08-24T04:49:16.788+0000] {logging_mixin.py:151} INFO - [2023-08-24T04:49:16.788+0000] {dag.py:2907} INFO - Sync 1 DAGs
[2023-08-24T04:49:16.804+0000] {logging_mixin.py:151} INFO - [2023-08-24T04:49:16.804+0000] {dag.py:3677} INFO - Setting next_dagrun for example_dynamic_task_mapping_with_no_taskflow_operators to 2023-08-23T04:49:16.804098+00:00, run_after=2023-08-24T04:49:16.804098+00:00
[2023-08-24T04:49:16.821+0000] {processor.py:179} INFO - Processing /usr/local/lib/python3.8/dist-packages/airflow/example_dags/example_dynamic_task_mapping_with_no_taskflow_operators.py took 0.061 seconds
[2023-08-24T04:50:15.388+0000] {processor.py:157} INFO - Started process (PID=45030) to work on /usr/local/lib/python3.8/dist-packages/airflow/example_dags/example_dynamic_task_mapping_with_no_taskflow_operators.py
[2023-08-24T04:50:15.409+0000] {processor.py:829} INFO - Processing file /usr/local/lib/python3.8/dist-packages/airflow/example_dags/example_dynamic_task_mapping_with_no_taskflow_operators.py for tasks to queue
[2023-08-24T04:50:15.410+0000] {logging_mixin.py:151} INFO - [2023-08-24T04:50:15.410+0000] {dagbag.py:539} INFO - Filling up the DagBag from /usr/local/lib/python3.8/dist-packages/airflow/example_dags/example_dynamic_task_mapping_with_no_taskflow_operators.py
[2023-08-24T04:50:15.418+0000] {processor.py:839} INFO - DAG(s) dict_keys(['example_dynamic_task_mapping_with_no_taskflow_operators']) retrieved from /usr/local/lib/python3.8/dist-packages/airflow/example_dags/example_dynamic_task_mapping_with_no_taskflow_operators.py
[2023-08-24T04:50:15.433+0000] {logging_mixin.py:151} INFO - [2023-08-24T04:50:15.433+0000] {dag.py:2907} INFO - Sync 1 DAGs
[2023-08-24T04:50:15.449+0000] {logging_mixin.py:151} INFO - [2023-08-24T04:50:15.449+0000] {dag.py:3677} INFO - Setting next_dagrun for example_dynamic_task_mapping_with_no_taskflow_operators to 2023-08-23T04:50:15.449527+00:00, run_after=2023-08-24T04:50:15.449527+00:00
[2023-08-24T04:50:15.467+0000] {processor.py:179} INFO - Processing /usr/local/lib/python3.8/dist-packages/airflow/example_dags/example_dynamic_task_mapping_with_no_taskflow_operators.py took 0.082 seconds
[2023-08-24T04:51:13.568+0000] {processor.py:157} INFO - Started process (PID=45212) to work on /usr/local/lib/python3.8/dist-packages/airflow/example_dags/example_dynamic_task_mapping_with_no_taskflow_operators.py
[2023-08-24T04:51:13.570+0000] {processor.py:829} INFO - Processing file /usr/local/lib/python3.8/dist-packages/airflow/example_dags/example_dynamic_task_mapping_with_no_taskflow_operators.py for tasks to queue
[2023-08-24T04:51:13.571+0000] {logging_mixin.py:151} INFO - [2023-08-24T04:51:13.570+0000] {dagbag.py:539} INFO - Filling up the DagBag from /usr/local/lib/python3.8/dist-packages/airflow/example_dags/example_dynamic_task_mapping_with_no_taskflow_operators.py
[2023-08-24T04:51:13.577+0000] {processor.py:839} INFO - DAG(s) dict_keys(['example_dynamic_task_mapping_with_no_taskflow_operators']) retrieved from /usr/local/lib/python3.8/dist-packages/airflow/example_dags/example_dynamic_task_mapping_with_no_taskflow_operators.py
[2023-08-24T04:51:13.593+0000] {logging_mixin.py:151} INFO - [2023-08-24T04:51:13.593+0000] {dag.py:2907} INFO - Sync 1 DAGs
[2023-08-24T04:51:13.609+0000] {logging_mixin.py:151} INFO - [2023-08-24T04:51:13.609+0000] {dag.py:3677} INFO - Setting next_dagrun for example_dynamic_task_mapping_with_no_taskflow_operators to 2023-08-23T04:51:13.609098+00:00, run_after=2023-08-24T04:51:13.609098+00:00
[2023-08-24T04:51:13.627+0000] {processor.py:179} INFO - Processing /usr/local/lib/python3.8/dist-packages/airflow/example_dags/example_dynamic_task_mapping_with_no_taskflow_operators.py took 0.062 seconds
[2023-08-24T04:52:14.934+0000] {processor.py:157} INFO - Started process (PID=45395) to work on /usr/local/lib/python3.8/dist-packages/airflow/example_dags/example_dynamic_task_mapping_with_no_taskflow_operators.py
[2023-08-24T04:52:14.937+0000] {processor.py:829} INFO - Processing file /usr/local/lib/python3.8/dist-packages/airflow/example_dags/example_dynamic_task_mapping_with_no_taskflow_operators.py for tasks to queue
[2023-08-24T04:52:14.938+0000] {logging_mixin.py:151} INFO - [2023-08-24T04:52:14.938+0000] {dagbag.py:539} INFO - Filling up the DagBag from /usr/local/lib/python3.8/dist-packages/airflow/example_dags/example_dynamic_task_mapping_with_no_taskflow_operators.py
[2023-08-24T04:52:14.945+0000] {processor.py:839} INFO - DAG(s) dict_keys(['example_dynamic_task_mapping_with_no_taskflow_operators']) retrieved from /usr/local/lib/python3.8/dist-packages/airflow/example_dags/example_dynamic_task_mapping_with_no_taskflow_operators.py
[2023-08-24T04:52:14.960+0000] {logging_mixin.py:151} INFO - [2023-08-24T04:52:14.960+0000] {dag.py:2907} INFO - Sync 1 DAGs
[2023-08-24T04:52:14.977+0000] {logging_mixin.py:151} INFO - [2023-08-24T04:52:14.976+0000] {dag.py:3677} INFO - Setting next_dagrun for example_dynamic_task_mapping_with_no_taskflow_operators to 2023-08-23T04:52:14.976617+00:00, run_after=2023-08-24T04:52:14.976617+00:00
[2023-08-24T04:52:14.994+0000] {processor.py:179} INFO - Processing /usr/local/lib/python3.8/dist-packages/airflow/example_dags/example_dynamic_task_mapping_with_no_taskflow_operators.py took 0.063 seconds
[2023-08-24T04:53:16.373+0000] {processor.py:157} INFO - Started process (PID=45584) to work on /usr/local/lib/python3.8/dist-packages/airflow/example_dags/example_dynamic_task_mapping_with_no_taskflow_operators.py
[2023-08-24T04:53:16.375+0000] {processor.py:829} INFO - Processing file /usr/local/lib/python3.8/dist-packages/airflow/example_dags/example_dynamic_task_mapping_with_no_taskflow_operators.py for tasks to queue
[2023-08-24T04:53:16.376+0000] {logging_mixin.py:151} INFO - [2023-08-24T04:53:16.375+0000] {dagbag.py:539} INFO - Filling up the DagBag from /usr/local/lib/python3.8/dist-packages/airflow/example_dags/example_dynamic_task_mapping_with_no_taskflow_operators.py
[2023-08-24T04:53:16.382+0000] {processor.py:839} INFO - DAG(s) dict_keys(['example_dynamic_task_mapping_with_no_taskflow_operators']) retrieved from /usr/local/lib/python3.8/dist-packages/airflow/example_dags/example_dynamic_task_mapping_with_no_taskflow_operators.py
[2023-08-24T04:53:16.397+0000] {logging_mixin.py:151} INFO - [2023-08-24T04:53:16.397+0000] {dag.py:2907} INFO - Sync 1 DAGs
[2023-08-24T04:53:16.413+0000] {logging_mixin.py:151} INFO - [2023-08-24T04:53:16.412+0000] {dag.py:3677} INFO - Setting next_dagrun for example_dynamic_task_mapping_with_no_taskflow_operators to 2023-08-23T04:53:16.412751+00:00, run_after=2023-08-24T04:53:16.412751+00:00
[2023-08-24T04:53:16.429+0000] {processor.py:179} INFO - Processing /usr/local/lib/python3.8/dist-packages/airflow/example_dags/example_dynamic_task_mapping_with_no_taskflow_operators.py took 0.059 seconds
[2023-08-24T04:54:18.583+0000] {processor.py:157} INFO - Started process (PID=45767) to work on /usr/local/lib/python3.8/dist-packages/airflow/example_dags/example_dynamic_task_mapping_with_no_taskflow_operators.py
[2023-08-24T04:54:18.589+0000] {processor.py:829} INFO - Processing file /usr/local/lib/python3.8/dist-packages/airflow/example_dags/example_dynamic_task_mapping_with_no_taskflow_operators.py for tasks to queue
[2023-08-24T04:54:18.590+0000] {logging_mixin.py:151} INFO - [2023-08-24T04:54:18.589+0000] {dagbag.py:539} INFO - Filling up the DagBag from /usr/local/lib/python3.8/dist-packages/airflow/example_dags/example_dynamic_task_mapping_with_no_taskflow_operators.py
[2023-08-24T04:54:18.597+0000] {processor.py:839} INFO - DAG(s) dict_keys(['example_dynamic_task_mapping_with_no_taskflow_operators']) retrieved from /usr/local/lib/python3.8/dist-packages/airflow/example_dags/example_dynamic_task_mapping_with_no_taskflow_operators.py
[2023-08-24T04:54:18.612+0000] {logging_mixin.py:151} INFO - [2023-08-24T04:54:18.612+0000] {dag.py:2907} INFO - Sync 1 DAGs
[2023-08-24T04:54:18.628+0000] {logging_mixin.py:151} INFO - [2023-08-24T04:54:18.628+0000] {dag.py:3677} INFO - Setting next_dagrun for example_dynamic_task_mapping_with_no_taskflow_operators to 2023-08-23T04:54:18.628458+00:00, run_after=2023-08-24T04:54:18.628458+00:00
[2023-08-24T04:54:18.646+0000] {processor.py:179} INFO - Processing /usr/local/lib/python3.8/dist-packages/airflow/example_dags/example_dynamic_task_mapping_with_no_taskflow_operators.py took 0.066 seconds
[2023-08-24T04:55:19.057+0000] {processor.py:157} INFO - Started process (PID=45950) to work on /usr/local/lib/python3.8/dist-packages/airflow/example_dags/example_dynamic_task_mapping_with_no_taskflow_operators.py
[2023-08-24T04:55:19.061+0000] {processor.py:829} INFO - Processing file /usr/local/lib/python3.8/dist-packages/airflow/example_dags/example_dynamic_task_mapping_with_no_taskflow_operators.py for tasks to queue
[2023-08-24T04:55:19.061+0000] {logging_mixin.py:151} INFO - [2023-08-24T04:55:19.061+0000] {dagbag.py:539} INFO - Filling up the DagBag from /usr/local/lib/python3.8/dist-packages/airflow/example_dags/example_dynamic_task_mapping_with_no_taskflow_operators.py
[2023-08-24T04:55:19.068+0000] {processor.py:839} INFO - DAG(s) dict_keys(['example_dynamic_task_mapping_with_no_taskflow_operators']) retrieved from /usr/local/lib/python3.8/dist-packages/airflow/example_dags/example_dynamic_task_mapping_with_no_taskflow_operators.py
[2023-08-24T04:55:19.084+0000] {logging_mixin.py:151} INFO - [2023-08-24T04:55:19.084+0000] {dag.py:2907} INFO - Sync 1 DAGs
[2023-08-24T04:55:19.101+0000] {logging_mixin.py:151} INFO - [2023-08-24T04:55:19.101+0000] {dag.py:3677} INFO - Setting next_dagrun for example_dynamic_task_mapping_with_no_taskflow_operators to 2023-08-23T04:55:19.100754+00:00, run_after=2023-08-24T04:55:19.100754+00:00
[2023-08-24T04:55:19.119+0000] {processor.py:179} INFO - Processing /usr/local/lib/python3.8/dist-packages/airflow/example_dags/example_dynamic_task_mapping_with_no_taskflow_operators.py took 0.066 seconds
[2023-08-24T04:56:22.450+0000] {processor.py:157} INFO - Started process (PID=46138) to work on /usr/local/lib/python3.8/dist-packages/airflow/example_dags/example_dynamic_task_mapping_with_no_taskflow_operators.py
[2023-08-24T04:56:22.453+0000] {processor.py:829} INFO - Processing file /usr/local/lib/python3.8/dist-packages/airflow/example_dags/example_dynamic_task_mapping_with_no_taskflow_operators.py for tasks to queue
[2023-08-24T04:56:22.454+0000] {logging_mixin.py:151} INFO - [2023-08-24T04:56:22.454+0000] {dagbag.py:539} INFO - Filling up the DagBag from /usr/local/lib/python3.8/dist-packages/airflow/example_dags/example_dynamic_task_mapping_with_no_taskflow_operators.py
[2023-08-24T04:56:22.461+0000] {processor.py:839} INFO - DAG(s) dict_keys(['example_dynamic_task_mapping_with_no_taskflow_operators']) retrieved from /usr/local/lib/python3.8/dist-packages/airflow/example_dags/example_dynamic_task_mapping_with_no_taskflow_operators.py
[2023-08-24T04:56:22.477+0000] {logging_mixin.py:151} INFO - [2023-08-24T04:56:22.477+0000] {dag.py:2907} INFO - Sync 1 DAGs
[2023-08-24T04:56:22.619+0000] {logging_mixin.py:151} INFO - [2023-08-24T04:56:22.619+0000] {dag.py:3677} INFO - Setting next_dagrun for example_dynamic_task_mapping_with_no_taskflow_operators to 2023-08-23T04:56:22.619530+00:00, run_after=2023-08-24T04:56:22.619530+00:00
[2023-08-24T04:56:22.636+0000] {processor.py:179} INFO - Processing /usr/local/lib/python3.8/dist-packages/airflow/example_dags/example_dynamic_task_mapping_with_no_taskflow_operators.py took 0.189 seconds
[2023-08-24T04:57:25.289+0000] {processor.py:157} INFO - Started process (PID=46334) to work on /usr/local/lib/python3.8/dist-packages/airflow/example_dags/example_dynamic_task_mapping_with_no_taskflow_operators.py
[2023-08-24T04:57:25.291+0000] {processor.py:829} INFO - Processing file /usr/local/lib/python3.8/dist-packages/airflow/example_dags/example_dynamic_task_mapping_with_no_taskflow_operators.py for tasks to queue
[2023-08-24T04:57:25.292+0000] {logging_mixin.py:151} INFO - [2023-08-24T04:57:25.291+0000] {dagbag.py:539} INFO - Filling up the DagBag from /usr/local/lib/python3.8/dist-packages/airflow/example_dags/example_dynamic_task_mapping_with_no_taskflow_operators.py
[2023-08-24T04:57:25.298+0000] {processor.py:839} INFO - DAG(s) dict_keys(['example_dynamic_task_mapping_with_no_taskflow_operators']) retrieved from /usr/local/lib/python3.8/dist-packages/airflow/example_dags/example_dynamic_task_mapping_with_no_taskflow_operators.py
[2023-08-24T04:57:25.315+0000] {logging_mixin.py:151} INFO - [2023-08-24T04:57:25.315+0000] {dag.py:2907} INFO - Sync 1 DAGs
[2023-08-24T04:57:25.333+0000] {logging_mixin.py:151} INFO - [2023-08-24T04:57:25.332+0000] {dag.py:3677} INFO - Setting next_dagrun for example_dynamic_task_mapping_with_no_taskflow_operators to 2023-08-23T04:57:25.332519+00:00, run_after=2023-08-24T04:57:25.332519+00:00
[2023-08-24T04:57:25.351+0000] {processor.py:179} INFO - Processing /usr/local/lib/python3.8/dist-packages/airflow/example_dags/example_dynamic_task_mapping_with_no_taskflow_operators.py took 0.066 seconds
[2023-08-24T04:58:29.040+0000] {processor.py:157} INFO - Started process (PID=46518) to work on /usr/local/lib/python3.8/dist-packages/airflow/example_dags/example_dynamic_task_mapping_with_no_taskflow_operators.py
[2023-08-24T04:58:29.042+0000] {processor.py:829} INFO - Processing file /usr/local/lib/python3.8/dist-packages/airflow/example_dags/example_dynamic_task_mapping_with_no_taskflow_operators.py for tasks to queue
[2023-08-24T04:58:29.043+0000] {logging_mixin.py:151} INFO - [2023-08-24T04:58:29.042+0000] {dagbag.py:539} INFO - Filling up the DagBag from /usr/local/lib/python3.8/dist-packages/airflow/example_dags/example_dynamic_task_mapping_with_no_taskflow_operators.py
[2023-08-24T04:58:29.049+0000] {processor.py:839} INFO - DAG(s) dict_keys(['example_dynamic_task_mapping_with_no_taskflow_operators']) retrieved from /usr/local/lib/python3.8/dist-packages/airflow/example_dags/example_dynamic_task_mapping_with_no_taskflow_operators.py
[2023-08-24T04:58:29.064+0000] {logging_mixin.py:151} INFO - [2023-08-24T04:58:29.064+0000] {dag.py:2907} INFO - Sync 1 DAGs
[2023-08-24T04:58:29.080+0000] {logging_mixin.py:151} INFO - [2023-08-24T04:58:29.080+0000] {dag.py:3677} INFO - Setting next_dagrun for example_dynamic_task_mapping_with_no_taskflow_operators to 2023-08-23T04:58:29.079920+00:00, run_after=2023-08-24T04:58:29.079920+00:00
[2023-08-24T04:58:29.097+0000] {processor.py:179} INFO - Processing /usr/local/lib/python3.8/dist-packages/airflow/example_dags/example_dynamic_task_mapping_with_no_taskflow_operators.py took 0.060 seconds
[2023-08-24T04:59:33.386+0000] {processor.py:157} INFO - Started process (PID=46701) to work on /usr/local/lib/python3.8/dist-packages/airflow/example_dags/example_dynamic_task_mapping_with_no_taskflow_operators.py
[2023-08-24T04:59:33.390+0000] {processor.py:829} INFO - Processing file /usr/local/lib/python3.8/dist-packages/airflow/example_dags/example_dynamic_task_mapping_with_no_taskflow_operators.py for tasks to queue
[2023-08-24T04:59:33.390+0000] {logging_mixin.py:151} INFO - [2023-08-24T04:59:33.390+0000] {dagbag.py:539} INFO - Filling up the DagBag from /usr/local/lib/python3.8/dist-packages/airflow/example_dags/example_dynamic_task_mapping_with_no_taskflow_operators.py
[2023-08-24T04:59:33.397+0000] {processor.py:839} INFO - DAG(s) dict_keys(['example_dynamic_task_mapping_with_no_taskflow_operators']) retrieved from /usr/local/lib/python3.8/dist-packages/airflow/example_dags/example_dynamic_task_mapping_with_no_taskflow_operators.py
[2023-08-24T04:59:33.523+0000] {logging_mixin.py:151} INFO - [2023-08-24T04:59:33.523+0000] {dag.py:2907} INFO - Sync 1 DAGs
[2023-08-24T04:59:33.535+0000] {logging_mixin.py:151} INFO - [2023-08-24T04:59:33.535+0000] {dag.py:3677} INFO - Setting next_dagrun for example_dynamic_task_mapping_with_no_taskflow_operators to 2023-08-23T04:59:33.535367+00:00, run_after=2023-08-24T04:59:33.535367+00:00
[2023-08-24T04:59:33.551+0000] {processor.py:179} INFO - Processing /usr/local/lib/python3.8/dist-packages/airflow/example_dags/example_dynamic_task_mapping_with_no_taskflow_operators.py took 0.168 seconds
[2023-08-24T05:00:34.643+0000] {processor.py:157} INFO - Started process (PID=46885) to work on /usr/local/lib/python3.8/dist-packages/airflow/example_dags/example_dynamic_task_mapping_with_no_taskflow_operators.py
[2023-08-24T05:00:34.645+0000] {processor.py:829} INFO - Processing file /usr/local/lib/python3.8/dist-packages/airflow/example_dags/example_dynamic_task_mapping_with_no_taskflow_operators.py for tasks to queue
[2023-08-24T05:00:34.646+0000] {logging_mixin.py:151} INFO - [2023-08-24T05:00:34.645+0000] {dagbag.py:539} INFO - Filling up the DagBag from /usr/local/lib/python3.8/dist-packages/airflow/example_dags/example_dynamic_task_mapping_with_no_taskflow_operators.py
[2023-08-24T05:00:34.653+0000] {processor.py:839} INFO - DAG(s) dict_keys(['example_dynamic_task_mapping_with_no_taskflow_operators']) retrieved from /usr/local/lib/python3.8/dist-packages/airflow/example_dags/example_dynamic_task_mapping_with_no_taskflow_operators.py
[2023-08-24T05:00:34.668+0000] {logging_mixin.py:151} INFO - [2023-08-24T05:00:34.668+0000] {dag.py:2907} INFO - Sync 1 DAGs
[2023-08-24T05:00:34.687+0000] {logging_mixin.py:151} INFO - [2023-08-24T05:00:34.686+0000] {dag.py:3677} INFO - Setting next_dagrun for example_dynamic_task_mapping_with_no_taskflow_operators to 2023-08-23T05:00:34.686485+00:00, run_after=2023-08-24T05:00:34.686485+00:00
[2023-08-24T05:00:34.705+0000] {processor.py:179} INFO - Processing /usr/local/lib/python3.8/dist-packages/airflow/example_dags/example_dynamic_task_mapping_with_no_taskflow_operators.py took 0.065 seconds
[2023-08-24T05:01:34.101+0000] {processor.py:157} INFO - Started process (PID=47082) to work on /usr/local/lib/python3.8/dist-packages/airflow/example_dags/example_dynamic_task_mapping_with_no_taskflow_operators.py
[2023-08-24T05:01:34.102+0000] {processor.py:829} INFO - Processing file /usr/local/lib/python3.8/dist-packages/airflow/example_dags/example_dynamic_task_mapping_with_no_taskflow_operators.py for tasks to queue
[2023-08-24T05:01:34.103+0000] {logging_mixin.py:151} INFO - [2023-08-24T05:01:34.103+0000] {dagbag.py:539} INFO - Filling up the DagBag from /usr/local/lib/python3.8/dist-packages/airflow/example_dags/example_dynamic_task_mapping_with_no_taskflow_operators.py
[2023-08-24T05:01:34.110+0000] {processor.py:839} INFO - DAG(s) dict_keys(['example_dynamic_task_mapping_with_no_taskflow_operators']) retrieved from /usr/local/lib/python3.8/dist-packages/airflow/example_dags/example_dynamic_task_mapping_with_no_taskflow_operators.py
[2023-08-24T05:01:34.125+0000] {logging_mixin.py:151} INFO - [2023-08-24T05:01:34.125+0000] {dag.py:2907} INFO - Sync 1 DAGs
[2023-08-24T05:01:34.141+0000] {logging_mixin.py:151} INFO - [2023-08-24T05:01:34.141+0000] {dag.py:3677} INFO - Setting next_dagrun for example_dynamic_task_mapping_with_no_taskflow_operators to 2023-08-23T05:01:34.141028+00:00, run_after=2023-08-24T05:01:34.141028+00:00
[2023-08-24T05:01:34.158+0000] {processor.py:179} INFO - Processing /usr/local/lib/python3.8/dist-packages/airflow/example_dags/example_dynamic_task_mapping_with_no_taskflow_operators.py took 0.061 seconds
[2023-08-24T05:02:32.584+0000] {processor.py:157} INFO - Started process (PID=47268) to work on /usr/local/lib/python3.8/dist-packages/airflow/example_dags/example_dynamic_task_mapping_with_no_taskflow_operators.py
[2023-08-24T05:02:32.586+0000] {processor.py:829} INFO - Processing file /usr/local/lib/python3.8/dist-packages/airflow/example_dags/example_dynamic_task_mapping_with_no_taskflow_operators.py for tasks to queue
[2023-08-24T05:02:32.587+0000] {logging_mixin.py:151} INFO - [2023-08-24T05:02:32.586+0000] {dagbag.py:539} INFO - Filling up the DagBag from /usr/local/lib/python3.8/dist-packages/airflow/example_dags/example_dynamic_task_mapping_with_no_taskflow_operators.py
[2023-08-24T05:02:32.594+0000] {processor.py:839} INFO - DAG(s) dict_keys(['example_dynamic_task_mapping_with_no_taskflow_operators']) retrieved from /usr/local/lib/python3.8/dist-packages/airflow/example_dags/example_dynamic_task_mapping_with_no_taskflow_operators.py
[2023-08-24T05:02:32.609+0000] {logging_mixin.py:151} INFO - [2023-08-24T05:02:32.609+0000] {dag.py:2907} INFO - Sync 1 DAGs
[2023-08-24T05:02:32.625+0000] {logging_mixin.py:151} INFO - [2023-08-24T05:02:32.625+0000] {dag.py:3677} INFO - Setting next_dagrun for example_dynamic_task_mapping_with_no_taskflow_operators to 2023-08-23T05:02:32.625061+00:00, run_after=2023-08-24T05:02:32.625061+00:00
[2023-08-24T05:02:32.642+0000] {processor.py:179} INFO - Processing /usr/local/lib/python3.8/dist-packages/airflow/example_dags/example_dynamic_task_mapping_with_no_taskflow_operators.py took 0.061 seconds
[2023-08-24T05:03:33.396+0000] {processor.py:157} INFO - Started process (PID=47457) to work on /usr/local/lib/python3.8/dist-packages/airflow/example_dags/example_dynamic_task_mapping_with_no_taskflow_operators.py
[2023-08-24T05:03:33.398+0000] {processor.py:829} INFO - Processing file /usr/local/lib/python3.8/dist-packages/airflow/example_dags/example_dynamic_task_mapping_with_no_taskflow_operators.py for tasks to queue
[2023-08-24T05:03:33.399+0000] {logging_mixin.py:151} INFO - [2023-08-24T05:03:33.398+0000] {dagbag.py:539} INFO - Filling up the DagBag from /usr/local/lib/python3.8/dist-packages/airflow/example_dags/example_dynamic_task_mapping_with_no_taskflow_operators.py
[2023-08-24T05:03:33.406+0000] {processor.py:839} INFO - DAG(s) dict_keys(['example_dynamic_task_mapping_with_no_taskflow_operators']) retrieved from /usr/local/lib/python3.8/dist-packages/airflow/example_dags/example_dynamic_task_mapping_with_no_taskflow_operators.py
[2023-08-24T05:03:33.422+0000] {logging_mixin.py:151} INFO - [2023-08-24T05:03:33.421+0000] {dag.py:2907} INFO - Sync 1 DAGs
[2023-08-24T05:03:33.438+0000] {logging_mixin.py:151} INFO - [2023-08-24T05:03:33.438+0000] {dag.py:3677} INFO - Setting next_dagrun for example_dynamic_task_mapping_with_no_taskflow_operators to 2023-08-23T05:03:33.438453+00:00, run_after=2023-08-24T05:03:33.438453+00:00
[2023-08-24T05:03:33.456+0000] {processor.py:179} INFO - Processing /usr/local/lib/python3.8/dist-packages/airflow/example_dags/example_dynamic_task_mapping_with_no_taskflow_operators.py took 0.064 seconds
[2023-08-24T05:04:33.037+0000] {processor.py:157} INFO - Started process (PID=47639) to work on /usr/local/lib/python3.8/dist-packages/airflow/example_dags/example_dynamic_task_mapping_with_no_taskflow_operators.py
[2023-08-24T05:04:33.039+0000] {processor.py:829} INFO - Processing file /usr/local/lib/python3.8/dist-packages/airflow/example_dags/example_dynamic_task_mapping_with_no_taskflow_operators.py for tasks to queue
[2023-08-24T05:04:33.040+0000] {logging_mixin.py:151} INFO - [2023-08-24T05:04:33.039+0000] {dagbag.py:539} INFO - Filling up the DagBag from /usr/local/lib/python3.8/dist-packages/airflow/example_dags/example_dynamic_task_mapping_with_no_taskflow_operators.py
[2023-08-24T05:04:33.047+0000] {processor.py:839} INFO - DAG(s) dict_keys(['example_dynamic_task_mapping_with_no_taskflow_operators']) retrieved from /usr/local/lib/python3.8/dist-packages/airflow/example_dags/example_dynamic_task_mapping_with_no_taskflow_operators.py
[2023-08-24T05:04:33.062+0000] {logging_mixin.py:151} INFO - [2023-08-24T05:04:33.062+0000] {dag.py:2907} INFO - Sync 1 DAGs
[2023-08-24T05:04:33.078+0000] {logging_mixin.py:151} INFO - [2023-08-24T05:04:33.078+0000] {dag.py:3677} INFO - Setting next_dagrun for example_dynamic_task_mapping_with_no_taskflow_operators to 2023-08-23T05:04:33.078452+00:00, run_after=2023-08-24T05:04:33.078452+00:00
[2023-08-24T05:04:33.096+0000] {processor.py:179} INFO - Processing /usr/local/lib/python3.8/dist-packages/airflow/example_dags/example_dynamic_task_mapping_with_no_taskflow_operators.py took 0.062 seconds
[2023-08-24T05:05:32.483+0000] {processor.py:157} INFO - Started process (PID=47835) to work on /usr/local/lib/python3.8/dist-packages/airflow/example_dags/example_dynamic_task_mapping_with_no_taskflow_operators.py
[2023-08-24T05:05:32.488+0000] {processor.py:829} INFO - Processing file /usr/local/lib/python3.8/dist-packages/airflow/example_dags/example_dynamic_task_mapping_with_no_taskflow_operators.py for tasks to queue
[2023-08-24T05:05:32.489+0000] {logging_mixin.py:151} INFO - [2023-08-24T05:05:32.488+0000] {dagbag.py:539} INFO - Filling up the DagBag from /usr/local/lib/python3.8/dist-packages/airflow/example_dags/example_dynamic_task_mapping_with_no_taskflow_operators.py
[2023-08-24T05:05:32.496+0000] {processor.py:839} INFO - DAG(s) dict_keys(['example_dynamic_task_mapping_with_no_taskflow_operators']) retrieved from /usr/local/lib/python3.8/dist-packages/airflow/example_dags/example_dynamic_task_mapping_with_no_taskflow_operators.py
[2023-08-24T05:05:32.511+0000] {logging_mixin.py:151} INFO - [2023-08-24T05:05:32.511+0000] {dag.py:2907} INFO - Sync 1 DAGs
[2023-08-24T05:05:32.528+0000] {logging_mixin.py:151} INFO - [2023-08-24T05:05:32.528+0000] {dag.py:3677} INFO - Setting next_dagrun for example_dynamic_task_mapping_with_no_taskflow_operators to 2023-08-23T05:05:32.528420+00:00, run_after=2023-08-24T05:05:32.528420+00:00
[2023-08-24T05:05:32.547+0000] {processor.py:179} INFO - Processing /usr/local/lib/python3.8/dist-packages/airflow/example_dags/example_dynamic_task_mapping_with_no_taskflow_operators.py took 0.067 seconds
[2023-08-24T05:06:31.020+0000] {processor.py:157} INFO - Started process (PID=48031) to work on /usr/local/lib/python3.8/dist-packages/airflow/example_dags/example_dynamic_task_mapping_with_no_taskflow_operators.py
[2023-08-24T05:06:31.022+0000] {processor.py:829} INFO - Processing file /usr/local/lib/python3.8/dist-packages/airflow/example_dags/example_dynamic_task_mapping_with_no_taskflow_operators.py for tasks to queue
[2023-08-24T05:06:31.023+0000] {logging_mixin.py:151} INFO - [2023-08-24T05:06:31.022+0000] {dagbag.py:539} INFO - Filling up the DagBag from /usr/local/lib/python3.8/dist-packages/airflow/example_dags/example_dynamic_task_mapping_with_no_taskflow_operators.py
[2023-08-24T05:06:31.029+0000] {processor.py:839} INFO - DAG(s) dict_keys(['example_dynamic_task_mapping_with_no_taskflow_operators']) retrieved from /usr/local/lib/python3.8/dist-packages/airflow/example_dags/example_dynamic_task_mapping_with_no_taskflow_operators.py
[2023-08-24T05:06:31.045+0000] {logging_mixin.py:151} INFO - [2023-08-24T05:06:31.045+0000] {dag.py:2907} INFO - Sync 1 DAGs
[2023-08-24T05:06:31.061+0000] {logging_mixin.py:151} INFO - [2023-08-24T05:06:31.060+0000] {dag.py:3677} INFO - Setting next_dagrun for example_dynamic_task_mapping_with_no_taskflow_operators to 2023-08-23T05:06:31.060694+00:00, run_after=2023-08-24T05:06:31.060694+00:00
[2023-08-24T05:06:31.078+0000] {processor.py:179} INFO - Processing /usr/local/lib/python3.8/dist-packages/airflow/example_dags/example_dynamic_task_mapping_with_no_taskflow_operators.py took 0.061 seconds
[2023-08-24T05:07:27.289+0000] {processor.py:157} INFO - Started process (PID=48215) to work on /usr/local/lib/python3.8/dist-packages/airflow/example_dags/example_dynamic_task_mapping_with_no_taskflow_operators.py
[2023-08-24T05:07:27.290+0000] {processor.py:829} INFO - Processing file /usr/local/lib/python3.8/dist-packages/airflow/example_dags/example_dynamic_task_mapping_with_no_taskflow_operators.py for tasks to queue
[2023-08-24T05:07:27.291+0000] {logging_mixin.py:151} INFO - [2023-08-24T05:07:27.291+0000] {dagbag.py:539} INFO - Filling up the DagBag from /usr/local/lib/python3.8/dist-packages/airflow/example_dags/example_dynamic_task_mapping_with_no_taskflow_operators.py
[2023-08-24T05:07:27.298+0000] {processor.py:839} INFO - DAG(s) dict_keys(['example_dynamic_task_mapping_with_no_taskflow_operators']) retrieved from /usr/local/lib/python3.8/dist-packages/airflow/example_dags/example_dynamic_task_mapping_with_no_taskflow_operators.py
[2023-08-24T05:07:27.314+0000] {logging_mixin.py:151} INFO - [2023-08-24T05:07:27.314+0000] {dag.py:2907} INFO - Sync 1 DAGs
[2023-08-24T05:07:27.330+0000] {logging_mixin.py:151} INFO - [2023-08-24T05:07:27.330+0000] {dag.py:3677} INFO - Setting next_dagrun for example_dynamic_task_mapping_with_no_taskflow_operators to 2023-08-23T05:07:27.329872+00:00, run_after=2023-08-24T05:07:27.329872+00:00
[2023-08-24T05:07:27.347+0000] {processor.py:179} INFO - Processing /usr/local/lib/python3.8/dist-packages/airflow/example_dags/example_dynamic_task_mapping_with_no_taskflow_operators.py took 0.062 seconds
[2023-08-24T05:08:27.954+0000] {processor.py:157} INFO - Started process (PID=48401) to work on /usr/local/lib/python3.8/dist-packages/airflow/example_dags/example_dynamic_task_mapping_with_no_taskflow_operators.py
[2023-08-24T05:08:27.955+0000] {processor.py:829} INFO - Processing file /usr/local/lib/python3.8/dist-packages/airflow/example_dags/example_dynamic_task_mapping_with_no_taskflow_operators.py for tasks to queue
[2023-08-24T05:08:27.956+0000] {logging_mixin.py:151} INFO - [2023-08-24T05:08:27.956+0000] {dagbag.py:539} INFO - Filling up the DagBag from /usr/local/lib/python3.8/dist-packages/airflow/example_dags/example_dynamic_task_mapping_with_no_taskflow_operators.py
[2023-08-24T05:08:27.963+0000] {processor.py:839} INFO - DAG(s) dict_keys(['example_dynamic_task_mapping_with_no_taskflow_operators']) retrieved from /usr/local/lib/python3.8/dist-packages/airflow/example_dags/example_dynamic_task_mapping_with_no_taskflow_operators.py
[2023-08-24T05:08:27.979+0000] {logging_mixin.py:151} INFO - [2023-08-24T05:08:27.979+0000] {dag.py:2907} INFO - Sync 1 DAGs
[2023-08-24T05:08:27.996+0000] {logging_mixin.py:151} INFO - [2023-08-24T05:08:27.996+0000] {dag.py:3677} INFO - Setting next_dagrun for example_dynamic_task_mapping_with_no_taskflow_operators to 2023-08-23T05:08:27.996218+00:00, run_after=2023-08-24T05:08:27.996218+00:00
[2023-08-24T05:08:28.014+0000] {processor.py:179} INFO - Processing /usr/local/lib/python3.8/dist-packages/airflow/example_dags/example_dynamic_task_mapping_with_no_taskflow_operators.py took 0.064 seconds
[2023-08-24T05:09:28.424+0000] {processor.py:157} INFO - Started process (PID=48597) to work on /usr/local/lib/python3.8/dist-packages/airflow/example_dags/example_dynamic_task_mapping_with_no_taskflow_operators.py
[2023-08-24T05:09:28.427+0000] {processor.py:829} INFO - Processing file /usr/local/lib/python3.8/dist-packages/airflow/example_dags/example_dynamic_task_mapping_with_no_taskflow_operators.py for tasks to queue
[2023-08-24T05:09:28.428+0000] {logging_mixin.py:151} INFO - [2023-08-24T05:09:28.428+0000] {dagbag.py:539} INFO - Filling up the DagBag from /usr/local/lib/python3.8/dist-packages/airflow/example_dags/example_dynamic_task_mapping_with_no_taskflow_operators.py
[2023-08-24T05:09:28.435+0000] {processor.py:839} INFO - DAG(s) dict_keys(['example_dynamic_task_mapping_with_no_taskflow_operators']) retrieved from /usr/local/lib/python3.8/dist-packages/airflow/example_dags/example_dynamic_task_mapping_with_no_taskflow_operators.py
[2023-08-24T05:09:28.452+0000] {logging_mixin.py:151} INFO - [2023-08-24T05:09:28.451+0000] {dag.py:2907} INFO - Sync 1 DAGs
[2023-08-24T05:09:28.469+0000] {logging_mixin.py:151} INFO - [2023-08-24T05:09:28.469+0000] {dag.py:3677} INFO - Setting next_dagrun for example_dynamic_task_mapping_with_no_taskflow_operators to 2023-08-23T05:09:28.469017+00:00, run_after=2023-08-24T05:09:28.469017+00:00
[2023-08-24T05:09:28.487+0000] {processor.py:179} INFO - Processing /usr/local/lib/python3.8/dist-packages/airflow/example_dags/example_dynamic_task_mapping_with_no_taskflow_operators.py took 0.067 seconds
[2023-08-24T05:10:25.046+0000] {processor.py:157} INFO - Started process (PID=48778) to work on /usr/local/lib/python3.8/dist-packages/airflow/example_dags/example_dynamic_task_mapping_with_no_taskflow_operators.py
[2023-08-24T05:10:25.048+0000] {processor.py:829} INFO - Processing file /usr/local/lib/python3.8/dist-packages/airflow/example_dags/example_dynamic_task_mapping_with_no_taskflow_operators.py for tasks to queue
[2023-08-24T05:10:25.049+0000] {logging_mixin.py:151} INFO - [2023-08-24T05:10:25.049+0000] {dagbag.py:539} INFO - Filling up the DagBag from /usr/local/lib/python3.8/dist-packages/airflow/example_dags/example_dynamic_task_mapping_with_no_taskflow_operators.py
[2023-08-24T05:10:25.056+0000] {processor.py:839} INFO - DAG(s) dict_keys(['example_dynamic_task_mapping_with_no_taskflow_operators']) retrieved from /usr/local/lib/python3.8/dist-packages/airflow/example_dags/example_dynamic_task_mapping_with_no_taskflow_operators.py
[2023-08-24T05:10:25.073+0000] {logging_mixin.py:151} INFO - [2023-08-24T05:10:25.072+0000] {dag.py:2907} INFO - Sync 1 DAGs
[2023-08-24T05:10:25.090+0000] {logging_mixin.py:151} INFO - [2023-08-24T05:10:25.090+0000] {dag.py:3677} INFO - Setting next_dagrun for example_dynamic_task_mapping_with_no_taskflow_operators to 2023-08-23T05:10:25.090336+00:00, run_after=2023-08-24T05:10:25.090336+00:00
[2023-08-24T05:10:25.109+0000] {processor.py:179} INFO - Processing /usr/local/lib/python3.8/dist-packages/airflow/example_dags/example_dynamic_task_mapping_with_no_taskflow_operators.py took 0.067 seconds
[2023-08-24T05:11:41.804+0000] {processor.py:157} INFO - Started process (PID=48934) to work on /usr/local/lib/python3.8/dist-packages/airflow/example_dags/example_dynamic_task_mapping_with_no_taskflow_operators.py
[2023-08-24T05:11:41.805+0000] {processor.py:829} INFO - Processing file /usr/local/lib/python3.8/dist-packages/airflow/example_dags/example_dynamic_task_mapping_with_no_taskflow_operators.py for tasks to queue
[2023-08-24T05:11:41.806+0000] {logging_mixin.py:151} INFO - [2023-08-24T05:11:41.806+0000] {dagbag.py:539} INFO - Filling up the DagBag from /usr/local/lib/python3.8/dist-packages/airflow/example_dags/example_dynamic_task_mapping_with_no_taskflow_operators.py
[2023-08-24T05:11:41.813+0000] {processor.py:839} INFO - DAG(s) dict_keys(['example_dynamic_task_mapping_with_no_taskflow_operators']) retrieved from /usr/local/lib/python3.8/dist-packages/airflow/example_dags/example_dynamic_task_mapping_with_no_taskflow_operators.py
[2023-08-24T05:11:41.829+0000] {logging_mixin.py:151} INFO - [2023-08-24T05:11:41.829+0000] {dag.py:2907} INFO - Sync 1 DAGs
[2023-08-24T05:11:41.845+0000] {logging_mixin.py:151} INFO - [2023-08-24T05:11:41.845+0000] {dag.py:3677} INFO - Setting next_dagrun for example_dynamic_task_mapping_with_no_taskflow_operators to 2023-08-23T05:11:41.845510+00:00, run_after=2023-08-24T05:11:41.845510+00:00
[2023-08-24T05:11:41.863+0000] {processor.py:179} INFO - Processing /usr/local/lib/python3.8/dist-packages/airflow/example_dags/example_dynamic_task_mapping_with_no_taskflow_operators.py took 0.063 seconds
[2023-08-24T05:12:44.448+0000] {processor.py:157} INFO - Started process (PID=49131) to work on /usr/local/lib/python3.8/dist-packages/airflow/example_dags/example_dynamic_task_mapping_with_no_taskflow_operators.py
[2023-08-24T05:12:44.450+0000] {processor.py:829} INFO - Processing file /usr/local/lib/python3.8/dist-packages/airflow/example_dags/example_dynamic_task_mapping_with_no_taskflow_operators.py for tasks to queue
[2023-08-24T05:12:44.451+0000] {logging_mixin.py:151} INFO - [2023-08-24T05:12:44.450+0000] {dagbag.py:539} INFO - Filling up the DagBag from /usr/local/lib/python3.8/dist-packages/airflow/example_dags/example_dynamic_task_mapping_with_no_taskflow_operators.py
[2023-08-24T05:12:44.459+0000] {processor.py:839} INFO - DAG(s) dict_keys(['example_dynamic_task_mapping_with_no_taskflow_operators']) retrieved from /usr/local/lib/python3.8/dist-packages/airflow/example_dags/example_dynamic_task_mapping_with_no_taskflow_operators.py
[2023-08-24T05:12:44.478+0000] {logging_mixin.py:151} INFO - [2023-08-24T05:12:44.477+0000] {dag.py:2907} INFO - Sync 1 DAGs
[2023-08-24T05:12:44.494+0000] {logging_mixin.py:151} INFO - [2023-08-24T05:12:44.494+0000] {dag.py:3677} INFO - Setting next_dagrun for example_dynamic_task_mapping_with_no_taskflow_operators to 2023-08-23T05:12:44.494171+00:00, run_after=2023-08-24T05:12:44.494171+00:00
[2023-08-24T05:12:44.513+0000] {processor.py:179} INFO - Processing /usr/local/lib/python3.8/dist-packages/airflow/example_dags/example_dynamic_task_mapping_with_no_taskflow_operators.py took 0.069 seconds
[2023-08-24T05:13:42.833+0000] {processor.py:157} INFO - Started process (PID=49335) to work on /usr/local/lib/python3.8/dist-packages/airflow/example_dags/example_dynamic_task_mapping_with_no_taskflow_operators.py
[2023-08-24T05:13:42.836+0000] {processor.py:829} INFO - Processing file /usr/local/lib/python3.8/dist-packages/airflow/example_dags/example_dynamic_task_mapping_with_no_taskflow_operators.py for tasks to queue
[2023-08-24T05:13:42.837+0000] {logging_mixin.py:151} INFO - [2023-08-24T05:13:42.836+0000] {dagbag.py:539} INFO - Filling up the DagBag from /usr/local/lib/python3.8/dist-packages/airflow/example_dags/example_dynamic_task_mapping_with_no_taskflow_operators.py
[2023-08-24T05:13:42.843+0000] {processor.py:839} INFO - DAG(s) dict_keys(['example_dynamic_task_mapping_with_no_taskflow_operators']) retrieved from /usr/local/lib/python3.8/dist-packages/airflow/example_dags/example_dynamic_task_mapping_with_no_taskflow_operators.py
[2023-08-24T05:13:42.859+0000] {logging_mixin.py:151} INFO - [2023-08-24T05:13:42.859+0000] {dag.py:2907} INFO - Sync 1 DAGs
[2023-08-24T05:13:42.875+0000] {logging_mixin.py:151} INFO - [2023-08-24T05:13:42.875+0000] {dag.py:3677} INFO - Setting next_dagrun for example_dynamic_task_mapping_with_no_taskflow_operators to 2023-08-23T05:13:42.875133+00:00, run_after=2023-08-24T05:13:42.875133+00:00
[2023-08-24T05:13:42.892+0000] {processor.py:179} INFO - Processing /usr/local/lib/python3.8/dist-packages/airflow/example_dags/example_dynamic_task_mapping_with_no_taskflow_operators.py took 0.063 seconds
