[2023-08-24T04:21:51.881+0000] {processor.py:157} INFO - Started process (PID=37592) to work on /usr/local/lib/python3.8/dist-packages/airflow/example_dags/example_setup_teardown.py
[2023-08-24T04:21:51.882+0000] {processor.py:829} INFO - Processing file /usr/local/lib/python3.8/dist-packages/airflow/example_dags/example_setup_teardown.py for tasks to queue
[2023-08-24T04:21:51.883+0000] {logging_mixin.py:151} INFO - [2023-08-24T04:21:51.883+0000] {dagbag.py:539} INFO - Filling up the DagBag from /usr/local/lib/python3.8/dist-packages/airflow/example_dags/example_setup_teardown.py
[2023-08-24T04:21:51.891+0000] {processor.py:839} INFO - DAG(s) dict_keys(['example_setup_teardown']) retrieved from /usr/local/lib/python3.8/dist-packages/airflow/example_dags/example_setup_teardown.py
[2023-08-24T04:21:51.916+0000] {logging_mixin.py:151} INFO - [2023-08-24T04:21:51.916+0000] {dag.py:2907} INFO - Sync 1 DAGs
[2023-08-24T04:21:51.933+0000] {logging_mixin.py:151} INFO - [2023-08-24T04:21:51.933+0000] {dag.py:3677} INFO - Setting next_dagrun for example_setup_teardown to 2023-08-23T04:21:51.932840+00:00, run_after=2023-08-24T04:21:51.932840+00:00
[2023-08-24T04:21:51.951+0000] {processor.py:179} INFO - Processing /usr/local/lib/python3.8/dist-packages/airflow/example_dags/example_setup_teardown.py took 0.074 seconds
[2023-08-24T04:31:06.103+0000] {processor.py:157} INFO - Started process (PID=41467) to work on /usr/local/lib/python3.8/dist-packages/airflow/example_dags/example_setup_teardown.py
[2023-08-24T04:31:06.105+0000] {processor.py:829} INFO - Processing file /usr/local/lib/python3.8/dist-packages/airflow/example_dags/example_setup_teardown.py for tasks to queue
[2023-08-24T04:31:06.106+0000] {logging_mixin.py:151} INFO - [2023-08-24T04:31:06.105+0000] {dagbag.py:539} INFO - Filling up the DagBag from /usr/local/lib/python3.8/dist-packages/airflow/example_dags/example_setup_teardown.py
[2023-08-24T04:31:06.112+0000] {processor.py:839} INFO - DAG(s) dict_keys(['example_setup_teardown']) retrieved from /usr/local/lib/python3.8/dist-packages/airflow/example_dags/example_setup_teardown.py
[2023-08-24T04:31:06.134+0000] {logging_mixin.py:151} INFO - [2023-08-24T04:31:06.134+0000] {dag.py:2907} INFO - Sync 1 DAGs
[2023-08-24T04:31:06.150+0000] {logging_mixin.py:151} INFO - [2023-08-24T04:31:06.150+0000] {dag.py:3677} INFO - Setting next_dagrun for example_setup_teardown to 2023-08-23T04:31:06.149991+00:00, run_after=2023-08-24T04:31:06.149991+00:00
[2023-08-24T04:31:06.167+0000] {processor.py:179} INFO - Processing /usr/local/lib/python3.8/dist-packages/airflow/example_dags/example_setup_teardown.py took 0.068 seconds
[2023-08-24T04:32:06.985+0000] {processor.py:157} INFO - Started process (PID=41665) to work on /usr/local/lib/python3.8/dist-packages/airflow/example_dags/example_setup_teardown.py
[2023-08-24T04:32:06.987+0000] {processor.py:829} INFO - Processing file /usr/local/lib/python3.8/dist-packages/airflow/example_dags/example_setup_teardown.py for tasks to queue
[2023-08-24T04:32:06.987+0000] {logging_mixin.py:151} INFO - [2023-08-24T04:32:06.987+0000] {dagbag.py:539} INFO - Filling up the DagBag from /usr/local/lib/python3.8/dist-packages/airflow/example_dags/example_setup_teardown.py
[2023-08-24T04:32:06.994+0000] {processor.py:839} INFO - DAG(s) dict_keys(['example_setup_teardown']) retrieved from /usr/local/lib/python3.8/dist-packages/airflow/example_dags/example_setup_teardown.py
[2023-08-24T04:32:07.010+0000] {logging_mixin.py:151} INFO - [2023-08-24T04:32:07.010+0000] {dag.py:2907} INFO - Sync 1 DAGs
[2023-08-24T04:32:07.026+0000] {logging_mixin.py:151} INFO - [2023-08-24T04:32:07.026+0000] {dag.py:3677} INFO - Setting next_dagrun for example_setup_teardown to 2023-08-23T04:32:07.025957+00:00, run_after=2023-08-24T04:32:07.025957+00:00
[2023-08-24T04:32:07.044+0000] {processor.py:179} INFO - Processing /usr/local/lib/python3.8/dist-packages/airflow/example_dags/example_setup_teardown.py took 0.062 seconds
[2023-08-24T04:33:07.978+0000] {processor.py:157} INFO - Started process (PID=41856) to work on /usr/local/lib/python3.8/dist-packages/airflow/example_dags/example_setup_teardown.py
[2023-08-24T04:33:07.979+0000] {processor.py:829} INFO - Processing file /usr/local/lib/python3.8/dist-packages/airflow/example_dags/example_setup_teardown.py for tasks to queue
[2023-08-24T04:33:07.980+0000] {logging_mixin.py:151} INFO - [2023-08-24T04:33:07.980+0000] {dagbag.py:539} INFO - Filling up the DagBag from /usr/local/lib/python3.8/dist-packages/airflow/example_dags/example_setup_teardown.py
[2023-08-24T04:33:07.987+0000] {processor.py:839} INFO - DAG(s) dict_keys(['example_setup_teardown']) retrieved from /usr/local/lib/python3.8/dist-packages/airflow/example_dags/example_setup_teardown.py
[2023-08-24T04:33:08.002+0000] {logging_mixin.py:151} INFO - [2023-08-24T04:33:08.002+0000] {dag.py:2907} INFO - Sync 1 DAGs
[2023-08-24T04:33:08.018+0000] {logging_mixin.py:151} INFO - [2023-08-24T04:33:08.018+0000] {dag.py:3677} INFO - Setting next_dagrun for example_setup_teardown to 2023-08-23T04:33:08.018214+00:00, run_after=2023-08-24T04:33:08.018214+00:00
[2023-08-24T04:33:08.036+0000] {processor.py:179} INFO - Processing /usr/local/lib/python3.8/dist-packages/airflow/example_dags/example_setup_teardown.py took 0.061 seconds
[2023-08-24T04:34:07.102+0000] {processor.py:157} INFO - Started process (PID=42039) to work on /usr/local/lib/python3.8/dist-packages/airflow/example_dags/example_setup_teardown.py
[2023-08-24T04:34:07.104+0000] {processor.py:829} INFO - Processing file /usr/local/lib/python3.8/dist-packages/airflow/example_dags/example_setup_teardown.py for tasks to queue
[2023-08-24T04:34:07.105+0000] {logging_mixin.py:151} INFO - [2023-08-24T04:34:07.104+0000] {dagbag.py:539} INFO - Filling up the DagBag from /usr/local/lib/python3.8/dist-packages/airflow/example_dags/example_setup_teardown.py
[2023-08-24T04:34:07.112+0000] {processor.py:839} INFO - DAG(s) dict_keys(['example_setup_teardown']) retrieved from /usr/local/lib/python3.8/dist-packages/airflow/example_dags/example_setup_teardown.py
[2023-08-24T04:34:07.130+0000] {logging_mixin.py:151} INFO - [2023-08-24T04:34:07.130+0000] {dag.py:2907} INFO - Sync 1 DAGs
[2023-08-24T04:34:07.146+0000] {logging_mixin.py:151} INFO - [2023-08-24T04:34:07.146+0000] {dag.py:3677} INFO - Setting next_dagrun for example_setup_teardown to 2023-08-23T04:34:07.146512+00:00, run_after=2023-08-24T04:34:07.146512+00:00
[2023-08-24T04:34:07.164+0000] {processor.py:179} INFO - Processing /usr/local/lib/python3.8/dist-packages/airflow/example_dags/example_setup_teardown.py took 0.066 seconds
[2023-08-24T04:35:06.436+0000] {processor.py:157} INFO - Started process (PID=42235) to work on /usr/local/lib/python3.8/dist-packages/airflow/example_dags/example_setup_teardown.py
[2023-08-24T04:35:06.437+0000] {processor.py:829} INFO - Processing file /usr/local/lib/python3.8/dist-packages/airflow/example_dags/example_setup_teardown.py for tasks to queue
[2023-08-24T04:35:06.438+0000] {logging_mixin.py:151} INFO - [2023-08-24T04:35:06.438+0000] {dagbag.py:539} INFO - Filling up the DagBag from /usr/local/lib/python3.8/dist-packages/airflow/example_dags/example_setup_teardown.py
[2023-08-24T04:35:06.445+0000] {processor.py:839} INFO - DAG(s) dict_keys(['example_setup_teardown']) retrieved from /usr/local/lib/python3.8/dist-packages/airflow/example_dags/example_setup_teardown.py
[2023-08-24T04:35:06.461+0000] {logging_mixin.py:151} INFO - [2023-08-24T04:35:06.461+0000] {dag.py:2907} INFO - Sync 1 DAGs
[2023-08-24T04:35:06.477+0000] {logging_mixin.py:151} INFO - [2023-08-24T04:35:06.477+0000] {dag.py:3677} INFO - Setting next_dagrun for example_setup_teardown to 2023-08-23T04:35:06.477492+00:00, run_after=2023-08-24T04:35:06.477492+00:00
[2023-08-24T04:35:06.496+0000] {processor.py:179} INFO - Processing /usr/local/lib/python3.8/dist-packages/airflow/example_dags/example_setup_teardown.py took 0.064 seconds
[2023-08-24T04:36:04.706+0000] {processor.py:157} INFO - Started process (PID=42431) to work on /usr/local/lib/python3.8/dist-packages/airflow/example_dags/example_setup_teardown.py
[2023-08-24T04:36:04.708+0000] {processor.py:829} INFO - Processing file /usr/local/lib/python3.8/dist-packages/airflow/example_dags/example_setup_teardown.py for tasks to queue
[2023-08-24T04:36:04.709+0000] {logging_mixin.py:151} INFO - [2023-08-24T04:36:04.708+0000] {dagbag.py:539} INFO - Filling up the DagBag from /usr/local/lib/python3.8/dist-packages/airflow/example_dags/example_setup_teardown.py
[2023-08-24T04:36:04.716+0000] {processor.py:839} INFO - DAG(s) dict_keys(['example_setup_teardown']) retrieved from /usr/local/lib/python3.8/dist-packages/airflow/example_dags/example_setup_teardown.py
[2023-08-24T04:36:04.731+0000] {logging_mixin.py:151} INFO - [2023-08-24T04:36:04.731+0000] {dag.py:2907} INFO - Sync 1 DAGs
[2023-08-24T04:36:04.747+0000] {logging_mixin.py:151} INFO - [2023-08-24T04:36:04.747+0000] {dag.py:3677} INFO - Setting next_dagrun for example_setup_teardown to 2023-08-23T04:36:04.747298+00:00, run_after=2023-08-24T04:36:04.747298+00:00
[2023-08-24T04:36:04.764+0000] {processor.py:179} INFO - Processing /usr/local/lib/python3.8/dist-packages/airflow/example_dags/example_setup_teardown.py took 0.062 seconds
[2023-08-24T04:37:01.204+0000] {processor.py:157} INFO - Started process (PID=42613) to work on /usr/local/lib/python3.8/dist-packages/airflow/example_dags/example_setup_teardown.py
[2023-08-24T04:37:01.205+0000] {processor.py:829} INFO - Processing file /usr/local/lib/python3.8/dist-packages/airflow/example_dags/example_setup_teardown.py for tasks to queue
[2023-08-24T04:37:01.206+0000] {logging_mixin.py:151} INFO - [2023-08-24T04:37:01.206+0000] {dagbag.py:539} INFO - Filling up the DagBag from /usr/local/lib/python3.8/dist-packages/airflow/example_dags/example_setup_teardown.py
[2023-08-24T04:37:01.213+0000] {processor.py:839} INFO - DAG(s) dict_keys(['example_setup_teardown']) retrieved from /usr/local/lib/python3.8/dist-packages/airflow/example_dags/example_setup_teardown.py
[2023-08-24T04:37:01.229+0000] {logging_mixin.py:151} INFO - [2023-08-24T04:37:01.229+0000] {dag.py:2907} INFO - Sync 1 DAGs
[2023-08-24T04:37:01.245+0000] {logging_mixin.py:151} INFO - [2023-08-24T04:37:01.244+0000] {dag.py:3677} INFO - Setting next_dagrun for example_setup_teardown to 2023-08-23T04:37:01.244740+00:00, run_after=2023-08-24T04:37:01.244740+00:00
[2023-08-24T04:37:01.263+0000] {processor.py:179} INFO - Processing /usr/local/lib/python3.8/dist-packages/airflow/example_dags/example_setup_teardown.py took 0.063 seconds
[2023-08-24T04:37:58.751+0000] {processor.py:157} INFO - Started process (PID=42797) to work on /usr/local/lib/python3.8/dist-packages/airflow/example_dags/example_setup_teardown.py
[2023-08-24T04:37:58.752+0000] {processor.py:829} INFO - Processing file /usr/local/lib/python3.8/dist-packages/airflow/example_dags/example_setup_teardown.py for tasks to queue
[2023-08-24T04:37:58.753+0000] {logging_mixin.py:151} INFO - [2023-08-24T04:37:58.753+0000] {dagbag.py:539} INFO - Filling up the DagBag from /usr/local/lib/python3.8/dist-packages/airflow/example_dags/example_setup_teardown.py
[2023-08-24T04:37:58.760+0000] {processor.py:839} INFO - DAG(s) dict_keys(['example_setup_teardown']) retrieved from /usr/local/lib/python3.8/dist-packages/airflow/example_dags/example_setup_teardown.py
[2023-08-24T04:37:58.776+0000] {logging_mixin.py:151} INFO - [2023-08-24T04:37:58.776+0000] {dag.py:2907} INFO - Sync 1 DAGs
[2023-08-24T04:37:58.792+0000] {logging_mixin.py:151} INFO - [2023-08-24T04:37:58.791+0000] {dag.py:3677} INFO - Setting next_dagrun for example_setup_teardown to 2023-08-23T04:37:58.791618+00:00, run_after=2023-08-24T04:37:58.791618+00:00
[2023-08-24T04:37:58.809+0000] {processor.py:179} INFO - Processing /usr/local/lib/python3.8/dist-packages/airflow/example_dags/example_setup_teardown.py took 0.062 seconds
[2023-08-24T04:38:58.689+0000] {processor.py:157} INFO - Started process (PID=42982) to work on /usr/local/lib/python3.8/dist-packages/airflow/example_dags/example_setup_teardown.py
[2023-08-24T04:38:58.691+0000] {processor.py:829} INFO - Processing file /usr/local/lib/python3.8/dist-packages/airflow/example_dags/example_setup_teardown.py for tasks to queue
[2023-08-24T04:38:58.692+0000] {logging_mixin.py:151} INFO - [2023-08-24T04:38:58.692+0000] {dagbag.py:539} INFO - Filling up the DagBag from /usr/local/lib/python3.8/dist-packages/airflow/example_dags/example_setup_teardown.py
[2023-08-24T04:38:58.699+0000] {processor.py:839} INFO - DAG(s) dict_keys(['example_setup_teardown']) retrieved from /usr/local/lib/python3.8/dist-packages/airflow/example_dags/example_setup_teardown.py
[2023-08-24T04:38:58.714+0000] {logging_mixin.py:151} INFO - [2023-08-24T04:38:58.714+0000] {dag.py:2907} INFO - Sync 1 DAGs
[2023-08-24T04:38:58.730+0000] {logging_mixin.py:151} INFO - [2023-08-24T04:38:58.730+0000] {dag.py:3677} INFO - Setting next_dagrun for example_setup_teardown to 2023-08-23T04:38:58.730450+00:00, run_after=2023-08-24T04:38:58.730450+00:00
[2023-08-24T04:38:58.748+0000] {processor.py:179} INFO - Processing /usr/local/lib/python3.8/dist-packages/airflow/example_dags/example_setup_teardown.py took 0.062 seconds
[2023-08-24T04:39:55.110+0000] {processor.py:157} INFO - Started process (PID=43174) to work on /usr/local/lib/python3.8/dist-packages/airflow/example_dags/example_setup_teardown.py
[2023-08-24T04:39:55.116+0000] {processor.py:829} INFO - Processing file /usr/local/lib/python3.8/dist-packages/airflow/example_dags/example_setup_teardown.py for tasks to queue
[2023-08-24T04:39:55.116+0000] {logging_mixin.py:151} INFO - [2023-08-24T04:39:55.116+0000] {dagbag.py:539} INFO - Filling up the DagBag from /usr/local/lib/python3.8/dist-packages/airflow/example_dags/example_setup_teardown.py
[2023-08-24T04:39:55.123+0000] {processor.py:839} INFO - DAG(s) dict_keys(['example_setup_teardown']) retrieved from /usr/local/lib/python3.8/dist-packages/airflow/example_dags/example_setup_teardown.py
[2023-08-24T04:39:55.142+0000] {logging_mixin.py:151} INFO - [2023-08-24T04:39:55.142+0000] {dag.py:2907} INFO - Sync 1 DAGs
[2023-08-24T04:39:55.158+0000] {logging_mixin.py:151} INFO - [2023-08-24T04:39:55.158+0000] {dag.py:3677} INFO - Setting next_dagrun for example_setup_teardown to 2023-08-23T04:39:55.158231+00:00, run_after=2023-08-24T04:39:55.158231+00:00
[2023-08-24T04:39:55.176+0000] {processor.py:179} INFO - Processing /usr/local/lib/python3.8/dist-packages/airflow/example_dags/example_setup_teardown.py took 0.069 seconds
[2023-08-24T04:40:55.793+0000] {processor.py:157} INFO - Started process (PID=43358) to work on /usr/local/lib/python3.8/dist-packages/airflow/example_dags/example_setup_teardown.py
[2023-08-24T04:40:55.795+0000] {processor.py:829} INFO - Processing file /usr/local/lib/python3.8/dist-packages/airflow/example_dags/example_setup_teardown.py for tasks to queue
[2023-08-24T04:40:55.796+0000] {logging_mixin.py:151} INFO - [2023-08-24T04:40:55.795+0000] {dagbag.py:539} INFO - Filling up the DagBag from /usr/local/lib/python3.8/dist-packages/airflow/example_dags/example_setup_teardown.py
[2023-08-24T04:40:55.802+0000] {processor.py:839} INFO - DAG(s) dict_keys(['example_setup_teardown']) retrieved from /usr/local/lib/python3.8/dist-packages/airflow/example_dags/example_setup_teardown.py
[2023-08-24T04:40:55.819+0000] {logging_mixin.py:151} INFO - [2023-08-24T04:40:55.818+0000] {dag.py:2907} INFO - Sync 1 DAGs
[2023-08-24T04:40:55.835+0000] {logging_mixin.py:151} INFO - [2023-08-24T04:40:55.834+0000] {dag.py:3677} INFO - Setting next_dagrun for example_setup_teardown to 2023-08-23T04:40:55.834620+00:00, run_after=2023-08-24T04:40:55.834620+00:00
[2023-08-24T04:40:55.852+0000] {processor.py:179} INFO - Processing /usr/local/lib/python3.8/dist-packages/airflow/example_dags/example_setup_teardown.py took 0.063 seconds
[2023-08-24T04:41:55.990+0000] {processor.py:157} INFO - Started process (PID=43541) to work on /usr/local/lib/python3.8/dist-packages/airflow/example_dags/example_setup_teardown.py
[2023-08-24T04:41:55.992+0000] {processor.py:829} INFO - Processing file /usr/local/lib/python3.8/dist-packages/airflow/example_dags/example_setup_teardown.py for tasks to queue
[2023-08-24T04:41:55.993+0000] {logging_mixin.py:151} INFO - [2023-08-24T04:41:55.992+0000] {dagbag.py:539} INFO - Filling up the DagBag from /usr/local/lib/python3.8/dist-packages/airflow/example_dags/example_setup_teardown.py
[2023-08-24T04:41:55.999+0000] {processor.py:839} INFO - DAG(s) dict_keys(['example_setup_teardown']) retrieved from /usr/local/lib/python3.8/dist-packages/airflow/example_dags/example_setup_teardown.py
[2023-08-24T04:41:56.016+0000] {logging_mixin.py:151} INFO - [2023-08-24T04:41:56.015+0000] {dag.py:2907} INFO - Sync 1 DAGs
[2023-08-24T04:41:56.031+0000] {logging_mixin.py:151} INFO - [2023-08-24T04:41:56.031+0000] {dag.py:3677} INFO - Setting next_dagrun for example_setup_teardown to 2023-08-23T04:41:56.031335+00:00, run_after=2023-08-24T04:41:56.031335+00:00
[2023-08-24T04:41:56.049+0000] {processor.py:179} INFO - Processing /usr/local/lib/python3.8/dist-packages/airflow/example_dags/example_setup_teardown.py took 0.062 seconds
[2023-08-24T04:42:55.290+0000] {processor.py:157} INFO - Started process (PID=43731) to work on /usr/local/lib/python3.8/dist-packages/airflow/example_dags/example_setup_teardown.py
[2023-08-24T04:42:55.291+0000] {processor.py:829} INFO - Processing file /usr/local/lib/python3.8/dist-packages/airflow/example_dags/example_setup_teardown.py for tasks to queue
[2023-08-24T04:42:55.292+0000] {logging_mixin.py:151} INFO - [2023-08-24T04:42:55.292+0000] {dagbag.py:539} INFO - Filling up the DagBag from /usr/local/lib/python3.8/dist-packages/airflow/example_dags/example_setup_teardown.py
[2023-08-24T04:42:55.300+0000] {processor.py:839} INFO - DAG(s) dict_keys(['example_setup_teardown']) retrieved from /usr/local/lib/python3.8/dist-packages/airflow/example_dags/example_setup_teardown.py
[2023-08-24T04:42:55.318+0000] {logging_mixin.py:151} INFO - [2023-08-24T04:42:55.318+0000] {dag.py:2907} INFO - Sync 1 DAGs
[2023-08-24T04:42:55.335+0000] {logging_mixin.py:151} INFO - [2023-08-24T04:42:55.335+0000] {dag.py:3677} INFO - Setting next_dagrun for example_setup_teardown to 2023-08-23T04:42:55.335376+00:00, run_after=2023-08-24T04:42:55.335376+00:00
[2023-08-24T04:42:55.354+0000] {processor.py:179} INFO - Processing /usr/local/lib/python3.8/dist-packages/airflow/example_dags/example_setup_teardown.py took 0.069 seconds
[2023-08-24T04:43:56.154+0000] {processor.py:157} INFO - Started process (PID=43915) to work on /usr/local/lib/python3.8/dist-packages/airflow/example_dags/example_setup_teardown.py
[2023-08-24T04:43:56.156+0000] {processor.py:829} INFO - Processing file /usr/local/lib/python3.8/dist-packages/airflow/example_dags/example_setup_teardown.py for tasks to queue
[2023-08-24T04:43:56.157+0000] {logging_mixin.py:151} INFO - [2023-08-24T04:43:56.156+0000] {dagbag.py:539} INFO - Filling up the DagBag from /usr/local/lib/python3.8/dist-packages/airflow/example_dags/example_setup_teardown.py
[2023-08-24T04:43:56.164+0000] {processor.py:839} INFO - DAG(s) dict_keys(['example_setup_teardown']) retrieved from /usr/local/lib/python3.8/dist-packages/airflow/example_dags/example_setup_teardown.py
[2023-08-24T04:43:56.180+0000] {logging_mixin.py:151} INFO - [2023-08-24T04:43:56.179+0000] {dag.py:2907} INFO - Sync 1 DAGs
[2023-08-24T04:43:56.196+0000] {logging_mixin.py:151} INFO - [2023-08-24T04:43:56.196+0000] {dag.py:3677} INFO - Setting next_dagrun for example_setup_teardown to 2023-08-23T04:43:56.196036+00:00, run_after=2023-08-24T04:43:56.196036+00:00
[2023-08-24T04:43:56.216+0000] {processor.py:179} INFO - Processing /usr/local/lib/python3.8/dist-packages/airflow/example_dags/example_setup_teardown.py took 0.065 seconds
[2023-08-24T04:44:57.217+0000] {processor.py:157} INFO - Started process (PID=44100) to work on /usr/local/lib/python3.8/dist-packages/airflow/example_dags/example_setup_teardown.py
[2023-08-24T04:44:57.219+0000] {processor.py:829} INFO - Processing file /usr/local/lib/python3.8/dist-packages/airflow/example_dags/example_setup_teardown.py for tasks to queue
[2023-08-24T04:44:57.219+0000] {logging_mixin.py:151} INFO - [2023-08-24T04:44:57.219+0000] {dagbag.py:539} INFO - Filling up the DagBag from /usr/local/lib/python3.8/dist-packages/airflow/example_dags/example_setup_teardown.py
[2023-08-24T04:44:57.226+0000] {processor.py:839} INFO - DAG(s) dict_keys(['example_setup_teardown']) retrieved from /usr/local/lib/python3.8/dist-packages/airflow/example_dags/example_setup_teardown.py
[2023-08-24T04:44:57.242+0000] {logging_mixin.py:151} INFO - [2023-08-24T04:44:57.242+0000] {dag.py:2907} INFO - Sync 1 DAGs
[2023-08-24T04:44:57.258+0000] {logging_mixin.py:151} INFO - [2023-08-24T04:44:57.258+0000] {dag.py:3677} INFO - Setting next_dagrun for example_setup_teardown to 2023-08-23T04:44:57.257934+00:00, run_after=2023-08-24T04:44:57.257934+00:00
[2023-08-24T04:44:57.275+0000] {processor.py:179} INFO - Processing /usr/local/lib/python3.8/dist-packages/airflow/example_dags/example_setup_teardown.py took 0.062 seconds
[2023-08-24T04:45:58.693+0000] {processor.py:157} INFO - Started process (PID=44283) to work on /usr/local/lib/python3.8/dist-packages/airflow/example_dags/example_setup_teardown.py
[2023-08-24T04:45:58.695+0000] {processor.py:829} INFO - Processing file /usr/local/lib/python3.8/dist-packages/airflow/example_dags/example_setup_teardown.py for tasks to queue
[2023-08-24T04:45:58.696+0000] {logging_mixin.py:151} INFO - [2023-08-24T04:45:58.695+0000] {dagbag.py:539} INFO - Filling up the DagBag from /usr/local/lib/python3.8/dist-packages/airflow/example_dags/example_setup_teardown.py
[2023-08-24T04:45:58.703+0000] {processor.py:839} INFO - DAG(s) dict_keys(['example_setup_teardown']) retrieved from /usr/local/lib/python3.8/dist-packages/airflow/example_dags/example_setup_teardown.py
[2023-08-24T04:45:58.719+0000] {logging_mixin.py:151} INFO - [2023-08-24T04:45:58.719+0000] {dag.py:2907} INFO - Sync 1 DAGs
[2023-08-24T04:45:58.736+0000] {logging_mixin.py:151} INFO - [2023-08-24T04:45:58.736+0000] {dag.py:3677} INFO - Setting next_dagrun for example_setup_teardown to 2023-08-23T04:45:58.736198+00:00, run_after=2023-08-24T04:45:58.736198+00:00
[2023-08-24T04:45:58.755+0000] {processor.py:179} INFO - Processing /usr/local/lib/python3.8/dist-packages/airflow/example_dags/example_setup_teardown.py took 0.065 seconds
[2023-08-24T04:47:00.456+0000] {processor.py:157} INFO - Started process (PID=44466) to work on /usr/local/lib/python3.8/dist-packages/airflow/example_dags/example_setup_teardown.py
[2023-08-24T04:47:00.457+0000] {processor.py:829} INFO - Processing file /usr/local/lib/python3.8/dist-packages/airflow/example_dags/example_setup_teardown.py for tasks to queue
[2023-08-24T04:47:00.458+0000] {logging_mixin.py:151} INFO - [2023-08-24T04:47:00.457+0000] {dagbag.py:539} INFO - Filling up the DagBag from /usr/local/lib/python3.8/dist-packages/airflow/example_dags/example_setup_teardown.py
[2023-08-24T04:47:00.465+0000] {processor.py:839} INFO - DAG(s) dict_keys(['example_setup_teardown']) retrieved from /usr/local/lib/python3.8/dist-packages/airflow/example_dags/example_setup_teardown.py
[2023-08-24T04:47:00.482+0000] {logging_mixin.py:151} INFO - [2023-08-24T04:47:00.482+0000] {dag.py:2907} INFO - Sync 1 DAGs
[2023-08-24T04:47:00.499+0000] {logging_mixin.py:151} INFO - [2023-08-24T04:47:00.499+0000] {dag.py:3677} INFO - Setting next_dagrun for example_setup_teardown to 2023-08-23T04:47:00.498818+00:00, run_after=2023-08-24T04:47:00.498818+00:00
[2023-08-24T04:47:00.517+0000] {processor.py:179} INFO - Processing /usr/local/lib/python3.8/dist-packages/airflow/example_dags/example_setup_teardown.py took 0.065 seconds
[2023-08-24T04:48:01.777+0000] {processor.py:157} INFO - Started process (PID=44650) to work on /usr/local/lib/python3.8/dist-packages/airflow/example_dags/example_setup_teardown.py
[2023-08-24T04:48:01.778+0000] {processor.py:829} INFO - Processing file /usr/local/lib/python3.8/dist-packages/airflow/example_dags/example_setup_teardown.py for tasks to queue
[2023-08-24T04:48:01.779+0000] {logging_mixin.py:151} INFO - [2023-08-24T04:48:01.779+0000] {dagbag.py:539} INFO - Filling up the DagBag from /usr/local/lib/python3.8/dist-packages/airflow/example_dags/example_setup_teardown.py
[2023-08-24T04:48:01.786+0000] {processor.py:839} INFO - DAG(s) dict_keys(['example_setup_teardown']) retrieved from /usr/local/lib/python3.8/dist-packages/airflow/example_dags/example_setup_teardown.py
[2023-08-24T04:48:01.803+0000] {logging_mixin.py:151} INFO - [2023-08-24T04:48:01.803+0000] {dag.py:2907} INFO - Sync 1 DAGs
[2023-08-24T04:48:01.820+0000] {logging_mixin.py:151} INFO - [2023-08-24T04:48:01.820+0000] {dag.py:3677} INFO - Setting next_dagrun for example_setup_teardown to 2023-08-23T04:48:01.819906+00:00, run_after=2023-08-24T04:48:01.819906+00:00
[2023-08-24T04:48:01.839+0000] {processor.py:179} INFO - Processing /usr/local/lib/python3.8/dist-packages/airflow/example_dags/example_setup_teardown.py took 0.066 seconds
[2023-08-24T04:49:04.248+0000] {processor.py:157} INFO - Started process (PID=44833) to work on /usr/local/lib/python3.8/dist-packages/airflow/example_dags/example_setup_teardown.py
[2023-08-24T04:49:04.249+0000] {processor.py:829} INFO - Processing file /usr/local/lib/python3.8/dist-packages/airflow/example_dags/example_setup_teardown.py for tasks to queue
[2023-08-24T04:49:04.250+0000] {logging_mixin.py:151} INFO - [2023-08-24T04:49:04.250+0000] {dagbag.py:539} INFO - Filling up the DagBag from /usr/local/lib/python3.8/dist-packages/airflow/example_dags/example_setup_teardown.py
[2023-08-24T04:49:04.257+0000] {processor.py:839} INFO - DAG(s) dict_keys(['example_setup_teardown']) retrieved from /usr/local/lib/python3.8/dist-packages/airflow/example_dags/example_setup_teardown.py
[2023-08-24T04:49:04.273+0000] {logging_mixin.py:151} INFO - [2023-08-24T04:49:04.273+0000] {dag.py:2907} INFO - Sync 1 DAGs
[2023-08-24T04:49:04.290+0000] {logging_mixin.py:151} INFO - [2023-08-24T04:49:04.289+0000] {dag.py:3677} INFO - Setting next_dagrun for example_setup_teardown to 2023-08-23T04:49:04.289695+00:00, run_after=2023-08-24T04:49:04.289695+00:00
[2023-08-24T04:49:04.308+0000] {processor.py:179} INFO - Processing /usr/local/lib/python3.8/dist-packages/airflow/example_dags/example_setup_teardown.py took 0.064 seconds
[2023-08-24T04:50:05.459+0000] {processor.py:157} INFO - Started process (PID=45017) to work on /usr/local/lib/python3.8/dist-packages/airflow/example_dags/example_setup_teardown.py
[2023-08-24T04:50:05.460+0000] {processor.py:829} INFO - Processing file /usr/local/lib/python3.8/dist-packages/airflow/example_dags/example_setup_teardown.py for tasks to queue
[2023-08-24T04:50:05.461+0000] {logging_mixin.py:151} INFO - [2023-08-24T04:50:05.461+0000] {dagbag.py:539} INFO - Filling up the DagBag from /usr/local/lib/python3.8/dist-packages/airflow/example_dags/example_setup_teardown.py
[2023-08-24T04:50:05.468+0000] {processor.py:839} INFO - DAG(s) dict_keys(['example_setup_teardown']) retrieved from /usr/local/lib/python3.8/dist-packages/airflow/example_dags/example_setup_teardown.py
[2023-08-24T04:50:05.485+0000] {logging_mixin.py:151} INFO - [2023-08-24T04:50:05.484+0000] {dag.py:2907} INFO - Sync 1 DAGs
[2023-08-24T04:50:05.501+0000] {logging_mixin.py:151} INFO - [2023-08-24T04:50:05.501+0000] {dag.py:3677} INFO - Setting next_dagrun for example_setup_teardown to 2023-08-23T04:50:05.500742+00:00, run_after=2023-08-24T04:50:05.500742+00:00
[2023-08-24T04:50:05.519+0000] {processor.py:179} INFO - Processing /usr/local/lib/python3.8/dist-packages/airflow/example_dags/example_setup_teardown.py took 0.064 seconds
[2023-08-24T04:51:03.674+0000] {processor.py:157} INFO - Started process (PID=45202) to work on /usr/local/lib/python3.8/dist-packages/airflow/example_dags/example_setup_teardown.py
[2023-08-24T04:51:03.675+0000] {processor.py:829} INFO - Processing file /usr/local/lib/python3.8/dist-packages/airflow/example_dags/example_setup_teardown.py for tasks to queue
[2023-08-24T04:51:03.676+0000] {logging_mixin.py:151} INFO - [2023-08-24T04:51:03.676+0000] {dagbag.py:539} INFO - Filling up the DagBag from /usr/local/lib/python3.8/dist-packages/airflow/example_dags/example_setup_teardown.py
[2023-08-24T04:51:03.683+0000] {processor.py:839} INFO - DAG(s) dict_keys(['example_setup_teardown']) retrieved from /usr/local/lib/python3.8/dist-packages/airflow/example_dags/example_setup_teardown.py
[2023-08-24T04:51:03.700+0000] {logging_mixin.py:151} INFO - [2023-08-24T04:51:03.700+0000] {dag.py:2907} INFO - Sync 1 DAGs
[2023-08-24T04:51:03.717+0000] {logging_mixin.py:151} INFO - [2023-08-24T04:51:03.716+0000] {dag.py:3677} INFO - Setting next_dagrun for example_setup_teardown to 2023-08-23T04:51:03.716594+00:00, run_after=2023-08-24T04:51:03.716594+00:00
[2023-08-24T04:51:03.735+0000] {processor.py:179} INFO - Processing /usr/local/lib/python3.8/dist-packages/airflow/example_dags/example_setup_teardown.py took 0.065 seconds
[2023-08-24T04:52:04.551+0000] {processor.py:157} INFO - Started process (PID=45384) to work on /usr/local/lib/python3.8/dist-packages/airflow/example_dags/example_setup_teardown.py
[2023-08-24T04:52:04.553+0000] {processor.py:829} INFO - Processing file /usr/local/lib/python3.8/dist-packages/airflow/example_dags/example_setup_teardown.py for tasks to queue
[2023-08-24T04:52:04.554+0000] {logging_mixin.py:151} INFO - [2023-08-24T04:52:04.553+0000] {dagbag.py:539} INFO - Filling up the DagBag from /usr/local/lib/python3.8/dist-packages/airflow/example_dags/example_setup_teardown.py
[2023-08-24T04:52:04.560+0000] {processor.py:839} INFO - DAG(s) dict_keys(['example_setup_teardown']) retrieved from /usr/local/lib/python3.8/dist-packages/airflow/example_dags/example_setup_teardown.py
[2023-08-24T04:52:04.576+0000] {logging_mixin.py:151} INFO - [2023-08-24T04:52:04.576+0000] {dag.py:2907} INFO - Sync 1 DAGs
[2023-08-24T04:52:04.592+0000] {logging_mixin.py:151} INFO - [2023-08-24T04:52:04.591+0000] {dag.py:3677} INFO - Setting next_dagrun for example_setup_teardown to 2023-08-23T04:52:04.591718+00:00, run_after=2023-08-24T04:52:04.591718+00:00
[2023-08-24T04:52:04.610+0000] {processor.py:179} INFO - Processing /usr/local/lib/python3.8/dist-packages/airflow/example_dags/example_setup_teardown.py took 0.062 seconds
[2023-08-24T04:53:06.089+0000] {processor.py:157} INFO - Started process (PID=45573) to work on /usr/local/lib/python3.8/dist-packages/airflow/example_dags/example_setup_teardown.py
[2023-08-24T04:53:06.091+0000] {processor.py:829} INFO - Processing file /usr/local/lib/python3.8/dist-packages/airflow/example_dags/example_setup_teardown.py for tasks to queue
[2023-08-24T04:53:06.092+0000] {logging_mixin.py:151} INFO - [2023-08-24T04:53:06.092+0000] {dagbag.py:539} INFO - Filling up the DagBag from /usr/local/lib/python3.8/dist-packages/airflow/example_dags/example_setup_teardown.py
[2023-08-24T04:53:06.099+0000] {processor.py:839} INFO - DAG(s) dict_keys(['example_setup_teardown']) retrieved from /usr/local/lib/python3.8/dist-packages/airflow/example_dags/example_setup_teardown.py
[2023-08-24T04:53:06.115+0000] {logging_mixin.py:151} INFO - [2023-08-24T04:53:06.114+0000] {dag.py:2907} INFO - Sync 1 DAGs
[2023-08-24T04:53:06.130+0000] {logging_mixin.py:151} INFO - [2023-08-24T04:53:06.130+0000] {dag.py:3677} INFO - Setting next_dagrun for example_setup_teardown to 2023-08-23T04:53:06.130321+00:00, run_after=2023-08-24T04:53:06.130321+00:00
[2023-08-24T04:53:06.148+0000] {processor.py:179} INFO - Processing /usr/local/lib/python3.8/dist-packages/airflow/example_dags/example_setup_teardown.py took 0.062 seconds
[2023-08-24T04:54:08.541+0000] {processor.py:157} INFO - Started process (PID=45756) to work on /usr/local/lib/python3.8/dist-packages/airflow/example_dags/example_setup_teardown.py
[2023-08-24T04:54:08.543+0000] {processor.py:829} INFO - Processing file /usr/local/lib/python3.8/dist-packages/airflow/example_dags/example_setup_teardown.py for tasks to queue
[2023-08-24T04:54:08.544+0000] {logging_mixin.py:151} INFO - [2023-08-24T04:54:08.543+0000] {dagbag.py:539} INFO - Filling up the DagBag from /usr/local/lib/python3.8/dist-packages/airflow/example_dags/example_setup_teardown.py
[2023-08-24T04:54:08.551+0000] {processor.py:839} INFO - DAG(s) dict_keys(['example_setup_teardown']) retrieved from /usr/local/lib/python3.8/dist-packages/airflow/example_dags/example_setup_teardown.py
[2023-08-24T04:54:08.567+0000] {logging_mixin.py:151} INFO - [2023-08-24T04:54:08.566+0000] {dag.py:2907} INFO - Sync 1 DAGs
[2023-08-24T04:54:08.582+0000] {logging_mixin.py:151} INFO - [2023-08-24T04:54:08.582+0000] {dag.py:3677} INFO - Setting next_dagrun for example_setup_teardown to 2023-08-23T04:54:08.582590+00:00, run_after=2023-08-24T04:54:08.582590+00:00
[2023-08-24T04:54:08.600+0000] {processor.py:179} INFO - Processing /usr/local/lib/python3.8/dist-packages/airflow/example_dags/example_setup_teardown.py took 0.063 seconds
[2023-08-24T04:55:09.163+0000] {processor.py:157} INFO - Started process (PID=45940) to work on /usr/local/lib/python3.8/dist-packages/airflow/example_dags/example_setup_teardown.py
[2023-08-24T04:55:09.165+0000] {processor.py:829} INFO - Processing file /usr/local/lib/python3.8/dist-packages/airflow/example_dags/example_setup_teardown.py for tasks to queue
[2023-08-24T04:55:09.165+0000] {logging_mixin.py:151} INFO - [2023-08-24T04:55:09.165+0000] {dagbag.py:539} INFO - Filling up the DagBag from /usr/local/lib/python3.8/dist-packages/airflow/example_dags/example_setup_teardown.py
[2023-08-24T04:55:09.172+0000] {processor.py:839} INFO - DAG(s) dict_keys(['example_setup_teardown']) retrieved from /usr/local/lib/python3.8/dist-packages/airflow/example_dags/example_setup_teardown.py
[2023-08-24T04:55:09.189+0000] {logging_mixin.py:151} INFO - [2023-08-24T04:55:09.189+0000] {dag.py:2907} INFO - Sync 1 DAGs
[2023-08-24T04:55:09.205+0000] {logging_mixin.py:151} INFO - [2023-08-24T04:55:09.205+0000] {dag.py:3677} INFO - Setting next_dagrun for example_setup_teardown to 2023-08-23T04:55:09.205003+00:00, run_after=2023-08-24T04:55:09.205003+00:00
[2023-08-24T04:55:09.223+0000] {processor.py:179} INFO - Processing /usr/local/lib/python3.8/dist-packages/airflow/example_dags/example_setup_teardown.py took 0.064 seconds
[2023-08-24T04:56:10.865+0000] {processor.py:157} INFO - Started process (PID=46127) to work on /usr/local/lib/python3.8/dist-packages/airflow/example_dags/example_setup_teardown.py
[2023-08-24T04:56:10.867+0000] {processor.py:829} INFO - Processing file /usr/local/lib/python3.8/dist-packages/airflow/example_dags/example_setup_teardown.py for tasks to queue
[2023-08-24T04:56:10.868+0000] {logging_mixin.py:151} INFO - [2023-08-24T04:56:10.867+0000] {dagbag.py:539} INFO - Filling up the DagBag from /usr/local/lib/python3.8/dist-packages/airflow/example_dags/example_setup_teardown.py
[2023-08-24T04:56:10.875+0000] {processor.py:839} INFO - DAG(s) dict_keys(['example_setup_teardown']) retrieved from /usr/local/lib/python3.8/dist-packages/airflow/example_dags/example_setup_teardown.py
[2023-08-24T04:56:10.891+0000] {logging_mixin.py:151} INFO - [2023-08-24T04:56:10.891+0000] {dag.py:2907} INFO - Sync 1 DAGs
[2023-08-24T04:56:10.907+0000] {logging_mixin.py:151} INFO - [2023-08-24T04:56:10.907+0000] {dag.py:3677} INFO - Setting next_dagrun for example_setup_teardown to 2023-08-23T04:56:10.907524+00:00, run_after=2023-08-24T04:56:10.907524+00:00
[2023-08-24T04:56:11.054+0000] {processor.py:179} INFO - Processing /usr/local/lib/python3.8/dist-packages/airflow/example_dags/example_setup_teardown.py took 0.192 seconds
[2023-08-24T04:57:15.396+0000] {processor.py:157} INFO - Started process (PID=46324) to work on /usr/local/lib/python3.8/dist-packages/airflow/example_dags/example_setup_teardown.py
[2023-08-24T04:57:15.398+0000] {processor.py:829} INFO - Processing file /usr/local/lib/python3.8/dist-packages/airflow/example_dags/example_setup_teardown.py for tasks to queue
[2023-08-24T04:57:15.399+0000] {logging_mixin.py:151} INFO - [2023-08-24T04:57:15.398+0000] {dagbag.py:539} INFO - Filling up the DagBag from /usr/local/lib/python3.8/dist-packages/airflow/example_dags/example_setup_teardown.py
[2023-08-24T04:57:15.406+0000] {processor.py:839} INFO - DAG(s) dict_keys(['example_setup_teardown']) retrieved from /usr/local/lib/python3.8/dist-packages/airflow/example_dags/example_setup_teardown.py
[2023-08-24T04:57:15.422+0000] {logging_mixin.py:151} INFO - [2023-08-24T04:57:15.422+0000] {dag.py:2907} INFO - Sync 1 DAGs
[2023-08-24T04:57:15.438+0000] {logging_mixin.py:151} INFO - [2023-08-24T04:57:15.438+0000] {dag.py:3677} INFO - Setting next_dagrun for example_setup_teardown to 2023-08-23T04:57:15.438242+00:00, run_after=2023-08-24T04:57:15.438242+00:00
[2023-08-24T04:57:15.456+0000] {processor.py:179} INFO - Processing /usr/local/lib/python3.8/dist-packages/airflow/example_dags/example_setup_teardown.py took 0.063 seconds
[2023-08-24T04:58:19.150+0000] {processor.py:157} INFO - Started process (PID=46508) to work on /usr/local/lib/python3.8/dist-packages/airflow/example_dags/example_setup_teardown.py
[2023-08-24T04:58:19.152+0000] {processor.py:829} INFO - Processing file /usr/local/lib/python3.8/dist-packages/airflow/example_dags/example_setup_teardown.py for tasks to queue
[2023-08-24T04:58:19.153+0000] {logging_mixin.py:151} INFO - [2023-08-24T04:58:19.152+0000] {dagbag.py:539} INFO - Filling up the DagBag from /usr/local/lib/python3.8/dist-packages/airflow/example_dags/example_setup_teardown.py
[2023-08-24T04:58:19.160+0000] {processor.py:839} INFO - DAG(s) dict_keys(['example_setup_teardown']) retrieved from /usr/local/lib/python3.8/dist-packages/airflow/example_dags/example_setup_teardown.py
[2023-08-24T04:58:19.175+0000] {logging_mixin.py:151} INFO - [2023-08-24T04:58:19.175+0000] {dag.py:2907} INFO - Sync 1 DAGs
[2023-08-24T04:58:19.191+0000] {logging_mixin.py:151} INFO - [2023-08-24T04:58:19.191+0000] {dag.py:3677} INFO - Setting next_dagrun for example_setup_teardown to 2023-08-23T04:58:19.191277+00:00, run_after=2023-08-24T04:58:19.191277+00:00
[2023-08-24T04:58:19.209+0000] {processor.py:179} INFO - Processing /usr/local/lib/python3.8/dist-packages/airflow/example_dags/example_setup_teardown.py took 0.062 seconds
[2023-08-24T04:59:22.804+0000] {processor.py:157} INFO - Started process (PID=46691) to work on /usr/local/lib/python3.8/dist-packages/airflow/example_dags/example_setup_teardown.py
[2023-08-24T04:59:22.805+0000] {processor.py:829} INFO - Processing file /usr/local/lib/python3.8/dist-packages/airflow/example_dags/example_setup_teardown.py for tasks to queue
[2023-08-24T04:59:22.806+0000] {logging_mixin.py:151} INFO - [2023-08-24T04:59:22.806+0000] {dagbag.py:539} INFO - Filling up the DagBag from /usr/local/lib/python3.8/dist-packages/airflow/example_dags/example_setup_teardown.py
[2023-08-24T04:59:22.813+0000] {processor.py:839} INFO - DAG(s) dict_keys(['example_setup_teardown']) retrieved from /usr/local/lib/python3.8/dist-packages/airflow/example_dags/example_setup_teardown.py
[2023-08-24T04:59:22.829+0000] {logging_mixin.py:151} INFO - [2023-08-24T04:59:22.829+0000] {dag.py:2907} INFO - Sync 1 DAGs
[2023-08-24T04:59:22.954+0000] {logging_mixin.py:151} INFO - [2023-08-24T04:59:22.954+0000] {dag.py:3677} INFO - Setting next_dagrun for example_setup_teardown to 2023-08-23T04:59:22.954035+00:00, run_after=2023-08-24T04:59:22.954035+00:00
[2023-08-24T04:59:22.970+0000] {processor.py:179} INFO - Processing /usr/local/lib/python3.8/dist-packages/airflow/example_dags/example_setup_teardown.py took 0.170 seconds
[2023-08-24T05:00:24.855+0000] {processor.py:157} INFO - Started process (PID=46875) to work on /usr/local/lib/python3.8/dist-packages/airflow/example_dags/example_setup_teardown.py
[2023-08-24T05:00:24.857+0000] {processor.py:829} INFO - Processing file /usr/local/lib/python3.8/dist-packages/airflow/example_dags/example_setup_teardown.py for tasks to queue
[2023-08-24T05:00:24.858+0000] {logging_mixin.py:151} INFO - [2023-08-24T05:00:24.857+0000] {dagbag.py:539} INFO - Filling up the DagBag from /usr/local/lib/python3.8/dist-packages/airflow/example_dags/example_setup_teardown.py
[2023-08-24T05:00:24.865+0000] {processor.py:839} INFO - DAG(s) dict_keys(['example_setup_teardown']) retrieved from /usr/local/lib/python3.8/dist-packages/airflow/example_dags/example_setup_teardown.py
[2023-08-24T05:00:24.880+0000] {logging_mixin.py:151} INFO - [2023-08-24T05:00:24.880+0000] {dag.py:2907} INFO - Sync 1 DAGs
[2023-08-24T05:00:24.897+0000] {logging_mixin.py:151} INFO - [2023-08-24T05:00:24.897+0000] {dag.py:3677} INFO - Setting next_dagrun for example_setup_teardown to 2023-08-23T05:00:24.896968+00:00, run_after=2023-08-24T05:00:24.896968+00:00
[2023-08-24T05:00:24.913+0000] {processor.py:179} INFO - Processing /usr/local/lib/python3.8/dist-packages/airflow/example_dags/example_setup_teardown.py took 0.062 seconds
[2023-08-24T05:01:25.106+0000] {processor.py:157} INFO - Started process (PID=47072) to work on /usr/local/lib/python3.8/dist-packages/airflow/example_dags/example_setup_teardown.py
[2023-08-24T05:01:25.108+0000] {processor.py:829} INFO - Processing file /usr/local/lib/python3.8/dist-packages/airflow/example_dags/example_setup_teardown.py for tasks to queue
[2023-08-24T05:01:25.109+0000] {logging_mixin.py:151} INFO - [2023-08-24T05:01:25.109+0000] {dagbag.py:539} INFO - Filling up the DagBag from /usr/local/lib/python3.8/dist-packages/airflow/example_dags/example_setup_teardown.py
[2023-08-24T05:01:25.118+0000] {processor.py:839} INFO - DAG(s) dict_keys(['example_setup_teardown']) retrieved from /usr/local/lib/python3.8/dist-packages/airflow/example_dags/example_setup_teardown.py
[2023-08-24T05:01:25.137+0000] {logging_mixin.py:151} INFO - [2023-08-24T05:01:25.137+0000] {dag.py:2907} INFO - Sync 1 DAGs
[2023-08-24T05:01:25.155+0000] {logging_mixin.py:151} INFO - [2023-08-24T05:01:25.155+0000] {dag.py:3677} INFO - Setting next_dagrun for example_setup_teardown to 2023-08-23T05:01:25.155111+00:00, run_after=2023-08-24T05:01:25.155111+00:00
[2023-08-24T05:01:25.173+0000] {processor.py:179} INFO - Processing /usr/local/lib/python3.8/dist-packages/airflow/example_dags/example_setup_teardown.py took 0.072 seconds
[2023-08-24T05:02:23.588+0000] {processor.py:157} INFO - Started process (PID=47258) to work on /usr/local/lib/python3.8/dist-packages/airflow/example_dags/example_setup_teardown.py
[2023-08-24T05:02:23.589+0000] {processor.py:829} INFO - Processing file /usr/local/lib/python3.8/dist-packages/airflow/example_dags/example_setup_teardown.py for tasks to queue
[2023-08-24T05:02:23.590+0000] {logging_mixin.py:151} INFO - [2023-08-24T05:02:23.590+0000] {dagbag.py:539} INFO - Filling up the DagBag from /usr/local/lib/python3.8/dist-packages/airflow/example_dags/example_setup_teardown.py
[2023-08-24T05:02:23.597+0000] {processor.py:839} INFO - DAG(s) dict_keys(['example_setup_teardown']) retrieved from /usr/local/lib/python3.8/dist-packages/airflow/example_dags/example_setup_teardown.py
[2023-08-24T05:02:23.613+0000] {logging_mixin.py:151} INFO - [2023-08-24T05:02:23.613+0000] {dag.py:2907} INFO - Sync 1 DAGs
[2023-08-24T05:02:23.632+0000] {logging_mixin.py:151} INFO - [2023-08-24T05:02:23.632+0000] {dag.py:3677} INFO - Setting next_dagrun for example_setup_teardown to 2023-08-23T05:02:23.632202+00:00, run_after=2023-08-24T05:02:23.632202+00:00
[2023-08-24T05:02:23.649+0000] {processor.py:179} INFO - Processing /usr/local/lib/python3.8/dist-packages/airflow/example_dags/example_setup_teardown.py took 0.065 seconds
[2023-08-24T05:03:24.256+0000] {processor.py:157} INFO - Started process (PID=47446) to work on /usr/local/lib/python3.8/dist-packages/airflow/example_dags/example_setup_teardown.py
[2023-08-24T05:03:24.258+0000] {processor.py:829} INFO - Processing file /usr/local/lib/python3.8/dist-packages/airflow/example_dags/example_setup_teardown.py for tasks to queue
[2023-08-24T05:03:24.259+0000] {logging_mixin.py:151} INFO - [2023-08-24T05:03:24.259+0000] {dagbag.py:539} INFO - Filling up the DagBag from /usr/local/lib/python3.8/dist-packages/airflow/example_dags/example_setup_teardown.py
[2023-08-24T05:03:24.266+0000] {processor.py:839} INFO - DAG(s) dict_keys(['example_setup_teardown']) retrieved from /usr/local/lib/python3.8/dist-packages/airflow/example_dags/example_setup_teardown.py
[2023-08-24T05:03:24.282+0000] {logging_mixin.py:151} INFO - [2023-08-24T05:03:24.282+0000] {dag.py:2907} INFO - Sync 1 DAGs
[2023-08-24T05:03:24.299+0000] {logging_mixin.py:151} INFO - [2023-08-24T05:03:24.299+0000] {dag.py:3677} INFO - Setting next_dagrun for example_setup_teardown to 2023-08-23T05:03:24.298797+00:00, run_after=2023-08-24T05:03:24.298797+00:00
[2023-08-24T05:03:24.316+0000] {processor.py:179} INFO - Processing /usr/local/lib/python3.8/dist-packages/airflow/example_dags/example_setup_teardown.py took 0.064 seconds
[2023-08-24T05:04:23.245+0000] {processor.py:157} INFO - Started process (PID=47629) to work on /usr/local/lib/python3.8/dist-packages/airflow/example_dags/example_setup_teardown.py
[2023-08-24T05:04:23.247+0000] {processor.py:829} INFO - Processing file /usr/local/lib/python3.8/dist-packages/airflow/example_dags/example_setup_teardown.py for tasks to queue
[2023-08-24T05:04:23.248+0000] {logging_mixin.py:151} INFO - [2023-08-24T05:04:23.248+0000] {dagbag.py:539} INFO - Filling up the DagBag from /usr/local/lib/python3.8/dist-packages/airflow/example_dags/example_setup_teardown.py
[2023-08-24T05:04:23.256+0000] {processor.py:839} INFO - DAG(s) dict_keys(['example_setup_teardown']) retrieved from /usr/local/lib/python3.8/dist-packages/airflow/example_dags/example_setup_teardown.py
[2023-08-24T05:04:23.274+0000] {logging_mixin.py:151} INFO - [2023-08-24T05:04:23.274+0000] {dag.py:2907} INFO - Sync 1 DAGs
[2023-08-24T05:04:23.292+0000] {logging_mixin.py:151} INFO - [2023-08-24T05:04:23.292+0000] {dag.py:3677} INFO - Setting next_dagrun for example_setup_teardown to 2023-08-23T05:04:23.292490+00:00, run_after=2023-08-24T05:04:23.292490+00:00
[2023-08-24T05:04:23.310+0000] {processor.py:179} INFO - Processing /usr/local/lib/python3.8/dist-packages/airflow/example_dags/example_setup_teardown.py took 0.069 seconds
[2023-08-24T05:05:23.485+0000] {processor.py:157} INFO - Started process (PID=47825) to work on /usr/local/lib/python3.8/dist-packages/airflow/example_dags/example_setup_teardown.py
[2023-08-24T05:05:23.487+0000] {processor.py:829} INFO - Processing file /usr/local/lib/python3.8/dist-packages/airflow/example_dags/example_setup_teardown.py for tasks to queue
[2023-08-24T05:05:23.488+0000] {logging_mixin.py:151} INFO - [2023-08-24T05:05:23.487+0000] {dagbag.py:539} INFO - Filling up the DagBag from /usr/local/lib/python3.8/dist-packages/airflow/example_dags/example_setup_teardown.py
[2023-08-24T05:05:23.495+0000] {processor.py:839} INFO - DAG(s) dict_keys(['example_setup_teardown']) retrieved from /usr/local/lib/python3.8/dist-packages/airflow/example_dags/example_setup_teardown.py
[2023-08-24T05:05:23.511+0000] {logging_mixin.py:151} INFO - [2023-08-24T05:05:23.511+0000] {dag.py:2907} INFO - Sync 1 DAGs
[2023-08-24T05:05:23.527+0000] {logging_mixin.py:151} INFO - [2023-08-24T05:05:23.527+0000] {dag.py:3677} INFO - Setting next_dagrun for example_setup_teardown to 2023-08-23T05:05:23.527030+00:00, run_after=2023-08-24T05:05:23.527030+00:00
[2023-08-24T05:05:23.544+0000] {processor.py:179} INFO - Processing /usr/local/lib/python3.8/dist-packages/airflow/example_dags/example_setup_teardown.py took 0.062 seconds
[2023-08-24T05:06:21.224+0000] {processor.py:157} INFO - Started process (PID=48021) to work on /usr/local/lib/python3.8/dist-packages/airflow/example_dags/example_setup_teardown.py
[2023-08-24T05:06:21.226+0000] {processor.py:829} INFO - Processing file /usr/local/lib/python3.8/dist-packages/airflow/example_dags/example_setup_teardown.py for tasks to queue
[2023-08-24T05:06:21.227+0000] {logging_mixin.py:151} INFO - [2023-08-24T05:06:21.226+0000] {dagbag.py:539} INFO - Filling up the DagBag from /usr/local/lib/python3.8/dist-packages/airflow/example_dags/example_setup_teardown.py
[2023-08-24T05:06:21.234+0000] {processor.py:839} INFO - DAG(s) dict_keys(['example_setup_teardown']) retrieved from /usr/local/lib/python3.8/dist-packages/airflow/example_dags/example_setup_teardown.py
[2023-08-24T05:06:21.250+0000] {logging_mixin.py:151} INFO - [2023-08-24T05:06:21.250+0000] {dag.py:2907} INFO - Sync 1 DAGs
[2023-08-24T05:06:21.267+0000] {logging_mixin.py:151} INFO - [2023-08-24T05:06:21.266+0000] {dag.py:3677} INFO - Setting next_dagrun for example_setup_teardown to 2023-08-23T05:06:21.266612+00:00, run_after=2023-08-24T05:06:21.266612+00:00
[2023-08-24T05:06:21.285+0000] {processor.py:179} INFO - Processing /usr/local/lib/python3.8/dist-packages/airflow/example_dags/example_setup_teardown.py took 0.064 seconds
[2023-08-24T05:07:17.005+0000] {processor.py:157} INFO - Started process (PID=48203) to work on /usr/local/lib/python3.8/dist-packages/airflow/example_dags/example_setup_teardown.py
[2023-08-24T05:07:17.007+0000] {processor.py:829} INFO - Processing file /usr/local/lib/python3.8/dist-packages/airflow/example_dags/example_setup_teardown.py for tasks to queue
[2023-08-24T05:07:17.007+0000] {logging_mixin.py:151} INFO - [2023-08-24T05:07:17.007+0000] {dagbag.py:539} INFO - Filling up the DagBag from /usr/local/lib/python3.8/dist-packages/airflow/example_dags/example_setup_teardown.py
[2023-08-24T05:07:17.014+0000] {processor.py:839} INFO - DAG(s) dict_keys(['example_setup_teardown']) retrieved from /usr/local/lib/python3.8/dist-packages/airflow/example_dags/example_setup_teardown.py
[2023-08-24T05:07:17.031+0000] {logging_mixin.py:151} INFO - [2023-08-24T05:07:17.031+0000] {dag.py:2907} INFO - Sync 1 DAGs
[2023-08-24T05:07:17.046+0000] {logging_mixin.py:151} INFO - [2023-08-24T05:07:17.046+0000] {dag.py:3677} INFO - Setting next_dagrun for example_setup_teardown to 2023-08-23T05:07:17.046551+00:00, run_after=2023-08-24T05:07:17.046551+00:00
[2023-08-24T05:07:17.064+0000] {processor.py:179} INFO - Processing /usr/local/lib/python3.8/dist-packages/airflow/example_dags/example_setup_teardown.py took 0.062 seconds
[2023-08-24T05:08:15.289+0000] {processor.py:157} INFO - Started process (PID=48387) to work on /usr/local/lib/python3.8/dist-packages/airflow/example_dags/example_setup_teardown.py
[2023-08-24T05:08:15.291+0000] {processor.py:829} INFO - Processing file /usr/local/lib/python3.8/dist-packages/airflow/example_dags/example_setup_teardown.py for tasks to queue
[2023-08-24T05:08:15.292+0000] {logging_mixin.py:151} INFO - [2023-08-24T05:08:15.291+0000] {dagbag.py:539} INFO - Filling up the DagBag from /usr/local/lib/python3.8/dist-packages/airflow/example_dags/example_setup_teardown.py
[2023-08-24T05:08:15.299+0000] {processor.py:839} INFO - DAG(s) dict_keys(['example_setup_teardown']) retrieved from /usr/local/lib/python3.8/dist-packages/airflow/example_dags/example_setup_teardown.py
[2023-08-24T05:08:15.316+0000] {logging_mixin.py:151} INFO - [2023-08-24T05:08:15.316+0000] {dag.py:2907} INFO - Sync 1 DAGs
[2023-08-24T05:08:15.333+0000] {logging_mixin.py:151} INFO - [2023-08-24T05:08:15.333+0000] {dag.py:3677} INFO - Setting next_dagrun for example_setup_teardown to 2023-08-23T05:08:15.332973+00:00, run_after=2023-08-24T05:08:15.332973+00:00
[2023-08-24T05:08:15.352+0000] {processor.py:179} INFO - Processing /usr/local/lib/python3.8/dist-packages/airflow/example_dags/example_setup_teardown.py took 0.066 seconds
[2023-08-24T05:09:16.023+0000] {processor.py:157} INFO - Started process (PID=48583) to work on /usr/local/lib/python3.8/dist-packages/airflow/example_dags/example_setup_teardown.py
[2023-08-24T05:09:16.025+0000] {processor.py:829} INFO - Processing file /usr/local/lib/python3.8/dist-packages/airflow/example_dags/example_setup_teardown.py for tasks to queue
[2023-08-24T05:09:16.026+0000] {logging_mixin.py:151} INFO - [2023-08-24T05:09:16.025+0000] {dagbag.py:539} INFO - Filling up the DagBag from /usr/local/lib/python3.8/dist-packages/airflow/example_dags/example_setup_teardown.py
[2023-08-24T05:09:16.033+0000] {processor.py:839} INFO - DAG(s) dict_keys(['example_setup_teardown']) retrieved from /usr/local/lib/python3.8/dist-packages/airflow/example_dags/example_setup_teardown.py
[2023-08-24T05:09:16.050+0000] {logging_mixin.py:151} INFO - [2023-08-24T05:09:16.050+0000] {dag.py:2907} INFO - Sync 1 DAGs
[2023-08-24T05:09:16.067+0000] {logging_mixin.py:151} INFO - [2023-08-24T05:09:16.067+0000] {dag.py:3677} INFO - Setting next_dagrun for example_setup_teardown to 2023-08-23T05:09:16.066975+00:00, run_after=2023-08-24T05:09:16.066975+00:00
[2023-08-24T05:09:16.085+0000] {processor.py:179} INFO - Processing /usr/local/lib/python3.8/dist-packages/airflow/example_dags/example_setup_teardown.py took 0.065 seconds
[2023-08-24T05:10:15.265+0000] {processor.py:157} INFO - Started process (PID=48766) to work on /usr/local/lib/python3.8/dist-packages/airflow/example_dags/example_setup_teardown.py
[2023-08-24T05:10:15.266+0000] {processor.py:829} INFO - Processing file /usr/local/lib/python3.8/dist-packages/airflow/example_dags/example_setup_teardown.py for tasks to queue
[2023-08-24T05:10:15.267+0000] {logging_mixin.py:151} INFO - [2023-08-24T05:10:15.267+0000] {dagbag.py:539} INFO - Filling up the DagBag from /usr/local/lib/python3.8/dist-packages/airflow/example_dags/example_setup_teardown.py
[2023-08-24T05:10:15.274+0000] {processor.py:839} INFO - DAG(s) dict_keys(['example_setup_teardown']) retrieved from /usr/local/lib/python3.8/dist-packages/airflow/example_dags/example_setup_teardown.py
[2023-08-24T05:10:15.291+0000] {logging_mixin.py:151} INFO - [2023-08-24T05:10:15.291+0000] {dag.py:2907} INFO - Sync 1 DAGs
[2023-08-24T05:10:15.308+0000] {logging_mixin.py:151} INFO - [2023-08-24T05:10:15.308+0000] {dag.py:3677} INFO - Setting next_dagrun for example_setup_teardown to 2023-08-23T05:10:15.307819+00:00, run_after=2023-08-24T05:10:15.307819+00:00
[2023-08-24T05:10:15.326+0000] {processor.py:179} INFO - Processing /usr/local/lib/python3.8/dist-packages/airflow/example_dags/example_setup_teardown.py took 0.064 seconds
[2023-08-24T05:11:30.426+0000] {processor.py:157} INFO - Started process (PID=48922) to work on /usr/local/lib/python3.8/dist-packages/airflow/example_dags/example_setup_teardown.py
[2023-08-24T05:11:30.428+0000] {processor.py:829} INFO - Processing file /usr/local/lib/python3.8/dist-packages/airflow/example_dags/example_setup_teardown.py for tasks to queue
[2023-08-24T05:11:30.429+0000] {logging_mixin.py:151} INFO - [2023-08-24T05:11:30.429+0000] {dagbag.py:539} INFO - Filling up the DagBag from /usr/local/lib/python3.8/dist-packages/airflow/example_dags/example_setup_teardown.py
[2023-08-24T05:11:30.437+0000] {processor.py:839} INFO - DAG(s) dict_keys(['example_setup_teardown']) retrieved from /usr/local/lib/python3.8/dist-packages/airflow/example_dags/example_setup_teardown.py
[2023-08-24T05:11:30.456+0000] {logging_mixin.py:151} INFO - [2023-08-24T05:11:30.456+0000] {dag.py:2907} INFO - Sync 1 DAGs
[2023-08-24T05:11:30.475+0000] {logging_mixin.py:151} INFO - [2023-08-24T05:11:30.475+0000] {dag.py:3677} INFO - Setting next_dagrun for example_setup_teardown to 2023-08-23T05:11:30.475455+00:00, run_after=2023-08-24T05:11:30.475455+00:00
[2023-08-24T05:11:30.496+0000] {processor.py:179} INFO - Processing /usr/local/lib/python3.8/dist-packages/airflow/example_dags/example_setup_teardown.py took 0.073 seconds
[2023-08-24T05:12:31.929+0000] {processor.py:157} INFO - Started process (PID=49118) to work on /usr/local/lib/python3.8/dist-packages/airflow/example_dags/example_setup_teardown.py
[2023-08-24T05:12:31.930+0000] {processor.py:829} INFO - Processing file /usr/local/lib/python3.8/dist-packages/airflow/example_dags/example_setup_teardown.py for tasks to queue
[2023-08-24T05:12:31.931+0000] {logging_mixin.py:151} INFO - [2023-08-24T05:12:31.931+0000] {dagbag.py:539} INFO - Filling up the DagBag from /usr/local/lib/python3.8/dist-packages/airflow/example_dags/example_setup_teardown.py
[2023-08-24T05:12:31.938+0000] {processor.py:839} INFO - DAG(s) dict_keys(['example_setup_teardown']) retrieved from /usr/local/lib/python3.8/dist-packages/airflow/example_dags/example_setup_teardown.py
[2023-08-24T05:12:31.954+0000] {logging_mixin.py:151} INFO - [2023-08-24T05:12:31.954+0000] {dag.py:2907} INFO - Sync 1 DAGs
[2023-08-24T05:12:31.970+0000] {logging_mixin.py:151} INFO - [2023-08-24T05:12:31.970+0000] {dag.py:3677} INFO - Setting next_dagrun for example_setup_teardown to 2023-08-23T05:12:31.970460+00:00, run_after=2023-08-24T05:12:31.970460+00:00
[2023-08-24T05:12:31.988+0000] {processor.py:179} INFO - Processing /usr/local/lib/python3.8/dist-packages/airflow/example_dags/example_setup_teardown.py took 0.062 seconds
[2023-08-24T05:13:32.549+0000] {processor.py:157} INFO - Started process (PID=49323) to work on /usr/local/lib/python3.8/dist-packages/airflow/example_dags/example_setup_teardown.py
[2023-08-24T05:13:32.550+0000] {processor.py:829} INFO - Processing file /usr/local/lib/python3.8/dist-packages/airflow/example_dags/example_setup_teardown.py for tasks to queue
[2023-08-24T05:13:32.551+0000] {logging_mixin.py:151} INFO - [2023-08-24T05:13:32.551+0000] {dagbag.py:539} INFO - Filling up the DagBag from /usr/local/lib/python3.8/dist-packages/airflow/example_dags/example_setup_teardown.py
[2023-08-24T05:13:32.558+0000] {processor.py:839} INFO - DAG(s) dict_keys(['example_setup_teardown']) retrieved from /usr/local/lib/python3.8/dist-packages/airflow/example_dags/example_setup_teardown.py
[2023-08-24T05:13:32.574+0000] {logging_mixin.py:151} INFO - [2023-08-24T05:13:32.574+0000] {dag.py:2907} INFO - Sync 1 DAGs
[2023-08-24T05:13:32.591+0000] {logging_mixin.py:151} INFO - [2023-08-24T05:13:32.591+0000] {dag.py:3677} INFO - Setting next_dagrun for example_setup_teardown to 2023-08-23T05:13:32.590766+00:00, run_after=2023-08-24T05:13:32.590766+00:00
[2023-08-24T05:13:32.608+0000] {processor.py:179} INFO - Processing /usr/local/lib/python3.8/dist-packages/airflow/example_dags/example_setup_teardown.py took 0.063 seconds
