[2023-08-24T04:22:11.162+0000] {processor.py:157} INFO - Started process (PID=37612) to work on /usr/local/lib/python3.8/dist-packages/airflow/example_dags/example_external_task_marker_dag.py
[2023-08-24T04:22:11.163+0000] {processor.py:829} INFO - Processing file /usr/local/lib/python3.8/dist-packages/airflow/example_dags/example_external_task_marker_dag.py for tasks to queue
[2023-08-24T04:22:11.163+0000] {logging_mixin.py:151} INFO - [2023-08-24T04:22:11.163+0000] {dagbag.py:539} INFO - Filling up the DagBag from /usr/local/lib/python3.8/dist-packages/airflow/example_dags/example_external_task_marker_dag.py
[2023-08-24T04:22:11.170+0000] {processor.py:839} INFO - DAG(s) dict_keys(['example_external_task_marker_parent', 'example_external_task_marker_child']) retrieved from /usr/local/lib/python3.8/dist-packages/airflow/example_dags/example_external_task_marker_dag.py
[2023-08-24T04:22:11.188+0000] {logging_mixin.py:151} INFO - [2023-08-24T04:22:11.188+0000] {dag.py:2907} INFO - Sync 2 DAGs
[2023-08-24T04:22:11.199+0000] {logging_mixin.py:151} INFO - [2023-08-24T04:22:11.199+0000] {dag.py:3677} INFO - Setting next_dagrun for example_external_task_marker_child to None, run_after=None
[2023-08-24T04:22:11.201+0000] {logging_mixin.py:151} INFO - [2023-08-24T04:22:11.201+0000] {dag.py:3677} INFO - Setting next_dagrun for example_external_task_marker_parent to None, run_after=None
[2023-08-24T04:22:11.217+0000] {processor.py:179} INFO - Processing /usr/local/lib/python3.8/dist-packages/airflow/example_dags/example_external_task_marker_dag.py took 0.058 seconds
[2023-08-24T04:31:25.244+0000] {processor.py:157} INFO - Started process (PID=41487) to work on /usr/local/lib/python3.8/dist-packages/airflow/example_dags/example_external_task_marker_dag.py
[2023-08-24T04:31:25.245+0000] {processor.py:829} INFO - Processing file /usr/local/lib/python3.8/dist-packages/airflow/example_dags/example_external_task_marker_dag.py for tasks to queue
[2023-08-24T04:31:25.247+0000] {logging_mixin.py:151} INFO - [2023-08-24T04:31:25.246+0000] {dagbag.py:539} INFO - Filling up the DagBag from /usr/local/lib/python3.8/dist-packages/airflow/example_dags/example_external_task_marker_dag.py
[2023-08-24T04:31:25.255+0000] {processor.py:839} INFO - DAG(s) dict_keys(['example_external_task_marker_child', 'example_external_task_marker_parent']) retrieved from /usr/local/lib/python3.8/dist-packages/airflow/example_dags/example_external_task_marker_dag.py
[2023-08-24T04:31:25.277+0000] {logging_mixin.py:151} INFO - [2023-08-24T04:31:25.276+0000] {dag.py:2907} INFO - Sync 2 DAGs
[2023-08-24T04:31:25.288+0000] {logging_mixin.py:151} INFO - [2023-08-24T04:31:25.288+0000] {dag.py:3677} INFO - Setting next_dagrun for example_external_task_marker_child to None, run_after=None
[2023-08-24T04:31:25.291+0000] {logging_mixin.py:151} INFO - [2023-08-24T04:31:25.291+0000] {dag.py:3677} INFO - Setting next_dagrun for example_external_task_marker_parent to None, run_after=None
[2023-08-24T04:31:25.308+0000] {processor.py:179} INFO - Processing /usr/local/lib/python3.8/dist-packages/airflow/example_dags/example_external_task_marker_dag.py took 0.068 seconds
[2023-08-24T04:32:26.267+0000] {processor.py:157} INFO - Started process (PID=41685) to work on /usr/local/lib/python3.8/dist-packages/airflow/example_dags/example_external_task_marker_dag.py
[2023-08-24T04:32:26.269+0000] {processor.py:829} INFO - Processing file /usr/local/lib/python3.8/dist-packages/airflow/example_dags/example_external_task_marker_dag.py for tasks to queue
[2023-08-24T04:32:26.269+0000] {logging_mixin.py:151} INFO - [2023-08-24T04:32:26.269+0000] {dagbag.py:539} INFO - Filling up the DagBag from /usr/local/lib/python3.8/dist-packages/airflow/example_dags/example_external_task_marker_dag.py
[2023-08-24T04:32:26.276+0000] {processor.py:839} INFO - DAG(s) dict_keys(['example_external_task_marker_parent', 'example_external_task_marker_child']) retrieved from /usr/local/lib/python3.8/dist-packages/airflow/example_dags/example_external_task_marker_dag.py
[2023-08-24T04:32:26.294+0000] {logging_mixin.py:151} INFO - [2023-08-24T04:32:26.294+0000] {dag.py:2907} INFO - Sync 2 DAGs
[2023-08-24T04:32:26.305+0000] {logging_mixin.py:151} INFO - [2023-08-24T04:32:26.305+0000] {dag.py:3677} INFO - Setting next_dagrun for example_external_task_marker_child to None, run_after=None
[2023-08-24T04:32:26.307+0000] {logging_mixin.py:151} INFO - [2023-08-24T04:32:26.307+0000] {dag.py:3677} INFO - Setting next_dagrun for example_external_task_marker_parent to None, run_after=None
[2023-08-24T04:32:26.323+0000] {processor.py:179} INFO - Processing /usr/local/lib/python3.8/dist-packages/airflow/example_dags/example_external_task_marker_dag.py took 0.060 seconds
[2023-08-24T04:33:26.141+0000] {processor.py:157} INFO - Started process (PID=41876) to work on /usr/local/lib/python3.8/dist-packages/airflow/example_dags/example_external_task_marker_dag.py
[2023-08-24T04:33:26.143+0000] {processor.py:829} INFO - Processing file /usr/local/lib/python3.8/dist-packages/airflow/example_dags/example_external_task_marker_dag.py for tasks to queue
[2023-08-24T04:33:26.144+0000] {logging_mixin.py:151} INFO - [2023-08-24T04:33:26.143+0000] {dagbag.py:539} INFO - Filling up the DagBag from /usr/local/lib/python3.8/dist-packages/airflow/example_dags/example_external_task_marker_dag.py
[2023-08-24T04:33:26.150+0000] {processor.py:839} INFO - DAG(s) dict_keys(['example_external_task_marker_parent', 'example_external_task_marker_child']) retrieved from /usr/local/lib/python3.8/dist-packages/airflow/example_dags/example_external_task_marker_dag.py
[2023-08-24T04:33:26.168+0000] {logging_mixin.py:151} INFO - [2023-08-24T04:33:26.168+0000] {dag.py:2907} INFO - Sync 2 DAGs
[2023-08-24T04:33:26.179+0000] {logging_mixin.py:151} INFO - [2023-08-24T04:33:26.179+0000] {dag.py:3677} INFO - Setting next_dagrun for example_external_task_marker_child to None, run_after=None
[2023-08-24T04:33:26.181+0000] {logging_mixin.py:151} INFO - [2023-08-24T04:33:26.181+0000] {dag.py:3677} INFO - Setting next_dagrun for example_external_task_marker_parent to None, run_after=None
[2023-08-24T04:33:26.197+0000] {processor.py:179} INFO - Processing /usr/local/lib/python3.8/dist-packages/airflow/example_dags/example_external_task_marker_dag.py took 0.060 seconds
[2023-08-24T04:34:25.245+0000] {processor.py:157} INFO - Started process (PID=42059) to work on /usr/local/lib/python3.8/dist-packages/airflow/example_dags/example_external_task_marker_dag.py
[2023-08-24T04:34:25.246+0000] {processor.py:829} INFO - Processing file /usr/local/lib/python3.8/dist-packages/airflow/example_dags/example_external_task_marker_dag.py for tasks to queue
[2023-08-24T04:34:25.247+0000] {logging_mixin.py:151} INFO - [2023-08-24T04:34:25.247+0000] {dagbag.py:539} INFO - Filling up the DagBag from /usr/local/lib/python3.8/dist-packages/airflow/example_dags/example_external_task_marker_dag.py
[2023-08-24T04:34:25.255+0000] {processor.py:839} INFO - DAG(s) dict_keys(['example_external_task_marker_child', 'example_external_task_marker_parent']) retrieved from /usr/local/lib/python3.8/dist-packages/airflow/example_dags/example_external_task_marker_dag.py
[2023-08-24T04:34:25.275+0000] {logging_mixin.py:151} INFO - [2023-08-24T04:34:25.274+0000] {dag.py:2907} INFO - Sync 2 DAGs
[2023-08-24T04:34:25.285+0000] {logging_mixin.py:151} INFO - [2023-08-24T04:34:25.285+0000] {dag.py:3677} INFO - Setting next_dagrun for example_external_task_marker_child to None, run_after=None
[2023-08-24T04:34:25.287+0000] {logging_mixin.py:151} INFO - [2023-08-24T04:34:25.287+0000] {dag.py:3677} INFO - Setting next_dagrun for example_external_task_marker_parent to None, run_after=None
[2023-08-24T04:34:25.304+0000] {processor.py:179} INFO - Processing /usr/local/lib/python3.8/dist-packages/airflow/example_dags/example_external_task_marker_dag.py took 0.062 seconds
[2023-08-24T04:35:25.272+0000] {processor.py:157} INFO - Started process (PID=42255) to work on /usr/local/lib/python3.8/dist-packages/airflow/example_dags/example_external_task_marker_dag.py
[2023-08-24T04:35:25.276+0000] {processor.py:829} INFO - Processing file /usr/local/lib/python3.8/dist-packages/airflow/example_dags/example_external_task_marker_dag.py for tasks to queue
[2023-08-24T04:35:25.278+0000] {logging_mixin.py:151} INFO - [2023-08-24T04:35:25.277+0000] {dagbag.py:539} INFO - Filling up the DagBag from /usr/local/lib/python3.8/dist-packages/airflow/example_dags/example_external_task_marker_dag.py
[2023-08-24T04:35:25.285+0000] {processor.py:839} INFO - DAG(s) dict_keys(['example_external_task_marker_child', 'example_external_task_marker_parent']) retrieved from /usr/local/lib/python3.8/dist-packages/airflow/example_dags/example_external_task_marker_dag.py
[2023-08-24T04:35:25.306+0000] {logging_mixin.py:151} INFO - [2023-08-24T04:35:25.306+0000] {dag.py:2907} INFO - Sync 2 DAGs
[2023-08-24T04:35:25.317+0000] {logging_mixin.py:151} INFO - [2023-08-24T04:35:25.317+0000] {dag.py:3677} INFO - Setting next_dagrun for example_external_task_marker_child to None, run_after=None
[2023-08-24T04:35:25.320+0000] {logging_mixin.py:151} INFO - [2023-08-24T04:35:25.320+0000] {dag.py:3677} INFO - Setting next_dagrun for example_external_task_marker_parent to None, run_after=None
[2023-08-24T04:35:25.336+0000] {processor.py:179} INFO - Processing /usr/local/lib/python3.8/dist-packages/airflow/example_dags/example_external_task_marker_dag.py took 0.069 seconds
[2023-08-24T04:36:23.543+0000] {processor.py:157} INFO - Started process (PID=42451) to work on /usr/local/lib/python3.8/dist-packages/airflow/example_dags/example_external_task_marker_dag.py
[2023-08-24T04:36:23.545+0000] {processor.py:829} INFO - Processing file /usr/local/lib/python3.8/dist-packages/airflow/example_dags/example_external_task_marker_dag.py for tasks to queue
[2023-08-24T04:36:23.546+0000] {logging_mixin.py:151} INFO - [2023-08-24T04:36:23.545+0000] {dagbag.py:539} INFO - Filling up the DagBag from /usr/local/lib/python3.8/dist-packages/airflow/example_dags/example_external_task_marker_dag.py
[2023-08-24T04:36:23.552+0000] {processor.py:839} INFO - DAG(s) dict_keys(['example_external_task_marker_parent', 'example_external_task_marker_child']) retrieved from /usr/local/lib/python3.8/dist-packages/airflow/example_dags/example_external_task_marker_dag.py
[2023-08-24T04:36:23.570+0000] {logging_mixin.py:151} INFO - [2023-08-24T04:36:23.570+0000] {dag.py:2907} INFO - Sync 2 DAGs
[2023-08-24T04:36:23.581+0000] {logging_mixin.py:151} INFO - [2023-08-24T04:36:23.581+0000] {dag.py:3677} INFO - Setting next_dagrun for example_external_task_marker_child to None, run_after=None
[2023-08-24T04:36:23.583+0000] {logging_mixin.py:151} INFO - [2023-08-24T04:36:23.583+0000] {dag.py:3677} INFO - Setting next_dagrun for example_external_task_marker_parent to None, run_after=None
[2023-08-24T04:36:23.601+0000] {processor.py:179} INFO - Processing /usr/local/lib/python3.8/dist-packages/airflow/example_dags/example_external_task_marker_dag.py took 0.061 seconds
[2023-08-24T04:37:20.034+0000] {processor.py:157} INFO - Started process (PID=42634) to work on /usr/local/lib/python3.8/dist-packages/airflow/example_dags/example_external_task_marker_dag.py
[2023-08-24T04:37:20.036+0000] {processor.py:829} INFO - Processing file /usr/local/lib/python3.8/dist-packages/airflow/example_dags/example_external_task_marker_dag.py for tasks to queue
[2023-08-24T04:37:20.037+0000] {logging_mixin.py:151} INFO - [2023-08-24T04:37:20.037+0000] {dagbag.py:539} INFO - Filling up the DagBag from /usr/local/lib/python3.8/dist-packages/airflow/example_dags/example_external_task_marker_dag.py
[2023-08-24T04:37:20.044+0000] {processor.py:839} INFO - DAG(s) dict_keys(['example_external_task_marker_parent', 'example_external_task_marker_child']) retrieved from /usr/local/lib/python3.8/dist-packages/airflow/example_dags/example_external_task_marker_dag.py
[2023-08-24T04:37:20.062+0000] {logging_mixin.py:151} INFO - [2023-08-24T04:37:20.062+0000] {dag.py:2907} INFO - Sync 2 DAGs
[2023-08-24T04:37:20.072+0000] {logging_mixin.py:151} INFO - [2023-08-24T04:37:20.072+0000] {dag.py:3677} INFO - Setting next_dagrun for example_external_task_marker_child to None, run_after=None
[2023-08-24T04:37:20.075+0000] {logging_mixin.py:151} INFO - [2023-08-24T04:37:20.075+0000] {dag.py:3677} INFO - Setting next_dagrun for example_external_task_marker_parent to None, run_after=None
[2023-08-24T04:37:20.091+0000] {processor.py:179} INFO - Processing /usr/local/lib/python3.8/dist-packages/airflow/example_dags/example_external_task_marker_dag.py took 0.060 seconds
[2023-08-24T04:38:16.004+0000] {processor.py:157} INFO - Started process (PID=42817) to work on /usr/local/lib/python3.8/dist-packages/airflow/example_dags/example_external_task_marker_dag.py
[2023-08-24T04:38:16.006+0000] {processor.py:829} INFO - Processing file /usr/local/lib/python3.8/dist-packages/airflow/example_dags/example_external_task_marker_dag.py for tasks to queue
[2023-08-24T04:38:16.006+0000] {logging_mixin.py:151} INFO - [2023-08-24T04:38:16.006+0000] {dagbag.py:539} INFO - Filling up the DagBag from /usr/local/lib/python3.8/dist-packages/airflow/example_dags/example_external_task_marker_dag.py
[2023-08-24T04:38:16.013+0000] {processor.py:839} INFO - DAG(s) dict_keys(['example_external_task_marker_child', 'example_external_task_marker_parent']) retrieved from /usr/local/lib/python3.8/dist-packages/airflow/example_dags/example_external_task_marker_dag.py
[2023-08-24T04:38:16.031+0000] {logging_mixin.py:151} INFO - [2023-08-24T04:38:16.031+0000] {dag.py:2907} INFO - Sync 2 DAGs
[2023-08-24T04:38:16.042+0000] {logging_mixin.py:151} INFO - [2023-08-24T04:38:16.042+0000] {dag.py:3677} INFO - Setting next_dagrun for example_external_task_marker_child to None, run_after=None
[2023-08-24T04:38:16.044+0000] {logging_mixin.py:151} INFO - [2023-08-24T04:38:16.044+0000] {dag.py:3677} INFO - Setting next_dagrun for example_external_task_marker_parent to None, run_after=None
[2023-08-24T04:38:16.060+0000] {processor.py:179} INFO - Processing /usr/local/lib/python3.8/dist-packages/airflow/example_dags/example_external_task_marker_dag.py took 0.060 seconds
[2023-08-24T04:39:16.538+0000] {processor.py:157} INFO - Started process (PID=43002) to work on /usr/local/lib/python3.8/dist-packages/airflow/example_dags/example_external_task_marker_dag.py
[2023-08-24T04:39:16.540+0000] {processor.py:829} INFO - Processing file /usr/local/lib/python3.8/dist-packages/airflow/example_dags/example_external_task_marker_dag.py for tasks to queue
[2023-08-24T04:39:16.541+0000] {logging_mixin.py:151} INFO - [2023-08-24T04:39:16.540+0000] {dagbag.py:539} INFO - Filling up the DagBag from /usr/local/lib/python3.8/dist-packages/airflow/example_dags/example_external_task_marker_dag.py
[2023-08-24T04:39:16.548+0000] {processor.py:839} INFO - DAG(s) dict_keys(['example_external_task_marker_child', 'example_external_task_marker_parent']) retrieved from /usr/local/lib/python3.8/dist-packages/airflow/example_dags/example_external_task_marker_dag.py
[2023-08-24T04:39:16.568+0000] {logging_mixin.py:151} INFO - [2023-08-24T04:39:16.568+0000] {dag.py:2907} INFO - Sync 2 DAGs
[2023-08-24T04:39:16.579+0000] {logging_mixin.py:151} INFO - [2023-08-24T04:39:16.579+0000] {dag.py:3677} INFO - Setting next_dagrun for example_external_task_marker_child to None, run_after=None
[2023-08-24T04:39:16.581+0000] {logging_mixin.py:151} INFO - [2023-08-24T04:39:16.581+0000] {dag.py:3677} INFO - Setting next_dagrun for example_external_task_marker_parent to None, run_after=None
[2023-08-24T04:39:16.597+0000] {processor.py:179} INFO - Processing /usr/local/lib/python3.8/dist-packages/airflow/example_dags/example_external_task_marker_dag.py took 0.064 seconds
[2023-08-24T04:40:16.814+0000] {processor.py:157} INFO - Started process (PID=43198) to work on /usr/local/lib/python3.8/dist-packages/airflow/example_dags/example_external_task_marker_dag.py
[2023-08-24T04:40:16.816+0000] {processor.py:829} INFO - Processing file /usr/local/lib/python3.8/dist-packages/airflow/example_dags/example_external_task_marker_dag.py for tasks to queue
[2023-08-24T04:40:16.817+0000] {logging_mixin.py:151} INFO - [2023-08-24T04:40:16.816+0000] {dagbag.py:539} INFO - Filling up the DagBag from /usr/local/lib/python3.8/dist-packages/airflow/example_dags/example_external_task_marker_dag.py
[2023-08-24T04:40:16.823+0000] {processor.py:839} INFO - DAG(s) dict_keys(['example_external_task_marker_child', 'example_external_task_marker_parent']) retrieved from /usr/local/lib/python3.8/dist-packages/airflow/example_dags/example_external_task_marker_dag.py
[2023-08-24T04:40:16.842+0000] {logging_mixin.py:151} INFO - [2023-08-24T04:40:16.842+0000] {dag.py:2907} INFO - Sync 2 DAGs
[2023-08-24T04:40:16.853+0000] {logging_mixin.py:151} INFO - [2023-08-24T04:40:16.853+0000] {dag.py:3677} INFO - Setting next_dagrun for example_external_task_marker_child to None, run_after=None
[2023-08-24T04:40:16.855+0000] {logging_mixin.py:151} INFO - [2023-08-24T04:40:16.855+0000] {dag.py:3677} INFO - Setting next_dagrun for example_external_task_marker_parent to None, run_after=None
[2023-08-24T04:40:16.871+0000] {processor.py:179} INFO - Processing /usr/local/lib/python3.8/dist-packages/airflow/example_dags/example_external_task_marker_dag.py took 0.061 seconds
[2023-08-24T04:41:17.495+0000] {processor.py:157} INFO - Started process (PID=43382) to work on /usr/local/lib/python3.8/dist-packages/airflow/example_dags/example_external_task_marker_dag.py
[2023-08-24T04:41:17.496+0000] {processor.py:829} INFO - Processing file /usr/local/lib/python3.8/dist-packages/airflow/example_dags/example_external_task_marker_dag.py for tasks to queue
[2023-08-24T04:41:17.497+0000] {logging_mixin.py:151} INFO - [2023-08-24T04:41:17.497+0000] {dagbag.py:539} INFO - Filling up the DagBag from /usr/local/lib/python3.8/dist-packages/airflow/example_dags/example_external_task_marker_dag.py
[2023-08-24T04:41:17.504+0000] {processor.py:839} INFO - DAG(s) dict_keys(['example_external_task_marker_child', 'example_external_task_marker_parent']) retrieved from /usr/local/lib/python3.8/dist-packages/airflow/example_dags/example_external_task_marker_dag.py
[2023-08-24T04:41:17.522+0000] {logging_mixin.py:151} INFO - [2023-08-24T04:41:17.522+0000] {dag.py:2907} INFO - Sync 2 DAGs
[2023-08-24T04:41:17.533+0000] {logging_mixin.py:151} INFO - [2023-08-24T04:41:17.533+0000] {dag.py:3677} INFO - Setting next_dagrun for example_external_task_marker_child to None, run_after=None
[2023-08-24T04:41:17.535+0000] {logging_mixin.py:151} INFO - [2023-08-24T04:41:17.535+0000] {dag.py:3677} INFO - Setting next_dagrun for example_external_task_marker_parent to None, run_after=None
[2023-08-24T04:41:17.551+0000] {processor.py:179} INFO - Processing /usr/local/lib/python3.8/dist-packages/airflow/example_dags/example_external_task_marker_dag.py took 0.060 seconds
[2023-08-24T04:42:16.956+0000] {processor.py:157} INFO - Started process (PID=43566) to work on /usr/local/lib/python3.8/dist-packages/airflow/example_dags/example_external_task_marker_dag.py
[2023-08-24T04:42:16.957+0000] {processor.py:829} INFO - Processing file /usr/local/lib/python3.8/dist-packages/airflow/example_dags/example_external_task_marker_dag.py for tasks to queue
[2023-08-24T04:42:16.958+0000] {logging_mixin.py:151} INFO - [2023-08-24T04:42:16.958+0000] {dagbag.py:539} INFO - Filling up the DagBag from /usr/local/lib/python3.8/dist-packages/airflow/example_dags/example_external_task_marker_dag.py
[2023-08-24T04:42:16.964+0000] {processor.py:839} INFO - DAG(s) dict_keys(['example_external_task_marker_child', 'example_external_task_marker_parent']) retrieved from /usr/local/lib/python3.8/dist-packages/airflow/example_dags/example_external_task_marker_dag.py
[2023-08-24T04:42:16.983+0000] {logging_mixin.py:151} INFO - [2023-08-24T04:42:16.982+0000] {dag.py:2907} INFO - Sync 2 DAGs
[2023-08-24T04:42:16.993+0000] {logging_mixin.py:151} INFO - [2023-08-24T04:42:16.993+0000] {dag.py:3677} INFO - Setting next_dagrun for example_external_task_marker_child to None, run_after=None
[2023-08-24T04:42:16.995+0000] {logging_mixin.py:151} INFO - [2023-08-24T04:42:16.995+0000] {dag.py:3677} INFO - Setting next_dagrun for example_external_task_marker_parent to None, run_after=None
[2023-08-24T04:42:17.011+0000] {processor.py:179} INFO - Processing /usr/local/lib/python3.8/dist-packages/airflow/example_dags/example_external_task_marker_dag.py took 0.059 seconds
[2023-08-24T04:43:16.218+0000] {processor.py:157} INFO - Started process (PID=43753) to work on /usr/local/lib/python3.8/dist-packages/airflow/example_dags/example_external_task_marker_dag.py
[2023-08-24T04:43:16.219+0000] {processor.py:829} INFO - Processing file /usr/local/lib/python3.8/dist-packages/airflow/example_dags/example_external_task_marker_dag.py for tasks to queue
[2023-08-24T04:43:16.220+0000] {logging_mixin.py:151} INFO - [2023-08-24T04:43:16.220+0000] {dagbag.py:539} INFO - Filling up the DagBag from /usr/local/lib/python3.8/dist-packages/airflow/example_dags/example_external_task_marker_dag.py
[2023-08-24T04:43:16.226+0000] {processor.py:839} INFO - DAG(s) dict_keys(['example_external_task_marker_child', 'example_external_task_marker_parent']) retrieved from /usr/local/lib/python3.8/dist-packages/airflow/example_dags/example_external_task_marker_dag.py
[2023-08-24T04:43:16.245+0000] {logging_mixin.py:151} INFO - [2023-08-24T04:43:16.245+0000] {dag.py:2907} INFO - Sync 2 DAGs
[2023-08-24T04:43:16.255+0000] {logging_mixin.py:151} INFO - [2023-08-24T04:43:16.255+0000] {dag.py:3677} INFO - Setting next_dagrun for example_external_task_marker_child to None, run_after=None
[2023-08-24T04:43:16.258+0000] {logging_mixin.py:151} INFO - [2023-08-24T04:43:16.258+0000] {dag.py:3677} INFO - Setting next_dagrun for example_external_task_marker_parent to None, run_after=None
[2023-08-24T04:43:16.274+0000] {processor.py:179} INFO - Processing /usr/local/lib/python3.8/dist-packages/airflow/example_dags/example_external_task_marker_dag.py took 0.060 seconds
[2023-08-24T04:44:16.983+0000] {processor.py:157} INFO - Started process (PID=43937) to work on /usr/local/lib/python3.8/dist-packages/airflow/example_dags/example_external_task_marker_dag.py
[2023-08-24T04:44:16.984+0000] {processor.py:829} INFO - Processing file /usr/local/lib/python3.8/dist-packages/airflow/example_dags/example_external_task_marker_dag.py for tasks to queue
[2023-08-24T04:44:16.985+0000] {logging_mixin.py:151} INFO - [2023-08-24T04:44:16.985+0000] {dagbag.py:539} INFO - Filling up the DagBag from /usr/local/lib/python3.8/dist-packages/airflow/example_dags/example_external_task_marker_dag.py
[2023-08-24T04:44:16.992+0000] {processor.py:839} INFO - DAG(s) dict_keys(['example_external_task_marker_child', 'example_external_task_marker_parent']) retrieved from /usr/local/lib/python3.8/dist-packages/airflow/example_dags/example_external_task_marker_dag.py
[2023-08-24T04:44:17.011+0000] {logging_mixin.py:151} INFO - [2023-08-24T04:44:17.010+0000] {dag.py:2907} INFO - Sync 2 DAGs
[2023-08-24T04:44:17.021+0000] {logging_mixin.py:151} INFO - [2023-08-24T04:44:17.021+0000] {dag.py:3677} INFO - Setting next_dagrun for example_external_task_marker_child to None, run_after=None
[2023-08-24T04:44:17.024+0000] {logging_mixin.py:151} INFO - [2023-08-24T04:44:17.024+0000] {dag.py:3677} INFO - Setting next_dagrun for example_external_task_marker_parent to None, run_after=None
[2023-08-24T04:44:17.040+0000] {processor.py:179} INFO - Processing /usr/local/lib/python3.8/dist-packages/airflow/example_dags/example_external_task_marker_dag.py took 0.061 seconds
[2023-08-24T04:45:18.044+0000] {processor.py:157} INFO - Started process (PID=44122) to work on /usr/local/lib/python3.8/dist-packages/airflow/example_dags/example_external_task_marker_dag.py
[2023-08-24T04:45:18.046+0000] {processor.py:829} INFO - Processing file /usr/local/lib/python3.8/dist-packages/airflow/example_dags/example_external_task_marker_dag.py for tasks to queue
[2023-08-24T04:45:18.047+0000] {logging_mixin.py:151} INFO - [2023-08-24T04:45:18.046+0000] {dagbag.py:539} INFO - Filling up the DagBag from /usr/local/lib/python3.8/dist-packages/airflow/example_dags/example_external_task_marker_dag.py
[2023-08-24T04:45:18.053+0000] {processor.py:839} INFO - DAG(s) dict_keys(['example_external_task_marker_child', 'example_external_task_marker_parent']) retrieved from /usr/local/lib/python3.8/dist-packages/airflow/example_dags/example_external_task_marker_dag.py
[2023-08-24T04:45:18.072+0000] {logging_mixin.py:151} INFO - [2023-08-24T04:45:18.072+0000] {dag.py:2907} INFO - Sync 2 DAGs
[2023-08-24T04:45:18.083+0000] {logging_mixin.py:151} INFO - [2023-08-24T04:45:18.082+0000] {dag.py:3677} INFO - Setting next_dagrun for example_external_task_marker_child to None, run_after=None
[2023-08-24T04:45:18.085+0000] {logging_mixin.py:151} INFO - [2023-08-24T04:45:18.085+0000] {dag.py:3677} INFO - Setting next_dagrun for example_external_task_marker_parent to None, run_after=None
[2023-08-24T04:45:18.101+0000] {processor.py:179} INFO - Processing /usr/local/lib/python3.8/dist-packages/airflow/example_dags/example_external_task_marker_dag.py took 0.061 seconds
[2023-08-24T04:46:19.624+0000] {processor.py:157} INFO - Started process (PID=44305) to work on /usr/local/lib/python3.8/dist-packages/airflow/example_dags/example_external_task_marker_dag.py
[2023-08-24T04:46:19.627+0000] {processor.py:829} INFO - Processing file /usr/local/lib/python3.8/dist-packages/airflow/example_dags/example_external_task_marker_dag.py for tasks to queue
[2023-08-24T04:46:19.628+0000] {logging_mixin.py:151} INFO - [2023-08-24T04:46:19.627+0000] {dagbag.py:539} INFO - Filling up the DagBag from /usr/local/lib/python3.8/dist-packages/airflow/example_dags/example_external_task_marker_dag.py
[2023-08-24T04:46:19.634+0000] {processor.py:839} INFO - DAG(s) dict_keys(['example_external_task_marker_child', 'example_external_task_marker_parent']) retrieved from /usr/local/lib/python3.8/dist-packages/airflow/example_dags/example_external_task_marker_dag.py
[2023-08-24T04:46:19.653+0000] {logging_mixin.py:151} INFO - [2023-08-24T04:46:19.653+0000] {dag.py:2907} INFO - Sync 2 DAGs
[2023-08-24T04:46:19.664+0000] {logging_mixin.py:151} INFO - [2023-08-24T04:46:19.664+0000] {dag.py:3677} INFO - Setting next_dagrun for example_external_task_marker_child to None, run_after=None
[2023-08-24T04:46:19.667+0000] {logging_mixin.py:151} INFO - [2023-08-24T04:46:19.667+0000] {dag.py:3677} INFO - Setting next_dagrun for example_external_task_marker_parent to None, run_after=None
[2023-08-24T04:46:19.684+0000] {processor.py:179} INFO - Processing /usr/local/lib/python3.8/dist-packages/airflow/example_dags/example_external_task_marker_dag.py took 0.063 seconds
[2023-08-24T04:47:23.151+0000] {processor.py:157} INFO - Started process (PID=44488) to work on /usr/local/lib/python3.8/dist-packages/airflow/example_dags/example_external_task_marker_dag.py
[2023-08-24T04:47:23.152+0000] {processor.py:829} INFO - Processing file /usr/local/lib/python3.8/dist-packages/airflow/example_dags/example_external_task_marker_dag.py for tasks to queue
[2023-08-24T04:47:23.153+0000] {logging_mixin.py:151} INFO - [2023-08-24T04:47:23.153+0000] {dagbag.py:539} INFO - Filling up the DagBag from /usr/local/lib/python3.8/dist-packages/airflow/example_dags/example_external_task_marker_dag.py
[2023-08-24T04:47:23.159+0000] {processor.py:839} INFO - DAG(s) dict_keys(['example_external_task_marker_child', 'example_external_task_marker_parent']) retrieved from /usr/local/lib/python3.8/dist-packages/airflow/example_dags/example_external_task_marker_dag.py
[2023-08-24T04:47:23.177+0000] {logging_mixin.py:151} INFO - [2023-08-24T04:47:23.177+0000] {dag.py:2907} INFO - Sync 2 DAGs
[2023-08-24T04:47:23.188+0000] {logging_mixin.py:151} INFO - [2023-08-24T04:47:23.188+0000] {dag.py:3677} INFO - Setting next_dagrun for example_external_task_marker_child to None, run_after=None
[2023-08-24T04:47:23.191+0000] {logging_mixin.py:151} INFO - [2023-08-24T04:47:23.190+0000] {dag.py:3677} INFO - Setting next_dagrun for example_external_task_marker_parent to None, run_after=None
[2023-08-24T04:47:23.207+0000] {processor.py:179} INFO - Processing /usr/local/lib/python3.8/dist-packages/airflow/example_dags/example_external_task_marker_dag.py took 0.060 seconds
[2023-08-24T04:48:23.489+0000] {processor.py:157} INFO - Started process (PID=44672) to work on /usr/local/lib/python3.8/dist-packages/airflow/example_dags/example_external_task_marker_dag.py
[2023-08-24T04:48:23.491+0000] {processor.py:829} INFO - Processing file /usr/local/lib/python3.8/dist-packages/airflow/example_dags/example_external_task_marker_dag.py for tasks to queue
[2023-08-24T04:48:23.492+0000] {logging_mixin.py:151} INFO - [2023-08-24T04:48:23.492+0000] {dagbag.py:539} INFO - Filling up the DagBag from /usr/local/lib/python3.8/dist-packages/airflow/example_dags/example_external_task_marker_dag.py
[2023-08-24T04:48:23.498+0000] {processor.py:839} INFO - DAG(s) dict_keys(['example_external_task_marker_child', 'example_external_task_marker_parent']) retrieved from /usr/local/lib/python3.8/dist-packages/airflow/example_dags/example_external_task_marker_dag.py
[2023-08-24T04:48:23.517+0000] {logging_mixin.py:151} INFO - [2023-08-24T04:48:23.517+0000] {dag.py:2907} INFO - Sync 2 DAGs
[2023-08-24T04:48:23.528+0000] {logging_mixin.py:151} INFO - [2023-08-24T04:48:23.528+0000] {dag.py:3677} INFO - Setting next_dagrun for example_external_task_marker_child to None, run_after=None
[2023-08-24T04:48:23.530+0000] {logging_mixin.py:151} INFO - [2023-08-24T04:48:23.530+0000] {dag.py:3677} INFO - Setting next_dagrun for example_external_task_marker_parent to None, run_after=None
[2023-08-24T04:48:23.547+0000] {processor.py:179} INFO - Processing /usr/local/lib/python3.8/dist-packages/airflow/example_dags/example_external_task_marker_dag.py took 0.061 seconds
[2023-08-24T04:49:25.815+0000] {processor.py:157} INFO - Started process (PID=44856) to work on /usr/local/lib/python3.8/dist-packages/airflow/example_dags/example_external_task_marker_dag.py
[2023-08-24T04:49:25.817+0000] {processor.py:829} INFO - Processing file /usr/local/lib/python3.8/dist-packages/airflow/example_dags/example_external_task_marker_dag.py for tasks to queue
[2023-08-24T04:49:25.818+0000] {logging_mixin.py:151} INFO - [2023-08-24T04:49:25.817+0000] {dagbag.py:539} INFO - Filling up the DagBag from /usr/local/lib/python3.8/dist-packages/airflow/example_dags/example_external_task_marker_dag.py
[2023-08-24T04:49:25.824+0000] {processor.py:839} INFO - DAG(s) dict_keys(['example_external_task_marker_parent', 'example_external_task_marker_child']) retrieved from /usr/local/lib/python3.8/dist-packages/airflow/example_dags/example_external_task_marker_dag.py
[2023-08-24T04:49:25.844+0000] {logging_mixin.py:151} INFO - [2023-08-24T04:49:25.844+0000] {dag.py:2907} INFO - Sync 2 DAGs
[2023-08-24T04:49:25.855+0000] {logging_mixin.py:151} INFO - [2023-08-24T04:49:25.855+0000] {dag.py:3677} INFO - Setting next_dagrun for example_external_task_marker_child to None, run_after=None
[2023-08-24T04:49:25.858+0000] {logging_mixin.py:151} INFO - [2023-08-24T04:49:25.857+0000] {dag.py:3677} INFO - Setting next_dagrun for example_external_task_marker_parent to None, run_after=None
[2023-08-24T04:49:25.875+0000] {processor.py:179} INFO - Processing /usr/local/lib/python3.8/dist-packages/airflow/example_dags/example_external_task_marker_dag.py took 0.063 seconds
[2023-08-24T04:50:25.223+0000] {processor.py:157} INFO - Started process (PID=45040) to work on /usr/local/lib/python3.8/dist-packages/airflow/example_dags/example_external_task_marker_dag.py
[2023-08-24T04:50:25.224+0000] {processor.py:829} INFO - Processing file /usr/local/lib/python3.8/dist-packages/airflow/example_dags/example_external_task_marker_dag.py for tasks to queue
[2023-08-24T04:50:25.225+0000] {logging_mixin.py:151} INFO - [2023-08-24T04:50:25.225+0000] {dagbag.py:539} INFO - Filling up the DagBag from /usr/local/lib/python3.8/dist-packages/airflow/example_dags/example_external_task_marker_dag.py
[2023-08-24T04:50:25.231+0000] {processor.py:839} INFO - DAG(s) dict_keys(['example_external_task_marker_child', 'example_external_task_marker_parent']) retrieved from /usr/local/lib/python3.8/dist-packages/airflow/example_dags/example_external_task_marker_dag.py
[2023-08-24T04:50:25.250+0000] {logging_mixin.py:151} INFO - [2023-08-24T04:50:25.250+0000] {dag.py:2907} INFO - Sync 2 DAGs
[2023-08-24T04:50:25.262+0000] {logging_mixin.py:151} INFO - [2023-08-24T04:50:25.262+0000] {dag.py:3677} INFO - Setting next_dagrun for example_external_task_marker_child to None, run_after=None
[2023-08-24T04:50:25.265+0000] {logging_mixin.py:151} INFO - [2023-08-24T04:50:25.264+0000] {dag.py:3677} INFO - Setting next_dagrun for example_external_task_marker_parent to None, run_after=None
[2023-08-24T04:50:25.282+0000] {processor.py:179} INFO - Processing /usr/local/lib/python3.8/dist-packages/airflow/example_dags/example_external_task_marker_dag.py took 0.063 seconds
[2023-08-24T04:51:23.649+0000] {processor.py:157} INFO - Started process (PID=45222) to work on /usr/local/lib/python3.8/dist-packages/airflow/example_dags/example_external_task_marker_dag.py
[2023-08-24T04:51:23.651+0000] {processor.py:829} INFO - Processing file /usr/local/lib/python3.8/dist-packages/airflow/example_dags/example_external_task_marker_dag.py for tasks to queue
[2023-08-24T04:51:23.652+0000] {logging_mixin.py:151} INFO - [2023-08-24T04:51:23.651+0000] {dagbag.py:539} INFO - Filling up the DagBag from /usr/local/lib/python3.8/dist-packages/airflow/example_dags/example_external_task_marker_dag.py
[2023-08-24T04:51:23.658+0000] {processor.py:839} INFO - DAG(s) dict_keys(['example_external_task_marker_parent', 'example_external_task_marker_child']) retrieved from /usr/local/lib/python3.8/dist-packages/airflow/example_dags/example_external_task_marker_dag.py
[2023-08-24T04:51:23.678+0000] {logging_mixin.py:151} INFO - [2023-08-24T04:51:23.678+0000] {dag.py:2907} INFO - Sync 2 DAGs
[2023-08-24T04:51:23.690+0000] {logging_mixin.py:151} INFO - [2023-08-24T04:51:23.690+0000] {dag.py:3677} INFO - Setting next_dagrun for example_external_task_marker_child to None, run_after=None
[2023-08-24T04:51:23.692+0000] {logging_mixin.py:151} INFO - [2023-08-24T04:51:23.692+0000] {dag.py:3677} INFO - Setting next_dagrun for example_external_task_marker_parent to None, run_after=None
[2023-08-24T04:51:23.710+0000] {processor.py:179} INFO - Processing /usr/local/lib/python3.8/dist-packages/airflow/example_dags/example_external_task_marker_dag.py took 0.064 seconds
[2023-08-24T04:52:25.319+0000] {processor.py:157} INFO - Started process (PID=45405) to work on /usr/local/lib/python3.8/dist-packages/airflow/example_dags/example_external_task_marker_dag.py
[2023-08-24T04:52:25.322+0000] {processor.py:829} INFO - Processing file /usr/local/lib/python3.8/dist-packages/airflow/example_dags/example_external_task_marker_dag.py for tasks to queue
[2023-08-24T04:52:25.323+0000] {logging_mixin.py:151} INFO - [2023-08-24T04:52:25.323+0000] {dagbag.py:539} INFO - Filling up the DagBag from /usr/local/lib/python3.8/dist-packages/airflow/example_dags/example_external_task_marker_dag.py
[2023-08-24T04:52:25.329+0000] {processor.py:839} INFO - DAG(s) dict_keys(['example_external_task_marker_child', 'example_external_task_marker_parent']) retrieved from /usr/local/lib/python3.8/dist-packages/airflow/example_dags/example_external_task_marker_dag.py
[2023-08-24T04:52:25.348+0000] {logging_mixin.py:151} INFO - [2023-08-24T04:52:25.347+0000] {dag.py:2907} INFO - Sync 2 DAGs
[2023-08-24T04:52:25.358+0000] {logging_mixin.py:151} INFO - [2023-08-24T04:52:25.358+0000] {dag.py:3677} INFO - Setting next_dagrun for example_external_task_marker_child to None, run_after=None
[2023-08-24T04:52:25.360+0000] {logging_mixin.py:151} INFO - [2023-08-24T04:52:25.360+0000] {dag.py:3677} INFO - Setting next_dagrun for example_external_task_marker_parent to None, run_after=None
[2023-08-24T04:52:25.376+0000] {processor.py:179} INFO - Processing /usr/local/lib/python3.8/dist-packages/airflow/example_dags/example_external_task_marker_dag.py took 0.061 seconds
[2023-08-24T04:53:27.708+0000] {processor.py:157} INFO - Started process (PID=45594) to work on /usr/local/lib/python3.8/dist-packages/airflow/example_dags/example_external_task_marker_dag.py
[2023-08-24T04:53:27.712+0000] {processor.py:829} INFO - Processing file /usr/local/lib/python3.8/dist-packages/airflow/example_dags/example_external_task_marker_dag.py for tasks to queue
[2023-08-24T04:53:27.713+0000] {logging_mixin.py:151} INFO - [2023-08-24T04:53:27.712+0000] {dagbag.py:539} INFO - Filling up the DagBag from /usr/local/lib/python3.8/dist-packages/airflow/example_dags/example_external_task_marker_dag.py
[2023-08-24T04:53:27.719+0000] {processor.py:839} INFO - DAG(s) dict_keys(['example_external_task_marker_child', 'example_external_task_marker_parent']) retrieved from /usr/local/lib/python3.8/dist-packages/airflow/example_dags/example_external_task_marker_dag.py
[2023-08-24T04:53:27.737+0000] {logging_mixin.py:151} INFO - [2023-08-24T04:53:27.737+0000] {dag.py:2907} INFO - Sync 2 DAGs
[2023-08-24T04:53:27.748+0000] {logging_mixin.py:151} INFO - [2023-08-24T04:53:27.748+0000] {dag.py:3677} INFO - Setting next_dagrun for example_external_task_marker_child to None, run_after=None
[2023-08-24T04:53:27.750+0000] {logging_mixin.py:151} INFO - [2023-08-24T04:53:27.750+0000] {dag.py:3677} INFO - Setting next_dagrun for example_external_task_marker_parent to None, run_after=None
[2023-08-24T04:53:27.766+0000] {processor.py:179} INFO - Processing /usr/local/lib/python3.8/dist-packages/airflow/example_dags/example_external_task_marker_dag.py took 0.061 seconds
[2023-08-24T04:54:28.668+0000] {processor.py:157} INFO - Started process (PID=45777) to work on /usr/local/lib/python3.8/dist-packages/airflow/example_dags/example_external_task_marker_dag.py
[2023-08-24T04:54:28.670+0000] {processor.py:829} INFO - Processing file /usr/local/lib/python3.8/dist-packages/airflow/example_dags/example_external_task_marker_dag.py for tasks to queue
[2023-08-24T04:54:28.672+0000] {logging_mixin.py:151} INFO - [2023-08-24T04:54:28.671+0000] {dagbag.py:539} INFO - Filling up the DagBag from /usr/local/lib/python3.8/dist-packages/airflow/example_dags/example_external_task_marker_dag.py
[2023-08-24T04:54:28.679+0000] {processor.py:839} INFO - DAG(s) dict_keys(['example_external_task_marker_parent', 'example_external_task_marker_child']) retrieved from /usr/local/lib/python3.8/dist-packages/airflow/example_dags/example_external_task_marker_dag.py
[2023-08-24T04:54:28.700+0000] {logging_mixin.py:151} INFO - [2023-08-24T04:54:28.700+0000] {dag.py:2907} INFO - Sync 2 DAGs
[2023-08-24T04:54:28.712+0000] {logging_mixin.py:151} INFO - [2023-08-24T04:54:28.712+0000] {dag.py:3677} INFO - Setting next_dagrun for example_external_task_marker_child to None, run_after=None
[2023-08-24T04:54:28.715+0000] {logging_mixin.py:151} INFO - [2023-08-24T04:54:28.715+0000] {dag.py:3677} INFO - Setting next_dagrun for example_external_task_marker_parent to None, run_after=None
[2023-08-24T04:54:28.732+0000] {processor.py:179} INFO - Processing /usr/local/lib/python3.8/dist-packages/airflow/example_dags/example_external_task_marker_dag.py took 0.069 seconds
[2023-08-24T04:55:29.055+0000] {processor.py:157} INFO - Started process (PID=45960) to work on /usr/local/lib/python3.8/dist-packages/airflow/example_dags/example_external_task_marker_dag.py
[2023-08-24T04:55:29.059+0000] {processor.py:829} INFO - Processing file /usr/local/lib/python3.8/dist-packages/airflow/example_dags/example_external_task_marker_dag.py for tasks to queue
[2023-08-24T04:55:29.060+0000] {logging_mixin.py:151} INFO - [2023-08-24T04:55:29.059+0000] {dagbag.py:539} INFO - Filling up the DagBag from /usr/local/lib/python3.8/dist-packages/airflow/example_dags/example_external_task_marker_dag.py
[2023-08-24T04:55:29.066+0000] {processor.py:839} INFO - DAG(s) dict_keys(['example_external_task_marker_parent', 'example_external_task_marker_child']) retrieved from /usr/local/lib/python3.8/dist-packages/airflow/example_dags/example_external_task_marker_dag.py
[2023-08-24T04:55:29.085+0000] {logging_mixin.py:151} INFO - [2023-08-24T04:55:29.085+0000] {dag.py:2907} INFO - Sync 2 DAGs
[2023-08-24T04:55:29.096+0000] {logging_mixin.py:151} INFO - [2023-08-24T04:55:29.095+0000] {dag.py:3677} INFO - Setting next_dagrun for example_external_task_marker_child to None, run_after=None
[2023-08-24T04:55:29.098+0000] {logging_mixin.py:151} INFO - [2023-08-24T04:55:29.098+0000] {dag.py:3677} INFO - Setting next_dagrun for example_external_task_marker_parent to None, run_after=None
[2023-08-24T04:55:29.114+0000] {processor.py:179} INFO - Processing /usr/local/lib/python3.8/dist-packages/airflow/example_dags/example_external_task_marker_dag.py took 0.063 seconds
[2023-08-24T04:56:33.624+0000] {processor.py:157} INFO - Started process (PID=46148) to work on /usr/local/lib/python3.8/dist-packages/airflow/example_dags/example_external_task_marker_dag.py
[2023-08-24T04:56:33.628+0000] {processor.py:829} INFO - Processing file /usr/local/lib/python3.8/dist-packages/airflow/example_dags/example_external_task_marker_dag.py for tasks to queue
[2023-08-24T04:56:33.629+0000] {logging_mixin.py:151} INFO - [2023-08-24T04:56:33.628+0000] {dagbag.py:539} INFO - Filling up the DagBag from /usr/local/lib/python3.8/dist-packages/airflow/example_dags/example_external_task_marker_dag.py
[2023-08-24T04:56:33.635+0000] {processor.py:839} INFO - DAG(s) dict_keys(['example_external_task_marker_child', 'example_external_task_marker_parent']) retrieved from /usr/local/lib/python3.8/dist-packages/airflow/example_dags/example_external_task_marker_dag.py
[2023-08-24T04:56:33.654+0000] {logging_mixin.py:151} INFO - [2023-08-24T04:56:33.654+0000] {dag.py:2907} INFO - Sync 2 DAGs
[2023-08-24T04:56:33.664+0000] {logging_mixin.py:151} INFO - [2023-08-24T04:56:33.664+0000] {dag.py:3677} INFO - Setting next_dagrun for example_external_task_marker_child to None, run_after=None
[2023-08-24T04:56:33.667+0000] {logging_mixin.py:151} INFO - [2023-08-24T04:56:33.666+0000] {dag.py:3677} INFO - Setting next_dagrun for example_external_task_marker_parent to None, run_after=None
[2023-08-24T04:56:33.683+0000] {processor.py:179} INFO - Processing /usr/local/lib/python3.8/dist-packages/airflow/example_dags/example_external_task_marker_dag.py took 0.062 seconds
[2023-08-24T04:57:36.167+0000] {processor.py:157} INFO - Started process (PID=46344) to work on /usr/local/lib/python3.8/dist-packages/airflow/example_dags/example_external_task_marker_dag.py
[2023-08-24T04:57:36.169+0000] {processor.py:829} INFO - Processing file /usr/local/lib/python3.8/dist-packages/airflow/example_dags/example_external_task_marker_dag.py for tasks to queue
[2023-08-24T04:57:36.170+0000] {logging_mixin.py:151} INFO - [2023-08-24T04:57:36.169+0000] {dagbag.py:539} INFO - Filling up the DagBag from /usr/local/lib/python3.8/dist-packages/airflow/example_dags/example_external_task_marker_dag.py
[2023-08-24T04:57:36.176+0000] {processor.py:839} INFO - DAG(s) dict_keys(['example_external_task_marker_parent', 'example_external_task_marker_child']) retrieved from /usr/local/lib/python3.8/dist-packages/airflow/example_dags/example_external_task_marker_dag.py
[2023-08-24T04:57:36.194+0000] {logging_mixin.py:151} INFO - [2023-08-24T04:57:36.194+0000] {dag.py:2907} INFO - Sync 2 DAGs
[2023-08-24T04:57:36.312+0000] {logging_mixin.py:151} INFO - [2023-08-24T04:57:36.312+0000] {dag.py:3677} INFO - Setting next_dagrun for example_external_task_marker_child to None, run_after=None
[2023-08-24T04:57:36.314+0000] {logging_mixin.py:151} INFO - [2023-08-24T04:57:36.314+0000] {dag.py:3677} INFO - Setting next_dagrun for example_external_task_marker_parent to None, run_after=None
[2023-08-24T04:57:36.330+0000] {processor.py:179} INFO - Processing /usr/local/lib/python3.8/dist-packages/airflow/example_dags/example_external_task_marker_dag.py took 0.166 seconds
[2023-08-24T04:58:39.124+0000] {processor.py:157} INFO - Started process (PID=46528) to work on /usr/local/lib/python3.8/dist-packages/airflow/example_dags/example_external_task_marker_dag.py
[2023-08-24T04:58:39.126+0000] {processor.py:829} INFO - Processing file /usr/local/lib/python3.8/dist-packages/airflow/example_dags/example_external_task_marker_dag.py for tasks to queue
[2023-08-24T04:58:39.126+0000] {logging_mixin.py:151} INFO - [2023-08-24T04:58:39.126+0000] {dagbag.py:539} INFO - Filling up the DagBag from /usr/local/lib/python3.8/dist-packages/airflow/example_dags/example_external_task_marker_dag.py
[2023-08-24T04:58:39.133+0000] {processor.py:839} INFO - DAG(s) dict_keys(['example_external_task_marker_child', 'example_external_task_marker_parent']) retrieved from /usr/local/lib/python3.8/dist-packages/airflow/example_dags/example_external_task_marker_dag.py
[2023-08-24T04:58:39.151+0000] {logging_mixin.py:151} INFO - [2023-08-24T04:58:39.151+0000] {dag.py:2907} INFO - Sync 2 DAGs
[2023-08-24T04:58:39.161+0000] {logging_mixin.py:151} INFO - [2023-08-24T04:58:39.161+0000] {dag.py:3677} INFO - Setting next_dagrun for example_external_task_marker_child to None, run_after=None
[2023-08-24T04:58:39.163+0000] {logging_mixin.py:151} INFO - [2023-08-24T04:58:39.163+0000] {dag.py:3677} INFO - Setting next_dagrun for example_external_task_marker_parent to None, run_after=None
[2023-08-24T04:58:39.179+0000] {processor.py:179} INFO - Processing /usr/local/lib/python3.8/dist-packages/airflow/example_dags/example_external_task_marker_dag.py took 0.059 seconds
[2023-08-24T04:59:43.480+0000] {processor.py:157} INFO - Started process (PID=46711) to work on /usr/local/lib/python3.8/dist-packages/airflow/example_dags/example_external_task_marker_dag.py
[2023-08-24T04:59:43.483+0000] {processor.py:829} INFO - Processing file /usr/local/lib/python3.8/dist-packages/airflow/example_dags/example_external_task_marker_dag.py for tasks to queue
[2023-08-24T04:59:43.484+0000] {logging_mixin.py:151} INFO - [2023-08-24T04:59:43.484+0000] {dagbag.py:539} INFO - Filling up the DagBag from /usr/local/lib/python3.8/dist-packages/airflow/example_dags/example_external_task_marker_dag.py
[2023-08-24T04:59:43.491+0000] {processor.py:839} INFO - DAG(s) dict_keys(['example_external_task_marker_child', 'example_external_task_marker_parent']) retrieved from /usr/local/lib/python3.8/dist-packages/airflow/example_dags/example_external_task_marker_dag.py
[2023-08-24T04:59:43.510+0000] {logging_mixin.py:151} INFO - [2023-08-24T04:59:43.510+0000] {dag.py:2907} INFO - Sync 2 DAGs
[2023-08-24T04:59:43.521+0000] {logging_mixin.py:151} INFO - [2023-08-24T04:59:43.520+0000] {dag.py:3677} INFO - Setting next_dagrun for example_external_task_marker_child to None, run_after=None
[2023-08-24T04:59:43.523+0000] {logging_mixin.py:151} INFO - [2023-08-24T04:59:43.523+0000] {dag.py:3677} INFO - Setting next_dagrun for example_external_task_marker_parent to None, run_after=None
[2023-08-24T04:59:43.539+0000] {processor.py:179} INFO - Processing /usr/local/lib/python3.8/dist-packages/airflow/example_dags/example_external_task_marker_dag.py took 0.062 seconds
[2023-08-24T05:00:43.690+0000] {processor.py:157} INFO - Started process (PID=46895) to work on /usr/local/lib/python3.8/dist-packages/airflow/example_dags/example_external_task_marker_dag.py
[2023-08-24T05:00:43.691+0000] {processor.py:829} INFO - Processing file /usr/local/lib/python3.8/dist-packages/airflow/example_dags/example_external_task_marker_dag.py for tasks to queue
[2023-08-24T05:00:43.692+0000] {logging_mixin.py:151} INFO - [2023-08-24T05:00:43.692+0000] {dagbag.py:539} INFO - Filling up the DagBag from /usr/local/lib/python3.8/dist-packages/airflow/example_dags/example_external_task_marker_dag.py
[2023-08-24T05:00:43.699+0000] {processor.py:839} INFO - DAG(s) dict_keys(['example_external_task_marker_parent', 'example_external_task_marker_child']) retrieved from /usr/local/lib/python3.8/dist-packages/airflow/example_dags/example_external_task_marker_dag.py
[2023-08-24T05:00:43.718+0000] {logging_mixin.py:151} INFO - [2023-08-24T05:00:43.718+0000] {dag.py:2907} INFO - Sync 2 DAGs
[2023-08-24T05:00:43.729+0000] {logging_mixin.py:151} INFO - [2023-08-24T05:00:43.729+0000] {dag.py:3677} INFO - Setting next_dagrun for example_external_task_marker_child to None, run_after=None
[2023-08-24T05:00:43.731+0000] {logging_mixin.py:151} INFO - [2023-08-24T05:00:43.731+0000] {dag.py:3677} INFO - Setting next_dagrun for example_external_task_marker_parent to None, run_after=None
[2023-08-24T05:00:43.748+0000] {processor.py:179} INFO - Processing /usr/local/lib/python3.8/dist-packages/airflow/example_dags/example_external_task_marker_dag.py took 0.062 seconds
[2023-08-24T05:01:43.934+0000] {processor.py:157} INFO - Started process (PID=47092) to work on /usr/local/lib/python3.8/dist-packages/airflow/example_dags/example_external_task_marker_dag.py
[2023-08-24T05:01:43.935+0000] {processor.py:829} INFO - Processing file /usr/local/lib/python3.8/dist-packages/airflow/example_dags/example_external_task_marker_dag.py for tasks to queue
[2023-08-24T05:01:43.936+0000] {logging_mixin.py:151} INFO - [2023-08-24T05:01:43.936+0000] {dagbag.py:539} INFO - Filling up the DagBag from /usr/local/lib/python3.8/dist-packages/airflow/example_dags/example_external_task_marker_dag.py
[2023-08-24T05:01:43.943+0000] {processor.py:839} INFO - DAG(s) dict_keys(['example_external_task_marker_parent', 'example_external_task_marker_child']) retrieved from /usr/local/lib/python3.8/dist-packages/airflow/example_dags/example_external_task_marker_dag.py
[2023-08-24T05:01:43.962+0000] {logging_mixin.py:151} INFO - [2023-08-24T05:01:43.961+0000] {dag.py:2907} INFO - Sync 2 DAGs
[2023-08-24T05:01:43.972+0000] {logging_mixin.py:151} INFO - [2023-08-24T05:01:43.972+0000] {dag.py:3677} INFO - Setting next_dagrun for example_external_task_marker_child to None, run_after=None
[2023-08-24T05:01:43.974+0000] {logging_mixin.py:151} INFO - [2023-08-24T05:01:43.974+0000] {dag.py:3677} INFO - Setting next_dagrun for example_external_task_marker_parent to None, run_after=None
[2023-08-24T05:01:43.990+0000] {processor.py:179} INFO - Processing /usr/local/lib/python3.8/dist-packages/airflow/example_dags/example_external_task_marker_dag.py took 0.060 seconds
[2023-08-24T05:02:42.573+0000] {processor.py:157} INFO - Started process (PID=47278) to work on /usr/local/lib/python3.8/dist-packages/airflow/example_dags/example_external_task_marker_dag.py
[2023-08-24T05:02:42.574+0000] {processor.py:829} INFO - Processing file /usr/local/lib/python3.8/dist-packages/airflow/example_dags/example_external_task_marker_dag.py for tasks to queue
[2023-08-24T05:02:42.575+0000] {logging_mixin.py:151} INFO - [2023-08-24T05:02:42.575+0000] {dagbag.py:539} INFO - Filling up the DagBag from /usr/local/lib/python3.8/dist-packages/airflow/example_dags/example_external_task_marker_dag.py
[2023-08-24T05:02:42.581+0000] {processor.py:839} INFO - DAG(s) dict_keys(['example_external_task_marker_parent', 'example_external_task_marker_child']) retrieved from /usr/local/lib/python3.8/dist-packages/airflow/example_dags/example_external_task_marker_dag.py
[2023-08-24T05:02:42.600+0000] {logging_mixin.py:151} INFO - [2023-08-24T05:02:42.600+0000] {dag.py:2907} INFO - Sync 2 DAGs
[2023-08-24T05:02:42.611+0000] {logging_mixin.py:151} INFO - [2023-08-24T05:02:42.611+0000] {dag.py:3677} INFO - Setting next_dagrun for example_external_task_marker_child to None, run_after=None
[2023-08-24T05:02:42.613+0000] {logging_mixin.py:151} INFO - [2023-08-24T05:02:42.613+0000] {dag.py:3677} INFO - Setting next_dagrun for example_external_task_marker_parent to None, run_after=None
[2023-08-24T05:02:42.629+0000] {processor.py:179} INFO - Processing /usr/local/lib/python3.8/dist-packages/airflow/example_dags/example_external_task_marker_dag.py took 0.060 seconds
[2023-08-24T05:03:43.393+0000] {processor.py:157} INFO - Started process (PID=47467) to work on /usr/local/lib/python3.8/dist-packages/airflow/example_dags/example_external_task_marker_dag.py
[2023-08-24T05:03:43.394+0000] {processor.py:829} INFO - Processing file /usr/local/lib/python3.8/dist-packages/airflow/example_dags/example_external_task_marker_dag.py for tasks to queue
[2023-08-24T05:03:43.395+0000] {logging_mixin.py:151} INFO - [2023-08-24T05:03:43.395+0000] {dagbag.py:539} INFO - Filling up the DagBag from /usr/local/lib/python3.8/dist-packages/airflow/example_dags/example_external_task_marker_dag.py
[2023-08-24T05:03:43.403+0000] {processor.py:839} INFO - DAG(s) dict_keys(['example_external_task_marker_child', 'example_external_task_marker_parent']) retrieved from /usr/local/lib/python3.8/dist-packages/airflow/example_dags/example_external_task_marker_dag.py
[2023-08-24T05:03:43.423+0000] {logging_mixin.py:151} INFO - [2023-08-24T05:03:43.423+0000] {dag.py:2907} INFO - Sync 2 DAGs
[2023-08-24T05:03:43.434+0000] {logging_mixin.py:151} INFO - [2023-08-24T05:03:43.434+0000] {dag.py:3677} INFO - Setting next_dagrun for example_external_task_marker_child to None, run_after=None
[2023-08-24T05:03:43.436+0000] {logging_mixin.py:151} INFO - [2023-08-24T05:03:43.436+0000] {dag.py:3677} INFO - Setting next_dagrun for example_external_task_marker_parent to None, run_after=None
[2023-08-24T05:03:43.453+0000] {processor.py:179} INFO - Processing /usr/local/lib/python3.8/dist-packages/airflow/example_dags/example_external_task_marker_dag.py took 0.065 seconds
[2023-08-24T05:04:42.189+0000] {processor.py:157} INFO - Started process (PID=47649) to work on /usr/local/lib/python3.8/dist-packages/airflow/example_dags/example_external_task_marker_dag.py
[2023-08-24T05:04:42.191+0000] {processor.py:829} INFO - Processing file /usr/local/lib/python3.8/dist-packages/airflow/example_dags/example_external_task_marker_dag.py for tasks to queue
[2023-08-24T05:04:42.192+0000] {logging_mixin.py:151} INFO - [2023-08-24T05:04:42.191+0000] {dagbag.py:539} INFO - Filling up the DagBag from /usr/local/lib/python3.8/dist-packages/airflow/example_dags/example_external_task_marker_dag.py
[2023-08-24T05:04:42.198+0000] {processor.py:839} INFO - DAG(s) dict_keys(['example_external_task_marker_child', 'example_external_task_marker_parent']) retrieved from /usr/local/lib/python3.8/dist-packages/airflow/example_dags/example_external_task_marker_dag.py
[2023-08-24T05:04:42.217+0000] {logging_mixin.py:151} INFO - [2023-08-24T05:04:42.217+0000] {dag.py:2907} INFO - Sync 2 DAGs
[2023-08-24T05:04:42.228+0000] {logging_mixin.py:151} INFO - [2023-08-24T05:04:42.228+0000] {dag.py:3677} INFO - Setting next_dagrun for example_external_task_marker_child to None, run_after=None
[2023-08-24T05:04:42.230+0000] {logging_mixin.py:151} INFO - [2023-08-24T05:04:42.230+0000] {dag.py:3677} INFO - Setting next_dagrun for example_external_task_marker_parent to None, run_after=None
[2023-08-24T05:04:42.246+0000] {processor.py:179} INFO - Processing /usr/local/lib/python3.8/dist-packages/airflow/example_dags/example_external_task_marker_dag.py took 0.061 seconds
[2023-08-24T05:05:42.316+0000] {processor.py:157} INFO - Started process (PID=47845) to work on /usr/local/lib/python3.8/dist-packages/airflow/example_dags/example_external_task_marker_dag.py
[2023-08-24T05:05:42.318+0000] {processor.py:829} INFO - Processing file /usr/local/lib/python3.8/dist-packages/airflow/example_dags/example_external_task_marker_dag.py for tasks to queue
[2023-08-24T05:05:42.319+0000] {logging_mixin.py:151} INFO - [2023-08-24T05:05:42.318+0000] {dagbag.py:539} INFO - Filling up the DagBag from /usr/local/lib/python3.8/dist-packages/airflow/example_dags/example_external_task_marker_dag.py
[2023-08-24T05:05:42.325+0000] {processor.py:839} INFO - DAG(s) dict_keys(['example_external_task_marker_parent', 'example_external_task_marker_child']) retrieved from /usr/local/lib/python3.8/dist-packages/airflow/example_dags/example_external_task_marker_dag.py
[2023-08-24T05:05:42.344+0000] {logging_mixin.py:151} INFO - [2023-08-24T05:05:42.344+0000] {dag.py:2907} INFO - Sync 2 DAGs
[2023-08-24T05:05:42.354+0000] {logging_mixin.py:151} INFO - [2023-08-24T05:05:42.354+0000] {dag.py:3677} INFO - Setting next_dagrun for example_external_task_marker_child to None, run_after=None
[2023-08-24T05:05:42.356+0000] {logging_mixin.py:151} INFO - [2023-08-24T05:05:42.356+0000] {dag.py:3677} INFO - Setting next_dagrun for example_external_task_marker_parent to None, run_after=None
[2023-08-24T05:05:42.372+0000] {processor.py:179} INFO - Processing /usr/local/lib/python3.8/dist-packages/airflow/example_dags/example_external_task_marker_dag.py took 0.060 seconds
[2023-08-24T05:06:40.065+0000] {processor.py:157} INFO - Started process (PID=48041) to work on /usr/local/lib/python3.8/dist-packages/airflow/example_dags/example_external_task_marker_dag.py
[2023-08-24T05:06:40.067+0000] {processor.py:829} INFO - Processing file /usr/local/lib/python3.8/dist-packages/airflow/example_dags/example_external_task_marker_dag.py for tasks to queue
[2023-08-24T05:06:40.068+0000] {logging_mixin.py:151} INFO - [2023-08-24T05:06:40.068+0000] {dagbag.py:539} INFO - Filling up the DagBag from /usr/local/lib/python3.8/dist-packages/airflow/example_dags/example_external_task_marker_dag.py
[2023-08-24T05:06:40.074+0000] {processor.py:839} INFO - DAG(s) dict_keys(['example_external_task_marker_parent', 'example_external_task_marker_child']) retrieved from /usr/local/lib/python3.8/dist-packages/airflow/example_dags/example_external_task_marker_dag.py
[2023-08-24T05:06:40.094+0000] {logging_mixin.py:151} INFO - [2023-08-24T05:06:40.094+0000] {dag.py:2907} INFO - Sync 2 DAGs
[2023-08-24T05:06:40.105+0000] {logging_mixin.py:151} INFO - [2023-08-24T05:06:40.105+0000] {dag.py:3677} INFO - Setting next_dagrun for example_external_task_marker_child to None, run_after=None
[2023-08-24T05:06:40.107+0000] {logging_mixin.py:151} INFO - [2023-08-24T05:06:40.107+0000] {dag.py:3677} INFO - Setting next_dagrun for example_external_task_marker_parent to None, run_after=None
[2023-08-24T05:06:40.124+0000] {processor.py:179} INFO - Processing /usr/local/lib/python3.8/dist-packages/airflow/example_dags/example_external_task_marker_dag.py took 0.062 seconds
[2023-08-24T05:07:37.675+0000] {processor.py:157} INFO - Started process (PID=48227) to work on /usr/local/lib/python3.8/dist-packages/airflow/example_dags/example_external_task_marker_dag.py
[2023-08-24T05:07:37.676+0000] {processor.py:829} INFO - Processing file /usr/local/lib/python3.8/dist-packages/airflow/example_dags/example_external_task_marker_dag.py for tasks to queue
[2023-08-24T05:07:37.677+0000] {logging_mixin.py:151} INFO - [2023-08-24T05:07:37.677+0000] {dagbag.py:539} INFO - Filling up the DagBag from /usr/local/lib/python3.8/dist-packages/airflow/example_dags/example_external_task_marker_dag.py
[2023-08-24T05:07:37.683+0000] {processor.py:839} INFO - DAG(s) dict_keys(['example_external_task_marker_parent', 'example_external_task_marker_child']) retrieved from /usr/local/lib/python3.8/dist-packages/airflow/example_dags/example_external_task_marker_dag.py
[2023-08-24T05:07:37.702+0000] {logging_mixin.py:151} INFO - [2023-08-24T05:07:37.702+0000] {dag.py:2907} INFO - Sync 2 DAGs
[2023-08-24T05:07:37.713+0000] {logging_mixin.py:151} INFO - [2023-08-24T05:07:37.713+0000] {dag.py:3677} INFO - Setting next_dagrun for example_external_task_marker_child to None, run_after=None
[2023-08-24T05:07:37.715+0000] {logging_mixin.py:151} INFO - [2023-08-24T05:07:37.715+0000] {dag.py:3677} INFO - Setting next_dagrun for example_external_task_marker_parent to None, run_after=None
[2023-08-24T05:07:37.731+0000] {processor.py:179} INFO - Processing /usr/local/lib/python3.8/dist-packages/airflow/example_dags/example_external_task_marker_dag.py took 0.060 seconds
[2023-08-24T05:08:38.447+0000] {processor.py:157} INFO - Started process (PID=48411) to work on /usr/local/lib/python3.8/dist-packages/airflow/example_dags/example_external_task_marker_dag.py
[2023-08-24T05:08:38.451+0000] {processor.py:829} INFO - Processing file /usr/local/lib/python3.8/dist-packages/airflow/example_dags/example_external_task_marker_dag.py for tasks to queue
[2023-08-24T05:08:38.452+0000] {logging_mixin.py:151} INFO - [2023-08-24T05:08:38.451+0000] {dagbag.py:539} INFO - Filling up the DagBag from /usr/local/lib/python3.8/dist-packages/airflow/example_dags/example_external_task_marker_dag.py
[2023-08-24T05:08:38.458+0000] {processor.py:839} INFO - DAG(s) dict_keys(['example_external_task_marker_child', 'example_external_task_marker_parent']) retrieved from /usr/local/lib/python3.8/dist-packages/airflow/example_dags/example_external_task_marker_dag.py
[2023-08-24T05:08:38.478+0000] {logging_mixin.py:151} INFO - [2023-08-24T05:08:38.478+0000] {dag.py:2907} INFO - Sync 2 DAGs
[2023-08-24T05:08:38.489+0000] {logging_mixin.py:151} INFO - [2023-08-24T05:08:38.489+0000] {dag.py:3677} INFO - Setting next_dagrun for example_external_task_marker_child to None, run_after=None
[2023-08-24T05:08:38.491+0000] {logging_mixin.py:151} INFO - [2023-08-24T05:08:38.491+0000] {dag.py:3677} INFO - Setting next_dagrun for example_external_task_marker_parent to None, run_after=None
[2023-08-24T05:08:38.508+0000] {processor.py:179} INFO - Processing /usr/local/lib/python3.8/dist-packages/airflow/example_dags/example_external_task_marker_dag.py took 0.066 seconds
[2023-08-24T05:09:37.779+0000] {processor.py:157} INFO - Started process (PID=48607) to work on /usr/local/lib/python3.8/dist-packages/airflow/example_dags/example_external_task_marker_dag.py
[2023-08-24T05:09:37.781+0000] {processor.py:829} INFO - Processing file /usr/local/lib/python3.8/dist-packages/airflow/example_dags/example_external_task_marker_dag.py for tasks to queue
[2023-08-24T05:09:37.782+0000] {logging_mixin.py:151} INFO - [2023-08-24T05:09:37.781+0000] {dagbag.py:539} INFO - Filling up the DagBag from /usr/local/lib/python3.8/dist-packages/airflow/example_dags/example_external_task_marker_dag.py
[2023-08-24T05:09:37.789+0000] {processor.py:839} INFO - DAG(s) dict_keys(['example_external_task_marker_child', 'example_external_task_marker_parent']) retrieved from /usr/local/lib/python3.8/dist-packages/airflow/example_dags/example_external_task_marker_dag.py
[2023-08-24T05:09:37.809+0000] {logging_mixin.py:151} INFO - [2023-08-24T05:09:37.809+0000] {dag.py:2907} INFO - Sync 2 DAGs
[2023-08-24T05:09:37.820+0000] {logging_mixin.py:151} INFO - [2023-08-24T05:09:37.820+0000] {dag.py:3677} INFO - Setting next_dagrun for example_external_task_marker_child to None, run_after=None
[2023-08-24T05:09:37.823+0000] {logging_mixin.py:151} INFO - [2023-08-24T05:09:37.822+0000] {dag.py:3677} INFO - Setting next_dagrun for example_external_task_marker_parent to None, run_after=None
[2023-08-24T05:09:37.841+0000] {processor.py:179} INFO - Processing /usr/local/lib/python3.8/dist-packages/airflow/example_dags/example_external_task_marker_dag.py took 0.065 seconds
[2023-08-24T05:10:35.040+0000] {processor.py:157} INFO - Started process (PID=48788) to work on /usr/local/lib/python3.8/dist-packages/airflow/example_dags/example_external_task_marker_dag.py
[2023-08-24T05:10:35.042+0000] {processor.py:829} INFO - Processing file /usr/local/lib/python3.8/dist-packages/airflow/example_dags/example_external_task_marker_dag.py for tasks to queue
[2023-08-24T05:10:35.043+0000] {logging_mixin.py:151} INFO - [2023-08-24T05:10:35.042+0000] {dagbag.py:539} INFO - Filling up the DagBag from /usr/local/lib/python3.8/dist-packages/airflow/example_dags/example_external_task_marker_dag.py
[2023-08-24T05:10:35.049+0000] {processor.py:839} INFO - DAG(s) dict_keys(['example_external_task_marker_parent', 'example_external_task_marker_child']) retrieved from /usr/local/lib/python3.8/dist-packages/airflow/example_dags/example_external_task_marker_dag.py
[2023-08-24T05:10:35.069+0000] {logging_mixin.py:151} INFO - [2023-08-24T05:10:35.069+0000] {dag.py:2907} INFO - Sync 2 DAGs
[2023-08-24T05:10:35.080+0000] {logging_mixin.py:151} INFO - [2023-08-24T05:10:35.080+0000] {dag.py:3677} INFO - Setting next_dagrun for example_external_task_marker_child to None, run_after=None
[2023-08-24T05:10:35.083+0000] {logging_mixin.py:151} INFO - [2023-08-24T05:10:35.082+0000] {dag.py:3677} INFO - Setting next_dagrun for example_external_task_marker_parent to None, run_after=None
[2023-08-24T05:10:35.100+0000] {processor.py:179} INFO - Processing /usr/local/lib/python3.8/dist-packages/airflow/example_dags/example_external_task_marker_dag.py took 0.064 seconds
[2023-08-24T05:11:51.156+0000] {processor.py:157} INFO - Started process (PID=48944) to work on /usr/local/lib/python3.8/dist-packages/airflow/example_dags/example_external_task_marker_dag.py
[2023-08-24T05:11:51.157+0000] {processor.py:829} INFO - Processing file /usr/local/lib/python3.8/dist-packages/airflow/example_dags/example_external_task_marker_dag.py for tasks to queue
[2023-08-24T05:11:51.158+0000] {logging_mixin.py:151} INFO - [2023-08-24T05:11:51.158+0000] {dagbag.py:539} INFO - Filling up the DagBag from /usr/local/lib/python3.8/dist-packages/airflow/example_dags/example_external_task_marker_dag.py
[2023-08-24T05:11:51.166+0000] {processor.py:839} INFO - DAG(s) dict_keys(['example_external_task_marker_child', 'example_external_task_marker_parent']) retrieved from /usr/local/lib/python3.8/dist-packages/airflow/example_dags/example_external_task_marker_dag.py
[2023-08-24T05:11:51.187+0000] {logging_mixin.py:151} INFO - [2023-08-24T05:11:51.187+0000] {dag.py:2907} INFO - Sync 2 DAGs
[2023-08-24T05:11:51.198+0000] {logging_mixin.py:151} INFO - [2023-08-24T05:11:51.198+0000] {dag.py:3677} INFO - Setting next_dagrun for example_external_task_marker_child to None, run_after=None
[2023-08-24T05:11:51.200+0000] {logging_mixin.py:151} INFO - [2023-08-24T05:11:51.200+0000] {dag.py:3677} INFO - Setting next_dagrun for example_external_task_marker_parent to None, run_after=None
[2023-08-24T05:11:51.217+0000] {processor.py:179} INFO - Processing /usr/local/lib/python3.8/dist-packages/airflow/example_dags/example_external_task_marker_dag.py took 0.064 seconds
[2023-08-24T05:12:54.634+0000] {processor.py:157} INFO - Started process (PID=49141) to work on /usr/local/lib/python3.8/dist-packages/airflow/example_dags/example_external_task_marker_dag.py
[2023-08-24T05:12:54.636+0000] {processor.py:829} INFO - Processing file /usr/local/lib/python3.8/dist-packages/airflow/example_dags/example_external_task_marker_dag.py for tasks to queue
[2023-08-24T05:12:54.637+0000] {logging_mixin.py:151} INFO - [2023-08-24T05:12:54.636+0000] {dagbag.py:539} INFO - Filling up the DagBag from /usr/local/lib/python3.8/dist-packages/airflow/example_dags/example_external_task_marker_dag.py
[2023-08-24T05:12:54.643+0000] {processor.py:839} INFO - DAG(s) dict_keys(['example_external_task_marker_child', 'example_external_task_marker_parent']) retrieved from /usr/local/lib/python3.8/dist-packages/airflow/example_dags/example_external_task_marker_dag.py
[2023-08-24T05:12:54.663+0000] {logging_mixin.py:151} INFO - [2023-08-24T05:12:54.663+0000] {dag.py:2907} INFO - Sync 2 DAGs
[2023-08-24T05:12:54.674+0000] {logging_mixin.py:151} INFO - [2023-08-24T05:12:54.674+0000] {dag.py:3677} INFO - Setting next_dagrun for example_external_task_marker_child to None, run_after=None
[2023-08-24T05:12:54.676+0000] {logging_mixin.py:151} INFO - [2023-08-24T05:12:54.676+0000] {dag.py:3677} INFO - Setting next_dagrun for example_external_task_marker_parent to None, run_after=None
[2023-08-24T05:12:54.693+0000] {processor.py:179} INFO - Processing /usr/local/lib/python3.8/dist-packages/airflow/example_dags/example_external_task_marker_dag.py took 0.062 seconds
[2023-08-24T05:13:53.219+0000] {processor.py:157} INFO - Started process (PID=49345) to work on /usr/local/lib/python3.8/dist-packages/airflow/example_dags/example_external_task_marker_dag.py
[2023-08-24T05:13:53.221+0000] {processor.py:829} INFO - Processing file /usr/local/lib/python3.8/dist-packages/airflow/example_dags/example_external_task_marker_dag.py for tasks to queue
[2023-08-24T05:13:53.222+0000] {logging_mixin.py:151} INFO - [2023-08-24T05:13:53.221+0000] {dagbag.py:539} INFO - Filling up the DagBag from /usr/local/lib/python3.8/dist-packages/airflow/example_dags/example_external_task_marker_dag.py
[2023-08-24T05:13:53.228+0000] {processor.py:839} INFO - DAG(s) dict_keys(['example_external_task_marker_child', 'example_external_task_marker_parent']) retrieved from /usr/local/lib/python3.8/dist-packages/airflow/example_dags/example_external_task_marker_dag.py
[2023-08-24T05:13:53.248+0000] {logging_mixin.py:151} INFO - [2023-08-24T05:13:53.248+0000] {dag.py:2907} INFO - Sync 2 DAGs
[2023-08-24T05:13:53.259+0000] {logging_mixin.py:151} INFO - [2023-08-24T05:13:53.259+0000] {dag.py:3677} INFO - Setting next_dagrun for example_external_task_marker_child to None, run_after=None
[2023-08-24T05:13:53.261+0000] {logging_mixin.py:151} INFO - [2023-08-24T05:13:53.261+0000] {dag.py:3677} INFO - Setting next_dagrun for example_external_task_marker_parent to None, run_after=None
[2023-08-24T05:13:53.279+0000] {processor.py:179} INFO - Processing /usr/local/lib/python3.8/dist-packages/airflow/example_dags/example_external_task_marker_dag.py took 0.063 seconds
