[2023-08-24T04:22:15.712+0000] {processor.py:157} INFO - Started process (PID=37616) to work on /usr/local/lib/python3.8/dist-packages/airflow/example_dags/example_xcomargs.py
[2023-08-24T04:22:15.713+0000] {processor.py:829} INFO - Processing file /usr/local/lib/python3.8/dist-packages/airflow/example_dags/example_xcomargs.py for tasks to queue
[2023-08-24T04:22:15.714+0000] {logging_mixin.py:151} INFO - [2023-08-24T04:22:15.713+0000] {dagbag.py:539} INFO - Filling up the DagBag from /usr/local/lib/python3.8/dist-packages/airflow/example_dags/example_xcomargs.py
[2023-08-24T04:22:15.723+0000] {processor.py:839} INFO - DAG(s) dict_keys(['example_xcom_args', 'example_xcom_args_with_operators']) retrieved from /usr/local/lib/python3.8/dist-packages/airflow/example_dags/example_xcomargs.py
[2023-08-24T04:22:15.740+0000] {logging_mixin.py:151} INFO - [2023-08-24T04:22:15.740+0000] {dag.py:2907} INFO - Sync 2 DAGs
[2023-08-24T04:22:15.751+0000] {logging_mixin.py:151} INFO - [2023-08-24T04:22:15.750+0000] {dag.py:3677} INFO - Setting next_dagrun for example_xcom_args to None, run_after=None
[2023-08-24T04:22:15.753+0000] {logging_mixin.py:151} INFO - [2023-08-24T04:22:15.753+0000] {dag.py:3677} INFO - Setting next_dagrun for example_xcom_args_with_operators to None, run_after=None
[2023-08-24T04:22:15.769+0000] {processor.py:179} INFO - Processing /usr/local/lib/python3.8/dist-packages/airflow/example_dags/example_xcomargs.py took 0.060 seconds
[2023-08-24T04:31:28.808+0000] {processor.py:157} INFO - Started process (PID=41491) to work on /usr/local/lib/python3.8/dist-packages/airflow/example_dags/example_xcomargs.py
[2023-08-24T04:31:28.809+0000] {processor.py:829} INFO - Processing file /usr/local/lib/python3.8/dist-packages/airflow/example_dags/example_xcomargs.py for tasks to queue
[2023-08-24T04:31:28.810+0000] {logging_mixin.py:151} INFO - [2023-08-24T04:31:28.810+0000] {dagbag.py:539} INFO - Filling up the DagBag from /usr/local/lib/python3.8/dist-packages/airflow/example_dags/example_xcomargs.py
[2023-08-24T04:31:28.819+0000] {processor.py:839} INFO - DAG(s) dict_keys(['example_xcom_args_with_operators', 'example_xcom_args']) retrieved from /usr/local/lib/python3.8/dist-packages/airflow/example_dags/example_xcomargs.py
[2023-08-24T04:31:28.837+0000] {logging_mixin.py:151} INFO - [2023-08-24T04:31:28.837+0000] {dag.py:2907} INFO - Sync 2 DAGs
[2023-08-24T04:31:28.848+0000] {logging_mixin.py:151} INFO - [2023-08-24T04:31:28.848+0000] {dag.py:3677} INFO - Setting next_dagrun for example_xcom_args to None, run_after=None
[2023-08-24T04:31:28.850+0000] {logging_mixin.py:151} INFO - [2023-08-24T04:31:28.850+0000] {dag.py:3677} INFO - Setting next_dagrun for example_xcom_args_with_operators to None, run_after=None
[2023-08-24T04:31:28.867+0000] {processor.py:179} INFO - Processing /usr/local/lib/python3.8/dist-packages/airflow/example_dags/example_xcomargs.py took 0.063 seconds
[2023-08-24T04:32:30.815+0000] {processor.py:157} INFO - Started process (PID=41689) to work on /usr/local/lib/python3.8/dist-packages/airflow/example_dags/example_xcomargs.py
[2023-08-24T04:32:30.816+0000] {processor.py:829} INFO - Processing file /usr/local/lib/python3.8/dist-packages/airflow/example_dags/example_xcomargs.py for tasks to queue
[2023-08-24T04:32:30.817+0000] {logging_mixin.py:151} INFO - [2023-08-24T04:32:30.817+0000] {dagbag.py:539} INFO - Filling up the DagBag from /usr/local/lib/python3.8/dist-packages/airflow/example_dags/example_xcomargs.py
[2023-08-24T04:32:30.826+0000] {processor.py:839} INFO - DAG(s) dict_keys(['example_xcom_args', 'example_xcom_args_with_operators']) retrieved from /usr/local/lib/python3.8/dist-packages/airflow/example_dags/example_xcomargs.py
[2023-08-24T04:32:30.843+0000] {logging_mixin.py:151} INFO - [2023-08-24T04:32:30.843+0000] {dag.py:2907} INFO - Sync 2 DAGs
[2023-08-24T04:32:30.854+0000] {logging_mixin.py:151} INFO - [2023-08-24T04:32:30.854+0000] {dag.py:3677} INFO - Setting next_dagrun for example_xcom_args to None, run_after=None
[2023-08-24T04:32:30.856+0000] {logging_mixin.py:151} INFO - [2023-08-24T04:32:30.856+0000] {dag.py:3677} INFO - Setting next_dagrun for example_xcom_args_with_operators to None, run_after=None
[2023-08-24T04:32:30.872+0000] {processor.py:179} INFO - Processing /usr/local/lib/python3.8/dist-packages/airflow/example_dags/example_xcomargs.py took 0.061 seconds
[2023-08-24T04:33:30.147+0000] {processor.py:157} INFO - Started process (PID=41880) to work on /usr/local/lib/python3.8/dist-packages/airflow/example_dags/example_xcomargs.py
[2023-08-24T04:33:30.149+0000] {processor.py:829} INFO - Processing file /usr/local/lib/python3.8/dist-packages/airflow/example_dags/example_xcomargs.py for tasks to queue
[2023-08-24T04:33:30.150+0000] {logging_mixin.py:151} INFO - [2023-08-24T04:33:30.150+0000] {dagbag.py:539} INFO - Filling up the DagBag from /usr/local/lib/python3.8/dist-packages/airflow/example_dags/example_xcomargs.py
[2023-08-24T04:33:30.159+0000] {processor.py:839} INFO - DAG(s) dict_keys(['example_xcom_args', 'example_xcom_args_with_operators']) retrieved from /usr/local/lib/python3.8/dist-packages/airflow/example_dags/example_xcomargs.py
[2023-08-24T04:33:30.176+0000] {logging_mixin.py:151} INFO - [2023-08-24T04:33:30.176+0000] {dag.py:2907} INFO - Sync 2 DAGs
[2023-08-24T04:33:30.186+0000] {logging_mixin.py:151} INFO - [2023-08-24T04:33:30.186+0000] {dag.py:3677} INFO - Setting next_dagrun for example_xcom_args to None, run_after=None
[2023-08-24T04:33:30.189+0000] {logging_mixin.py:151} INFO - [2023-08-24T04:33:30.188+0000] {dag.py:3677} INFO - Setting next_dagrun for example_xcom_args_with_operators to None, run_after=None
[2023-08-24T04:33:30.205+0000] {processor.py:179} INFO - Processing /usr/local/lib/python3.8/dist-packages/airflow/example_dags/example_xcomargs.py took 0.061 seconds
[2023-08-24T04:34:28.109+0000] {processor.py:157} INFO - Started process (PID=42063) to work on /usr/local/lib/python3.8/dist-packages/airflow/example_dags/example_xcomargs.py
[2023-08-24T04:34:28.111+0000] {processor.py:829} INFO - Processing file /usr/local/lib/python3.8/dist-packages/airflow/example_dags/example_xcomargs.py for tasks to queue
[2023-08-24T04:34:28.112+0000] {logging_mixin.py:151} INFO - [2023-08-24T04:34:28.111+0000] {dagbag.py:539} INFO - Filling up the DagBag from /usr/local/lib/python3.8/dist-packages/airflow/example_dags/example_xcomargs.py
[2023-08-24T04:34:28.121+0000] {processor.py:839} INFO - DAG(s) dict_keys(['example_xcom_args_with_operators', 'example_xcom_args']) retrieved from /usr/local/lib/python3.8/dist-packages/airflow/example_dags/example_xcomargs.py
[2023-08-24T04:34:28.138+0000] {logging_mixin.py:151} INFO - [2023-08-24T04:34:28.138+0000] {dag.py:2907} INFO - Sync 2 DAGs
[2023-08-24T04:34:28.149+0000] {logging_mixin.py:151} INFO - [2023-08-24T04:34:28.148+0000] {dag.py:3677} INFO - Setting next_dagrun for example_xcom_args to None, run_after=None
[2023-08-24T04:34:28.151+0000] {logging_mixin.py:151} INFO - [2023-08-24T04:34:28.151+0000] {dag.py:3677} INFO - Setting next_dagrun for example_xcom_args_with_operators to None, run_after=None
[2023-08-24T04:34:28.167+0000] {processor.py:179} INFO - Processing /usr/local/lib/python3.8/dist-packages/airflow/example_dags/example_xcomargs.py took 0.061 seconds
[2023-08-24T04:35:27.006+0000] {processor.py:157} INFO - Started process (PID=42259) to work on /usr/local/lib/python3.8/dist-packages/airflow/example_dags/example_xcomargs.py
[2023-08-24T04:35:27.007+0000] {processor.py:829} INFO - Processing file /usr/local/lib/python3.8/dist-packages/airflow/example_dags/example_xcomargs.py for tasks to queue
[2023-08-24T04:35:27.008+0000] {logging_mixin.py:151} INFO - [2023-08-24T04:35:27.008+0000] {dagbag.py:539} INFO - Filling up the DagBag from /usr/local/lib/python3.8/dist-packages/airflow/example_dags/example_xcomargs.py
[2023-08-24T04:35:27.017+0000] {processor.py:839} INFO - DAG(s) dict_keys(['example_xcom_args_with_operators', 'example_xcom_args']) retrieved from /usr/local/lib/python3.8/dist-packages/airflow/example_dags/example_xcomargs.py
[2023-08-24T04:35:27.035+0000] {logging_mixin.py:151} INFO - [2023-08-24T04:35:27.035+0000] {dag.py:2907} INFO - Sync 2 DAGs
[2023-08-24T04:35:27.046+0000] {logging_mixin.py:151} INFO - [2023-08-24T04:35:27.046+0000] {dag.py:3677} INFO - Setting next_dagrun for example_xcom_args to None, run_after=None
[2023-08-24T04:35:27.048+0000] {logging_mixin.py:151} INFO - [2023-08-24T04:35:27.048+0000] {dag.py:3677} INFO - Setting next_dagrun for example_xcom_args_with_operators to None, run_after=None
[2023-08-24T04:35:27.066+0000] {processor.py:179} INFO - Processing /usr/local/lib/python3.8/dist-packages/airflow/example_dags/example_xcomargs.py took 0.064 seconds
[2023-08-24T04:36:25.270+0000] {processor.py:157} INFO - Started process (PID=42455) to work on /usr/local/lib/python3.8/dist-packages/airflow/example_dags/example_xcomargs.py
[2023-08-24T04:36:25.272+0000] {processor.py:829} INFO - Processing file /usr/local/lib/python3.8/dist-packages/airflow/example_dags/example_xcomargs.py for tasks to queue
[2023-08-24T04:36:25.273+0000] {logging_mixin.py:151} INFO - [2023-08-24T04:36:25.272+0000] {dagbag.py:539} INFO - Filling up the DagBag from /usr/local/lib/python3.8/dist-packages/airflow/example_dags/example_xcomargs.py
[2023-08-24T04:36:25.281+0000] {processor.py:839} INFO - DAG(s) dict_keys(['example_xcom_args_with_operators', 'example_xcom_args']) retrieved from /usr/local/lib/python3.8/dist-packages/airflow/example_dags/example_xcomargs.py
[2023-08-24T04:36:25.299+0000] {logging_mixin.py:151} INFO - [2023-08-24T04:36:25.298+0000] {dag.py:2907} INFO - Sync 2 DAGs
[2023-08-24T04:36:25.312+0000] {logging_mixin.py:151} INFO - [2023-08-24T04:36:25.312+0000] {dag.py:3677} INFO - Setting next_dagrun for example_xcom_args to None, run_after=None
[2023-08-24T04:36:25.314+0000] {logging_mixin.py:151} INFO - [2023-08-24T04:36:25.314+0000] {dag.py:3677} INFO - Setting next_dagrun for example_xcom_args_with_operators to None, run_after=None
[2023-08-24T04:36:25.330+0000] {processor.py:179} INFO - Processing /usr/local/lib/python3.8/dist-packages/airflow/example_dags/example_xcomargs.py took 0.063 seconds
[2023-08-24T04:37:21.769+0000] {processor.py:157} INFO - Started process (PID=42638) to work on /usr/local/lib/python3.8/dist-packages/airflow/example_dags/example_xcomargs.py
[2023-08-24T04:37:21.770+0000] {processor.py:829} INFO - Processing file /usr/local/lib/python3.8/dist-packages/airflow/example_dags/example_xcomargs.py for tasks to queue
[2023-08-24T04:37:21.772+0000] {logging_mixin.py:151} INFO - [2023-08-24T04:37:21.771+0000] {dagbag.py:539} INFO - Filling up the DagBag from /usr/local/lib/python3.8/dist-packages/airflow/example_dags/example_xcomargs.py
[2023-08-24T04:37:21.782+0000] {processor.py:839} INFO - DAG(s) dict_keys(['example_xcom_args', 'example_xcom_args_with_operators']) retrieved from /usr/local/lib/python3.8/dist-packages/airflow/example_dags/example_xcomargs.py
[2023-08-24T04:37:21.799+0000] {logging_mixin.py:151} INFO - [2023-08-24T04:37:21.799+0000] {dag.py:2907} INFO - Sync 2 DAGs
[2023-08-24T04:37:21.810+0000] {logging_mixin.py:151} INFO - [2023-08-24T04:37:21.809+0000] {dag.py:3677} INFO - Setting next_dagrun for example_xcom_args to None, run_after=None
[2023-08-24T04:37:21.812+0000] {logging_mixin.py:151} INFO - [2023-08-24T04:37:21.812+0000] {dag.py:3677} INFO - Setting next_dagrun for example_xcom_args_with_operators to None, run_after=None
[2023-08-24T04:37:21.829+0000] {processor.py:179} INFO - Processing /usr/local/lib/python3.8/dist-packages/airflow/example_dags/example_xcomargs.py took 0.063 seconds
[2023-08-24T04:38:20.554+0000] {processor.py:157} INFO - Started process (PID=42821) to work on /usr/local/lib/python3.8/dist-packages/airflow/example_dags/example_xcomargs.py
[2023-08-24T04:38:20.556+0000] {processor.py:829} INFO - Processing file /usr/local/lib/python3.8/dist-packages/airflow/example_dags/example_xcomargs.py for tasks to queue
[2023-08-24T04:38:20.557+0000] {logging_mixin.py:151} INFO - [2023-08-24T04:38:20.557+0000] {dagbag.py:539} INFO - Filling up the DagBag from /usr/local/lib/python3.8/dist-packages/airflow/example_dags/example_xcomargs.py
[2023-08-24T04:38:20.567+0000] {processor.py:839} INFO - DAG(s) dict_keys(['example_xcom_args', 'example_xcom_args_with_operators']) retrieved from /usr/local/lib/python3.8/dist-packages/airflow/example_dags/example_xcomargs.py
[2023-08-24T04:38:20.587+0000] {logging_mixin.py:151} INFO - [2023-08-24T04:38:20.586+0000] {dag.py:2907} INFO - Sync 2 DAGs
[2023-08-24T04:38:20.598+0000] {logging_mixin.py:151} INFO - [2023-08-24T04:38:20.598+0000] {dag.py:3677} INFO - Setting next_dagrun for example_xcom_args to None, run_after=None
[2023-08-24T04:38:20.601+0000] {logging_mixin.py:151} INFO - [2023-08-24T04:38:20.601+0000] {dag.py:3677} INFO - Setting next_dagrun for example_xcom_args_with_operators to None, run_after=None
[2023-08-24T04:38:20.617+0000] {processor.py:179} INFO - Processing /usr/local/lib/python3.8/dist-packages/airflow/example_dags/example_xcomargs.py took 0.067 seconds
[2023-08-24T04:39:20.547+0000] {processor.py:157} INFO - Started process (PID=43006) to work on /usr/local/lib/python3.8/dist-packages/airflow/example_dags/example_xcomargs.py
[2023-08-24T04:39:20.551+0000] {processor.py:829} INFO - Processing file /usr/local/lib/python3.8/dist-packages/airflow/example_dags/example_xcomargs.py for tasks to queue
[2023-08-24T04:39:20.552+0000] {logging_mixin.py:151} INFO - [2023-08-24T04:39:20.552+0000] {dagbag.py:539} INFO - Filling up the DagBag from /usr/local/lib/python3.8/dist-packages/airflow/example_dags/example_xcomargs.py
[2023-08-24T04:39:20.563+0000] {processor.py:839} INFO - DAG(s) dict_keys(['example_xcom_args_with_operators', 'example_xcom_args']) retrieved from /usr/local/lib/python3.8/dist-packages/airflow/example_dags/example_xcomargs.py
[2023-08-24T04:39:20.582+0000] {logging_mixin.py:151} INFO - [2023-08-24T04:39:20.582+0000] {dag.py:2907} INFO - Sync 2 DAGs
[2023-08-24T04:39:20.594+0000] {logging_mixin.py:151} INFO - [2023-08-24T04:39:20.594+0000] {dag.py:3677} INFO - Setting next_dagrun for example_xcom_args to None, run_after=None
[2023-08-24T04:39:20.596+0000] {logging_mixin.py:151} INFO - [2023-08-24T04:39:20.596+0000] {dag.py:3677} INFO - Setting next_dagrun for example_xcom_args_with_operators to None, run_after=None
[2023-08-24T04:39:20.612+0000] {processor.py:179} INFO - Processing /usr/local/lib/python3.8/dist-packages/airflow/example_dags/example_xcomargs.py took 0.070 seconds
[2023-08-24T04:40:20.821+0000] {processor.py:157} INFO - Started process (PID=43202) to work on /usr/local/lib/python3.8/dist-packages/airflow/example_dags/example_xcomargs.py
[2023-08-24T04:40:20.823+0000] {processor.py:829} INFO - Processing file /usr/local/lib/python3.8/dist-packages/airflow/example_dags/example_xcomargs.py for tasks to queue
[2023-08-24T04:40:20.824+0000] {logging_mixin.py:151} INFO - [2023-08-24T04:40:20.823+0000] {dagbag.py:539} INFO - Filling up the DagBag from /usr/local/lib/python3.8/dist-packages/airflow/example_dags/example_xcomargs.py
[2023-08-24T04:40:20.834+0000] {processor.py:839} INFO - DAG(s) dict_keys(['example_xcom_args', 'example_xcom_args_with_operators']) retrieved from /usr/local/lib/python3.8/dist-packages/airflow/example_dags/example_xcomargs.py
[2023-08-24T04:40:20.854+0000] {logging_mixin.py:151} INFO - [2023-08-24T04:40:20.854+0000] {dag.py:2907} INFO - Sync 2 DAGs
[2023-08-24T04:40:20.866+0000] {logging_mixin.py:151} INFO - [2023-08-24T04:40:20.866+0000] {dag.py:3677} INFO - Setting next_dagrun for example_xcom_args to None, run_after=None
[2023-08-24T04:40:20.868+0000] {logging_mixin.py:151} INFO - [2023-08-24T04:40:20.868+0000] {dag.py:3677} INFO - Setting next_dagrun for example_xcom_args_with_operators to None, run_after=None
[2023-08-24T04:40:20.885+0000] {processor.py:179} INFO - Processing /usr/local/lib/python3.8/dist-packages/airflow/example_dags/example_xcomargs.py took 0.068 seconds
[2023-08-24T04:41:21.500+0000] {processor.py:157} INFO - Started process (PID=43386) to work on /usr/local/lib/python3.8/dist-packages/airflow/example_dags/example_xcomargs.py
[2023-08-24T04:41:21.502+0000] {processor.py:829} INFO - Processing file /usr/local/lib/python3.8/dist-packages/airflow/example_dags/example_xcomargs.py for tasks to queue
[2023-08-24T04:41:21.502+0000] {logging_mixin.py:151} INFO - [2023-08-24T04:41:21.502+0000] {dagbag.py:539} INFO - Filling up the DagBag from /usr/local/lib/python3.8/dist-packages/airflow/example_dags/example_xcomargs.py
[2023-08-24T04:41:21.511+0000] {processor.py:839} INFO - DAG(s) dict_keys(['example_xcom_args_with_operators', 'example_xcom_args']) retrieved from /usr/local/lib/python3.8/dist-packages/airflow/example_dags/example_xcomargs.py
[2023-08-24T04:41:21.528+0000] {logging_mixin.py:151} INFO - [2023-08-24T04:41:21.528+0000] {dag.py:2907} INFO - Sync 2 DAGs
[2023-08-24T04:41:21.539+0000] {logging_mixin.py:151} INFO - [2023-08-24T04:41:21.539+0000] {dag.py:3677} INFO - Setting next_dagrun for example_xcom_args to None, run_after=None
[2023-08-24T04:41:21.541+0000] {logging_mixin.py:151} INFO - [2023-08-24T04:41:21.541+0000] {dag.py:3677} INFO - Setting next_dagrun for example_xcom_args_with_operators to None, run_after=None
[2023-08-24T04:41:21.557+0000] {processor.py:179} INFO - Processing /usr/local/lib/python3.8/dist-packages/airflow/example_dags/example_xcomargs.py took 0.061 seconds
[2023-08-24T04:42:20.955+0000] {processor.py:157} INFO - Started process (PID=43570) to work on /usr/local/lib/python3.8/dist-packages/airflow/example_dags/example_xcomargs.py
[2023-08-24T04:42:20.957+0000] {processor.py:829} INFO - Processing file /usr/local/lib/python3.8/dist-packages/airflow/example_dags/example_xcomargs.py for tasks to queue
[2023-08-24T04:42:20.958+0000] {logging_mixin.py:151} INFO - [2023-08-24T04:42:20.957+0000] {dagbag.py:539} INFO - Filling up the DagBag from /usr/local/lib/python3.8/dist-packages/airflow/example_dags/example_xcomargs.py
[2023-08-24T04:42:20.966+0000] {processor.py:839} INFO - DAG(s) dict_keys(['example_xcom_args', 'example_xcom_args_with_operators']) retrieved from /usr/local/lib/python3.8/dist-packages/airflow/example_dags/example_xcomargs.py
[2023-08-24T04:42:20.984+0000] {logging_mixin.py:151} INFO - [2023-08-24T04:42:20.984+0000] {dag.py:2907} INFO - Sync 2 DAGs
[2023-08-24T04:42:20.995+0000] {logging_mixin.py:151} INFO - [2023-08-24T04:42:20.995+0000] {dag.py:3677} INFO - Setting next_dagrun for example_xcom_args to None, run_after=None
[2023-08-24T04:42:20.997+0000] {logging_mixin.py:151} INFO - [2023-08-24T04:42:20.997+0000] {dag.py:3677} INFO - Setting next_dagrun for example_xcom_args_with_operators to None, run_after=None
[2023-08-24T04:42:21.013+0000] {processor.py:179} INFO - Processing /usr/local/lib/python3.8/dist-packages/airflow/example_dags/example_xcomargs.py took 0.062 seconds
[2023-08-24T04:43:20.217+0000] {processor.py:157} INFO - Started process (PID=43757) to work on /usr/local/lib/python3.8/dist-packages/airflow/example_dags/example_xcomargs.py
[2023-08-24T04:43:20.219+0000] {processor.py:829} INFO - Processing file /usr/local/lib/python3.8/dist-packages/airflow/example_dags/example_xcomargs.py for tasks to queue
[2023-08-24T04:43:20.220+0000] {logging_mixin.py:151} INFO - [2023-08-24T04:43:20.219+0000] {dagbag.py:539} INFO - Filling up the DagBag from /usr/local/lib/python3.8/dist-packages/airflow/example_dags/example_xcomargs.py
[2023-08-24T04:43:20.229+0000] {processor.py:839} INFO - DAG(s) dict_keys(['example_xcom_args_with_operators', 'example_xcom_args']) retrieved from /usr/local/lib/python3.8/dist-packages/airflow/example_dags/example_xcomargs.py
[2023-08-24T04:43:20.246+0000] {logging_mixin.py:151} INFO - [2023-08-24T04:43:20.246+0000] {dag.py:2907} INFO - Sync 2 DAGs
[2023-08-24T04:43:20.257+0000] {logging_mixin.py:151} INFO - [2023-08-24T04:43:20.257+0000] {dag.py:3677} INFO - Setting next_dagrun for example_xcom_args to None, run_after=None
[2023-08-24T04:43:20.259+0000] {logging_mixin.py:151} INFO - [2023-08-24T04:43:20.259+0000] {dag.py:3677} INFO - Setting next_dagrun for example_xcom_args_with_operators to None, run_after=None
[2023-08-24T04:43:20.276+0000] {processor.py:179} INFO - Processing /usr/local/lib/python3.8/dist-packages/airflow/example_dags/example_xcomargs.py took 0.063 seconds
[2023-08-24T04:44:20.982+0000] {processor.py:157} INFO - Started process (PID=43943) to work on /usr/local/lib/python3.8/dist-packages/airflow/example_dags/example_xcomargs.py
[2023-08-24T04:44:20.984+0000] {processor.py:829} INFO - Processing file /usr/local/lib/python3.8/dist-packages/airflow/example_dags/example_xcomargs.py for tasks to queue
[2023-08-24T04:44:20.985+0000] {logging_mixin.py:151} INFO - [2023-08-24T04:44:20.984+0000] {dagbag.py:539} INFO - Filling up the DagBag from /usr/local/lib/python3.8/dist-packages/airflow/example_dags/example_xcomargs.py
[2023-08-24T04:44:20.994+0000] {processor.py:839} INFO - DAG(s) dict_keys(['example_xcom_args', 'example_xcom_args_with_operators']) retrieved from /usr/local/lib/python3.8/dist-packages/airflow/example_dags/example_xcomargs.py
[2023-08-24T04:44:21.011+0000] {logging_mixin.py:151} INFO - [2023-08-24T04:44:21.011+0000] {dag.py:2907} INFO - Sync 2 DAGs
[2023-08-24T04:44:21.022+0000] {logging_mixin.py:151} INFO - [2023-08-24T04:44:21.021+0000] {dag.py:3677} INFO - Setting next_dagrun for example_xcom_args to None, run_after=None
[2023-08-24T04:44:21.024+0000] {logging_mixin.py:151} INFO - [2023-08-24T04:44:21.024+0000] {dag.py:3677} INFO - Setting next_dagrun for example_xcom_args_with_operators to None, run_after=None
[2023-08-24T04:44:21.040+0000] {processor.py:179} INFO - Processing /usr/local/lib/python3.8/dist-packages/airflow/example_dags/example_xcomargs.py took 0.061 seconds
[2023-08-24T04:45:22.044+0000] {processor.py:157} INFO - Started process (PID=44126) to work on /usr/local/lib/python3.8/dist-packages/airflow/example_dags/example_xcomargs.py
[2023-08-24T04:45:22.048+0000] {processor.py:829} INFO - Processing file /usr/local/lib/python3.8/dist-packages/airflow/example_dags/example_xcomargs.py for tasks to queue
[2023-08-24T04:45:22.049+0000] {logging_mixin.py:151} INFO - [2023-08-24T04:45:22.048+0000] {dagbag.py:539} INFO - Filling up the DagBag from /usr/local/lib/python3.8/dist-packages/airflow/example_dags/example_xcomargs.py
[2023-08-24T04:45:22.058+0000] {processor.py:839} INFO - DAG(s) dict_keys(['example_xcom_args_with_operators', 'example_xcom_args']) retrieved from /usr/local/lib/python3.8/dist-packages/airflow/example_dags/example_xcomargs.py
[2023-08-24T04:45:22.076+0000] {logging_mixin.py:151} INFO - [2023-08-24T04:45:22.076+0000] {dag.py:2907} INFO - Sync 2 DAGs
[2023-08-24T04:45:22.087+0000] {logging_mixin.py:151} INFO - [2023-08-24T04:45:22.087+0000] {dag.py:3677} INFO - Setting next_dagrun for example_xcom_args to None, run_after=None
[2023-08-24T04:45:22.089+0000] {logging_mixin.py:151} INFO - [2023-08-24T04:45:22.089+0000] {dag.py:3677} INFO - Setting next_dagrun for example_xcom_args_with_operators to None, run_after=None
[2023-08-24T04:45:22.105+0000] {processor.py:179} INFO - Processing /usr/local/lib/python3.8/dist-packages/airflow/example_dags/example_xcomargs.py took 0.065 seconds
[2023-08-24T04:46:23.623+0000] {processor.py:157} INFO - Started process (PID=44309) to work on /usr/local/lib/python3.8/dist-packages/airflow/example_dags/example_xcomargs.py
[2023-08-24T04:46:23.626+0000] {processor.py:829} INFO - Processing file /usr/local/lib/python3.8/dist-packages/airflow/example_dags/example_xcomargs.py for tasks to queue
[2023-08-24T04:46:23.627+0000] {logging_mixin.py:151} INFO - [2023-08-24T04:46:23.627+0000] {dagbag.py:539} INFO - Filling up the DagBag from /usr/local/lib/python3.8/dist-packages/airflow/example_dags/example_xcomargs.py
[2023-08-24T04:46:23.636+0000] {processor.py:839} INFO - DAG(s) dict_keys(['example_xcom_args_with_operators', 'example_xcom_args']) retrieved from /usr/local/lib/python3.8/dist-packages/airflow/example_dags/example_xcomargs.py
[2023-08-24T04:46:23.654+0000] {logging_mixin.py:151} INFO - [2023-08-24T04:46:23.654+0000] {dag.py:2907} INFO - Sync 2 DAGs
[2023-08-24T04:46:23.665+0000] {logging_mixin.py:151} INFO - [2023-08-24T04:46:23.665+0000] {dag.py:3677} INFO - Setting next_dagrun for example_xcom_args to None, run_after=None
[2023-08-24T04:46:23.668+0000] {logging_mixin.py:151} INFO - [2023-08-24T04:46:23.667+0000] {dag.py:3677} INFO - Setting next_dagrun for example_xcom_args_with_operators to None, run_after=None
[2023-08-24T04:46:23.685+0000] {processor.py:179} INFO - Processing /usr/local/lib/python3.8/dist-packages/airflow/example_dags/example_xcomargs.py took 0.066 seconds
[2023-08-24T04:47:27.161+0000] {processor.py:157} INFO - Started process (PID=44492) to work on /usr/local/lib/python3.8/dist-packages/airflow/example_dags/example_xcomargs.py
[2023-08-24T04:47:27.162+0000] {processor.py:829} INFO - Processing file /usr/local/lib/python3.8/dist-packages/airflow/example_dags/example_xcomargs.py for tasks to queue
[2023-08-24T04:47:27.163+0000] {logging_mixin.py:151} INFO - [2023-08-24T04:47:27.163+0000] {dagbag.py:539} INFO - Filling up the DagBag from /usr/local/lib/python3.8/dist-packages/airflow/example_dags/example_xcomargs.py
[2023-08-24T04:47:27.172+0000] {processor.py:839} INFO - DAG(s) dict_keys(['example_xcom_args_with_operators', 'example_xcom_args']) retrieved from /usr/local/lib/python3.8/dist-packages/airflow/example_dags/example_xcomargs.py
[2023-08-24T04:47:27.190+0000] {logging_mixin.py:151} INFO - [2023-08-24T04:47:27.190+0000] {dag.py:2907} INFO - Sync 2 DAGs
[2023-08-24T04:47:27.201+0000] {logging_mixin.py:151} INFO - [2023-08-24T04:47:27.201+0000] {dag.py:3677} INFO - Setting next_dagrun for example_xcom_args to None, run_after=None
[2023-08-24T04:47:27.203+0000] {logging_mixin.py:151} INFO - [2023-08-24T04:47:27.203+0000] {dag.py:3677} INFO - Setting next_dagrun for example_xcom_args_with_operators to None, run_after=None
[2023-08-24T04:47:27.220+0000] {processor.py:179} INFO - Processing /usr/local/lib/python3.8/dist-packages/airflow/example_dags/example_xcomargs.py took 0.063 seconds
[2023-08-24T04:48:27.489+0000] {processor.py:157} INFO - Started process (PID=44676) to work on /usr/local/lib/python3.8/dist-packages/airflow/example_dags/example_xcomargs.py
[2023-08-24T04:48:27.491+0000] {processor.py:829} INFO - Processing file /usr/local/lib/python3.8/dist-packages/airflow/example_dags/example_xcomargs.py for tasks to queue
[2023-08-24T04:48:27.492+0000] {logging_mixin.py:151} INFO - [2023-08-24T04:48:27.491+0000] {dagbag.py:539} INFO - Filling up the DagBag from /usr/local/lib/python3.8/dist-packages/airflow/example_dags/example_xcomargs.py
[2023-08-24T04:48:27.500+0000] {processor.py:839} INFO - DAG(s) dict_keys(['example_xcom_args', 'example_xcom_args_with_operators']) retrieved from /usr/local/lib/python3.8/dist-packages/airflow/example_dags/example_xcomargs.py
[2023-08-24T04:48:27.519+0000] {logging_mixin.py:151} INFO - [2023-08-24T04:48:27.519+0000] {dag.py:2907} INFO - Sync 2 DAGs
[2023-08-24T04:48:27.530+0000] {logging_mixin.py:151} INFO - [2023-08-24T04:48:27.530+0000] {dag.py:3677} INFO - Setting next_dagrun for example_xcom_args to None, run_after=None
[2023-08-24T04:48:27.532+0000] {logging_mixin.py:151} INFO - [2023-08-24T04:48:27.532+0000] {dag.py:3677} INFO - Setting next_dagrun for example_xcom_args_with_operators to None, run_after=None
[2023-08-24T04:48:27.549+0000] {processor.py:179} INFO - Processing /usr/local/lib/python3.8/dist-packages/airflow/example_dags/example_xcomargs.py took 0.063 seconds
[2023-08-24T04:49:29.822+0000] {processor.py:157} INFO - Started process (PID=44860) to work on /usr/local/lib/python3.8/dist-packages/airflow/example_dags/example_xcomargs.py
[2023-08-24T04:49:29.824+0000] {processor.py:829} INFO - Processing file /usr/local/lib/python3.8/dist-packages/airflow/example_dags/example_xcomargs.py for tasks to queue
[2023-08-24T04:49:29.824+0000] {logging_mixin.py:151} INFO - [2023-08-24T04:49:29.824+0000] {dagbag.py:539} INFO - Filling up the DagBag from /usr/local/lib/python3.8/dist-packages/airflow/example_dags/example_xcomargs.py
[2023-08-24T04:49:29.833+0000] {processor.py:839} INFO - DAG(s) dict_keys(['example_xcom_args_with_operators', 'example_xcom_args']) retrieved from /usr/local/lib/python3.8/dist-packages/airflow/example_dags/example_xcomargs.py
[2023-08-24T04:49:29.851+0000] {logging_mixin.py:151} INFO - [2023-08-24T04:49:29.851+0000] {dag.py:2907} INFO - Sync 2 DAGs
[2023-08-24T04:49:29.863+0000] {logging_mixin.py:151} INFO - [2023-08-24T04:49:29.862+0000] {dag.py:3677} INFO - Setting next_dagrun for example_xcom_args to None, run_after=None
[2023-08-24T04:49:29.865+0000] {logging_mixin.py:151} INFO - [2023-08-24T04:49:29.865+0000] {dag.py:3677} INFO - Setting next_dagrun for example_xcom_args_with_operators to None, run_after=None
[2023-08-24T04:49:29.881+0000] {processor.py:179} INFO - Processing /usr/local/lib/python3.8/dist-packages/airflow/example_dags/example_xcomargs.py took 0.063 seconds
[2023-08-24T04:50:26.958+0000] {processor.py:157} INFO - Started process (PID=45044) to work on /usr/local/lib/python3.8/dist-packages/airflow/example_dags/example_xcomargs.py
[2023-08-24T04:50:26.960+0000] {processor.py:829} INFO - Processing file /usr/local/lib/python3.8/dist-packages/airflow/example_dags/example_xcomargs.py for tasks to queue
[2023-08-24T04:50:26.961+0000] {logging_mixin.py:151} INFO - [2023-08-24T04:50:26.961+0000] {dagbag.py:539} INFO - Filling up the DagBag from /usr/local/lib/python3.8/dist-packages/airflow/example_dags/example_xcomargs.py
[2023-08-24T04:50:26.970+0000] {processor.py:839} INFO - DAG(s) dict_keys(['example_xcom_args', 'example_xcom_args_with_operators']) retrieved from /usr/local/lib/python3.8/dist-packages/airflow/example_dags/example_xcomargs.py
[2023-08-24T04:50:26.988+0000] {logging_mixin.py:151} INFO - [2023-08-24T04:50:26.988+0000] {dag.py:2907} INFO - Sync 2 DAGs
[2023-08-24T04:50:26.999+0000] {logging_mixin.py:151} INFO - [2023-08-24T04:50:26.998+0000] {dag.py:3677} INFO - Setting next_dagrun for example_xcom_args to None, run_after=None
[2023-08-24T04:50:27.001+0000] {logging_mixin.py:151} INFO - [2023-08-24T04:50:27.001+0000] {dag.py:3677} INFO - Setting next_dagrun for example_xcom_args_with_operators to None, run_after=None
[2023-08-24T04:50:27.018+0000] {processor.py:179} INFO - Processing /usr/local/lib/python3.8/dist-packages/airflow/example_dags/example_xcomargs.py took 0.063 seconds
[2023-08-24T04:51:27.657+0000] {processor.py:157} INFO - Started process (PID=45226) to work on /usr/local/lib/python3.8/dist-packages/airflow/example_dags/example_xcomargs.py
[2023-08-24T04:51:27.658+0000] {processor.py:829} INFO - Processing file /usr/local/lib/python3.8/dist-packages/airflow/example_dags/example_xcomargs.py for tasks to queue
[2023-08-24T04:51:27.659+0000] {logging_mixin.py:151} INFO - [2023-08-24T04:51:27.659+0000] {dagbag.py:539} INFO - Filling up the DagBag from /usr/local/lib/python3.8/dist-packages/airflow/example_dags/example_xcomargs.py
[2023-08-24T04:51:27.668+0000] {processor.py:839} INFO - DAG(s) dict_keys(['example_xcom_args_with_operators', 'example_xcom_args']) retrieved from /usr/local/lib/python3.8/dist-packages/airflow/example_dags/example_xcomargs.py
[2023-08-24T04:51:27.685+0000] {logging_mixin.py:151} INFO - [2023-08-24T04:51:27.685+0000] {dag.py:2907} INFO - Sync 2 DAGs
[2023-08-24T04:51:27.696+0000] {logging_mixin.py:151} INFO - [2023-08-24T04:51:27.696+0000] {dag.py:3677} INFO - Setting next_dagrun for example_xcom_args to None, run_after=None
[2023-08-24T04:51:27.698+0000] {logging_mixin.py:151} INFO - [2023-08-24T04:51:27.698+0000] {dag.py:3677} INFO - Setting next_dagrun for example_xcom_args_with_operators to None, run_after=None
[2023-08-24T04:51:27.714+0000] {processor.py:179} INFO - Processing /usr/local/lib/python3.8/dist-packages/airflow/example_dags/example_xcomargs.py took 0.061 seconds
[2023-08-24T04:52:29.865+0000] {processor.py:157} INFO - Started process (PID=45409) to work on /usr/local/lib/python3.8/dist-packages/airflow/example_dags/example_xcomargs.py
[2023-08-24T04:52:29.867+0000] {processor.py:829} INFO - Processing file /usr/local/lib/python3.8/dist-packages/airflow/example_dags/example_xcomargs.py for tasks to queue
[2023-08-24T04:52:29.868+0000] {logging_mixin.py:151} INFO - [2023-08-24T04:52:29.868+0000] {dagbag.py:539} INFO - Filling up the DagBag from /usr/local/lib/python3.8/dist-packages/airflow/example_dags/example_xcomargs.py
[2023-08-24T04:52:29.877+0000] {processor.py:839} INFO - DAG(s) dict_keys(['example_xcom_args_with_operators', 'example_xcom_args']) retrieved from /usr/local/lib/python3.8/dist-packages/airflow/example_dags/example_xcomargs.py
[2023-08-24T04:52:29.894+0000] {logging_mixin.py:151} INFO - [2023-08-24T04:52:29.894+0000] {dag.py:2907} INFO - Sync 2 DAGs
[2023-08-24T04:52:29.904+0000] {logging_mixin.py:151} INFO - [2023-08-24T04:52:29.904+0000] {dag.py:3677} INFO - Setting next_dagrun for example_xcom_args to None, run_after=None
[2023-08-24T04:52:29.906+0000] {logging_mixin.py:151} INFO - [2023-08-24T04:52:29.906+0000] {dag.py:3677} INFO - Setting next_dagrun for example_xcom_args_with_operators to None, run_after=None
[2023-08-24T04:52:29.923+0000] {processor.py:179} INFO - Processing /usr/local/lib/python3.8/dist-packages/airflow/example_dags/example_xcomargs.py took 0.061 seconds
[2023-08-24T04:53:31.708+0000] {processor.py:157} INFO - Started process (PID=45598) to work on /usr/local/lib/python3.8/dist-packages/airflow/example_dags/example_xcomargs.py
[2023-08-24T04:53:31.711+0000] {processor.py:829} INFO - Processing file /usr/local/lib/python3.8/dist-packages/airflow/example_dags/example_xcomargs.py for tasks to queue
[2023-08-24T04:53:31.711+0000] {logging_mixin.py:151} INFO - [2023-08-24T04:53:31.711+0000] {dagbag.py:539} INFO - Filling up the DagBag from /usr/local/lib/python3.8/dist-packages/airflow/example_dags/example_xcomargs.py
[2023-08-24T04:53:31.720+0000] {processor.py:839} INFO - DAG(s) dict_keys(['example_xcom_args', 'example_xcom_args_with_operators']) retrieved from /usr/local/lib/python3.8/dist-packages/airflow/example_dags/example_xcomargs.py
[2023-08-24T04:53:31.738+0000] {logging_mixin.py:151} INFO - [2023-08-24T04:53:31.737+0000] {dag.py:2907} INFO - Sync 2 DAGs
[2023-08-24T04:53:31.748+0000] {logging_mixin.py:151} INFO - [2023-08-24T04:53:31.748+0000] {dag.py:3677} INFO - Setting next_dagrun for example_xcom_args to None, run_after=None
[2023-08-24T04:53:31.750+0000] {logging_mixin.py:151} INFO - [2023-08-24T04:53:31.750+0000] {dag.py:3677} INFO - Setting next_dagrun for example_xcom_args_with_operators to None, run_after=None
[2023-08-24T04:53:31.766+0000] {processor.py:179} INFO - Processing /usr/local/lib/python3.8/dist-packages/airflow/example_dags/example_xcomargs.py took 0.062 seconds
[2023-08-24T04:54:32.674+0000] {processor.py:157} INFO - Started process (PID=45781) to work on /usr/local/lib/python3.8/dist-packages/airflow/example_dags/example_xcomargs.py
[2023-08-24T04:54:32.678+0000] {processor.py:829} INFO - Processing file /usr/local/lib/python3.8/dist-packages/airflow/example_dags/example_xcomargs.py for tasks to queue
[2023-08-24T04:54:32.678+0000] {logging_mixin.py:151} INFO - [2023-08-24T04:54:32.678+0000] {dagbag.py:539} INFO - Filling up the DagBag from /usr/local/lib/python3.8/dist-packages/airflow/example_dags/example_xcomargs.py
[2023-08-24T04:54:32.687+0000] {processor.py:839} INFO - DAG(s) dict_keys(['example_xcom_args', 'example_xcom_args_with_operators']) retrieved from /usr/local/lib/python3.8/dist-packages/airflow/example_dags/example_xcomargs.py
[2023-08-24T04:54:32.705+0000] {logging_mixin.py:151} INFO - [2023-08-24T04:54:32.705+0000] {dag.py:2907} INFO - Sync 2 DAGs
[2023-08-24T04:54:32.716+0000] {logging_mixin.py:151} INFO - [2023-08-24T04:54:32.716+0000] {dag.py:3677} INFO - Setting next_dagrun for example_xcom_args to None, run_after=None
[2023-08-24T04:54:32.718+0000] {logging_mixin.py:151} INFO - [2023-08-24T04:54:32.718+0000] {dag.py:3677} INFO - Setting next_dagrun for example_xcom_args_with_operators to None, run_after=None
[2023-08-24T04:54:32.735+0000] {processor.py:179} INFO - Processing /usr/local/lib/python3.8/dist-packages/airflow/example_dags/example_xcomargs.py took 0.064 seconds
[2023-08-24T04:55:32.014+0000] {processor.py:157} INFO - Started process (PID=45964) to work on /usr/local/lib/python3.8/dist-packages/airflow/example_dags/example_xcomargs.py
[2023-08-24T04:55:32.016+0000] {processor.py:829} INFO - Processing file /usr/local/lib/python3.8/dist-packages/airflow/example_dags/example_xcomargs.py for tasks to queue
[2023-08-24T04:55:32.017+0000] {logging_mixin.py:151} INFO - [2023-08-24T04:55:32.016+0000] {dagbag.py:539} INFO - Filling up the DagBag from /usr/local/lib/python3.8/dist-packages/airflow/example_dags/example_xcomargs.py
[2023-08-24T04:55:32.025+0000] {processor.py:839} INFO - DAG(s) dict_keys(['example_xcom_args_with_operators', 'example_xcom_args']) retrieved from /usr/local/lib/python3.8/dist-packages/airflow/example_dags/example_xcomargs.py
[2023-08-24T04:55:32.043+0000] {logging_mixin.py:151} INFO - [2023-08-24T04:55:32.043+0000] {dag.py:2907} INFO - Sync 2 DAGs
[2023-08-24T04:55:32.054+0000] {logging_mixin.py:151} INFO - [2023-08-24T04:55:32.054+0000] {dag.py:3677} INFO - Setting next_dagrun for example_xcom_args to None, run_after=None
[2023-08-24T04:55:32.056+0000] {logging_mixin.py:151} INFO - [2023-08-24T04:55:32.056+0000] {dag.py:3677} INFO - Setting next_dagrun for example_xcom_args_with_operators to None, run_after=None
[2023-08-24T04:55:32.074+0000] {processor.py:179} INFO - Processing /usr/local/lib/python3.8/dist-packages/airflow/example_dags/example_xcomargs.py took 0.064 seconds
[2023-08-24T04:56:37.632+0000] {processor.py:157} INFO - Started process (PID=46152) to work on /usr/local/lib/python3.8/dist-packages/airflow/example_dags/example_xcomargs.py
[2023-08-24T04:56:37.634+0000] {processor.py:829} INFO - Processing file /usr/local/lib/python3.8/dist-packages/airflow/example_dags/example_xcomargs.py for tasks to queue
[2023-08-24T04:56:37.634+0000] {logging_mixin.py:151} INFO - [2023-08-24T04:56:37.634+0000] {dagbag.py:539} INFO - Filling up the DagBag from /usr/local/lib/python3.8/dist-packages/airflow/example_dags/example_xcomargs.py
[2023-08-24T04:56:37.643+0000] {processor.py:839} INFO - DAG(s) dict_keys(['example_xcom_args_with_operators', 'example_xcom_args']) retrieved from /usr/local/lib/python3.8/dist-packages/airflow/example_dags/example_xcomargs.py
[2023-08-24T04:56:37.661+0000] {logging_mixin.py:151} INFO - [2023-08-24T04:56:37.661+0000] {dag.py:2907} INFO - Sync 2 DAGs
[2023-08-24T04:56:37.672+0000] {logging_mixin.py:151} INFO - [2023-08-24T04:56:37.672+0000] {dag.py:3677} INFO - Setting next_dagrun for example_xcom_args to None, run_after=None
[2023-08-24T04:56:37.675+0000] {logging_mixin.py:151} INFO - [2023-08-24T04:56:37.675+0000] {dag.py:3677} INFO - Setting next_dagrun for example_xcom_args_with_operators to None, run_after=None
[2023-08-24T04:56:37.692+0000] {processor.py:179} INFO - Processing /usr/local/lib/python3.8/dist-packages/airflow/example_dags/example_xcomargs.py took 0.064 seconds
[2023-08-24T04:57:41.120+0000] {processor.py:157} INFO - Started process (PID=46348) to work on /usr/local/lib/python3.8/dist-packages/airflow/example_dags/example_xcomargs.py
[2023-08-24T04:57:41.122+0000] {processor.py:829} INFO - Processing file /usr/local/lib/python3.8/dist-packages/airflow/example_dags/example_xcomargs.py for tasks to queue
[2023-08-24T04:57:41.123+0000] {logging_mixin.py:151} INFO - [2023-08-24T04:57:41.123+0000] {dagbag.py:539} INFO - Filling up the DagBag from /usr/local/lib/python3.8/dist-packages/airflow/example_dags/example_xcomargs.py
[2023-08-24T04:57:41.132+0000] {processor.py:839} INFO - DAG(s) dict_keys(['example_xcom_args', 'example_xcom_args_with_operators']) retrieved from /usr/local/lib/python3.8/dist-packages/airflow/example_dags/example_xcomargs.py
[2023-08-24T04:57:41.151+0000] {logging_mixin.py:151} INFO - [2023-08-24T04:57:41.150+0000] {dag.py:2907} INFO - Sync 2 DAGs
[2023-08-24T04:57:41.281+0000] {logging_mixin.py:151} INFO - [2023-08-24T04:57:41.281+0000] {dag.py:3677} INFO - Setting next_dagrun for example_xcom_args to None, run_after=None
[2023-08-24T04:57:41.284+0000] {logging_mixin.py:151} INFO - [2023-08-24T04:57:41.284+0000] {dag.py:3677} INFO - Setting next_dagrun for example_xcom_args_with_operators to None, run_after=None
[2023-08-24T04:57:41.299+0000] {processor.py:179} INFO - Processing /usr/local/lib/python3.8/dist-packages/airflow/example_dags/example_xcomargs.py took 0.183 seconds
[2023-08-24T04:58:43.234+0000] {processor.py:157} INFO - Started process (PID=46532) to work on /usr/local/lib/python3.8/dist-packages/airflow/example_dags/example_xcomargs.py
[2023-08-24T04:58:43.236+0000] {processor.py:829} INFO - Processing file /usr/local/lib/python3.8/dist-packages/airflow/example_dags/example_xcomargs.py for tasks to queue
[2023-08-24T04:58:43.237+0000] {logging_mixin.py:151} INFO - [2023-08-24T04:58:43.236+0000] {dagbag.py:539} INFO - Filling up the DagBag from /usr/local/lib/python3.8/dist-packages/airflow/example_dags/example_xcomargs.py
[2023-08-24T04:58:43.245+0000] {processor.py:839} INFO - DAG(s) dict_keys(['example_xcom_args_with_operators', 'example_xcom_args']) retrieved from /usr/local/lib/python3.8/dist-packages/airflow/example_dags/example_xcomargs.py
[2023-08-24T04:58:43.263+0000] {logging_mixin.py:151} INFO - [2023-08-24T04:58:43.263+0000] {dag.py:2907} INFO - Sync 2 DAGs
[2023-08-24T04:58:43.274+0000] {logging_mixin.py:151} INFO - [2023-08-24T04:58:43.274+0000] {dag.py:3677} INFO - Setting next_dagrun for example_xcom_args to None, run_after=None
[2023-08-24T04:58:43.276+0000] {logging_mixin.py:151} INFO - [2023-08-24T04:58:43.276+0000] {dag.py:3677} INFO - Setting next_dagrun for example_xcom_args_with_operators to None, run_after=None
[2023-08-24T04:58:43.293+0000] {processor.py:179} INFO - Processing /usr/local/lib/python3.8/dist-packages/airflow/example_dags/example_xcomargs.py took 0.062 seconds
[2023-08-24T04:59:47.484+0000] {processor.py:157} INFO - Started process (PID=46715) to work on /usr/local/lib/python3.8/dist-packages/airflow/example_dags/example_xcomargs.py
[2023-08-24T04:59:47.488+0000] {processor.py:829} INFO - Processing file /usr/local/lib/python3.8/dist-packages/airflow/example_dags/example_xcomargs.py for tasks to queue
[2023-08-24T04:59:47.489+0000] {logging_mixin.py:151} INFO - [2023-08-24T04:59:47.488+0000] {dagbag.py:539} INFO - Filling up the DagBag from /usr/local/lib/python3.8/dist-packages/airflow/example_dags/example_xcomargs.py
[2023-08-24T04:59:47.498+0000] {processor.py:839} INFO - DAG(s) dict_keys(['example_xcom_args_with_operators', 'example_xcom_args']) retrieved from /usr/local/lib/python3.8/dist-packages/airflow/example_dags/example_xcomargs.py
[2023-08-24T04:59:47.516+0000] {logging_mixin.py:151} INFO - [2023-08-24T04:59:47.515+0000] {dag.py:2907} INFO - Sync 2 DAGs
[2023-08-24T04:59:47.527+0000] {logging_mixin.py:151} INFO - [2023-08-24T04:59:47.527+0000] {dag.py:3677} INFO - Setting next_dagrun for example_xcom_args to None, run_after=None
[2023-08-24T04:59:47.529+0000] {logging_mixin.py:151} INFO - [2023-08-24T04:59:47.529+0000] {dag.py:3677} INFO - Setting next_dagrun for example_xcom_args_with_operators to None, run_after=None
[2023-08-24T04:59:47.547+0000] {processor.py:179} INFO - Processing /usr/local/lib/python3.8/dist-packages/airflow/example_dags/example_xcomargs.py took 0.066 seconds
[2023-08-24T05:00:46.564+0000] {processor.py:157} INFO - Started process (PID=46900) to work on /usr/local/lib/python3.8/dist-packages/airflow/example_dags/example_xcomargs.py
[2023-08-24T05:00:46.565+0000] {processor.py:829} INFO - Processing file /usr/local/lib/python3.8/dist-packages/airflow/example_dags/example_xcomargs.py for tasks to queue
[2023-08-24T05:00:46.566+0000] {logging_mixin.py:151} INFO - [2023-08-24T05:00:46.566+0000] {dagbag.py:539} INFO - Filling up the DagBag from /usr/local/lib/python3.8/dist-packages/airflow/example_dags/example_xcomargs.py
[2023-08-24T05:00:46.577+0000] {processor.py:839} INFO - DAG(s) dict_keys(['example_xcom_args', 'example_xcom_args_with_operators']) retrieved from /usr/local/lib/python3.8/dist-packages/airflow/example_dags/example_xcomargs.py
[2023-08-24T05:00:46.596+0000] {logging_mixin.py:151} INFO - [2023-08-24T05:00:46.596+0000] {dag.py:2907} INFO - Sync 2 DAGs
[2023-08-24T05:00:46.608+0000] {logging_mixin.py:151} INFO - [2023-08-24T05:00:46.608+0000] {dag.py:3677} INFO - Setting next_dagrun for example_xcom_args to None, run_after=None
[2023-08-24T05:00:46.611+0000] {logging_mixin.py:151} INFO - [2023-08-24T05:00:46.611+0000] {dag.py:3677} INFO - Setting next_dagrun for example_xcom_args_with_operators to None, run_after=None
[2023-08-24T05:00:46.628+0000] {processor.py:179} INFO - Processing /usr/local/lib/python3.8/dist-packages/airflow/example_dags/example_xcomargs.py took 0.068 seconds
[2023-08-24T05:01:45.672+0000] {processor.py:157} INFO - Started process (PID=47098) to work on /usr/local/lib/python3.8/dist-packages/airflow/example_dags/example_xcomargs.py
[2023-08-24T05:01:45.673+0000] {processor.py:829} INFO - Processing file /usr/local/lib/python3.8/dist-packages/airflow/example_dags/example_xcomargs.py for tasks to queue
[2023-08-24T05:01:45.674+0000] {logging_mixin.py:151} INFO - [2023-08-24T05:01:45.673+0000] {dagbag.py:539} INFO - Filling up the DagBag from /usr/local/lib/python3.8/dist-packages/airflow/example_dags/example_xcomargs.py
[2023-08-24T05:01:45.683+0000] {processor.py:839} INFO - DAG(s) dict_keys(['example_xcom_args', 'example_xcom_args_with_operators']) retrieved from /usr/local/lib/python3.8/dist-packages/airflow/example_dags/example_xcomargs.py
[2023-08-24T05:01:45.701+0000] {logging_mixin.py:151} INFO - [2023-08-24T05:01:45.701+0000] {dag.py:2907} INFO - Sync 2 DAGs
[2023-08-24T05:01:45.711+0000] {logging_mixin.py:151} INFO - [2023-08-24T05:01:45.711+0000] {dag.py:3677} INFO - Setting next_dagrun for example_xcom_args to None, run_after=None
[2023-08-24T05:01:45.714+0000] {logging_mixin.py:151} INFO - [2023-08-24T05:01:45.714+0000] {dag.py:3677} INFO - Setting next_dagrun for example_xcom_args_with_operators to None, run_after=None
[2023-08-24T05:01:45.730+0000] {processor.py:179} INFO - Processing /usr/local/lib/python3.8/dist-packages/airflow/example_dags/example_xcomargs.py took 0.062 seconds
[2023-08-24T05:02:46.390+0000] {processor.py:157} INFO - Started process (PID=47282) to work on /usr/local/lib/python3.8/dist-packages/airflow/example_dags/example_xcomargs.py
[2023-08-24T05:02:46.393+0000] {processor.py:829} INFO - Processing file /usr/local/lib/python3.8/dist-packages/airflow/example_dags/example_xcomargs.py for tasks to queue
[2023-08-24T05:02:46.394+0000] {logging_mixin.py:151} INFO - [2023-08-24T05:02:46.393+0000] {dagbag.py:539} INFO - Filling up the DagBag from /usr/local/lib/python3.8/dist-packages/airflow/example_dags/example_xcomargs.py
[2023-08-24T05:02:46.403+0000] {processor.py:839} INFO - DAG(s) dict_keys(['example_xcom_args', 'example_xcom_args_with_operators']) retrieved from /usr/local/lib/python3.8/dist-packages/airflow/example_dags/example_xcomargs.py
[2023-08-24T05:02:46.420+0000] {logging_mixin.py:151} INFO - [2023-08-24T05:02:46.420+0000] {dag.py:2907} INFO - Sync 2 DAGs
[2023-08-24T05:02:46.431+0000] {logging_mixin.py:151} INFO - [2023-08-24T05:02:46.431+0000] {dag.py:3677} INFO - Setting next_dagrun for example_xcom_args to None, run_after=None
[2023-08-24T05:02:46.433+0000] {logging_mixin.py:151} INFO - [2023-08-24T05:02:46.433+0000] {dag.py:3677} INFO - Setting next_dagrun for example_xcom_args_with_operators to None, run_after=None
[2023-08-24T05:02:46.450+0000] {processor.py:179} INFO - Processing /usr/local/lib/python3.8/dist-packages/airflow/example_dags/example_xcomargs.py took 0.063 seconds
[2023-08-24T05:03:47.197+0000] {processor.py:157} INFO - Started process (PID=47471) to work on /usr/local/lib/python3.8/dist-packages/airflow/example_dags/example_xcomargs.py
[2023-08-24T05:03:47.199+0000] {processor.py:829} INFO - Processing file /usr/local/lib/python3.8/dist-packages/airflow/example_dags/example_xcomargs.py for tasks to queue
[2023-08-24T05:03:47.199+0000] {logging_mixin.py:151} INFO - [2023-08-24T05:03:47.199+0000] {dagbag.py:539} INFO - Filling up the DagBag from /usr/local/lib/python3.8/dist-packages/airflow/example_dags/example_xcomargs.py
[2023-08-24T05:03:47.208+0000] {processor.py:839} INFO - DAG(s) dict_keys(['example_xcom_args', 'example_xcom_args_with_operators']) retrieved from /usr/local/lib/python3.8/dist-packages/airflow/example_dags/example_xcomargs.py
[2023-08-24T05:03:47.226+0000] {logging_mixin.py:151} INFO - [2023-08-24T05:03:47.226+0000] {dag.py:2907} INFO - Sync 2 DAGs
[2023-08-24T05:03:47.236+0000] {logging_mixin.py:151} INFO - [2023-08-24T05:03:47.236+0000] {dag.py:3677} INFO - Setting next_dagrun for example_xcom_args to None, run_after=None
[2023-08-24T05:03:47.238+0000] {logging_mixin.py:151} INFO - [2023-08-24T05:03:47.238+0000] {dag.py:3677} INFO - Setting next_dagrun for example_xcom_args_with_operators to None, run_after=None
[2023-08-24T05:03:47.255+0000] {processor.py:179} INFO - Processing /usr/local/lib/python3.8/dist-packages/airflow/example_dags/example_xcomargs.py took 0.061 seconds
[2023-08-24T05:04:45.061+0000] {processor.py:157} INFO - Started process (PID=47653) to work on /usr/local/lib/python3.8/dist-packages/airflow/example_dags/example_xcomargs.py
[2023-08-24T05:04:45.063+0000] {processor.py:829} INFO - Processing file /usr/local/lib/python3.8/dist-packages/airflow/example_dags/example_xcomargs.py for tasks to queue
[2023-08-24T05:04:45.063+0000] {logging_mixin.py:151} INFO - [2023-08-24T05:04:45.063+0000] {dagbag.py:539} INFO - Filling up the DagBag from /usr/local/lib/python3.8/dist-packages/airflow/example_dags/example_xcomargs.py
[2023-08-24T05:04:45.072+0000] {processor.py:839} INFO - DAG(s) dict_keys(['example_xcom_args', 'example_xcom_args_with_operators']) retrieved from /usr/local/lib/python3.8/dist-packages/airflow/example_dags/example_xcomargs.py
[2023-08-24T05:04:45.090+0000] {logging_mixin.py:151} INFO - [2023-08-24T05:04:45.090+0000] {dag.py:2907} INFO - Sync 2 DAGs
[2023-08-24T05:04:45.100+0000] {logging_mixin.py:151} INFO - [2023-08-24T05:04:45.100+0000] {dag.py:3677} INFO - Setting next_dagrun for example_xcom_args to None, run_after=None
[2023-08-24T05:04:45.103+0000] {logging_mixin.py:151} INFO - [2023-08-24T05:04:45.103+0000] {dag.py:3677} INFO - Setting next_dagrun for example_xcom_args_with_operators to None, run_after=None
[2023-08-24T05:04:45.119+0000] {processor.py:179} INFO - Processing /usr/local/lib/python3.8/dist-packages/airflow/example_dags/example_xcomargs.py took 0.061 seconds
[2023-08-24T05:05:44.049+0000] {processor.py:157} INFO - Started process (PID=47849) to work on /usr/local/lib/python3.8/dist-packages/airflow/example_dags/example_xcomargs.py
[2023-08-24T05:05:44.051+0000] {processor.py:829} INFO - Processing file /usr/local/lib/python3.8/dist-packages/airflow/example_dags/example_xcomargs.py for tasks to queue
[2023-08-24T05:05:44.052+0000] {logging_mixin.py:151} INFO - [2023-08-24T05:05:44.051+0000] {dagbag.py:539} INFO - Filling up the DagBag from /usr/local/lib/python3.8/dist-packages/airflow/example_dags/example_xcomargs.py
[2023-08-24T05:05:44.061+0000] {processor.py:839} INFO - DAG(s) dict_keys(['example_xcom_args', 'example_xcom_args_with_operators']) retrieved from /usr/local/lib/python3.8/dist-packages/airflow/example_dags/example_xcomargs.py
[2023-08-24T05:05:44.078+0000] {logging_mixin.py:151} INFO - [2023-08-24T05:05:44.078+0000] {dag.py:2907} INFO - Sync 2 DAGs
[2023-08-24T05:05:44.089+0000] {logging_mixin.py:151} INFO - [2023-08-24T05:05:44.089+0000] {dag.py:3677} INFO - Setting next_dagrun for example_xcom_args to None, run_after=None
[2023-08-24T05:05:44.091+0000] {logging_mixin.py:151} INFO - [2023-08-24T05:05:44.091+0000] {dag.py:3677} INFO - Setting next_dagrun for example_xcom_args_with_operators to None, run_after=None
[2023-08-24T05:05:44.107+0000] {processor.py:179} INFO - Processing /usr/local/lib/python3.8/dist-packages/airflow/example_dags/example_xcomargs.py took 0.061 seconds
[2023-08-24T05:06:41.793+0000] {processor.py:157} INFO - Started process (PID=48045) to work on /usr/local/lib/python3.8/dist-packages/airflow/example_dags/example_xcomargs.py
[2023-08-24T05:06:41.795+0000] {processor.py:829} INFO - Processing file /usr/local/lib/python3.8/dist-packages/airflow/example_dags/example_xcomargs.py for tasks to queue
[2023-08-24T05:06:41.796+0000] {logging_mixin.py:151} INFO - [2023-08-24T05:06:41.795+0000] {dagbag.py:539} INFO - Filling up the DagBag from /usr/local/lib/python3.8/dist-packages/airflow/example_dags/example_xcomargs.py
[2023-08-24T05:06:41.805+0000] {processor.py:839} INFO - DAG(s) dict_keys(['example_xcom_args', 'example_xcom_args_with_operators']) retrieved from /usr/local/lib/python3.8/dist-packages/airflow/example_dags/example_xcomargs.py
[2023-08-24T05:06:41.823+0000] {logging_mixin.py:151} INFO - [2023-08-24T05:06:41.823+0000] {dag.py:2907} INFO - Sync 2 DAGs
[2023-08-24T05:06:41.835+0000] {logging_mixin.py:151} INFO - [2023-08-24T05:06:41.835+0000] {dag.py:3677} INFO - Setting next_dagrun for example_xcom_args to None, run_after=None
[2023-08-24T05:06:41.839+0000] {logging_mixin.py:151} INFO - [2023-08-24T05:06:41.839+0000] {dag.py:3677} INFO - Setting next_dagrun for example_xcom_args_with_operators to None, run_after=None
[2023-08-24T05:06:41.856+0000] {processor.py:179} INFO - Processing /usr/local/lib/python3.8/dist-packages/airflow/example_dags/example_xcomargs.py took 0.066 seconds
[2023-08-24T05:07:42.224+0000] {processor.py:157} INFO - Started process (PID=48231) to work on /usr/local/lib/python3.8/dist-packages/airflow/example_dags/example_xcomargs.py
[2023-08-24T05:07:42.225+0000] {processor.py:829} INFO - Processing file /usr/local/lib/python3.8/dist-packages/airflow/example_dags/example_xcomargs.py for tasks to queue
[2023-08-24T05:07:42.226+0000] {logging_mixin.py:151} INFO - [2023-08-24T05:07:42.226+0000] {dagbag.py:539} INFO - Filling up the DagBag from /usr/local/lib/python3.8/dist-packages/airflow/example_dags/example_xcomargs.py
[2023-08-24T05:07:42.235+0000] {processor.py:839} INFO - DAG(s) dict_keys(['example_xcom_args_with_operators', 'example_xcom_args']) retrieved from /usr/local/lib/python3.8/dist-packages/airflow/example_dags/example_xcomargs.py
[2023-08-24T05:07:42.253+0000] {logging_mixin.py:151} INFO - [2023-08-24T05:07:42.253+0000] {dag.py:2907} INFO - Sync 2 DAGs
[2023-08-24T05:07:42.263+0000] {logging_mixin.py:151} INFO - [2023-08-24T05:07:42.263+0000] {dag.py:3677} INFO - Setting next_dagrun for example_xcom_args to None, run_after=None
[2023-08-24T05:07:42.266+0000] {logging_mixin.py:151} INFO - [2023-08-24T05:07:42.265+0000] {dag.py:3677} INFO - Setting next_dagrun for example_xcom_args_with_operators to None, run_after=None
[2023-08-24T05:07:42.282+0000] {processor.py:179} INFO - Processing /usr/local/lib/python3.8/dist-packages/airflow/example_dags/example_xcomargs.py took 0.062 seconds
[2023-08-24T05:08:42.453+0000] {processor.py:157} INFO - Started process (PID=48415) to work on /usr/local/lib/python3.8/dist-packages/airflow/example_dags/example_xcomargs.py
[2023-08-24T05:08:42.456+0000] {processor.py:829} INFO - Processing file /usr/local/lib/python3.8/dist-packages/airflow/example_dags/example_xcomargs.py for tasks to queue
[2023-08-24T05:08:42.457+0000] {logging_mixin.py:151} INFO - [2023-08-24T05:08:42.457+0000] {dagbag.py:539} INFO - Filling up the DagBag from /usr/local/lib/python3.8/dist-packages/airflow/example_dags/example_xcomargs.py
[2023-08-24T05:08:42.466+0000] {processor.py:839} INFO - DAG(s) dict_keys(['example_xcom_args_with_operators', 'example_xcom_args']) retrieved from /usr/local/lib/python3.8/dist-packages/airflow/example_dags/example_xcomargs.py
[2023-08-24T05:08:42.484+0000] {logging_mixin.py:151} INFO - [2023-08-24T05:08:42.484+0000] {dag.py:2907} INFO - Sync 2 DAGs
[2023-08-24T05:08:42.496+0000] {logging_mixin.py:151} INFO - [2023-08-24T05:08:42.495+0000] {dag.py:3677} INFO - Setting next_dagrun for example_xcom_args to None, run_after=None
[2023-08-24T05:08:42.498+0000] {logging_mixin.py:151} INFO - [2023-08-24T05:08:42.498+0000] {dag.py:3677} INFO - Setting next_dagrun for example_xcom_args_with_operators to None, run_after=None
[2023-08-24T05:08:42.515+0000] {processor.py:179} INFO - Processing /usr/local/lib/python3.8/dist-packages/airflow/example_dags/example_xcomargs.py took 0.066 seconds
[2023-08-24T05:09:41.778+0000] {processor.py:157} INFO - Started process (PID=48611) to work on /usr/local/lib/python3.8/dist-packages/airflow/example_dags/example_xcomargs.py
[2023-08-24T05:09:41.780+0000] {processor.py:829} INFO - Processing file /usr/local/lib/python3.8/dist-packages/airflow/example_dags/example_xcomargs.py for tasks to queue
[2023-08-24T05:09:41.781+0000] {logging_mixin.py:151} INFO - [2023-08-24T05:09:41.780+0000] {dagbag.py:539} INFO - Filling up the DagBag from /usr/local/lib/python3.8/dist-packages/airflow/example_dags/example_xcomargs.py
[2023-08-24T05:09:41.790+0000] {processor.py:839} INFO - DAG(s) dict_keys(['example_xcom_args_with_operators', 'example_xcom_args']) retrieved from /usr/local/lib/python3.8/dist-packages/airflow/example_dags/example_xcomargs.py
[2023-08-24T05:09:41.808+0000] {logging_mixin.py:151} INFO - [2023-08-24T05:09:41.808+0000] {dag.py:2907} INFO - Sync 2 DAGs
[2023-08-24T05:09:41.819+0000] {logging_mixin.py:151} INFO - [2023-08-24T05:09:41.819+0000] {dag.py:3677} INFO - Setting next_dagrun for example_xcom_args to None, run_after=None
[2023-08-24T05:09:41.822+0000] {logging_mixin.py:151} INFO - [2023-08-24T05:09:41.821+0000] {dag.py:3677} INFO - Setting next_dagrun for example_xcom_args_with_operators to None, run_after=None
[2023-08-24T05:09:41.839+0000] {processor.py:179} INFO - Processing /usr/local/lib/python3.8/dist-packages/airflow/example_dags/example_xcomargs.py took 0.065 seconds
[2023-08-24T05:10:38.850+0000] {processor.py:157} INFO - Started process (PID=48792) to work on /usr/local/lib/python3.8/dist-packages/airflow/example_dags/example_xcomargs.py
[2023-08-24T05:10:38.852+0000] {processor.py:829} INFO - Processing file /usr/local/lib/python3.8/dist-packages/airflow/example_dags/example_xcomargs.py for tasks to queue
[2023-08-24T05:10:38.853+0000] {logging_mixin.py:151} INFO - [2023-08-24T05:10:38.852+0000] {dagbag.py:539} INFO - Filling up the DagBag from /usr/local/lib/python3.8/dist-packages/airflow/example_dags/example_xcomargs.py
[2023-08-24T05:10:38.864+0000] {processor.py:839} INFO - DAG(s) dict_keys(['example_xcom_args', 'example_xcom_args_with_operators']) retrieved from /usr/local/lib/python3.8/dist-packages/airflow/example_dags/example_xcomargs.py
[2023-08-24T05:10:38.883+0000] {logging_mixin.py:151} INFO - [2023-08-24T05:10:38.883+0000] {dag.py:2907} INFO - Sync 2 DAGs
[2023-08-24T05:10:38.895+0000] {logging_mixin.py:151} INFO - [2023-08-24T05:10:38.894+0000] {dag.py:3677} INFO - Setting next_dagrun for example_xcom_args to None, run_after=None
[2023-08-24T05:10:38.897+0000] {logging_mixin.py:151} INFO - [2023-08-24T05:10:38.897+0000] {dag.py:3677} INFO - Setting next_dagrun for example_xcom_args_with_operators to None, run_after=None
[2023-08-24T05:10:38.914+0000] {processor.py:179} INFO - Processing /usr/local/lib/python3.8/dist-packages/airflow/example_dags/example_xcomargs.py took 0.067 seconds
[2023-08-24T05:11:55.156+0000] {processor.py:157} INFO - Started process (PID=48948) to work on /usr/local/lib/python3.8/dist-packages/airflow/example_dags/example_xcomargs.py
[2023-08-24T05:11:55.157+0000] {processor.py:829} INFO - Processing file /usr/local/lib/python3.8/dist-packages/airflow/example_dags/example_xcomargs.py for tasks to queue
[2023-08-24T05:11:55.158+0000] {logging_mixin.py:151} INFO - [2023-08-24T05:11:55.158+0000] {dagbag.py:539} INFO - Filling up the DagBag from /usr/local/lib/python3.8/dist-packages/airflow/example_dags/example_xcomargs.py
[2023-08-24T05:11:55.167+0000] {processor.py:839} INFO - DAG(s) dict_keys(['example_xcom_args', 'example_xcom_args_with_operators']) retrieved from /usr/local/lib/python3.8/dist-packages/airflow/example_dags/example_xcomargs.py
[2023-08-24T05:11:55.185+0000] {logging_mixin.py:151} INFO - [2023-08-24T05:11:55.185+0000] {dag.py:2907} INFO - Sync 2 DAGs
[2023-08-24T05:11:55.195+0000] {logging_mixin.py:151} INFO - [2023-08-24T05:11:55.195+0000] {dag.py:3677} INFO - Setting next_dagrun for example_xcom_args to None, run_after=None
[2023-08-24T05:11:55.197+0000] {logging_mixin.py:151} INFO - [2023-08-24T05:11:55.197+0000] {dag.py:3677} INFO - Setting next_dagrun for example_xcom_args_with_operators to None, run_after=None
[2023-08-24T05:11:55.214+0000] {processor.py:179} INFO - Processing /usr/local/lib/python3.8/dist-packages/airflow/example_dags/example_xcomargs.py took 0.062 seconds
[2023-08-24T05:12:58.642+0000] {processor.py:157} INFO - Started process (PID=49145) to work on /usr/local/lib/python3.8/dist-packages/airflow/example_dags/example_xcomargs.py
[2023-08-24T05:12:58.644+0000] {processor.py:829} INFO - Processing file /usr/local/lib/python3.8/dist-packages/airflow/example_dags/example_xcomargs.py for tasks to queue
[2023-08-24T05:12:58.645+0000] {logging_mixin.py:151} INFO - [2023-08-24T05:12:58.644+0000] {dagbag.py:539} INFO - Filling up the DagBag from /usr/local/lib/python3.8/dist-packages/airflow/example_dags/example_xcomargs.py
[2023-08-24T05:12:58.654+0000] {processor.py:839} INFO - DAG(s) dict_keys(['example_xcom_args_with_operators', 'example_xcom_args']) retrieved from /usr/local/lib/python3.8/dist-packages/airflow/example_dags/example_xcomargs.py
[2023-08-24T05:12:58.673+0000] {logging_mixin.py:151} INFO - [2023-08-24T05:12:58.672+0000] {dag.py:2907} INFO - Sync 2 DAGs
[2023-08-24T05:12:58.684+0000] {logging_mixin.py:151} INFO - [2023-08-24T05:12:58.683+0000] {dag.py:3677} INFO - Setting next_dagrun for example_xcom_args to None, run_after=None
[2023-08-24T05:12:58.686+0000] {logging_mixin.py:151} INFO - [2023-08-24T05:12:58.686+0000] {dag.py:3677} INFO - Setting next_dagrun for example_xcom_args_with_operators to None, run_after=None
[2023-08-24T05:12:58.703+0000] {processor.py:179} INFO - Processing /usr/local/lib/python3.8/dist-packages/airflow/example_dags/example_xcomargs.py took 0.064 seconds
