[2023-08-24T04:21:54.150+0000] {processor.py:157} INFO - Started process (PID=37594) to work on /usr/local/lib/python3.8/dist-packages/airflow/example_dags/example_setup_teardown_taskflow.py
[2023-08-24T04:21:54.151+0000] {processor.py:829} INFO - Processing file /usr/local/lib/python3.8/dist-packages/airflow/example_dags/example_setup_teardown_taskflow.py for tasks to queue
[2023-08-24T04:21:54.152+0000] {logging_mixin.py:151} INFO - [2023-08-24T04:21:54.152+0000] {dagbag.py:539} INFO - Filling up the DagBag from /usr/local/lib/python3.8/dist-packages/airflow/example_dags/example_setup_teardown_taskflow.py
[2023-08-24T04:21:54.161+0000] {processor.py:839} INFO - DAG(s) dict_keys(['example_setup_teardown_taskflow']) retrieved from /usr/local/lib/python3.8/dist-packages/airflow/example_dags/example_setup_teardown_taskflow.py
[2023-08-24T04:21:54.183+0000] {logging_mixin.py:151} INFO - [2023-08-24T04:21:54.183+0000] {dag.py:2907} INFO - Sync 1 DAGs
[2023-08-24T04:21:54.199+0000] {logging_mixin.py:151} INFO - [2023-08-24T04:21:54.199+0000] {dag.py:3677} INFO - Setting next_dagrun for example_setup_teardown_taskflow to 2023-08-23T04:21:54.198765+00:00, run_after=2023-08-24T04:21:54.198765+00:00
[2023-08-24T04:21:54.216+0000] {processor.py:179} INFO - Processing /usr/local/lib/python3.8/dist-packages/airflow/example_dags/example_setup_teardown_taskflow.py took 0.069 seconds
[2023-08-24T04:31:08.373+0000] {processor.py:157} INFO - Started process (PID=41469) to work on /usr/local/lib/python3.8/dist-packages/airflow/example_dags/example_setup_teardown_taskflow.py
[2023-08-24T04:31:08.375+0000] {processor.py:829} INFO - Processing file /usr/local/lib/python3.8/dist-packages/airflow/example_dags/example_setup_teardown_taskflow.py for tasks to queue
[2023-08-24T04:31:08.376+0000] {logging_mixin.py:151} INFO - [2023-08-24T04:31:08.376+0000] {dagbag.py:539} INFO - Filling up the DagBag from /usr/local/lib/python3.8/dist-packages/airflow/example_dags/example_setup_teardown_taskflow.py
[2023-08-24T04:31:08.385+0000] {processor.py:839} INFO - DAG(s) dict_keys(['example_setup_teardown_taskflow']) retrieved from /usr/local/lib/python3.8/dist-packages/airflow/example_dags/example_setup_teardown_taskflow.py
[2023-08-24T04:31:08.407+0000] {logging_mixin.py:151} INFO - [2023-08-24T04:31:08.407+0000] {dag.py:2907} INFO - Sync 1 DAGs
[2023-08-24T04:31:08.422+0000] {logging_mixin.py:151} INFO - [2023-08-24T04:31:08.422+0000] {dag.py:3677} INFO - Setting next_dagrun for example_setup_teardown_taskflow to 2023-08-23T04:31:08.422506+00:00, run_after=2023-08-24T04:31:08.422506+00:00
[2023-08-24T04:31:08.441+0000] {processor.py:179} INFO - Processing /usr/local/lib/python3.8/dist-packages/airflow/example_dags/example_setup_teardown_taskflow.py took 0.071 seconds
[2023-08-24T04:32:09.255+0000] {processor.py:157} INFO - Started process (PID=41667) to work on /usr/local/lib/python3.8/dist-packages/airflow/example_dags/example_setup_teardown_taskflow.py
[2023-08-24T04:32:09.257+0000] {processor.py:829} INFO - Processing file /usr/local/lib/python3.8/dist-packages/airflow/example_dags/example_setup_teardown_taskflow.py for tasks to queue
[2023-08-24T04:32:09.258+0000] {logging_mixin.py:151} INFO - [2023-08-24T04:32:09.257+0000] {dagbag.py:539} INFO - Filling up the DagBag from /usr/local/lib/python3.8/dist-packages/airflow/example_dags/example_setup_teardown_taskflow.py
[2023-08-24T04:32:09.267+0000] {processor.py:839} INFO - DAG(s) dict_keys(['example_setup_teardown_taskflow']) retrieved from /usr/local/lib/python3.8/dist-packages/airflow/example_dags/example_setup_teardown_taskflow.py
[2023-08-24T04:32:09.283+0000] {logging_mixin.py:151} INFO - [2023-08-24T04:32:09.283+0000] {dag.py:2907} INFO - Sync 1 DAGs
[2023-08-24T04:32:09.299+0000] {logging_mixin.py:151} INFO - [2023-08-24T04:32:09.299+0000] {dag.py:3677} INFO - Setting next_dagrun for example_setup_teardown_taskflow to 2023-08-23T04:32:09.299425+00:00, run_after=2023-08-24T04:32:09.299425+00:00
[2023-08-24T04:32:09.317+0000] {processor.py:179} INFO - Processing /usr/local/lib/python3.8/dist-packages/airflow/example_dags/example_setup_teardown_taskflow.py took 0.065 seconds
[2023-08-24T04:33:09.271+0000] {processor.py:157} INFO - Started process (PID=41858) to work on /usr/local/lib/python3.8/dist-packages/airflow/example_dags/example_setup_teardown_taskflow.py
[2023-08-24T04:33:09.273+0000] {processor.py:829} INFO - Processing file /usr/local/lib/python3.8/dist-packages/airflow/example_dags/example_setup_teardown_taskflow.py for tasks to queue
[2023-08-24T04:33:09.274+0000] {logging_mixin.py:151} INFO - [2023-08-24T04:33:09.273+0000] {dagbag.py:539} INFO - Filling up the DagBag from /usr/local/lib/python3.8/dist-packages/airflow/example_dags/example_setup_teardown_taskflow.py
[2023-08-24T04:33:09.284+0000] {processor.py:839} INFO - DAG(s) dict_keys(['example_setup_teardown_taskflow']) retrieved from /usr/local/lib/python3.8/dist-packages/airflow/example_dags/example_setup_teardown_taskflow.py
[2023-08-24T04:33:09.302+0000] {logging_mixin.py:151} INFO - [2023-08-24T04:33:09.302+0000] {dag.py:2907} INFO - Sync 1 DAGs
[2023-08-24T04:33:09.320+0000] {logging_mixin.py:151} INFO - [2023-08-24T04:33:09.319+0000] {dag.py:3677} INFO - Setting next_dagrun for example_setup_teardown_taskflow to 2023-08-23T04:33:09.319698+00:00, run_after=2023-08-24T04:33:09.319698+00:00
[2023-08-24T04:33:09.337+0000] {processor.py:179} INFO - Processing /usr/local/lib/python3.8/dist-packages/airflow/example_dags/example_setup_teardown_taskflow.py took 0.070 seconds
[2023-08-24T04:34:08.385+0000] {processor.py:157} INFO - Started process (PID=42041) to work on /usr/local/lib/python3.8/dist-packages/airflow/example_dags/example_setup_teardown_taskflow.py
[2023-08-24T04:34:08.387+0000] {processor.py:829} INFO - Processing file /usr/local/lib/python3.8/dist-packages/airflow/example_dags/example_setup_teardown_taskflow.py for tasks to queue
[2023-08-24T04:34:08.388+0000] {logging_mixin.py:151} INFO - [2023-08-24T04:34:08.387+0000] {dagbag.py:539} INFO - Filling up the DagBag from /usr/local/lib/python3.8/dist-packages/airflow/example_dags/example_setup_teardown_taskflow.py
[2023-08-24T04:34:08.397+0000] {processor.py:839} INFO - DAG(s) dict_keys(['example_setup_teardown_taskflow']) retrieved from /usr/local/lib/python3.8/dist-packages/airflow/example_dags/example_setup_teardown_taskflow.py
[2023-08-24T04:34:08.414+0000] {logging_mixin.py:151} INFO - [2023-08-24T04:34:08.414+0000] {dag.py:2907} INFO - Sync 1 DAGs
[2023-08-24T04:34:08.430+0000] {logging_mixin.py:151} INFO - [2023-08-24T04:34:08.430+0000] {dag.py:3677} INFO - Setting next_dagrun for example_setup_teardown_taskflow to 2023-08-23T04:34:08.429821+00:00, run_after=2023-08-24T04:34:08.429821+00:00
[2023-08-24T04:34:08.447+0000] {processor.py:179} INFO - Processing /usr/local/lib/python3.8/dist-packages/airflow/example_dags/example_setup_teardown_taskflow.py took 0.065 seconds
[2023-08-24T04:35:08.707+0000] {processor.py:157} INFO - Started process (PID=42237) to work on /usr/local/lib/python3.8/dist-packages/airflow/example_dags/example_setup_teardown_taskflow.py
[2023-08-24T04:35:08.708+0000] {processor.py:829} INFO - Processing file /usr/local/lib/python3.8/dist-packages/airflow/example_dags/example_setup_teardown_taskflow.py for tasks to queue
[2023-08-24T04:35:08.709+0000] {logging_mixin.py:151} INFO - [2023-08-24T04:35:08.709+0000] {dagbag.py:539} INFO - Filling up the DagBag from /usr/local/lib/python3.8/dist-packages/airflow/example_dags/example_setup_teardown_taskflow.py
[2023-08-24T04:35:08.719+0000] {processor.py:839} INFO - DAG(s) dict_keys(['example_setup_teardown_taskflow']) retrieved from /usr/local/lib/python3.8/dist-packages/airflow/example_dags/example_setup_teardown_taskflow.py
[2023-08-24T04:35:08.736+0000] {logging_mixin.py:151} INFO - [2023-08-24T04:35:08.736+0000] {dag.py:2907} INFO - Sync 1 DAGs
[2023-08-24T04:35:08.752+0000] {logging_mixin.py:151} INFO - [2023-08-24T04:35:08.752+0000] {dag.py:3677} INFO - Setting next_dagrun for example_setup_teardown_taskflow to 2023-08-23T04:35:08.752509+00:00, run_after=2023-08-24T04:35:08.752509+00:00
[2023-08-24T04:35:08.770+0000] {processor.py:179} INFO - Processing /usr/local/lib/python3.8/dist-packages/airflow/example_dags/example_setup_teardown_taskflow.py took 0.067 seconds
[2023-08-24T04:36:06.987+0000] {processor.py:157} INFO - Started process (PID=42433) to work on /usr/local/lib/python3.8/dist-packages/airflow/example_dags/example_setup_teardown_taskflow.py
[2023-08-24T04:36:06.989+0000] {processor.py:829} INFO - Processing file /usr/local/lib/python3.8/dist-packages/airflow/example_dags/example_setup_teardown_taskflow.py for tasks to queue
[2023-08-24T04:36:06.990+0000] {logging_mixin.py:151} INFO - [2023-08-24T04:36:06.989+0000] {dagbag.py:539} INFO - Filling up the DagBag from /usr/local/lib/python3.8/dist-packages/airflow/example_dags/example_setup_teardown_taskflow.py
[2023-08-24T04:36:07.000+0000] {processor.py:839} INFO - DAG(s) dict_keys(['example_setup_teardown_taskflow']) retrieved from /usr/local/lib/python3.8/dist-packages/airflow/example_dags/example_setup_teardown_taskflow.py
[2023-08-24T04:36:07.018+0000] {logging_mixin.py:151} INFO - [2023-08-24T04:36:07.018+0000] {dag.py:2907} INFO - Sync 1 DAGs
[2023-08-24T04:36:07.036+0000] {logging_mixin.py:151} INFO - [2023-08-24T04:36:07.036+0000] {dag.py:3677} INFO - Setting next_dagrun for example_setup_teardown_taskflow to 2023-08-23T04:36:07.035906+00:00, run_after=2023-08-24T04:36:07.035906+00:00
[2023-08-24T04:36:07.054+0000] {processor.py:179} INFO - Processing /usr/local/lib/python3.8/dist-packages/airflow/example_dags/example_setup_teardown_taskflow.py took 0.071 seconds
[2023-08-24T04:37:03.777+0000] {processor.py:157} INFO - Started process (PID=42616) to work on /usr/local/lib/python3.8/dist-packages/airflow/example_dags/example_setup_teardown_taskflow.py
[2023-08-24T04:37:03.779+0000] {processor.py:829} INFO - Processing file /usr/local/lib/python3.8/dist-packages/airflow/example_dags/example_setup_teardown_taskflow.py for tasks to queue
[2023-08-24T04:37:03.780+0000] {logging_mixin.py:151} INFO - [2023-08-24T04:37:03.779+0000] {dagbag.py:539} INFO - Filling up the DagBag from /usr/local/lib/python3.8/dist-packages/airflow/example_dags/example_setup_teardown_taskflow.py
[2023-08-24T04:37:03.789+0000] {processor.py:839} INFO - DAG(s) dict_keys(['example_setup_teardown_taskflow']) retrieved from /usr/local/lib/python3.8/dist-packages/airflow/example_dags/example_setup_teardown_taskflow.py
[2023-08-24T04:37:03.805+0000] {logging_mixin.py:151} INFO - [2023-08-24T04:37:03.805+0000] {dag.py:2907} INFO - Sync 1 DAGs
[2023-08-24T04:37:03.821+0000] {logging_mixin.py:151} INFO - [2023-08-24T04:37:03.821+0000] {dag.py:3677} INFO - Setting next_dagrun for example_setup_teardown_taskflow to 2023-08-23T04:37:03.821440+00:00, run_after=2023-08-24T04:37:03.821440+00:00
[2023-08-24T04:37:03.839+0000] {processor.py:179} INFO - Processing /usr/local/lib/python3.8/dist-packages/airflow/example_dags/example_setup_teardown_taskflow.py took 0.065 seconds
[2023-08-24T04:38:00.200+0000] {processor.py:157} INFO - Started process (PID=42799) to work on /usr/local/lib/python3.8/dist-packages/airflow/example_dags/example_setup_teardown_taskflow.py
[2023-08-24T04:38:00.202+0000] {processor.py:829} INFO - Processing file /usr/local/lib/python3.8/dist-packages/airflow/example_dags/example_setup_teardown_taskflow.py for tasks to queue
[2023-08-24T04:38:00.202+0000] {logging_mixin.py:151} INFO - [2023-08-24T04:38:00.202+0000] {dagbag.py:539} INFO - Filling up the DagBag from /usr/local/lib/python3.8/dist-packages/airflow/example_dags/example_setup_teardown_taskflow.py
[2023-08-24T04:38:00.212+0000] {processor.py:839} INFO - DAG(s) dict_keys(['example_setup_teardown_taskflow']) retrieved from /usr/local/lib/python3.8/dist-packages/airflow/example_dags/example_setup_teardown_taskflow.py
[2023-08-24T04:38:00.228+0000] {logging_mixin.py:151} INFO - [2023-08-24T04:38:00.228+0000] {dag.py:2907} INFO - Sync 1 DAGs
[2023-08-24T04:38:00.243+0000] {logging_mixin.py:151} INFO - [2023-08-24T04:38:00.243+0000] {dag.py:3677} INFO - Setting next_dagrun for example_setup_teardown_taskflow to 2023-08-23T04:38:00.243596+00:00, run_after=2023-08-24T04:38:00.243596+00:00
[2023-08-24T04:38:00.261+0000] {processor.py:179} INFO - Processing /usr/local/lib/python3.8/dist-packages/airflow/example_dags/example_setup_teardown_taskflow.py took 0.065 seconds
[2023-08-24T04:38:59.978+0000] {processor.py:157} INFO - Started process (PID=42984) to work on /usr/local/lib/python3.8/dist-packages/airflow/example_dags/example_setup_teardown_taskflow.py
[2023-08-24T04:38:59.980+0000] {processor.py:829} INFO - Processing file /usr/local/lib/python3.8/dist-packages/airflow/example_dags/example_setup_teardown_taskflow.py for tasks to queue
[2023-08-24T04:38:59.981+0000] {logging_mixin.py:151} INFO - [2023-08-24T04:38:59.981+0000] {dagbag.py:539} INFO - Filling up the DagBag from /usr/local/lib/python3.8/dist-packages/airflow/example_dags/example_setup_teardown_taskflow.py
[2023-08-24T04:38:59.990+0000] {processor.py:839} INFO - DAG(s) dict_keys(['example_setup_teardown_taskflow']) retrieved from /usr/local/lib/python3.8/dist-packages/airflow/example_dags/example_setup_teardown_taskflow.py
[2023-08-24T04:39:00.006+0000] {logging_mixin.py:151} INFO - [2023-08-24T04:39:00.006+0000] {dag.py:2907} INFO - Sync 1 DAGs
[2023-08-24T04:39:00.022+0000] {logging_mixin.py:151} INFO - [2023-08-24T04:39:00.022+0000] {dag.py:3677} INFO - Setting next_dagrun for example_setup_teardown_taskflow to 2023-08-23T04:39:00.022224+00:00, run_after=2023-08-24T04:39:00.022224+00:00
[2023-08-24T04:39:00.040+0000] {processor.py:179} INFO - Processing /usr/local/lib/python3.8/dist-packages/airflow/example_dags/example_setup_teardown_taskflow.py took 0.065 seconds
[2023-08-24T04:40:00.251+0000] {processor.py:157} INFO - Started process (PID=43180) to work on /usr/local/lib/python3.8/dist-packages/airflow/example_dags/example_setup_teardown_taskflow.py
[2023-08-24T04:40:00.252+0000] {processor.py:829} INFO - Processing file /usr/local/lib/python3.8/dist-packages/airflow/example_dags/example_setup_teardown_taskflow.py for tasks to queue
[2023-08-24T04:40:00.253+0000] {logging_mixin.py:151} INFO - [2023-08-24T04:40:00.253+0000] {dagbag.py:539} INFO - Filling up the DagBag from /usr/local/lib/python3.8/dist-packages/airflow/example_dags/example_setup_teardown_taskflow.py
[2023-08-24T04:40:00.262+0000] {processor.py:839} INFO - DAG(s) dict_keys(['example_setup_teardown_taskflow']) retrieved from /usr/local/lib/python3.8/dist-packages/airflow/example_dags/example_setup_teardown_taskflow.py
[2023-08-24T04:40:00.279+0000] {logging_mixin.py:151} INFO - [2023-08-24T04:40:00.279+0000] {dag.py:2907} INFO - Sync 1 DAGs
[2023-08-24T04:40:00.295+0000] {logging_mixin.py:151} INFO - [2023-08-24T04:40:00.295+0000] {dag.py:3677} INFO - Setting next_dagrun for example_setup_teardown_taskflow to 2023-08-23T04:40:00.295159+00:00, run_after=2023-08-24T04:40:00.295159+00:00
[2023-08-24T04:40:00.313+0000] {processor.py:179} INFO - Processing /usr/local/lib/python3.8/dist-packages/airflow/example_dags/example_setup_teardown_taskflow.py took 0.065 seconds
[2023-08-24T04:41:00.935+0000] {processor.py:157} INFO - Started process (PID=43364) to work on /usr/local/lib/python3.8/dist-packages/airflow/example_dags/example_setup_teardown_taskflow.py
[2023-08-24T04:41:00.936+0000] {processor.py:829} INFO - Processing file /usr/local/lib/python3.8/dist-packages/airflow/example_dags/example_setup_teardown_taskflow.py for tasks to queue
[2023-08-24T04:41:00.937+0000] {logging_mixin.py:151} INFO - [2023-08-24T04:41:00.937+0000] {dagbag.py:539} INFO - Filling up the DagBag from /usr/local/lib/python3.8/dist-packages/airflow/example_dags/example_setup_teardown_taskflow.py
[2023-08-24T04:41:00.947+0000] {processor.py:839} INFO - DAG(s) dict_keys(['example_setup_teardown_taskflow']) retrieved from /usr/local/lib/python3.8/dist-packages/airflow/example_dags/example_setup_teardown_taskflow.py
[2023-08-24T04:41:00.964+0000] {logging_mixin.py:151} INFO - [2023-08-24T04:41:00.964+0000] {dag.py:2907} INFO - Sync 1 DAGs
[2023-08-24T04:41:00.980+0000] {logging_mixin.py:151} INFO - [2023-08-24T04:41:00.980+0000] {dag.py:3677} INFO - Setting next_dagrun for example_setup_teardown_taskflow to 2023-08-23T04:41:00.979770+00:00, run_after=2023-08-24T04:41:00.979770+00:00
[2023-08-24T04:41:00.997+0000] {processor.py:179} INFO - Processing /usr/local/lib/python3.8/dist-packages/airflow/example_dags/example_setup_teardown_taskflow.py took 0.066 seconds
[2023-08-24T04:42:01.131+0000] {processor.py:157} INFO - Started process (PID=43547) to work on /usr/local/lib/python3.8/dist-packages/airflow/example_dags/example_setup_teardown_taskflow.py
[2023-08-24T04:42:01.133+0000] {processor.py:829} INFO - Processing file /usr/local/lib/python3.8/dist-packages/airflow/example_dags/example_setup_teardown_taskflow.py for tasks to queue
[2023-08-24T04:42:01.134+0000] {logging_mixin.py:151} INFO - [2023-08-24T04:42:01.133+0000] {dagbag.py:539} INFO - Filling up the DagBag from /usr/local/lib/python3.8/dist-packages/airflow/example_dags/example_setup_teardown_taskflow.py
[2023-08-24T04:42:01.143+0000] {processor.py:839} INFO - DAG(s) dict_keys(['example_setup_teardown_taskflow']) retrieved from /usr/local/lib/python3.8/dist-packages/airflow/example_dags/example_setup_teardown_taskflow.py
[2023-08-24T04:42:01.159+0000] {logging_mixin.py:151} INFO - [2023-08-24T04:42:01.159+0000] {dag.py:2907} INFO - Sync 1 DAGs
[2023-08-24T04:42:01.175+0000] {logging_mixin.py:151} INFO - [2023-08-24T04:42:01.175+0000] {dag.py:3677} INFO - Setting next_dagrun for example_setup_teardown_taskflow to 2023-08-23T04:42:01.175008+00:00, run_after=2023-08-24T04:42:01.175008+00:00
[2023-08-24T04:42:01.192+0000] {processor.py:179} INFO - Processing /usr/local/lib/python3.8/dist-packages/airflow/example_dags/example_setup_teardown_taskflow.py took 0.064 seconds
[2023-08-24T04:42:59.136+0000] {processor.py:157} INFO - Started process (PID=43735) to work on /usr/local/lib/python3.8/dist-packages/airflow/example_dags/example_setup_teardown_taskflow.py
[2023-08-24T04:42:59.139+0000] {processor.py:829} INFO - Processing file /usr/local/lib/python3.8/dist-packages/airflow/example_dags/example_setup_teardown_taskflow.py for tasks to queue
[2023-08-24T04:42:59.140+0000] {logging_mixin.py:151} INFO - [2023-08-24T04:42:59.139+0000] {dagbag.py:539} INFO - Filling up the DagBag from /usr/local/lib/python3.8/dist-packages/airflow/example_dags/example_setup_teardown_taskflow.py
[2023-08-24T04:42:59.149+0000] {processor.py:839} INFO - DAG(s) dict_keys(['example_setup_teardown_taskflow']) retrieved from /usr/local/lib/python3.8/dist-packages/airflow/example_dags/example_setup_teardown_taskflow.py
[2023-08-24T04:42:59.166+0000] {logging_mixin.py:151} INFO - [2023-08-24T04:42:59.166+0000] {dag.py:2907} INFO - Sync 1 DAGs
[2023-08-24T04:42:59.182+0000] {logging_mixin.py:151} INFO - [2023-08-24T04:42:59.182+0000] {dag.py:3677} INFO - Setting next_dagrun for example_setup_teardown_taskflow to 2023-08-23T04:42:59.182432+00:00, run_after=2023-08-24T04:42:59.182432+00:00
[2023-08-24T04:42:59.200+0000] {processor.py:179} INFO - Processing /usr/local/lib/python3.8/dist-packages/airflow/example_dags/example_setup_teardown_taskflow.py took 0.067 seconds
[2023-08-24T04:43:58.425+0000] {processor.py:157} INFO - Started process (PID=43917) to work on /usr/local/lib/python3.8/dist-packages/airflow/example_dags/example_setup_teardown_taskflow.py
[2023-08-24T04:43:58.427+0000] {processor.py:829} INFO - Processing file /usr/local/lib/python3.8/dist-packages/airflow/example_dags/example_setup_teardown_taskflow.py for tasks to queue
[2023-08-24T04:43:58.428+0000] {logging_mixin.py:151} INFO - [2023-08-24T04:43:58.427+0000] {dagbag.py:539} INFO - Filling up the DagBag from /usr/local/lib/python3.8/dist-packages/airflow/example_dags/example_setup_teardown_taskflow.py
[2023-08-24T04:43:58.438+0000] {processor.py:839} INFO - DAG(s) dict_keys(['example_setup_teardown_taskflow']) retrieved from /usr/local/lib/python3.8/dist-packages/airflow/example_dags/example_setup_teardown_taskflow.py
[2023-08-24T04:43:58.457+0000] {logging_mixin.py:151} INFO - [2023-08-24T04:43:58.457+0000] {dag.py:2907} INFO - Sync 1 DAGs
[2023-08-24T04:43:58.473+0000] {logging_mixin.py:151} INFO - [2023-08-24T04:43:58.473+0000] {dag.py:3677} INFO - Setting next_dagrun for example_setup_teardown_taskflow to 2023-08-23T04:43:58.473344+00:00, run_after=2023-08-24T04:43:58.473344+00:00
[2023-08-24T04:43:58.491+0000] {processor.py:179} INFO - Processing /usr/local/lib/python3.8/dist-packages/airflow/example_dags/example_setup_teardown_taskflow.py took 0.069 seconds
[2023-08-24T04:44:59.486+0000] {processor.py:157} INFO - Started process (PID=44102) to work on /usr/local/lib/python3.8/dist-packages/airflow/example_dags/example_setup_teardown_taskflow.py
[2023-08-24T04:44:59.488+0000] {processor.py:829} INFO - Processing file /usr/local/lib/python3.8/dist-packages/airflow/example_dags/example_setup_teardown_taskflow.py for tasks to queue
[2023-08-24T04:44:59.489+0000] {logging_mixin.py:151} INFO - [2023-08-24T04:44:59.488+0000] {dagbag.py:539} INFO - Filling up the DagBag from /usr/local/lib/python3.8/dist-packages/airflow/example_dags/example_setup_teardown_taskflow.py
[2023-08-24T04:44:59.498+0000] {processor.py:839} INFO - DAG(s) dict_keys(['example_setup_teardown_taskflow']) retrieved from /usr/local/lib/python3.8/dist-packages/airflow/example_dags/example_setup_teardown_taskflow.py
[2023-08-24T04:44:59.515+0000] {logging_mixin.py:151} INFO - [2023-08-24T04:44:59.515+0000] {dag.py:2907} INFO - Sync 1 DAGs
[2023-08-24T04:44:59.530+0000] {logging_mixin.py:151} INFO - [2023-08-24T04:44:59.530+0000] {dag.py:3677} INFO - Setting next_dagrun for example_setup_teardown_taskflow to 2023-08-23T04:44:59.530440+00:00, run_after=2023-08-24T04:44:59.530440+00:00
[2023-08-24T04:44:59.548+0000] {processor.py:179} INFO - Processing /usr/local/lib/python3.8/dist-packages/airflow/example_dags/example_setup_teardown_taskflow.py took 0.065 seconds
[2023-08-24T04:46:00.965+0000] {processor.py:157} INFO - Started process (PID=44285) to work on /usr/local/lib/python3.8/dist-packages/airflow/example_dags/example_setup_teardown_taskflow.py
[2023-08-24T04:46:00.966+0000] {processor.py:829} INFO - Processing file /usr/local/lib/python3.8/dist-packages/airflow/example_dags/example_setup_teardown_taskflow.py for tasks to queue
[2023-08-24T04:46:00.967+0000] {logging_mixin.py:151} INFO - [2023-08-24T04:46:00.967+0000] {dagbag.py:539} INFO - Filling up the DagBag from /usr/local/lib/python3.8/dist-packages/airflow/example_dags/example_setup_teardown_taskflow.py
[2023-08-24T04:46:00.977+0000] {processor.py:839} INFO - DAG(s) dict_keys(['example_setup_teardown_taskflow']) retrieved from /usr/local/lib/python3.8/dist-packages/airflow/example_dags/example_setup_teardown_taskflow.py
[2023-08-24T04:46:00.994+0000] {logging_mixin.py:151} INFO - [2023-08-24T04:46:00.994+0000] {dag.py:2907} INFO - Sync 1 DAGs
[2023-08-24T04:46:01.011+0000] {logging_mixin.py:151} INFO - [2023-08-24T04:46:01.011+0000] {dag.py:3677} INFO - Setting next_dagrun for example_setup_teardown_taskflow to 2023-08-23T04:46:01.010953+00:00, run_after=2023-08-24T04:46:01.010953+00:00
[2023-08-24T04:46:01.029+0000] {processor.py:179} INFO - Processing /usr/local/lib/python3.8/dist-packages/airflow/example_dags/example_setup_teardown_taskflow.py took 0.069 seconds
[2023-08-24T04:47:02.727+0000] {processor.py:157} INFO - Started process (PID=44468) to work on /usr/local/lib/python3.8/dist-packages/airflow/example_dags/example_setup_teardown_taskflow.py
[2023-08-24T04:47:02.729+0000] {processor.py:829} INFO - Processing file /usr/local/lib/python3.8/dist-packages/airflow/example_dags/example_setup_teardown_taskflow.py for tasks to queue
[2023-08-24T04:47:02.730+0000] {logging_mixin.py:151} INFO - [2023-08-24T04:47:02.729+0000] {dagbag.py:539} INFO - Filling up the DagBag from /usr/local/lib/python3.8/dist-packages/airflow/example_dags/example_setup_teardown_taskflow.py
[2023-08-24T04:47:02.739+0000] {processor.py:839} INFO - DAG(s) dict_keys(['example_setup_teardown_taskflow']) retrieved from /usr/local/lib/python3.8/dist-packages/airflow/example_dags/example_setup_teardown_taskflow.py
[2023-08-24T04:47:02.758+0000] {logging_mixin.py:151} INFO - [2023-08-24T04:47:02.758+0000] {dag.py:2907} INFO - Sync 1 DAGs
[2023-08-24T04:47:02.777+0000] {logging_mixin.py:151} INFO - [2023-08-24T04:47:02.776+0000] {dag.py:3677} INFO - Setting next_dagrun for example_setup_teardown_taskflow to 2023-08-23T04:47:02.776541+00:00, run_after=2023-08-24T04:47:02.776541+00:00
[2023-08-24T04:47:02.796+0000] {processor.py:179} INFO - Processing /usr/local/lib/python3.8/dist-packages/airflow/example_dags/example_setup_teardown_taskflow.py took 0.072 seconds
[2023-08-24T04:48:04.058+0000] {processor.py:157} INFO - Started process (PID=44652) to work on /usr/local/lib/python3.8/dist-packages/airflow/example_dags/example_setup_teardown_taskflow.py
[2023-08-24T04:48:04.060+0000] {processor.py:829} INFO - Processing file /usr/local/lib/python3.8/dist-packages/airflow/example_dags/example_setup_teardown_taskflow.py for tasks to queue
[2023-08-24T04:48:04.061+0000] {logging_mixin.py:151} INFO - [2023-08-24T04:48:04.060+0000] {dagbag.py:539} INFO - Filling up the DagBag from /usr/local/lib/python3.8/dist-packages/airflow/example_dags/example_setup_teardown_taskflow.py
[2023-08-24T04:48:04.070+0000] {processor.py:839} INFO - DAG(s) dict_keys(['example_setup_teardown_taskflow']) retrieved from /usr/local/lib/python3.8/dist-packages/airflow/example_dags/example_setup_teardown_taskflow.py
[2023-08-24T04:48:04.087+0000] {logging_mixin.py:151} INFO - [2023-08-24T04:48:04.087+0000] {dag.py:2907} INFO - Sync 1 DAGs
[2023-08-24T04:48:04.104+0000] {logging_mixin.py:151} INFO - [2023-08-24T04:48:04.103+0000] {dag.py:3677} INFO - Setting next_dagrun for example_setup_teardown_taskflow to 2023-08-23T04:48:04.103607+00:00, run_after=2023-08-24T04:48:04.103607+00:00
[2023-08-24T04:48:04.121+0000] {processor.py:179} INFO - Processing /usr/local/lib/python3.8/dist-packages/airflow/example_dags/example_setup_teardown_taskflow.py took 0.068 seconds
[2023-08-24T04:49:06.461+0000] {processor.py:157} INFO - Started process (PID=44835) to work on /usr/local/lib/python3.8/dist-packages/airflow/example_dags/example_setup_teardown_taskflow.py
[2023-08-24T04:49:06.463+0000] {processor.py:829} INFO - Processing file /usr/local/lib/python3.8/dist-packages/airflow/example_dags/example_setup_teardown_taskflow.py for tasks to queue
[2023-08-24T04:49:06.464+0000] {logging_mixin.py:151} INFO - [2023-08-24T04:49:06.464+0000] {dagbag.py:539} INFO - Filling up the DagBag from /usr/local/lib/python3.8/dist-packages/airflow/example_dags/example_setup_teardown_taskflow.py
[2023-08-24T04:49:06.473+0000] {processor.py:839} INFO - DAG(s) dict_keys(['example_setup_teardown_taskflow']) retrieved from /usr/local/lib/python3.8/dist-packages/airflow/example_dags/example_setup_teardown_taskflow.py
[2023-08-24T04:49:06.491+0000] {logging_mixin.py:151} INFO - [2023-08-24T04:49:06.491+0000] {dag.py:2907} INFO - Sync 1 DAGs
[2023-08-24T04:49:06.507+0000] {logging_mixin.py:151} INFO - [2023-08-24T04:49:06.507+0000] {dag.py:3677} INFO - Setting next_dagrun for example_setup_teardown_taskflow to 2023-08-23T04:49:06.507195+00:00, run_after=2023-08-24T04:49:06.507195+00:00
[2023-08-24T04:49:06.525+0000] {processor.py:179} INFO - Processing /usr/local/lib/python3.8/dist-packages/airflow/example_dags/example_setup_teardown_taskflow.py took 0.068 seconds
[2023-08-24T04:50:07.733+0000] {processor.py:157} INFO - Started process (PID=45021) to work on /usr/local/lib/python3.8/dist-packages/airflow/example_dags/example_setup_teardown_taskflow.py
[2023-08-24T04:50:07.735+0000] {processor.py:829} INFO - Processing file /usr/local/lib/python3.8/dist-packages/airflow/example_dags/example_setup_teardown_taskflow.py for tasks to queue
[2023-08-24T04:50:07.736+0000] {logging_mixin.py:151} INFO - [2023-08-24T04:50:07.735+0000] {dagbag.py:539} INFO - Filling up the DagBag from /usr/local/lib/python3.8/dist-packages/airflow/example_dags/example_setup_teardown_taskflow.py
[2023-08-24T04:50:07.745+0000] {processor.py:839} INFO - DAG(s) dict_keys(['example_setup_teardown_taskflow']) retrieved from /usr/local/lib/python3.8/dist-packages/airflow/example_dags/example_setup_teardown_taskflow.py
[2023-08-24T04:50:07.762+0000] {logging_mixin.py:151} INFO - [2023-08-24T04:50:07.762+0000] {dag.py:2907} INFO - Sync 1 DAGs
[2023-08-24T04:50:07.777+0000] {logging_mixin.py:151} INFO - [2023-08-24T04:50:07.777+0000] {dag.py:3677} INFO - Setting next_dagrun for example_setup_teardown_taskflow to 2023-08-23T04:50:07.777549+00:00, run_after=2023-08-24T04:50:07.777549+00:00
[2023-08-24T04:50:07.795+0000] {processor.py:179} INFO - Processing /usr/local/lib/python3.8/dist-packages/airflow/example_dags/example_setup_teardown_taskflow.py took 0.066 seconds
[2023-08-24T04:51:05.596+0000] {processor.py:157} INFO - Started process (PID=45204) to work on /usr/local/lib/python3.8/dist-packages/airflow/example_dags/example_setup_teardown_taskflow.py
[2023-08-24T04:51:05.597+0000] {processor.py:829} INFO - Processing file /usr/local/lib/python3.8/dist-packages/airflow/example_dags/example_setup_teardown_taskflow.py for tasks to queue
[2023-08-24T04:51:05.598+0000] {logging_mixin.py:151} INFO - [2023-08-24T04:51:05.598+0000] {dagbag.py:539} INFO - Filling up the DagBag from /usr/local/lib/python3.8/dist-packages/airflow/example_dags/example_setup_teardown_taskflow.py
[2023-08-24T04:51:05.608+0000] {processor.py:839} INFO - DAG(s) dict_keys(['example_setup_teardown_taskflow']) retrieved from /usr/local/lib/python3.8/dist-packages/airflow/example_dags/example_setup_teardown_taskflow.py
[2023-08-24T04:51:05.624+0000] {logging_mixin.py:151} INFO - [2023-08-24T04:51:05.624+0000] {dag.py:2907} INFO - Sync 1 DAGs
[2023-08-24T04:51:05.640+0000] {logging_mixin.py:151} INFO - [2023-08-24T04:51:05.640+0000] {dag.py:3677} INFO - Setting next_dagrun for example_setup_teardown_taskflow to 2023-08-23T04:51:05.640369+00:00, run_after=2023-08-24T04:51:05.640369+00:00
[2023-08-24T04:51:05.658+0000] {processor.py:179} INFO - Processing /usr/local/lib/python3.8/dist-packages/airflow/example_dags/example_setup_teardown_taskflow.py took 0.065 seconds
[2023-08-24T04:52:06.831+0000] {processor.py:157} INFO - Started process (PID=45386) to work on /usr/local/lib/python3.8/dist-packages/airflow/example_dags/example_setup_teardown_taskflow.py
[2023-08-24T04:52:06.833+0000] {processor.py:829} INFO - Processing file /usr/local/lib/python3.8/dist-packages/airflow/example_dags/example_setup_teardown_taskflow.py for tasks to queue
[2023-08-24T04:52:06.834+0000] {logging_mixin.py:151} INFO - [2023-08-24T04:52:06.833+0000] {dagbag.py:539} INFO - Filling up the DagBag from /usr/local/lib/python3.8/dist-packages/airflow/example_dags/example_setup_teardown_taskflow.py
[2023-08-24T04:52:06.843+0000] {processor.py:839} INFO - DAG(s) dict_keys(['example_setup_teardown_taskflow']) retrieved from /usr/local/lib/python3.8/dist-packages/airflow/example_dags/example_setup_teardown_taskflow.py
[2023-08-24T04:52:06.860+0000] {logging_mixin.py:151} INFO - [2023-08-24T04:52:06.859+0000] {dag.py:2907} INFO - Sync 1 DAGs
[2023-08-24T04:52:06.875+0000] {logging_mixin.py:151} INFO - [2023-08-24T04:52:06.875+0000] {dag.py:3677} INFO - Setting next_dagrun for example_setup_teardown_taskflow to 2023-08-23T04:52:06.875423+00:00, run_after=2023-08-24T04:52:06.875423+00:00
[2023-08-24T04:52:06.894+0000] {processor.py:179} INFO - Processing /usr/local/lib/python3.8/dist-packages/airflow/example_dags/example_setup_teardown_taskflow.py took 0.066 seconds
[2023-08-24T04:53:08.368+0000] {processor.py:157} INFO - Started process (PID=45575) to work on /usr/local/lib/python3.8/dist-packages/airflow/example_dags/example_setup_teardown_taskflow.py
[2023-08-24T04:53:08.370+0000] {processor.py:829} INFO - Processing file /usr/local/lib/python3.8/dist-packages/airflow/example_dags/example_setup_teardown_taskflow.py for tasks to queue
[2023-08-24T04:53:08.371+0000] {logging_mixin.py:151} INFO - [2023-08-24T04:53:08.370+0000] {dagbag.py:539} INFO - Filling up the DagBag from /usr/local/lib/python3.8/dist-packages/airflow/example_dags/example_setup_teardown_taskflow.py
[2023-08-24T04:53:08.380+0000] {processor.py:839} INFO - DAG(s) dict_keys(['example_setup_teardown_taskflow']) retrieved from /usr/local/lib/python3.8/dist-packages/airflow/example_dags/example_setup_teardown_taskflow.py
[2023-08-24T04:53:08.397+0000] {logging_mixin.py:151} INFO - [2023-08-24T04:53:08.397+0000] {dag.py:2907} INFO - Sync 1 DAGs
[2023-08-24T04:53:08.413+0000] {logging_mixin.py:151} INFO - [2023-08-24T04:53:08.413+0000] {dag.py:3677} INFO - Setting next_dagrun for example_setup_teardown_taskflow to 2023-08-23T04:53:08.412991+00:00, run_after=2023-08-24T04:53:08.412991+00:00
[2023-08-24T04:53:08.431+0000] {processor.py:179} INFO - Processing /usr/local/lib/python3.8/dist-packages/airflow/example_dags/example_setup_teardown_taskflow.py took 0.066 seconds
[2023-08-24T04:54:09.836+0000] {processor.py:157} INFO - Started process (PID=45758) to work on /usr/local/lib/python3.8/dist-packages/airflow/example_dags/example_setup_teardown_taskflow.py
[2023-08-24T04:54:09.837+0000] {processor.py:829} INFO - Processing file /usr/local/lib/python3.8/dist-packages/airflow/example_dags/example_setup_teardown_taskflow.py for tasks to queue
[2023-08-24T04:54:09.838+0000] {logging_mixin.py:151} INFO - [2023-08-24T04:54:09.838+0000] {dagbag.py:539} INFO - Filling up the DagBag from /usr/local/lib/python3.8/dist-packages/airflow/example_dags/example_setup_teardown_taskflow.py
[2023-08-24T04:54:09.847+0000] {processor.py:839} INFO - DAG(s) dict_keys(['example_setup_teardown_taskflow']) retrieved from /usr/local/lib/python3.8/dist-packages/airflow/example_dags/example_setup_teardown_taskflow.py
[2023-08-24T04:54:09.864+0000] {logging_mixin.py:151} INFO - [2023-08-24T04:54:09.864+0000] {dag.py:2907} INFO - Sync 1 DAGs
[2023-08-24T04:54:09.880+0000] {logging_mixin.py:151} INFO - [2023-08-24T04:54:09.880+0000] {dag.py:3677} INFO - Setting next_dagrun for example_setup_teardown_taskflow to 2023-08-23T04:54:09.880374+00:00, run_after=2023-08-24T04:54:09.880374+00:00
[2023-08-24T04:54:09.899+0000] {processor.py:179} INFO - Processing /usr/local/lib/python3.8/dist-packages/airflow/example_dags/example_setup_teardown_taskflow.py took 0.066 seconds
[2023-08-24T04:55:11.443+0000] {processor.py:157} INFO - Started process (PID=45942) to work on /usr/local/lib/python3.8/dist-packages/airflow/example_dags/example_setup_teardown_taskflow.py
[2023-08-24T04:55:11.444+0000] {processor.py:829} INFO - Processing file /usr/local/lib/python3.8/dist-packages/airflow/example_dags/example_setup_teardown_taskflow.py for tasks to queue
[2023-08-24T04:55:11.445+0000] {logging_mixin.py:151} INFO - [2023-08-24T04:55:11.445+0000] {dagbag.py:539} INFO - Filling up the DagBag from /usr/local/lib/python3.8/dist-packages/airflow/example_dags/example_setup_teardown_taskflow.py
[2023-08-24T04:55:11.454+0000] {processor.py:839} INFO - DAG(s) dict_keys(['example_setup_teardown_taskflow']) retrieved from /usr/local/lib/python3.8/dist-packages/airflow/example_dags/example_setup_teardown_taskflow.py
[2023-08-24T04:55:11.471+0000] {logging_mixin.py:151} INFO - [2023-08-24T04:55:11.471+0000] {dag.py:2907} INFO - Sync 1 DAGs
[2023-08-24T04:55:11.488+0000] {logging_mixin.py:151} INFO - [2023-08-24T04:55:11.488+0000] {dag.py:3677} INFO - Setting next_dagrun for example_setup_teardown_taskflow to 2023-08-23T04:55:11.488187+00:00, run_after=2023-08-24T04:55:11.488187+00:00
[2023-08-24T04:55:11.506+0000] {processor.py:179} INFO - Processing /usr/local/lib/python3.8/dist-packages/airflow/example_dags/example_setup_teardown_taskflow.py took 0.067 seconds
[2023-08-24T04:56:13.342+0000] {processor.py:157} INFO - Started process (PID=46129) to work on /usr/local/lib/python3.8/dist-packages/airflow/example_dags/example_setup_teardown_taskflow.py
[2023-08-24T04:56:13.344+0000] {processor.py:829} INFO - Processing file /usr/local/lib/python3.8/dist-packages/airflow/example_dags/example_setup_teardown_taskflow.py for tasks to queue
[2023-08-24T04:56:13.345+0000] {logging_mixin.py:151} INFO - [2023-08-24T04:56:13.344+0000] {dagbag.py:539} INFO - Filling up the DagBag from /usr/local/lib/python3.8/dist-packages/airflow/example_dags/example_setup_teardown_taskflow.py
[2023-08-24T04:56:13.357+0000] {processor.py:839} INFO - DAG(s) dict_keys(['example_setup_teardown_taskflow']) retrieved from /usr/local/lib/python3.8/dist-packages/airflow/example_dags/example_setup_teardown_taskflow.py
[2023-08-24T04:56:13.374+0000] {logging_mixin.py:151} INFO - [2023-08-24T04:56:13.374+0000] {dag.py:2907} INFO - Sync 1 DAGs
[2023-08-24T04:56:13.391+0000] {logging_mixin.py:151} INFO - [2023-08-24T04:56:13.390+0000] {dag.py:3677} INFO - Setting next_dagrun for example_setup_teardown_taskflow to 2023-08-23T04:56:13.390645+00:00, run_after=2023-08-24T04:56:13.390645+00:00
[2023-08-24T04:56:13.535+0000] {processor.py:179} INFO - Processing /usr/local/lib/python3.8/dist-packages/airflow/example_dags/example_setup_teardown_taskflow.py took 0.197 seconds
[2023-08-24T04:57:17.675+0000] {processor.py:157} INFO - Started process (PID=46326) to work on /usr/local/lib/python3.8/dist-packages/airflow/example_dags/example_setup_teardown_taskflow.py
[2023-08-24T04:57:17.677+0000] {processor.py:829} INFO - Processing file /usr/local/lib/python3.8/dist-packages/airflow/example_dags/example_setup_teardown_taskflow.py for tasks to queue
[2023-08-24T04:57:17.678+0000] {logging_mixin.py:151} INFO - [2023-08-24T04:57:17.677+0000] {dagbag.py:539} INFO - Filling up the DagBag from /usr/local/lib/python3.8/dist-packages/airflow/example_dags/example_setup_teardown_taskflow.py
[2023-08-24T04:57:17.688+0000] {processor.py:839} INFO - DAG(s) dict_keys(['example_setup_teardown_taskflow']) retrieved from /usr/local/lib/python3.8/dist-packages/airflow/example_dags/example_setup_teardown_taskflow.py
[2023-08-24T04:57:17.704+0000] {logging_mixin.py:151} INFO - [2023-08-24T04:57:17.704+0000] {dag.py:2907} INFO - Sync 1 DAGs
[2023-08-24T04:57:17.720+0000] {logging_mixin.py:151} INFO - [2023-08-24T04:57:17.720+0000] {dag.py:3677} INFO - Setting next_dagrun for example_setup_teardown_taskflow to 2023-08-23T04:57:17.720153+00:00, run_after=2023-08-24T04:57:17.720153+00:00
[2023-08-24T04:57:17.737+0000] {processor.py:179} INFO - Processing /usr/local/lib/python3.8/dist-packages/airflow/example_dags/example_setup_teardown_taskflow.py took 0.066 seconds
[2023-08-24T04:58:21.428+0000] {processor.py:157} INFO - Started process (PID=46510) to work on /usr/local/lib/python3.8/dist-packages/airflow/example_dags/example_setup_teardown_taskflow.py
[2023-08-24T04:58:21.429+0000] {processor.py:829} INFO - Processing file /usr/local/lib/python3.8/dist-packages/airflow/example_dags/example_setup_teardown_taskflow.py for tasks to queue
[2023-08-24T04:58:21.430+0000] {logging_mixin.py:151} INFO - [2023-08-24T04:58:21.430+0000] {dagbag.py:539} INFO - Filling up the DagBag from /usr/local/lib/python3.8/dist-packages/airflow/example_dags/example_setup_teardown_taskflow.py
[2023-08-24T04:58:21.440+0000] {processor.py:839} INFO - DAG(s) dict_keys(['example_setup_teardown_taskflow']) retrieved from /usr/local/lib/python3.8/dist-packages/airflow/example_dags/example_setup_teardown_taskflow.py
[2023-08-24T04:58:21.456+0000] {logging_mixin.py:151} INFO - [2023-08-24T04:58:21.456+0000] {dag.py:2907} INFO - Sync 1 DAGs
[2023-08-24T04:58:21.475+0000] {logging_mixin.py:151} INFO - [2023-08-24T04:58:21.475+0000] {dag.py:3677} INFO - Setting next_dagrun for example_setup_teardown_taskflow to 2023-08-23T04:58:21.475011+00:00, run_after=2023-08-24T04:58:21.475011+00:00
[2023-08-24T04:58:21.493+0000] {processor.py:179} INFO - Processing /usr/local/lib/python3.8/dist-packages/airflow/example_dags/example_setup_teardown_taskflow.py took 0.069 seconds
[2023-08-24T04:59:25.275+0000] {processor.py:157} INFO - Started process (PID=46693) to work on /usr/local/lib/python3.8/dist-packages/airflow/example_dags/example_setup_teardown_taskflow.py
[2023-08-24T04:59:25.276+0000] {processor.py:829} INFO - Processing file /usr/local/lib/python3.8/dist-packages/airflow/example_dags/example_setup_teardown_taskflow.py for tasks to queue
[2023-08-24T04:59:25.277+0000] {logging_mixin.py:151} INFO - [2023-08-24T04:59:25.277+0000] {dagbag.py:539} INFO - Filling up the DagBag from /usr/local/lib/python3.8/dist-packages/airflow/example_dags/example_setup_teardown_taskflow.py
[2023-08-24T04:59:25.287+0000] {processor.py:839} INFO - DAG(s) dict_keys(['example_setup_teardown_taskflow']) retrieved from /usr/local/lib/python3.8/dist-packages/airflow/example_dags/example_setup_teardown_taskflow.py
[2023-08-24T04:59:25.303+0000] {logging_mixin.py:151} INFO - [2023-08-24T04:59:25.303+0000] {dag.py:2907} INFO - Sync 1 DAGs
[2023-08-24T04:59:25.437+0000] {logging_mixin.py:151} INFO - [2023-08-24T04:59:25.436+0000] {dag.py:3677} INFO - Setting next_dagrun for example_setup_teardown_taskflow to 2023-08-23T04:59:25.436750+00:00, run_after=2023-08-24T04:59:25.436750+00:00
[2023-08-24T04:59:25.453+0000] {processor.py:179} INFO - Processing /usr/local/lib/python3.8/dist-packages/airflow/example_dags/example_setup_teardown_taskflow.py took 0.182 seconds
[2023-08-24T05:00:27.132+0000] {processor.py:157} INFO - Started process (PID=46877) to work on /usr/local/lib/python3.8/dist-packages/airflow/example_dags/example_setup_teardown_taskflow.py
[2023-08-24T05:00:27.133+0000] {processor.py:829} INFO - Processing file /usr/local/lib/python3.8/dist-packages/airflow/example_dags/example_setup_teardown_taskflow.py for tasks to queue
[2023-08-24T05:00:27.134+0000] {logging_mixin.py:151} INFO - [2023-08-24T05:00:27.134+0000] {dagbag.py:539} INFO - Filling up the DagBag from /usr/local/lib/python3.8/dist-packages/airflow/example_dags/example_setup_teardown_taskflow.py
[2023-08-24T05:00:27.144+0000] {processor.py:839} INFO - DAG(s) dict_keys(['example_setup_teardown_taskflow']) retrieved from /usr/local/lib/python3.8/dist-packages/airflow/example_dags/example_setup_teardown_taskflow.py
[2023-08-24T05:00:27.160+0000] {logging_mixin.py:151} INFO - [2023-08-24T05:00:27.160+0000] {dag.py:2907} INFO - Sync 1 DAGs
[2023-08-24T05:00:27.176+0000] {logging_mixin.py:151} INFO - [2023-08-24T05:00:27.176+0000] {dag.py:3677} INFO - Setting next_dagrun for example_setup_teardown_taskflow to 2023-08-23T05:00:27.176453+00:00, run_after=2023-08-24T05:00:27.176453+00:00
[2023-08-24T05:00:27.193+0000] {processor.py:179} INFO - Processing /usr/local/lib/python3.8/dist-packages/airflow/example_dags/example_setup_teardown_taskflow.py took 0.065 seconds
[2023-08-24T05:01:27.375+0000] {processor.py:157} INFO - Started process (PID=47074) to work on /usr/local/lib/python3.8/dist-packages/airflow/example_dags/example_setup_teardown_taskflow.py
[2023-08-24T05:01:27.377+0000] {processor.py:829} INFO - Processing file /usr/local/lib/python3.8/dist-packages/airflow/example_dags/example_setup_teardown_taskflow.py for tasks to queue
[2023-08-24T05:01:27.378+0000] {logging_mixin.py:151} INFO - [2023-08-24T05:01:27.377+0000] {dagbag.py:539} INFO - Filling up the DagBag from /usr/local/lib/python3.8/dist-packages/airflow/example_dags/example_setup_teardown_taskflow.py
[2023-08-24T05:01:27.387+0000] {processor.py:839} INFO - DAG(s) dict_keys(['example_setup_teardown_taskflow']) retrieved from /usr/local/lib/python3.8/dist-packages/airflow/example_dags/example_setup_teardown_taskflow.py
[2023-08-24T05:01:27.405+0000] {logging_mixin.py:151} INFO - [2023-08-24T05:01:27.405+0000] {dag.py:2907} INFO - Sync 1 DAGs
[2023-08-24T05:01:27.421+0000] {logging_mixin.py:151} INFO - [2023-08-24T05:01:27.421+0000] {dag.py:3677} INFO - Setting next_dagrun for example_setup_teardown_taskflow to 2023-08-23T05:01:27.421202+00:00, run_after=2023-08-24T05:01:27.421202+00:00
[2023-08-24T05:01:27.440+0000] {processor.py:179} INFO - Processing /usr/local/lib/python3.8/dist-packages/airflow/example_dags/example_setup_teardown_taskflow.py took 0.068 seconds
[2023-08-24T05:02:25.857+0000] {processor.py:157} INFO - Started process (PID=47260) to work on /usr/local/lib/python3.8/dist-packages/airflow/example_dags/example_setup_teardown_taskflow.py
[2023-08-24T05:02:25.859+0000] {processor.py:829} INFO - Processing file /usr/local/lib/python3.8/dist-packages/airflow/example_dags/example_setup_teardown_taskflow.py for tasks to queue
[2023-08-24T05:02:25.860+0000] {logging_mixin.py:151} INFO - [2023-08-24T05:02:25.859+0000] {dagbag.py:539} INFO - Filling up the DagBag from /usr/local/lib/python3.8/dist-packages/airflow/example_dags/example_setup_teardown_taskflow.py
[2023-08-24T05:02:25.869+0000] {processor.py:839} INFO - DAG(s) dict_keys(['example_setup_teardown_taskflow']) retrieved from /usr/local/lib/python3.8/dist-packages/airflow/example_dags/example_setup_teardown_taskflow.py
[2023-08-24T05:02:25.886+0000] {logging_mixin.py:151} INFO - [2023-08-24T05:02:25.885+0000] {dag.py:2907} INFO - Sync 1 DAGs
[2023-08-24T05:02:25.901+0000] {logging_mixin.py:151} INFO - [2023-08-24T05:02:25.901+0000] {dag.py:3677} INFO - Setting next_dagrun for example_setup_teardown_taskflow to 2023-08-23T05:02:25.901319+00:00, run_after=2023-08-24T05:02:25.901319+00:00
[2023-08-24T05:02:25.918+0000] {processor.py:179} INFO - Processing /usr/local/lib/python3.8/dist-packages/airflow/example_dags/example_setup_teardown_taskflow.py took 0.065 seconds
[2023-08-24T05:03:26.528+0000] {processor.py:157} INFO - Started process (PID=47448) to work on /usr/local/lib/python3.8/dist-packages/airflow/example_dags/example_setup_teardown_taskflow.py
[2023-08-24T05:03:26.530+0000] {processor.py:829} INFO - Processing file /usr/local/lib/python3.8/dist-packages/airflow/example_dags/example_setup_teardown_taskflow.py for tasks to queue
[2023-08-24T05:03:26.530+0000] {logging_mixin.py:151} INFO - [2023-08-24T05:03:26.530+0000] {dagbag.py:539} INFO - Filling up the DagBag from /usr/local/lib/python3.8/dist-packages/airflow/example_dags/example_setup_teardown_taskflow.py
[2023-08-24T05:03:26.540+0000] {processor.py:839} INFO - DAG(s) dict_keys(['example_setup_teardown_taskflow']) retrieved from /usr/local/lib/python3.8/dist-packages/airflow/example_dags/example_setup_teardown_taskflow.py
[2023-08-24T05:03:26.557+0000] {logging_mixin.py:151} INFO - [2023-08-24T05:03:26.557+0000] {dag.py:2907} INFO - Sync 1 DAGs
[2023-08-24T05:03:26.573+0000] {logging_mixin.py:151} INFO - [2023-08-24T05:03:26.573+0000] {dag.py:3677} INFO - Setting next_dagrun for example_setup_teardown_taskflow to 2023-08-23T05:03:26.572846+00:00, run_after=2023-08-24T05:03:26.572846+00:00
[2023-08-24T05:03:26.590+0000] {processor.py:179} INFO - Processing /usr/local/lib/python3.8/dist-packages/airflow/example_dags/example_setup_teardown_taskflow.py took 0.066 seconds
[2023-08-24T05:04:25.525+0000] {processor.py:157} INFO - Started process (PID=47631) to work on /usr/local/lib/python3.8/dist-packages/airflow/example_dags/example_setup_teardown_taskflow.py
[2023-08-24T05:04:25.526+0000] {processor.py:829} INFO - Processing file /usr/local/lib/python3.8/dist-packages/airflow/example_dags/example_setup_teardown_taskflow.py for tasks to queue
[2023-08-24T05:04:25.527+0000] {logging_mixin.py:151} INFO - [2023-08-24T05:04:25.527+0000] {dagbag.py:539} INFO - Filling up the DagBag from /usr/local/lib/python3.8/dist-packages/airflow/example_dags/example_setup_teardown_taskflow.py
[2023-08-24T05:04:25.536+0000] {processor.py:839} INFO - DAG(s) dict_keys(['example_setup_teardown_taskflow']) retrieved from /usr/local/lib/python3.8/dist-packages/airflow/example_dags/example_setup_teardown_taskflow.py
[2023-08-24T05:04:25.553+0000] {logging_mixin.py:151} INFO - [2023-08-24T05:04:25.553+0000] {dag.py:2907} INFO - Sync 1 DAGs
[2023-08-24T05:04:25.569+0000] {logging_mixin.py:151} INFO - [2023-08-24T05:04:25.569+0000] {dag.py:3677} INFO - Setting next_dagrun for example_setup_teardown_taskflow to 2023-08-23T05:04:25.569423+00:00, run_after=2023-08-24T05:04:25.569423+00:00
[2023-08-24T05:04:25.587+0000] {processor.py:179} INFO - Processing /usr/local/lib/python3.8/dist-packages/airflow/example_dags/example_setup_teardown_taskflow.py took 0.066 seconds
[2023-08-24T05:05:25.756+0000] {processor.py:157} INFO - Started process (PID=47827) to work on /usr/local/lib/python3.8/dist-packages/airflow/example_dags/example_setup_teardown_taskflow.py
[2023-08-24T05:05:25.757+0000] {processor.py:829} INFO - Processing file /usr/local/lib/python3.8/dist-packages/airflow/example_dags/example_setup_teardown_taskflow.py for tasks to queue
[2023-08-24T05:05:25.758+0000] {logging_mixin.py:151} INFO - [2023-08-24T05:05:25.758+0000] {dagbag.py:539} INFO - Filling up the DagBag from /usr/local/lib/python3.8/dist-packages/airflow/example_dags/example_setup_teardown_taskflow.py
[2023-08-24T05:05:25.768+0000] {processor.py:839} INFO - DAG(s) dict_keys(['example_setup_teardown_taskflow']) retrieved from /usr/local/lib/python3.8/dist-packages/airflow/example_dags/example_setup_teardown_taskflow.py
[2023-08-24T05:05:25.784+0000] {logging_mixin.py:151} INFO - [2023-08-24T05:05:25.784+0000] {dag.py:2907} INFO - Sync 1 DAGs
[2023-08-24T05:05:25.799+0000] {logging_mixin.py:151} INFO - [2023-08-24T05:05:25.799+0000] {dag.py:3677} INFO - Setting next_dagrun for example_setup_teardown_taskflow to 2023-08-23T05:05:25.799518+00:00, run_after=2023-08-24T05:05:25.799518+00:00
[2023-08-24T05:05:25.816+0000] {processor.py:179} INFO - Processing /usr/local/lib/python3.8/dist-packages/airflow/example_dags/example_setup_teardown_taskflow.py took 0.064 seconds
[2023-08-24T05:06:23.508+0000] {processor.py:157} INFO - Started process (PID=48023) to work on /usr/local/lib/python3.8/dist-packages/airflow/example_dags/example_setup_teardown_taskflow.py
[2023-08-24T05:06:23.510+0000] {processor.py:829} INFO - Processing file /usr/local/lib/python3.8/dist-packages/airflow/example_dags/example_setup_teardown_taskflow.py for tasks to queue
[2023-08-24T05:06:23.511+0000] {logging_mixin.py:151} INFO - [2023-08-24T05:06:23.510+0000] {dagbag.py:539} INFO - Filling up the DagBag from /usr/local/lib/python3.8/dist-packages/airflow/example_dags/example_setup_teardown_taskflow.py
[2023-08-24T05:06:23.520+0000] {processor.py:839} INFO - DAG(s) dict_keys(['example_setup_teardown_taskflow']) retrieved from /usr/local/lib/python3.8/dist-packages/airflow/example_dags/example_setup_teardown_taskflow.py
[2023-08-24T05:06:23.537+0000] {logging_mixin.py:151} INFO - [2023-08-24T05:06:23.537+0000] {dag.py:2907} INFO - Sync 1 DAGs
[2023-08-24T05:06:23.553+0000] {logging_mixin.py:151} INFO - [2023-08-24T05:06:23.553+0000] {dag.py:3677} INFO - Setting next_dagrun for example_setup_teardown_taskflow to 2023-08-23T05:06:23.553566+00:00, run_after=2023-08-24T05:06:23.553566+00:00
[2023-08-24T05:06:23.572+0000] {processor.py:179} INFO - Processing /usr/local/lib/python3.8/dist-packages/airflow/example_dags/example_setup_teardown_taskflow.py took 0.067 seconds
[2023-08-24T05:07:21.556+0000] {processor.py:157} INFO - Started process (PID=48207) to work on /usr/local/lib/python3.8/dist-packages/airflow/example_dags/example_setup_teardown_taskflow.py
[2023-08-24T05:07:21.564+0000] {processor.py:829} INFO - Processing file /usr/local/lib/python3.8/dist-packages/airflow/example_dags/example_setup_teardown_taskflow.py for tasks to queue
[2023-08-24T05:07:21.565+0000] {logging_mixin.py:151} INFO - [2023-08-24T05:07:21.564+0000] {dagbag.py:539} INFO - Filling up the DagBag from /usr/local/lib/python3.8/dist-packages/airflow/example_dags/example_setup_teardown_taskflow.py
[2023-08-24T05:07:21.574+0000] {processor.py:839} INFO - DAG(s) dict_keys(['example_setup_teardown_taskflow']) retrieved from /usr/local/lib/python3.8/dist-packages/airflow/example_dags/example_setup_teardown_taskflow.py
[2023-08-24T05:07:21.591+0000] {logging_mixin.py:151} INFO - [2023-08-24T05:07:21.591+0000] {dag.py:2907} INFO - Sync 1 DAGs
[2023-08-24T05:07:21.607+0000] {logging_mixin.py:151} INFO - [2023-08-24T05:07:21.607+0000] {dag.py:3677} INFO - Setting next_dagrun for example_setup_teardown_taskflow to 2023-08-23T05:07:21.607140+00:00, run_after=2023-08-24T05:07:21.607140+00:00
[2023-08-24T05:07:21.624+0000] {processor.py:179} INFO - Processing /usr/local/lib/python3.8/dist-packages/airflow/example_dags/example_setup_teardown_taskflow.py took 0.072 seconds
[2023-08-24T05:08:20.433+0000] {processor.py:157} INFO - Started process (PID=48393) to work on /usr/local/lib/python3.8/dist-packages/airflow/example_dags/example_setup_teardown_taskflow.py
[2023-08-24T05:08:20.436+0000] {processor.py:829} INFO - Processing file /usr/local/lib/python3.8/dist-packages/airflow/example_dags/example_setup_teardown_taskflow.py for tasks to queue
[2023-08-24T05:08:20.437+0000] {logging_mixin.py:151} INFO - [2023-08-24T05:08:20.436+0000] {dagbag.py:539} INFO - Filling up the DagBag from /usr/local/lib/python3.8/dist-packages/airflow/example_dags/example_setup_teardown_taskflow.py
[2023-08-24T05:08:20.447+0000] {processor.py:839} INFO - DAG(s) dict_keys(['example_setup_teardown_taskflow']) retrieved from /usr/local/lib/python3.8/dist-packages/airflow/example_dags/example_setup_teardown_taskflow.py
[2023-08-24T05:08:20.464+0000] {logging_mixin.py:151} INFO - [2023-08-24T05:08:20.464+0000] {dag.py:2907} INFO - Sync 1 DAGs
[2023-08-24T05:08:20.482+0000] {logging_mixin.py:151} INFO - [2023-08-24T05:08:20.481+0000] {dag.py:3677} INFO - Setting next_dagrun for example_setup_teardown_taskflow to 2023-08-23T05:08:20.481665+00:00, run_after=2023-08-24T05:08:20.481665+00:00
[2023-08-24T05:08:20.503+0000] {processor.py:179} INFO - Processing /usr/local/lib/python3.8/dist-packages/airflow/example_dags/example_setup_teardown_taskflow.py took 0.073 seconds
[2023-08-24T05:09:20.901+0000] {processor.py:157} INFO - Started process (PID=48589) to work on /usr/local/lib/python3.8/dist-packages/airflow/example_dags/example_setup_teardown_taskflow.py
[2023-08-24T05:09:20.903+0000] {processor.py:829} INFO - Processing file /usr/local/lib/python3.8/dist-packages/airflow/example_dags/example_setup_teardown_taskflow.py for tasks to queue
[2023-08-24T05:09:20.904+0000] {logging_mixin.py:151} INFO - [2023-08-24T05:09:20.903+0000] {dagbag.py:539} INFO - Filling up the DagBag from /usr/local/lib/python3.8/dist-packages/airflow/example_dags/example_setup_teardown_taskflow.py
[2023-08-24T05:09:20.913+0000] {processor.py:839} INFO - DAG(s) dict_keys(['example_setup_teardown_taskflow']) retrieved from /usr/local/lib/python3.8/dist-packages/airflow/example_dags/example_setup_teardown_taskflow.py
[2023-08-24T05:09:20.931+0000] {logging_mixin.py:151} INFO - [2023-08-24T05:09:20.931+0000] {dag.py:2907} INFO - Sync 1 DAGs
[2023-08-24T05:09:20.947+0000] {logging_mixin.py:151} INFO - [2023-08-24T05:09:20.947+0000] {dag.py:3677} INFO - Setting next_dagrun for example_setup_teardown_taskflow to 2023-08-23T05:09:20.947397+00:00, run_after=2023-08-24T05:09:20.947397+00:00
[2023-08-24T05:09:20.965+0000] {processor.py:179} INFO - Processing /usr/local/lib/python3.8/dist-packages/airflow/example_dags/example_setup_teardown_taskflow.py took 0.068 seconds
[2023-08-24T05:10:19.595+0000] {processor.py:157} INFO - Started process (PID=48770) to work on /usr/local/lib/python3.8/dist-packages/airflow/example_dags/example_setup_teardown_taskflow.py
[2023-08-24T05:10:19.597+0000] {processor.py:829} INFO - Processing file /usr/local/lib/python3.8/dist-packages/airflow/example_dags/example_setup_teardown_taskflow.py for tasks to queue
[2023-08-24T05:10:19.597+0000] {logging_mixin.py:151} INFO - [2023-08-24T05:10:19.597+0000] {dagbag.py:539} INFO - Filling up the DagBag from /usr/local/lib/python3.8/dist-packages/airflow/example_dags/example_setup_teardown_taskflow.py
[2023-08-24T05:10:19.607+0000] {processor.py:839} INFO - DAG(s) dict_keys(['example_setup_teardown_taskflow']) retrieved from /usr/local/lib/python3.8/dist-packages/airflow/example_dags/example_setup_teardown_taskflow.py
[2023-08-24T05:10:19.624+0000] {logging_mixin.py:151} INFO - [2023-08-24T05:10:19.624+0000] {dag.py:2907} INFO - Sync 1 DAGs
[2023-08-24T05:10:19.641+0000] {logging_mixin.py:151} INFO - [2023-08-24T05:10:19.640+0000] {dag.py:3677} INFO - Setting next_dagrun for example_setup_teardown_taskflow to 2023-08-23T05:10:19.640656+00:00, run_after=2023-08-24T05:10:19.640656+00:00
[2023-08-24T05:10:19.659+0000] {processor.py:179} INFO - Processing /usr/local/lib/python3.8/dist-packages/airflow/example_dags/example_setup_teardown_taskflow.py took 0.067 seconds
[2023-08-24T05:11:34.276+0000] {processor.py:157} INFO - Started process (PID=48926) to work on /usr/local/lib/python3.8/dist-packages/airflow/example_dags/example_setup_teardown_taskflow.py
[2023-08-24T05:11:34.278+0000] {processor.py:829} INFO - Processing file /usr/local/lib/python3.8/dist-packages/airflow/example_dags/example_setup_teardown_taskflow.py for tasks to queue
[2023-08-24T05:11:34.278+0000] {logging_mixin.py:151} INFO - [2023-08-24T05:11:34.278+0000] {dagbag.py:539} INFO - Filling up the DagBag from /usr/local/lib/python3.8/dist-packages/airflow/example_dags/example_setup_teardown_taskflow.py
[2023-08-24T05:11:34.290+0000] {processor.py:839} INFO - DAG(s) dict_keys(['example_setup_teardown_taskflow']) retrieved from /usr/local/lib/python3.8/dist-packages/airflow/example_dags/example_setup_teardown_taskflow.py
[2023-08-24T05:11:34.309+0000] {logging_mixin.py:151} INFO - [2023-08-24T05:11:34.309+0000] {dag.py:2907} INFO - Sync 1 DAGs
[2023-08-24T05:11:34.326+0000] {logging_mixin.py:151} INFO - [2023-08-24T05:11:34.326+0000] {dag.py:3677} INFO - Setting next_dagrun for example_setup_teardown_taskflow to 2023-08-23T05:11:34.326151+00:00, run_after=2023-08-24T05:11:34.326151+00:00
[2023-08-24T05:11:34.345+0000] {processor.py:179} INFO - Processing /usr/local/lib/python3.8/dist-packages/airflow/example_dags/example_setup_teardown_taskflow.py took 0.073 seconds
[2023-08-24T05:12:34.200+0000] {processor.py:157} INFO - Started process (PID=49121) to work on /usr/local/lib/python3.8/dist-packages/airflow/example_dags/example_setup_teardown_taskflow.py
[2023-08-24T05:12:34.202+0000] {processor.py:829} INFO - Processing file /usr/local/lib/python3.8/dist-packages/airflow/example_dags/example_setup_teardown_taskflow.py for tasks to queue
[2023-08-24T05:12:34.202+0000] {logging_mixin.py:151} INFO - [2023-08-24T05:12:34.202+0000] {dagbag.py:539} INFO - Filling up the DagBag from /usr/local/lib/python3.8/dist-packages/airflow/example_dags/example_setup_teardown_taskflow.py
[2023-08-24T05:12:34.212+0000] {processor.py:839} INFO - DAG(s) dict_keys(['example_setup_teardown_taskflow']) retrieved from /usr/local/lib/python3.8/dist-packages/airflow/example_dags/example_setup_teardown_taskflow.py
[2023-08-24T05:12:34.230+0000] {logging_mixin.py:151} INFO - [2023-08-24T05:12:34.230+0000] {dag.py:2907} INFO - Sync 1 DAGs
[2023-08-24T05:12:34.247+0000] {logging_mixin.py:151} INFO - [2023-08-24T05:12:34.246+0000] {dag.py:3677} INFO - Setting next_dagrun for example_setup_teardown_taskflow to 2023-08-23T05:12:34.246547+00:00, run_after=2023-08-24T05:12:34.246547+00:00
[2023-08-24T05:12:34.265+0000] {processor.py:179} INFO - Processing /usr/local/lib/python3.8/dist-packages/airflow/example_dags/example_setup_teardown_taskflow.py took 0.069 seconds
[2023-08-24T05:13:34.827+0000] {processor.py:157} INFO - Started process (PID=49325) to work on /usr/local/lib/python3.8/dist-packages/airflow/example_dags/example_setup_teardown_taskflow.py
[2023-08-24T05:13:34.828+0000] {processor.py:829} INFO - Processing file /usr/local/lib/python3.8/dist-packages/airflow/example_dags/example_setup_teardown_taskflow.py for tasks to queue
[2023-08-24T05:13:34.829+0000] {logging_mixin.py:151} INFO - [2023-08-24T05:13:34.829+0000] {dagbag.py:539} INFO - Filling up the DagBag from /usr/local/lib/python3.8/dist-packages/airflow/example_dags/example_setup_teardown_taskflow.py
[2023-08-24T05:13:34.839+0000] {processor.py:839} INFO - DAG(s) dict_keys(['example_setup_teardown_taskflow']) retrieved from /usr/local/lib/python3.8/dist-packages/airflow/example_dags/example_setup_teardown_taskflow.py
[2023-08-24T05:13:34.856+0000] {logging_mixin.py:151} INFO - [2023-08-24T05:13:34.856+0000] {dag.py:2907} INFO - Sync 1 DAGs
[2023-08-24T05:13:34.872+0000] {logging_mixin.py:151} INFO - [2023-08-24T05:13:34.872+0000] {dag.py:3677} INFO - Setting next_dagrun for example_setup_teardown_taskflow to 2023-08-23T05:13:34.872499+00:00, run_after=2023-08-24T05:13:34.872499+00:00
[2023-08-24T05:13:34.891+0000] {processor.py:179} INFO - Processing /usr/local/lib/python3.8/dist-packages/airflow/example_dags/example_setup_teardown_taskflow.py took 0.068 seconds
