[2023-08-24T04:21:55.740+0000] {processor.py:157} INFO - Started process (PID=37596) to work on /usr/local/lib/python3.8/dist-packages/airflow/example_dags/example_python_operator.py
[2023-08-24T04:21:55.741+0000] {processor.py:829} INFO - Processing file /usr/local/lib/python3.8/dist-packages/airflow/example_dags/example_python_operator.py for tasks to queue
[2023-08-24T04:21:55.742+0000] {logging_mixin.py:151} INFO - [2023-08-24T04:21:55.741+0000] {dagbag.py:539} INFO - Filling up the DagBag from /usr/local/lib/python3.8/dist-packages/airflow/example_dags/example_python_operator.py
[2023-08-24T04:21:55.753+0000] {processor.py:839} INFO - DAG(s) dict_keys(['example_python_operator']) retrieved from /usr/local/lib/python3.8/dist-packages/airflow/example_dags/example_python_operator.py
[2023-08-24T04:21:55.852+0000] {logging_mixin.py:151} INFO - [2023-08-24T04:21:55.852+0000] {dag.py:2907} INFO - Sync 1 DAGs
[2023-08-24T04:21:55.860+0000] {logging_mixin.py:151} INFO - [2023-08-24T04:21:55.860+0000] {dag.py:3677} INFO - Setting next_dagrun for example_python_operator to None, run_after=None
[2023-08-24T04:21:55.878+0000] {processor.py:179} INFO - Processing /usr/local/lib/python3.8/dist-packages/airflow/example_dags/example_python_operator.py took 0.142 seconds
[2023-08-24T04:31:09.961+0000] {processor.py:157} INFO - Started process (PID=41471) to work on /usr/local/lib/python3.8/dist-packages/airflow/example_dags/example_python_operator.py
[2023-08-24T04:31:09.963+0000] {processor.py:829} INFO - Processing file /usr/local/lib/python3.8/dist-packages/airflow/example_dags/example_python_operator.py for tasks to queue
[2023-08-24T04:31:09.964+0000] {logging_mixin.py:151} INFO - [2023-08-24T04:31:09.963+0000] {dagbag.py:539} INFO - Filling up the DagBag from /usr/local/lib/python3.8/dist-packages/airflow/example_dags/example_python_operator.py
[2023-08-24T04:31:09.974+0000] {processor.py:839} INFO - DAG(s) dict_keys(['example_python_operator']) retrieved from /usr/local/lib/python3.8/dist-packages/airflow/example_dags/example_python_operator.py
[2023-08-24T04:31:09.997+0000] {logging_mixin.py:151} INFO - [2023-08-24T04:31:09.997+0000] {dag.py:2907} INFO - Sync 1 DAGs
[2023-08-24T04:31:10.008+0000] {logging_mixin.py:151} INFO - [2023-08-24T04:31:10.008+0000] {dag.py:3677} INFO - Setting next_dagrun for example_python_operator to None, run_after=None
[2023-08-24T04:31:10.026+0000] {processor.py:179} INFO - Processing /usr/local/lib/python3.8/dist-packages/airflow/example_dags/example_python_operator.py took 0.068 seconds
[2023-08-24T04:32:10.857+0000] {processor.py:157} INFO - Started process (PID=41669) to work on /usr/local/lib/python3.8/dist-packages/airflow/example_dags/example_python_operator.py
[2023-08-24T04:32:10.858+0000] {processor.py:829} INFO - Processing file /usr/local/lib/python3.8/dist-packages/airflow/example_dags/example_python_operator.py for tasks to queue
[2023-08-24T04:32:10.859+0000] {logging_mixin.py:151} INFO - [2023-08-24T04:32:10.859+0000] {dagbag.py:539} INFO - Filling up the DagBag from /usr/local/lib/python3.8/dist-packages/airflow/example_dags/example_python_operator.py
[2023-08-24T04:32:10.869+0000] {processor.py:839} INFO - DAG(s) dict_keys(['example_python_operator']) retrieved from /usr/local/lib/python3.8/dist-packages/airflow/example_dags/example_python_operator.py
[2023-08-24T04:32:10.887+0000] {logging_mixin.py:151} INFO - [2023-08-24T04:32:10.886+0000] {dag.py:2907} INFO - Sync 1 DAGs
[2023-08-24T04:32:10.897+0000] {logging_mixin.py:151} INFO - [2023-08-24T04:32:10.897+0000] {dag.py:3677} INFO - Setting next_dagrun for example_python_operator to None, run_after=None
[2023-08-24T04:32:10.914+0000] {processor.py:179} INFO - Processing /usr/local/lib/python3.8/dist-packages/airflow/example_dags/example_python_operator.py took 0.061 seconds
[2023-08-24T04:33:11.541+0000] {processor.py:157} INFO - Started process (PID=41860) to work on /usr/local/lib/python3.8/dist-packages/airflow/example_dags/example_python_operator.py
[2023-08-24T04:33:11.542+0000] {processor.py:829} INFO - Processing file /usr/local/lib/python3.8/dist-packages/airflow/example_dags/example_python_operator.py for tasks to queue
[2023-08-24T04:33:11.543+0000] {logging_mixin.py:151} INFO - [2023-08-24T04:33:11.543+0000] {dagbag.py:539} INFO - Filling up the DagBag from /usr/local/lib/python3.8/dist-packages/airflow/example_dags/example_python_operator.py
[2023-08-24T04:33:11.553+0000] {processor.py:839} INFO - DAG(s) dict_keys(['example_python_operator']) retrieved from /usr/local/lib/python3.8/dist-packages/airflow/example_dags/example_python_operator.py
[2023-08-24T04:33:11.570+0000] {logging_mixin.py:151} INFO - [2023-08-24T04:33:11.570+0000] {dag.py:2907} INFO - Sync 1 DAGs
[2023-08-24T04:33:11.581+0000] {logging_mixin.py:151} INFO - [2023-08-24T04:33:11.581+0000] {dag.py:3677} INFO - Setting next_dagrun for example_python_operator to None, run_after=None
[2023-08-24T04:33:11.599+0000] {processor.py:179} INFO - Processing /usr/local/lib/python3.8/dist-packages/airflow/example_dags/example_python_operator.py took 0.062 seconds
[2023-08-24T04:34:10.656+0000] {processor.py:157} INFO - Started process (PID=42043) to work on /usr/local/lib/python3.8/dist-packages/airflow/example_dags/example_python_operator.py
[2023-08-24T04:34:10.657+0000] {processor.py:829} INFO - Processing file /usr/local/lib/python3.8/dist-packages/airflow/example_dags/example_python_operator.py for tasks to queue
[2023-08-24T04:34:10.658+0000] {logging_mixin.py:151} INFO - [2023-08-24T04:34:10.657+0000] {dagbag.py:539} INFO - Filling up the DagBag from /usr/local/lib/python3.8/dist-packages/airflow/example_dags/example_python_operator.py
[2023-08-24T04:34:10.668+0000] {processor.py:839} INFO - DAG(s) dict_keys(['example_python_operator']) retrieved from /usr/local/lib/python3.8/dist-packages/airflow/example_dags/example_python_operator.py
[2023-08-24T04:34:10.685+0000] {logging_mixin.py:151} INFO - [2023-08-24T04:34:10.685+0000] {dag.py:2907} INFO - Sync 1 DAGs
[2023-08-24T04:34:10.696+0000] {logging_mixin.py:151} INFO - [2023-08-24T04:34:10.696+0000] {dag.py:3677} INFO - Setting next_dagrun for example_python_operator to None, run_after=None
[2023-08-24T04:34:10.713+0000] {processor.py:179} INFO - Processing /usr/local/lib/python3.8/dist-packages/airflow/example_dags/example_python_operator.py took 0.061 seconds
[2023-08-24T04:35:10.280+0000] {processor.py:157} INFO - Started process (PID=42239) to work on /usr/local/lib/python3.8/dist-packages/airflow/example_dags/example_python_operator.py
[2023-08-24T04:35:10.281+0000] {processor.py:829} INFO - Processing file /usr/local/lib/python3.8/dist-packages/airflow/example_dags/example_python_operator.py for tasks to queue
[2023-08-24T04:35:10.282+0000] {logging_mixin.py:151} INFO - [2023-08-24T04:35:10.282+0000] {dagbag.py:539} INFO - Filling up the DagBag from /usr/local/lib/python3.8/dist-packages/airflow/example_dags/example_python_operator.py
[2023-08-24T04:35:10.293+0000] {processor.py:839} INFO - DAG(s) dict_keys(['example_python_operator']) retrieved from /usr/local/lib/python3.8/dist-packages/airflow/example_dags/example_python_operator.py
[2023-08-24T04:35:10.310+0000] {logging_mixin.py:151} INFO - [2023-08-24T04:35:10.310+0000] {dag.py:2907} INFO - Sync 1 DAGs
[2023-08-24T04:35:10.321+0000] {logging_mixin.py:151} INFO - [2023-08-24T04:35:10.321+0000] {dag.py:3677} INFO - Setting next_dagrun for example_python_operator to None, run_after=None
[2023-08-24T04:35:10.340+0000] {processor.py:179} INFO - Processing /usr/local/lib/python3.8/dist-packages/airflow/example_dags/example_python_operator.py took 0.063 seconds
[2023-08-24T04:36:09.256+0000] {processor.py:157} INFO - Started process (PID=42435) to work on /usr/local/lib/python3.8/dist-packages/airflow/example_dags/example_python_operator.py
[2023-08-24T04:36:09.257+0000] {processor.py:829} INFO - Processing file /usr/local/lib/python3.8/dist-packages/airflow/example_dags/example_python_operator.py for tasks to queue
[2023-08-24T04:36:09.258+0000] {logging_mixin.py:151} INFO - [2023-08-24T04:36:09.258+0000] {dagbag.py:539} INFO - Filling up the DagBag from /usr/local/lib/python3.8/dist-packages/airflow/example_dags/example_python_operator.py
[2023-08-24T04:36:09.269+0000] {processor.py:839} INFO - DAG(s) dict_keys(['example_python_operator']) retrieved from /usr/local/lib/python3.8/dist-packages/airflow/example_dags/example_python_operator.py
[2023-08-24T04:36:09.286+0000] {logging_mixin.py:151} INFO - [2023-08-24T04:36:09.285+0000] {dag.py:2907} INFO - Sync 1 DAGs
[2023-08-24T04:36:09.296+0000] {logging_mixin.py:151} INFO - [2023-08-24T04:36:09.296+0000] {dag.py:3677} INFO - Setting next_dagrun for example_python_operator to None, run_after=None
[2023-08-24T04:36:09.313+0000] {processor.py:179} INFO - Processing /usr/local/lib/python3.8/dist-packages/airflow/example_dags/example_python_operator.py took 0.061 seconds
[2023-08-24T04:37:05.057+0000] {processor.py:157} INFO - Started process (PID=42618) to work on /usr/local/lib/python3.8/dist-packages/airflow/example_dags/example_python_operator.py
[2023-08-24T04:37:05.058+0000] {processor.py:829} INFO - Processing file /usr/local/lib/python3.8/dist-packages/airflow/example_dags/example_python_operator.py for tasks to queue
[2023-08-24T04:37:05.059+0000] {logging_mixin.py:151} INFO - [2023-08-24T04:37:05.059+0000] {dagbag.py:539} INFO - Filling up the DagBag from /usr/local/lib/python3.8/dist-packages/airflow/example_dags/example_python_operator.py
[2023-08-24T04:37:05.069+0000] {processor.py:839} INFO - DAG(s) dict_keys(['example_python_operator']) retrieved from /usr/local/lib/python3.8/dist-packages/airflow/example_dags/example_python_operator.py
[2023-08-24T04:37:05.086+0000] {logging_mixin.py:151} INFO - [2023-08-24T04:37:05.086+0000] {dag.py:2907} INFO - Sync 1 DAGs
[2023-08-24T04:37:05.096+0000] {logging_mixin.py:151} INFO - [2023-08-24T04:37:05.096+0000] {dag.py:3677} INFO - Setting next_dagrun for example_python_operator to None, run_after=None
[2023-08-24T04:37:05.113+0000] {processor.py:179} INFO - Processing /usr/local/lib/python3.8/dist-packages/airflow/example_dags/example_python_operator.py took 0.060 seconds
[2023-08-24T04:38:01.621+0000] {processor.py:157} INFO - Started process (PID=42801) to work on /usr/local/lib/python3.8/dist-packages/airflow/example_dags/example_python_operator.py
[2023-08-24T04:38:01.623+0000] {processor.py:829} INFO - Processing file /usr/local/lib/python3.8/dist-packages/airflow/example_dags/example_python_operator.py for tasks to queue
[2023-08-24T04:38:01.624+0000] {logging_mixin.py:151} INFO - [2023-08-24T04:38:01.623+0000] {dagbag.py:539} INFO - Filling up the DagBag from /usr/local/lib/python3.8/dist-packages/airflow/example_dags/example_python_operator.py
[2023-08-24T04:38:01.634+0000] {processor.py:839} INFO - DAG(s) dict_keys(['example_python_operator']) retrieved from /usr/local/lib/python3.8/dist-packages/airflow/example_dags/example_python_operator.py
[2023-08-24T04:38:01.651+0000] {logging_mixin.py:151} INFO - [2023-08-24T04:38:01.651+0000] {dag.py:2907} INFO - Sync 1 DAGs
[2023-08-24T04:38:01.661+0000] {logging_mixin.py:151} INFO - [2023-08-24T04:38:01.661+0000] {dag.py:3677} INFO - Setting next_dagrun for example_python_operator to None, run_after=None
[2023-08-24T04:38:01.679+0000] {processor.py:179} INFO - Processing /usr/local/lib/python3.8/dist-packages/airflow/example_dags/example_python_operator.py took 0.061 seconds
[2023-08-24T04:39:02.250+0000] {processor.py:157} INFO - Started process (PID=42986) to work on /usr/local/lib/python3.8/dist-packages/airflow/example_dags/example_python_operator.py
[2023-08-24T04:39:02.252+0000] {processor.py:829} INFO - Processing file /usr/local/lib/python3.8/dist-packages/airflow/example_dags/example_python_operator.py for tasks to queue
[2023-08-24T04:39:02.253+0000] {logging_mixin.py:151} INFO - [2023-08-24T04:39:02.253+0000] {dagbag.py:539} INFO - Filling up the DagBag from /usr/local/lib/python3.8/dist-packages/airflow/example_dags/example_python_operator.py
[2023-08-24T04:39:02.264+0000] {processor.py:839} INFO - DAG(s) dict_keys(['example_python_operator']) retrieved from /usr/local/lib/python3.8/dist-packages/airflow/example_dags/example_python_operator.py
[2023-08-24T04:39:02.282+0000] {logging_mixin.py:151} INFO - [2023-08-24T04:39:02.282+0000] {dag.py:2907} INFO - Sync 1 DAGs
[2023-08-24T04:39:02.293+0000] {logging_mixin.py:151} INFO - [2023-08-24T04:39:02.293+0000] {dag.py:3677} INFO - Setting next_dagrun for example_python_operator to None, run_after=None
[2023-08-24T04:39:02.312+0000] {processor.py:179} INFO - Processing /usr/local/lib/python3.8/dist-packages/airflow/example_dags/example_python_operator.py took 0.065 seconds
[2023-08-24T04:40:02.522+0000] {processor.py:157} INFO - Started process (PID=43182) to work on /usr/local/lib/python3.8/dist-packages/airflow/example_dags/example_python_operator.py
[2023-08-24T04:40:02.524+0000] {processor.py:829} INFO - Processing file /usr/local/lib/python3.8/dist-packages/airflow/example_dags/example_python_operator.py for tasks to queue
[2023-08-24T04:40:02.525+0000] {logging_mixin.py:151} INFO - [2023-08-24T04:40:02.524+0000] {dagbag.py:539} INFO - Filling up the DagBag from /usr/local/lib/python3.8/dist-packages/airflow/example_dags/example_python_operator.py
[2023-08-24T04:40:02.535+0000] {processor.py:839} INFO - DAG(s) dict_keys(['example_python_operator']) retrieved from /usr/local/lib/python3.8/dist-packages/airflow/example_dags/example_python_operator.py
[2023-08-24T04:40:02.553+0000] {logging_mixin.py:151} INFO - [2023-08-24T04:40:02.552+0000] {dag.py:2907} INFO - Sync 1 DAGs
[2023-08-24T04:40:02.563+0000] {logging_mixin.py:151} INFO - [2023-08-24T04:40:02.563+0000] {dag.py:3677} INFO - Setting next_dagrun for example_python_operator to None, run_after=None
[2023-08-24T04:40:02.583+0000] {processor.py:179} INFO - Processing /usr/local/lib/python3.8/dist-packages/airflow/example_dags/example_python_operator.py took 0.064 seconds
[2023-08-24T04:41:03.206+0000] {processor.py:157} INFO - Started process (PID=43366) to work on /usr/local/lib/python3.8/dist-packages/airflow/example_dags/example_python_operator.py
[2023-08-24T04:41:03.207+0000] {processor.py:829} INFO - Processing file /usr/local/lib/python3.8/dist-packages/airflow/example_dags/example_python_operator.py for tasks to queue
[2023-08-24T04:41:03.208+0000] {logging_mixin.py:151} INFO - [2023-08-24T04:41:03.208+0000] {dagbag.py:539} INFO - Filling up the DagBag from /usr/local/lib/python3.8/dist-packages/airflow/example_dags/example_python_operator.py
[2023-08-24T04:41:03.219+0000] {processor.py:839} INFO - DAG(s) dict_keys(['example_python_operator']) retrieved from /usr/local/lib/python3.8/dist-packages/airflow/example_dags/example_python_operator.py
[2023-08-24T04:41:03.237+0000] {logging_mixin.py:151} INFO - [2023-08-24T04:41:03.237+0000] {dag.py:2907} INFO - Sync 1 DAGs
[2023-08-24T04:41:03.248+0000] {logging_mixin.py:151} INFO - [2023-08-24T04:41:03.248+0000] {dag.py:3677} INFO - Setting next_dagrun for example_python_operator to None, run_after=None
[2023-08-24T04:41:03.266+0000] {processor.py:179} INFO - Processing /usr/local/lib/python3.8/dist-packages/airflow/example_dags/example_python_operator.py took 0.063 seconds
[2023-08-24T04:42:03.403+0000] {processor.py:157} INFO - Started process (PID=43549) to work on /usr/local/lib/python3.8/dist-packages/airflow/example_dags/example_python_operator.py
[2023-08-24T04:42:03.405+0000] {processor.py:829} INFO - Processing file /usr/local/lib/python3.8/dist-packages/airflow/example_dags/example_python_operator.py for tasks to queue
[2023-08-24T04:42:03.406+0000] {logging_mixin.py:151} INFO - [2023-08-24T04:42:03.406+0000] {dagbag.py:539} INFO - Filling up the DagBag from /usr/local/lib/python3.8/dist-packages/airflow/example_dags/example_python_operator.py
[2023-08-24T04:42:03.418+0000] {processor.py:839} INFO - DAG(s) dict_keys(['example_python_operator']) retrieved from /usr/local/lib/python3.8/dist-packages/airflow/example_dags/example_python_operator.py
[2023-08-24T04:42:03.437+0000] {logging_mixin.py:151} INFO - [2023-08-24T04:42:03.437+0000] {dag.py:2907} INFO - Sync 1 DAGs
[2023-08-24T04:42:03.449+0000] {logging_mixin.py:151} INFO - [2023-08-24T04:42:03.449+0000] {dag.py:3677} INFO - Setting next_dagrun for example_python_operator to None, run_after=None
[2023-08-24T04:42:03.468+0000] {processor.py:179} INFO - Processing /usr/local/lib/python3.8/dist-packages/airflow/example_dags/example_python_operator.py took 0.068 seconds
[2023-08-24T04:43:00.430+0000] {processor.py:157} INFO - Started process (PID=43737) to work on /usr/local/lib/python3.8/dist-packages/airflow/example_dags/example_python_operator.py
[2023-08-24T04:43:00.432+0000] {processor.py:829} INFO - Processing file /usr/local/lib/python3.8/dist-packages/airflow/example_dags/example_python_operator.py for tasks to queue
[2023-08-24T04:43:00.433+0000] {logging_mixin.py:151} INFO - [2023-08-24T04:43:00.433+0000] {dagbag.py:539} INFO - Filling up the DagBag from /usr/local/lib/python3.8/dist-packages/airflow/example_dags/example_python_operator.py
[2023-08-24T04:43:00.443+0000] {processor.py:839} INFO - DAG(s) dict_keys(['example_python_operator']) retrieved from /usr/local/lib/python3.8/dist-packages/airflow/example_dags/example_python_operator.py
[2023-08-24T04:43:00.461+0000] {logging_mixin.py:151} INFO - [2023-08-24T04:43:00.461+0000] {dag.py:2907} INFO - Sync 1 DAGs
[2023-08-24T04:43:00.473+0000] {logging_mixin.py:151} INFO - [2023-08-24T04:43:00.473+0000] {dag.py:3677} INFO - Setting next_dagrun for example_python_operator to None, run_after=None
[2023-08-24T04:43:00.491+0000] {processor.py:179} INFO - Processing /usr/local/lib/python3.8/dist-packages/airflow/example_dags/example_python_operator.py took 0.064 seconds
[2023-08-24T04:44:02.293+0000] {processor.py:157} INFO - Started process (PID=43921) to work on /usr/local/lib/python3.8/dist-packages/airflow/example_dags/example_python_operator.py
[2023-08-24T04:44:02.294+0000] {processor.py:829} INFO - Processing file /usr/local/lib/python3.8/dist-packages/airflow/example_dags/example_python_operator.py for tasks to queue
[2023-08-24T04:44:02.295+0000] {logging_mixin.py:151} INFO - [2023-08-24T04:44:02.295+0000] {dagbag.py:539} INFO - Filling up the DagBag from /usr/local/lib/python3.8/dist-packages/airflow/example_dags/example_python_operator.py
[2023-08-24T04:44:02.306+0000] {processor.py:839} INFO - DAG(s) dict_keys(['example_python_operator']) retrieved from /usr/local/lib/python3.8/dist-packages/airflow/example_dags/example_python_operator.py
[2023-08-24T04:44:02.323+0000] {logging_mixin.py:151} INFO - [2023-08-24T04:44:02.323+0000] {dag.py:2907} INFO - Sync 1 DAGs
[2023-08-24T04:44:02.334+0000] {logging_mixin.py:151} INFO - [2023-08-24T04:44:02.334+0000] {dag.py:3677} INFO - Setting next_dagrun for example_python_operator to None, run_after=None
[2023-08-24T04:44:02.352+0000] {processor.py:179} INFO - Processing /usr/local/lib/python3.8/dist-packages/airflow/example_dags/example_python_operator.py took 0.063 seconds
[2023-08-24T04:45:03.356+0000] {processor.py:157} INFO - Started process (PID=44106) to work on /usr/local/lib/python3.8/dist-packages/airflow/example_dags/example_python_operator.py
[2023-08-24T04:45:03.357+0000] {processor.py:829} INFO - Processing file /usr/local/lib/python3.8/dist-packages/airflow/example_dags/example_python_operator.py for tasks to queue
[2023-08-24T04:45:03.358+0000] {logging_mixin.py:151} INFO - [2023-08-24T04:45:03.357+0000] {dagbag.py:539} INFO - Filling up the DagBag from /usr/local/lib/python3.8/dist-packages/airflow/example_dags/example_python_operator.py
[2023-08-24T04:45:03.369+0000] {processor.py:839} INFO - DAG(s) dict_keys(['example_python_operator']) retrieved from /usr/local/lib/python3.8/dist-packages/airflow/example_dags/example_python_operator.py
[2023-08-24T04:45:03.387+0000] {logging_mixin.py:151} INFO - [2023-08-24T04:45:03.387+0000] {dag.py:2907} INFO - Sync 1 DAGs
[2023-08-24T04:45:03.398+0000] {logging_mixin.py:151} INFO - [2023-08-24T04:45:03.398+0000] {dag.py:3677} INFO - Setting next_dagrun for example_python_operator to None, run_after=None
[2023-08-24T04:45:03.417+0000] {processor.py:179} INFO - Processing /usr/local/lib/python3.8/dist-packages/airflow/example_dags/example_python_operator.py took 0.065 seconds
[2023-08-24T04:46:04.045+0000] {processor.py:157} INFO - Started process (PID=44289) to work on /usr/local/lib/python3.8/dist-packages/airflow/example_dags/example_python_operator.py
[2023-08-24T04:46:04.046+0000] {processor.py:829} INFO - Processing file /usr/local/lib/python3.8/dist-packages/airflow/example_dags/example_python_operator.py for tasks to queue
[2023-08-24T04:46:04.047+0000] {logging_mixin.py:151} INFO - [2023-08-24T04:46:04.046+0000] {dagbag.py:539} INFO - Filling up the DagBag from /usr/local/lib/python3.8/dist-packages/airflow/example_dags/example_python_operator.py
[2023-08-24T04:46:04.057+0000] {processor.py:839} INFO - DAG(s) dict_keys(['example_python_operator']) retrieved from /usr/local/lib/python3.8/dist-packages/airflow/example_dags/example_python_operator.py
[2023-08-24T04:46:04.075+0000] {logging_mixin.py:151} INFO - [2023-08-24T04:46:04.075+0000] {dag.py:2907} INFO - Sync 1 DAGs
[2023-08-24T04:46:04.087+0000] {logging_mixin.py:151} INFO - [2023-08-24T04:46:04.087+0000] {dag.py:3677} INFO - Setting next_dagrun for example_python_operator to None, run_after=None
[2023-08-24T04:46:04.106+0000] {processor.py:179} INFO - Processing /usr/local/lib/python3.8/dist-packages/airflow/example_dags/example_python_operator.py took 0.065 seconds
[2023-08-24T04:47:06.184+0000] {processor.py:157} INFO - Started process (PID=44472) to work on /usr/local/lib/python3.8/dist-packages/airflow/example_dags/example_python_operator.py
[2023-08-24T04:47:06.185+0000] {processor.py:829} INFO - Processing file /usr/local/lib/python3.8/dist-packages/airflow/example_dags/example_python_operator.py for tasks to queue
[2023-08-24T04:47:06.186+0000] {logging_mixin.py:151} INFO - [2023-08-24T04:47:06.186+0000] {dagbag.py:539} INFO - Filling up the DagBag from /usr/local/lib/python3.8/dist-packages/airflow/example_dags/example_python_operator.py
[2023-08-24T04:47:06.197+0000] {processor.py:839} INFO - DAG(s) dict_keys(['example_python_operator']) retrieved from /usr/local/lib/python3.8/dist-packages/airflow/example_dags/example_python_operator.py
[2023-08-24T04:47:06.214+0000] {logging_mixin.py:151} INFO - [2023-08-24T04:47:06.214+0000] {dag.py:2907} INFO - Sync 1 DAGs
[2023-08-24T04:47:06.225+0000] {logging_mixin.py:151} INFO - [2023-08-24T04:47:06.225+0000] {dag.py:3677} INFO - Setting next_dagrun for example_python_operator to None, run_after=None
[2023-08-24T04:47:06.243+0000] {processor.py:179} INFO - Processing /usr/local/lib/python3.8/dist-packages/airflow/example_dags/example_python_operator.py took 0.062 seconds
[2023-08-24T04:48:06.324+0000] {processor.py:157} INFO - Started process (PID=44654) to work on /usr/local/lib/python3.8/dist-packages/airflow/example_dags/example_python_operator.py
[2023-08-24T04:48:06.326+0000] {processor.py:829} INFO - Processing file /usr/local/lib/python3.8/dist-packages/airflow/example_dags/example_python_operator.py for tasks to queue
[2023-08-24T04:48:06.326+0000] {logging_mixin.py:151} INFO - [2023-08-24T04:48:06.326+0000] {dagbag.py:539} INFO - Filling up the DagBag from /usr/local/lib/python3.8/dist-packages/airflow/example_dags/example_python_operator.py
[2023-08-24T04:48:06.337+0000] {processor.py:839} INFO - DAG(s) dict_keys(['example_python_operator']) retrieved from /usr/local/lib/python3.8/dist-packages/airflow/example_dags/example_python_operator.py
[2023-08-24T04:48:06.355+0000] {logging_mixin.py:151} INFO - [2023-08-24T04:48:06.355+0000] {dag.py:2907} INFO - Sync 1 DAGs
[2023-08-24T04:48:06.366+0000] {logging_mixin.py:151} INFO - [2023-08-24T04:48:06.366+0000] {dag.py:3677} INFO - Setting next_dagrun for example_python_operator to None, run_after=None
[2023-08-24T04:48:06.384+0000] {processor.py:179} INFO - Processing /usr/local/lib/python3.8/dist-packages/airflow/example_dags/example_python_operator.py took 0.064 seconds
[2023-08-24T04:49:08.106+0000] {processor.py:157} INFO - Started process (PID=44837) to work on /usr/local/lib/python3.8/dist-packages/airflow/example_dags/example_python_operator.py
[2023-08-24T04:49:08.107+0000] {processor.py:829} INFO - Processing file /usr/local/lib/python3.8/dist-packages/airflow/example_dags/example_python_operator.py for tasks to queue
[2023-08-24T04:49:08.108+0000] {logging_mixin.py:151} INFO - [2023-08-24T04:49:08.108+0000] {dagbag.py:539} INFO - Filling up the DagBag from /usr/local/lib/python3.8/dist-packages/airflow/example_dags/example_python_operator.py
[2023-08-24T04:49:08.118+0000] {processor.py:839} INFO - DAG(s) dict_keys(['example_python_operator']) retrieved from /usr/local/lib/python3.8/dist-packages/airflow/example_dags/example_python_operator.py
[2023-08-24T04:49:08.136+0000] {logging_mixin.py:151} INFO - [2023-08-24T04:49:08.136+0000] {dag.py:2907} INFO - Sync 1 DAGs
[2023-08-24T04:49:08.147+0000] {logging_mixin.py:151} INFO - [2023-08-24T04:49:08.147+0000] {dag.py:3677} INFO - Setting next_dagrun for example_python_operator to None, run_after=None
[2023-08-24T04:49:08.165+0000] {processor.py:179} INFO - Processing /usr/local/lib/python3.8/dist-packages/airflow/example_dags/example_python_operator.py took 0.063 seconds
[2023-08-24T04:50:10.004+0000] {processor.py:157} INFO - Started process (PID=45023) to work on /usr/local/lib/python3.8/dist-packages/airflow/example_dags/example_python_operator.py
[2023-08-24T04:50:10.006+0000] {processor.py:829} INFO - Processing file /usr/local/lib/python3.8/dist-packages/airflow/example_dags/example_python_operator.py for tasks to queue
[2023-08-24T04:50:10.007+0000] {logging_mixin.py:151} INFO - [2023-08-24T04:50:10.006+0000] {dagbag.py:539} INFO - Filling up the DagBag from /usr/local/lib/python3.8/dist-packages/airflow/example_dags/example_python_operator.py
[2023-08-24T04:50:10.017+0000] {processor.py:839} INFO - DAG(s) dict_keys(['example_python_operator']) retrieved from /usr/local/lib/python3.8/dist-packages/airflow/example_dags/example_python_operator.py
[2023-08-24T04:50:10.035+0000] {logging_mixin.py:151} INFO - [2023-08-24T04:50:10.035+0000] {dag.py:2907} INFO - Sync 1 DAGs
[2023-08-24T04:50:10.046+0000] {logging_mixin.py:151} INFO - [2023-08-24T04:50:10.046+0000] {dag.py:3677} INFO - Setting next_dagrun for example_python_operator to None, run_after=None
[2023-08-24T04:50:10.064+0000] {processor.py:179} INFO - Processing /usr/local/lib/python3.8/dist-packages/airflow/example_dags/example_python_operator.py took 0.063 seconds
[2023-08-24T04:51:07.870+0000] {processor.py:157} INFO - Started process (PID=45206) to work on /usr/local/lib/python3.8/dist-packages/airflow/example_dags/example_python_operator.py
[2023-08-24T04:51:07.872+0000] {processor.py:829} INFO - Processing file /usr/local/lib/python3.8/dist-packages/airflow/example_dags/example_python_operator.py for tasks to queue
[2023-08-24T04:51:07.873+0000] {logging_mixin.py:151} INFO - [2023-08-24T04:51:07.872+0000] {dagbag.py:539} INFO - Filling up the DagBag from /usr/local/lib/python3.8/dist-packages/airflow/example_dags/example_python_operator.py
[2023-08-24T04:51:07.883+0000] {processor.py:839} INFO - DAG(s) dict_keys(['example_python_operator']) retrieved from /usr/local/lib/python3.8/dist-packages/airflow/example_dags/example_python_operator.py
[2023-08-24T04:51:07.901+0000] {logging_mixin.py:151} INFO - [2023-08-24T04:51:07.901+0000] {dag.py:2907} INFO - Sync 1 DAGs
[2023-08-24T04:51:07.912+0000] {logging_mixin.py:151} INFO - [2023-08-24T04:51:07.912+0000] {dag.py:3677} INFO - Setting next_dagrun for example_python_operator to None, run_after=None
[2023-08-24T04:51:07.930+0000] {processor.py:179} INFO - Processing /usr/local/lib/python3.8/dist-packages/airflow/example_dags/example_python_operator.py took 0.063 seconds
[2023-08-24T04:52:09.101+0000] {processor.py:157} INFO - Started process (PID=45388) to work on /usr/local/lib/python3.8/dist-packages/airflow/example_dags/example_python_operator.py
[2023-08-24T04:52:09.103+0000] {processor.py:829} INFO - Processing file /usr/local/lib/python3.8/dist-packages/airflow/example_dags/example_python_operator.py for tasks to queue
[2023-08-24T04:52:09.104+0000] {logging_mixin.py:151} INFO - [2023-08-24T04:52:09.103+0000] {dagbag.py:539} INFO - Filling up the DagBag from /usr/local/lib/python3.8/dist-packages/airflow/example_dags/example_python_operator.py
[2023-08-24T04:52:09.114+0000] {processor.py:839} INFO - DAG(s) dict_keys(['example_python_operator']) retrieved from /usr/local/lib/python3.8/dist-packages/airflow/example_dags/example_python_operator.py
[2023-08-24T04:52:09.131+0000] {logging_mixin.py:151} INFO - [2023-08-24T04:52:09.131+0000] {dag.py:2907} INFO - Sync 1 DAGs
[2023-08-24T04:52:09.141+0000] {logging_mixin.py:151} INFO - [2023-08-24T04:52:09.141+0000] {dag.py:3677} INFO - Setting next_dagrun for example_python_operator to None, run_after=None
[2023-08-24T04:52:09.159+0000] {processor.py:179} INFO - Processing /usr/local/lib/python3.8/dist-packages/airflow/example_dags/example_python_operator.py took 0.061 seconds
[2023-08-24T04:53:10.640+0000] {processor.py:157} INFO - Started process (PID=45577) to work on /usr/local/lib/python3.8/dist-packages/airflow/example_dags/example_python_operator.py
[2023-08-24T04:53:10.642+0000] {processor.py:829} INFO - Processing file /usr/local/lib/python3.8/dist-packages/airflow/example_dags/example_python_operator.py for tasks to queue
[2023-08-24T04:53:10.643+0000] {logging_mixin.py:151} INFO - [2023-08-24T04:53:10.642+0000] {dagbag.py:539} INFO - Filling up the DagBag from /usr/local/lib/python3.8/dist-packages/airflow/example_dags/example_python_operator.py
[2023-08-24T04:53:10.654+0000] {processor.py:839} INFO - DAG(s) dict_keys(['example_python_operator']) retrieved from /usr/local/lib/python3.8/dist-packages/airflow/example_dags/example_python_operator.py
[2023-08-24T04:53:10.674+0000] {logging_mixin.py:151} INFO - [2023-08-24T04:53:10.674+0000] {dag.py:2907} INFO - Sync 1 DAGs
[2023-08-24T04:53:10.686+0000] {logging_mixin.py:151} INFO - [2023-08-24T04:53:10.686+0000] {dag.py:3677} INFO - Setting next_dagrun for example_python_operator to None, run_after=None
[2023-08-24T04:53:10.705+0000] {processor.py:179} INFO - Processing /usr/local/lib/python3.8/dist-packages/airflow/example_dags/example_python_operator.py took 0.068 seconds
[2023-08-24T04:54:12.106+0000] {processor.py:157} INFO - Started process (PID=45760) to work on /usr/local/lib/python3.8/dist-packages/airflow/example_dags/example_python_operator.py
[2023-08-24T04:54:12.107+0000] {processor.py:829} INFO - Processing file /usr/local/lib/python3.8/dist-packages/airflow/example_dags/example_python_operator.py for tasks to queue
[2023-08-24T04:54:12.108+0000] {logging_mixin.py:151} INFO - [2023-08-24T04:54:12.108+0000] {dagbag.py:539} INFO - Filling up the DagBag from /usr/local/lib/python3.8/dist-packages/airflow/example_dags/example_python_operator.py
[2023-08-24T04:54:12.119+0000] {processor.py:839} INFO - DAG(s) dict_keys(['example_python_operator']) retrieved from /usr/local/lib/python3.8/dist-packages/airflow/example_dags/example_python_operator.py
[2023-08-24T04:54:12.136+0000] {logging_mixin.py:151} INFO - [2023-08-24T04:54:12.136+0000] {dag.py:2907} INFO - Sync 1 DAGs
[2023-08-24T04:54:12.147+0000] {logging_mixin.py:151} INFO - [2023-08-24T04:54:12.147+0000] {dag.py:3677} INFO - Setting next_dagrun for example_python_operator to None, run_after=None
[2023-08-24T04:54:12.164+0000] {processor.py:179} INFO - Processing /usr/local/lib/python3.8/dist-packages/airflow/example_dags/example_python_operator.py took 0.062 seconds
[2023-08-24T04:55:13.716+0000] {processor.py:157} INFO - Started process (PID=45944) to work on /usr/local/lib/python3.8/dist-packages/airflow/example_dags/example_python_operator.py
[2023-08-24T04:55:13.718+0000] {processor.py:829} INFO - Processing file /usr/local/lib/python3.8/dist-packages/airflow/example_dags/example_python_operator.py for tasks to queue
[2023-08-24T04:55:13.719+0000] {logging_mixin.py:151} INFO - [2023-08-24T04:55:13.718+0000] {dagbag.py:539} INFO - Filling up the DagBag from /usr/local/lib/python3.8/dist-packages/airflow/example_dags/example_python_operator.py
[2023-08-24T04:55:13.729+0000] {processor.py:839} INFO - DAG(s) dict_keys(['example_python_operator']) retrieved from /usr/local/lib/python3.8/dist-packages/airflow/example_dags/example_python_operator.py
[2023-08-24T04:55:13.747+0000] {logging_mixin.py:151} INFO - [2023-08-24T04:55:13.747+0000] {dag.py:2907} INFO - Sync 1 DAGs
[2023-08-24T04:55:13.758+0000] {logging_mixin.py:151} INFO - [2023-08-24T04:55:13.758+0000] {dag.py:3677} INFO - Setting next_dagrun for example_python_operator to None, run_after=None
[2023-08-24T04:55:13.777+0000] {processor.py:179} INFO - Processing /usr/local/lib/python3.8/dist-packages/airflow/example_dags/example_python_operator.py took 0.064 seconds
[2023-08-24T04:56:14.866+0000] {processor.py:157} INFO - Started process (PID=46131) to work on /usr/local/lib/python3.8/dist-packages/airflow/example_dags/example_python_operator.py
[2023-08-24T04:56:14.867+0000] {processor.py:829} INFO - Processing file /usr/local/lib/python3.8/dist-packages/airflow/example_dags/example_python_operator.py for tasks to queue
[2023-08-24T04:56:14.868+0000] {logging_mixin.py:151} INFO - [2023-08-24T04:56:14.868+0000] {dagbag.py:539} INFO - Filling up the DagBag from /usr/local/lib/python3.8/dist-packages/airflow/example_dags/example_python_operator.py
[2023-08-24T04:56:14.879+0000] {processor.py:839} INFO - DAG(s) dict_keys(['example_python_operator']) retrieved from /usr/local/lib/python3.8/dist-packages/airflow/example_dags/example_python_operator.py
[2023-08-24T04:56:14.897+0000] {logging_mixin.py:151} INFO - [2023-08-24T04:56:14.897+0000] {dag.py:2907} INFO - Sync 1 DAGs
[2023-08-24T04:56:14.909+0000] {logging_mixin.py:151} INFO - [2023-08-24T04:56:14.908+0000] {dag.py:3677} INFO - Setting next_dagrun for example_python_operator to None, run_after=None
[2023-08-24T04:56:15.052+0000] {processor.py:179} INFO - Processing /usr/local/lib/python3.8/dist-packages/airflow/example_dags/example_python_operator.py took 0.190 seconds
[2023-08-24T04:57:19.947+0000] {processor.py:157} INFO - Started process (PID=46328) to work on /usr/local/lib/python3.8/dist-packages/airflow/example_dags/example_python_operator.py
[2023-08-24T04:57:19.949+0000] {processor.py:829} INFO - Processing file /usr/local/lib/python3.8/dist-packages/airflow/example_dags/example_python_operator.py for tasks to queue
[2023-08-24T04:57:19.950+0000] {logging_mixin.py:151} INFO - [2023-08-24T04:57:19.949+0000] {dagbag.py:539} INFO - Filling up the DagBag from /usr/local/lib/python3.8/dist-packages/airflow/example_dags/example_python_operator.py
[2023-08-24T04:57:19.960+0000] {processor.py:839} INFO - DAG(s) dict_keys(['example_python_operator']) retrieved from /usr/local/lib/python3.8/dist-packages/airflow/example_dags/example_python_operator.py
[2023-08-24T04:57:19.979+0000] {logging_mixin.py:151} INFO - [2023-08-24T04:57:19.979+0000] {dag.py:2907} INFO - Sync 1 DAGs
[2023-08-24T04:57:19.990+0000] {logging_mixin.py:151} INFO - [2023-08-24T04:57:19.990+0000] {dag.py:3677} INFO - Setting next_dagrun for example_python_operator to None, run_after=None
[2023-08-24T04:57:20.008+0000] {processor.py:179} INFO - Processing /usr/local/lib/python3.8/dist-packages/airflow/example_dags/example_python_operator.py took 0.065 seconds
[2023-08-24T04:58:23.698+0000] {processor.py:157} INFO - Started process (PID=46512) to work on /usr/local/lib/python3.8/dist-packages/airflow/example_dags/example_python_operator.py
[2023-08-24T04:58:23.699+0000] {processor.py:829} INFO - Processing file /usr/local/lib/python3.8/dist-packages/airflow/example_dags/example_python_operator.py for tasks to queue
[2023-08-24T04:58:23.700+0000] {logging_mixin.py:151} INFO - [2023-08-24T04:58:23.699+0000] {dagbag.py:539} INFO - Filling up the DagBag from /usr/local/lib/python3.8/dist-packages/airflow/example_dags/example_python_operator.py
[2023-08-24T04:58:23.710+0000] {processor.py:839} INFO - DAG(s) dict_keys(['example_python_operator']) retrieved from /usr/local/lib/python3.8/dist-packages/airflow/example_dags/example_python_operator.py
[2023-08-24T04:58:23.728+0000] {logging_mixin.py:151} INFO - [2023-08-24T04:58:23.727+0000] {dag.py:2907} INFO - Sync 1 DAGs
[2023-08-24T04:58:23.738+0000] {logging_mixin.py:151} INFO - [2023-08-24T04:58:23.738+0000] {dag.py:3677} INFO - Setting next_dagrun for example_python_operator to None, run_after=None
[2023-08-24T04:58:23.756+0000] {processor.py:179} INFO - Processing /usr/local/lib/python3.8/dist-packages/airflow/example_dags/example_python_operator.py took 0.062 seconds
[2023-08-24T04:59:26.807+0000] {processor.py:157} INFO - Started process (PID=46695) to work on /usr/local/lib/python3.8/dist-packages/airflow/example_dags/example_python_operator.py
[2023-08-24T04:59:26.808+0000] {processor.py:829} INFO - Processing file /usr/local/lib/python3.8/dist-packages/airflow/example_dags/example_python_operator.py for tasks to queue
[2023-08-24T04:59:26.809+0000] {logging_mixin.py:151} INFO - [2023-08-24T04:59:26.809+0000] {dagbag.py:539} INFO - Filling up the DagBag from /usr/local/lib/python3.8/dist-packages/airflow/example_dags/example_python_operator.py
[2023-08-24T04:59:26.820+0000] {processor.py:839} INFO - DAG(s) dict_keys(['example_python_operator']) retrieved from /usr/local/lib/python3.8/dist-packages/airflow/example_dags/example_python_operator.py
[2023-08-24T04:59:26.955+0000] {logging_mixin.py:151} INFO - [2023-08-24T04:59:26.954+0000] {dag.py:2907} INFO - Sync 1 DAGs
[2023-08-24T04:59:26.963+0000] {logging_mixin.py:151} INFO - [2023-08-24T04:59:26.963+0000] {dag.py:3677} INFO - Setting next_dagrun for example_python_operator to None, run_after=None
[2023-08-24T04:59:26.979+0000] {processor.py:179} INFO - Processing /usr/local/lib/python3.8/dist-packages/airflow/example_dags/example_python_operator.py took 0.176 seconds
[2023-08-24T05:00:29.402+0000] {processor.py:157} INFO - Started process (PID=46879) to work on /usr/local/lib/python3.8/dist-packages/airflow/example_dags/example_python_operator.py
[2023-08-24T05:00:29.404+0000] {processor.py:829} INFO - Processing file /usr/local/lib/python3.8/dist-packages/airflow/example_dags/example_python_operator.py for tasks to queue
[2023-08-24T05:00:29.405+0000] {logging_mixin.py:151} INFO - [2023-08-24T05:00:29.404+0000] {dagbag.py:539} INFO - Filling up the DagBag from /usr/local/lib/python3.8/dist-packages/airflow/example_dags/example_python_operator.py
[2023-08-24T05:00:29.415+0000] {processor.py:839} INFO - DAG(s) dict_keys(['example_python_operator']) retrieved from /usr/local/lib/python3.8/dist-packages/airflow/example_dags/example_python_operator.py
[2023-08-24T05:00:29.432+0000] {logging_mixin.py:151} INFO - [2023-08-24T05:00:29.432+0000] {dag.py:2907} INFO - Sync 1 DAGs
[2023-08-24T05:00:29.443+0000] {logging_mixin.py:151} INFO - [2023-08-24T05:00:29.443+0000] {dag.py:3677} INFO - Setting next_dagrun for example_python_operator to None, run_after=None
[2023-08-24T05:00:29.460+0000] {processor.py:179} INFO - Processing /usr/local/lib/python3.8/dist-packages/airflow/example_dags/example_python_operator.py took 0.062 seconds
[2023-08-24T05:01:28.950+0000] {processor.py:157} INFO - Started process (PID=47076) to work on /usr/local/lib/python3.8/dist-packages/airflow/example_dags/example_python_operator.py
[2023-08-24T05:01:28.951+0000] {processor.py:829} INFO - Processing file /usr/local/lib/python3.8/dist-packages/airflow/example_dags/example_python_operator.py for tasks to queue
[2023-08-24T05:01:28.952+0000] {logging_mixin.py:151} INFO - [2023-08-24T05:01:28.952+0000] {dagbag.py:539} INFO - Filling up the DagBag from /usr/local/lib/python3.8/dist-packages/airflow/example_dags/example_python_operator.py
[2023-08-24T05:01:28.962+0000] {processor.py:839} INFO - DAG(s) dict_keys(['example_python_operator']) retrieved from /usr/local/lib/python3.8/dist-packages/airflow/example_dags/example_python_operator.py
[2023-08-24T05:01:28.980+0000] {logging_mixin.py:151} INFO - [2023-08-24T05:01:28.980+0000] {dag.py:2907} INFO - Sync 1 DAGs
[2023-08-24T05:01:28.991+0000] {logging_mixin.py:151} INFO - [2023-08-24T05:01:28.991+0000] {dag.py:3677} INFO - Setting next_dagrun for example_python_operator to None, run_after=None
[2023-08-24T05:01:29.009+0000] {processor.py:179} INFO - Processing /usr/local/lib/python3.8/dist-packages/airflow/example_dags/example_python_operator.py took 0.063 seconds
[2023-08-24T05:02:27.437+0000] {processor.py:157} INFO - Started process (PID=47262) to work on /usr/local/lib/python3.8/dist-packages/airflow/example_dags/example_python_operator.py
[2023-08-24T05:02:27.438+0000] {processor.py:829} INFO - Processing file /usr/local/lib/python3.8/dist-packages/airflow/example_dags/example_python_operator.py for tasks to queue
[2023-08-24T05:02:27.439+0000] {logging_mixin.py:151} INFO - [2023-08-24T05:02:27.438+0000] {dagbag.py:539} INFO - Filling up the DagBag from /usr/local/lib/python3.8/dist-packages/airflow/example_dags/example_python_operator.py
[2023-08-24T05:02:27.449+0000] {processor.py:839} INFO - DAG(s) dict_keys(['example_python_operator']) retrieved from /usr/local/lib/python3.8/dist-packages/airflow/example_dags/example_python_operator.py
[2023-08-24T05:02:27.467+0000] {logging_mixin.py:151} INFO - [2023-08-24T05:02:27.467+0000] {dag.py:2907} INFO - Sync 1 DAGs
[2023-08-24T05:02:27.477+0000] {logging_mixin.py:151} INFO - [2023-08-24T05:02:27.477+0000] {dag.py:3677} INFO - Setting next_dagrun for example_python_operator to None, run_after=None
[2023-08-24T05:02:27.495+0000] {processor.py:179} INFO - Processing /usr/local/lib/python3.8/dist-packages/airflow/example_dags/example_python_operator.py took 0.061 seconds
[2023-08-24T05:03:28.108+0000] {processor.py:157} INFO - Started process (PID=47450) to work on /usr/local/lib/python3.8/dist-packages/airflow/example_dags/example_python_operator.py
[2023-08-24T05:03:28.109+0000] {processor.py:829} INFO - Processing file /usr/local/lib/python3.8/dist-packages/airflow/example_dags/example_python_operator.py for tasks to queue
[2023-08-24T05:03:28.110+0000] {logging_mixin.py:151} INFO - [2023-08-24T05:03:28.110+0000] {dagbag.py:539} INFO - Filling up the DagBag from /usr/local/lib/python3.8/dist-packages/airflow/example_dags/example_python_operator.py
[2023-08-24T05:03:28.121+0000] {processor.py:839} INFO - DAG(s) dict_keys(['example_python_operator']) retrieved from /usr/local/lib/python3.8/dist-packages/airflow/example_dags/example_python_operator.py
[2023-08-24T05:03:28.139+0000] {logging_mixin.py:151} INFO - [2023-08-24T05:03:28.139+0000] {dag.py:2907} INFO - Sync 1 DAGs
[2023-08-24T05:03:28.150+0000] {logging_mixin.py:151} INFO - [2023-08-24T05:03:28.150+0000] {dag.py:3677} INFO - Setting next_dagrun for example_python_operator to None, run_after=None
[2023-08-24T05:03:28.169+0000] {processor.py:179} INFO - Processing /usr/local/lib/python3.8/dist-packages/airflow/example_dags/example_python_operator.py took 0.065 seconds
[2023-08-24T05:04:27.798+0000] {processor.py:157} INFO - Started process (PID=47633) to work on /usr/local/lib/python3.8/dist-packages/airflow/example_dags/example_python_operator.py
[2023-08-24T05:04:27.800+0000] {processor.py:829} INFO - Processing file /usr/local/lib/python3.8/dist-packages/airflow/example_dags/example_python_operator.py for tasks to queue
[2023-08-24T05:04:27.801+0000] {logging_mixin.py:151} INFO - [2023-08-24T05:04:27.800+0000] {dagbag.py:539} INFO - Filling up the DagBag from /usr/local/lib/python3.8/dist-packages/airflow/example_dags/example_python_operator.py
[2023-08-24T05:04:27.812+0000] {processor.py:839} INFO - DAG(s) dict_keys(['example_python_operator']) retrieved from /usr/local/lib/python3.8/dist-packages/airflow/example_dags/example_python_operator.py
[2023-08-24T05:04:27.832+0000] {logging_mixin.py:151} INFO - [2023-08-24T05:04:27.832+0000] {dag.py:2907} INFO - Sync 1 DAGs
[2023-08-24T05:04:27.844+0000] {logging_mixin.py:151} INFO - [2023-08-24T05:04:27.844+0000] {dag.py:3677} INFO - Setting next_dagrun for example_python_operator to None, run_after=None
[2023-08-24T05:04:27.863+0000] {processor.py:179} INFO - Processing /usr/local/lib/python3.8/dist-packages/airflow/example_dags/example_python_operator.py took 0.069 seconds
[2023-08-24T05:05:27.335+0000] {processor.py:157} INFO - Started process (PID=47829) to work on /usr/local/lib/python3.8/dist-packages/airflow/example_dags/example_python_operator.py
[2023-08-24T05:05:27.337+0000] {processor.py:829} INFO - Processing file /usr/local/lib/python3.8/dist-packages/airflow/example_dags/example_python_operator.py for tasks to queue
[2023-08-24T05:05:27.338+0000] {logging_mixin.py:151} INFO - [2023-08-24T05:05:27.337+0000] {dagbag.py:539} INFO - Filling up the DagBag from /usr/local/lib/python3.8/dist-packages/airflow/example_dags/example_python_operator.py
[2023-08-24T05:05:27.348+0000] {processor.py:839} INFO - DAG(s) dict_keys(['example_python_operator']) retrieved from /usr/local/lib/python3.8/dist-packages/airflow/example_dags/example_python_operator.py
[2023-08-24T05:05:27.365+0000] {logging_mixin.py:151} INFO - [2023-08-24T05:05:27.365+0000] {dag.py:2907} INFO - Sync 1 DAGs
[2023-08-24T05:05:27.377+0000] {logging_mixin.py:151} INFO - [2023-08-24T05:05:27.377+0000] {dag.py:3677} INFO - Setting next_dagrun for example_python_operator to None, run_after=None
[2023-08-24T05:05:27.396+0000] {processor.py:179} INFO - Processing /usr/local/lib/python3.8/dist-packages/airflow/example_dags/example_python_operator.py took 0.064 seconds
[2023-08-24T05:06:25.783+0000] {processor.py:157} INFO - Started process (PID=48025) to work on /usr/local/lib/python3.8/dist-packages/airflow/example_dags/example_python_operator.py
[2023-08-24T05:06:25.784+0000] {processor.py:829} INFO - Processing file /usr/local/lib/python3.8/dist-packages/airflow/example_dags/example_python_operator.py for tasks to queue
[2023-08-24T05:06:25.786+0000] {logging_mixin.py:151} INFO - [2023-08-24T05:06:25.785+0000] {dagbag.py:539} INFO - Filling up the DagBag from /usr/local/lib/python3.8/dist-packages/airflow/example_dags/example_python_operator.py
[2023-08-24T05:06:25.797+0000] {processor.py:839} INFO - DAG(s) dict_keys(['example_python_operator']) retrieved from /usr/local/lib/python3.8/dist-packages/airflow/example_dags/example_python_operator.py
[2023-08-24T05:06:25.816+0000] {logging_mixin.py:151} INFO - [2023-08-24T05:06:25.815+0000] {dag.py:2907} INFO - Sync 1 DAGs
[2023-08-24T05:06:25.828+0000] {logging_mixin.py:151} INFO - [2023-08-24T05:06:25.828+0000] {dag.py:3677} INFO - Setting next_dagrun for example_python_operator to None, run_after=None
[2023-08-24T05:06:25.848+0000] {processor.py:179} INFO - Processing /usr/local/lib/python3.8/dist-packages/airflow/example_dags/example_python_operator.py took 0.070 seconds
[2023-08-24T05:07:22.147+0000] {processor.py:157} INFO - Started process (PID=48209) to work on /usr/local/lib/python3.8/dist-packages/airflow/example_dags/example_python_operator.py
[2023-08-24T05:07:22.148+0000] {processor.py:829} INFO - Processing file /usr/local/lib/python3.8/dist-packages/airflow/example_dags/example_python_operator.py for tasks to queue
[2023-08-24T05:07:22.149+0000] {logging_mixin.py:151} INFO - [2023-08-24T05:07:22.148+0000] {dagbag.py:539} INFO - Filling up the DagBag from /usr/local/lib/python3.8/dist-packages/airflow/example_dags/example_python_operator.py
[2023-08-24T05:07:22.159+0000] {processor.py:839} INFO - DAG(s) dict_keys(['example_python_operator']) retrieved from /usr/local/lib/python3.8/dist-packages/airflow/example_dags/example_python_operator.py
[2023-08-24T05:07:22.177+0000] {logging_mixin.py:151} INFO - [2023-08-24T05:07:22.177+0000] {dag.py:2907} INFO - Sync 1 DAGs
[2023-08-24T05:07:22.187+0000] {logging_mixin.py:151} INFO - [2023-08-24T05:07:22.187+0000] {dag.py:3677} INFO - Setting next_dagrun for example_python_operator to None, run_after=None
[2023-08-24T05:07:22.206+0000] {processor.py:179} INFO - Processing /usr/local/lib/python3.8/dist-packages/airflow/example_dags/example_python_operator.py took 0.062 seconds
[2023-08-24T05:08:22.713+0000] {processor.py:157} INFO - Started process (PID=48395) to work on /usr/local/lib/python3.8/dist-packages/airflow/example_dags/example_python_operator.py
[2023-08-24T05:08:22.714+0000] {processor.py:829} INFO - Processing file /usr/local/lib/python3.8/dist-packages/airflow/example_dags/example_python_operator.py for tasks to queue
[2023-08-24T05:08:22.715+0000] {logging_mixin.py:151} INFO - [2023-08-24T05:08:22.715+0000] {dagbag.py:539} INFO - Filling up the DagBag from /usr/local/lib/python3.8/dist-packages/airflow/example_dags/example_python_operator.py
[2023-08-24T05:08:22.726+0000] {processor.py:839} INFO - DAG(s) dict_keys(['example_python_operator']) retrieved from /usr/local/lib/python3.8/dist-packages/airflow/example_dags/example_python_operator.py
[2023-08-24T05:08:22.748+0000] {logging_mixin.py:151} INFO - [2023-08-24T05:08:22.747+0000] {dag.py:2907} INFO - Sync 1 DAGs
[2023-08-24T05:08:22.759+0000] {logging_mixin.py:151} INFO - [2023-08-24T05:08:22.758+0000] {dag.py:3677} INFO - Setting next_dagrun for example_python_operator to None, run_after=None
[2023-08-24T05:08:22.778+0000] {processor.py:179} INFO - Processing /usr/local/lib/python3.8/dist-packages/airflow/example_dags/example_python_operator.py took 0.068 seconds
[2023-08-24T05:09:23.181+0000] {processor.py:157} INFO - Started process (PID=48591) to work on /usr/local/lib/python3.8/dist-packages/airflow/example_dags/example_python_operator.py
[2023-08-24T05:09:23.183+0000] {processor.py:829} INFO - Processing file /usr/local/lib/python3.8/dist-packages/airflow/example_dags/example_python_operator.py for tasks to queue
[2023-08-24T05:09:23.184+0000] {logging_mixin.py:151} INFO - [2023-08-24T05:09:23.183+0000] {dagbag.py:539} INFO - Filling up the DagBag from /usr/local/lib/python3.8/dist-packages/airflow/example_dags/example_python_operator.py
[2023-08-24T05:09:23.194+0000] {processor.py:839} INFO - DAG(s) dict_keys(['example_python_operator']) retrieved from /usr/local/lib/python3.8/dist-packages/airflow/example_dags/example_python_operator.py
[2023-08-24T05:09:23.213+0000] {logging_mixin.py:151} INFO - [2023-08-24T05:09:23.213+0000] {dag.py:2907} INFO - Sync 1 DAGs
[2023-08-24T05:09:23.224+0000] {logging_mixin.py:151} INFO - [2023-08-24T05:09:23.224+0000] {dag.py:3677} INFO - Setting next_dagrun for example_python_operator to None, run_after=None
[2023-08-24T05:09:23.243+0000] {processor.py:179} INFO - Processing /usr/local/lib/python3.8/dist-packages/airflow/example_dags/example_python_operator.py took 0.066 seconds
[2023-08-24T05:10:19.903+0000] {processor.py:157} INFO - Started process (PID=48772) to work on /usr/local/lib/python3.8/dist-packages/airflow/example_dags/example_python_operator.py
[2023-08-24T05:10:19.905+0000] {processor.py:829} INFO - Processing file /usr/local/lib/python3.8/dist-packages/airflow/example_dags/example_python_operator.py for tasks to queue
[2023-08-24T05:10:19.906+0000] {logging_mixin.py:151} INFO - [2023-08-24T05:10:19.905+0000] {dagbag.py:539} INFO - Filling up the DagBag from /usr/local/lib/python3.8/dist-packages/airflow/example_dags/example_python_operator.py
[2023-08-24T05:10:19.916+0000] {processor.py:839} INFO - DAG(s) dict_keys(['example_python_operator']) retrieved from /usr/local/lib/python3.8/dist-packages/airflow/example_dags/example_python_operator.py
[2023-08-24T05:10:19.935+0000] {logging_mixin.py:151} INFO - [2023-08-24T05:10:19.935+0000] {dag.py:2907} INFO - Sync 1 DAGs
[2023-08-24T05:10:19.946+0000] {logging_mixin.py:151} INFO - [2023-08-24T05:10:19.946+0000] {dag.py:3677} INFO - Setting next_dagrun for example_python_operator to None, run_after=None
[2023-08-24T05:10:19.964+0000] {processor.py:179} INFO - Processing /usr/local/lib/python3.8/dist-packages/airflow/example_dags/example_python_operator.py took 0.064 seconds
[2023-08-24T05:11:35.569+0000] {processor.py:157} INFO - Started process (PID=48928) to work on /usr/local/lib/python3.8/dist-packages/airflow/example_dags/example_python_operator.py
[2023-08-24T05:11:35.570+0000] {processor.py:829} INFO - Processing file /usr/local/lib/python3.8/dist-packages/airflow/example_dags/example_python_operator.py for tasks to queue
[2023-08-24T05:11:35.571+0000] {logging_mixin.py:151} INFO - [2023-08-24T05:11:35.571+0000] {dagbag.py:539} INFO - Filling up the DagBag from /usr/local/lib/python3.8/dist-packages/airflow/example_dags/example_python_operator.py
[2023-08-24T05:11:35.582+0000] {processor.py:839} INFO - DAG(s) dict_keys(['example_python_operator']) retrieved from /usr/local/lib/python3.8/dist-packages/airflow/example_dags/example_python_operator.py
[2023-08-24T05:11:35.601+0000] {logging_mixin.py:151} INFO - [2023-08-24T05:11:35.600+0000] {dag.py:2907} INFO - Sync 1 DAGs
[2023-08-24T05:11:35.612+0000] {logging_mixin.py:151} INFO - [2023-08-24T05:11:35.612+0000] {dag.py:3677} INFO - Setting next_dagrun for example_python_operator to None, run_after=None
[2023-08-24T05:11:35.632+0000] {processor.py:179} INFO - Processing /usr/local/lib/python3.8/dist-packages/airflow/example_dags/example_python_operator.py took 0.066 seconds
[2023-08-24T05:12:38.086+0000] {processor.py:157} INFO - Started process (PID=49125) to work on /usr/local/lib/python3.8/dist-packages/airflow/example_dags/example_python_operator.py
[2023-08-24T05:12:38.087+0000] {processor.py:829} INFO - Processing file /usr/local/lib/python3.8/dist-packages/airflow/example_dags/example_python_operator.py for tasks to queue
[2023-08-24T05:12:38.088+0000] {logging_mixin.py:151} INFO - [2023-08-24T05:12:38.088+0000] {dagbag.py:539} INFO - Filling up the DagBag from /usr/local/lib/python3.8/dist-packages/airflow/example_dags/example_python_operator.py
[2023-08-24T05:12:38.099+0000] {processor.py:839} INFO - DAG(s) dict_keys(['example_python_operator']) retrieved from /usr/local/lib/python3.8/dist-packages/airflow/example_dags/example_python_operator.py
[2023-08-24T05:12:38.118+0000] {logging_mixin.py:151} INFO - [2023-08-24T05:12:38.117+0000] {dag.py:2907} INFO - Sync 1 DAGs
[2023-08-24T05:12:38.129+0000] {logging_mixin.py:151} INFO - [2023-08-24T05:12:38.128+0000] {dag.py:3677} INFO - Setting next_dagrun for example_python_operator to None, run_after=None
[2023-08-24T05:12:38.148+0000] {processor.py:179} INFO - Processing /usr/local/lib/python3.8/dist-packages/airflow/example_dags/example_python_operator.py took 0.066 seconds
[2023-08-24T05:13:37.691+0000] {processor.py:157} INFO - Started process (PID=49329) to work on /usr/local/lib/python3.8/dist-packages/airflow/example_dags/example_python_operator.py
[2023-08-24T05:13:37.693+0000] {processor.py:829} INFO - Processing file /usr/local/lib/python3.8/dist-packages/airflow/example_dags/example_python_operator.py for tasks to queue
[2023-08-24T05:13:37.694+0000] {logging_mixin.py:151} INFO - [2023-08-24T05:13:37.694+0000] {dagbag.py:539} INFO - Filling up the DagBag from /usr/local/lib/python3.8/dist-packages/airflow/example_dags/example_python_operator.py
[2023-08-24T05:13:37.704+0000] {processor.py:839} INFO - DAG(s) dict_keys(['example_python_operator']) retrieved from /usr/local/lib/python3.8/dist-packages/airflow/example_dags/example_python_operator.py
[2023-08-24T05:13:37.722+0000] {logging_mixin.py:151} INFO - [2023-08-24T05:13:37.722+0000] {dag.py:2907} INFO - Sync 1 DAGs
[2023-08-24T05:13:37.733+0000] {logging_mixin.py:151} INFO - [2023-08-24T05:13:37.733+0000] {dag.py:3677} INFO - Setting next_dagrun for example_python_operator to None, run_after=None
[2023-08-24T05:13:37.751+0000] {processor.py:179} INFO - Processing /usr/local/lib/python3.8/dist-packages/airflow/example_dags/example_python_operator.py took 0.063 seconds
