[2023-08-24T04:21:58.126+0000] {processor.py:157} INFO - Started process (PID=37598) to work on /usr/local/lib/python3.8/dist-packages/airflow/example_dags/example_task_group_decorator.py
[2023-08-24T04:21:58.127+0000] {processor.py:829} INFO - Processing file /usr/local/lib/python3.8/dist-packages/airflow/example_dags/example_task_group_decorator.py for tasks to queue
[2023-08-24T04:21:58.128+0000] {logging_mixin.py:151} INFO - [2023-08-24T04:21:58.128+0000] {dagbag.py:539} INFO - Filling up the DagBag from /usr/local/lib/python3.8/dist-packages/airflow/example_dags/example_task_group_decorator.py
[2023-08-24T04:21:58.142+0000] {processor.py:839} INFO - DAG(s) dict_keys(['example_task_group_decorator']) retrieved from /usr/local/lib/python3.8/dist-packages/airflow/example_dags/example_task_group_decorator.py
[2023-08-24T04:21:58.162+0000] {logging_mixin.py:151} INFO - [2023-08-24T04:21:58.162+0000] {dag.py:2907} INFO - Sync 1 DAGs
[2023-08-24T04:21:58.177+0000] {logging_mixin.py:151} INFO - [2023-08-24T04:21:58.177+0000] {dag.py:3677} INFO - Setting next_dagrun for example_task_group_decorator to 2023-08-23T04:21:58.177372+00:00, run_after=2023-08-24T04:21:58.177372+00:00
[2023-08-24T04:21:58.194+0000] {processor.py:179} INFO - Processing /usr/local/lib/python3.8/dist-packages/airflow/example_dags/example_task_group_decorator.py took 0.071 seconds
[2023-08-24T04:31:12.245+0000] {processor.py:157} INFO - Started process (PID=41473) to work on /usr/local/lib/python3.8/dist-packages/airflow/example_dags/example_task_group_decorator.py
[2023-08-24T04:31:12.247+0000] {processor.py:829} INFO - Processing file /usr/local/lib/python3.8/dist-packages/airflow/example_dags/example_task_group_decorator.py for tasks to queue
[2023-08-24T04:31:12.248+0000] {logging_mixin.py:151} INFO - [2023-08-24T04:31:12.248+0000] {dagbag.py:539} INFO - Filling up the DagBag from /usr/local/lib/python3.8/dist-packages/airflow/example_dags/example_task_group_decorator.py
[2023-08-24T04:31:12.264+0000] {processor.py:839} INFO - DAG(s) dict_keys(['example_task_group_decorator']) retrieved from /usr/local/lib/python3.8/dist-packages/airflow/example_dags/example_task_group_decorator.py
[2023-08-24T04:31:12.286+0000] {logging_mixin.py:151} INFO - [2023-08-24T04:31:12.286+0000] {dag.py:2907} INFO - Sync 1 DAGs
[2023-08-24T04:31:12.305+0000] {logging_mixin.py:151} INFO - [2023-08-24T04:31:12.304+0000] {dag.py:3677} INFO - Setting next_dagrun for example_task_group_decorator to 2023-08-23T04:31:12.304687+00:00, run_after=2023-08-24T04:31:12.304687+00:00
[2023-08-24T04:31:12.323+0000] {processor.py:179} INFO - Processing /usr/local/lib/python3.8/dist-packages/airflow/example_dags/example_task_group_decorator.py took 0.082 seconds
[2023-08-24T04:32:13.139+0000] {processor.py:157} INFO - Started process (PID=41671) to work on /usr/local/lib/python3.8/dist-packages/airflow/example_dags/example_task_group_decorator.py
[2023-08-24T04:32:13.140+0000] {processor.py:829} INFO - Processing file /usr/local/lib/python3.8/dist-packages/airflow/example_dags/example_task_group_decorator.py for tasks to queue
[2023-08-24T04:32:13.141+0000] {logging_mixin.py:151} INFO - [2023-08-24T04:32:13.141+0000] {dagbag.py:539} INFO - Filling up the DagBag from /usr/local/lib/python3.8/dist-packages/airflow/example_dags/example_task_group_decorator.py
[2023-08-24T04:32:13.155+0000] {processor.py:839} INFO - DAG(s) dict_keys(['example_task_group_decorator']) retrieved from /usr/local/lib/python3.8/dist-packages/airflow/example_dags/example_task_group_decorator.py
[2023-08-24T04:32:13.174+0000] {logging_mixin.py:151} INFO - [2023-08-24T04:32:13.174+0000] {dag.py:2907} INFO - Sync 1 DAGs
[2023-08-24T04:32:13.190+0000] {logging_mixin.py:151} INFO - [2023-08-24T04:32:13.189+0000] {dag.py:3677} INFO - Setting next_dagrun for example_task_group_decorator to 2023-08-23T04:32:13.189598+00:00, run_after=2023-08-24T04:32:13.189598+00:00
[2023-08-24T04:32:13.207+0000] {processor.py:179} INFO - Processing /usr/local/lib/python3.8/dist-packages/airflow/example_dags/example_task_group_decorator.py took 0.072 seconds
[2023-08-24T04:33:12.990+0000] {processor.py:157} INFO - Started process (PID=41862) to work on /usr/local/lib/python3.8/dist-packages/airflow/example_dags/example_task_group_decorator.py
[2023-08-24T04:33:12.992+0000] {processor.py:829} INFO - Processing file /usr/local/lib/python3.8/dist-packages/airflow/example_dags/example_task_group_decorator.py for tasks to queue
[2023-08-24T04:33:12.992+0000] {logging_mixin.py:151} INFO - [2023-08-24T04:33:12.992+0000] {dagbag.py:539} INFO - Filling up the DagBag from /usr/local/lib/python3.8/dist-packages/airflow/example_dags/example_task_group_decorator.py
[2023-08-24T04:33:13.006+0000] {processor.py:839} INFO - DAG(s) dict_keys(['example_task_group_decorator']) retrieved from /usr/local/lib/python3.8/dist-packages/airflow/example_dags/example_task_group_decorator.py
[2023-08-24T04:33:13.024+0000] {logging_mixin.py:151} INFO - [2023-08-24T04:33:13.024+0000] {dag.py:2907} INFO - Sync 1 DAGs
[2023-08-24T04:33:13.040+0000] {logging_mixin.py:151} INFO - [2023-08-24T04:33:13.040+0000] {dag.py:3677} INFO - Setting next_dagrun for example_task_group_decorator to 2023-08-23T04:33:13.039827+00:00, run_after=2023-08-24T04:33:13.039827+00:00
[2023-08-24T04:33:13.057+0000] {processor.py:179} INFO - Processing /usr/local/lib/python3.8/dist-packages/airflow/example_dags/example_task_group_decorator.py took 0.071 seconds
[2023-08-24T04:34:12.096+0000] {processor.py:157} INFO - Started process (PID=42045) to work on /usr/local/lib/python3.8/dist-packages/airflow/example_dags/example_task_group_decorator.py
[2023-08-24T04:34:12.098+0000] {processor.py:829} INFO - Processing file /usr/local/lib/python3.8/dist-packages/airflow/example_dags/example_task_group_decorator.py for tasks to queue
[2023-08-24T04:34:12.099+0000] {logging_mixin.py:151} INFO - [2023-08-24T04:34:12.098+0000] {dagbag.py:539} INFO - Filling up the DagBag from /usr/local/lib/python3.8/dist-packages/airflow/example_dags/example_task_group_decorator.py
[2023-08-24T04:34:12.113+0000] {processor.py:839} INFO - DAG(s) dict_keys(['example_task_group_decorator']) retrieved from /usr/local/lib/python3.8/dist-packages/airflow/example_dags/example_task_group_decorator.py
[2023-08-24T04:34:12.131+0000] {logging_mixin.py:151} INFO - [2023-08-24T04:34:12.130+0000] {dag.py:2907} INFO - Sync 1 DAGs
[2023-08-24T04:34:12.146+0000] {logging_mixin.py:151} INFO - [2023-08-24T04:34:12.146+0000] {dag.py:3677} INFO - Setting next_dagrun for example_task_group_decorator to 2023-08-23T04:34:12.145971+00:00, run_after=2023-08-24T04:34:12.145971+00:00
[2023-08-24T04:34:12.165+0000] {processor.py:179} INFO - Processing /usr/local/lib/python3.8/dist-packages/airflow/example_dags/example_task_group_decorator.py took 0.072 seconds
[2023-08-24T04:35:11.578+0000] {processor.py:157} INFO - Started process (PID=42241) to work on /usr/local/lib/python3.8/dist-packages/airflow/example_dags/example_task_group_decorator.py
[2023-08-24T04:35:11.579+0000] {processor.py:829} INFO - Processing file /usr/local/lib/python3.8/dist-packages/airflow/example_dags/example_task_group_decorator.py for tasks to queue
[2023-08-24T04:35:11.580+0000] {logging_mixin.py:151} INFO - [2023-08-24T04:35:11.580+0000] {dagbag.py:539} INFO - Filling up the DagBag from /usr/local/lib/python3.8/dist-packages/airflow/example_dags/example_task_group_decorator.py
[2023-08-24T04:35:11.594+0000] {processor.py:839} INFO - DAG(s) dict_keys(['example_task_group_decorator']) retrieved from /usr/local/lib/python3.8/dist-packages/airflow/example_dags/example_task_group_decorator.py
[2023-08-24T04:35:11.613+0000] {logging_mixin.py:151} INFO - [2023-08-24T04:35:11.613+0000] {dag.py:2907} INFO - Sync 1 DAGs
[2023-08-24T04:35:11.630+0000] {logging_mixin.py:151} INFO - [2023-08-24T04:35:11.630+0000] {dag.py:3677} INFO - Setting next_dagrun for example_task_group_decorator to 2023-08-23T04:35:11.629961+00:00, run_after=2023-08-24T04:35:11.629961+00:00
[2023-08-24T04:35:11.647+0000] {processor.py:179} INFO - Processing /usr/local/lib/python3.8/dist-packages/airflow/example_dags/example_task_group_decorator.py took 0.073 seconds
[2023-08-24T04:36:09.848+0000] {processor.py:157} INFO - Started process (PID=42437) to work on /usr/local/lib/python3.8/dist-packages/airflow/example_dags/example_task_group_decorator.py
[2023-08-24T04:36:09.850+0000] {processor.py:829} INFO - Processing file /usr/local/lib/python3.8/dist-packages/airflow/example_dags/example_task_group_decorator.py for tasks to queue
[2023-08-24T04:36:09.851+0000] {logging_mixin.py:151} INFO - [2023-08-24T04:36:09.850+0000] {dagbag.py:539} INFO - Filling up the DagBag from /usr/local/lib/python3.8/dist-packages/airflow/example_dags/example_task_group_decorator.py
[2023-08-24T04:36:09.865+0000] {processor.py:839} INFO - DAG(s) dict_keys(['example_task_group_decorator']) retrieved from /usr/local/lib/python3.8/dist-packages/airflow/example_dags/example_task_group_decorator.py
[2023-08-24T04:36:09.883+0000] {logging_mixin.py:151} INFO - [2023-08-24T04:36:09.883+0000] {dag.py:2907} INFO - Sync 1 DAGs
[2023-08-24T04:36:09.898+0000] {logging_mixin.py:151} INFO - [2023-08-24T04:36:09.898+0000] {dag.py:3677} INFO - Setting next_dagrun for example_task_group_decorator to 2023-08-23T04:36:09.898261+00:00, run_after=2023-08-24T04:36:09.898261+00:00
[2023-08-24T04:36:09.915+0000] {processor.py:179} INFO - Processing /usr/local/lib/python3.8/dist-packages/airflow/example_dags/example_task_group_decorator.py took 0.071 seconds
[2023-08-24T04:37:06.344+0000] {processor.py:157} INFO - Started process (PID=42620) to work on /usr/local/lib/python3.8/dist-packages/airflow/example_dags/example_task_group_decorator.py
[2023-08-24T04:37:06.345+0000] {processor.py:829} INFO - Processing file /usr/local/lib/python3.8/dist-packages/airflow/example_dags/example_task_group_decorator.py for tasks to queue
[2023-08-24T04:37:06.346+0000] {logging_mixin.py:151} INFO - [2023-08-24T04:37:06.346+0000] {dagbag.py:539} INFO - Filling up the DagBag from /usr/local/lib/python3.8/dist-packages/airflow/example_dags/example_task_group_decorator.py
[2023-08-24T04:37:06.360+0000] {processor.py:839} INFO - DAG(s) dict_keys(['example_task_group_decorator']) retrieved from /usr/local/lib/python3.8/dist-packages/airflow/example_dags/example_task_group_decorator.py
[2023-08-24T04:37:06.378+0000] {logging_mixin.py:151} INFO - [2023-08-24T04:37:06.378+0000] {dag.py:2907} INFO - Sync 1 DAGs
[2023-08-24T04:37:06.393+0000] {logging_mixin.py:151} INFO - [2023-08-24T04:37:06.393+0000] {dag.py:3677} INFO - Setting next_dagrun for example_task_group_decorator to 2023-08-23T04:37:06.393599+00:00, run_after=2023-08-24T04:37:06.393599+00:00
[2023-08-24T04:37:06.411+0000] {processor.py:179} INFO - Processing /usr/local/lib/python3.8/dist-packages/airflow/example_dags/example_task_group_decorator.py took 0.071 seconds
[2023-08-24T04:38:03.481+0000] {processor.py:157} INFO - Started process (PID=42803) to work on /usr/local/lib/python3.8/dist-packages/airflow/example_dags/example_task_group_decorator.py
[2023-08-24T04:38:03.482+0000] {processor.py:829} INFO - Processing file /usr/local/lib/python3.8/dist-packages/airflow/example_dags/example_task_group_decorator.py for tasks to queue
[2023-08-24T04:38:03.484+0000] {logging_mixin.py:151} INFO - [2023-08-24T04:38:03.483+0000] {dagbag.py:539} INFO - Filling up the DagBag from /usr/local/lib/python3.8/dist-packages/airflow/example_dags/example_task_group_decorator.py
[2023-08-24T04:38:03.499+0000] {processor.py:839} INFO - DAG(s) dict_keys(['example_task_group_decorator']) retrieved from /usr/local/lib/python3.8/dist-packages/airflow/example_dags/example_task_group_decorator.py
[2023-08-24T04:38:03.520+0000] {logging_mixin.py:151} INFO - [2023-08-24T04:38:03.520+0000] {dag.py:2907} INFO - Sync 1 DAGs
[2023-08-24T04:38:03.538+0000] {logging_mixin.py:151} INFO - [2023-08-24T04:38:03.537+0000] {dag.py:3677} INFO - Setting next_dagrun for example_task_group_decorator to 2023-08-23T04:38:03.537641+00:00, run_after=2023-08-24T04:38:03.537641+00:00
[2023-08-24T04:38:03.556+0000] {processor.py:179} INFO - Processing /usr/local/lib/python3.8/dist-packages/airflow/example_dags/example_task_group_decorator.py took 0.080 seconds
[2023-08-24T04:39:03.836+0000] {processor.py:157} INFO - Started process (PID=42988) to work on /usr/local/lib/python3.8/dist-packages/airflow/example_dags/example_task_group_decorator.py
[2023-08-24T04:39:03.838+0000] {processor.py:829} INFO - Processing file /usr/local/lib/python3.8/dist-packages/airflow/example_dags/example_task_group_decorator.py for tasks to queue
[2023-08-24T04:39:03.839+0000] {logging_mixin.py:151} INFO - [2023-08-24T04:39:03.838+0000] {dagbag.py:539} INFO - Filling up the DagBag from /usr/local/lib/python3.8/dist-packages/airflow/example_dags/example_task_group_decorator.py
[2023-08-24T04:39:03.853+0000] {processor.py:839} INFO - DAG(s) dict_keys(['example_task_group_decorator']) retrieved from /usr/local/lib/python3.8/dist-packages/airflow/example_dags/example_task_group_decorator.py
[2023-08-24T04:39:03.871+0000] {logging_mixin.py:151} INFO - [2023-08-24T04:39:03.871+0000] {dag.py:2907} INFO - Sync 1 DAGs
[2023-08-24T04:39:03.888+0000] {logging_mixin.py:151} INFO - [2023-08-24T04:39:03.888+0000] {dag.py:3677} INFO - Setting next_dagrun for example_task_group_decorator to 2023-08-23T04:39:03.887792+00:00, run_after=2023-08-24T04:39:03.887792+00:00
[2023-08-24T04:39:03.906+0000] {processor.py:179} INFO - Processing /usr/local/lib/python3.8/dist-packages/airflow/example_dags/example_task_group_decorator.py took 0.073 seconds
[2023-08-24T04:40:04.108+0000] {processor.py:157} INFO - Started process (PID=43184) to work on /usr/local/lib/python3.8/dist-packages/airflow/example_dags/example_task_group_decorator.py
[2023-08-24T04:40:04.109+0000] {processor.py:829} INFO - Processing file /usr/local/lib/python3.8/dist-packages/airflow/example_dags/example_task_group_decorator.py for tasks to queue
[2023-08-24T04:40:04.110+0000] {logging_mixin.py:151} INFO - [2023-08-24T04:40:04.110+0000] {dagbag.py:539} INFO - Filling up the DagBag from /usr/local/lib/python3.8/dist-packages/airflow/example_dags/example_task_group_decorator.py
[2023-08-24T04:40:04.124+0000] {processor.py:839} INFO - DAG(s) dict_keys(['example_task_group_decorator']) retrieved from /usr/local/lib/python3.8/dist-packages/airflow/example_dags/example_task_group_decorator.py
[2023-08-24T04:40:04.143+0000] {logging_mixin.py:151} INFO - [2023-08-24T04:40:04.143+0000] {dag.py:2907} INFO - Sync 1 DAGs
[2023-08-24T04:40:04.158+0000] {logging_mixin.py:151} INFO - [2023-08-24T04:40:04.158+0000] {dag.py:3677} INFO - Setting next_dagrun for example_task_group_decorator to 2023-08-23T04:40:04.158530+00:00, run_after=2023-08-24T04:40:04.158530+00:00
[2023-08-24T04:40:04.177+0000] {processor.py:179} INFO - Processing /usr/local/lib/python3.8/dist-packages/airflow/example_dags/example_task_group_decorator.py took 0.072 seconds
[2023-08-24T04:41:04.791+0000] {processor.py:157} INFO - Started process (PID=43368) to work on /usr/local/lib/python3.8/dist-packages/airflow/example_dags/example_task_group_decorator.py
[2023-08-24T04:41:04.792+0000] {processor.py:829} INFO - Processing file /usr/local/lib/python3.8/dist-packages/airflow/example_dags/example_task_group_decorator.py for tasks to queue
[2023-08-24T04:41:04.793+0000] {logging_mixin.py:151} INFO - [2023-08-24T04:41:04.793+0000] {dagbag.py:539} INFO - Filling up the DagBag from /usr/local/lib/python3.8/dist-packages/airflow/example_dags/example_task_group_decorator.py
[2023-08-24T04:41:04.807+0000] {processor.py:839} INFO - DAG(s) dict_keys(['example_task_group_decorator']) retrieved from /usr/local/lib/python3.8/dist-packages/airflow/example_dags/example_task_group_decorator.py
[2023-08-24T04:41:04.826+0000] {logging_mixin.py:151} INFO - [2023-08-24T04:41:04.825+0000] {dag.py:2907} INFO - Sync 1 DAGs
[2023-08-24T04:41:04.841+0000] {logging_mixin.py:151} INFO - [2023-08-24T04:41:04.841+0000] {dag.py:3677} INFO - Setting next_dagrun for example_task_group_decorator to 2023-08-23T04:41:04.841239+00:00, run_after=2023-08-24T04:41:04.841239+00:00
[2023-08-24T04:41:04.858+0000] {processor.py:179} INFO - Processing /usr/local/lib/python3.8/dist-packages/airflow/example_dags/example_task_group_decorator.py took 0.071 seconds
[2023-08-24T04:42:04.383+0000] {processor.py:157} INFO - Started process (PID=43551) to work on /usr/local/lib/python3.8/dist-packages/airflow/example_dags/example_task_group_decorator.py
[2023-08-24T04:42:04.385+0000] {processor.py:829} INFO - Processing file /usr/local/lib/python3.8/dist-packages/airflow/example_dags/example_task_group_decorator.py for tasks to queue
[2023-08-24T04:42:04.386+0000] {logging_mixin.py:151} INFO - [2023-08-24T04:42:04.385+0000] {dagbag.py:539} INFO - Filling up the DagBag from /usr/local/lib/python3.8/dist-packages/airflow/example_dags/example_task_group_decorator.py
[2023-08-24T04:42:04.400+0000] {processor.py:839} INFO - DAG(s) dict_keys(['example_task_group_decorator']) retrieved from /usr/local/lib/python3.8/dist-packages/airflow/example_dags/example_task_group_decorator.py
[2023-08-24T04:42:04.418+0000] {logging_mixin.py:151} INFO - [2023-08-24T04:42:04.418+0000] {dag.py:2907} INFO - Sync 1 DAGs
[2023-08-24T04:42:04.434+0000] {logging_mixin.py:151} INFO - [2023-08-24T04:42:04.434+0000] {dag.py:3677} INFO - Setting next_dagrun for example_task_group_decorator to 2023-08-23T04:42:04.433777+00:00, run_after=2023-08-24T04:42:04.433777+00:00
[2023-08-24T04:42:04.451+0000] {processor.py:179} INFO - Processing /usr/local/lib/python3.8/dist-packages/airflow/example_dags/example_task_group_decorator.py took 0.071 seconds
[2023-08-24T04:43:02.699+0000] {processor.py:157} INFO - Started process (PID=43739) to work on /usr/local/lib/python3.8/dist-packages/airflow/example_dags/example_task_group_decorator.py
[2023-08-24T04:43:02.700+0000] {processor.py:829} INFO - Processing file /usr/local/lib/python3.8/dist-packages/airflow/example_dags/example_task_group_decorator.py for tasks to queue
[2023-08-24T04:43:02.701+0000] {logging_mixin.py:151} INFO - [2023-08-24T04:43:02.701+0000] {dagbag.py:539} INFO - Filling up the DagBag from /usr/local/lib/python3.8/dist-packages/airflow/example_dags/example_task_group_decorator.py
[2023-08-24T04:43:02.715+0000] {processor.py:839} INFO - DAG(s) dict_keys(['example_task_group_decorator']) retrieved from /usr/local/lib/python3.8/dist-packages/airflow/example_dags/example_task_group_decorator.py
[2023-08-24T04:43:02.737+0000] {logging_mixin.py:151} INFO - [2023-08-24T04:43:02.737+0000] {dag.py:2907} INFO - Sync 1 DAGs
[2023-08-24T04:43:02.753+0000] {logging_mixin.py:151} INFO - [2023-08-24T04:43:02.753+0000] {dag.py:3677} INFO - Setting next_dagrun for example_task_group_decorator to 2023-08-23T04:43:02.752969+00:00, run_after=2023-08-24T04:43:02.752969+00:00
[2023-08-24T04:43:02.771+0000] {processor.py:179} INFO - Processing /usr/local/lib/python3.8/dist-packages/airflow/example_dags/example_task_group_decorator.py took 0.076 seconds
[2023-08-24T04:44:03.908+0000] {processor.py:157} INFO - Started process (PID=43923) to work on /usr/local/lib/python3.8/dist-packages/airflow/example_dags/example_task_group_decorator.py
[2023-08-24T04:44:03.909+0000] {processor.py:829} INFO - Processing file /usr/local/lib/python3.8/dist-packages/airflow/example_dags/example_task_group_decorator.py for tasks to queue
[2023-08-24T04:44:03.910+0000] {logging_mixin.py:151} INFO - [2023-08-24T04:44:03.910+0000] {dagbag.py:539} INFO - Filling up the DagBag from /usr/local/lib/python3.8/dist-packages/airflow/example_dags/example_task_group_decorator.py
[2023-08-24T04:44:03.924+0000] {processor.py:839} INFO - DAG(s) dict_keys(['example_task_group_decorator']) retrieved from /usr/local/lib/python3.8/dist-packages/airflow/example_dags/example_task_group_decorator.py
[2023-08-24T04:44:03.943+0000] {logging_mixin.py:151} INFO - [2023-08-24T04:44:03.942+0000] {dag.py:2907} INFO - Sync 1 DAGs
[2023-08-24T04:44:03.958+0000] {logging_mixin.py:151} INFO - [2023-08-24T04:44:03.958+0000] {dag.py:3677} INFO - Setting next_dagrun for example_task_group_decorator to 2023-08-23T04:44:03.958275+00:00, run_after=2023-08-24T04:44:03.958275+00:00
[2023-08-24T04:44:03.976+0000] {processor.py:179} INFO - Processing /usr/local/lib/python3.8/dist-packages/airflow/example_dags/example_task_group_decorator.py took 0.071 seconds
[2023-08-24T04:45:04.771+0000] {processor.py:157} INFO - Started process (PID=44108) to work on /usr/local/lib/python3.8/dist-packages/airflow/example_dags/example_task_group_decorator.py
[2023-08-24T04:45:04.773+0000] {processor.py:829} INFO - Processing file /usr/local/lib/python3.8/dist-packages/airflow/example_dags/example_task_group_decorator.py for tasks to queue
[2023-08-24T04:45:04.774+0000] {logging_mixin.py:151} INFO - [2023-08-24T04:45:04.773+0000] {dagbag.py:539} INFO - Filling up the DagBag from /usr/local/lib/python3.8/dist-packages/airflow/example_dags/example_task_group_decorator.py
[2023-08-24T04:45:04.789+0000] {processor.py:839} INFO - DAG(s) dict_keys(['example_task_group_decorator']) retrieved from /usr/local/lib/python3.8/dist-packages/airflow/example_dags/example_task_group_decorator.py
[2023-08-24T04:45:04.808+0000] {logging_mixin.py:151} INFO - [2023-08-24T04:45:04.808+0000] {dag.py:2907} INFO - Sync 1 DAGs
[2023-08-24T04:45:04.823+0000] {logging_mixin.py:151} INFO - [2023-08-24T04:45:04.823+0000] {dag.py:3677} INFO - Setting next_dagrun for example_task_group_decorator to 2023-08-23T04:45:04.823579+00:00, run_after=2023-08-24T04:45:04.823579+00:00
[2023-08-24T04:45:04.841+0000] {processor.py:179} INFO - Processing /usr/local/lib/python3.8/dist-packages/airflow/example_dags/example_task_group_decorator.py took 0.075 seconds
[2023-08-24T04:46:06.046+0000] {processor.py:157} INFO - Started process (PID=44291) to work on /usr/local/lib/python3.8/dist-packages/airflow/example_dags/example_task_group_decorator.py
[2023-08-24T04:46:06.048+0000] {processor.py:829} INFO - Processing file /usr/local/lib/python3.8/dist-packages/airflow/example_dags/example_task_group_decorator.py for tasks to queue
[2023-08-24T04:46:06.049+0000] {logging_mixin.py:151} INFO - [2023-08-24T04:46:06.048+0000] {dagbag.py:539} INFO - Filling up the DagBag from /usr/local/lib/python3.8/dist-packages/airflow/example_dags/example_task_group_decorator.py
[2023-08-24T04:46:06.063+0000] {processor.py:839} INFO - DAG(s) dict_keys(['example_task_group_decorator']) retrieved from /usr/local/lib/python3.8/dist-packages/airflow/example_dags/example_task_group_decorator.py
[2023-08-24T04:46:06.082+0000] {logging_mixin.py:151} INFO - [2023-08-24T04:46:06.081+0000] {dag.py:2907} INFO - Sync 1 DAGs
[2023-08-24T04:46:06.098+0000] {logging_mixin.py:151} INFO - [2023-08-24T04:46:06.097+0000] {dag.py:3677} INFO - Setting next_dagrun for example_task_group_decorator to 2023-08-23T04:46:06.097550+00:00, run_after=2023-08-24T04:46:06.097550+00:00
[2023-08-24T04:46:06.116+0000] {processor.py:179} INFO - Processing /usr/local/lib/python3.8/dist-packages/airflow/example_dags/example_task_group_decorator.py took 0.073 seconds
[2023-08-24T04:47:08.455+0000] {processor.py:157} INFO - Started process (PID=44474) to work on /usr/local/lib/python3.8/dist-packages/airflow/example_dags/example_task_group_decorator.py
[2023-08-24T04:47:08.456+0000] {processor.py:829} INFO - Processing file /usr/local/lib/python3.8/dist-packages/airflow/example_dags/example_task_group_decorator.py for tasks to queue
[2023-08-24T04:47:08.457+0000] {logging_mixin.py:151} INFO - [2023-08-24T04:47:08.457+0000] {dagbag.py:539} INFO - Filling up the DagBag from /usr/local/lib/python3.8/dist-packages/airflow/example_dags/example_task_group_decorator.py
[2023-08-24T04:47:08.473+0000] {processor.py:839} INFO - DAG(s) dict_keys(['example_task_group_decorator']) retrieved from /usr/local/lib/python3.8/dist-packages/airflow/example_dags/example_task_group_decorator.py
[2023-08-24T04:47:08.494+0000] {logging_mixin.py:151} INFO - [2023-08-24T04:47:08.494+0000] {dag.py:2907} INFO - Sync 1 DAGs
[2023-08-24T04:47:08.511+0000] {logging_mixin.py:151} INFO - [2023-08-24T04:47:08.510+0000] {dag.py:3677} INFO - Setting next_dagrun for example_task_group_decorator to 2023-08-23T04:47:08.510664+00:00, run_after=2023-08-24T04:47:08.510664+00:00
[2023-08-24T04:47:08.528+0000] {processor.py:179} INFO - Processing /usr/local/lib/python3.8/dist-packages/airflow/example_dags/example_task_group_decorator.py took 0.077 seconds
[2023-08-24T04:48:09.198+0000] {processor.py:157} INFO - Started process (PID=44658) to work on /usr/local/lib/python3.8/dist-packages/airflow/example_dags/example_task_group_decorator.py
[2023-08-24T04:48:09.201+0000] {processor.py:829} INFO - Processing file /usr/local/lib/python3.8/dist-packages/airflow/example_dags/example_task_group_decorator.py for tasks to queue
[2023-08-24T04:48:09.202+0000] {logging_mixin.py:151} INFO - [2023-08-24T04:48:09.202+0000] {dagbag.py:539} INFO - Filling up the DagBag from /usr/local/lib/python3.8/dist-packages/airflow/example_dags/example_task_group_decorator.py
[2023-08-24T04:48:09.216+0000] {processor.py:839} INFO - DAG(s) dict_keys(['example_task_group_decorator']) retrieved from /usr/local/lib/python3.8/dist-packages/airflow/example_dags/example_task_group_decorator.py
[2023-08-24T04:48:09.235+0000] {logging_mixin.py:151} INFO - [2023-08-24T04:48:09.235+0000] {dag.py:2907} INFO - Sync 1 DAGs
[2023-08-24T04:48:09.251+0000] {logging_mixin.py:151} INFO - [2023-08-24T04:48:09.251+0000] {dag.py:3677} INFO - Setting next_dagrun for example_task_group_decorator to 2023-08-23T04:48:09.251185+00:00, run_after=2023-08-24T04:48:09.251185+00:00
[2023-08-24T04:48:09.270+0000] {processor.py:179} INFO - Processing /usr/local/lib/python3.8/dist-packages/airflow/example_dags/example_task_group_decorator.py took 0.076 seconds
[2023-08-24T04:49:12.662+0000] {processor.py:157} INFO - Started process (PID=44841) to work on /usr/local/lib/python3.8/dist-packages/airflow/example_dags/example_task_group_decorator.py
[2023-08-24T04:49:12.667+0000] {processor.py:829} INFO - Processing file /usr/local/lib/python3.8/dist-packages/airflow/example_dags/example_task_group_decorator.py for tasks to queue
[2023-08-24T04:49:12.667+0000] {logging_mixin.py:151} INFO - [2023-08-24T04:49:12.667+0000] {dagbag.py:539} INFO - Filling up the DagBag from /usr/local/lib/python3.8/dist-packages/airflow/example_dags/example_task_group_decorator.py
[2023-08-24T04:49:12.682+0000] {processor.py:839} INFO - DAG(s) dict_keys(['example_task_group_decorator']) retrieved from /usr/local/lib/python3.8/dist-packages/airflow/example_dags/example_task_group_decorator.py
[2023-08-24T04:49:12.701+0000] {logging_mixin.py:151} INFO - [2023-08-24T04:49:12.701+0000] {dag.py:2907} INFO - Sync 1 DAGs
[2023-08-24T04:49:12.717+0000] {logging_mixin.py:151} INFO - [2023-08-24T04:49:12.717+0000] {dag.py:3677} INFO - Setting next_dagrun for example_task_group_decorator to 2023-08-23T04:49:12.717172+00:00, run_after=2023-08-24T04:49:12.717172+00:00
[2023-08-24T04:49:12.736+0000] {processor.py:179} INFO - Processing /usr/local/lib/python3.8/dist-packages/airflow/example_dags/example_task_group_decorator.py took 0.077 seconds
[2023-08-24T04:50:11.535+0000] {processor.py:157} INFO - Started process (PID=45026) to work on /usr/local/lib/python3.8/dist-packages/airflow/example_dags/example_task_group_decorator.py
[2023-08-24T04:50:11.537+0000] {processor.py:829} INFO - Processing file /usr/local/lib/python3.8/dist-packages/airflow/example_dags/example_task_group_decorator.py for tasks to queue
[2023-08-24T04:50:11.538+0000] {logging_mixin.py:151} INFO - [2023-08-24T04:50:11.537+0000] {dagbag.py:539} INFO - Filling up the DagBag from /usr/local/lib/python3.8/dist-packages/airflow/example_dags/example_task_group_decorator.py
[2023-08-24T04:50:11.552+0000] {processor.py:839} INFO - DAG(s) dict_keys(['example_task_group_decorator']) retrieved from /usr/local/lib/python3.8/dist-packages/airflow/example_dags/example_task_group_decorator.py
[2023-08-24T04:50:11.570+0000] {logging_mixin.py:151} INFO - [2023-08-24T04:50:11.570+0000] {dag.py:2907} INFO - Sync 1 DAGs
[2023-08-24T04:50:11.586+0000] {logging_mixin.py:151} INFO - [2023-08-24T04:50:11.586+0000] {dag.py:3677} INFO - Setting next_dagrun for example_task_group_decorator to 2023-08-23T04:50:11.586534+00:00, run_after=2023-08-24T04:50:11.586534+00:00
[2023-08-24T04:50:11.604+0000] {processor.py:179} INFO - Processing /usr/local/lib/python3.8/dist-packages/airflow/example_dags/example_task_group_decorator.py took 0.073 seconds
[2023-08-24T04:51:08.816+0000] {processor.py:157} INFO - Started process (PID=45208) to work on /usr/local/lib/python3.8/dist-packages/airflow/example_dags/example_task_group_decorator.py
[2023-08-24T04:51:08.817+0000] {processor.py:829} INFO - Processing file /usr/local/lib/python3.8/dist-packages/airflow/example_dags/example_task_group_decorator.py for tasks to queue
[2023-08-24T04:51:08.818+0000] {logging_mixin.py:151} INFO - [2023-08-24T04:51:08.818+0000] {dagbag.py:539} INFO - Filling up the DagBag from /usr/local/lib/python3.8/dist-packages/airflow/example_dags/example_task_group_decorator.py
[2023-08-24T04:51:08.835+0000] {processor.py:839} INFO - DAG(s) dict_keys(['example_task_group_decorator']) retrieved from /usr/local/lib/python3.8/dist-packages/airflow/example_dags/example_task_group_decorator.py
[2023-08-24T04:51:08.854+0000] {logging_mixin.py:151} INFO - [2023-08-24T04:51:08.853+0000] {dag.py:2907} INFO - Sync 1 DAGs
[2023-08-24T04:51:08.870+0000] {logging_mixin.py:151} INFO - [2023-08-24T04:51:08.870+0000] {dag.py:3677} INFO - Setting next_dagrun for example_task_group_decorator to 2023-08-23T04:51:08.869954+00:00, run_after=2023-08-24T04:51:08.869954+00:00
[2023-08-24T04:51:08.888+0000] {processor.py:179} INFO - Processing /usr/local/lib/python3.8/dist-packages/airflow/example_dags/example_task_group_decorator.py took 0.076 seconds
[2023-08-24T04:52:10.935+0000] {processor.py:157} INFO - Started process (PID=45391) to work on /usr/local/lib/python3.8/dist-packages/airflow/example_dags/example_task_group_decorator.py
[2023-08-24T04:52:10.937+0000] {processor.py:829} INFO - Processing file /usr/local/lib/python3.8/dist-packages/airflow/example_dags/example_task_group_decorator.py for tasks to queue
[2023-08-24T04:52:10.938+0000] {logging_mixin.py:151} INFO - [2023-08-24T04:52:10.937+0000] {dagbag.py:539} INFO - Filling up the DagBag from /usr/local/lib/python3.8/dist-packages/airflow/example_dags/example_task_group_decorator.py
[2023-08-24T04:52:10.952+0000] {processor.py:839} INFO - DAG(s) dict_keys(['example_task_group_decorator']) retrieved from /usr/local/lib/python3.8/dist-packages/airflow/example_dags/example_task_group_decorator.py
[2023-08-24T04:52:10.972+0000] {logging_mixin.py:151} INFO - [2023-08-24T04:52:10.972+0000] {dag.py:2907} INFO - Sync 1 DAGs
[2023-08-24T04:52:10.989+0000] {logging_mixin.py:151} INFO - [2023-08-24T04:52:10.989+0000] {dag.py:3677} INFO - Setting next_dagrun for example_task_group_decorator to 2023-08-23T04:52:10.989380+00:00, run_after=2023-08-24T04:52:10.989380+00:00
[2023-08-24T04:52:11.008+0000] {processor.py:179} INFO - Processing /usr/local/lib/python3.8/dist-packages/airflow/example_dags/example_task_group_decorator.py took 0.076 seconds
[2023-08-24T04:53:12.375+0000] {processor.py:157} INFO - Started process (PID=45580) to work on /usr/local/lib/python3.8/dist-packages/airflow/example_dags/example_task_group_decorator.py
[2023-08-24T04:53:12.377+0000] {processor.py:829} INFO - Processing file /usr/local/lib/python3.8/dist-packages/airflow/example_dags/example_task_group_decorator.py for tasks to queue
[2023-08-24T04:53:12.378+0000] {logging_mixin.py:151} INFO - [2023-08-24T04:53:12.377+0000] {dagbag.py:539} INFO - Filling up the DagBag from /usr/local/lib/python3.8/dist-packages/airflow/example_dags/example_task_group_decorator.py
[2023-08-24T04:53:12.392+0000] {processor.py:839} INFO - DAG(s) dict_keys(['example_task_group_decorator']) retrieved from /usr/local/lib/python3.8/dist-packages/airflow/example_dags/example_task_group_decorator.py
[2023-08-24T04:53:12.411+0000] {logging_mixin.py:151} INFO - [2023-08-24T04:53:12.411+0000] {dag.py:2907} INFO - Sync 1 DAGs
[2023-08-24T04:53:12.427+0000] {logging_mixin.py:151} INFO - [2023-08-24T04:53:12.427+0000] {dag.py:3677} INFO - Setting next_dagrun for example_task_group_decorator to 2023-08-23T04:53:12.427214+00:00, run_after=2023-08-24T04:53:12.427214+00:00
[2023-08-24T04:53:12.445+0000] {processor.py:179} INFO - Processing /usr/local/lib/python3.8/dist-packages/airflow/example_dags/example_task_group_decorator.py took 0.073 seconds
[2023-08-24T04:54:13.560+0000] {processor.py:157} INFO - Started process (PID=45762) to work on /usr/local/lib/python3.8/dist-packages/airflow/example_dags/example_task_group_decorator.py
[2023-08-24T04:54:13.562+0000] {processor.py:829} INFO - Processing file /usr/local/lib/python3.8/dist-packages/airflow/example_dags/example_task_group_decorator.py for tasks to queue
[2023-08-24T04:54:13.563+0000] {logging_mixin.py:151} INFO - [2023-08-24T04:54:13.562+0000] {dagbag.py:539} INFO - Filling up the DagBag from /usr/local/lib/python3.8/dist-packages/airflow/example_dags/example_task_group_decorator.py
[2023-08-24T04:54:13.577+0000] {processor.py:839} INFO - DAG(s) dict_keys(['example_task_group_decorator']) retrieved from /usr/local/lib/python3.8/dist-packages/airflow/example_dags/example_task_group_decorator.py
[2023-08-24T04:54:13.595+0000] {logging_mixin.py:151} INFO - [2023-08-24T04:54:13.595+0000] {dag.py:2907} INFO - Sync 1 DAGs
[2023-08-24T04:54:13.611+0000] {logging_mixin.py:151} INFO - [2023-08-24T04:54:13.611+0000] {dag.py:3677} INFO - Setting next_dagrun for example_task_group_decorator to 2023-08-23T04:54:13.610804+00:00, run_after=2023-08-24T04:54:13.610804+00:00
[2023-08-24T04:54:13.628+0000] {processor.py:179} INFO - Processing /usr/local/lib/python3.8/dist-packages/airflow/example_dags/example_task_group_decorator.py took 0.071 seconds
[2023-08-24T04:55:14.306+0000] {processor.py:157} INFO - Started process (PID=45946) to work on /usr/local/lib/python3.8/dist-packages/airflow/example_dags/example_task_group_decorator.py
[2023-08-24T04:55:14.308+0000] {processor.py:829} INFO - Processing file /usr/local/lib/python3.8/dist-packages/airflow/example_dags/example_task_group_decorator.py for tasks to queue
[2023-08-24T04:55:14.309+0000] {logging_mixin.py:151} INFO - [2023-08-24T04:55:14.308+0000] {dagbag.py:539} INFO - Filling up the DagBag from /usr/local/lib/python3.8/dist-packages/airflow/example_dags/example_task_group_decorator.py
[2023-08-24T04:55:14.323+0000] {processor.py:839} INFO - DAG(s) dict_keys(['example_task_group_decorator']) retrieved from /usr/local/lib/python3.8/dist-packages/airflow/example_dags/example_task_group_decorator.py
[2023-08-24T04:55:14.342+0000] {logging_mixin.py:151} INFO - [2023-08-24T04:55:14.341+0000] {dag.py:2907} INFO - Sync 1 DAGs
[2023-08-24T04:55:14.358+0000] {logging_mixin.py:151} INFO - [2023-08-24T04:55:14.357+0000] {dag.py:3677} INFO - Setting next_dagrun for example_task_group_decorator to 2023-08-23T04:55:14.357600+00:00, run_after=2023-08-24T04:55:14.357600+00:00
[2023-08-24T04:55:14.376+0000] {processor.py:179} INFO - Processing /usr/local/lib/python3.8/dist-packages/airflow/example_dags/example_task_group_decorator.py took 0.074 seconds
[2023-08-24T04:56:17.344+0000] {processor.py:157} INFO - Started process (PID=46133) to work on /usr/local/lib/python3.8/dist-packages/airflow/example_dags/example_task_group_decorator.py
[2023-08-24T04:56:17.346+0000] {processor.py:829} INFO - Processing file /usr/local/lib/python3.8/dist-packages/airflow/example_dags/example_task_group_decorator.py for tasks to queue
[2023-08-24T04:56:17.347+0000] {logging_mixin.py:151} INFO - [2023-08-24T04:56:17.346+0000] {dagbag.py:539} INFO - Filling up the DagBag from /usr/local/lib/python3.8/dist-packages/airflow/example_dags/example_task_group_decorator.py
[2023-08-24T04:56:17.361+0000] {processor.py:839} INFO - DAG(s) dict_keys(['example_task_group_decorator']) retrieved from /usr/local/lib/python3.8/dist-packages/airflow/example_dags/example_task_group_decorator.py
[2023-08-24T04:56:17.382+0000] {logging_mixin.py:151} INFO - [2023-08-24T04:56:17.381+0000] {dag.py:2907} INFO - Sync 1 DAGs
[2023-08-24T04:56:17.527+0000] {logging_mixin.py:151} INFO - [2023-08-24T04:56:17.527+0000] {dag.py:3677} INFO - Setting next_dagrun for example_task_group_decorator to 2023-08-23T04:56:17.527461+00:00, run_after=2023-08-24T04:56:17.527461+00:00
[2023-08-24T04:56:17.545+0000] {processor.py:179} INFO - Processing /usr/local/lib/python3.8/dist-packages/airflow/example_dags/example_task_group_decorator.py took 0.204 seconds
[2023-08-24T04:57:20.538+0000] {processor.py:157} INFO - Started process (PID=46330) to work on /usr/local/lib/python3.8/dist-packages/airflow/example_dags/example_task_group_decorator.py
[2023-08-24T04:57:20.540+0000] {processor.py:829} INFO - Processing file /usr/local/lib/python3.8/dist-packages/airflow/example_dags/example_task_group_decorator.py for tasks to queue
[2023-08-24T04:57:20.541+0000] {logging_mixin.py:151} INFO - [2023-08-24T04:57:20.540+0000] {dagbag.py:539} INFO - Filling up the DagBag from /usr/local/lib/python3.8/dist-packages/airflow/example_dags/example_task_group_decorator.py
[2023-08-24T04:57:20.555+0000] {processor.py:839} INFO - DAG(s) dict_keys(['example_task_group_decorator']) retrieved from /usr/local/lib/python3.8/dist-packages/airflow/example_dags/example_task_group_decorator.py
[2023-08-24T04:57:20.574+0000] {logging_mixin.py:151} INFO - [2023-08-24T04:57:20.574+0000] {dag.py:2907} INFO - Sync 1 DAGs
[2023-08-24T04:57:20.590+0000] {logging_mixin.py:151} INFO - [2023-08-24T04:57:20.590+0000] {dag.py:3677} INFO - Setting next_dagrun for example_task_group_decorator to 2023-08-23T04:57:20.589950+00:00, run_after=2023-08-24T04:57:20.589950+00:00
[2023-08-24T04:57:20.608+0000] {processor.py:179} INFO - Processing /usr/local/lib/python3.8/dist-packages/airflow/example_dags/example_task_group_decorator.py took 0.073 seconds
[2023-08-24T04:58:24.293+0000] {processor.py:157} INFO - Started process (PID=46514) to work on /usr/local/lib/python3.8/dist-packages/airflow/example_dags/example_task_group_decorator.py
[2023-08-24T04:58:24.295+0000] {processor.py:829} INFO - Processing file /usr/local/lib/python3.8/dist-packages/airflow/example_dags/example_task_group_decorator.py for tasks to queue
[2023-08-24T04:58:24.296+0000] {logging_mixin.py:151} INFO - [2023-08-24T04:58:24.295+0000] {dagbag.py:539} INFO - Filling up the DagBag from /usr/local/lib/python3.8/dist-packages/airflow/example_dags/example_task_group_decorator.py
[2023-08-24T04:58:24.311+0000] {processor.py:839} INFO - DAG(s) dict_keys(['example_task_group_decorator']) retrieved from /usr/local/lib/python3.8/dist-packages/airflow/example_dags/example_task_group_decorator.py
[2023-08-24T04:58:24.331+0000] {logging_mixin.py:151} INFO - [2023-08-24T04:58:24.331+0000] {dag.py:2907} INFO - Sync 1 DAGs
[2023-08-24T04:58:24.348+0000] {logging_mixin.py:151} INFO - [2023-08-24T04:58:24.348+0000] {dag.py:3677} INFO - Setting next_dagrun for example_task_group_decorator to 2023-08-23T04:58:24.348195+00:00, run_after=2023-08-24T04:58:24.348195+00:00
[2023-08-24T04:58:24.366+0000] {processor.py:179} INFO - Processing /usr/local/lib/python3.8/dist-packages/airflow/example_dags/example_task_group_decorator.py took 0.077 seconds
[2023-08-24T04:59:29.277+0000] {processor.py:157} INFO - Started process (PID=46697) to work on /usr/local/lib/python3.8/dist-packages/airflow/example_dags/example_task_group_decorator.py
[2023-08-24T04:59:29.279+0000] {processor.py:829} INFO - Processing file /usr/local/lib/python3.8/dist-packages/airflow/example_dags/example_task_group_decorator.py for tasks to queue
[2023-08-24T04:59:29.279+0000] {logging_mixin.py:151} INFO - [2023-08-24T04:59:29.279+0000] {dagbag.py:539} INFO - Filling up the DagBag from /usr/local/lib/python3.8/dist-packages/airflow/example_dags/example_task_group_decorator.py
[2023-08-24T04:59:29.293+0000] {processor.py:839} INFO - DAG(s) dict_keys(['example_task_group_decorator']) retrieved from /usr/local/lib/python3.8/dist-packages/airflow/example_dags/example_task_group_decorator.py
[2023-08-24T04:59:29.438+0000] {logging_mixin.py:151} INFO - [2023-08-24T04:59:29.438+0000] {dag.py:2907} INFO - Sync 1 DAGs
[2023-08-24T04:59:29.451+0000] {logging_mixin.py:151} INFO - [2023-08-24T04:59:29.451+0000] {dag.py:3677} INFO - Setting next_dagrun for example_task_group_decorator to 2023-08-23T04:59:29.451418+00:00, run_after=2023-08-24T04:59:29.451418+00:00
[2023-08-24T04:59:29.469+0000] {processor.py:179} INFO - Processing /usr/local/lib/python3.8/dist-packages/airflow/example_dags/example_task_group_decorator.py took 0.195 seconds
[2023-08-24T05:00:29.995+0000] {processor.py:157} INFO - Started process (PID=46881) to work on /usr/local/lib/python3.8/dist-packages/airflow/example_dags/example_task_group_decorator.py
[2023-08-24T05:00:29.997+0000] {processor.py:829} INFO - Processing file /usr/local/lib/python3.8/dist-packages/airflow/example_dags/example_task_group_decorator.py for tasks to queue
[2023-08-24T05:00:29.998+0000] {logging_mixin.py:151} INFO - [2023-08-24T05:00:29.997+0000] {dagbag.py:539} INFO - Filling up the DagBag from /usr/local/lib/python3.8/dist-packages/airflow/example_dags/example_task_group_decorator.py
[2023-08-24T05:00:30.012+0000] {processor.py:839} INFO - DAG(s) dict_keys(['example_task_group_decorator']) retrieved from /usr/local/lib/python3.8/dist-packages/airflow/example_dags/example_task_group_decorator.py
[2023-08-24T05:00:30.030+0000] {logging_mixin.py:151} INFO - [2023-08-24T05:00:30.030+0000] {dag.py:2907} INFO - Sync 1 DAGs
[2023-08-24T05:00:30.045+0000] {logging_mixin.py:151} INFO - [2023-08-24T05:00:30.045+0000] {dag.py:3677} INFO - Setting next_dagrun for example_task_group_decorator to 2023-08-23T05:00:30.045332+00:00, run_after=2023-08-24T05:00:30.045332+00:00
[2023-08-24T05:00:30.062+0000] {processor.py:179} INFO - Processing /usr/local/lib/python3.8/dist-packages/airflow/example_dags/example_task_group_decorator.py took 0.071 seconds
[2023-08-24T05:01:30.244+0000] {processor.py:157} INFO - Started process (PID=47078) to work on /usr/local/lib/python3.8/dist-packages/airflow/example_dags/example_task_group_decorator.py
[2023-08-24T05:01:30.245+0000] {processor.py:829} INFO - Processing file /usr/local/lib/python3.8/dist-packages/airflow/example_dags/example_task_group_decorator.py for tasks to queue
[2023-08-24T05:01:30.246+0000] {logging_mixin.py:151} INFO - [2023-08-24T05:01:30.246+0000] {dagbag.py:539} INFO - Filling up the DagBag from /usr/local/lib/python3.8/dist-packages/airflow/example_dags/example_task_group_decorator.py
[2023-08-24T05:01:30.261+0000] {processor.py:839} INFO - DAG(s) dict_keys(['example_task_group_decorator']) retrieved from /usr/local/lib/python3.8/dist-packages/airflow/example_dags/example_task_group_decorator.py
[2023-08-24T05:01:30.279+0000] {logging_mixin.py:151} INFO - [2023-08-24T05:01:30.279+0000] {dag.py:2907} INFO - Sync 1 DAGs
[2023-08-24T05:01:30.295+0000] {logging_mixin.py:151} INFO - [2023-08-24T05:01:30.294+0000] {dag.py:3677} INFO - Setting next_dagrun for example_task_group_decorator to 2023-08-23T05:01:30.294739+00:00, run_after=2023-08-24T05:01:30.294739+00:00
[2023-08-24T05:01:30.313+0000] {processor.py:179} INFO - Processing /usr/local/lib/python3.8/dist-packages/airflow/example_dags/example_task_group_decorator.py took 0.072 seconds
[2023-08-24T05:02:28.727+0000] {processor.py:157} INFO - Started process (PID=47264) to work on /usr/local/lib/python3.8/dist-packages/airflow/example_dags/example_task_group_decorator.py
[2023-08-24T05:02:28.728+0000] {processor.py:829} INFO - Processing file /usr/local/lib/python3.8/dist-packages/airflow/example_dags/example_task_group_decorator.py for tasks to queue
[2023-08-24T05:02:28.729+0000] {logging_mixin.py:151} INFO - [2023-08-24T05:02:28.729+0000] {dagbag.py:539} INFO - Filling up the DagBag from /usr/local/lib/python3.8/dist-packages/airflow/example_dags/example_task_group_decorator.py
[2023-08-24T05:02:28.743+0000] {processor.py:839} INFO - DAG(s) dict_keys(['example_task_group_decorator']) retrieved from /usr/local/lib/python3.8/dist-packages/airflow/example_dags/example_task_group_decorator.py
[2023-08-24T05:02:28.762+0000] {logging_mixin.py:151} INFO - [2023-08-24T05:02:28.762+0000] {dag.py:2907} INFO - Sync 1 DAGs
[2023-08-24T05:02:28.777+0000] {logging_mixin.py:151} INFO - [2023-08-24T05:02:28.777+0000] {dag.py:3677} INFO - Setting next_dagrun for example_task_group_decorator to 2023-08-23T05:02:28.777045+00:00, run_after=2023-08-24T05:02:28.777045+00:00
[2023-08-24T05:02:28.794+0000] {processor.py:179} INFO - Processing /usr/local/lib/python3.8/dist-packages/airflow/example_dags/example_task_group_decorator.py took 0.071 seconds
[2023-08-24T05:03:30.534+0000] {processor.py:157} INFO - Started process (PID=47453) to work on /usr/local/lib/python3.8/dist-packages/airflow/example_dags/example_task_group_decorator.py
[2023-08-24T05:03:30.535+0000] {processor.py:829} INFO - Processing file /usr/local/lib/python3.8/dist-packages/airflow/example_dags/example_task_group_decorator.py for tasks to queue
[2023-08-24T05:03:30.536+0000] {logging_mixin.py:151} INFO - [2023-08-24T05:03:30.536+0000] {dagbag.py:539} INFO - Filling up the DagBag from /usr/local/lib/python3.8/dist-packages/airflow/example_dags/example_task_group_decorator.py
[2023-08-24T05:03:30.551+0000] {processor.py:839} INFO - DAG(s) dict_keys(['example_task_group_decorator']) retrieved from /usr/local/lib/python3.8/dist-packages/airflow/example_dags/example_task_group_decorator.py
[2023-08-24T05:03:30.569+0000] {logging_mixin.py:151} INFO - [2023-08-24T05:03:30.569+0000] {dag.py:2907} INFO - Sync 1 DAGs
[2023-08-24T05:03:30.585+0000] {logging_mixin.py:151} INFO - [2023-08-24T05:03:30.585+0000] {dag.py:3677} INFO - Setting next_dagrun for example_task_group_decorator to 2023-08-23T05:03:30.585272+00:00, run_after=2023-08-24T05:03:30.585272+00:00
[2023-08-24T05:03:30.603+0000] {processor.py:179} INFO - Processing /usr/local/lib/python3.8/dist-packages/airflow/example_dags/example_task_group_decorator.py took 0.073 seconds
[2023-08-24T05:04:28.388+0000] {processor.py:157} INFO - Started process (PID=47635) to work on /usr/local/lib/python3.8/dist-packages/airflow/example_dags/example_task_group_decorator.py
[2023-08-24T05:04:28.390+0000] {processor.py:829} INFO - Processing file /usr/local/lib/python3.8/dist-packages/airflow/example_dags/example_task_group_decorator.py for tasks to queue
[2023-08-24T05:04:28.391+0000] {logging_mixin.py:151} INFO - [2023-08-24T05:04:28.391+0000] {dagbag.py:539} INFO - Filling up the DagBag from /usr/local/lib/python3.8/dist-packages/airflow/example_dags/example_task_group_decorator.py
[2023-08-24T05:04:28.405+0000] {processor.py:839} INFO - DAG(s) dict_keys(['example_task_group_decorator']) retrieved from /usr/local/lib/python3.8/dist-packages/airflow/example_dags/example_task_group_decorator.py
[2023-08-24T05:04:28.424+0000] {logging_mixin.py:151} INFO - [2023-08-24T05:04:28.424+0000] {dag.py:2907} INFO - Sync 1 DAGs
[2023-08-24T05:04:28.440+0000] {logging_mixin.py:151} INFO - [2023-08-24T05:04:28.439+0000] {dag.py:3677} INFO - Setting next_dagrun for example_task_group_decorator to 2023-08-23T05:04:28.439652+00:00, run_after=2023-08-24T05:04:28.439652+00:00
[2023-08-24T05:04:28.457+0000] {processor.py:179} INFO - Processing /usr/local/lib/python3.8/dist-packages/airflow/example_dags/example_task_group_decorator.py took 0.073 seconds
[2023-08-24T05:05:28.625+0000] {processor.py:157} INFO - Started process (PID=47831) to work on /usr/local/lib/python3.8/dist-packages/airflow/example_dags/example_task_group_decorator.py
[2023-08-24T05:05:28.627+0000] {processor.py:829} INFO - Processing file /usr/local/lib/python3.8/dist-packages/airflow/example_dags/example_task_group_decorator.py for tasks to queue
[2023-08-24T05:05:28.628+0000] {logging_mixin.py:151} INFO - [2023-08-24T05:05:28.627+0000] {dagbag.py:539} INFO - Filling up the DagBag from /usr/local/lib/python3.8/dist-packages/airflow/example_dags/example_task_group_decorator.py
[2023-08-24T05:05:28.642+0000] {processor.py:839} INFO - DAG(s) dict_keys(['example_task_group_decorator']) retrieved from /usr/local/lib/python3.8/dist-packages/airflow/example_dags/example_task_group_decorator.py
[2023-08-24T05:05:28.660+0000] {logging_mixin.py:151} INFO - [2023-08-24T05:05:28.660+0000] {dag.py:2907} INFO - Sync 1 DAGs
[2023-08-24T05:05:28.676+0000] {logging_mixin.py:151} INFO - [2023-08-24T05:05:28.675+0000] {dag.py:3677} INFO - Setting next_dagrun for example_task_group_decorator to 2023-08-23T05:05:28.675703+00:00, run_after=2023-08-24T05:05:28.675703+00:00
[2023-08-24T05:05:28.693+0000] {processor.py:179} INFO - Processing /usr/local/lib/python3.8/dist-packages/airflow/example_dags/example_task_group_decorator.py took 0.071 seconds
[2023-08-24T05:06:26.369+0000] {processor.py:157} INFO - Started process (PID=48027) to work on /usr/local/lib/python3.8/dist-packages/airflow/example_dags/example_task_group_decorator.py
[2023-08-24T05:06:26.370+0000] {processor.py:829} INFO - Processing file /usr/local/lib/python3.8/dist-packages/airflow/example_dags/example_task_group_decorator.py for tasks to queue
[2023-08-24T05:06:26.371+0000] {logging_mixin.py:151} INFO - [2023-08-24T05:06:26.371+0000] {dagbag.py:539} INFO - Filling up the DagBag from /usr/local/lib/python3.8/dist-packages/airflow/example_dags/example_task_group_decorator.py
[2023-08-24T05:06:26.386+0000] {processor.py:839} INFO - DAG(s) dict_keys(['example_task_group_decorator']) retrieved from /usr/local/lib/python3.8/dist-packages/airflow/example_dags/example_task_group_decorator.py
[2023-08-24T05:06:26.405+0000] {logging_mixin.py:151} INFO - [2023-08-24T05:06:26.405+0000] {dag.py:2907} INFO - Sync 1 DAGs
[2023-08-24T05:06:26.422+0000] {logging_mixin.py:151} INFO - [2023-08-24T05:06:26.422+0000] {dag.py:3677} INFO - Setting next_dagrun for example_task_group_decorator to 2023-08-23T05:06:26.421742+00:00, run_after=2023-08-24T05:06:26.421742+00:00
[2023-08-24T05:06:26.440+0000] {processor.py:179} INFO - Processing /usr/local/lib/python3.8/dist-packages/airflow/example_dags/example_task_group_decorator.py took 0.075 seconds
[2023-08-24T05:07:24.426+0000] {processor.py:157} INFO - Started process (PID=48211) to work on /usr/local/lib/python3.8/dist-packages/airflow/example_dags/example_task_group_decorator.py
[2023-08-24T05:07:24.429+0000] {processor.py:829} INFO - Processing file /usr/local/lib/python3.8/dist-packages/airflow/example_dags/example_task_group_decorator.py for tasks to queue
[2023-08-24T05:07:24.430+0000] {logging_mixin.py:151} INFO - [2023-08-24T05:07:24.430+0000] {dagbag.py:539} INFO - Filling up the DagBag from /usr/local/lib/python3.8/dist-packages/airflow/example_dags/example_task_group_decorator.py
[2023-08-24T05:07:24.445+0000] {processor.py:839} INFO - DAG(s) dict_keys(['example_task_group_decorator']) retrieved from /usr/local/lib/python3.8/dist-packages/airflow/example_dags/example_task_group_decorator.py
[2023-08-24T05:07:24.464+0000] {logging_mixin.py:151} INFO - [2023-08-24T05:07:24.464+0000] {dag.py:2907} INFO - Sync 1 DAGs
[2023-08-24T05:07:24.480+0000] {logging_mixin.py:151} INFO - [2023-08-24T05:07:24.480+0000] {dag.py:3677} INFO - Setting next_dagrun for example_task_group_decorator to 2023-08-23T05:07:24.479985+00:00, run_after=2023-08-24T05:07:24.479985+00:00
[2023-08-24T05:07:24.498+0000] {processor.py:179} INFO - Processing /usr/local/lib/python3.8/dist-packages/airflow/example_dags/example_task_group_decorator.py took 0.076 seconds
[2023-08-24T05:08:24.984+0000] {processor.py:157} INFO - Started process (PID=48397) to work on /usr/local/lib/python3.8/dist-packages/airflow/example_dags/example_task_group_decorator.py
[2023-08-24T05:08:24.986+0000] {processor.py:829} INFO - Processing file /usr/local/lib/python3.8/dist-packages/airflow/example_dags/example_task_group_decorator.py for tasks to queue
[2023-08-24T05:08:24.987+0000] {logging_mixin.py:151} INFO - [2023-08-24T05:08:24.986+0000] {dagbag.py:539} INFO - Filling up the DagBag from /usr/local/lib/python3.8/dist-packages/airflow/example_dags/example_task_group_decorator.py
[2023-08-24T05:08:25.001+0000] {processor.py:839} INFO - DAG(s) dict_keys(['example_task_group_decorator']) retrieved from /usr/local/lib/python3.8/dist-packages/airflow/example_dags/example_task_group_decorator.py
[2023-08-24T05:08:25.020+0000] {logging_mixin.py:151} INFO - [2023-08-24T05:08:25.020+0000] {dag.py:2907} INFO - Sync 1 DAGs
[2023-08-24T05:08:25.036+0000] {logging_mixin.py:151} INFO - [2023-08-24T05:08:25.036+0000] {dag.py:3677} INFO - Setting next_dagrun for example_task_group_decorator to 2023-08-23T05:08:25.036143+00:00, run_after=2023-08-24T05:08:25.036143+00:00
[2023-08-24T05:08:25.054+0000] {processor.py:179} INFO - Processing /usr/local/lib/python3.8/dist-packages/airflow/example_dags/example_task_group_decorator.py took 0.073 seconds
[2023-08-24T05:09:25.453+0000] {processor.py:157} INFO - Started process (PID=48593) to work on /usr/local/lib/python3.8/dist-packages/airflow/example_dags/example_task_group_decorator.py
[2023-08-24T05:09:25.454+0000] {processor.py:829} INFO - Processing file /usr/local/lib/python3.8/dist-packages/airflow/example_dags/example_task_group_decorator.py for tasks to queue
[2023-08-24T05:09:25.455+0000] {logging_mixin.py:151} INFO - [2023-08-24T05:09:25.455+0000] {dagbag.py:539} INFO - Filling up the DagBag from /usr/local/lib/python3.8/dist-packages/airflow/example_dags/example_task_group_decorator.py
[2023-08-24T05:09:25.470+0000] {processor.py:839} INFO - DAG(s) dict_keys(['example_task_group_decorator']) retrieved from /usr/local/lib/python3.8/dist-packages/airflow/example_dags/example_task_group_decorator.py
[2023-08-24T05:09:25.490+0000] {logging_mixin.py:151} INFO - [2023-08-24T05:09:25.489+0000] {dag.py:2907} INFO - Sync 1 DAGs
[2023-08-24T05:09:25.506+0000] {logging_mixin.py:151} INFO - [2023-08-24T05:09:25.506+0000] {dag.py:3677} INFO - Setting next_dagrun for example_task_group_decorator to 2023-08-23T05:09:25.506355+00:00, run_after=2023-08-24T05:09:25.506355+00:00
[2023-08-24T05:09:25.525+0000] {processor.py:179} INFO - Processing /usr/local/lib/python3.8/dist-packages/airflow/example_dags/example_task_group_decorator.py took 0.076 seconds
[2023-08-24T05:10:22.183+0000] {processor.py:157} INFO - Started process (PID=48774) to work on /usr/local/lib/python3.8/dist-packages/airflow/example_dags/example_task_group_decorator.py
[2023-08-24T05:10:22.187+0000] {processor.py:829} INFO - Processing file /usr/local/lib/python3.8/dist-packages/airflow/example_dags/example_task_group_decorator.py for tasks to queue
[2023-08-24T05:10:22.188+0000] {logging_mixin.py:151} INFO - [2023-08-24T05:10:22.187+0000] {dagbag.py:539} INFO - Filling up the DagBag from /usr/local/lib/python3.8/dist-packages/airflow/example_dags/example_task_group_decorator.py
[2023-08-24T05:10:22.203+0000] {processor.py:839} INFO - DAG(s) dict_keys(['example_task_group_decorator']) retrieved from /usr/local/lib/python3.8/dist-packages/airflow/example_dags/example_task_group_decorator.py
[2023-08-24T05:10:22.223+0000] {logging_mixin.py:151} INFO - [2023-08-24T05:10:22.222+0000] {dag.py:2907} INFO - Sync 1 DAGs
[2023-08-24T05:10:22.239+0000] {logging_mixin.py:151} INFO - [2023-08-24T05:10:22.239+0000] {dag.py:3677} INFO - Setting next_dagrun for example_task_group_decorator to 2023-08-23T05:10:22.239470+00:00, run_after=2023-08-24T05:10:22.239470+00:00
[2023-08-24T05:10:22.258+0000] {processor.py:179} INFO - Processing /usr/local/lib/python3.8/dist-packages/airflow/example_dags/example_task_group_decorator.py took 0.079 seconds
[2023-08-24T05:11:37.841+0000] {processor.py:157} INFO - Started process (PID=48930) to work on /usr/local/lib/python3.8/dist-packages/airflow/example_dags/example_task_group_decorator.py
[2023-08-24T05:11:37.845+0000] {processor.py:829} INFO - Processing file /usr/local/lib/python3.8/dist-packages/airflow/example_dags/example_task_group_decorator.py for tasks to queue
[2023-08-24T05:11:37.846+0000] {logging_mixin.py:151} INFO - [2023-08-24T05:11:37.845+0000] {dagbag.py:539} INFO - Filling up the DagBag from /usr/local/lib/python3.8/dist-packages/airflow/example_dags/example_task_group_decorator.py
[2023-08-24T05:11:37.860+0000] {processor.py:839} INFO - DAG(s) dict_keys(['example_task_group_decorator']) retrieved from /usr/local/lib/python3.8/dist-packages/airflow/example_dags/example_task_group_decorator.py
[2023-08-24T05:11:37.880+0000] {logging_mixin.py:151} INFO - [2023-08-24T05:11:37.879+0000] {dag.py:2907} INFO - Sync 1 DAGs
[2023-08-24T05:11:37.896+0000] {logging_mixin.py:151} INFO - [2023-08-24T05:11:37.896+0000] {dag.py:3677} INFO - Setting next_dagrun for example_task_group_decorator to 2023-08-23T05:11:37.895963+00:00, run_after=2023-08-24T05:11:37.895963+00:00
[2023-08-24T05:11:37.915+0000] {processor.py:179} INFO - Processing /usr/local/lib/python3.8/dist-packages/airflow/example_dags/example_task_group_decorator.py took 0.078 seconds
[2023-08-24T05:12:40.357+0000] {processor.py:157} INFO - Started process (PID=49127) to work on /usr/local/lib/python3.8/dist-packages/airflow/example_dags/example_task_group_decorator.py
[2023-08-24T05:12:40.359+0000] {processor.py:829} INFO - Processing file /usr/local/lib/python3.8/dist-packages/airflow/example_dags/example_task_group_decorator.py for tasks to queue
[2023-08-24T05:12:40.360+0000] {logging_mixin.py:151} INFO - [2023-08-24T05:12:40.359+0000] {dagbag.py:539} INFO - Filling up the DagBag from /usr/local/lib/python3.8/dist-packages/airflow/example_dags/example_task_group_decorator.py
[2023-08-24T05:12:40.374+0000] {processor.py:839} INFO - DAG(s) dict_keys(['example_task_group_decorator']) retrieved from /usr/local/lib/python3.8/dist-packages/airflow/example_dags/example_task_group_decorator.py
[2023-08-24T05:12:40.394+0000] {logging_mixin.py:151} INFO - [2023-08-24T05:12:40.394+0000] {dag.py:2907} INFO - Sync 1 DAGs
[2023-08-24T05:12:40.411+0000] {logging_mixin.py:151} INFO - [2023-08-24T05:12:40.410+0000] {dag.py:3677} INFO - Setting next_dagrun for example_task_group_decorator to 2023-08-23T05:12:40.410664+00:00, run_after=2023-08-24T05:12:40.410664+00:00
[2023-08-24T05:12:40.430+0000] {processor.py:179} INFO - Processing /usr/local/lib/python3.8/dist-packages/airflow/example_dags/example_task_group_decorator.py took 0.076 seconds
[2023-08-24T05:13:39.969+0000] {processor.py:157} INFO - Started process (PID=49331) to work on /usr/local/lib/python3.8/dist-packages/airflow/example_dags/example_task_group_decorator.py
[2023-08-24T05:13:39.973+0000] {processor.py:829} INFO - Processing file /usr/local/lib/python3.8/dist-packages/airflow/example_dags/example_task_group_decorator.py for tasks to queue
[2023-08-24T05:13:39.974+0000] {logging_mixin.py:151} INFO - [2023-08-24T05:13:39.974+0000] {dagbag.py:539} INFO - Filling up the DagBag from /usr/local/lib/python3.8/dist-packages/airflow/example_dags/example_task_group_decorator.py
[2023-08-24T05:13:39.988+0000] {processor.py:839} INFO - DAG(s) dict_keys(['example_task_group_decorator']) retrieved from /usr/local/lib/python3.8/dist-packages/airflow/example_dags/example_task_group_decorator.py
[2023-08-24T05:13:40.007+0000] {logging_mixin.py:151} INFO - [2023-08-24T05:13:40.007+0000] {dag.py:2907} INFO - Sync 1 DAGs
[2023-08-24T05:13:40.023+0000] {logging_mixin.py:151} INFO - [2023-08-24T05:13:40.023+0000] {dag.py:3677} INFO - Setting next_dagrun for example_task_group_decorator to 2023-08-23T05:13:40.023298+00:00, run_after=2023-08-24T05:13:40.023298+00:00
[2023-08-24T05:13:40.041+0000] {processor.py:179} INFO - Processing /usr/local/lib/python3.8/dist-packages/airflow/example_dags/example_task_group_decorator.py took 0.075 seconds
