[2023-08-24T04:22:06.019+0000] {processor.py:157} INFO - Started process (PID=37606) to work on /usr/local/lib/python3.8/dist-packages/airflow/example_dags/example_short_circuit_operator.py
[2023-08-24T04:22:06.020+0000] {processor.py:829} INFO - Processing file /usr/local/lib/python3.8/dist-packages/airflow/example_dags/example_short_circuit_operator.py for tasks to queue
[2023-08-24T04:22:06.020+0000] {logging_mixin.py:151} INFO - [2023-08-24T04:22:06.020+0000] {dagbag.py:539} INFO - Filling up the DagBag from /usr/local/lib/python3.8/dist-packages/airflow/example_dags/example_short_circuit_operator.py
[2023-08-24T04:22:06.027+0000] {processor.py:839} INFO - DAG(s) dict_keys(['example_short_circuit_operator']) retrieved from /usr/local/lib/python3.8/dist-packages/airflow/example_dags/example_short_circuit_operator.py
[2023-08-24T04:22:06.048+0000] {logging_mixin.py:151} INFO - [2023-08-24T04:22:06.048+0000] {dag.py:2907} INFO - Sync 1 DAGs
[2023-08-24T04:22:06.063+0000] {logging_mixin.py:151} INFO - [2023-08-24T04:22:06.063+0000] {dag.py:3677} INFO - Setting next_dagrun for example_short_circuit_operator to 2023-08-23T04:22:06.063154+00:00, run_after=2023-08-24T04:22:06.063154+00:00
[2023-08-24T04:22:06.081+0000] {processor.py:179} INFO - Processing /usr/local/lib/python3.8/dist-packages/airflow/example_dags/example_short_circuit_operator.py took 0.066 seconds
[2023-08-24T04:31:20.245+0000] {processor.py:157} INFO - Started process (PID=41481) to work on /usr/local/lib/python3.8/dist-packages/airflow/example_dags/example_short_circuit_operator.py
[2023-08-24T04:31:20.247+0000] {processor.py:829} INFO - Processing file /usr/local/lib/python3.8/dist-packages/airflow/example_dags/example_short_circuit_operator.py for tasks to queue
[2023-08-24T04:31:20.247+0000] {logging_mixin.py:151} INFO - [2023-08-24T04:31:20.247+0000] {dagbag.py:539} INFO - Filling up the DagBag from /usr/local/lib/python3.8/dist-packages/airflow/example_dags/example_short_circuit_operator.py
[2023-08-24T04:31:20.255+0000] {processor.py:839} INFO - DAG(s) dict_keys(['example_short_circuit_operator']) retrieved from /usr/local/lib/python3.8/dist-packages/airflow/example_dags/example_short_circuit_operator.py
[2023-08-24T04:31:20.276+0000] {logging_mixin.py:151} INFO - [2023-08-24T04:31:20.276+0000] {dag.py:2907} INFO - Sync 1 DAGs
[2023-08-24T04:31:20.294+0000] {logging_mixin.py:151} INFO - [2023-08-24T04:31:20.294+0000] {dag.py:3677} INFO - Setting next_dagrun for example_short_circuit_operator to 2023-08-23T04:31:20.293766+00:00, run_after=2023-08-24T04:31:20.293766+00:00
[2023-08-24T04:31:20.312+0000] {processor.py:179} INFO - Processing /usr/local/lib/python3.8/dist-packages/airflow/example_dags/example_short_circuit_operator.py took 0.071 seconds
[2023-08-24T04:32:21.126+0000] {processor.py:157} INFO - Started process (PID=41679) to work on /usr/local/lib/python3.8/dist-packages/airflow/example_dags/example_short_circuit_operator.py
[2023-08-24T04:32:21.127+0000] {processor.py:829} INFO - Processing file /usr/local/lib/python3.8/dist-packages/airflow/example_dags/example_short_circuit_operator.py for tasks to queue
[2023-08-24T04:32:21.128+0000] {logging_mixin.py:151} INFO - [2023-08-24T04:32:21.128+0000] {dagbag.py:539} INFO - Filling up the DagBag from /usr/local/lib/python3.8/dist-packages/airflow/example_dags/example_short_circuit_operator.py
[2023-08-24T04:32:21.135+0000] {processor.py:839} INFO - DAG(s) dict_keys(['example_short_circuit_operator']) retrieved from /usr/local/lib/python3.8/dist-packages/airflow/example_dags/example_short_circuit_operator.py
[2023-08-24T04:32:21.153+0000] {logging_mixin.py:151} INFO - [2023-08-24T04:32:21.153+0000] {dag.py:2907} INFO - Sync 1 DAGs
[2023-08-24T04:32:21.169+0000] {logging_mixin.py:151} INFO - [2023-08-24T04:32:21.169+0000] {dag.py:3677} INFO - Setting next_dagrun for example_short_circuit_operator to 2023-08-23T04:32:21.169051+00:00, run_after=2023-08-24T04:32:21.169051+00:00
[2023-08-24T04:32:21.190+0000] {processor.py:179} INFO - Processing /usr/local/lib/python3.8/dist-packages/airflow/example_dags/example_short_circuit_operator.py took 0.068 seconds
[2023-08-24T04:33:19.864+0000] {processor.py:157} INFO - Started process (PID=41870) to work on /usr/local/lib/python3.8/dist-packages/airflow/example_dags/example_short_circuit_operator.py
[2023-08-24T04:33:19.865+0000] {processor.py:829} INFO - Processing file /usr/local/lib/python3.8/dist-packages/airflow/example_dags/example_short_circuit_operator.py for tasks to queue
[2023-08-24T04:33:19.866+0000] {logging_mixin.py:151} INFO - [2023-08-24T04:33:19.866+0000] {dagbag.py:539} INFO - Filling up the DagBag from /usr/local/lib/python3.8/dist-packages/airflow/example_dags/example_short_circuit_operator.py
[2023-08-24T04:33:19.873+0000] {processor.py:839} INFO - DAG(s) dict_keys(['example_short_circuit_operator']) retrieved from /usr/local/lib/python3.8/dist-packages/airflow/example_dags/example_short_circuit_operator.py
[2023-08-24T04:33:19.892+0000] {logging_mixin.py:151} INFO - [2023-08-24T04:33:19.891+0000] {dag.py:2907} INFO - Sync 1 DAGs
[2023-08-24T04:33:19.908+0000] {logging_mixin.py:151} INFO - [2023-08-24T04:33:19.908+0000] {dag.py:3677} INFO - Setting next_dagrun for example_short_circuit_operator to 2023-08-23T04:33:19.907807+00:00, run_after=2023-08-24T04:33:19.907807+00:00
[2023-08-24T04:33:19.926+0000] {processor.py:179} INFO - Processing /usr/local/lib/python3.8/dist-packages/airflow/example_dags/example_short_circuit_operator.py took 0.065 seconds
[2023-08-24T04:34:18.969+0000] {processor.py:157} INFO - Started process (PID=42053) to work on /usr/local/lib/python3.8/dist-packages/airflow/example_dags/example_short_circuit_operator.py
[2023-08-24T04:34:18.972+0000] {processor.py:829} INFO - Processing file /usr/local/lib/python3.8/dist-packages/airflow/example_dags/example_short_circuit_operator.py for tasks to queue
[2023-08-24T04:34:18.973+0000] {logging_mixin.py:151} INFO - [2023-08-24T04:34:18.972+0000] {dagbag.py:539} INFO - Filling up the DagBag from /usr/local/lib/python3.8/dist-packages/airflow/example_dags/example_short_circuit_operator.py
[2023-08-24T04:34:18.979+0000] {processor.py:839} INFO - DAG(s) dict_keys(['example_short_circuit_operator']) retrieved from /usr/local/lib/python3.8/dist-packages/airflow/example_dags/example_short_circuit_operator.py
[2023-08-24T04:34:18.998+0000] {logging_mixin.py:151} INFO - [2023-08-24T04:34:18.998+0000] {dag.py:2907} INFO - Sync 1 DAGs
[2023-08-24T04:34:19.014+0000] {logging_mixin.py:151} INFO - [2023-08-24T04:34:19.014+0000] {dag.py:3677} INFO - Setting next_dagrun for example_short_circuit_operator to 2023-08-23T04:34:19.013986+00:00, run_after=2023-08-24T04:34:19.013986+00:00
[2023-08-24T04:34:19.031+0000] {processor.py:179} INFO - Processing /usr/local/lib/python3.8/dist-packages/airflow/example_dags/example_short_circuit_operator.py took 0.066 seconds
[2023-08-24T04:35:19.293+0000] {processor.py:157} INFO - Started process (PID=42249) to work on /usr/local/lib/python3.8/dist-packages/airflow/example_dags/example_short_circuit_operator.py
[2023-08-24T04:35:19.296+0000] {processor.py:829} INFO - Processing file /usr/local/lib/python3.8/dist-packages/airflow/example_dags/example_short_circuit_operator.py for tasks to queue
[2023-08-24T04:35:19.297+0000] {logging_mixin.py:151} INFO - [2023-08-24T04:35:19.297+0000] {dagbag.py:539} INFO - Filling up the DagBag from /usr/local/lib/python3.8/dist-packages/airflow/example_dags/example_short_circuit_operator.py
[2023-08-24T04:35:19.304+0000] {processor.py:839} INFO - DAG(s) dict_keys(['example_short_circuit_operator']) retrieved from /usr/local/lib/python3.8/dist-packages/airflow/example_dags/example_short_circuit_operator.py
[2023-08-24T04:35:19.323+0000] {logging_mixin.py:151} INFO - [2023-08-24T04:35:19.323+0000] {dag.py:2907} INFO - Sync 1 DAGs
[2023-08-24T04:35:19.339+0000] {logging_mixin.py:151} INFO - [2023-08-24T04:35:19.339+0000] {dag.py:3677} INFO - Setting next_dagrun for example_short_circuit_operator to 2023-08-23T04:35:19.339135+00:00, run_after=2023-08-24T04:35:19.339135+00:00
[2023-08-24T04:35:19.358+0000] {processor.py:179} INFO - Processing /usr/local/lib/python3.8/dist-packages/airflow/example_dags/example_short_circuit_operator.py took 0.069 seconds
[2023-08-24T04:36:17.568+0000] {processor.py:157} INFO - Started process (PID=42445) to work on /usr/local/lib/python3.8/dist-packages/airflow/example_dags/example_short_circuit_operator.py
[2023-08-24T04:36:17.569+0000] {processor.py:829} INFO - Processing file /usr/local/lib/python3.8/dist-packages/airflow/example_dags/example_short_circuit_operator.py for tasks to queue
[2023-08-24T04:36:17.570+0000] {logging_mixin.py:151} INFO - [2023-08-24T04:36:17.570+0000] {dagbag.py:539} INFO - Filling up the DagBag from /usr/local/lib/python3.8/dist-packages/airflow/example_dags/example_short_circuit_operator.py
[2023-08-24T04:36:17.577+0000] {processor.py:839} INFO - DAG(s) dict_keys(['example_short_circuit_operator']) retrieved from /usr/local/lib/python3.8/dist-packages/airflow/example_dags/example_short_circuit_operator.py
[2023-08-24T04:36:17.595+0000] {logging_mixin.py:151} INFO - [2023-08-24T04:36:17.595+0000] {dag.py:2907} INFO - Sync 1 DAGs
[2023-08-24T04:36:17.611+0000] {logging_mixin.py:151} INFO - [2023-08-24T04:36:17.610+0000] {dag.py:3677} INFO - Setting next_dagrun for example_short_circuit_operator to 2023-08-23T04:36:17.610707+00:00, run_after=2023-08-24T04:36:17.610707+00:00
[2023-08-24T04:36:17.628+0000] {processor.py:179} INFO - Processing /usr/local/lib/python3.8/dist-packages/airflow/example_dags/example_short_circuit_operator.py took 0.064 seconds
[2023-08-24T04:37:14.057+0000] {processor.py:157} INFO - Started process (PID=42628) to work on /usr/local/lib/python3.8/dist-packages/airflow/example_dags/example_short_circuit_operator.py
[2023-08-24T04:37:14.059+0000] {processor.py:829} INFO - Processing file /usr/local/lib/python3.8/dist-packages/airflow/example_dags/example_short_circuit_operator.py for tasks to queue
[2023-08-24T04:37:14.060+0000] {logging_mixin.py:151} INFO - [2023-08-24T04:37:14.060+0000] {dagbag.py:539} INFO - Filling up the DagBag from /usr/local/lib/python3.8/dist-packages/airflow/example_dags/example_short_circuit_operator.py
[2023-08-24T04:37:14.067+0000] {processor.py:839} INFO - DAG(s) dict_keys(['example_short_circuit_operator']) retrieved from /usr/local/lib/python3.8/dist-packages/airflow/example_dags/example_short_circuit_operator.py
[2023-08-24T04:37:14.085+0000] {logging_mixin.py:151} INFO - [2023-08-24T04:37:14.085+0000] {dag.py:2907} INFO - Sync 1 DAGs
[2023-08-24T04:37:14.101+0000] {logging_mixin.py:151} INFO - [2023-08-24T04:37:14.101+0000] {dag.py:3677} INFO - Setting next_dagrun for example_short_circuit_operator to 2023-08-23T04:37:14.100943+00:00, run_after=2023-08-24T04:37:14.100943+00:00
[2023-08-24T04:37:14.118+0000] {processor.py:179} INFO - Processing /usr/local/lib/python3.8/dist-packages/airflow/example_dags/example_short_circuit_operator.py took 0.065 seconds
[2023-08-24T04:38:10.470+0000] {processor.py:157} INFO - Started process (PID=42811) to work on /usr/local/lib/python3.8/dist-packages/airflow/example_dags/example_short_circuit_operator.py
[2023-08-24T04:38:10.474+0000] {processor.py:829} INFO - Processing file /usr/local/lib/python3.8/dist-packages/airflow/example_dags/example_short_circuit_operator.py for tasks to queue
[2023-08-24T04:38:10.475+0000] {logging_mixin.py:151} INFO - [2023-08-24T04:38:10.475+0000] {dagbag.py:539} INFO - Filling up the DagBag from /usr/local/lib/python3.8/dist-packages/airflow/example_dags/example_short_circuit_operator.py
[2023-08-24T04:38:10.482+0000] {processor.py:839} INFO - DAG(s) dict_keys(['example_short_circuit_operator']) retrieved from /usr/local/lib/python3.8/dist-packages/airflow/example_dags/example_short_circuit_operator.py
[2023-08-24T04:38:10.501+0000] {logging_mixin.py:151} INFO - [2023-08-24T04:38:10.501+0000] {dag.py:2907} INFO - Sync 1 DAGs
[2023-08-24T04:38:10.517+0000] {logging_mixin.py:151} INFO - [2023-08-24T04:38:10.517+0000] {dag.py:3677} INFO - Setting next_dagrun for example_short_circuit_operator to 2023-08-23T04:38:10.517046+00:00, run_after=2023-08-24T04:38:10.517046+00:00
[2023-08-24T04:38:10.535+0000] {processor.py:179} INFO - Processing /usr/local/lib/python3.8/dist-packages/airflow/example_dags/example_short_circuit_operator.py took 0.069 seconds
[2023-08-24T04:39:11.699+0000] {processor.py:157} INFO - Started process (PID=42996) to work on /usr/local/lib/python3.8/dist-packages/airflow/example_dags/example_short_circuit_operator.py
[2023-08-24T04:39:11.703+0000] {processor.py:829} INFO - Processing file /usr/local/lib/python3.8/dist-packages/airflow/example_dags/example_short_circuit_operator.py for tasks to queue
[2023-08-24T04:39:11.704+0000] {logging_mixin.py:151} INFO - [2023-08-24T04:39:11.704+0000] {dagbag.py:539} INFO - Filling up the DagBag from /usr/local/lib/python3.8/dist-packages/airflow/example_dags/example_short_circuit_operator.py
[2023-08-24T04:39:11.711+0000] {processor.py:839} INFO - DAG(s) dict_keys(['example_short_circuit_operator']) retrieved from /usr/local/lib/python3.8/dist-packages/airflow/example_dags/example_short_circuit_operator.py
[2023-08-24T04:39:11.730+0000] {logging_mixin.py:151} INFO - [2023-08-24T04:39:11.729+0000] {dag.py:2907} INFO - Sync 1 DAGs
[2023-08-24T04:39:11.746+0000] {logging_mixin.py:151} INFO - [2023-08-24T04:39:11.745+0000] {dag.py:3677} INFO - Setting next_dagrun for example_short_circuit_operator to 2023-08-23T04:39:11.745729+00:00, run_after=2023-08-24T04:39:11.745729+00:00
[2023-08-24T04:39:11.763+0000] {processor.py:179} INFO - Processing /usr/local/lib/python3.8/dist-packages/airflow/example_dags/example_short_circuit_operator.py took 0.068 seconds
[2023-08-24T04:40:11.973+0000] {processor.py:157} INFO - Started process (PID=43192) to work on /usr/local/lib/python3.8/dist-packages/airflow/example_dags/example_short_circuit_operator.py
[2023-08-24T04:40:11.974+0000] {processor.py:829} INFO - Processing file /usr/local/lib/python3.8/dist-packages/airflow/example_dags/example_short_circuit_operator.py for tasks to queue
[2023-08-24T04:40:11.975+0000] {logging_mixin.py:151} INFO - [2023-08-24T04:40:11.975+0000] {dagbag.py:539} INFO - Filling up the DagBag from /usr/local/lib/python3.8/dist-packages/airflow/example_dags/example_short_circuit_operator.py
[2023-08-24T04:40:11.982+0000] {processor.py:839} INFO - DAG(s) dict_keys(['example_short_circuit_operator']) retrieved from /usr/local/lib/python3.8/dist-packages/airflow/example_dags/example_short_circuit_operator.py
[2023-08-24T04:40:12.001+0000] {logging_mixin.py:151} INFO - [2023-08-24T04:40:12.001+0000] {dag.py:2907} INFO - Sync 1 DAGs
[2023-08-24T04:40:12.018+0000] {logging_mixin.py:151} INFO - [2023-08-24T04:40:12.018+0000] {dag.py:3677} INFO - Setting next_dagrun for example_short_circuit_operator to 2023-08-23T04:40:12.017762+00:00, run_after=2023-08-24T04:40:12.017762+00:00
[2023-08-24T04:40:12.037+0000] {processor.py:179} INFO - Processing /usr/local/lib/python3.8/dist-packages/airflow/example_dags/example_short_circuit_operator.py took 0.068 seconds
[2023-08-24T04:41:12.655+0000] {processor.py:157} INFO - Started process (PID=43376) to work on /usr/local/lib/python3.8/dist-packages/airflow/example_dags/example_short_circuit_operator.py
[2023-08-24T04:41:12.657+0000] {processor.py:829} INFO - Processing file /usr/local/lib/python3.8/dist-packages/airflow/example_dags/example_short_circuit_operator.py for tasks to queue
[2023-08-24T04:41:12.658+0000] {logging_mixin.py:151} INFO - [2023-08-24T04:41:12.658+0000] {dagbag.py:539} INFO - Filling up the DagBag from /usr/local/lib/python3.8/dist-packages/airflow/example_dags/example_short_circuit_operator.py
[2023-08-24T04:41:12.666+0000] {processor.py:839} INFO - DAG(s) dict_keys(['example_short_circuit_operator']) retrieved from /usr/local/lib/python3.8/dist-packages/airflow/example_dags/example_short_circuit_operator.py
[2023-08-24T04:41:12.685+0000] {logging_mixin.py:151} INFO - [2023-08-24T04:41:12.685+0000] {dag.py:2907} INFO - Sync 1 DAGs
[2023-08-24T04:41:12.701+0000] {logging_mixin.py:151} INFO - [2023-08-24T04:41:12.701+0000] {dag.py:3677} INFO - Setting next_dagrun for example_short_circuit_operator to 2023-08-23T04:41:12.701102+00:00, run_after=2023-08-24T04:41:12.701102+00:00
[2023-08-24T04:41:12.719+0000] {processor.py:179} INFO - Processing /usr/local/lib/python3.8/dist-packages/airflow/example_dags/example_short_circuit_operator.py took 0.068 seconds
[2023-08-24T04:42:11.814+0000] {processor.py:157} INFO - Started process (PID=43560) to work on /usr/local/lib/python3.8/dist-packages/airflow/example_dags/example_short_circuit_operator.py
[2023-08-24T04:42:11.816+0000] {processor.py:829} INFO - Processing file /usr/local/lib/python3.8/dist-packages/airflow/example_dags/example_short_circuit_operator.py for tasks to queue
[2023-08-24T04:42:11.817+0000] {logging_mixin.py:151} INFO - [2023-08-24T04:42:11.816+0000] {dagbag.py:539} INFO - Filling up the DagBag from /usr/local/lib/python3.8/dist-packages/airflow/example_dags/example_short_circuit_operator.py
[2023-08-24T04:42:11.823+0000] {processor.py:839} INFO - DAG(s) dict_keys(['example_short_circuit_operator']) retrieved from /usr/local/lib/python3.8/dist-packages/airflow/example_dags/example_short_circuit_operator.py
[2023-08-24T04:42:11.842+0000] {logging_mixin.py:151} INFO - [2023-08-24T04:42:11.842+0000] {dag.py:2907} INFO - Sync 1 DAGs
[2023-08-24T04:42:11.857+0000] {logging_mixin.py:151} INFO - [2023-08-24T04:42:11.857+0000] {dag.py:3677} INFO - Setting next_dagrun for example_short_circuit_operator to 2023-08-23T04:42:11.857506+00:00, run_after=2023-08-24T04:42:11.857506+00:00
[2023-08-24T04:42:11.875+0000] {processor.py:179} INFO - Processing /usr/local/lib/python3.8/dist-packages/airflow/example_dags/example_short_circuit_operator.py took 0.064 seconds
[2023-08-24T04:43:11.077+0000] {processor.py:157} INFO - Started process (PID=43747) to work on /usr/local/lib/python3.8/dist-packages/airflow/example_dags/example_short_circuit_operator.py
[2023-08-24T04:43:11.080+0000] {processor.py:829} INFO - Processing file /usr/local/lib/python3.8/dist-packages/airflow/example_dags/example_short_circuit_operator.py for tasks to queue
[2023-08-24T04:43:11.081+0000] {logging_mixin.py:151} INFO - [2023-08-24T04:43:11.081+0000] {dagbag.py:539} INFO - Filling up the DagBag from /usr/local/lib/python3.8/dist-packages/airflow/example_dags/example_short_circuit_operator.py
[2023-08-24T04:43:11.088+0000] {processor.py:839} INFO - DAG(s) dict_keys(['example_short_circuit_operator']) retrieved from /usr/local/lib/python3.8/dist-packages/airflow/example_dags/example_short_circuit_operator.py
[2023-08-24T04:43:11.107+0000] {logging_mixin.py:151} INFO - [2023-08-24T04:43:11.107+0000] {dag.py:2907} INFO - Sync 1 DAGs
[2023-08-24T04:43:11.123+0000] {logging_mixin.py:151} INFO - [2023-08-24T04:43:11.122+0000] {dag.py:3677} INFO - Setting next_dagrun for example_short_circuit_operator to 2023-08-23T04:43:11.122646+00:00, run_after=2023-08-24T04:43:11.122646+00:00
[2023-08-24T04:43:11.140+0000] {processor.py:179} INFO - Processing /usr/local/lib/python3.8/dist-packages/airflow/example_dags/example_short_circuit_operator.py took 0.067 seconds
[2023-08-24T04:44:11.841+0000] {processor.py:157} INFO - Started process (PID=43931) to work on /usr/local/lib/python3.8/dist-packages/airflow/example_dags/example_short_circuit_operator.py
[2023-08-24T04:44:11.843+0000] {processor.py:829} INFO - Processing file /usr/local/lib/python3.8/dist-packages/airflow/example_dags/example_short_circuit_operator.py for tasks to queue
[2023-08-24T04:44:11.844+0000] {logging_mixin.py:151} INFO - [2023-08-24T04:44:11.843+0000] {dagbag.py:539} INFO - Filling up the DagBag from /usr/local/lib/python3.8/dist-packages/airflow/example_dags/example_short_circuit_operator.py
[2023-08-24T04:44:11.850+0000] {processor.py:839} INFO - DAG(s) dict_keys(['example_short_circuit_operator']) retrieved from /usr/local/lib/python3.8/dist-packages/airflow/example_dags/example_short_circuit_operator.py
[2023-08-24T04:44:11.869+0000] {logging_mixin.py:151} INFO - [2023-08-24T04:44:11.869+0000] {dag.py:2907} INFO - Sync 1 DAGs
[2023-08-24T04:44:11.885+0000] {logging_mixin.py:151} INFO - [2023-08-24T04:44:11.884+0000] {dag.py:3677} INFO - Setting next_dagrun for example_short_circuit_operator to 2023-08-23T04:44:11.884626+00:00, run_after=2023-08-24T04:44:11.884626+00:00
[2023-08-24T04:44:11.903+0000] {processor.py:179} INFO - Processing /usr/local/lib/python3.8/dist-packages/airflow/example_dags/example_short_circuit_operator.py took 0.065 seconds
[2023-08-24T04:45:12.903+0000] {processor.py:157} INFO - Started process (PID=44116) to work on /usr/local/lib/python3.8/dist-packages/airflow/example_dags/example_short_circuit_operator.py
[2023-08-24T04:45:12.904+0000] {processor.py:829} INFO - Processing file /usr/local/lib/python3.8/dist-packages/airflow/example_dags/example_short_circuit_operator.py for tasks to queue
[2023-08-24T04:45:12.905+0000] {logging_mixin.py:151} INFO - [2023-08-24T04:45:12.905+0000] {dagbag.py:539} INFO - Filling up the DagBag from /usr/local/lib/python3.8/dist-packages/airflow/example_dags/example_short_circuit_operator.py
[2023-08-24T04:45:12.912+0000] {processor.py:839} INFO - DAG(s) dict_keys(['example_short_circuit_operator']) retrieved from /usr/local/lib/python3.8/dist-packages/airflow/example_dags/example_short_circuit_operator.py
[2023-08-24T04:45:12.930+0000] {logging_mixin.py:151} INFO - [2023-08-24T04:45:12.930+0000] {dag.py:2907} INFO - Sync 1 DAGs
[2023-08-24T04:45:12.946+0000] {logging_mixin.py:151} INFO - [2023-08-24T04:45:12.946+0000] {dag.py:3677} INFO - Setting next_dagrun for example_short_circuit_operator to 2023-08-23T04:45:12.946351+00:00, run_after=2023-08-24T04:45:12.946351+00:00
[2023-08-24T04:45:12.964+0000] {processor.py:179} INFO - Processing /usr/local/lib/python3.8/dist-packages/airflow/example_dags/example_short_circuit_operator.py took 0.065 seconds
[2023-08-24T04:46:14.482+0000] {processor.py:157} INFO - Started process (PID=44299) to work on /usr/local/lib/python3.8/dist-packages/airflow/example_dags/example_short_circuit_operator.py
[2023-08-24T04:46:14.483+0000] {processor.py:829} INFO - Processing file /usr/local/lib/python3.8/dist-packages/airflow/example_dags/example_short_circuit_operator.py for tasks to queue
[2023-08-24T04:46:14.484+0000] {logging_mixin.py:151} INFO - [2023-08-24T04:46:14.484+0000] {dagbag.py:539} INFO - Filling up the DagBag from /usr/local/lib/python3.8/dist-packages/airflow/example_dags/example_short_circuit_operator.py
[2023-08-24T04:46:14.491+0000] {processor.py:839} INFO - DAG(s) dict_keys(['example_short_circuit_operator']) retrieved from /usr/local/lib/python3.8/dist-packages/airflow/example_dags/example_short_circuit_operator.py
[2023-08-24T04:46:14.510+0000] {logging_mixin.py:151} INFO - [2023-08-24T04:46:14.510+0000] {dag.py:2907} INFO - Sync 1 DAGs
[2023-08-24T04:46:14.526+0000] {logging_mixin.py:151} INFO - [2023-08-24T04:46:14.526+0000] {dag.py:3677} INFO - Setting next_dagrun for example_short_circuit_operator to 2023-08-23T04:46:14.526432+00:00, run_after=2023-08-24T04:46:14.526432+00:00
[2023-08-24T04:46:14.545+0000] {processor.py:179} INFO - Processing /usr/local/lib/python3.8/dist-packages/airflow/example_dags/example_short_circuit_operator.py took 0.066 seconds
[2023-08-24T04:47:17.177+0000] {processor.py:157} INFO - Started process (PID=44482) to work on /usr/local/lib/python3.8/dist-packages/airflow/example_dags/example_short_circuit_operator.py
[2023-08-24T04:47:17.179+0000] {processor.py:829} INFO - Processing file /usr/local/lib/python3.8/dist-packages/airflow/example_dags/example_short_circuit_operator.py for tasks to queue
[2023-08-24T04:47:17.180+0000] {logging_mixin.py:151} INFO - [2023-08-24T04:47:17.179+0000] {dagbag.py:539} INFO - Filling up the DagBag from /usr/local/lib/python3.8/dist-packages/airflow/example_dags/example_short_circuit_operator.py
[2023-08-24T04:47:17.187+0000] {processor.py:839} INFO - DAG(s) dict_keys(['example_short_circuit_operator']) retrieved from /usr/local/lib/python3.8/dist-packages/airflow/example_dags/example_short_circuit_operator.py
[2023-08-24T04:47:17.205+0000] {logging_mixin.py:151} INFO - [2023-08-24T04:47:17.205+0000] {dag.py:2907} INFO - Sync 1 DAGs
[2023-08-24T04:47:17.221+0000] {logging_mixin.py:151} INFO - [2023-08-24T04:47:17.221+0000] {dag.py:3677} INFO - Setting next_dagrun for example_short_circuit_operator to 2023-08-23T04:47:17.220847+00:00, run_after=2023-08-24T04:47:17.220847+00:00
[2023-08-24T04:47:17.238+0000] {processor.py:179} INFO - Processing /usr/local/lib/python3.8/dist-packages/airflow/example_dags/example_short_circuit_operator.py took 0.064 seconds
[2023-08-24T04:48:17.204+0000] {processor.py:157} INFO - Started process (PID=44666) to work on /usr/local/lib/python3.8/dist-packages/airflow/example_dags/example_short_circuit_operator.py
[2023-08-24T04:48:17.205+0000] {processor.py:829} INFO - Processing file /usr/local/lib/python3.8/dist-packages/airflow/example_dags/example_short_circuit_operator.py for tasks to queue
[2023-08-24T04:48:17.206+0000] {logging_mixin.py:151} INFO - [2023-08-24T04:48:17.205+0000] {dagbag.py:539} INFO - Filling up the DagBag from /usr/local/lib/python3.8/dist-packages/airflow/example_dags/example_short_circuit_operator.py
[2023-08-24T04:48:17.213+0000] {processor.py:839} INFO - DAG(s) dict_keys(['example_short_circuit_operator']) retrieved from /usr/local/lib/python3.8/dist-packages/airflow/example_dags/example_short_circuit_operator.py
[2023-08-24T04:48:17.231+0000] {logging_mixin.py:151} INFO - [2023-08-24T04:48:17.231+0000] {dag.py:2907} INFO - Sync 1 DAGs
[2023-08-24T04:48:17.247+0000] {logging_mixin.py:151} INFO - [2023-08-24T04:48:17.247+0000] {dag.py:3677} INFO - Setting next_dagrun for example_short_circuit_operator to 2023-08-23T04:48:17.247462+00:00, run_after=2023-08-24T04:48:17.247462+00:00
[2023-08-24T04:48:17.265+0000] {processor.py:179} INFO - Processing /usr/local/lib/python3.8/dist-packages/airflow/example_dags/example_short_circuit_operator.py took 0.065 seconds
[2023-08-24T04:49:20.974+0000] {processor.py:157} INFO - Started process (PID=44850) to work on /usr/local/lib/python3.8/dist-packages/airflow/example_dags/example_short_circuit_operator.py
[2023-08-24T04:49:20.975+0000] {processor.py:829} INFO - Processing file /usr/local/lib/python3.8/dist-packages/airflow/example_dags/example_short_circuit_operator.py for tasks to queue
[2023-08-24T04:49:20.976+0000] {logging_mixin.py:151} INFO - [2023-08-24T04:49:20.976+0000] {dagbag.py:539} INFO - Filling up the DagBag from /usr/local/lib/python3.8/dist-packages/airflow/example_dags/example_short_circuit_operator.py
[2023-08-24T04:49:20.983+0000] {processor.py:839} INFO - DAG(s) dict_keys(['example_short_circuit_operator']) retrieved from /usr/local/lib/python3.8/dist-packages/airflow/example_dags/example_short_circuit_operator.py
[2023-08-24T04:49:21.003+0000] {logging_mixin.py:151} INFO - [2023-08-24T04:49:21.003+0000] {dag.py:2907} INFO - Sync 1 DAGs
[2023-08-24T04:49:21.020+0000] {logging_mixin.py:151} INFO - [2023-08-24T04:49:21.020+0000] {dag.py:3677} INFO - Setting next_dagrun for example_short_circuit_operator to 2023-08-23T04:49:21.020464+00:00, run_after=2023-08-24T04:49:21.020464+00:00
[2023-08-24T04:49:21.040+0000] {processor.py:179} INFO - Processing /usr/local/lib/python3.8/dist-packages/airflow/example_dags/example_short_circuit_operator.py took 0.069 seconds
[2023-08-24T04:50:19.248+0000] {processor.py:157} INFO - Started process (PID=45034) to work on /usr/local/lib/python3.8/dist-packages/airflow/example_dags/example_short_circuit_operator.py
[2023-08-24T04:50:19.250+0000] {processor.py:829} INFO - Processing file /usr/local/lib/python3.8/dist-packages/airflow/example_dags/example_short_circuit_operator.py for tasks to queue
[2023-08-24T04:50:19.251+0000] {logging_mixin.py:151} INFO - [2023-08-24T04:50:19.251+0000] {dagbag.py:539} INFO - Filling up the DagBag from /usr/local/lib/python3.8/dist-packages/airflow/example_dags/example_short_circuit_operator.py
[2023-08-24T04:50:19.258+0000] {processor.py:839} INFO - DAG(s) dict_keys(['example_short_circuit_operator']) retrieved from /usr/local/lib/python3.8/dist-packages/airflow/example_dags/example_short_circuit_operator.py
[2023-08-24T04:50:19.277+0000] {logging_mixin.py:151} INFO - [2023-08-24T04:50:19.277+0000] {dag.py:2907} INFO - Sync 1 DAGs
[2023-08-24T04:50:19.293+0000] {logging_mixin.py:151} INFO - [2023-08-24T04:50:19.293+0000] {dag.py:3677} INFO - Setting next_dagrun for example_short_circuit_operator to 2023-08-23T04:50:19.293234+00:00, run_after=2023-08-24T04:50:19.293234+00:00
[2023-08-24T04:50:19.311+0000] {processor.py:179} INFO - Processing /usr/local/lib/python3.8/dist-packages/airflow/example_dags/example_short_circuit_operator.py took 0.067 seconds
[2023-08-24T04:51:17.672+0000] {processor.py:157} INFO - Started process (PID=45216) to work on /usr/local/lib/python3.8/dist-packages/airflow/example_dags/example_short_circuit_operator.py
[2023-08-24T04:51:17.673+0000] {processor.py:829} INFO - Processing file /usr/local/lib/python3.8/dist-packages/airflow/example_dags/example_short_circuit_operator.py for tasks to queue
[2023-08-24T04:51:17.674+0000] {logging_mixin.py:151} INFO - [2023-08-24T04:51:17.674+0000] {dagbag.py:539} INFO - Filling up the DagBag from /usr/local/lib/python3.8/dist-packages/airflow/example_dags/example_short_circuit_operator.py
[2023-08-24T04:51:17.681+0000] {processor.py:839} INFO - DAG(s) dict_keys(['example_short_circuit_operator']) retrieved from /usr/local/lib/python3.8/dist-packages/airflow/example_dags/example_short_circuit_operator.py
[2023-08-24T04:51:17.700+0000] {logging_mixin.py:151} INFO - [2023-08-24T04:51:17.699+0000] {dag.py:2907} INFO - Sync 1 DAGs
[2023-08-24T04:51:17.716+0000] {logging_mixin.py:151} INFO - [2023-08-24T04:51:17.715+0000] {dag.py:3677} INFO - Setting next_dagrun for example_short_circuit_operator to 2023-08-23T04:51:17.715600+00:00, run_after=2023-08-24T04:51:17.715600+00:00
[2023-08-24T04:51:17.733+0000] {processor.py:179} INFO - Processing /usr/local/lib/python3.8/dist-packages/airflow/example_dags/example_short_circuit_operator.py took 0.065 seconds
[2023-08-24T04:52:19.783+0000] {processor.py:157} INFO - Started process (PID=45399) to work on /usr/local/lib/python3.8/dist-packages/airflow/example_dags/example_short_circuit_operator.py
[2023-08-24T04:52:19.784+0000] {processor.py:829} INFO - Processing file /usr/local/lib/python3.8/dist-packages/airflow/example_dags/example_short_circuit_operator.py for tasks to queue
[2023-08-24T04:52:19.785+0000] {logging_mixin.py:151} INFO - [2023-08-24T04:52:19.785+0000] {dagbag.py:539} INFO - Filling up the DagBag from /usr/local/lib/python3.8/dist-packages/airflow/example_dags/example_short_circuit_operator.py
[2023-08-24T04:52:19.792+0000] {processor.py:839} INFO - DAG(s) dict_keys(['example_short_circuit_operator']) retrieved from /usr/local/lib/python3.8/dist-packages/airflow/example_dags/example_short_circuit_operator.py
[2023-08-24T04:52:19.810+0000] {logging_mixin.py:151} INFO - [2023-08-24T04:52:19.810+0000] {dag.py:2907} INFO - Sync 1 DAGs
[2023-08-24T04:52:19.826+0000] {logging_mixin.py:151} INFO - [2023-08-24T04:52:19.826+0000] {dag.py:3677} INFO - Setting next_dagrun for example_short_circuit_operator to 2023-08-23T04:52:19.825991+00:00, run_after=2023-08-24T04:52:19.825991+00:00
[2023-08-24T04:52:19.843+0000] {processor.py:179} INFO - Processing /usr/local/lib/python3.8/dist-packages/airflow/example_dags/example_short_circuit_operator.py took 0.064 seconds
[2023-08-24T04:53:21.426+0000] {processor.py:157} INFO - Started process (PID=45588) to work on /usr/local/lib/python3.8/dist-packages/airflow/example_dags/example_short_circuit_operator.py
[2023-08-24T04:53:21.429+0000] {processor.py:829} INFO - Processing file /usr/local/lib/python3.8/dist-packages/airflow/example_dags/example_short_circuit_operator.py for tasks to queue
[2023-08-24T04:53:21.430+0000] {logging_mixin.py:151} INFO - [2023-08-24T04:53:21.429+0000] {dagbag.py:539} INFO - Filling up the DagBag from /usr/local/lib/python3.8/dist-packages/airflow/example_dags/example_short_circuit_operator.py
[2023-08-24T04:53:21.437+0000] {processor.py:839} INFO - DAG(s) dict_keys(['example_short_circuit_operator']) retrieved from /usr/local/lib/python3.8/dist-packages/airflow/example_dags/example_short_circuit_operator.py
[2023-08-24T04:53:21.458+0000] {logging_mixin.py:151} INFO - [2023-08-24T04:53:21.458+0000] {dag.py:2907} INFO - Sync 1 DAGs
[2023-08-24T04:53:21.475+0000] {logging_mixin.py:151} INFO - [2023-08-24T04:53:21.475+0000] {dag.py:3677} INFO - Setting next_dagrun for example_short_circuit_operator to 2023-08-23T04:53:21.475389+00:00, run_after=2023-08-24T04:53:21.475389+00:00
[2023-08-24T04:53:21.495+0000] {processor.py:179} INFO - Processing /usr/local/lib/python3.8/dist-packages/airflow/example_dags/example_short_circuit_operator.py took 0.073 seconds
[2023-08-24T04:54:22.691+0000] {processor.py:157} INFO - Started process (PID=45771) to work on /usr/local/lib/python3.8/dist-packages/airflow/example_dags/example_short_circuit_operator.py
[2023-08-24T04:54:22.693+0000] {processor.py:829} INFO - Processing file /usr/local/lib/python3.8/dist-packages/airflow/example_dags/example_short_circuit_operator.py for tasks to queue
[2023-08-24T04:54:22.694+0000] {logging_mixin.py:151} INFO - [2023-08-24T04:54:22.694+0000] {dagbag.py:539} INFO - Filling up the DagBag from /usr/local/lib/python3.8/dist-packages/airflow/example_dags/example_short_circuit_operator.py
[2023-08-24T04:54:22.701+0000] {processor.py:839} INFO - DAG(s) dict_keys(['example_short_circuit_operator']) retrieved from /usr/local/lib/python3.8/dist-packages/airflow/example_dags/example_short_circuit_operator.py
[2023-08-24T04:54:22.720+0000] {logging_mixin.py:151} INFO - [2023-08-24T04:54:22.720+0000] {dag.py:2907} INFO - Sync 1 DAGs
[2023-08-24T04:54:22.736+0000] {logging_mixin.py:151} INFO - [2023-08-24T04:54:22.736+0000] {dag.py:3677} INFO - Setting next_dagrun for example_short_circuit_operator to 2023-08-23T04:54:22.736019+00:00, run_after=2023-08-24T04:54:22.736019+00:00
[2023-08-24T04:54:22.754+0000] {processor.py:179} INFO - Processing /usr/local/lib/python3.8/dist-packages/airflow/example_dags/example_short_circuit_operator.py took 0.066 seconds
[2023-08-24T04:55:23.164+0000] {processor.py:157} INFO - Started process (PID=45954) to work on /usr/local/lib/python3.8/dist-packages/airflow/example_dags/example_short_circuit_operator.py
[2023-08-24T04:55:23.167+0000] {processor.py:829} INFO - Processing file /usr/local/lib/python3.8/dist-packages/airflow/example_dags/example_short_circuit_operator.py for tasks to queue
[2023-08-24T04:55:23.168+0000] {logging_mixin.py:151} INFO - [2023-08-24T04:55:23.168+0000] {dagbag.py:539} INFO - Filling up the DagBag from /usr/local/lib/python3.8/dist-packages/airflow/example_dags/example_short_circuit_operator.py
[2023-08-24T04:55:23.175+0000] {processor.py:839} INFO - DAG(s) dict_keys(['example_short_circuit_operator']) retrieved from /usr/local/lib/python3.8/dist-packages/airflow/example_dags/example_short_circuit_operator.py
[2023-08-24T04:55:23.194+0000] {logging_mixin.py:151} INFO - [2023-08-24T04:55:23.194+0000] {dag.py:2907} INFO - Sync 1 DAGs
[2023-08-24T04:55:23.211+0000] {logging_mixin.py:151} INFO - [2023-08-24T04:55:23.211+0000] {dag.py:3677} INFO - Setting next_dagrun for example_short_circuit_operator to 2023-08-23T04:55:23.210825+00:00, run_after=2023-08-24T04:55:23.210825+00:00
[2023-08-24T04:55:23.229+0000] {processor.py:179} INFO - Processing /usr/local/lib/python3.8/dist-packages/airflow/example_dags/example_short_circuit_operator.py took 0.068 seconds
[2023-08-24T04:56:27.709+0000] {processor.py:157} INFO - Started process (PID=46142) to work on /usr/local/lib/python3.8/dist-packages/airflow/example_dags/example_short_circuit_operator.py
[2023-08-24T04:56:27.711+0000] {processor.py:829} INFO - Processing file /usr/local/lib/python3.8/dist-packages/airflow/example_dags/example_short_circuit_operator.py for tasks to queue
[2023-08-24T04:56:27.712+0000] {logging_mixin.py:151} INFO - [2023-08-24T04:56:27.711+0000] {dagbag.py:539} INFO - Filling up the DagBag from /usr/local/lib/python3.8/dist-packages/airflow/example_dags/example_short_circuit_operator.py
[2023-08-24T04:56:27.718+0000] {processor.py:839} INFO - DAG(s) dict_keys(['example_short_circuit_operator']) retrieved from /usr/local/lib/python3.8/dist-packages/airflow/example_dags/example_short_circuit_operator.py
[2023-08-24T04:56:27.738+0000] {logging_mixin.py:151} INFO - [2023-08-24T04:56:27.737+0000] {dag.py:2907} INFO - Sync 1 DAGs
[2023-08-24T04:56:27.754+0000] {logging_mixin.py:151} INFO - [2023-08-24T04:56:27.754+0000] {dag.py:3677} INFO - Setting next_dagrun for example_short_circuit_operator to 2023-08-23T04:56:27.753907+00:00, run_after=2023-08-24T04:56:27.753907+00:00
[2023-08-24T04:56:27.772+0000] {processor.py:179} INFO - Processing /usr/local/lib/python3.8/dist-packages/airflow/example_dags/example_short_circuit_operator.py took 0.066 seconds
[2023-08-24T04:57:29.598+0000] {processor.py:157} INFO - Started process (PID=46338) to work on /usr/local/lib/python3.8/dist-packages/airflow/example_dags/example_short_circuit_operator.py
[2023-08-24T04:57:29.599+0000] {processor.py:829} INFO - Processing file /usr/local/lib/python3.8/dist-packages/airflow/example_dags/example_short_circuit_operator.py for tasks to queue
[2023-08-24T04:57:29.600+0000] {logging_mixin.py:151} INFO - [2023-08-24T04:57:29.600+0000] {dagbag.py:539} INFO - Filling up the DagBag from /usr/local/lib/python3.8/dist-packages/airflow/example_dags/example_short_circuit_operator.py
[2023-08-24T04:57:29.607+0000] {processor.py:839} INFO - DAG(s) dict_keys(['example_short_circuit_operator']) retrieved from /usr/local/lib/python3.8/dist-packages/airflow/example_dags/example_short_circuit_operator.py
[2023-08-24T04:57:29.626+0000] {logging_mixin.py:151} INFO - [2023-08-24T04:57:29.626+0000] {dag.py:2907} INFO - Sync 1 DAGs
[2023-08-24T04:57:29.642+0000] {logging_mixin.py:151} INFO - [2023-08-24T04:57:29.642+0000] {dag.py:3677} INFO - Setting next_dagrun for example_short_circuit_operator to 2023-08-23T04:57:29.642316+00:00, run_after=2023-08-24T04:57:29.642316+00:00
[2023-08-24T04:57:29.786+0000] {processor.py:179} INFO - Processing /usr/local/lib/python3.8/dist-packages/airflow/example_dags/example_short_circuit_operator.py took 0.192 seconds
[2023-08-24T04:58:33.148+0000] {processor.py:157} INFO - Started process (PID=46522) to work on /usr/local/lib/python3.8/dist-packages/airflow/example_dags/example_short_circuit_operator.py
[2023-08-24T04:58:33.149+0000] {processor.py:829} INFO - Processing file /usr/local/lib/python3.8/dist-packages/airflow/example_dags/example_short_circuit_operator.py for tasks to queue
[2023-08-24T04:58:33.150+0000] {logging_mixin.py:151} INFO - [2023-08-24T04:58:33.150+0000] {dagbag.py:539} INFO - Filling up the DagBag from /usr/local/lib/python3.8/dist-packages/airflow/example_dags/example_short_circuit_operator.py
[2023-08-24T04:58:33.157+0000] {processor.py:839} INFO - DAG(s) dict_keys(['example_short_circuit_operator']) retrieved from /usr/local/lib/python3.8/dist-packages/airflow/example_dags/example_short_circuit_operator.py
[2023-08-24T04:58:33.176+0000] {logging_mixin.py:151} INFO - [2023-08-24T04:58:33.175+0000] {dag.py:2907} INFO - Sync 1 DAGs
[2023-08-24T04:58:33.191+0000] {logging_mixin.py:151} INFO - [2023-08-24T04:58:33.191+0000] {dag.py:3677} INFO - Setting next_dagrun for example_short_circuit_operator to 2023-08-23T04:58:33.191561+00:00, run_after=2023-08-24T04:58:33.191561+00:00
[2023-08-24T04:58:33.209+0000] {processor.py:179} INFO - Processing /usr/local/lib/python3.8/dist-packages/airflow/example_dags/example_short_circuit_operator.py took 0.065 seconds
[2023-08-24T04:59:38.652+0000] {processor.py:157} INFO - Started process (PID=46705) to work on /usr/local/lib/python3.8/dist-packages/airflow/example_dags/example_short_circuit_operator.py
[2023-08-24T04:59:38.653+0000] {processor.py:829} INFO - Processing file /usr/local/lib/python3.8/dist-packages/airflow/example_dags/example_short_circuit_operator.py for tasks to queue
[2023-08-24T04:59:38.654+0000] {logging_mixin.py:151} INFO - [2023-08-24T04:59:38.654+0000] {dagbag.py:539} INFO - Filling up the DagBag from /usr/local/lib/python3.8/dist-packages/airflow/example_dags/example_short_circuit_operator.py
[2023-08-24T04:59:38.662+0000] {processor.py:839} INFO - DAG(s) dict_keys(['example_short_circuit_operator']) retrieved from /usr/local/lib/python3.8/dist-packages/airflow/example_dags/example_short_circuit_operator.py
[2023-08-24T04:59:38.684+0000] {logging_mixin.py:151} INFO - [2023-08-24T04:59:38.684+0000] {dag.py:2907} INFO - Sync 1 DAGs
[2023-08-24T04:59:38.702+0000] {logging_mixin.py:151} INFO - [2023-08-24T04:59:38.702+0000] {dag.py:3677} INFO - Setting next_dagrun for example_short_circuit_operator to 2023-08-23T04:59:38.702356+00:00, run_after=2023-08-24T04:59:38.702356+00:00
[2023-08-24T04:59:38.720+0000] {processor.py:179} INFO - Processing /usr/local/lib/python3.8/dist-packages/airflow/example_dags/example_short_circuit_operator.py took 0.073 seconds
[2023-08-24T05:00:37.616+0000] {processor.py:157} INFO - Started process (PID=46889) to work on /usr/local/lib/python3.8/dist-packages/airflow/example_dags/example_short_circuit_operator.py
[2023-08-24T05:00:37.617+0000] {processor.py:829} INFO - Processing file /usr/local/lib/python3.8/dist-packages/airflow/example_dags/example_short_circuit_operator.py for tasks to queue
[2023-08-24T05:00:37.618+0000] {logging_mixin.py:151} INFO - [2023-08-24T05:00:37.618+0000] {dagbag.py:539} INFO - Filling up the DagBag from /usr/local/lib/python3.8/dist-packages/airflow/example_dags/example_short_circuit_operator.py
[2023-08-24T05:00:37.625+0000] {processor.py:839} INFO - DAG(s) dict_keys(['example_short_circuit_operator']) retrieved from /usr/local/lib/python3.8/dist-packages/airflow/example_dags/example_short_circuit_operator.py
[2023-08-24T05:00:37.644+0000] {logging_mixin.py:151} INFO - [2023-08-24T05:00:37.644+0000] {dag.py:2907} INFO - Sync 1 DAGs
[2023-08-24T05:00:37.661+0000] {logging_mixin.py:151} INFO - [2023-08-24T05:00:37.660+0000] {dag.py:3677} INFO - Setting next_dagrun for example_short_circuit_operator to 2023-08-23T05:00:37.660730+00:00, run_after=2023-08-24T05:00:37.660730+00:00
[2023-08-24T05:00:37.678+0000] {processor.py:179} INFO - Processing /usr/local/lib/python3.8/dist-packages/airflow/example_dags/example_short_circuit_operator.py took 0.066 seconds
[2023-08-24T05:01:37.861+0000] {processor.py:157} INFO - Started process (PID=47086) to work on /usr/local/lib/python3.8/dist-packages/airflow/example_dags/example_short_circuit_operator.py
[2023-08-24T05:01:37.864+0000] {processor.py:829} INFO - Processing file /usr/local/lib/python3.8/dist-packages/airflow/example_dags/example_short_circuit_operator.py for tasks to queue
[2023-08-24T05:01:37.865+0000] {logging_mixin.py:151} INFO - [2023-08-24T05:01:37.864+0000] {dagbag.py:539} INFO - Filling up the DagBag from /usr/local/lib/python3.8/dist-packages/airflow/example_dags/example_short_circuit_operator.py
[2023-08-24T05:01:37.873+0000] {processor.py:839} INFO - DAG(s) dict_keys(['example_short_circuit_operator']) retrieved from /usr/local/lib/python3.8/dist-packages/airflow/example_dags/example_short_circuit_operator.py
[2023-08-24T05:01:37.892+0000] {logging_mixin.py:151} INFO - [2023-08-24T05:01:37.891+0000] {dag.py:2907} INFO - Sync 1 DAGs
[2023-08-24T05:01:37.909+0000] {logging_mixin.py:151} INFO - [2023-08-24T05:01:37.909+0000] {dag.py:3677} INFO - Setting next_dagrun for example_short_circuit_operator to 2023-08-23T05:01:37.909329+00:00, run_after=2023-08-24T05:01:37.909329+00:00
[2023-08-24T05:01:37.929+0000] {processor.py:179} INFO - Processing /usr/local/lib/python3.8/dist-packages/airflow/example_dags/example_short_circuit_operator.py took 0.072 seconds
[2023-08-24T05:02:37.341+0000] {processor.py:157} INFO - Started process (PID=47272) to work on /usr/local/lib/python3.8/dist-packages/airflow/example_dags/example_short_circuit_operator.py
[2023-08-24T05:02:37.343+0000] {processor.py:829} INFO - Processing file /usr/local/lib/python3.8/dist-packages/airflow/example_dags/example_short_circuit_operator.py for tasks to queue
[2023-08-24T05:02:37.343+0000] {logging_mixin.py:151} INFO - [2023-08-24T05:02:37.343+0000] {dagbag.py:539} INFO - Filling up the DagBag from /usr/local/lib/python3.8/dist-packages/airflow/example_dags/example_short_circuit_operator.py
[2023-08-24T05:02:37.350+0000] {processor.py:839} INFO - DAG(s) dict_keys(['example_short_circuit_operator']) retrieved from /usr/local/lib/python3.8/dist-packages/airflow/example_dags/example_short_circuit_operator.py
[2023-08-24T05:02:37.369+0000] {logging_mixin.py:151} INFO - [2023-08-24T05:02:37.369+0000] {dag.py:2907} INFO - Sync 1 DAGs
[2023-08-24T05:02:37.387+0000] {logging_mixin.py:151} INFO - [2023-08-24T05:02:37.387+0000] {dag.py:3677} INFO - Setting next_dagrun for example_short_circuit_operator to 2023-08-23T05:02:37.386995+00:00, run_after=2023-08-24T05:02:37.386995+00:00
[2023-08-24T05:02:37.406+0000] {processor.py:179} INFO - Processing /usr/local/lib/python3.8/dist-packages/airflow/example_dags/example_short_circuit_operator.py took 0.068 seconds
[2023-08-24T05:03:38.149+0000] {processor.py:157} INFO - Started process (PID=47461) to work on /usr/local/lib/python3.8/dist-packages/airflow/example_dags/example_short_circuit_operator.py
[2023-08-24T05:03:38.153+0000] {processor.py:829} INFO - Processing file /usr/local/lib/python3.8/dist-packages/airflow/example_dags/example_short_circuit_operator.py for tasks to queue
[2023-08-24T05:03:38.154+0000] {logging_mixin.py:151} INFO - [2023-08-24T05:03:38.153+0000] {dagbag.py:539} INFO - Filling up the DagBag from /usr/local/lib/python3.8/dist-packages/airflow/example_dags/example_short_circuit_operator.py
[2023-08-24T05:03:38.161+0000] {processor.py:839} INFO - DAG(s) dict_keys(['example_short_circuit_operator']) retrieved from /usr/local/lib/python3.8/dist-packages/airflow/example_dags/example_short_circuit_operator.py
[2023-08-24T05:03:38.180+0000] {logging_mixin.py:151} INFO - [2023-08-24T05:03:38.180+0000] {dag.py:2907} INFO - Sync 1 DAGs
[2023-08-24T05:03:38.197+0000] {logging_mixin.py:151} INFO - [2023-08-24T05:03:38.197+0000] {dag.py:3677} INFO - Setting next_dagrun for example_short_circuit_operator to 2023-08-23T05:03:38.196836+00:00, run_after=2023-08-24T05:03:38.196836+00:00
[2023-08-24T05:03:38.215+0000] {processor.py:179} INFO - Processing /usr/local/lib/python3.8/dist-packages/airflow/example_dags/example_short_circuit_operator.py took 0.069 seconds
[2023-08-24T05:04:36.112+0000] {processor.py:157} INFO - Started process (PID=47643) to work on /usr/local/lib/python3.8/dist-packages/airflow/example_dags/example_short_circuit_operator.py
[2023-08-24T05:04:36.113+0000] {processor.py:829} INFO - Processing file /usr/local/lib/python3.8/dist-packages/airflow/example_dags/example_short_circuit_operator.py for tasks to queue
[2023-08-24T05:04:36.114+0000] {logging_mixin.py:151} INFO - [2023-08-24T05:04:36.114+0000] {dagbag.py:539} INFO - Filling up the DagBag from /usr/local/lib/python3.8/dist-packages/airflow/example_dags/example_short_circuit_operator.py
[2023-08-24T05:04:36.121+0000] {processor.py:839} INFO - DAG(s) dict_keys(['example_short_circuit_operator']) retrieved from /usr/local/lib/python3.8/dist-packages/airflow/example_dags/example_short_circuit_operator.py
[2023-08-24T05:04:36.141+0000] {logging_mixin.py:151} INFO - [2023-08-24T05:04:36.140+0000] {dag.py:2907} INFO - Sync 1 DAGs
[2023-08-24T05:04:36.157+0000] {logging_mixin.py:151} INFO - [2023-08-24T05:04:36.157+0000] {dag.py:3677} INFO - Setting next_dagrun for example_short_circuit_operator to 2023-08-23T05:04:36.157096+00:00, run_after=2023-08-24T05:04:36.157096+00:00
[2023-08-24T05:04:36.175+0000] {processor.py:179} INFO - Processing /usr/local/lib/python3.8/dist-packages/airflow/example_dags/example_short_circuit_operator.py took 0.067 seconds
[2023-08-24T05:05:36.238+0000] {processor.py:157} INFO - Started process (PID=47839) to work on /usr/local/lib/python3.8/dist-packages/airflow/example_dags/example_short_circuit_operator.py
[2023-08-24T05:05:36.239+0000] {processor.py:829} INFO - Processing file /usr/local/lib/python3.8/dist-packages/airflow/example_dags/example_short_circuit_operator.py for tasks to queue
[2023-08-24T05:05:36.240+0000] {logging_mixin.py:151} INFO - [2023-08-24T05:05:36.240+0000] {dagbag.py:539} INFO - Filling up the DagBag from /usr/local/lib/python3.8/dist-packages/airflow/example_dags/example_short_circuit_operator.py
[2023-08-24T05:05:36.247+0000] {processor.py:839} INFO - DAG(s) dict_keys(['example_short_circuit_operator']) retrieved from /usr/local/lib/python3.8/dist-packages/airflow/example_dags/example_short_circuit_operator.py
[2023-08-24T05:05:36.269+0000] {logging_mixin.py:151} INFO - [2023-08-24T05:05:36.269+0000] {dag.py:2907} INFO - Sync 1 DAGs
[2023-08-24T05:05:36.285+0000] {logging_mixin.py:151} INFO - [2023-08-24T05:05:36.285+0000] {dag.py:3677} INFO - Setting next_dagrun for example_short_circuit_operator to 2023-08-23T05:05:36.285470+00:00, run_after=2023-08-24T05:05:36.285470+00:00
[2023-08-24T05:05:36.303+0000] {processor.py:179} INFO - Processing /usr/local/lib/python3.8/dist-packages/airflow/example_dags/example_short_circuit_operator.py took 0.069 seconds
[2023-08-24T05:06:33.990+0000] {processor.py:157} INFO - Started process (PID=48035) to work on /usr/local/lib/python3.8/dist-packages/airflow/example_dags/example_short_circuit_operator.py
[2023-08-24T05:06:33.992+0000] {processor.py:829} INFO - Processing file /usr/local/lib/python3.8/dist-packages/airflow/example_dags/example_short_circuit_operator.py for tasks to queue
[2023-08-24T05:06:33.993+0000] {logging_mixin.py:151} INFO - [2023-08-24T05:06:33.992+0000] {dagbag.py:539} INFO - Filling up the DagBag from /usr/local/lib/python3.8/dist-packages/airflow/example_dags/example_short_circuit_operator.py
[2023-08-24T05:06:34.000+0000] {processor.py:839} INFO - DAG(s) dict_keys(['example_short_circuit_operator']) retrieved from /usr/local/lib/python3.8/dist-packages/airflow/example_dags/example_short_circuit_operator.py
[2023-08-24T05:06:34.019+0000] {logging_mixin.py:151} INFO - [2023-08-24T05:06:34.019+0000] {dag.py:2907} INFO - Sync 1 DAGs
[2023-08-24T05:06:34.034+0000] {logging_mixin.py:151} INFO - [2023-08-24T05:06:34.034+0000] {dag.py:3677} INFO - Setting next_dagrun for example_short_circuit_operator to 2023-08-23T05:06:34.034592+00:00, run_after=2023-08-24T05:06:34.034592+00:00
[2023-08-24T05:06:34.052+0000] {processor.py:179} INFO - Processing /usr/local/lib/python3.8/dist-packages/airflow/example_dags/example_short_circuit_operator.py took 0.065 seconds
[2023-08-24T05:07:32.041+0000] {processor.py:157} INFO - Started process (PID=48219) to work on /usr/local/lib/python3.8/dist-packages/airflow/example_dags/example_short_circuit_operator.py
[2023-08-24T05:07:32.042+0000] {processor.py:829} INFO - Processing file /usr/local/lib/python3.8/dist-packages/airflow/example_dags/example_short_circuit_operator.py for tasks to queue
[2023-08-24T05:07:32.043+0000] {logging_mixin.py:151} INFO - [2023-08-24T05:07:32.043+0000] {dagbag.py:539} INFO - Filling up the DagBag from /usr/local/lib/python3.8/dist-packages/airflow/example_dags/example_short_circuit_operator.py
[2023-08-24T05:07:32.050+0000] {processor.py:839} INFO - DAG(s) dict_keys(['example_short_circuit_operator']) retrieved from /usr/local/lib/python3.8/dist-packages/airflow/example_dags/example_short_circuit_operator.py
[2023-08-24T05:07:32.068+0000] {logging_mixin.py:151} INFO - [2023-08-24T05:07:32.068+0000] {dag.py:2907} INFO - Sync 1 DAGs
[2023-08-24T05:07:32.084+0000] {logging_mixin.py:151} INFO - [2023-08-24T05:07:32.084+0000] {dag.py:3677} INFO - Setting next_dagrun for example_short_circuit_operator to 2023-08-23T05:07:32.084056+00:00, run_after=2023-08-24T05:07:32.084056+00:00
[2023-08-24T05:07:32.101+0000] {processor.py:179} INFO - Processing /usr/local/lib/python3.8/dist-packages/airflow/example_dags/example_short_circuit_operator.py took 0.064 seconds
[2023-08-24T05:08:32.165+0000] {processor.py:157} INFO - Started process (PID=48405) to work on /usr/local/lib/python3.8/dist-packages/airflow/example_dags/example_short_circuit_operator.py
[2023-08-24T05:08:32.168+0000] {processor.py:829} INFO - Processing file /usr/local/lib/python3.8/dist-packages/airflow/example_dags/example_short_circuit_operator.py for tasks to queue
[2023-08-24T05:08:32.169+0000] {logging_mixin.py:151} INFO - [2023-08-24T05:08:32.168+0000] {dagbag.py:539} INFO - Filling up the DagBag from /usr/local/lib/python3.8/dist-packages/airflow/example_dags/example_short_circuit_operator.py
[2023-08-24T05:08:32.176+0000] {processor.py:839} INFO - DAG(s) dict_keys(['example_short_circuit_operator']) retrieved from /usr/local/lib/python3.8/dist-packages/airflow/example_dags/example_short_circuit_operator.py
[2023-08-24T05:08:32.195+0000] {logging_mixin.py:151} INFO - [2023-08-24T05:08:32.195+0000] {dag.py:2907} INFO - Sync 1 DAGs
[2023-08-24T05:08:32.212+0000] {logging_mixin.py:151} INFO - [2023-08-24T05:08:32.212+0000] {dag.py:3677} INFO - Setting next_dagrun for example_short_circuit_operator to 2023-08-23T05:08:32.211866+00:00, run_after=2023-08-24T05:08:32.211866+00:00
[2023-08-24T05:08:32.230+0000] {processor.py:179} INFO - Processing /usr/local/lib/python3.8/dist-packages/airflow/example_dags/example_short_circuit_operator.py took 0.068 seconds
[2023-08-24T05:09:32.636+0000] {processor.py:157} INFO - Started process (PID=48601) to work on /usr/local/lib/python3.8/dist-packages/airflow/example_dags/example_short_circuit_operator.py
[2023-08-24T05:09:32.637+0000] {processor.py:829} INFO - Processing file /usr/local/lib/python3.8/dist-packages/airflow/example_dags/example_short_circuit_operator.py for tasks to queue
[2023-08-24T05:09:32.638+0000] {logging_mixin.py:151} INFO - [2023-08-24T05:09:32.638+0000] {dagbag.py:539} INFO - Filling up the DagBag from /usr/local/lib/python3.8/dist-packages/airflow/example_dags/example_short_circuit_operator.py
[2023-08-24T05:09:32.645+0000] {processor.py:839} INFO - DAG(s) dict_keys(['example_short_circuit_operator']) retrieved from /usr/local/lib/python3.8/dist-packages/airflow/example_dags/example_short_circuit_operator.py
[2023-08-24T05:09:32.665+0000] {logging_mixin.py:151} INFO - [2023-08-24T05:09:32.665+0000] {dag.py:2907} INFO - Sync 1 DAGs
[2023-08-24T05:09:32.682+0000] {logging_mixin.py:151} INFO - [2023-08-24T05:09:32.682+0000] {dag.py:3677} INFO - Setting next_dagrun for example_short_circuit_operator to 2023-08-23T05:09:32.682480+00:00, run_after=2023-08-24T05:09:32.682480+00:00
[2023-08-24T05:09:32.702+0000] {processor.py:179} INFO - Processing /usr/local/lib/python3.8/dist-packages/airflow/example_dags/example_short_circuit_operator.py took 0.070 seconds
[2023-08-24T05:10:29.802+0000] {processor.py:157} INFO - Started process (PID=48782) to work on /usr/local/lib/python3.8/dist-packages/airflow/example_dags/example_short_circuit_operator.py
[2023-08-24T05:10:29.805+0000] {processor.py:829} INFO - Processing file /usr/local/lib/python3.8/dist-packages/airflow/example_dags/example_short_circuit_operator.py for tasks to queue
[2023-08-24T05:10:29.806+0000] {logging_mixin.py:151} INFO - [2023-08-24T05:10:29.806+0000] {dagbag.py:539} INFO - Filling up the DagBag from /usr/local/lib/python3.8/dist-packages/airflow/example_dags/example_short_circuit_operator.py
[2023-08-24T05:10:29.813+0000] {processor.py:839} INFO - DAG(s) dict_keys(['example_short_circuit_operator']) retrieved from /usr/local/lib/python3.8/dist-packages/airflow/example_dags/example_short_circuit_operator.py
[2023-08-24T05:10:29.833+0000] {logging_mixin.py:151} INFO - [2023-08-24T05:10:29.832+0000] {dag.py:2907} INFO - Sync 1 DAGs
[2023-08-24T05:10:29.849+0000] {logging_mixin.py:151} INFO - [2023-08-24T05:10:29.849+0000] {dag.py:3677} INFO - Setting next_dagrun for example_short_circuit_operator to 2023-08-23T05:10:29.849419+00:00, run_after=2023-08-24T05:10:29.849419+00:00
[2023-08-24T05:10:29.868+0000] {processor.py:179} INFO - Processing /usr/local/lib/python3.8/dist-packages/airflow/example_dags/example_short_circuit_operator.py took 0.070 seconds
[2023-08-24T05:11:46.013+0000] {processor.py:157} INFO - Started process (PID=48938) to work on /usr/local/lib/python3.8/dist-packages/airflow/example_dags/example_short_circuit_operator.py
[2023-08-24T05:11:46.015+0000] {processor.py:829} INFO - Processing file /usr/local/lib/python3.8/dist-packages/airflow/example_dags/example_short_circuit_operator.py for tasks to queue
[2023-08-24T05:11:46.016+0000] {logging_mixin.py:151} INFO - [2023-08-24T05:11:46.015+0000] {dagbag.py:539} INFO - Filling up the DagBag from /usr/local/lib/python3.8/dist-packages/airflow/example_dags/example_short_circuit_operator.py
[2023-08-24T05:11:46.022+0000] {processor.py:839} INFO - DAG(s) dict_keys(['example_short_circuit_operator']) retrieved from /usr/local/lib/python3.8/dist-packages/airflow/example_dags/example_short_circuit_operator.py
[2023-08-24T05:11:46.042+0000] {logging_mixin.py:151} INFO - [2023-08-24T05:11:46.042+0000] {dag.py:2907} INFO - Sync 1 DAGs
[2023-08-24T05:11:46.058+0000] {logging_mixin.py:151} INFO - [2023-08-24T05:11:46.058+0000] {dag.py:3677} INFO - Setting next_dagrun for example_short_circuit_operator to 2023-08-23T05:11:46.058261+00:00, run_after=2023-08-24T05:11:46.058261+00:00
[2023-08-24T05:11:46.076+0000] {processor.py:179} INFO - Processing /usr/local/lib/python3.8/dist-packages/airflow/example_dags/example_short_circuit_operator.py took 0.067 seconds
[2023-08-24T05:12:48.557+0000] {processor.py:157} INFO - Started process (PID=49135) to work on /usr/local/lib/python3.8/dist-packages/airflow/example_dags/example_short_circuit_operator.py
[2023-08-24T05:12:48.558+0000] {processor.py:829} INFO - Processing file /usr/local/lib/python3.8/dist-packages/airflow/example_dags/example_short_circuit_operator.py for tasks to queue
[2023-08-24T05:12:48.559+0000] {logging_mixin.py:151} INFO - [2023-08-24T05:12:48.558+0000] {dagbag.py:539} INFO - Filling up the DagBag from /usr/local/lib/python3.8/dist-packages/airflow/example_dags/example_short_circuit_operator.py
[2023-08-24T05:12:48.566+0000] {processor.py:839} INFO - DAG(s) dict_keys(['example_short_circuit_operator']) retrieved from /usr/local/lib/python3.8/dist-packages/airflow/example_dags/example_short_circuit_operator.py
[2023-08-24T05:12:48.585+0000] {logging_mixin.py:151} INFO - [2023-08-24T05:12:48.585+0000] {dag.py:2907} INFO - Sync 1 DAGs
[2023-08-24T05:12:48.602+0000] {logging_mixin.py:151} INFO - [2023-08-24T05:12:48.602+0000] {dag.py:3677} INFO - Setting next_dagrun for example_short_circuit_operator to 2023-08-23T05:12:48.602198+00:00, run_after=2023-08-24T05:12:48.602198+00:00
[2023-08-24T05:12:48.621+0000] {processor.py:179} INFO - Processing /usr/local/lib/python3.8/dist-packages/airflow/example_dags/example_short_circuit_operator.py took 0.068 seconds
[2023-08-24T05:13:47.585+0000] {processor.py:157} INFO - Started process (PID=49339) to work on /usr/local/lib/python3.8/dist-packages/airflow/example_dags/example_short_circuit_operator.py
[2023-08-24T05:13:47.587+0000] {processor.py:829} INFO - Processing file /usr/local/lib/python3.8/dist-packages/airflow/example_dags/example_short_circuit_operator.py for tasks to queue
[2023-08-24T05:13:47.588+0000] {logging_mixin.py:151} INFO - [2023-08-24T05:13:47.587+0000] {dagbag.py:539} INFO - Filling up the DagBag from /usr/local/lib/python3.8/dist-packages/airflow/example_dags/example_short_circuit_operator.py
[2023-08-24T05:13:47.595+0000] {processor.py:839} INFO - DAG(s) dict_keys(['example_short_circuit_operator']) retrieved from /usr/local/lib/python3.8/dist-packages/airflow/example_dags/example_short_circuit_operator.py
[2023-08-24T05:13:47.614+0000] {logging_mixin.py:151} INFO - [2023-08-24T05:13:47.614+0000] {dag.py:2907} INFO - Sync 1 DAGs
[2023-08-24T05:13:47.630+0000] {logging_mixin.py:151} INFO - [2023-08-24T05:13:47.630+0000] {dag.py:3677} INFO - Setting next_dagrun for example_short_circuit_operator to 2023-08-23T05:13:47.630094+00:00, run_after=2023-08-24T05:13:47.630094+00:00
[2023-08-24T05:13:47.648+0000] {processor.py:179} INFO - Processing /usr/local/lib/python3.8/dist-packages/airflow/example_dags/example_short_circuit_operator.py took 0.066 seconds
