[2023-08-24T04:22:08.459+0000] {processor.py:157} INFO - Started process (PID=37608) to work on /usr/local/lib/python3.8/dist-packages/airflow/example_dags/example_complex.py
[2023-08-24T04:22:08.460+0000] {processor.py:829} INFO - Processing file /usr/local/lib/python3.8/dist-packages/airflow/example_dags/example_complex.py for tasks to queue
[2023-08-24T04:22:08.461+0000] {logging_mixin.py:151} INFO - [2023-08-24T04:22:08.461+0000] {dagbag.py:539} INFO - Filling up the DagBag from /usr/local/lib/python3.8/dist-packages/airflow/example_dags/example_complex.py
[2023-08-24T04:22:08.481+0000] {processor.py:839} INFO - DAG(s) dict_keys(['example_complex']) retrieved from /usr/local/lib/python3.8/dist-packages/airflow/example_dags/example_complex.py
[2023-08-24T04:22:08.518+0000] {logging_mixin.py:151} INFO - [2023-08-24T04:22:08.518+0000] {dag.py:2907} INFO - Sync 1 DAGs
[2023-08-24T04:22:08.530+0000] {logging_mixin.py:151} INFO - [2023-08-24T04:22:08.530+0000] {dag.py:3677} INFO - Setting next_dagrun for example_complex to None, run_after=None
[2023-08-24T04:22:08.549+0000] {processor.py:179} INFO - Processing /usr/local/lib/python3.8/dist-packages/airflow/example_dags/example_complex.py took 0.094 seconds
[2023-08-24T04:31:22.627+0000] {processor.py:157} INFO - Started process (PID=41483) to work on /usr/local/lib/python3.8/dist-packages/airflow/example_dags/example_complex.py
[2023-08-24T04:31:22.630+0000] {processor.py:829} INFO - Processing file /usr/local/lib/python3.8/dist-packages/airflow/example_dags/example_complex.py for tasks to queue
[2023-08-24T04:31:22.631+0000] {logging_mixin.py:151} INFO - [2023-08-24T04:31:22.631+0000] {dagbag.py:539} INFO - Filling up the DagBag from /usr/local/lib/python3.8/dist-packages/airflow/example_dags/example_complex.py
[2023-08-24T04:31:22.643+0000] {processor.py:839} INFO - DAG(s) dict_keys(['example_complex']) retrieved from /usr/local/lib/python3.8/dist-packages/airflow/example_dags/example_complex.py
[2023-08-24T04:31:22.669+0000] {logging_mixin.py:151} INFO - [2023-08-24T04:31:22.669+0000] {dag.py:2907} INFO - Sync 1 DAGs
[2023-08-24T04:31:22.683+0000] {logging_mixin.py:151} INFO - [2023-08-24T04:31:22.683+0000] {dag.py:3677} INFO - Setting next_dagrun for example_complex to None, run_after=None
[2023-08-24T04:31:22.701+0000] {processor.py:179} INFO - Processing /usr/local/lib/python3.8/dist-packages/airflow/example_dags/example_complex.py took 0.078 seconds
[2023-08-24T04:32:23.506+0000] {processor.py:157} INFO - Started process (PID=41681) to work on /usr/local/lib/python3.8/dist-packages/airflow/example_dags/example_complex.py
[2023-08-24T04:32:23.508+0000] {processor.py:829} INFO - Processing file /usr/local/lib/python3.8/dist-packages/airflow/example_dags/example_complex.py for tasks to queue
[2023-08-24T04:32:23.509+0000] {logging_mixin.py:151} INFO - [2023-08-24T04:32:23.508+0000] {dagbag.py:539} INFO - Filling up the DagBag from /usr/local/lib/python3.8/dist-packages/airflow/example_dags/example_complex.py
[2023-08-24T04:32:23.519+0000] {processor.py:839} INFO - DAG(s) dict_keys(['example_complex']) retrieved from /usr/local/lib/python3.8/dist-packages/airflow/example_dags/example_complex.py
[2023-08-24T04:32:23.542+0000] {logging_mixin.py:151} INFO - [2023-08-24T04:32:23.541+0000] {dag.py:2907} INFO - Sync 1 DAGs
[2023-08-24T04:32:23.552+0000] {logging_mixin.py:151} INFO - [2023-08-24T04:32:23.552+0000] {dag.py:3677} INFO - Setting next_dagrun for example_complex to None, run_after=None
[2023-08-24T04:32:23.570+0000] {processor.py:179} INFO - Processing /usr/local/lib/python3.8/dist-packages/airflow/example_dags/example_complex.py took 0.067 seconds
[2023-08-24T04:33:22.237+0000] {processor.py:157} INFO - Started process (PID=41872) to work on /usr/local/lib/python3.8/dist-packages/airflow/example_dags/example_complex.py
[2023-08-24T04:33:22.239+0000] {processor.py:829} INFO - Processing file /usr/local/lib/python3.8/dist-packages/airflow/example_dags/example_complex.py for tasks to queue
[2023-08-24T04:33:22.240+0000] {logging_mixin.py:151} INFO - [2023-08-24T04:33:22.239+0000] {dagbag.py:539} INFO - Filling up the DagBag from /usr/local/lib/python3.8/dist-packages/airflow/example_dags/example_complex.py
[2023-08-24T04:33:22.250+0000] {processor.py:839} INFO - DAG(s) dict_keys(['example_complex']) retrieved from /usr/local/lib/python3.8/dist-packages/airflow/example_dags/example_complex.py
[2023-08-24T04:33:22.273+0000] {logging_mixin.py:151} INFO - [2023-08-24T04:33:22.273+0000] {dag.py:2907} INFO - Sync 1 DAGs
[2023-08-24T04:33:22.283+0000] {logging_mixin.py:151} INFO - [2023-08-24T04:33:22.283+0000] {dag.py:3677} INFO - Setting next_dagrun for example_complex to None, run_after=None
[2023-08-24T04:33:22.302+0000] {processor.py:179} INFO - Processing /usr/local/lib/python3.8/dist-packages/airflow/example_dags/example_complex.py took 0.068 seconds
[2023-08-24T04:34:21.342+0000] {processor.py:157} INFO - Started process (PID=42055) to work on /usr/local/lib/python3.8/dist-packages/airflow/example_dags/example_complex.py
[2023-08-24T04:34:21.343+0000] {processor.py:829} INFO - Processing file /usr/local/lib/python3.8/dist-packages/airflow/example_dags/example_complex.py for tasks to queue
[2023-08-24T04:34:21.344+0000] {logging_mixin.py:151} INFO - [2023-08-24T04:34:21.344+0000] {dagbag.py:539} INFO - Filling up the DagBag from /usr/local/lib/python3.8/dist-packages/airflow/example_dags/example_complex.py
[2023-08-24T04:34:21.355+0000] {processor.py:839} INFO - DAG(s) dict_keys(['example_complex']) retrieved from /usr/local/lib/python3.8/dist-packages/airflow/example_dags/example_complex.py
[2023-08-24T04:34:21.377+0000] {logging_mixin.py:151} INFO - [2023-08-24T04:34:21.377+0000] {dag.py:2907} INFO - Sync 1 DAGs
[2023-08-24T04:34:21.389+0000] {logging_mixin.py:151} INFO - [2023-08-24T04:34:21.389+0000] {dag.py:3677} INFO - Setting next_dagrun for example_complex to None, run_after=None
[2023-08-24T04:34:21.407+0000] {processor.py:179} INFO - Processing /usr/local/lib/python3.8/dist-packages/airflow/example_dags/example_complex.py took 0.069 seconds
[2023-08-24T04:35:20.719+0000] {processor.py:157} INFO - Started process (PID=42251) to work on /usr/local/lib/python3.8/dist-packages/airflow/example_dags/example_complex.py
[2023-08-24T04:35:20.722+0000] {processor.py:829} INFO - Processing file /usr/local/lib/python3.8/dist-packages/airflow/example_dags/example_complex.py for tasks to queue
[2023-08-24T04:35:20.724+0000] {logging_mixin.py:151} INFO - [2023-08-24T04:35:20.723+0000] {dagbag.py:539} INFO - Filling up the DagBag from /usr/local/lib/python3.8/dist-packages/airflow/example_dags/example_complex.py
[2023-08-24T04:35:20.736+0000] {processor.py:839} INFO - DAG(s) dict_keys(['example_complex']) retrieved from /usr/local/lib/python3.8/dist-packages/airflow/example_dags/example_complex.py
[2023-08-24T04:35:20.759+0000] {logging_mixin.py:151} INFO - [2023-08-24T04:35:20.759+0000] {dag.py:2907} INFO - Sync 1 DAGs
[2023-08-24T04:35:20.771+0000] {logging_mixin.py:151} INFO - [2023-08-24T04:35:20.770+0000] {dag.py:3677} INFO - Setting next_dagrun for example_complex to None, run_after=None
[2023-08-24T04:35:20.789+0000] {processor.py:179} INFO - Processing /usr/local/lib/python3.8/dist-packages/airflow/example_dags/example_complex.py took 0.074 seconds
[2023-08-24T04:36:19.940+0000] {processor.py:157} INFO - Started process (PID=42447) to work on /usr/local/lib/python3.8/dist-packages/airflow/example_dags/example_complex.py
[2023-08-24T04:36:19.943+0000] {processor.py:829} INFO - Processing file /usr/local/lib/python3.8/dist-packages/airflow/example_dags/example_complex.py for tasks to queue
[2023-08-24T04:36:19.944+0000] {logging_mixin.py:151} INFO - [2023-08-24T04:36:19.943+0000] {dagbag.py:539} INFO - Filling up the DagBag from /usr/local/lib/python3.8/dist-packages/airflow/example_dags/example_complex.py
[2023-08-24T04:36:19.954+0000] {processor.py:839} INFO - DAG(s) dict_keys(['example_complex']) retrieved from /usr/local/lib/python3.8/dist-packages/airflow/example_dags/example_complex.py
[2023-08-24T04:36:19.977+0000] {logging_mixin.py:151} INFO - [2023-08-24T04:36:19.977+0000] {dag.py:2907} INFO - Sync 1 DAGs
[2023-08-24T04:36:19.988+0000] {logging_mixin.py:151} INFO - [2023-08-24T04:36:19.988+0000] {dag.py:3677} INFO - Setting next_dagrun for example_complex to None, run_after=None
[2023-08-24T04:36:20.006+0000] {processor.py:179} INFO - Processing /usr/local/lib/python3.8/dist-packages/airflow/example_dags/example_complex.py took 0.069 seconds
[2023-08-24T04:37:15.484+0000] {processor.py:157} INFO - Started process (PID=42630) to work on /usr/local/lib/python3.8/dist-packages/airflow/example_dags/example_complex.py
[2023-08-24T04:37:15.485+0000] {processor.py:829} INFO - Processing file /usr/local/lib/python3.8/dist-packages/airflow/example_dags/example_complex.py for tasks to queue
[2023-08-24T04:37:15.486+0000] {logging_mixin.py:151} INFO - [2023-08-24T04:37:15.486+0000] {dagbag.py:539} INFO - Filling up the DagBag from /usr/local/lib/python3.8/dist-packages/airflow/example_dags/example_complex.py
[2023-08-24T04:37:15.497+0000] {processor.py:839} INFO - DAG(s) dict_keys(['example_complex']) retrieved from /usr/local/lib/python3.8/dist-packages/airflow/example_dags/example_complex.py
[2023-08-24T04:37:15.520+0000] {logging_mixin.py:151} INFO - [2023-08-24T04:37:15.520+0000] {dag.py:2907} INFO - Sync 1 DAGs
[2023-08-24T04:37:15.530+0000] {logging_mixin.py:151} INFO - [2023-08-24T04:37:15.530+0000] {dag.py:3677} INFO - Setting next_dagrun for example_complex to None, run_after=None
[2023-08-24T04:37:15.548+0000] {processor.py:179} INFO - Processing /usr/local/lib/python3.8/dist-packages/airflow/example_dags/example_complex.py took 0.068 seconds
[2023-08-24T04:38:12.005+0000] {processor.py:157} INFO - Started process (PID=42813) to work on /usr/local/lib/python3.8/dist-packages/airflow/example_dags/example_complex.py
[2023-08-24T04:38:12.008+0000] {processor.py:829} INFO - Processing file /usr/local/lib/python3.8/dist-packages/airflow/example_dags/example_complex.py for tasks to queue
[2023-08-24T04:38:12.009+0000] {logging_mixin.py:151} INFO - [2023-08-24T04:38:12.009+0000] {dagbag.py:539} INFO - Filling up the DagBag from /usr/local/lib/python3.8/dist-packages/airflow/example_dags/example_complex.py
[2023-08-24T04:38:12.019+0000] {processor.py:839} INFO - DAG(s) dict_keys(['example_complex']) retrieved from /usr/local/lib/python3.8/dist-packages/airflow/example_dags/example_complex.py
[2023-08-24T04:38:12.042+0000] {logging_mixin.py:151} INFO - [2023-08-24T04:38:12.042+0000] {dag.py:2907} INFO - Sync 1 DAGs
[2023-08-24T04:38:12.052+0000] {logging_mixin.py:151} INFO - [2023-08-24T04:38:12.052+0000] {dag.py:3677} INFO - Setting next_dagrun for example_complex to None, run_after=None
[2023-08-24T04:38:12.069+0000] {processor.py:179} INFO - Processing /usr/local/lib/python3.8/dist-packages/airflow/example_dags/example_complex.py took 0.067 seconds
[2023-08-24T04:39:13.827+0000] {processor.py:157} INFO - Started process (PID=42998) to work on /usr/local/lib/python3.8/dist-packages/airflow/example_dags/example_complex.py
[2023-08-24T04:39:13.828+0000] {processor.py:829} INFO - Processing file /usr/local/lib/python3.8/dist-packages/airflow/example_dags/example_complex.py for tasks to queue
[2023-08-24T04:39:13.829+0000] {logging_mixin.py:151} INFO - [2023-08-24T04:39:13.829+0000] {dagbag.py:539} INFO - Filling up the DagBag from /usr/local/lib/python3.8/dist-packages/airflow/example_dags/example_complex.py
[2023-08-24T04:39:13.840+0000] {processor.py:839} INFO - DAG(s) dict_keys(['example_complex']) retrieved from /usr/local/lib/python3.8/dist-packages/airflow/example_dags/example_complex.py
[2023-08-24T04:39:13.863+0000] {logging_mixin.py:151} INFO - [2023-08-24T04:39:13.863+0000] {dag.py:2907} INFO - Sync 1 DAGs
[2023-08-24T04:39:13.874+0000] {logging_mixin.py:151} INFO - [2023-08-24T04:39:13.874+0000] {dag.py:3677} INFO - Setting next_dagrun for example_complex to None, run_after=None
[2023-08-24T04:39:13.892+0000] {processor.py:179} INFO - Processing /usr/local/lib/python3.8/dist-packages/airflow/example_dags/example_complex.py took 0.069 seconds
[2023-08-24T04:40:14.090+0000] {processor.py:157} INFO - Started process (PID=43194) to work on /usr/local/lib/python3.8/dist-packages/airflow/example_dags/example_complex.py
[2023-08-24T04:40:14.092+0000] {processor.py:829} INFO - Processing file /usr/local/lib/python3.8/dist-packages/airflow/example_dags/example_complex.py for tasks to queue
[2023-08-24T04:40:14.093+0000] {logging_mixin.py:151} INFO - [2023-08-24T04:40:14.093+0000] {dagbag.py:539} INFO - Filling up the DagBag from /usr/local/lib/python3.8/dist-packages/airflow/example_dags/example_complex.py
[2023-08-24T04:40:14.104+0000] {processor.py:839} INFO - DAG(s) dict_keys(['example_complex']) retrieved from /usr/local/lib/python3.8/dist-packages/airflow/example_dags/example_complex.py
[2023-08-24T04:40:14.127+0000] {logging_mixin.py:151} INFO - [2023-08-24T04:40:14.127+0000] {dag.py:2907} INFO - Sync 1 DAGs
[2023-08-24T04:40:14.138+0000] {logging_mixin.py:151} INFO - [2023-08-24T04:40:14.137+0000] {dag.py:3677} INFO - Setting next_dagrun for example_complex to None, run_after=None
[2023-08-24T04:40:14.155+0000] {processor.py:179} INFO - Processing /usr/local/lib/python3.8/dist-packages/airflow/example_dags/example_complex.py took 0.069 seconds
[2023-08-24T04:41:14.780+0000] {processor.py:157} INFO - Started process (PID=43378) to work on /usr/local/lib/python3.8/dist-packages/airflow/example_dags/example_complex.py
[2023-08-24T04:41:14.782+0000] {processor.py:829} INFO - Processing file /usr/local/lib/python3.8/dist-packages/airflow/example_dags/example_complex.py for tasks to queue
[2023-08-24T04:41:14.783+0000] {logging_mixin.py:151} INFO - [2023-08-24T04:41:14.782+0000] {dagbag.py:539} INFO - Filling up the DagBag from /usr/local/lib/python3.8/dist-packages/airflow/example_dags/example_complex.py
[2023-08-24T04:41:14.797+0000] {processor.py:839} INFO - DAG(s) dict_keys(['example_complex']) retrieved from /usr/local/lib/python3.8/dist-packages/airflow/example_dags/example_complex.py
[2023-08-24T04:41:14.819+0000] {logging_mixin.py:151} INFO - [2023-08-24T04:41:14.819+0000] {dag.py:2907} INFO - Sync 1 DAGs
[2023-08-24T04:41:14.830+0000] {logging_mixin.py:151} INFO - [2023-08-24T04:41:14.830+0000] {dag.py:3677} INFO - Setting next_dagrun for example_complex to None, run_after=None
[2023-08-24T04:41:14.847+0000] {processor.py:179} INFO - Processing /usr/local/lib/python3.8/dist-packages/airflow/example_dags/example_complex.py took 0.070 seconds
[2023-08-24T04:42:14.186+0000] {processor.py:157} INFO - Started process (PID=43562) to work on /usr/local/lib/python3.8/dist-packages/airflow/example_dags/example_complex.py
[2023-08-24T04:42:14.188+0000] {processor.py:829} INFO - Processing file /usr/local/lib/python3.8/dist-packages/airflow/example_dags/example_complex.py for tasks to queue
[2023-08-24T04:42:14.188+0000] {logging_mixin.py:151} INFO - [2023-08-24T04:42:14.188+0000] {dagbag.py:539} INFO - Filling up the DagBag from /usr/local/lib/python3.8/dist-packages/airflow/example_dags/example_complex.py
[2023-08-24T04:42:14.199+0000] {processor.py:839} INFO - DAG(s) dict_keys(['example_complex']) retrieved from /usr/local/lib/python3.8/dist-packages/airflow/example_dags/example_complex.py
[2023-08-24T04:42:14.222+0000] {logging_mixin.py:151} INFO - [2023-08-24T04:42:14.222+0000] {dag.py:2907} INFO - Sync 1 DAGs
[2023-08-24T04:42:14.232+0000] {logging_mixin.py:151} INFO - [2023-08-24T04:42:14.232+0000] {dag.py:3677} INFO - Setting next_dagrun for example_complex to None, run_after=None
[2023-08-24T04:42:14.250+0000] {processor.py:179} INFO - Processing /usr/local/lib/python3.8/dist-packages/airflow/example_dags/example_complex.py took 0.067 seconds
[2023-08-24T04:43:13.449+0000] {processor.py:157} INFO - Started process (PID=43749) to work on /usr/local/lib/python3.8/dist-packages/airflow/example_dags/example_complex.py
[2023-08-24T04:43:13.451+0000] {processor.py:829} INFO - Processing file /usr/local/lib/python3.8/dist-packages/airflow/example_dags/example_complex.py for tasks to queue
[2023-08-24T04:43:13.452+0000] {logging_mixin.py:151} INFO - [2023-08-24T04:43:13.451+0000] {dagbag.py:539} INFO - Filling up the DagBag from /usr/local/lib/python3.8/dist-packages/airflow/example_dags/example_complex.py
[2023-08-24T04:43:13.462+0000] {processor.py:839} INFO - DAG(s) dict_keys(['example_complex']) retrieved from /usr/local/lib/python3.8/dist-packages/airflow/example_dags/example_complex.py
[2023-08-24T04:43:13.485+0000] {logging_mixin.py:151} INFO - [2023-08-24T04:43:13.485+0000] {dag.py:2907} INFO - Sync 1 DAGs
[2023-08-24T04:43:13.496+0000] {logging_mixin.py:151} INFO - [2023-08-24T04:43:13.496+0000] {dag.py:3677} INFO - Setting next_dagrun for example_complex to None, run_after=None
[2023-08-24T04:43:13.514+0000] {processor.py:179} INFO - Processing /usr/local/lib/python3.8/dist-packages/airflow/example_dags/example_complex.py took 0.068 seconds
[2023-08-24T04:44:14.213+0000] {processor.py:157} INFO - Started process (PID=43933) to work on /usr/local/lib/python3.8/dist-packages/airflow/example_dags/example_complex.py
[2023-08-24T04:44:14.216+0000] {processor.py:829} INFO - Processing file /usr/local/lib/python3.8/dist-packages/airflow/example_dags/example_complex.py for tasks to queue
[2023-08-24T04:44:14.217+0000] {logging_mixin.py:151} INFO - [2023-08-24T04:44:14.217+0000] {dagbag.py:539} INFO - Filling up the DagBag from /usr/local/lib/python3.8/dist-packages/airflow/example_dags/example_complex.py
[2023-08-24T04:44:14.228+0000] {processor.py:839} INFO - DAG(s) dict_keys(['example_complex']) retrieved from /usr/local/lib/python3.8/dist-packages/airflow/example_dags/example_complex.py
[2023-08-24T04:44:14.251+0000] {logging_mixin.py:151} INFO - [2023-08-24T04:44:14.251+0000] {dag.py:2907} INFO - Sync 1 DAGs
[2023-08-24T04:44:14.261+0000] {logging_mixin.py:151} INFO - [2023-08-24T04:44:14.261+0000] {dag.py:3677} INFO - Setting next_dagrun for example_complex to None, run_after=None
[2023-08-24T04:44:14.279+0000] {processor.py:179} INFO - Processing /usr/local/lib/python3.8/dist-packages/airflow/example_dags/example_complex.py took 0.069 seconds
[2023-08-24T04:45:15.277+0000] {processor.py:157} INFO - Started process (PID=44118) to work on /usr/local/lib/python3.8/dist-packages/airflow/example_dags/example_complex.py
[2023-08-24T04:45:15.280+0000] {processor.py:829} INFO - Processing file /usr/local/lib/python3.8/dist-packages/airflow/example_dags/example_complex.py for tasks to queue
[2023-08-24T04:45:15.281+0000] {logging_mixin.py:151} INFO - [2023-08-24T04:45:15.280+0000] {dagbag.py:539} INFO - Filling up the DagBag from /usr/local/lib/python3.8/dist-packages/airflow/example_dags/example_complex.py
[2023-08-24T04:45:15.292+0000] {processor.py:839} INFO - DAG(s) dict_keys(['example_complex']) retrieved from /usr/local/lib/python3.8/dist-packages/airflow/example_dags/example_complex.py
[2023-08-24T04:45:15.315+0000] {logging_mixin.py:151} INFO - [2023-08-24T04:45:15.315+0000] {dag.py:2907} INFO - Sync 1 DAGs
[2023-08-24T04:45:15.326+0000] {logging_mixin.py:151} INFO - [2023-08-24T04:45:15.326+0000] {dag.py:3677} INFO - Setting next_dagrun for example_complex to None, run_after=None
[2023-08-24T04:45:15.345+0000] {processor.py:179} INFO - Processing /usr/local/lib/python3.8/dist-packages/airflow/example_dags/example_complex.py took 0.072 seconds
[2023-08-24T04:46:16.856+0000] {processor.py:157} INFO - Started process (PID=44301) to work on /usr/local/lib/python3.8/dist-packages/airflow/example_dags/example_complex.py
[2023-08-24T04:46:16.857+0000] {processor.py:829} INFO - Processing file /usr/local/lib/python3.8/dist-packages/airflow/example_dags/example_complex.py for tasks to queue
[2023-08-24T04:46:16.858+0000] {logging_mixin.py:151} INFO - [2023-08-24T04:46:16.858+0000] {dagbag.py:539} INFO - Filling up the DagBag from /usr/local/lib/python3.8/dist-packages/airflow/example_dags/example_complex.py
[2023-08-24T04:46:16.869+0000] {processor.py:839} INFO - DAG(s) dict_keys(['example_complex']) retrieved from /usr/local/lib/python3.8/dist-packages/airflow/example_dags/example_complex.py
[2023-08-24T04:46:16.892+0000] {logging_mixin.py:151} INFO - [2023-08-24T04:46:16.892+0000] {dag.py:2907} INFO - Sync 1 DAGs
[2023-08-24T04:46:16.903+0000] {logging_mixin.py:151} INFO - [2023-08-24T04:46:16.903+0000] {dag.py:3677} INFO - Setting next_dagrun for example_complex to None, run_after=None
[2023-08-24T04:46:16.922+0000] {processor.py:179} INFO - Processing /usr/local/lib/python3.8/dist-packages/airflow/example_dags/example_complex.py took 0.070 seconds
[2023-08-24T04:47:19.469+0000] {processor.py:157} INFO - Started process (PID=44484) to work on /usr/local/lib/python3.8/dist-packages/airflow/example_dags/example_complex.py
[2023-08-24T04:47:19.473+0000] {processor.py:829} INFO - Processing file /usr/local/lib/python3.8/dist-packages/airflow/example_dags/example_complex.py for tasks to queue
[2023-08-24T04:47:19.474+0000] {logging_mixin.py:151} INFO - [2023-08-24T04:47:19.474+0000] {dagbag.py:539} INFO - Filling up the DagBag from /usr/local/lib/python3.8/dist-packages/airflow/example_dags/example_complex.py
[2023-08-24T04:47:19.485+0000] {processor.py:839} INFO - DAG(s) dict_keys(['example_complex']) retrieved from /usr/local/lib/python3.8/dist-packages/airflow/example_dags/example_complex.py
[2023-08-24T04:47:19.508+0000] {logging_mixin.py:151} INFO - [2023-08-24T04:47:19.507+0000] {dag.py:2907} INFO - Sync 1 DAGs
[2023-08-24T04:47:19.518+0000] {logging_mixin.py:151} INFO - [2023-08-24T04:47:19.518+0000] {dag.py:3677} INFO - Setting next_dagrun for example_complex to None, run_after=None
[2023-08-24T04:47:19.536+0000] {processor.py:179} INFO - Processing /usr/local/lib/python3.8/dist-packages/airflow/example_dags/example_complex.py took 0.071 seconds
[2023-08-24T04:48:19.584+0000] {processor.py:157} INFO - Started process (PID=44668) to work on /usr/local/lib/python3.8/dist-packages/airflow/example_dags/example_complex.py
[2023-08-24T04:48:19.587+0000] {processor.py:829} INFO - Processing file /usr/local/lib/python3.8/dist-packages/airflow/example_dags/example_complex.py for tasks to queue
[2023-08-24T04:48:19.588+0000] {logging_mixin.py:151} INFO - [2023-08-24T04:48:19.587+0000] {dagbag.py:539} INFO - Filling up the DagBag from /usr/local/lib/python3.8/dist-packages/airflow/example_dags/example_complex.py
[2023-08-24T04:48:19.599+0000] {processor.py:839} INFO - DAG(s) dict_keys(['example_complex']) retrieved from /usr/local/lib/python3.8/dist-packages/airflow/example_dags/example_complex.py
[2023-08-24T04:48:19.622+0000] {logging_mixin.py:151} INFO - [2023-08-24T04:48:19.622+0000] {dag.py:2907} INFO - Sync 1 DAGs
[2023-08-24T04:48:19.633+0000] {logging_mixin.py:151} INFO - [2023-08-24T04:48:19.632+0000] {dag.py:3677} INFO - Setting next_dagrun for example_complex to None, run_after=None
[2023-08-24T04:48:19.651+0000] {processor.py:179} INFO - Processing /usr/local/lib/python3.8/dist-packages/airflow/example_dags/example_complex.py took 0.071 seconds
[2023-08-24T04:49:23.249+0000] {processor.py:157} INFO - Started process (PID=44852) to work on /usr/local/lib/python3.8/dist-packages/airflow/example_dags/example_complex.py
[2023-08-24T04:49:23.255+0000] {processor.py:829} INFO - Processing file /usr/local/lib/python3.8/dist-packages/airflow/example_dags/example_complex.py for tasks to queue
[2023-08-24T04:49:23.255+0000] {logging_mixin.py:151} INFO - [2023-08-24T04:49:23.255+0000] {dagbag.py:539} INFO - Filling up the DagBag from /usr/local/lib/python3.8/dist-packages/airflow/example_dags/example_complex.py
[2023-08-24T04:49:23.266+0000] {processor.py:839} INFO - DAG(s) dict_keys(['example_complex']) retrieved from /usr/local/lib/python3.8/dist-packages/airflow/example_dags/example_complex.py
[2023-08-24T04:49:23.290+0000] {logging_mixin.py:151} INFO - [2023-08-24T04:49:23.290+0000] {dag.py:2907} INFO - Sync 1 DAGs
[2023-08-24T04:49:23.301+0000] {logging_mixin.py:151} INFO - [2023-08-24T04:49:23.301+0000] {dag.py:3677} INFO - Setting next_dagrun for example_complex to None, run_after=None
[2023-08-24T04:49:23.320+0000] {processor.py:179} INFO - Processing /usr/local/lib/python3.8/dist-packages/airflow/example_dags/example_complex.py took 0.075 seconds
[2023-08-24T04:50:20.674+0000] {processor.py:157} INFO - Started process (PID=45036) to work on /usr/local/lib/python3.8/dist-packages/airflow/example_dags/example_complex.py
[2023-08-24T04:50:20.675+0000] {processor.py:829} INFO - Processing file /usr/local/lib/python3.8/dist-packages/airflow/example_dags/example_complex.py for tasks to queue
[2023-08-24T04:50:20.676+0000] {logging_mixin.py:151} INFO - [2023-08-24T04:50:20.676+0000] {dagbag.py:539} INFO - Filling up the DagBag from /usr/local/lib/python3.8/dist-packages/airflow/example_dags/example_complex.py
[2023-08-24T04:50:20.687+0000] {processor.py:839} INFO - DAG(s) dict_keys(['example_complex']) retrieved from /usr/local/lib/python3.8/dist-packages/airflow/example_dags/example_complex.py
[2023-08-24T04:50:20.710+0000] {logging_mixin.py:151} INFO - [2023-08-24T04:50:20.710+0000] {dag.py:2907} INFO - Sync 1 DAGs
[2023-08-24T04:50:20.721+0000] {logging_mixin.py:151} INFO - [2023-08-24T04:50:20.721+0000] {dag.py:3677} INFO - Setting next_dagrun for example_complex to None, run_after=None
[2023-08-24T04:50:20.739+0000] {processor.py:179} INFO - Processing /usr/local/lib/python3.8/dist-packages/airflow/example_dags/example_complex.py took 0.069 seconds
[2023-08-24T04:51:19.100+0000] {processor.py:157} INFO - Started process (PID=45218) to work on /usr/local/lib/python3.8/dist-packages/airflow/example_dags/example_complex.py
[2023-08-24T04:51:19.101+0000] {processor.py:829} INFO - Processing file /usr/local/lib/python3.8/dist-packages/airflow/example_dags/example_complex.py for tasks to queue
[2023-08-24T04:51:19.102+0000] {logging_mixin.py:151} INFO - [2023-08-24T04:51:19.102+0000] {dagbag.py:539} INFO - Filling up the DagBag from /usr/local/lib/python3.8/dist-packages/airflow/example_dags/example_complex.py
[2023-08-24T04:51:19.113+0000] {processor.py:839} INFO - DAG(s) dict_keys(['example_complex']) retrieved from /usr/local/lib/python3.8/dist-packages/airflow/example_dags/example_complex.py
[2023-08-24T04:51:19.135+0000] {logging_mixin.py:151} INFO - [2023-08-24T04:51:19.135+0000] {dag.py:2907} INFO - Sync 1 DAGs
[2023-08-24T04:51:19.146+0000] {logging_mixin.py:151} INFO - [2023-08-24T04:51:19.146+0000] {dag.py:3677} INFO - Setting next_dagrun for example_complex to None, run_after=None
[2023-08-24T04:51:19.163+0000] {processor.py:179} INFO - Processing /usr/local/lib/python3.8/dist-packages/airflow/example_dags/example_complex.py took 0.067 seconds
[2023-08-24T04:52:21.320+0000] {processor.py:157} INFO - Started process (PID=45401) to work on /usr/local/lib/python3.8/dist-packages/airflow/example_dags/example_complex.py
[2023-08-24T04:52:21.322+0000] {processor.py:829} INFO - Processing file /usr/local/lib/python3.8/dist-packages/airflow/example_dags/example_complex.py for tasks to queue
[2023-08-24T04:52:21.322+0000] {logging_mixin.py:151} INFO - [2023-08-24T04:52:21.322+0000] {dagbag.py:539} INFO - Filling up the DagBag from /usr/local/lib/python3.8/dist-packages/airflow/example_dags/example_complex.py
[2023-08-24T04:52:21.333+0000] {processor.py:839} INFO - DAG(s) dict_keys(['example_complex']) retrieved from /usr/local/lib/python3.8/dist-packages/airflow/example_dags/example_complex.py
[2023-08-24T04:52:21.356+0000] {logging_mixin.py:151} INFO - [2023-08-24T04:52:21.355+0000] {dag.py:2907} INFO - Sync 1 DAGs
[2023-08-24T04:52:21.366+0000] {logging_mixin.py:151} INFO - [2023-08-24T04:52:21.366+0000] {dag.py:3677} INFO - Setting next_dagrun for example_complex to None, run_after=None
[2023-08-24T04:52:21.384+0000] {processor.py:179} INFO - Processing /usr/local/lib/python3.8/dist-packages/airflow/example_dags/example_complex.py took 0.068 seconds
[2023-08-24T04:53:23.903+0000] {processor.py:157} INFO - Started process (PID=45590) to work on /usr/local/lib/python3.8/dist-packages/airflow/example_dags/example_complex.py
[2023-08-24T04:53:23.906+0000] {processor.py:829} INFO - Processing file /usr/local/lib/python3.8/dist-packages/airflow/example_dags/example_complex.py for tasks to queue
[2023-08-24T04:53:23.906+0000] {logging_mixin.py:151} INFO - [2023-08-24T04:53:23.906+0000] {dagbag.py:539} INFO - Filling up the DagBag from /usr/local/lib/python3.8/dist-packages/airflow/example_dags/example_complex.py
[2023-08-24T04:53:23.917+0000] {processor.py:839} INFO - DAG(s) dict_keys(['example_complex']) retrieved from /usr/local/lib/python3.8/dist-packages/airflow/example_dags/example_complex.py
[2023-08-24T04:53:23.939+0000] {logging_mixin.py:151} INFO - [2023-08-24T04:53:23.939+0000] {dag.py:2907} INFO - Sync 1 DAGs
[2023-08-24T04:53:23.953+0000] {logging_mixin.py:151} INFO - [2023-08-24T04:53:23.953+0000] {dag.py:3677} INFO - Setting next_dagrun for example_complex to None, run_after=None
[2023-08-24T04:53:23.971+0000] {processor.py:179} INFO - Processing /usr/local/lib/python3.8/dist-packages/airflow/example_dags/example_complex.py took 0.071 seconds
[2023-08-24T04:54:24.118+0000] {processor.py:157} INFO - Started process (PID=45773) to work on /usr/local/lib/python3.8/dist-packages/airflow/example_dags/example_complex.py
[2023-08-24T04:54:24.120+0000] {processor.py:829} INFO - Processing file /usr/local/lib/python3.8/dist-packages/airflow/example_dags/example_complex.py for tasks to queue
[2023-08-24T04:54:24.121+0000] {logging_mixin.py:151} INFO - [2023-08-24T04:54:24.120+0000] {dagbag.py:539} INFO - Filling up the DagBag from /usr/local/lib/python3.8/dist-packages/airflow/example_dags/example_complex.py
[2023-08-24T04:54:24.131+0000] {processor.py:839} INFO - DAG(s) dict_keys(['example_complex']) retrieved from /usr/local/lib/python3.8/dist-packages/airflow/example_dags/example_complex.py
[2023-08-24T04:54:24.154+0000] {logging_mixin.py:151} INFO - [2023-08-24T04:54:24.154+0000] {dag.py:2907} INFO - Sync 1 DAGs
[2023-08-24T04:54:24.164+0000] {logging_mixin.py:151} INFO - [2023-08-24T04:54:24.164+0000] {dag.py:3677} INFO - Setting next_dagrun for example_complex to None, run_after=None
[2023-08-24T04:54:24.182+0000] {processor.py:179} INFO - Processing /usr/local/lib/python3.8/dist-packages/airflow/example_dags/example_complex.py took 0.067 seconds
[2023-08-24T04:55:24.591+0000] {processor.py:157} INFO - Started process (PID=45956) to work on /usr/local/lib/python3.8/dist-packages/airflow/example_dags/example_complex.py
[2023-08-24T04:55:24.594+0000] {processor.py:829} INFO - Processing file /usr/local/lib/python3.8/dist-packages/airflow/example_dags/example_complex.py for tasks to queue
[2023-08-24T04:55:24.595+0000] {logging_mixin.py:151} INFO - [2023-08-24T04:55:24.595+0000] {dagbag.py:539} INFO - Filling up the DagBag from /usr/local/lib/python3.8/dist-packages/airflow/example_dags/example_complex.py
[2023-08-24T04:55:24.606+0000] {processor.py:839} INFO - DAG(s) dict_keys(['example_complex']) retrieved from /usr/local/lib/python3.8/dist-packages/airflow/example_dags/example_complex.py
[2023-08-24T04:55:24.629+0000] {logging_mixin.py:151} INFO - [2023-08-24T04:55:24.629+0000] {dag.py:2907} INFO - Sync 1 DAGs
[2023-08-24T04:55:24.640+0000] {logging_mixin.py:151} INFO - [2023-08-24T04:55:24.640+0000] {dag.py:3677} INFO - Setting next_dagrun for example_complex to None, run_after=None
[2023-08-24T04:55:24.658+0000] {processor.py:179} INFO - Processing /usr/local/lib/python3.8/dist-packages/airflow/example_dags/example_complex.py took 0.071 seconds
[2023-08-24T04:56:29.652+0000] {processor.py:157} INFO - Started process (PID=46144) to work on /usr/local/lib/python3.8/dist-packages/airflow/example_dags/example_complex.py
[2023-08-24T04:56:29.655+0000] {processor.py:829} INFO - Processing file /usr/local/lib/python3.8/dist-packages/airflow/example_dags/example_complex.py for tasks to queue
[2023-08-24T04:56:29.656+0000] {logging_mixin.py:151} INFO - [2023-08-24T04:56:29.655+0000] {dagbag.py:539} INFO - Filling up the DagBag from /usr/local/lib/python3.8/dist-packages/airflow/example_dags/example_complex.py
[2023-08-24T04:56:29.667+0000] {processor.py:839} INFO - DAG(s) dict_keys(['example_complex']) retrieved from /usr/local/lib/python3.8/dist-packages/airflow/example_dags/example_complex.py
[2023-08-24T04:56:29.690+0000] {logging_mixin.py:151} INFO - [2023-08-24T04:56:29.690+0000] {dag.py:2907} INFO - Sync 1 DAGs
[2023-08-24T04:56:29.701+0000] {logging_mixin.py:151} INFO - [2023-08-24T04:56:29.701+0000] {dag.py:3677} INFO - Setting next_dagrun for example_complex to None, run_after=None
[2023-08-24T04:56:29.719+0000] {processor.py:179} INFO - Processing /usr/local/lib/python3.8/dist-packages/airflow/example_dags/example_complex.py took 0.071 seconds
[2023-08-24T04:57:32.168+0000] {processor.py:157} INFO - Started process (PID=46340) to work on /usr/local/lib/python3.8/dist-packages/airflow/example_dags/example_complex.py
[2023-08-24T04:57:32.170+0000] {processor.py:829} INFO - Processing file /usr/local/lib/python3.8/dist-packages/airflow/example_dags/example_complex.py for tasks to queue
[2023-08-24T04:57:32.171+0000] {logging_mixin.py:151} INFO - [2023-08-24T04:57:32.170+0000] {dagbag.py:539} INFO - Filling up the DagBag from /usr/local/lib/python3.8/dist-packages/airflow/example_dags/example_complex.py
[2023-08-24T04:57:32.181+0000] {processor.py:839} INFO - DAG(s) dict_keys(['example_complex']) retrieved from /usr/local/lib/python3.8/dist-packages/airflow/example_dags/example_complex.py
[2023-08-24T04:57:32.204+0000] {logging_mixin.py:151} INFO - [2023-08-24T04:57:32.204+0000] {dag.py:2907} INFO - Sync 1 DAGs
[2023-08-24T04:57:32.324+0000] {logging_mixin.py:151} INFO - [2023-08-24T04:57:32.323+0000] {dag.py:3677} INFO - Setting next_dagrun for example_complex to None, run_after=None
[2023-08-24T04:57:32.340+0000] {processor.py:179} INFO - Processing /usr/local/lib/python3.8/dist-packages/airflow/example_dags/example_complex.py took 0.175 seconds
[2023-08-24T04:58:34.578+0000] {processor.py:157} INFO - Started process (PID=46524) to work on /usr/local/lib/python3.8/dist-packages/airflow/example_dags/example_complex.py
[2023-08-24T04:58:34.581+0000] {processor.py:829} INFO - Processing file /usr/local/lib/python3.8/dist-packages/airflow/example_dags/example_complex.py for tasks to queue
[2023-08-24T04:58:34.581+0000] {logging_mixin.py:151} INFO - [2023-08-24T04:58:34.581+0000] {dagbag.py:539} INFO - Filling up the DagBag from /usr/local/lib/python3.8/dist-packages/airflow/example_dags/example_complex.py
[2023-08-24T04:58:34.592+0000] {processor.py:839} INFO - DAG(s) dict_keys(['example_complex']) retrieved from /usr/local/lib/python3.8/dist-packages/airflow/example_dags/example_complex.py
[2023-08-24T04:58:34.615+0000] {logging_mixin.py:151} INFO - [2023-08-24T04:58:34.615+0000] {dag.py:2907} INFO - Sync 1 DAGs
[2023-08-24T04:58:34.626+0000] {logging_mixin.py:151} INFO - [2023-08-24T04:58:34.626+0000] {dag.py:3677} INFO - Setting next_dagrun for example_complex to None, run_after=None
[2023-08-24T04:58:34.643+0000] {processor.py:179} INFO - Processing /usr/local/lib/python3.8/dist-packages/airflow/example_dags/example_complex.py took 0.068 seconds
[2023-08-24T04:59:40.512+0000] {processor.py:157} INFO - Started process (PID=46707) to work on /usr/local/lib/python3.8/dist-packages/airflow/example_dags/example_complex.py
[2023-08-24T04:59:40.515+0000] {processor.py:829} INFO - Processing file /usr/local/lib/python3.8/dist-packages/airflow/example_dags/example_complex.py for tasks to queue
[2023-08-24T04:59:40.516+0000] {logging_mixin.py:151} INFO - [2023-08-24T04:59:40.515+0000] {dagbag.py:539} INFO - Filling up the DagBag from /usr/local/lib/python3.8/dist-packages/airflow/example_dags/example_complex.py
[2023-08-24T04:59:40.527+0000] {processor.py:839} INFO - DAG(s) dict_keys(['example_complex']) retrieved from /usr/local/lib/python3.8/dist-packages/airflow/example_dags/example_complex.py
[2023-08-24T04:59:40.550+0000] {logging_mixin.py:151} INFO - [2023-08-24T04:59:40.550+0000] {dag.py:2907} INFO - Sync 1 DAGs
[2023-08-24T04:59:40.560+0000] {logging_mixin.py:151} INFO - [2023-08-24T04:59:40.560+0000] {dag.py:3677} INFO - Setting next_dagrun for example_complex to None, run_after=None
[2023-08-24T04:59:40.578+0000] {processor.py:179} INFO - Processing /usr/local/lib/python3.8/dist-packages/airflow/example_dags/example_complex.py took 0.069 seconds
[2023-08-24T05:00:39.988+0000] {processor.py:157} INFO - Started process (PID=46891) to work on /usr/local/lib/python3.8/dist-packages/airflow/example_dags/example_complex.py
[2023-08-24T05:00:39.990+0000] {processor.py:829} INFO - Processing file /usr/local/lib/python3.8/dist-packages/airflow/example_dags/example_complex.py for tasks to queue
[2023-08-24T05:00:39.991+0000] {logging_mixin.py:151} INFO - [2023-08-24T05:00:39.991+0000] {dagbag.py:539} INFO - Filling up the DagBag from /usr/local/lib/python3.8/dist-packages/airflow/example_dags/example_complex.py
[2023-08-24T05:00:40.002+0000] {processor.py:839} INFO - DAG(s) dict_keys(['example_complex']) retrieved from /usr/local/lib/python3.8/dist-packages/airflow/example_dags/example_complex.py
[2023-08-24T05:00:40.025+0000] {logging_mixin.py:151} INFO - [2023-08-24T05:00:40.025+0000] {dag.py:2907} INFO - Sync 1 DAGs
[2023-08-24T05:00:40.036+0000] {logging_mixin.py:151} INFO - [2023-08-24T05:00:40.036+0000] {dag.py:3677} INFO - Setting next_dagrun for example_complex to None, run_after=None
[2023-08-24T05:00:40.054+0000] {processor.py:179} INFO - Processing /usr/local/lib/python3.8/dist-packages/airflow/example_dags/example_complex.py took 0.069 seconds
[2023-08-24T05:01:39.387+0000] {processor.py:157} INFO - Started process (PID=47088) to work on /usr/local/lib/python3.8/dist-packages/airflow/example_dags/example_complex.py
[2023-08-24T05:01:39.389+0000] {processor.py:829} INFO - Processing file /usr/local/lib/python3.8/dist-packages/airflow/example_dags/example_complex.py for tasks to queue
[2023-08-24T05:01:39.390+0000] {logging_mixin.py:151} INFO - [2023-08-24T05:01:39.389+0000] {dagbag.py:539} INFO - Filling up the DagBag from /usr/local/lib/python3.8/dist-packages/airflow/example_dags/example_complex.py
[2023-08-24T05:01:39.401+0000] {processor.py:839} INFO - DAG(s) dict_keys(['example_complex']) retrieved from /usr/local/lib/python3.8/dist-packages/airflow/example_dags/example_complex.py
[2023-08-24T05:01:39.424+0000] {logging_mixin.py:151} INFO - [2023-08-24T05:01:39.424+0000] {dag.py:2907} INFO - Sync 1 DAGs
[2023-08-24T05:01:39.435+0000] {logging_mixin.py:151} INFO - [2023-08-24T05:01:39.435+0000] {dag.py:3677} INFO - Setting next_dagrun for example_complex to None, run_after=None
[2023-08-24T05:01:39.452+0000] {processor.py:179} INFO - Processing /usr/local/lib/python3.8/dist-packages/airflow/example_dags/example_complex.py took 0.070 seconds
[2023-08-24T05:02:38.979+0000] {processor.py:157} INFO - Started process (PID=47274) to work on /usr/local/lib/python3.8/dist-packages/airflow/example_dags/example_complex.py
[2023-08-24T05:02:38.980+0000] {processor.py:829} INFO - Processing file /usr/local/lib/python3.8/dist-packages/airflow/example_dags/example_complex.py for tasks to queue
[2023-08-24T05:02:38.981+0000] {logging_mixin.py:151} INFO - [2023-08-24T05:02:38.981+0000] {dagbag.py:539} INFO - Filling up the DagBag from /usr/local/lib/python3.8/dist-packages/airflow/example_dags/example_complex.py
[2023-08-24T05:02:38.992+0000] {processor.py:839} INFO - DAG(s) dict_keys(['example_complex']) retrieved from /usr/local/lib/python3.8/dist-packages/airflow/example_dags/example_complex.py
[2023-08-24T05:02:39.015+0000] {logging_mixin.py:151} INFO - [2023-08-24T05:02:39.015+0000] {dag.py:2907} INFO - Sync 1 DAGs
[2023-08-24T05:02:39.026+0000] {logging_mixin.py:151} INFO - [2023-08-24T05:02:39.025+0000] {dag.py:3677} INFO - Setting next_dagrun for example_complex to None, run_after=None
[2023-08-24T05:02:39.044+0000] {processor.py:179} INFO - Processing /usr/local/lib/python3.8/dist-packages/airflow/example_dags/example_complex.py took 0.069 seconds
[2023-08-24T05:03:39.785+0000] {processor.py:157} INFO - Started process (PID=47463) to work on /usr/local/lib/python3.8/dist-packages/airflow/example_dags/example_complex.py
[2023-08-24T05:03:39.787+0000] {processor.py:829} INFO - Processing file /usr/local/lib/python3.8/dist-packages/airflow/example_dags/example_complex.py for tasks to queue
[2023-08-24T05:03:39.788+0000] {logging_mixin.py:151} INFO - [2023-08-24T05:03:39.787+0000] {dagbag.py:539} INFO - Filling up the DagBag from /usr/local/lib/python3.8/dist-packages/airflow/example_dags/example_complex.py
[2023-08-24T05:03:39.798+0000] {processor.py:839} INFO - DAG(s) dict_keys(['example_complex']) retrieved from /usr/local/lib/python3.8/dist-packages/airflow/example_dags/example_complex.py
[2023-08-24T05:03:39.822+0000] {logging_mixin.py:151} INFO - [2023-08-24T05:03:39.822+0000] {dag.py:2907} INFO - Sync 1 DAGs
[2023-08-24T05:03:39.833+0000] {logging_mixin.py:151} INFO - [2023-08-24T05:03:39.833+0000] {dag.py:3677} INFO - Setting next_dagrun for example_complex to None, run_after=None
[2023-08-24T05:03:39.852+0000] {processor.py:179} INFO - Processing /usr/local/lib/python3.8/dist-packages/airflow/example_dags/example_complex.py took 0.070 seconds
[2023-08-24T05:04:38.486+0000] {processor.py:157} INFO - Started process (PID=47645) to work on /usr/local/lib/python3.8/dist-packages/airflow/example_dags/example_complex.py
[2023-08-24T05:04:38.490+0000] {processor.py:829} INFO - Processing file /usr/local/lib/python3.8/dist-packages/airflow/example_dags/example_complex.py for tasks to queue
[2023-08-24T05:04:38.491+0000] {logging_mixin.py:151} INFO - [2023-08-24T05:04:38.490+0000] {dagbag.py:539} INFO - Filling up the DagBag from /usr/local/lib/python3.8/dist-packages/airflow/example_dags/example_complex.py
[2023-08-24T05:04:38.503+0000] {processor.py:839} INFO - DAG(s) dict_keys(['example_complex']) retrieved from /usr/local/lib/python3.8/dist-packages/airflow/example_dags/example_complex.py
[2023-08-24T05:04:38.529+0000] {logging_mixin.py:151} INFO - [2023-08-24T05:04:38.529+0000] {dag.py:2907} INFO - Sync 1 DAGs
[2023-08-24T05:04:38.541+0000] {logging_mixin.py:151} INFO - [2023-08-24T05:04:38.541+0000] {dag.py:3677} INFO - Setting next_dagrun for example_complex to None, run_after=None
[2023-08-24T05:04:38.560+0000] {processor.py:179} INFO - Processing /usr/local/lib/python3.8/dist-packages/airflow/example_dags/example_complex.py took 0.078 seconds
[2023-08-24T05:05:37.766+0000] {processor.py:157} INFO - Started process (PID=47841) to work on /usr/local/lib/python3.8/dist-packages/airflow/example_dags/example_complex.py
[2023-08-24T05:05:37.767+0000] {processor.py:829} INFO - Processing file /usr/local/lib/python3.8/dist-packages/airflow/example_dags/example_complex.py for tasks to queue
[2023-08-24T05:05:37.768+0000] {logging_mixin.py:151} INFO - [2023-08-24T05:05:37.768+0000] {dagbag.py:539} INFO - Filling up the DagBag from /usr/local/lib/python3.8/dist-packages/airflow/example_dags/example_complex.py
[2023-08-24T05:05:37.779+0000] {processor.py:839} INFO - DAG(s) dict_keys(['example_complex']) retrieved from /usr/local/lib/python3.8/dist-packages/airflow/example_dags/example_complex.py
[2023-08-24T05:05:37.801+0000] {logging_mixin.py:151} INFO - [2023-08-24T05:05:37.801+0000] {dag.py:2907} INFO - Sync 1 DAGs
[2023-08-24T05:05:37.812+0000] {logging_mixin.py:151} INFO - [2023-08-24T05:05:37.812+0000] {dag.py:3677} INFO - Setting next_dagrun for example_complex to None, run_after=None
[2023-08-24T05:05:37.829+0000] {processor.py:179} INFO - Processing /usr/local/lib/python3.8/dist-packages/airflow/example_dags/example_complex.py took 0.067 seconds
[2023-08-24T05:06:36.364+0000] {processor.py:157} INFO - Started process (PID=48037) to work on /usr/local/lib/python3.8/dist-packages/airflow/example_dags/example_complex.py
[2023-08-24T05:06:36.366+0000] {processor.py:829} INFO - Processing file /usr/local/lib/python3.8/dist-packages/airflow/example_dags/example_complex.py for tasks to queue
[2023-08-24T05:06:36.367+0000] {logging_mixin.py:151} INFO - [2023-08-24T05:06:36.367+0000] {dagbag.py:539} INFO - Filling up the DagBag from /usr/local/lib/python3.8/dist-packages/airflow/example_dags/example_complex.py
[2023-08-24T05:06:36.379+0000] {processor.py:839} INFO - DAG(s) dict_keys(['example_complex']) retrieved from /usr/local/lib/python3.8/dist-packages/airflow/example_dags/example_complex.py
[2023-08-24T05:06:36.405+0000] {logging_mixin.py:151} INFO - [2023-08-24T05:06:36.405+0000] {dag.py:2907} INFO - Sync 1 DAGs
[2023-08-24T05:06:36.417+0000] {logging_mixin.py:151} INFO - [2023-08-24T05:06:36.417+0000] {dag.py:3677} INFO - Setting next_dagrun for example_complex to None, run_after=None
[2023-08-24T05:06:36.435+0000] {processor.py:179} INFO - Processing /usr/local/lib/python3.8/dist-packages/airflow/example_dags/example_complex.py took 0.075 seconds
[2023-08-24T05:07:33.676+0000] {processor.py:157} INFO - Started process (PID=48223) to work on /usr/local/lib/python3.8/dist-packages/airflow/example_dags/example_complex.py
[2023-08-24T05:07:33.678+0000] {processor.py:829} INFO - Processing file /usr/local/lib/python3.8/dist-packages/airflow/example_dags/example_complex.py for tasks to queue
[2023-08-24T05:07:33.679+0000] {logging_mixin.py:151} INFO - [2023-08-24T05:07:33.678+0000] {dagbag.py:539} INFO - Filling up the DagBag from /usr/local/lib/python3.8/dist-packages/airflow/example_dags/example_complex.py
[2023-08-24T05:07:33.690+0000] {processor.py:839} INFO - DAG(s) dict_keys(['example_complex']) retrieved from /usr/local/lib/python3.8/dist-packages/airflow/example_dags/example_complex.py
[2023-08-24T05:07:33.713+0000] {logging_mixin.py:151} INFO - [2023-08-24T05:07:33.713+0000] {dag.py:2907} INFO - Sync 1 DAGs
[2023-08-24T05:07:33.724+0000] {logging_mixin.py:151} INFO - [2023-08-24T05:07:33.724+0000] {dag.py:3677} INFO - Setting next_dagrun for example_complex to None, run_after=None
[2023-08-24T05:07:33.743+0000] {processor.py:179} INFO - Processing /usr/local/lib/python3.8/dist-packages/airflow/example_dags/example_complex.py took 0.070 seconds
[2023-08-24T05:08:34.540+0000] {processor.py:157} INFO - Started process (PID=48407) to work on /usr/local/lib/python3.8/dist-packages/airflow/example_dags/example_complex.py
[2023-08-24T05:08:34.544+0000] {processor.py:829} INFO - Processing file /usr/local/lib/python3.8/dist-packages/airflow/example_dags/example_complex.py for tasks to queue
[2023-08-24T05:08:34.545+0000] {logging_mixin.py:151} INFO - [2023-08-24T05:08:34.545+0000] {dagbag.py:539} INFO - Filling up the DagBag from /usr/local/lib/python3.8/dist-packages/airflow/example_dags/example_complex.py
[2023-08-24T05:08:34.556+0000] {processor.py:839} INFO - DAG(s) dict_keys(['example_complex']) retrieved from /usr/local/lib/python3.8/dist-packages/airflow/example_dags/example_complex.py
[2023-08-24T05:08:34.580+0000] {logging_mixin.py:151} INFO - [2023-08-24T05:08:34.580+0000] {dag.py:2907} INFO - Sync 1 DAGs
[2023-08-24T05:08:34.591+0000] {logging_mixin.py:151} INFO - [2023-08-24T05:08:34.591+0000] {dag.py:3677} INFO - Setting next_dagrun for example_complex to None, run_after=None
[2023-08-24T05:08:34.610+0000] {processor.py:179} INFO - Processing /usr/local/lib/python3.8/dist-packages/airflow/example_dags/example_complex.py took 0.074 seconds
[2023-08-24T05:09:35.010+0000] {processor.py:157} INFO - Started process (PID=48603) to work on /usr/local/lib/python3.8/dist-packages/airflow/example_dags/example_complex.py
[2023-08-24T05:09:35.012+0000] {processor.py:829} INFO - Processing file /usr/local/lib/python3.8/dist-packages/airflow/example_dags/example_complex.py for tasks to queue
[2023-08-24T05:09:35.012+0000] {logging_mixin.py:151} INFO - [2023-08-24T05:09:35.012+0000] {dagbag.py:539} INFO - Filling up the DagBag from /usr/local/lib/python3.8/dist-packages/airflow/example_dags/example_complex.py
[2023-08-24T05:09:35.024+0000] {processor.py:839} INFO - DAG(s) dict_keys(['example_complex']) retrieved from /usr/local/lib/python3.8/dist-packages/airflow/example_dags/example_complex.py
[2023-08-24T05:09:35.048+0000] {logging_mixin.py:151} INFO - [2023-08-24T05:09:35.048+0000] {dag.py:2907} INFO - Sync 1 DAGs
[2023-08-24T05:09:35.059+0000] {logging_mixin.py:151} INFO - [2023-08-24T05:09:35.059+0000] {dag.py:3677} INFO - Setting next_dagrun for example_complex to None, run_after=None
[2023-08-24T05:09:35.080+0000] {processor.py:179} INFO - Processing /usr/local/lib/python3.8/dist-packages/airflow/example_dags/example_complex.py took 0.073 seconds
[2023-08-24T05:10:31.435+0000] {processor.py:157} INFO - Started process (PID=48784) to work on /usr/local/lib/python3.8/dist-packages/airflow/example_dags/example_complex.py
[2023-08-24T05:10:31.439+0000] {processor.py:829} INFO - Processing file /usr/local/lib/python3.8/dist-packages/airflow/example_dags/example_complex.py for tasks to queue
[2023-08-24T05:10:31.440+0000] {logging_mixin.py:151} INFO - [2023-08-24T05:10:31.439+0000] {dagbag.py:539} INFO - Filling up the DagBag from /usr/local/lib/python3.8/dist-packages/airflow/example_dags/example_complex.py
[2023-08-24T05:10:31.451+0000] {processor.py:839} INFO - DAG(s) dict_keys(['example_complex']) retrieved from /usr/local/lib/python3.8/dist-packages/airflow/example_dags/example_complex.py
[2023-08-24T05:10:31.475+0000] {logging_mixin.py:151} INFO - [2023-08-24T05:10:31.475+0000] {dag.py:2907} INFO - Sync 1 DAGs
[2023-08-24T05:10:31.486+0000] {logging_mixin.py:151} INFO - [2023-08-24T05:10:31.486+0000] {dag.py:3677} INFO - Setting next_dagrun for example_complex to None, run_after=None
[2023-08-24T05:10:31.504+0000] {processor.py:179} INFO - Processing /usr/local/lib/python3.8/dist-packages/airflow/example_dags/example_complex.py took 0.073 seconds
[2023-08-24T05:11:48.388+0000] {processor.py:157} INFO - Started process (PID=48940) to work on /usr/local/lib/python3.8/dist-packages/airflow/example_dags/example_complex.py
[2023-08-24T05:11:48.390+0000] {processor.py:829} INFO - Processing file /usr/local/lib/python3.8/dist-packages/airflow/example_dags/example_complex.py for tasks to queue
[2023-08-24T05:11:48.391+0000] {logging_mixin.py:151} INFO - [2023-08-24T05:11:48.390+0000] {dagbag.py:539} INFO - Filling up the DagBag from /usr/local/lib/python3.8/dist-packages/airflow/example_dags/example_complex.py
[2023-08-24T05:11:48.403+0000] {processor.py:839} INFO - DAG(s) dict_keys(['example_complex']) retrieved from /usr/local/lib/python3.8/dist-packages/airflow/example_dags/example_complex.py
[2023-08-24T05:11:48.427+0000] {logging_mixin.py:151} INFO - [2023-08-24T05:11:48.426+0000] {dag.py:2907} INFO - Sync 1 DAGs
[2023-08-24T05:11:48.438+0000] {logging_mixin.py:151} INFO - [2023-08-24T05:11:48.437+0000] {dag.py:3677} INFO - Setting next_dagrun for example_complex to None, run_after=None
[2023-08-24T05:11:48.456+0000] {processor.py:179} INFO - Processing /usr/local/lib/python3.8/dist-packages/airflow/example_dags/example_complex.py took 0.072 seconds
[2023-08-24T05:12:50.931+0000] {processor.py:157} INFO - Started process (PID=49137) to work on /usr/local/lib/python3.8/dist-packages/airflow/example_dags/example_complex.py
[2023-08-24T05:12:50.937+0000] {processor.py:829} INFO - Processing file /usr/local/lib/python3.8/dist-packages/airflow/example_dags/example_complex.py for tasks to queue
[2023-08-24T05:12:50.938+0000] {logging_mixin.py:151} INFO - [2023-08-24T05:12:50.937+0000] {dagbag.py:539} INFO - Filling up the DagBag from /usr/local/lib/python3.8/dist-packages/airflow/example_dags/example_complex.py
[2023-08-24T05:12:50.952+0000] {processor.py:839} INFO - DAG(s) dict_keys(['example_complex']) retrieved from /usr/local/lib/python3.8/dist-packages/airflow/example_dags/example_complex.py
[2023-08-24T05:12:50.981+0000] {logging_mixin.py:151} INFO - [2023-08-24T05:12:50.980+0000] {dag.py:2907} INFO - Sync 1 DAGs
[2023-08-24T05:12:50.993+0000] {logging_mixin.py:151} INFO - [2023-08-24T05:12:50.993+0000] {dag.py:3677} INFO - Setting next_dagrun for example_complex to None, run_after=None
[2023-08-24T05:12:51.013+0000] {processor.py:179} INFO - Processing /usr/local/lib/python3.8/dist-packages/airflow/example_dags/example_complex.py took 0.086 seconds
[2023-08-24T05:13:49.220+0000] {processor.py:157} INFO - Started process (PID=49341) to work on /usr/local/lib/python3.8/dist-packages/airflow/example_dags/example_complex.py
[2023-08-24T05:13:49.222+0000] {processor.py:829} INFO - Processing file /usr/local/lib/python3.8/dist-packages/airflow/example_dags/example_complex.py for tasks to queue
[2023-08-24T05:13:49.222+0000] {logging_mixin.py:151} INFO - [2023-08-24T05:13:49.222+0000] {dagbag.py:539} INFO - Filling up the DagBag from /usr/local/lib/python3.8/dist-packages/airflow/example_dags/example_complex.py
[2023-08-24T05:13:49.233+0000] {processor.py:839} INFO - DAG(s) dict_keys(['example_complex']) retrieved from /usr/local/lib/python3.8/dist-packages/airflow/example_dags/example_complex.py
[2023-08-24T05:13:49.257+0000] {logging_mixin.py:151} INFO - [2023-08-24T05:13:49.257+0000] {dag.py:2907} INFO - Sync 1 DAGs
[2023-08-24T05:13:49.268+0000] {logging_mixin.py:151} INFO - [2023-08-24T05:13:49.268+0000] {dag.py:3677} INFO - Setting next_dagrun for example_complex to None, run_after=None
[2023-08-24T05:13:49.288+0000] {processor.py:179} INFO - Processing /usr/local/lib/python3.8/dist-packages/airflow/example_dags/example_complex.py took 0.071 seconds
