[2023-08-24T04:21:49.145+0000] {processor.py:157} INFO - Started process (PID=37589) to work on /usr/local/lib/python3.8/dist-packages/airflow/example_dags/example_latest_only_with_trigger.py
[2023-08-24T04:21:49.146+0000] {processor.py:829} INFO - Processing file /usr/local/lib/python3.8/dist-packages/airflow/example_dags/example_latest_only_with_trigger.py for tasks to queue
[2023-08-24T04:21:49.147+0000] {logging_mixin.py:151} INFO - [2023-08-24T04:21:49.146+0000] {dagbag.py:539} INFO - Filling up the DagBag from /usr/local/lib/python3.8/dist-packages/airflow/example_dags/example_latest_only_with_trigger.py
[2023-08-24T04:21:49.154+0000] {processor.py:839} INFO - DAG(s) dict_keys(['latest_only_with_trigger']) retrieved from /usr/local/lib/python3.8/dist-packages/airflow/example_dags/example_latest_only_with_trigger.py
[2023-08-24T04:21:49.176+0000] {logging_mixin.py:151} INFO - [2023-08-24T04:21:49.176+0000] {dag.py:2907} INFO - Sync 1 DAGs
[2023-08-24T04:21:49.191+0000] {logging_mixin.py:151} INFO - [2023-08-24T04:21:49.191+0000] {dag.py:3677} INFO - Setting next_dagrun for latest_only_with_trigger to 2023-08-24T00:21:49.190930+00:00, run_after=2023-08-24T04:21:49.190930+00:00
[2023-08-24T04:21:49.208+0000] {processor.py:179} INFO - Processing /usr/local/lib/python3.8/dist-packages/airflow/example_dags/example_latest_only_with_trigger.py took 0.067 seconds
[2023-08-24T04:31:03.001+0000] {processor.py:157} INFO - Started process (PID=41464) to work on /usr/local/lib/python3.8/dist-packages/airflow/example_dags/example_latest_only_with_trigger.py
[2023-08-24T04:31:03.002+0000] {processor.py:829} INFO - Processing file /usr/local/lib/python3.8/dist-packages/airflow/example_dags/example_latest_only_with_trigger.py for tasks to queue
[2023-08-24T04:31:03.003+0000] {logging_mixin.py:151} INFO - [2023-08-24T04:31:03.003+0000] {dagbag.py:539} INFO - Filling up the DagBag from /usr/local/lib/python3.8/dist-packages/airflow/example_dags/example_latest_only_with_trigger.py
[2023-08-24T04:31:03.011+0000] {processor.py:839} INFO - DAG(s) dict_keys(['latest_only_with_trigger']) retrieved from /usr/local/lib/python3.8/dist-packages/airflow/example_dags/example_latest_only_with_trigger.py
[2023-08-24T04:31:03.033+0000] {logging_mixin.py:151} INFO - [2023-08-24T04:31:03.032+0000] {dag.py:2907} INFO - Sync 1 DAGs
[2023-08-24T04:31:03.048+0000] {logging_mixin.py:151} INFO - [2023-08-24T04:31:03.048+0000] {dag.py:3677} INFO - Setting next_dagrun for latest_only_with_trigger to 2023-08-24T00:31:03.048437+00:00, run_after=2023-08-24T04:31:03.048437+00:00
[2023-08-24T04:31:03.066+0000] {processor.py:179} INFO - Processing /usr/local/lib/python3.8/dist-packages/airflow/example_dags/example_latest_only_with_trigger.py took 0.069 seconds
[2023-08-24T04:32:04.212+0000] {processor.py:157} INFO - Started process (PID=41662) to work on /usr/local/lib/python3.8/dist-packages/airflow/example_dags/example_latest_only_with_trigger.py
[2023-08-24T04:32:04.214+0000] {processor.py:829} INFO - Processing file /usr/local/lib/python3.8/dist-packages/airflow/example_dags/example_latest_only_with_trigger.py for tasks to queue
[2023-08-24T04:32:04.215+0000] {logging_mixin.py:151} INFO - [2023-08-24T04:32:04.214+0000] {dagbag.py:539} INFO - Filling up the DagBag from /usr/local/lib/python3.8/dist-packages/airflow/example_dags/example_latest_only_with_trigger.py
[2023-08-24T04:32:04.222+0000] {processor.py:839} INFO - DAG(s) dict_keys(['latest_only_with_trigger']) retrieved from /usr/local/lib/python3.8/dist-packages/airflow/example_dags/example_latest_only_with_trigger.py
[2023-08-24T04:32:04.238+0000] {logging_mixin.py:151} INFO - [2023-08-24T04:32:04.238+0000] {dag.py:2907} INFO - Sync 1 DAGs
[2023-08-24T04:32:04.253+0000] {logging_mixin.py:151} INFO - [2023-08-24T04:32:04.253+0000] {dag.py:3677} INFO - Setting next_dagrun for latest_only_with_trigger to 2023-08-24T00:32:04.253596+00:00, run_after=2023-08-24T04:32:04.253596+00:00
[2023-08-24T04:32:04.271+0000] {processor.py:179} INFO - Processing /usr/local/lib/python3.8/dist-packages/airflow/example_dags/example_latest_only_with_trigger.py took 0.062 seconds
[2023-08-24T04:33:05.482+0000] {processor.py:157} INFO - Started process (PID=41853) to work on /usr/local/lib/python3.8/dist-packages/airflow/example_dags/example_latest_only_with_trigger.py
[2023-08-24T04:33:05.484+0000] {processor.py:829} INFO - Processing file /usr/local/lib/python3.8/dist-packages/airflow/example_dags/example_latest_only_with_trigger.py for tasks to queue
[2023-08-24T04:33:05.485+0000] {logging_mixin.py:151} INFO - [2023-08-24T04:33:05.484+0000] {dagbag.py:539} INFO - Filling up the DagBag from /usr/local/lib/python3.8/dist-packages/airflow/example_dags/example_latest_only_with_trigger.py
[2023-08-24T04:33:05.492+0000] {processor.py:839} INFO - DAG(s) dict_keys(['latest_only_with_trigger']) retrieved from /usr/local/lib/python3.8/dist-packages/airflow/example_dags/example_latest_only_with_trigger.py
[2023-08-24T04:33:05.508+0000] {logging_mixin.py:151} INFO - [2023-08-24T04:33:05.508+0000] {dag.py:2907} INFO - Sync 1 DAGs
[2023-08-24T04:33:05.524+0000] {logging_mixin.py:151} INFO - [2023-08-24T04:33:05.523+0000] {dag.py:3677} INFO - Setting next_dagrun for latest_only_with_trigger to 2023-08-24T00:33:05.523722+00:00, run_after=2023-08-24T04:33:05.523722+00:00
[2023-08-24T04:33:05.541+0000] {processor.py:179} INFO - Processing /usr/local/lib/python3.8/dist-packages/airflow/example_dags/example_latest_only_with_trigger.py took 0.062 seconds
[2023-08-24T04:34:04.486+0000] {processor.py:157} INFO - Started process (PID=42036) to work on /usr/local/lib/python3.8/dist-packages/airflow/example_dags/example_latest_only_with_trigger.py
[2023-08-24T04:34:04.488+0000] {processor.py:829} INFO - Processing file /usr/local/lib/python3.8/dist-packages/airflow/example_dags/example_latest_only_with_trigger.py for tasks to queue
[2023-08-24T04:34:04.489+0000] {logging_mixin.py:151} INFO - [2023-08-24T04:34:04.488+0000] {dagbag.py:539} INFO - Filling up the DagBag from /usr/local/lib/python3.8/dist-packages/airflow/example_dags/example_latest_only_with_trigger.py
[2023-08-24T04:34:04.497+0000] {processor.py:839} INFO - DAG(s) dict_keys(['latest_only_with_trigger']) retrieved from /usr/local/lib/python3.8/dist-packages/airflow/example_dags/example_latest_only_with_trigger.py
[2023-08-24T04:34:04.516+0000] {logging_mixin.py:151} INFO - [2023-08-24T04:34:04.516+0000] {dag.py:2907} INFO - Sync 1 DAGs
[2023-08-24T04:34:04.534+0000] {logging_mixin.py:151} INFO - [2023-08-24T04:34:04.534+0000] {dag.py:3677} INFO - Setting next_dagrun for latest_only_with_trigger to 2023-08-24T00:34:04.534078+00:00, run_after=2023-08-24T04:34:04.534078+00:00
[2023-08-24T04:34:04.552+0000] {processor.py:179} INFO - Processing /usr/local/lib/python3.8/dist-packages/airflow/example_dags/example_latest_only_with_trigger.py took 0.070 seconds
[2023-08-24T04:35:03.502+0000] {processor.py:157} INFO - Started process (PID=42232) to work on /usr/local/lib/python3.8/dist-packages/airflow/example_dags/example_latest_only_with_trigger.py
[2023-08-24T04:35:03.503+0000] {processor.py:829} INFO - Processing file /usr/local/lib/python3.8/dist-packages/airflow/example_dags/example_latest_only_with_trigger.py for tasks to queue
[2023-08-24T04:35:03.504+0000] {logging_mixin.py:151} INFO - [2023-08-24T04:35:03.504+0000] {dagbag.py:539} INFO - Filling up the DagBag from /usr/local/lib/python3.8/dist-packages/airflow/example_dags/example_latest_only_with_trigger.py
[2023-08-24T04:35:03.512+0000] {processor.py:839} INFO - DAG(s) dict_keys(['latest_only_with_trigger']) retrieved from /usr/local/lib/python3.8/dist-packages/airflow/example_dags/example_latest_only_with_trigger.py
[2023-08-24T04:35:03.528+0000] {logging_mixin.py:151} INFO - [2023-08-24T04:35:03.528+0000] {dag.py:2907} INFO - Sync 1 DAGs
[2023-08-24T04:35:03.545+0000] {logging_mixin.py:151} INFO - [2023-08-24T04:35:03.545+0000] {dag.py:3677} INFO - Setting next_dagrun for latest_only_with_trigger to 2023-08-24T00:35:03.544989+00:00, run_after=2023-08-24T04:35:03.544989+00:00
[2023-08-24T04:35:03.564+0000] {processor.py:179} INFO - Processing /usr/local/lib/python3.8/dist-packages/airflow/example_dags/example_latest_only_with_trigger.py took 0.066 seconds
[2023-08-24T04:36:03.114+0000] {processor.py:157} INFO - Started process (PID=42428) to work on /usr/local/lib/python3.8/dist-packages/airflow/example_dags/example_latest_only_with_trigger.py
[2023-08-24T04:36:03.116+0000] {processor.py:829} INFO - Processing file /usr/local/lib/python3.8/dist-packages/airflow/example_dags/example_latest_only_with_trigger.py for tasks to queue
[2023-08-24T04:36:03.117+0000] {logging_mixin.py:151} INFO - [2023-08-24T04:36:03.116+0000] {dagbag.py:539} INFO - Filling up the DagBag from /usr/local/lib/python3.8/dist-packages/airflow/example_dags/example_latest_only_with_trigger.py
[2023-08-24T04:36:03.124+0000] {processor.py:839} INFO - DAG(s) dict_keys(['latest_only_with_trigger']) retrieved from /usr/local/lib/python3.8/dist-packages/airflow/example_dags/example_latest_only_with_trigger.py
[2023-08-24T04:36:03.143+0000] {logging_mixin.py:151} INFO - [2023-08-24T04:36:03.142+0000] {dag.py:2907} INFO - Sync 1 DAGs
[2023-08-24T04:36:03.158+0000] {logging_mixin.py:151} INFO - [2023-08-24T04:36:03.158+0000] {dag.py:3677} INFO - Setting next_dagrun for latest_only_with_trigger to 2023-08-24T00:36:03.158415+00:00, run_after=2023-08-24T04:36:03.158415+00:00
[2023-08-24T04:36:03.177+0000] {processor.py:179} INFO - Processing /usr/local/lib/python3.8/dist-packages/airflow/example_dags/example_latest_only_with_trigger.py took 0.067 seconds
[2023-08-24T04:36:58.469+0000] {processor.py:157} INFO - Started process (PID=42610) to work on /usr/local/lib/python3.8/dist-packages/airflow/example_dags/example_latest_only_with_trigger.py
[2023-08-24T04:36:58.471+0000] {processor.py:829} INFO - Processing file /usr/local/lib/python3.8/dist-packages/airflow/example_dags/example_latest_only_with_trigger.py for tasks to queue
[2023-08-24T04:36:58.472+0000] {logging_mixin.py:151} INFO - [2023-08-24T04:36:58.472+0000] {dagbag.py:539} INFO - Filling up the DagBag from /usr/local/lib/python3.8/dist-packages/airflow/example_dags/example_latest_only_with_trigger.py
[2023-08-24T04:36:58.481+0000] {processor.py:839} INFO - DAG(s) dict_keys(['latest_only_with_trigger']) retrieved from /usr/local/lib/python3.8/dist-packages/airflow/example_dags/example_latest_only_with_trigger.py
[2023-08-24T04:36:58.499+0000] {logging_mixin.py:151} INFO - [2023-08-24T04:36:58.499+0000] {dag.py:2907} INFO - Sync 1 DAGs
[2023-08-24T04:36:58.516+0000] {logging_mixin.py:151} INFO - [2023-08-24T04:36:58.516+0000] {dag.py:3677} INFO - Setting next_dagrun for latest_only_with_trigger to 2023-08-24T00:36:58.516202+00:00, run_after=2023-08-24T04:36:58.516202+00:00
[2023-08-24T04:36:58.534+0000] {processor.py:179} INFO - Processing /usr/local/lib/python3.8/dist-packages/airflow/example_dags/example_latest_only_with_trigger.py took 0.069 seconds
[2023-08-24T04:37:53.609+0000] {processor.py:157} INFO - Started process (PID=42791) to work on /usr/local/lib/python3.8/dist-packages/airflow/example_dags/example_latest_only_with_trigger.py
[2023-08-24T04:37:53.611+0000] {processor.py:829} INFO - Processing file /usr/local/lib/python3.8/dist-packages/airflow/example_dags/example_latest_only_with_trigger.py for tasks to queue
[2023-08-24T04:37:53.612+0000] {logging_mixin.py:151} INFO - [2023-08-24T04:37:53.611+0000] {dagbag.py:539} INFO - Filling up the DagBag from /usr/local/lib/python3.8/dist-packages/airflow/example_dags/example_latest_only_with_trigger.py
[2023-08-24T04:37:53.619+0000] {processor.py:839} INFO - DAG(s) dict_keys(['latest_only_with_trigger']) retrieved from /usr/local/lib/python3.8/dist-packages/airflow/example_dags/example_latest_only_with_trigger.py
[2023-08-24T04:37:53.635+0000] {logging_mixin.py:151} INFO - [2023-08-24T04:37:53.635+0000] {dag.py:2907} INFO - Sync 1 DAGs
[2023-08-24T04:37:53.652+0000] {logging_mixin.py:151} INFO - [2023-08-24T04:37:53.652+0000] {dag.py:3677} INFO - Setting next_dagrun for latest_only_with_trigger to 2023-08-24T00:37:53.651964+00:00, run_after=2023-08-24T04:37:53.651964+00:00
[2023-08-24T04:37:53.669+0000] {processor.py:179} INFO - Processing /usr/local/lib/python3.8/dist-packages/airflow/example_dags/example_latest_only_with_trigger.py took 0.064 seconds
[2023-08-24T04:38:52.103+0000] {processor.py:157} INFO - Started process (PID=42975) to work on /usr/local/lib/python3.8/dist-packages/airflow/example_dags/example_latest_only_with_trigger.py
[2023-08-24T04:38:52.104+0000] {processor.py:829} INFO - Processing file /usr/local/lib/python3.8/dist-packages/airflow/example_dags/example_latest_only_with_trigger.py for tasks to queue
[2023-08-24T04:38:52.105+0000] {logging_mixin.py:151} INFO - [2023-08-24T04:38:52.105+0000] {dagbag.py:539} INFO - Filling up the DagBag from /usr/local/lib/python3.8/dist-packages/airflow/example_dags/example_latest_only_with_trigger.py
[2023-08-24T04:38:52.114+0000] {processor.py:839} INFO - DAG(s) dict_keys(['latest_only_with_trigger']) retrieved from /usr/local/lib/python3.8/dist-packages/airflow/example_dags/example_latest_only_with_trigger.py
[2023-08-24T04:38:52.130+0000] {logging_mixin.py:151} INFO - [2023-08-24T04:38:52.129+0000] {dag.py:2907} INFO - Sync 1 DAGs
[2023-08-24T04:38:52.145+0000] {logging_mixin.py:151} INFO - [2023-08-24T04:38:52.145+0000] {dag.py:3677} INFO - Setting next_dagrun for latest_only_with_trigger to 2023-08-24T00:38:52.145434+00:00, run_after=2023-08-24T04:38:52.145434+00:00
[2023-08-24T04:38:52.163+0000] {processor.py:179} INFO - Processing /usr/local/lib/python3.8/dist-packages/airflow/example_dags/example_latest_only_with_trigger.py took 0.063 seconds
[2023-08-24T04:39:52.378+0000] {processor.py:157} INFO - Started process (PID=43171) to work on /usr/local/lib/python3.8/dist-packages/airflow/example_dags/example_latest_only_with_trigger.py
[2023-08-24T04:39:52.379+0000] {processor.py:829} INFO - Processing file /usr/local/lib/python3.8/dist-packages/airflow/example_dags/example_latest_only_with_trigger.py for tasks to queue
[2023-08-24T04:39:52.380+0000] {logging_mixin.py:151} INFO - [2023-08-24T04:39:52.380+0000] {dagbag.py:539} INFO - Filling up the DagBag from /usr/local/lib/python3.8/dist-packages/airflow/example_dags/example_latest_only_with_trigger.py
[2023-08-24T04:39:52.388+0000] {processor.py:839} INFO - DAG(s) dict_keys(['latest_only_with_trigger']) retrieved from /usr/local/lib/python3.8/dist-packages/airflow/example_dags/example_latest_only_with_trigger.py
[2023-08-24T04:39:52.404+0000] {logging_mixin.py:151} INFO - [2023-08-24T04:39:52.404+0000] {dag.py:2907} INFO - Sync 1 DAGs
[2023-08-24T04:39:52.420+0000] {logging_mixin.py:151} INFO - [2023-08-24T04:39:52.420+0000] {dag.py:3677} INFO - Setting next_dagrun for latest_only_with_trigger to 2023-08-24T00:39:52.420148+00:00, run_after=2023-08-24T04:39:52.420148+00:00
[2023-08-24T04:39:52.437+0000] {processor.py:179} INFO - Processing /usr/local/lib/python3.8/dist-packages/airflow/example_dags/example_latest_only_with_trigger.py took 0.064 seconds
[2023-08-24T04:40:53.058+0000] {processor.py:157} INFO - Started process (PID=43355) to work on /usr/local/lib/python3.8/dist-packages/airflow/example_dags/example_latest_only_with_trigger.py
[2023-08-24T04:40:53.061+0000] {processor.py:829} INFO - Processing file /usr/local/lib/python3.8/dist-packages/airflow/example_dags/example_latest_only_with_trigger.py for tasks to queue
[2023-08-24T04:40:53.062+0000] {logging_mixin.py:151} INFO - [2023-08-24T04:40:53.062+0000] {dagbag.py:539} INFO - Filling up the DagBag from /usr/local/lib/python3.8/dist-packages/airflow/example_dags/example_latest_only_with_trigger.py
[2023-08-24T04:40:53.070+0000] {processor.py:839} INFO - DAG(s) dict_keys(['latest_only_with_trigger']) retrieved from /usr/local/lib/python3.8/dist-packages/airflow/example_dags/example_latest_only_with_trigger.py
[2023-08-24T04:40:53.086+0000] {logging_mixin.py:151} INFO - [2023-08-24T04:40:53.086+0000] {dag.py:2907} INFO - Sync 1 DAGs
[2023-08-24T04:40:53.102+0000] {logging_mixin.py:151} INFO - [2023-08-24T04:40:53.102+0000] {dag.py:3677} INFO - Setting next_dagrun for latest_only_with_trigger to 2023-08-24T00:40:53.102479+00:00, run_after=2023-08-24T04:40:53.102479+00:00
[2023-08-24T04:40:53.120+0000] {processor.py:179} INFO - Processing /usr/local/lib/python3.8/dist-packages/airflow/example_dags/example_latest_only_with_trigger.py took 0.065 seconds
[2023-08-24T04:41:53.255+0000] {processor.py:157} INFO - Started process (PID=43538) to work on /usr/local/lib/python3.8/dist-packages/airflow/example_dags/example_latest_only_with_trigger.py
[2023-08-24T04:41:53.257+0000] {processor.py:829} INFO - Processing file /usr/local/lib/python3.8/dist-packages/airflow/example_dags/example_latest_only_with_trigger.py for tasks to queue
[2023-08-24T04:41:53.258+0000] {logging_mixin.py:151} INFO - [2023-08-24T04:41:53.257+0000] {dagbag.py:539} INFO - Filling up the DagBag from /usr/local/lib/python3.8/dist-packages/airflow/example_dags/example_latest_only_with_trigger.py
[2023-08-24T04:41:53.265+0000] {processor.py:839} INFO - DAG(s) dict_keys(['latest_only_with_trigger']) retrieved from /usr/local/lib/python3.8/dist-packages/airflow/example_dags/example_latest_only_with_trigger.py
[2023-08-24T04:41:53.281+0000] {logging_mixin.py:151} INFO - [2023-08-24T04:41:53.281+0000] {dag.py:2907} INFO - Sync 1 DAGs
[2023-08-24T04:41:53.297+0000] {logging_mixin.py:151} INFO - [2023-08-24T04:41:53.297+0000] {dag.py:3677} INFO - Setting next_dagrun for latest_only_with_trigger to 2023-08-24T00:41:53.297076+00:00, run_after=2023-08-24T04:41:53.297076+00:00
[2023-08-24T04:41:53.314+0000] {processor.py:179} INFO - Processing /usr/local/lib/python3.8/dist-packages/airflow/example_dags/example_latest_only_with_trigger.py took 0.062 seconds
[2023-08-24T04:42:52.555+0000] {processor.py:157} INFO - Started process (PID=43728) to work on /usr/local/lib/python3.8/dist-packages/airflow/example_dags/example_latest_only_with_trigger.py
[2023-08-24T04:42:52.556+0000] {processor.py:829} INFO - Processing file /usr/local/lib/python3.8/dist-packages/airflow/example_dags/example_latest_only_with_trigger.py for tasks to queue
[2023-08-24T04:42:52.557+0000] {logging_mixin.py:151} INFO - [2023-08-24T04:42:52.557+0000] {dagbag.py:539} INFO - Filling up the DagBag from /usr/local/lib/python3.8/dist-packages/airflow/example_dags/example_latest_only_with_trigger.py
[2023-08-24T04:42:52.566+0000] {processor.py:839} INFO - DAG(s) dict_keys(['latest_only_with_trigger']) retrieved from /usr/local/lib/python3.8/dist-packages/airflow/example_dags/example_latest_only_with_trigger.py
[2023-08-24T04:42:52.585+0000] {logging_mixin.py:151} INFO - [2023-08-24T04:42:52.584+0000] {dag.py:2907} INFO - Sync 1 DAGs
[2023-08-24T04:42:52.600+0000] {logging_mixin.py:151} INFO - [2023-08-24T04:42:52.600+0000] {dag.py:3677} INFO - Setting next_dagrun for latest_only_with_trigger to 2023-08-24T00:42:52.600589+00:00, run_after=2023-08-24T04:42:52.600589+00:00
[2023-08-24T04:42:52.618+0000] {processor.py:179} INFO - Processing /usr/local/lib/python3.8/dist-packages/airflow/example_dags/example_latest_only_with_trigger.py took 0.068 seconds
[2023-08-24T04:43:53.419+0000] {processor.py:157} INFO - Started process (PID=43912) to work on /usr/local/lib/python3.8/dist-packages/airflow/example_dags/example_latest_only_with_trigger.py
[2023-08-24T04:43:53.421+0000] {processor.py:829} INFO - Processing file /usr/local/lib/python3.8/dist-packages/airflow/example_dags/example_latest_only_with_trigger.py for tasks to queue
[2023-08-24T04:43:53.422+0000] {logging_mixin.py:151} INFO - [2023-08-24T04:43:53.421+0000] {dagbag.py:539} INFO - Filling up the DagBag from /usr/local/lib/python3.8/dist-packages/airflow/example_dags/example_latest_only_with_trigger.py
[2023-08-24T04:43:53.429+0000] {processor.py:839} INFO - DAG(s) dict_keys(['latest_only_with_trigger']) retrieved from /usr/local/lib/python3.8/dist-packages/airflow/example_dags/example_latest_only_with_trigger.py
[2023-08-24T04:43:53.445+0000] {logging_mixin.py:151} INFO - [2023-08-24T04:43:53.445+0000] {dag.py:2907} INFO - Sync 1 DAGs
[2023-08-24T04:43:53.461+0000] {logging_mixin.py:151} INFO - [2023-08-24T04:43:53.460+0000] {dag.py:3677} INFO - Setting next_dagrun for latest_only_with_trigger to 2023-08-24T00:43:53.460747+00:00, run_after=2023-08-24T04:43:53.460747+00:00
[2023-08-24T04:43:53.479+0000] {processor.py:179} INFO - Processing /usr/local/lib/python3.8/dist-packages/airflow/example_dags/example_latest_only_with_trigger.py took 0.063 seconds
[2023-08-24T04:44:54.483+0000] {processor.py:157} INFO - Started process (PID=44097) to work on /usr/local/lib/python3.8/dist-packages/airflow/example_dags/example_latest_only_with_trigger.py
[2023-08-24T04:44:54.485+0000] {processor.py:829} INFO - Processing file /usr/local/lib/python3.8/dist-packages/airflow/example_dags/example_latest_only_with_trigger.py for tasks to queue
[2023-08-24T04:44:54.486+0000] {logging_mixin.py:151} INFO - [2023-08-24T04:44:54.485+0000] {dagbag.py:539} INFO - Filling up the DagBag from /usr/local/lib/python3.8/dist-packages/airflow/example_dags/example_latest_only_with_trigger.py
[2023-08-24T04:44:54.494+0000] {processor.py:839} INFO - DAG(s) dict_keys(['latest_only_with_trigger']) retrieved from /usr/local/lib/python3.8/dist-packages/airflow/example_dags/example_latest_only_with_trigger.py
[2023-08-24T04:44:54.512+0000] {logging_mixin.py:151} INFO - [2023-08-24T04:44:54.512+0000] {dag.py:2907} INFO - Sync 1 DAGs
[2023-08-24T04:44:54.530+0000] {logging_mixin.py:151} INFO - [2023-08-24T04:44:54.529+0000] {dag.py:3677} INFO - Setting next_dagrun for latest_only_with_trigger to 2023-08-24T00:44:54.529653+00:00, run_after=2023-08-24T04:44:54.529653+00:00
[2023-08-24T04:44:54.548+0000] {processor.py:179} INFO - Processing /usr/local/lib/python3.8/dist-packages/airflow/example_dags/example_latest_only_with_trigger.py took 0.070 seconds
[2023-08-24T04:45:55.960+0000] {processor.py:157} INFO - Started process (PID=44280) to work on /usr/local/lib/python3.8/dist-packages/airflow/example_dags/example_latest_only_with_trigger.py
[2023-08-24T04:45:55.962+0000] {processor.py:829} INFO - Processing file /usr/local/lib/python3.8/dist-packages/airflow/example_dags/example_latest_only_with_trigger.py for tasks to queue
[2023-08-24T04:45:55.963+0000] {logging_mixin.py:151} INFO - [2023-08-24T04:45:55.962+0000] {dagbag.py:539} INFO - Filling up the DagBag from /usr/local/lib/python3.8/dist-packages/airflow/example_dags/example_latest_only_with_trigger.py
[2023-08-24T04:45:55.971+0000] {processor.py:839} INFO - DAG(s) dict_keys(['latest_only_with_trigger']) retrieved from /usr/local/lib/python3.8/dist-packages/airflow/example_dags/example_latest_only_with_trigger.py
[2023-08-24T04:45:55.987+0000] {logging_mixin.py:151} INFO - [2023-08-24T04:45:55.987+0000] {dag.py:2907} INFO - Sync 1 DAGs
[2023-08-24T04:45:56.004+0000] {logging_mixin.py:151} INFO - [2023-08-24T04:45:56.004+0000] {dag.py:3677} INFO - Setting next_dagrun for latest_only_with_trigger to 2023-08-24T00:45:56.003914+00:00, run_after=2023-08-24T04:45:56.003914+00:00
[2023-08-24T04:45:56.022+0000] {processor.py:179} INFO - Processing /usr/local/lib/python3.8/dist-packages/airflow/example_dags/example_latest_only_with_trigger.py took 0.066 seconds
[2023-08-24T04:46:57.723+0000] {processor.py:157} INFO - Started process (PID=44463) to work on /usr/local/lib/python3.8/dist-packages/airflow/example_dags/example_latest_only_with_trigger.py
[2023-08-24T04:46:57.726+0000] {processor.py:829} INFO - Processing file /usr/local/lib/python3.8/dist-packages/airflow/example_dags/example_latest_only_with_trigger.py for tasks to queue
[2023-08-24T04:46:57.727+0000] {logging_mixin.py:151} INFO - [2023-08-24T04:46:57.727+0000] {dagbag.py:539} INFO - Filling up the DagBag from /usr/local/lib/python3.8/dist-packages/airflow/example_dags/example_latest_only_with_trigger.py
[2023-08-24T04:46:57.734+0000] {processor.py:839} INFO - DAG(s) dict_keys(['latest_only_with_trigger']) retrieved from /usr/local/lib/python3.8/dist-packages/airflow/example_dags/example_latest_only_with_trigger.py
[2023-08-24T04:46:57.751+0000] {logging_mixin.py:151} INFO - [2023-08-24T04:46:57.751+0000] {dag.py:2907} INFO - Sync 1 DAGs
[2023-08-24T04:46:57.768+0000] {logging_mixin.py:151} INFO - [2023-08-24T04:46:57.768+0000] {dag.py:3677} INFO - Setting next_dagrun for latest_only_with_trigger to 2023-08-24T00:46:57.768445+00:00, run_after=2023-08-24T04:46:57.768445+00:00
[2023-08-24T04:46:57.787+0000] {processor.py:179} INFO - Processing /usr/local/lib/python3.8/dist-packages/airflow/example_dags/example_latest_only_with_trigger.py took 0.068 seconds
[2023-08-24T04:48:00.050+0000] {processor.py:157} INFO - Started process (PID=44647) to work on /usr/local/lib/python3.8/dist-packages/airflow/example_dags/example_latest_only_with_trigger.py
[2023-08-24T04:48:00.052+0000] {processor.py:829} INFO - Processing file /usr/local/lib/python3.8/dist-packages/airflow/example_dags/example_latest_only_with_trigger.py for tasks to queue
[2023-08-24T04:48:00.053+0000] {logging_mixin.py:151} INFO - [2023-08-24T04:48:00.052+0000] {dagbag.py:539} INFO - Filling up the DagBag from /usr/local/lib/python3.8/dist-packages/airflow/example_dags/example_latest_only_with_trigger.py
[2023-08-24T04:48:00.060+0000] {processor.py:839} INFO - DAG(s) dict_keys(['latest_only_with_trigger']) retrieved from /usr/local/lib/python3.8/dist-packages/airflow/example_dags/example_latest_only_with_trigger.py
[2023-08-24T04:48:00.077+0000] {logging_mixin.py:151} INFO - [2023-08-24T04:48:00.077+0000] {dag.py:2907} INFO - Sync 1 DAGs
[2023-08-24T04:48:00.093+0000] {logging_mixin.py:151} INFO - [2023-08-24T04:48:00.093+0000] {dag.py:3677} INFO - Setting next_dagrun for latest_only_with_trigger to 2023-08-24T00:48:00.093273+00:00, run_after=2023-08-24T04:48:00.093273+00:00
[2023-08-24T04:48:00.111+0000] {processor.py:179} INFO - Processing /usr/local/lib/python3.8/dist-packages/airflow/example_dags/example_latest_only_with_trigger.py took 0.065 seconds
[2023-08-24T04:49:01.516+0000] {processor.py:157} INFO - Started process (PID=44830) to work on /usr/local/lib/python3.8/dist-packages/airflow/example_dags/example_latest_only_with_trigger.py
[2023-08-24T04:49:01.517+0000] {processor.py:829} INFO - Processing file /usr/local/lib/python3.8/dist-packages/airflow/example_dags/example_latest_only_with_trigger.py for tasks to queue
[2023-08-24T04:49:01.518+0000] {logging_mixin.py:151} INFO - [2023-08-24T04:49:01.518+0000] {dagbag.py:539} INFO - Filling up the DagBag from /usr/local/lib/python3.8/dist-packages/airflow/example_dags/example_latest_only_with_trigger.py
[2023-08-24T04:49:01.526+0000] {processor.py:839} INFO - DAG(s) dict_keys(['latest_only_with_trigger']) retrieved from /usr/local/lib/python3.8/dist-packages/airflow/example_dags/example_latest_only_with_trigger.py
[2023-08-24T04:49:01.541+0000] {logging_mixin.py:151} INFO - [2023-08-24T04:49:01.541+0000] {dag.py:2907} INFO - Sync 1 DAGs
[2023-08-24T04:49:01.557+0000] {logging_mixin.py:151} INFO - [2023-08-24T04:49:01.557+0000] {dag.py:3677} INFO - Setting next_dagrun for latest_only_with_trigger to 2023-08-24T00:49:01.557511+00:00, run_after=2023-08-24T04:49:01.557511+00:00
[2023-08-24T04:49:01.575+0000] {processor.py:179} INFO - Processing /usr/local/lib/python3.8/dist-packages/airflow/example_dags/example_latest_only_with_trigger.py took 0.063 seconds
[2023-08-24T04:50:03.645+0000] {processor.py:157} INFO - Started process (PID=45014) to work on /usr/local/lib/python3.8/dist-packages/airflow/example_dags/example_latest_only_with_trigger.py
[2023-08-24T04:50:03.647+0000] {processor.py:829} INFO - Processing file /usr/local/lib/python3.8/dist-packages/airflow/example_dags/example_latest_only_with_trigger.py for tasks to queue
[2023-08-24T04:50:03.648+0000] {logging_mixin.py:151} INFO - [2023-08-24T04:50:03.648+0000] {dagbag.py:539} INFO - Filling up the DagBag from /usr/local/lib/python3.8/dist-packages/airflow/example_dags/example_latest_only_with_trigger.py
[2023-08-24T04:50:03.655+0000] {processor.py:839} INFO - DAG(s) dict_keys(['latest_only_with_trigger']) retrieved from /usr/local/lib/python3.8/dist-packages/airflow/example_dags/example_latest_only_with_trigger.py
[2023-08-24T04:50:03.673+0000] {logging_mixin.py:151} INFO - [2023-08-24T04:50:03.672+0000] {dag.py:2907} INFO - Sync 1 DAGs
[2023-08-24T04:50:03.690+0000] {logging_mixin.py:151} INFO - [2023-08-24T04:50:03.690+0000] {dag.py:3677} INFO - Setting next_dagrun for latest_only_with_trigger to 2023-08-24T00:50:03.690192+00:00, run_after=2023-08-24T04:50:03.690192+00:00
[2023-08-24T04:50:03.709+0000] {processor.py:179} INFO - Processing /usr/local/lib/python3.8/dist-packages/airflow/example_dags/example_latest_only_with_trigger.py took 0.067 seconds
[2023-08-24T04:51:01.944+0000] {processor.py:157} INFO - Started process (PID=45199) to work on /usr/local/lib/python3.8/dist-packages/airflow/example_dags/example_latest_only_with_trigger.py
[2023-08-24T04:51:01.945+0000] {processor.py:829} INFO - Processing file /usr/local/lib/python3.8/dist-packages/airflow/example_dags/example_latest_only_with_trigger.py for tasks to queue
[2023-08-24T04:51:01.946+0000] {logging_mixin.py:151} INFO - [2023-08-24T04:51:01.946+0000] {dagbag.py:539} INFO - Filling up the DagBag from /usr/local/lib/python3.8/dist-packages/airflow/example_dags/example_latest_only_with_trigger.py
[2023-08-24T04:51:01.953+0000] {processor.py:839} INFO - DAG(s) dict_keys(['latest_only_with_trigger']) retrieved from /usr/local/lib/python3.8/dist-packages/airflow/example_dags/example_latest_only_with_trigger.py
[2023-08-24T04:51:01.970+0000] {logging_mixin.py:151} INFO - [2023-08-24T04:51:01.969+0000] {dag.py:2907} INFO - Sync 1 DAGs
[2023-08-24T04:51:01.986+0000] {logging_mixin.py:151} INFO - [2023-08-24T04:51:01.986+0000] {dag.py:3677} INFO - Setting next_dagrun for latest_only_with_trigger to 2023-08-24T00:51:01.986382+00:00, run_after=2023-08-24T04:51:01.986382+00:00
[2023-08-24T04:51:02.004+0000] {processor.py:179} INFO - Processing /usr/local/lib/python3.8/dist-packages/airflow/example_dags/example_latest_only_with_trigger.py took 0.064 seconds
[2023-08-24T04:52:02.825+0000] {processor.py:157} INFO - Started process (PID=45381) to work on /usr/local/lib/python3.8/dist-packages/airflow/example_dags/example_latest_only_with_trigger.py
[2023-08-24T04:52:02.827+0000] {processor.py:829} INFO - Processing file /usr/local/lib/python3.8/dist-packages/airflow/example_dags/example_latest_only_with_trigger.py for tasks to queue
[2023-08-24T04:52:02.828+0000] {logging_mixin.py:151} INFO - [2023-08-24T04:52:02.827+0000] {dagbag.py:539} INFO - Filling up the DagBag from /usr/local/lib/python3.8/dist-packages/airflow/example_dags/example_latest_only_with_trigger.py
[2023-08-24T04:52:02.835+0000] {processor.py:839} INFO - DAG(s) dict_keys(['latest_only_with_trigger']) retrieved from /usr/local/lib/python3.8/dist-packages/airflow/example_dags/example_latest_only_with_trigger.py
[2023-08-24T04:52:02.851+0000] {logging_mixin.py:151} INFO - [2023-08-24T04:52:02.851+0000] {dag.py:2907} INFO - Sync 1 DAGs
[2023-08-24T04:52:02.867+0000] {logging_mixin.py:151} INFO - [2023-08-24T04:52:02.867+0000] {dag.py:3677} INFO - Setting next_dagrun for latest_only_with_trigger to 2023-08-24T00:52:02.866891+00:00, run_after=2023-08-24T04:52:02.866891+00:00
[2023-08-24T04:52:02.885+0000] {processor.py:179} INFO - Processing /usr/local/lib/python3.8/dist-packages/airflow/example_dags/example_latest_only_with_trigger.py took 0.064 seconds
[2023-08-24T04:53:04.361+0000] {processor.py:157} INFO - Started process (PID=45570) to work on /usr/local/lib/python3.8/dist-packages/airflow/example_dags/example_latest_only_with_trigger.py
[2023-08-24T04:53:04.362+0000] {processor.py:829} INFO - Processing file /usr/local/lib/python3.8/dist-packages/airflow/example_dags/example_latest_only_with_trigger.py for tasks to queue
[2023-08-24T04:53:04.363+0000] {logging_mixin.py:151} INFO - [2023-08-24T04:53:04.363+0000] {dagbag.py:539} INFO - Filling up the DagBag from /usr/local/lib/python3.8/dist-packages/airflow/example_dags/example_latest_only_with_trigger.py
[2023-08-24T04:53:04.371+0000] {processor.py:839} INFO - DAG(s) dict_keys(['latest_only_with_trigger']) retrieved from /usr/local/lib/python3.8/dist-packages/airflow/example_dags/example_latest_only_with_trigger.py
[2023-08-24T04:53:04.387+0000] {logging_mixin.py:151} INFO - [2023-08-24T04:53:04.387+0000] {dag.py:2907} INFO - Sync 1 DAGs
[2023-08-24T04:53:04.405+0000] {logging_mixin.py:151} INFO - [2023-08-24T04:53:04.404+0000] {dag.py:3677} INFO - Setting next_dagrun for latest_only_with_trigger to 2023-08-24T00:53:04.404624+00:00, run_after=2023-08-24T04:53:04.404624+00:00
[2023-08-24T04:53:04.423+0000] {processor.py:179} INFO - Processing /usr/local/lib/python3.8/dist-packages/airflow/example_dags/example_latest_only_with_trigger.py took 0.066 seconds
[2023-08-24T04:54:05.967+0000] {processor.py:157} INFO - Started process (PID=45753) to work on /usr/local/lib/python3.8/dist-packages/airflow/example_dags/example_latest_only_with_trigger.py
[2023-08-24T04:54:05.968+0000] {processor.py:829} INFO - Processing file /usr/local/lib/python3.8/dist-packages/airflow/example_dags/example_latest_only_with_trigger.py for tasks to queue
[2023-08-24T04:54:05.969+0000] {logging_mixin.py:151} INFO - [2023-08-24T04:54:05.969+0000] {dagbag.py:539} INFO - Filling up the DagBag from /usr/local/lib/python3.8/dist-packages/airflow/example_dags/example_latest_only_with_trigger.py
[2023-08-24T04:54:05.976+0000] {processor.py:839} INFO - DAG(s) dict_keys(['latest_only_with_trigger']) retrieved from /usr/local/lib/python3.8/dist-packages/airflow/example_dags/example_latest_only_with_trigger.py
[2023-08-24T04:54:05.992+0000] {logging_mixin.py:151} INFO - [2023-08-24T04:54:05.992+0000] {dag.py:2907} INFO - Sync 1 DAGs
[2023-08-24T04:54:06.009+0000] {logging_mixin.py:151} INFO - [2023-08-24T04:54:06.009+0000] {dag.py:3677} INFO - Setting next_dagrun for latest_only_with_trigger to 2023-08-24T00:54:06.008823+00:00, run_after=2023-08-24T04:54:06.008823+00:00
[2023-08-24T04:54:06.027+0000] {processor.py:179} INFO - Processing /usr/local/lib/python3.8/dist-packages/airflow/example_dags/example_latest_only_with_trigger.py took 0.064 seconds
[2023-08-24T04:55:07.262+0000] {processor.py:157} INFO - Started process (PID=45936) to work on /usr/local/lib/python3.8/dist-packages/airflow/example_dags/example_latest_only_with_trigger.py
[2023-08-24T04:55:07.263+0000] {processor.py:829} INFO - Processing file /usr/local/lib/python3.8/dist-packages/airflow/example_dags/example_latest_only_with_trigger.py for tasks to queue
[2023-08-24T04:55:07.264+0000] {logging_mixin.py:151} INFO - [2023-08-24T04:55:07.264+0000] {dagbag.py:539} INFO - Filling up the DagBag from /usr/local/lib/python3.8/dist-packages/airflow/example_dags/example_latest_only_with_trigger.py
[2023-08-24T04:55:07.271+0000] {processor.py:839} INFO - DAG(s) dict_keys(['latest_only_with_trigger']) retrieved from /usr/local/lib/python3.8/dist-packages/airflow/example_dags/example_latest_only_with_trigger.py
[2023-08-24T04:55:07.287+0000] {logging_mixin.py:151} INFO - [2023-08-24T04:55:07.287+0000] {dag.py:2907} INFO - Sync 1 DAGs
[2023-08-24T04:55:07.304+0000] {logging_mixin.py:151} INFO - [2023-08-24T04:55:07.303+0000] {dag.py:3677} INFO - Setting next_dagrun for latest_only_with_trigger to 2023-08-24T00:55:07.303698+00:00, run_after=2023-08-24T04:55:07.303698+00:00
[2023-08-24T04:55:07.321+0000] {processor.py:179} INFO - Processing /usr/local/lib/python3.8/dist-packages/airflow/example_dags/example_latest_only_with_trigger.py took 0.063 seconds
[2023-08-24T04:56:07.399+0000] {processor.py:157} INFO - Started process (PID=46124) to work on /usr/local/lib/python3.8/dist-packages/airflow/example_dags/example_latest_only_with_trigger.py
[2023-08-24T04:56:07.400+0000] {processor.py:829} INFO - Processing file /usr/local/lib/python3.8/dist-packages/airflow/example_dags/example_latest_only_with_trigger.py for tasks to queue
[2023-08-24T04:56:07.401+0000] {logging_mixin.py:151} INFO - [2023-08-24T04:56:07.401+0000] {dagbag.py:539} INFO - Filling up the DagBag from /usr/local/lib/python3.8/dist-packages/airflow/example_dags/example_latest_only_with_trigger.py
[2023-08-24T04:56:07.409+0000] {processor.py:839} INFO - DAG(s) dict_keys(['latest_only_with_trigger']) retrieved from /usr/local/lib/python3.8/dist-packages/airflow/example_dags/example_latest_only_with_trigger.py
[2023-08-24T04:56:07.425+0000] {logging_mixin.py:151} INFO - [2023-08-24T04:56:07.425+0000] {dag.py:2907} INFO - Sync 1 DAGs
[2023-08-24T04:56:07.442+0000] {logging_mixin.py:151} INFO - [2023-08-24T04:56:07.441+0000] {dag.py:3677} INFO - Setting next_dagrun for latest_only_with_trigger to 2023-08-24T00:56:07.441617+00:00, run_after=2023-08-24T04:56:07.441617+00:00
[2023-08-24T04:56:07.461+0000] {processor.py:179} INFO - Processing /usr/local/lib/python3.8/dist-packages/airflow/example_dags/example_latest_only_with_trigger.py took 0.066 seconds
[2023-08-24T04:57:13.669+0000] {processor.py:157} INFO - Started process (PID=46321) to work on /usr/local/lib/python3.8/dist-packages/airflow/example_dags/example_latest_only_with_trigger.py
[2023-08-24T04:57:13.671+0000] {processor.py:829} INFO - Processing file /usr/local/lib/python3.8/dist-packages/airflow/example_dags/example_latest_only_with_trigger.py for tasks to queue
[2023-08-24T04:57:13.672+0000] {logging_mixin.py:151} INFO - [2023-08-24T04:57:13.671+0000] {dagbag.py:539} INFO - Filling up the DagBag from /usr/local/lib/python3.8/dist-packages/airflow/example_dags/example_latest_only_with_trigger.py
[2023-08-24T04:57:13.679+0000] {processor.py:839} INFO - DAG(s) dict_keys(['latest_only_with_trigger']) retrieved from /usr/local/lib/python3.8/dist-packages/airflow/example_dags/example_latest_only_with_trigger.py
[2023-08-24T04:57:13.696+0000] {logging_mixin.py:151} INFO - [2023-08-24T04:57:13.696+0000] {dag.py:2907} INFO - Sync 1 DAGs
[2023-08-24T04:57:13.712+0000] {logging_mixin.py:151} INFO - [2023-08-24T04:57:13.712+0000] {dag.py:3677} INFO - Setting next_dagrun for latest_only_with_trigger to 2023-08-24T00:57:13.712107+00:00, run_after=2023-08-24T04:57:13.712107+00:00
[2023-08-24T04:57:13.731+0000] {processor.py:179} INFO - Processing /usr/local/lib/python3.8/dist-packages/airflow/example_dags/example_latest_only_with_trigger.py took 0.065 seconds
[2023-08-24T04:58:17.426+0000] {processor.py:157} INFO - Started process (PID=46505) to work on /usr/local/lib/python3.8/dist-packages/airflow/example_dags/example_latest_only_with_trigger.py
[2023-08-24T04:58:17.427+0000] {processor.py:829} INFO - Processing file /usr/local/lib/python3.8/dist-packages/airflow/example_dags/example_latest_only_with_trigger.py for tasks to queue
[2023-08-24T04:58:17.428+0000] {logging_mixin.py:151} INFO - [2023-08-24T04:58:17.428+0000] {dagbag.py:539} INFO - Filling up the DagBag from /usr/local/lib/python3.8/dist-packages/airflow/example_dags/example_latest_only_with_trigger.py
[2023-08-24T04:58:17.437+0000] {processor.py:839} INFO - DAG(s) dict_keys(['latest_only_with_trigger']) retrieved from /usr/local/lib/python3.8/dist-packages/airflow/example_dags/example_latest_only_with_trigger.py
[2023-08-24T04:58:17.454+0000] {logging_mixin.py:151} INFO - [2023-08-24T04:58:17.454+0000] {dag.py:2907} INFO - Sync 1 DAGs
[2023-08-24T04:58:17.469+0000] {logging_mixin.py:151} INFO - [2023-08-24T04:58:17.469+0000] {dag.py:3677} INFO - Setting next_dagrun for latest_only_with_trigger to 2023-08-24T00:58:17.469510+00:00, run_after=2023-08-24T04:58:17.469510+00:00
[2023-08-24T04:58:17.487+0000] {processor.py:179} INFO - Processing /usr/local/lib/python3.8/dist-packages/airflow/example_dags/example_latest_only_with_trigger.py took 0.065 seconds
[2023-08-24T04:59:18.985+0000] {processor.py:157} INFO - Started process (PID=46688) to work on /usr/local/lib/python3.8/dist-packages/airflow/example_dags/example_latest_only_with_trigger.py
[2023-08-24T04:59:18.986+0000] {processor.py:829} INFO - Processing file /usr/local/lib/python3.8/dist-packages/airflow/example_dags/example_latest_only_with_trigger.py for tasks to queue
[2023-08-24T04:59:18.987+0000] {logging_mixin.py:151} INFO - [2023-08-24T04:59:18.987+0000] {dagbag.py:539} INFO - Filling up the DagBag from /usr/local/lib/python3.8/dist-packages/airflow/example_dags/example_latest_only_with_trigger.py
[2023-08-24T04:59:18.994+0000] {processor.py:839} INFO - DAG(s) dict_keys(['latest_only_with_trigger']) retrieved from /usr/local/lib/python3.8/dist-packages/airflow/example_dags/example_latest_only_with_trigger.py
[2023-08-24T04:59:19.010+0000] {logging_mixin.py:151} INFO - [2023-08-24T04:59:19.010+0000] {dag.py:2907} INFO - Sync 1 DAGs
[2023-08-24T04:59:19.149+0000] {logging_mixin.py:151} INFO - [2023-08-24T04:59:19.149+0000] {dag.py:3677} INFO - Setting next_dagrun for latest_only_with_trigger to 2023-08-24T00:59:19.148820+00:00, run_after=2023-08-24T04:59:19.148820+00:00
[2023-08-24T04:59:19.165+0000] {processor.py:179} INFO - Processing /usr/local/lib/python3.8/dist-packages/airflow/example_dags/example_latest_only_with_trigger.py took 0.184 seconds
[2023-08-24T05:00:23.128+0000] {processor.py:157} INFO - Started process (PID=46872) to work on /usr/local/lib/python3.8/dist-packages/airflow/example_dags/example_latest_only_with_trigger.py
[2023-08-24T05:00:23.129+0000] {processor.py:829} INFO - Processing file /usr/local/lib/python3.8/dist-packages/airflow/example_dags/example_latest_only_with_trigger.py for tasks to queue
[2023-08-24T05:00:23.130+0000] {logging_mixin.py:151} INFO - [2023-08-24T05:00:23.130+0000] {dagbag.py:539} INFO - Filling up the DagBag from /usr/local/lib/python3.8/dist-packages/airflow/example_dags/example_latest_only_with_trigger.py
[2023-08-24T05:00:23.138+0000] {processor.py:839} INFO - DAG(s) dict_keys(['latest_only_with_trigger']) retrieved from /usr/local/lib/python3.8/dist-packages/airflow/example_dags/example_latest_only_with_trigger.py
[2023-08-24T05:00:23.154+0000] {logging_mixin.py:151} INFO - [2023-08-24T05:00:23.154+0000] {dag.py:2907} INFO - Sync 1 DAGs
[2023-08-24T05:00:23.169+0000] {logging_mixin.py:151} INFO - [2023-08-24T05:00:23.169+0000] {dag.py:3677} INFO - Setting next_dagrun for latest_only_with_trigger to 2023-08-24T01:00:23.169304+00:00, run_after=2023-08-24T05:00:23.169304+00:00
[2023-08-24T05:00:23.187+0000] {processor.py:179} INFO - Processing /usr/local/lib/python3.8/dist-packages/airflow/example_dags/example_latest_only_with_trigger.py took 0.063 seconds
[2023-08-24T05:01:22.366+0000] {processor.py:157} INFO - Started process (PID=47069) to work on /usr/local/lib/python3.8/dist-packages/airflow/example_dags/example_latest_only_with_trigger.py
[2023-08-24T05:01:22.368+0000] {processor.py:829} INFO - Processing file /usr/local/lib/python3.8/dist-packages/airflow/example_dags/example_latest_only_with_trigger.py for tasks to queue
[2023-08-24T05:01:22.369+0000] {logging_mixin.py:151} INFO - [2023-08-24T05:01:22.368+0000] {dagbag.py:539} INFO - Filling up the DagBag from /usr/local/lib/python3.8/dist-packages/airflow/example_dags/example_latest_only_with_trigger.py
[2023-08-24T05:01:22.377+0000] {processor.py:839} INFO - DAG(s) dict_keys(['latest_only_with_trigger']) retrieved from /usr/local/lib/python3.8/dist-packages/airflow/example_dags/example_latest_only_with_trigger.py
[2023-08-24T05:01:22.393+0000] {logging_mixin.py:151} INFO - [2023-08-24T05:01:22.393+0000] {dag.py:2907} INFO - Sync 1 DAGs
[2023-08-24T05:01:22.409+0000] {logging_mixin.py:151} INFO - [2023-08-24T05:01:22.408+0000] {dag.py:3677} INFO - Setting next_dagrun for latest_only_with_trigger to 2023-08-24T01:01:22.408605+00:00, run_after=2023-08-24T05:01:22.408605+00:00
[2023-08-24T05:01:22.426+0000] {processor.py:179} INFO - Processing /usr/local/lib/python3.8/dist-packages/airflow/example_dags/example_latest_only_with_trigger.py took 0.064 seconds
[2023-08-24T05:02:20.759+0000] {processor.py:157} INFO - Started process (PID=47255) to work on /usr/local/lib/python3.8/dist-packages/airflow/example_dags/example_latest_only_with_trigger.py
[2023-08-24T05:02:20.761+0000] {processor.py:829} INFO - Processing file /usr/local/lib/python3.8/dist-packages/airflow/example_dags/example_latest_only_with_trigger.py for tasks to queue
[2023-08-24T05:02:20.762+0000] {logging_mixin.py:151} INFO - [2023-08-24T05:02:20.761+0000] {dagbag.py:539} INFO - Filling up the DagBag from /usr/local/lib/python3.8/dist-packages/airflow/example_dags/example_latest_only_with_trigger.py
[2023-08-24T05:02:20.771+0000] {processor.py:839} INFO - DAG(s) dict_keys(['latest_only_with_trigger']) retrieved from /usr/local/lib/python3.8/dist-packages/airflow/example_dags/example_latest_only_with_trigger.py
[2023-08-24T05:02:20.789+0000] {logging_mixin.py:151} INFO - [2023-08-24T05:02:20.789+0000] {dag.py:2907} INFO - Sync 1 DAGs
[2023-08-24T05:02:20.806+0000] {logging_mixin.py:151} INFO - [2023-08-24T05:02:20.806+0000] {dag.py:3677} INFO - Setting next_dagrun for latest_only_with_trigger to 2023-08-24T01:02:20.806532+00:00, run_after=2023-08-24T05:02:20.806532+00:00
[2023-08-24T05:02:20.825+0000] {processor.py:179} INFO - Processing /usr/local/lib/python3.8/dist-packages/airflow/example_dags/example_latest_only_with_trigger.py took 0.070 seconds
[2023-08-24T05:03:21.524+0000] {processor.py:157} INFO - Started process (PID=47443) to work on /usr/local/lib/python3.8/dist-packages/airflow/example_dags/example_latest_only_with_trigger.py
[2023-08-24T05:03:21.526+0000] {processor.py:829} INFO - Processing file /usr/local/lib/python3.8/dist-packages/airflow/example_dags/example_latest_only_with_trigger.py for tasks to queue
[2023-08-24T05:03:21.527+0000] {logging_mixin.py:151} INFO - [2023-08-24T05:03:21.527+0000] {dagbag.py:539} INFO - Filling up the DagBag from /usr/local/lib/python3.8/dist-packages/airflow/example_dags/example_latest_only_with_trigger.py
[2023-08-24T05:03:21.536+0000] {processor.py:839} INFO - DAG(s) dict_keys(['latest_only_with_trigger']) retrieved from /usr/local/lib/python3.8/dist-packages/airflow/example_dags/example_latest_only_with_trigger.py
[2023-08-24T05:03:21.554+0000] {logging_mixin.py:151} INFO - [2023-08-24T05:03:21.554+0000] {dag.py:2907} INFO - Sync 1 DAGs
[2023-08-24T05:03:21.572+0000] {logging_mixin.py:151} INFO - [2023-08-24T05:03:21.572+0000] {dag.py:3677} INFO - Setting next_dagrun for latest_only_with_trigger to 2023-08-24T01:03:21.572422+00:00, run_after=2023-08-24T05:03:21.572422+00:00
[2023-08-24T05:03:21.591+0000] {processor.py:179} INFO - Processing /usr/local/lib/python3.8/dist-packages/airflow/example_dags/example_latest_only_with_trigger.py took 0.071 seconds
[2023-08-24T05:04:20.520+0000] {processor.py:157} INFO - Started process (PID=47626) to work on /usr/local/lib/python3.8/dist-packages/airflow/example_dags/example_latest_only_with_trigger.py
[2023-08-24T05:04:20.522+0000] {processor.py:829} INFO - Processing file /usr/local/lib/python3.8/dist-packages/airflow/example_dags/example_latest_only_with_trigger.py for tasks to queue
[2023-08-24T05:04:20.523+0000] {logging_mixin.py:151} INFO - [2023-08-24T05:04:20.522+0000] {dagbag.py:539} INFO - Filling up the DagBag from /usr/local/lib/python3.8/dist-packages/airflow/example_dags/example_latest_only_with_trigger.py
[2023-08-24T05:04:20.530+0000] {processor.py:839} INFO - DAG(s) dict_keys(['latest_only_with_trigger']) retrieved from /usr/local/lib/python3.8/dist-packages/airflow/example_dags/example_latest_only_with_trigger.py
[2023-08-24T05:04:20.546+0000] {logging_mixin.py:151} INFO - [2023-08-24T05:04:20.546+0000] {dag.py:2907} INFO - Sync 1 DAGs
[2023-08-24T05:04:20.562+0000] {logging_mixin.py:151} INFO - [2023-08-24T05:04:20.562+0000] {dag.py:3677} INFO - Setting next_dagrun for latest_only_with_trigger to 2023-08-24T01:04:20.561967+00:00, run_after=2023-08-24T05:04:20.561967+00:00
[2023-08-24T05:04:20.580+0000] {processor.py:179} INFO - Processing /usr/local/lib/python3.8/dist-packages/airflow/example_dags/example_latest_only_with_trigger.py took 0.063 seconds
[2023-08-24T05:05:20.749+0000] {processor.py:157} INFO - Started process (PID=47822) to work on /usr/local/lib/python3.8/dist-packages/airflow/example_dags/example_latest_only_with_trigger.py
[2023-08-24T05:05:20.751+0000] {processor.py:829} INFO - Processing file /usr/local/lib/python3.8/dist-packages/airflow/example_dags/example_latest_only_with_trigger.py for tasks to queue
[2023-08-24T05:05:20.751+0000] {logging_mixin.py:151} INFO - [2023-08-24T05:05:20.751+0000] {dagbag.py:539} INFO - Filling up the DagBag from /usr/local/lib/python3.8/dist-packages/airflow/example_dags/example_latest_only_with_trigger.py
[2023-08-24T05:05:20.759+0000] {processor.py:839} INFO - DAG(s) dict_keys(['latest_only_with_trigger']) retrieved from /usr/local/lib/python3.8/dist-packages/airflow/example_dags/example_latest_only_with_trigger.py
[2023-08-24T05:05:20.775+0000] {logging_mixin.py:151} INFO - [2023-08-24T05:05:20.775+0000] {dag.py:2907} INFO - Sync 1 DAGs
[2023-08-24T05:05:20.791+0000] {logging_mixin.py:151} INFO - [2023-08-24T05:05:20.791+0000] {dag.py:3677} INFO - Setting next_dagrun for latest_only_with_trigger to 2023-08-24T01:05:20.790759+00:00, run_after=2023-08-24T05:05:20.790759+00:00
[2023-08-24T05:05:20.808+0000] {processor.py:179} INFO - Processing /usr/local/lib/python3.8/dist-packages/airflow/example_dags/example_latest_only_with_trigger.py took 0.063 seconds
[2023-08-24T05:06:18.497+0000] {processor.py:157} INFO - Started process (PID=48018) to work on /usr/local/lib/python3.8/dist-packages/airflow/example_dags/example_latest_only_with_trigger.py
[2023-08-24T05:06:18.498+0000] {processor.py:829} INFO - Processing file /usr/local/lib/python3.8/dist-packages/airflow/example_dags/example_latest_only_with_trigger.py for tasks to queue
[2023-08-24T05:06:18.499+0000] {logging_mixin.py:151} INFO - [2023-08-24T05:06:18.499+0000] {dagbag.py:539} INFO - Filling up the DagBag from /usr/local/lib/python3.8/dist-packages/airflow/example_dags/example_latest_only_with_trigger.py
[2023-08-24T05:06:18.507+0000] {processor.py:839} INFO - DAG(s) dict_keys(['latest_only_with_trigger']) retrieved from /usr/local/lib/python3.8/dist-packages/airflow/example_dags/example_latest_only_with_trigger.py
[2023-08-24T05:06:18.523+0000] {logging_mixin.py:151} INFO - [2023-08-24T05:06:18.523+0000] {dag.py:2907} INFO - Sync 1 DAGs
[2023-08-24T05:06:18.539+0000] {logging_mixin.py:151} INFO - [2023-08-24T05:06:18.539+0000] {dag.py:3677} INFO - Setting next_dagrun for latest_only_with_trigger to 2023-08-24T01:06:18.539328+00:00, run_after=2023-08-24T05:06:18.539328+00:00
[2023-08-24T05:06:18.557+0000] {processor.py:179} INFO - Processing /usr/local/lib/python3.8/dist-packages/airflow/example_dags/example_latest_only_with_trigger.py took 0.064 seconds
[2023-08-24T05:07:15.280+0000] {processor.py:157} INFO - Started process (PID=48200) to work on /usr/local/lib/python3.8/dist-packages/airflow/example_dags/example_latest_only_with_trigger.py
[2023-08-24T05:07:15.282+0000] {processor.py:829} INFO - Processing file /usr/local/lib/python3.8/dist-packages/airflow/example_dags/example_latest_only_with_trigger.py for tasks to queue
[2023-08-24T05:07:15.283+0000] {logging_mixin.py:151} INFO - [2023-08-24T05:07:15.282+0000] {dagbag.py:539} INFO - Filling up the DagBag from /usr/local/lib/python3.8/dist-packages/airflow/example_dags/example_latest_only_with_trigger.py
[2023-08-24T05:07:15.292+0000] {processor.py:839} INFO - DAG(s) dict_keys(['latest_only_with_trigger']) retrieved from /usr/local/lib/python3.8/dist-packages/airflow/example_dags/example_latest_only_with_trigger.py
[2023-08-24T05:07:15.310+0000] {logging_mixin.py:151} INFO - [2023-08-24T05:07:15.310+0000] {dag.py:2907} INFO - Sync 1 DAGs
[2023-08-24T05:07:15.326+0000] {logging_mixin.py:151} INFO - [2023-08-24T05:07:15.326+0000] {dag.py:3677} INFO - Setting next_dagrun for latest_only_with_trigger to 2023-08-24T01:07:15.326095+00:00, run_after=2023-08-24T05:07:15.326095+00:00
[2023-08-24T05:07:15.344+0000] {processor.py:179} INFO - Processing /usr/local/lib/python3.8/dist-packages/airflow/example_dags/example_latest_only_with_trigger.py took 0.068 seconds
[2023-08-24T05:08:13.562+0000] {processor.py:157} INFO - Started process (PID=48384) to work on /usr/local/lib/python3.8/dist-packages/airflow/example_dags/example_latest_only_with_trigger.py
[2023-08-24T05:08:13.564+0000] {processor.py:829} INFO - Processing file /usr/local/lib/python3.8/dist-packages/airflow/example_dags/example_latest_only_with_trigger.py for tasks to queue
[2023-08-24T05:08:13.565+0000] {logging_mixin.py:151} INFO - [2023-08-24T05:08:13.564+0000] {dagbag.py:539} INFO - Filling up the DagBag from /usr/local/lib/python3.8/dist-packages/airflow/example_dags/example_latest_only_with_trigger.py
[2023-08-24T05:08:13.572+0000] {processor.py:839} INFO - DAG(s) dict_keys(['latest_only_with_trigger']) retrieved from /usr/local/lib/python3.8/dist-packages/airflow/example_dags/example_latest_only_with_trigger.py
[2023-08-24T05:08:13.589+0000] {logging_mixin.py:151} INFO - [2023-08-24T05:08:13.589+0000] {dag.py:2907} INFO - Sync 1 DAGs
[2023-08-24T05:08:13.605+0000] {logging_mixin.py:151} INFO - [2023-08-24T05:08:13.605+0000] {dag.py:3677} INFO - Setting next_dagrun for latest_only_with_trigger to 2023-08-24T01:08:13.605034+00:00, run_after=2023-08-24T05:08:13.605034+00:00
[2023-08-24T05:08:13.624+0000] {processor.py:179} INFO - Processing /usr/local/lib/python3.8/dist-packages/airflow/example_dags/example_latest_only_with_trigger.py took 0.065 seconds
[2023-08-24T05:09:14.169+0000] {processor.py:157} INFO - Started process (PID=48580) to work on /usr/local/lib/python3.8/dist-packages/airflow/example_dags/example_latest_only_with_trigger.py
[2023-08-24T05:09:14.172+0000] {processor.py:829} INFO - Processing file /usr/local/lib/python3.8/dist-packages/airflow/example_dags/example_latest_only_with_trigger.py for tasks to queue
[2023-08-24T05:09:14.173+0000] {logging_mixin.py:151} INFO - [2023-08-24T05:09:14.172+0000] {dagbag.py:539} INFO - Filling up the DagBag from /usr/local/lib/python3.8/dist-packages/airflow/example_dags/example_latest_only_with_trigger.py
[2023-08-24T05:09:14.181+0000] {processor.py:839} INFO - DAG(s) dict_keys(['latest_only_with_trigger']) retrieved from /usr/local/lib/python3.8/dist-packages/airflow/example_dags/example_latest_only_with_trigger.py
[2023-08-24T05:09:14.201+0000] {logging_mixin.py:151} INFO - [2023-08-24T05:09:14.200+0000] {dag.py:2907} INFO - Sync 1 DAGs
[2023-08-24T05:09:14.218+0000] {logging_mixin.py:151} INFO - [2023-08-24T05:09:14.217+0000] {dag.py:3677} INFO - Setting next_dagrun for latest_only_with_trigger to 2023-08-24T01:09:14.217570+00:00, run_after=2023-08-24T05:09:14.217570+00:00
[2023-08-24T05:09:14.237+0000] {processor.py:179} INFO - Processing /usr/local/lib/python3.8/dist-packages/airflow/example_dags/example_latest_only_with_trigger.py took 0.072 seconds
[2023-08-24T05:10:13.173+0000] {processor.py:157} INFO - Started process (PID=48763) to work on /usr/local/lib/python3.8/dist-packages/airflow/example_dags/example_latest_only_with_trigger.py
[2023-08-24T05:10:13.175+0000] {processor.py:829} INFO - Processing file /usr/local/lib/python3.8/dist-packages/airflow/example_dags/example_latest_only_with_trigger.py for tasks to queue
[2023-08-24T05:10:13.176+0000] {logging_mixin.py:151} INFO - [2023-08-24T05:10:13.175+0000] {dagbag.py:539} INFO - Filling up the DagBag from /usr/local/lib/python3.8/dist-packages/airflow/example_dags/example_latest_only_with_trigger.py
[2023-08-24T05:10:13.183+0000] {processor.py:839} INFO - DAG(s) dict_keys(['latest_only_with_trigger']) retrieved from /usr/local/lib/python3.8/dist-packages/airflow/example_dags/example_latest_only_with_trigger.py
[2023-08-24T05:10:13.200+0000] {logging_mixin.py:151} INFO - [2023-08-24T05:10:13.200+0000] {dag.py:2907} INFO - Sync 1 DAGs
[2023-08-24T05:10:13.218+0000] {logging_mixin.py:151} INFO - [2023-08-24T05:10:13.217+0000] {dag.py:3677} INFO - Setting next_dagrun for latest_only_with_trigger to 2023-08-24T01:10:13.217544+00:00, run_after=2023-08-24T05:10:13.217544+00:00
[2023-08-24T05:10:13.236+0000] {processor.py:179} INFO - Processing /usr/local/lib/python3.8/dist-packages/airflow/example_dags/example_latest_only_with_trigger.py took 0.067 seconds
[2023-08-24T05:11:27.693+0000] {processor.py:157} INFO - Started process (PID=48919) to work on /usr/local/lib/python3.8/dist-packages/airflow/example_dags/example_latest_only_with_trigger.py
[2023-08-24T05:11:27.695+0000] {processor.py:829} INFO - Processing file /usr/local/lib/python3.8/dist-packages/airflow/example_dags/example_latest_only_with_trigger.py for tasks to queue
[2023-08-24T05:11:27.696+0000] {logging_mixin.py:151} INFO - [2023-08-24T05:11:27.695+0000] {dagbag.py:539} INFO - Filling up the DagBag from /usr/local/lib/python3.8/dist-packages/airflow/example_dags/example_latest_only_with_trigger.py
[2023-08-24T05:11:27.704+0000] {processor.py:839} INFO - DAG(s) dict_keys(['latest_only_with_trigger']) retrieved from /usr/local/lib/python3.8/dist-packages/airflow/example_dags/example_latest_only_with_trigger.py
[2023-08-24T05:11:27.720+0000] {logging_mixin.py:151} INFO - [2023-08-24T05:11:27.720+0000] {dag.py:2907} INFO - Sync 1 DAGs
[2023-08-24T05:11:27.737+0000] {logging_mixin.py:151} INFO - [2023-08-24T05:11:27.737+0000] {dag.py:3677} INFO - Setting next_dagrun for latest_only_with_trigger to 2023-08-24T01:11:27.737178+00:00, run_after=2023-08-24T05:11:27.737178+00:00
[2023-08-24T05:11:27.756+0000] {processor.py:179} INFO - Processing /usr/local/lib/python3.8/dist-packages/airflow/example_dags/example_latest_only_with_trigger.py took 0.066 seconds
[2023-08-24T05:12:29.190+0000] {processor.py:157} INFO - Started process (PID=49115) to work on /usr/local/lib/python3.8/dist-packages/airflow/example_dags/example_latest_only_with_trigger.py
[2023-08-24T05:12:29.191+0000] {processor.py:829} INFO - Processing file /usr/local/lib/python3.8/dist-packages/airflow/example_dags/example_latest_only_with_trigger.py for tasks to queue
[2023-08-24T05:12:29.192+0000] {logging_mixin.py:151} INFO - [2023-08-24T05:12:29.192+0000] {dagbag.py:539} INFO - Filling up the DagBag from /usr/local/lib/python3.8/dist-packages/airflow/example_dags/example_latest_only_with_trigger.py
[2023-08-24T05:12:29.200+0000] {processor.py:839} INFO - DAG(s) dict_keys(['latest_only_with_trigger']) retrieved from /usr/local/lib/python3.8/dist-packages/airflow/example_dags/example_latest_only_with_trigger.py
[2023-08-24T05:12:29.216+0000] {logging_mixin.py:151} INFO - [2023-08-24T05:12:29.216+0000] {dag.py:2907} INFO - Sync 1 DAGs
[2023-08-24T05:12:29.232+0000] {logging_mixin.py:151} INFO - [2023-08-24T05:12:29.232+0000] {dag.py:3677} INFO - Setting next_dagrun for latest_only_with_trigger to 2023-08-24T01:12:29.232314+00:00, run_after=2023-08-24T05:12:29.232314+00:00
[2023-08-24T05:12:29.250+0000] {processor.py:179} INFO - Processing /usr/local/lib/python3.8/dist-packages/airflow/example_dags/example_latest_only_with_trigger.py took 0.064 seconds
[2023-08-24T05:13:30.823+0000] {processor.py:157} INFO - Started process (PID=49320) to work on /usr/local/lib/python3.8/dist-packages/airflow/example_dags/example_latest_only_with_trigger.py
[2023-08-24T05:13:30.824+0000] {processor.py:829} INFO - Processing file /usr/local/lib/python3.8/dist-packages/airflow/example_dags/example_latest_only_with_trigger.py for tasks to queue
[2023-08-24T05:13:30.825+0000] {logging_mixin.py:151} INFO - [2023-08-24T05:13:30.825+0000] {dagbag.py:539} INFO - Filling up the DagBag from /usr/local/lib/python3.8/dist-packages/airflow/example_dags/example_latest_only_with_trigger.py
[2023-08-24T05:13:30.833+0000] {processor.py:839} INFO - DAG(s) dict_keys(['latest_only_with_trigger']) retrieved from /usr/local/lib/python3.8/dist-packages/airflow/example_dags/example_latest_only_with_trigger.py
[2023-08-24T05:13:30.850+0000] {logging_mixin.py:151} INFO - [2023-08-24T05:13:30.850+0000] {dag.py:2907} INFO - Sync 1 DAGs
[2023-08-24T05:13:30.866+0000] {logging_mixin.py:151} INFO - [2023-08-24T05:13:30.866+0000] {dag.py:3677} INFO - Setting next_dagrun for latest_only_with_trigger to 2023-08-24T01:13:30.866485+00:00, run_after=2023-08-24T05:13:30.866485+00:00
[2023-08-24T05:13:30.885+0000] {processor.py:179} INFO - Processing /usr/local/lib/python3.8/dist-packages/airflow/example_dags/example_latest_only_with_trigger.py took 0.066 seconds
