[2023-08-24T04:22:16.303+0000] {processor.py:157} INFO - Started process (PID=37617) to work on /usr/local/lib/python3.8/dist-packages/airflow/example_dags/example_nested_branch_dag.py
[2023-08-24T04:22:16.304+0000] {processor.py:829} INFO - Processing file /usr/local/lib/python3.8/dist-packages/airflow/example_dags/example_nested_branch_dag.py for tasks to queue
[2023-08-24T04:22:16.305+0000] {logging_mixin.py:151} INFO - [2023-08-24T04:22:16.305+0000] {dagbag.py:539} INFO - Filling up the DagBag from /usr/local/lib/python3.8/dist-packages/airflow/example_dags/example_nested_branch_dag.py
[2023-08-24T04:22:16.315+0000] {processor.py:839} INFO - DAG(s) dict_keys(['example_nested_branch_dag']) retrieved from /usr/local/lib/python3.8/dist-packages/airflow/example_dags/example_nested_branch_dag.py
[2023-08-24T04:22:16.332+0000] {logging_mixin.py:151} INFO - [2023-08-24T04:22:16.332+0000] {dag.py:2907} INFO - Sync 1 DAGs
[2023-08-24T04:22:16.350+0000] {logging_mixin.py:151} INFO - [2023-08-24T04:22:16.350+0000] {dag.py:3677} INFO - Setting next_dagrun for example_nested_branch_dag to 2023-08-23T00:00:00+00:00, run_after=2023-08-24T00:00:00+00:00
[2023-08-24T04:22:16.368+0000] {processor.py:179} INFO - Processing /usr/local/lib/python3.8/dist-packages/airflow/example_dags/example_nested_branch_dag.py took 0.069 seconds
[2023-08-24T04:31:29.943+0000] {processor.py:157} INFO - Started process (PID=41492) to work on /usr/local/lib/python3.8/dist-packages/airflow/example_dags/example_nested_branch_dag.py
[2023-08-24T04:31:29.945+0000] {processor.py:829} INFO - Processing file /usr/local/lib/python3.8/dist-packages/airflow/example_dags/example_nested_branch_dag.py for tasks to queue
[2023-08-24T04:31:29.945+0000] {logging_mixin.py:151} INFO - [2023-08-24T04:31:29.945+0000] {dagbag.py:539} INFO - Filling up the DagBag from /usr/local/lib/python3.8/dist-packages/airflow/example_dags/example_nested_branch_dag.py
[2023-08-24T04:31:29.955+0000] {processor.py:839} INFO - DAG(s) dict_keys(['example_nested_branch_dag']) retrieved from /usr/local/lib/python3.8/dist-packages/airflow/example_dags/example_nested_branch_dag.py
[2023-08-24T04:31:29.971+0000] {logging_mixin.py:151} INFO - [2023-08-24T04:31:29.971+0000] {dag.py:2907} INFO - Sync 1 DAGs
[2023-08-24T04:31:29.989+0000] {logging_mixin.py:151} INFO - [2023-08-24T04:31:29.988+0000] {dag.py:3677} INFO - Setting next_dagrun for example_nested_branch_dag to 2023-08-23T00:00:00+00:00, run_after=2023-08-24T00:00:00+00:00
[2023-08-24T04:31:30.006+0000] {processor.py:179} INFO - Processing /usr/local/lib/python3.8/dist-packages/airflow/example_dags/example_nested_branch_dag.py took 0.067 seconds
[2023-08-24T04:32:31.411+0000] {processor.py:157} INFO - Started process (PID=41690) to work on /usr/local/lib/python3.8/dist-packages/airflow/example_dags/example_nested_branch_dag.py
[2023-08-24T04:32:31.412+0000] {processor.py:829} INFO - Processing file /usr/local/lib/python3.8/dist-packages/airflow/example_dags/example_nested_branch_dag.py for tasks to queue
[2023-08-24T04:32:31.413+0000] {logging_mixin.py:151} INFO - [2023-08-24T04:32:31.413+0000] {dagbag.py:539} INFO - Filling up the DagBag from /usr/local/lib/python3.8/dist-packages/airflow/example_dags/example_nested_branch_dag.py
[2023-08-24T04:32:31.423+0000] {processor.py:839} INFO - DAG(s) dict_keys(['example_nested_branch_dag']) retrieved from /usr/local/lib/python3.8/dist-packages/airflow/example_dags/example_nested_branch_dag.py
[2023-08-24T04:32:31.440+0000] {logging_mixin.py:151} INFO - [2023-08-24T04:32:31.440+0000] {dag.py:2907} INFO - Sync 1 DAGs
[2023-08-24T04:32:31.457+0000] {logging_mixin.py:151} INFO - [2023-08-24T04:32:31.457+0000] {dag.py:3677} INFO - Setting next_dagrun for example_nested_branch_dag to 2023-08-23T00:00:00+00:00, run_after=2023-08-24T00:00:00+00:00
[2023-08-24T04:32:31.474+0000] {processor.py:179} INFO - Processing /usr/local/lib/python3.8/dist-packages/airflow/example_dags/example_nested_branch_dag.py took 0.068 seconds
[2023-08-24T04:33:31.283+0000] {processor.py:157} INFO - Started process (PID=41881) to work on /usr/local/lib/python3.8/dist-packages/airflow/example_dags/example_nested_branch_dag.py
[2023-08-24T04:33:31.284+0000] {processor.py:829} INFO - Processing file /usr/local/lib/python3.8/dist-packages/airflow/example_dags/example_nested_branch_dag.py for tasks to queue
[2023-08-24T04:33:31.285+0000] {logging_mixin.py:151} INFO - [2023-08-24T04:33:31.285+0000] {dagbag.py:539} INFO - Filling up the DagBag from /usr/local/lib/python3.8/dist-packages/airflow/example_dags/example_nested_branch_dag.py
[2023-08-24T04:33:31.294+0000] {processor.py:839} INFO - DAG(s) dict_keys(['example_nested_branch_dag']) retrieved from /usr/local/lib/python3.8/dist-packages/airflow/example_dags/example_nested_branch_dag.py
[2023-08-24T04:33:31.311+0000] {logging_mixin.py:151} INFO - [2023-08-24T04:33:31.310+0000] {dag.py:2907} INFO - Sync 1 DAGs
[2023-08-24T04:33:31.327+0000] {logging_mixin.py:151} INFO - [2023-08-24T04:33:31.327+0000] {dag.py:3677} INFO - Setting next_dagrun for example_nested_branch_dag to 2023-08-23T00:00:00+00:00, run_after=2023-08-24T00:00:00+00:00
[2023-08-24T04:33:31.345+0000] {processor.py:179} INFO - Processing /usr/local/lib/python3.8/dist-packages/airflow/example_dags/example_nested_branch_dag.py took 0.065 seconds
[2023-08-24T04:34:29.252+0000] {processor.py:157} INFO - Started process (PID=42064) to work on /usr/local/lib/python3.8/dist-packages/airflow/example_dags/example_nested_branch_dag.py
[2023-08-24T04:34:29.253+0000] {processor.py:829} INFO - Processing file /usr/local/lib/python3.8/dist-packages/airflow/example_dags/example_nested_branch_dag.py for tasks to queue
[2023-08-24T04:34:29.254+0000] {logging_mixin.py:151} INFO - [2023-08-24T04:34:29.254+0000] {dagbag.py:539} INFO - Filling up the DagBag from /usr/local/lib/python3.8/dist-packages/airflow/example_dags/example_nested_branch_dag.py
[2023-08-24T04:34:29.263+0000] {processor.py:839} INFO - DAG(s) dict_keys(['example_nested_branch_dag']) retrieved from /usr/local/lib/python3.8/dist-packages/airflow/example_dags/example_nested_branch_dag.py
[2023-08-24T04:34:29.280+0000] {logging_mixin.py:151} INFO - [2023-08-24T04:34:29.279+0000] {dag.py:2907} INFO - Sync 1 DAGs
[2023-08-24T04:34:29.299+0000] {logging_mixin.py:151} INFO - [2023-08-24T04:34:29.299+0000] {dag.py:3677} INFO - Setting next_dagrun for example_nested_branch_dag to 2023-08-23T00:00:00+00:00, run_after=2023-08-24T00:00:00+00:00
[2023-08-24T04:34:29.317+0000] {processor.py:179} INFO - Processing /usr/local/lib/python3.8/dist-packages/airflow/example_dags/example_nested_branch_dag.py took 0.069 seconds
[2023-08-24T04:35:28.142+0000] {processor.py:157} INFO - Started process (PID=42260) to work on /usr/local/lib/python3.8/dist-packages/airflow/example_dags/example_nested_branch_dag.py
[2023-08-24T04:35:28.144+0000] {processor.py:829} INFO - Processing file /usr/local/lib/python3.8/dist-packages/airflow/example_dags/example_nested_branch_dag.py for tasks to queue
[2023-08-24T04:35:28.144+0000] {logging_mixin.py:151} INFO - [2023-08-24T04:35:28.144+0000] {dagbag.py:539} INFO - Filling up the DagBag from /usr/local/lib/python3.8/dist-packages/airflow/example_dags/example_nested_branch_dag.py
[2023-08-24T04:35:28.154+0000] {processor.py:839} INFO - DAG(s) dict_keys(['example_nested_branch_dag']) retrieved from /usr/local/lib/python3.8/dist-packages/airflow/example_dags/example_nested_branch_dag.py
[2023-08-24T04:35:28.171+0000] {logging_mixin.py:151} INFO - [2023-08-24T04:35:28.171+0000] {dag.py:2907} INFO - Sync 1 DAGs
[2023-08-24T04:35:28.188+0000] {logging_mixin.py:151} INFO - [2023-08-24T04:35:28.188+0000] {dag.py:3677} INFO - Setting next_dagrun for example_nested_branch_dag to 2023-08-23T00:00:00+00:00, run_after=2023-08-24T00:00:00+00:00
[2023-08-24T04:35:28.206+0000] {processor.py:179} INFO - Processing /usr/local/lib/python3.8/dist-packages/airflow/example_dags/example_nested_branch_dag.py took 0.068 seconds
[2023-08-24T04:36:26.412+0000] {processor.py:157} INFO - Started process (PID=42456) to work on /usr/local/lib/python3.8/dist-packages/airflow/example_dags/example_nested_branch_dag.py
[2023-08-24T04:36:26.413+0000] {processor.py:829} INFO - Processing file /usr/local/lib/python3.8/dist-packages/airflow/example_dags/example_nested_branch_dag.py for tasks to queue
[2023-08-24T04:36:26.414+0000] {logging_mixin.py:151} INFO - [2023-08-24T04:36:26.414+0000] {dagbag.py:539} INFO - Filling up the DagBag from /usr/local/lib/python3.8/dist-packages/airflow/example_dags/example_nested_branch_dag.py
[2023-08-24T04:36:26.423+0000] {processor.py:839} INFO - DAG(s) dict_keys(['example_nested_branch_dag']) retrieved from /usr/local/lib/python3.8/dist-packages/airflow/example_dags/example_nested_branch_dag.py
[2023-08-24T04:36:26.439+0000] {logging_mixin.py:151} INFO - [2023-08-24T04:36:26.439+0000] {dag.py:2907} INFO - Sync 1 DAGs
[2023-08-24T04:36:26.456+0000] {logging_mixin.py:151} INFO - [2023-08-24T04:36:26.456+0000] {dag.py:3677} INFO - Setting next_dagrun for example_nested_branch_dag to 2023-08-23T00:00:00+00:00, run_after=2023-08-24T00:00:00+00:00
[2023-08-24T04:36:26.473+0000] {processor.py:179} INFO - Processing /usr/local/lib/python3.8/dist-packages/airflow/example_dags/example_nested_branch_dag.py took 0.065 seconds
[2023-08-24T04:37:22.904+0000] {processor.py:157} INFO - Started process (PID=42639) to work on /usr/local/lib/python3.8/dist-packages/airflow/example_dags/example_nested_branch_dag.py
[2023-08-24T04:37:22.905+0000] {processor.py:829} INFO - Processing file /usr/local/lib/python3.8/dist-packages/airflow/example_dags/example_nested_branch_dag.py for tasks to queue
[2023-08-24T04:37:22.906+0000] {logging_mixin.py:151} INFO - [2023-08-24T04:37:22.905+0000] {dagbag.py:539} INFO - Filling up the DagBag from /usr/local/lib/python3.8/dist-packages/airflow/example_dags/example_nested_branch_dag.py
[2023-08-24T04:37:22.915+0000] {processor.py:839} INFO - DAG(s) dict_keys(['example_nested_branch_dag']) retrieved from /usr/local/lib/python3.8/dist-packages/airflow/example_dags/example_nested_branch_dag.py
[2023-08-24T04:37:22.931+0000] {logging_mixin.py:151} INFO - [2023-08-24T04:37:22.931+0000] {dag.py:2907} INFO - Sync 1 DAGs
[2023-08-24T04:37:22.948+0000] {logging_mixin.py:151} INFO - [2023-08-24T04:37:22.948+0000] {dag.py:3677} INFO - Setting next_dagrun for example_nested_branch_dag to 2023-08-23T00:00:00+00:00, run_after=2023-08-24T00:00:00+00:00
[2023-08-24T04:37:22.967+0000] {processor.py:179} INFO - Processing /usr/local/lib/python3.8/dist-packages/airflow/example_dags/example_nested_branch_dag.py took 0.067 seconds
[2023-08-24T04:38:21.146+0000] {processor.py:157} INFO - Started process (PID=42822) to work on /usr/local/lib/python3.8/dist-packages/airflow/example_dags/example_nested_branch_dag.py
[2023-08-24T04:38:21.147+0000] {processor.py:829} INFO - Processing file /usr/local/lib/python3.8/dist-packages/airflow/example_dags/example_nested_branch_dag.py for tasks to queue
[2023-08-24T04:38:21.148+0000] {logging_mixin.py:151} INFO - [2023-08-24T04:38:21.148+0000] {dagbag.py:539} INFO - Filling up the DagBag from /usr/local/lib/python3.8/dist-packages/airflow/example_dags/example_nested_branch_dag.py
[2023-08-24T04:38:21.157+0000] {processor.py:839} INFO - DAG(s) dict_keys(['example_nested_branch_dag']) retrieved from /usr/local/lib/python3.8/dist-packages/airflow/example_dags/example_nested_branch_dag.py
[2023-08-24T04:38:21.173+0000] {logging_mixin.py:151} INFO - [2023-08-24T04:38:21.173+0000] {dag.py:2907} INFO - Sync 1 DAGs
[2023-08-24T04:38:21.190+0000] {logging_mixin.py:151} INFO - [2023-08-24T04:38:21.190+0000] {dag.py:3677} INFO - Setting next_dagrun for example_nested_branch_dag to 2023-08-23T00:00:00+00:00, run_after=2023-08-24T00:00:00+00:00
[2023-08-24T04:38:21.208+0000] {processor.py:179} INFO - Processing /usr/local/lib/python3.8/dist-packages/airflow/example_dags/example_nested_branch_dag.py took 0.066 seconds
[2023-08-24T04:39:21.680+0000] {processor.py:157} INFO - Started process (PID=43007) to work on /usr/local/lib/python3.8/dist-packages/airflow/example_dags/example_nested_branch_dag.py
[2023-08-24T04:39:21.681+0000] {processor.py:829} INFO - Processing file /usr/local/lib/python3.8/dist-packages/airflow/example_dags/example_nested_branch_dag.py for tasks to queue
[2023-08-24T04:39:21.682+0000] {logging_mixin.py:151} INFO - [2023-08-24T04:39:21.682+0000] {dagbag.py:539} INFO - Filling up the DagBag from /usr/local/lib/python3.8/dist-packages/airflow/example_dags/example_nested_branch_dag.py
[2023-08-24T04:39:21.691+0000] {processor.py:839} INFO - DAG(s) dict_keys(['example_nested_branch_dag']) retrieved from /usr/local/lib/python3.8/dist-packages/airflow/example_dags/example_nested_branch_dag.py
[2023-08-24T04:39:21.708+0000] {logging_mixin.py:151} INFO - [2023-08-24T04:39:21.708+0000] {dag.py:2907} INFO - Sync 1 DAGs
[2023-08-24T04:39:21.725+0000] {logging_mixin.py:151} INFO - [2023-08-24T04:39:21.724+0000] {dag.py:3677} INFO - Setting next_dagrun for example_nested_branch_dag to 2023-08-23T00:00:00+00:00, run_after=2023-08-24T00:00:00+00:00
[2023-08-24T04:39:21.742+0000] {processor.py:179} INFO - Processing /usr/local/lib/python3.8/dist-packages/airflow/example_dags/example_nested_branch_dag.py took 0.066 seconds
[2023-08-24T04:40:21.955+0000] {processor.py:157} INFO - Started process (PID=43203) to work on /usr/local/lib/python3.8/dist-packages/airflow/example_dags/example_nested_branch_dag.py
[2023-08-24T04:40:21.956+0000] {processor.py:829} INFO - Processing file /usr/local/lib/python3.8/dist-packages/airflow/example_dags/example_nested_branch_dag.py for tasks to queue
[2023-08-24T04:40:21.957+0000] {logging_mixin.py:151} INFO - [2023-08-24T04:40:21.957+0000] {dagbag.py:539} INFO - Filling up the DagBag from /usr/local/lib/python3.8/dist-packages/airflow/example_dags/example_nested_branch_dag.py
[2023-08-24T04:40:21.966+0000] {processor.py:839} INFO - DAG(s) dict_keys(['example_nested_branch_dag']) retrieved from /usr/local/lib/python3.8/dist-packages/airflow/example_dags/example_nested_branch_dag.py
[2023-08-24T04:40:21.983+0000] {logging_mixin.py:151} INFO - [2023-08-24T04:40:21.983+0000] {dag.py:2907} INFO - Sync 1 DAGs
[2023-08-24T04:40:21.999+0000] {logging_mixin.py:151} INFO - [2023-08-24T04:40:21.999+0000] {dag.py:3677} INFO - Setting next_dagrun for example_nested_branch_dag to 2023-08-23T00:00:00+00:00, run_after=2023-08-24T00:00:00+00:00
[2023-08-24T04:40:22.017+0000] {processor.py:179} INFO - Processing /usr/local/lib/python3.8/dist-packages/airflow/example_dags/example_nested_branch_dag.py took 0.066 seconds
[2023-08-24T04:41:22.634+0000] {processor.py:157} INFO - Started process (PID=43387) to work on /usr/local/lib/python3.8/dist-packages/airflow/example_dags/example_nested_branch_dag.py
[2023-08-24T04:41:22.636+0000] {processor.py:829} INFO - Processing file /usr/local/lib/python3.8/dist-packages/airflow/example_dags/example_nested_branch_dag.py for tasks to queue
[2023-08-24T04:41:22.637+0000] {logging_mixin.py:151} INFO - [2023-08-24T04:41:22.636+0000] {dagbag.py:539} INFO - Filling up the DagBag from /usr/local/lib/python3.8/dist-packages/airflow/example_dags/example_nested_branch_dag.py
[2023-08-24T04:41:22.646+0000] {processor.py:839} INFO - DAG(s) dict_keys(['example_nested_branch_dag']) retrieved from /usr/local/lib/python3.8/dist-packages/airflow/example_dags/example_nested_branch_dag.py
[2023-08-24T04:41:22.662+0000] {logging_mixin.py:151} INFO - [2023-08-24T04:41:22.662+0000] {dag.py:2907} INFO - Sync 1 DAGs
[2023-08-24T04:41:22.679+0000] {logging_mixin.py:151} INFO - [2023-08-24T04:41:22.678+0000] {dag.py:3677} INFO - Setting next_dagrun for example_nested_branch_dag to 2023-08-23T00:00:00+00:00, run_after=2023-08-24T00:00:00+00:00
[2023-08-24T04:41:22.696+0000] {processor.py:179} INFO - Processing /usr/local/lib/python3.8/dist-packages/airflow/example_dags/example_nested_branch_dag.py took 0.065 seconds
[2023-08-24T04:42:22.098+0000] {processor.py:157} INFO - Started process (PID=43571) to work on /usr/local/lib/python3.8/dist-packages/airflow/example_dags/example_nested_branch_dag.py
[2023-08-24T04:42:22.099+0000] {processor.py:829} INFO - Processing file /usr/local/lib/python3.8/dist-packages/airflow/example_dags/example_nested_branch_dag.py for tasks to queue
[2023-08-24T04:42:22.100+0000] {logging_mixin.py:151} INFO - [2023-08-24T04:42:22.100+0000] {dagbag.py:539} INFO - Filling up the DagBag from /usr/local/lib/python3.8/dist-packages/airflow/example_dags/example_nested_branch_dag.py
[2023-08-24T04:42:22.109+0000] {processor.py:839} INFO - DAG(s) dict_keys(['example_nested_branch_dag']) retrieved from /usr/local/lib/python3.8/dist-packages/airflow/example_dags/example_nested_branch_dag.py
[2023-08-24T04:42:22.126+0000] {logging_mixin.py:151} INFO - [2023-08-24T04:42:22.125+0000] {dag.py:2907} INFO - Sync 1 DAGs
[2023-08-24T04:42:22.142+0000] {logging_mixin.py:151} INFO - [2023-08-24T04:42:22.142+0000] {dag.py:3677} INFO - Setting next_dagrun for example_nested_branch_dag to 2023-08-23T00:00:00+00:00, run_after=2023-08-24T00:00:00+00:00
[2023-08-24T04:42:22.160+0000] {processor.py:179} INFO - Processing /usr/local/lib/python3.8/dist-packages/airflow/example_dags/example_nested_branch_dag.py took 0.066 seconds
[2023-08-24T04:43:21.359+0000] {processor.py:157} INFO - Started process (PID=43758) to work on /usr/local/lib/python3.8/dist-packages/airflow/example_dags/example_nested_branch_dag.py
[2023-08-24T04:43:21.361+0000] {processor.py:829} INFO - Processing file /usr/local/lib/python3.8/dist-packages/airflow/example_dags/example_nested_branch_dag.py for tasks to queue
[2023-08-24T04:43:21.362+0000] {logging_mixin.py:151} INFO - [2023-08-24T04:43:21.361+0000] {dagbag.py:539} INFO - Filling up the DagBag from /usr/local/lib/python3.8/dist-packages/airflow/example_dags/example_nested_branch_dag.py
[2023-08-24T04:43:21.371+0000] {processor.py:839} INFO - DAG(s) dict_keys(['example_nested_branch_dag']) retrieved from /usr/local/lib/python3.8/dist-packages/airflow/example_dags/example_nested_branch_dag.py
[2023-08-24T04:43:21.388+0000] {logging_mixin.py:151} INFO - [2023-08-24T04:43:21.387+0000] {dag.py:2907} INFO - Sync 1 DAGs
[2023-08-24T04:43:21.404+0000] {logging_mixin.py:151} INFO - [2023-08-24T04:43:21.404+0000] {dag.py:3677} INFO - Setting next_dagrun for example_nested_branch_dag to 2023-08-23T00:00:00+00:00, run_after=2023-08-24T00:00:00+00:00
[2023-08-24T04:43:21.422+0000] {processor.py:179} INFO - Processing /usr/local/lib/python3.8/dist-packages/airflow/example_dags/example_nested_branch_dag.py took 0.066 seconds
[2023-08-24T04:44:22.124+0000] {processor.py:157} INFO - Started process (PID=43944) to work on /usr/local/lib/python3.8/dist-packages/airflow/example_dags/example_nested_branch_dag.py
[2023-08-24T04:44:22.126+0000] {processor.py:829} INFO - Processing file /usr/local/lib/python3.8/dist-packages/airflow/example_dags/example_nested_branch_dag.py for tasks to queue
[2023-08-24T04:44:22.127+0000] {logging_mixin.py:151} INFO - [2023-08-24T04:44:22.126+0000] {dagbag.py:539} INFO - Filling up the DagBag from /usr/local/lib/python3.8/dist-packages/airflow/example_dags/example_nested_branch_dag.py
[2023-08-24T04:44:22.136+0000] {processor.py:839} INFO - DAG(s) dict_keys(['example_nested_branch_dag']) retrieved from /usr/local/lib/python3.8/dist-packages/airflow/example_dags/example_nested_branch_dag.py
[2023-08-24T04:44:22.152+0000] {logging_mixin.py:151} INFO - [2023-08-24T04:44:22.152+0000] {dag.py:2907} INFO - Sync 1 DAGs
[2023-08-24T04:44:22.169+0000] {logging_mixin.py:151} INFO - [2023-08-24T04:44:22.169+0000] {dag.py:3677} INFO - Setting next_dagrun for example_nested_branch_dag to 2023-08-23T00:00:00+00:00, run_after=2023-08-24T00:00:00+00:00
[2023-08-24T04:44:22.186+0000] {processor.py:179} INFO - Processing /usr/local/lib/python3.8/dist-packages/airflow/example_dags/example_nested_branch_dag.py took 0.065 seconds
[2023-08-24T04:45:23.186+0000] {processor.py:157} INFO - Started process (PID=44127) to work on /usr/local/lib/python3.8/dist-packages/airflow/example_dags/example_nested_branch_dag.py
[2023-08-24T04:45:23.189+0000] {processor.py:829} INFO - Processing file /usr/local/lib/python3.8/dist-packages/airflow/example_dags/example_nested_branch_dag.py for tasks to queue
[2023-08-24T04:45:23.190+0000] {logging_mixin.py:151} INFO - [2023-08-24T04:45:23.189+0000] {dagbag.py:539} INFO - Filling up the DagBag from /usr/local/lib/python3.8/dist-packages/airflow/example_dags/example_nested_branch_dag.py
[2023-08-24T04:45:23.199+0000] {processor.py:839} INFO - DAG(s) dict_keys(['example_nested_branch_dag']) retrieved from /usr/local/lib/python3.8/dist-packages/airflow/example_dags/example_nested_branch_dag.py
[2023-08-24T04:45:23.215+0000] {logging_mixin.py:151} INFO - [2023-08-24T04:45:23.215+0000] {dag.py:2907} INFO - Sync 1 DAGs
[2023-08-24T04:45:23.232+0000] {logging_mixin.py:151} INFO - [2023-08-24T04:45:23.232+0000] {dag.py:3677} INFO - Setting next_dagrun for example_nested_branch_dag to 2023-08-23T00:00:00+00:00, run_after=2023-08-24T00:00:00+00:00
[2023-08-24T04:45:23.250+0000] {processor.py:179} INFO - Processing /usr/local/lib/python3.8/dist-packages/airflow/example_dags/example_nested_branch_dag.py took 0.067 seconds
[2023-08-24T04:46:24.766+0000] {processor.py:157} INFO - Started process (PID=44310) to work on /usr/local/lib/python3.8/dist-packages/airflow/example_dags/example_nested_branch_dag.py
[2023-08-24T04:46:24.768+0000] {processor.py:829} INFO - Processing file /usr/local/lib/python3.8/dist-packages/airflow/example_dags/example_nested_branch_dag.py for tasks to queue
[2023-08-24T04:46:24.769+0000] {logging_mixin.py:151} INFO - [2023-08-24T04:46:24.768+0000] {dagbag.py:539} INFO - Filling up the DagBag from /usr/local/lib/python3.8/dist-packages/airflow/example_dags/example_nested_branch_dag.py
[2023-08-24T04:46:24.778+0000] {processor.py:839} INFO - DAG(s) dict_keys(['example_nested_branch_dag']) retrieved from /usr/local/lib/python3.8/dist-packages/airflow/example_dags/example_nested_branch_dag.py
[2023-08-24T04:46:24.795+0000] {logging_mixin.py:151} INFO - [2023-08-24T04:46:24.795+0000] {dag.py:2907} INFO - Sync 1 DAGs
[2023-08-24T04:46:24.812+0000] {logging_mixin.py:151} INFO - [2023-08-24T04:46:24.812+0000] {dag.py:3677} INFO - Setting next_dagrun for example_nested_branch_dag to 2023-08-23T00:00:00+00:00, run_after=2023-08-24T00:00:00+00:00
[2023-08-24T04:46:24.831+0000] {processor.py:179} INFO - Processing /usr/local/lib/python3.8/dist-packages/airflow/example_dags/example_nested_branch_dag.py took 0.068 seconds
[2023-08-24T04:47:28.297+0000] {processor.py:157} INFO - Started process (PID=44494) to work on /usr/local/lib/python3.8/dist-packages/airflow/example_dags/example_nested_branch_dag.py
[2023-08-24T04:47:28.299+0000] {processor.py:829} INFO - Processing file /usr/local/lib/python3.8/dist-packages/airflow/example_dags/example_nested_branch_dag.py for tasks to queue
[2023-08-24T04:47:28.300+0000] {logging_mixin.py:151} INFO - [2023-08-24T04:47:28.300+0000] {dagbag.py:539} INFO - Filling up the DagBag from /usr/local/lib/python3.8/dist-packages/airflow/example_dags/example_nested_branch_dag.py
[2023-08-24T04:47:28.309+0000] {processor.py:839} INFO - DAG(s) dict_keys(['example_nested_branch_dag']) retrieved from /usr/local/lib/python3.8/dist-packages/airflow/example_dags/example_nested_branch_dag.py
[2023-08-24T04:47:28.326+0000] {logging_mixin.py:151} INFO - [2023-08-24T04:47:28.326+0000] {dag.py:2907} INFO - Sync 1 DAGs
[2023-08-24T04:47:28.343+0000] {logging_mixin.py:151} INFO - [2023-08-24T04:47:28.343+0000] {dag.py:3677} INFO - Setting next_dagrun for example_nested_branch_dag to 2023-08-23T00:00:00+00:00, run_after=2023-08-24T00:00:00+00:00
[2023-08-24T04:47:28.361+0000] {processor.py:179} INFO - Processing /usr/local/lib/python3.8/dist-packages/airflow/example_dags/example_nested_branch_dag.py took 0.068 seconds
[2023-08-24T04:48:28.633+0000] {processor.py:157} INFO - Started process (PID=44677) to work on /usr/local/lib/python3.8/dist-packages/airflow/example_dags/example_nested_branch_dag.py
[2023-08-24T04:48:28.634+0000] {processor.py:829} INFO - Processing file /usr/local/lib/python3.8/dist-packages/airflow/example_dags/example_nested_branch_dag.py for tasks to queue
[2023-08-24T04:48:28.635+0000] {logging_mixin.py:151} INFO - [2023-08-24T04:48:28.635+0000] {dagbag.py:539} INFO - Filling up the DagBag from /usr/local/lib/python3.8/dist-packages/airflow/example_dags/example_nested_branch_dag.py
[2023-08-24T04:48:28.644+0000] {processor.py:839} INFO - DAG(s) dict_keys(['example_nested_branch_dag']) retrieved from /usr/local/lib/python3.8/dist-packages/airflow/example_dags/example_nested_branch_dag.py
[2023-08-24T04:48:28.661+0000] {logging_mixin.py:151} INFO - [2023-08-24T04:48:28.661+0000] {dag.py:2907} INFO - Sync 1 DAGs
[2023-08-24T04:48:28.679+0000] {logging_mixin.py:151} INFO - [2023-08-24T04:48:28.678+0000] {dag.py:3677} INFO - Setting next_dagrun for example_nested_branch_dag to 2023-08-23T00:00:00+00:00, run_after=2023-08-24T00:00:00+00:00
[2023-08-24T04:48:28.697+0000] {processor.py:179} INFO - Processing /usr/local/lib/python3.8/dist-packages/airflow/example_dags/example_nested_branch_dag.py took 0.068 seconds
[2023-08-24T04:49:30.958+0000] {processor.py:157} INFO - Started process (PID=44861) to work on /usr/local/lib/python3.8/dist-packages/airflow/example_dags/example_nested_branch_dag.py
[2023-08-24T04:49:30.959+0000] {processor.py:829} INFO - Processing file /usr/local/lib/python3.8/dist-packages/airflow/example_dags/example_nested_branch_dag.py for tasks to queue
[2023-08-24T04:49:30.960+0000] {logging_mixin.py:151} INFO - [2023-08-24T04:49:30.960+0000] {dagbag.py:539} INFO - Filling up the DagBag from /usr/local/lib/python3.8/dist-packages/airflow/example_dags/example_nested_branch_dag.py
[2023-08-24T04:49:30.971+0000] {processor.py:839} INFO - DAG(s) dict_keys(['example_nested_branch_dag']) retrieved from /usr/local/lib/python3.8/dist-packages/airflow/example_dags/example_nested_branch_dag.py
[2023-08-24T04:49:30.990+0000] {logging_mixin.py:151} INFO - [2023-08-24T04:49:30.990+0000] {dag.py:2907} INFO - Sync 1 DAGs
[2023-08-24T04:49:31.009+0000] {logging_mixin.py:151} INFO - [2023-08-24T04:49:31.009+0000] {dag.py:3677} INFO - Setting next_dagrun for example_nested_branch_dag to 2023-08-23T00:00:00+00:00, run_after=2023-08-24T00:00:00+00:00
[2023-08-24T04:49:31.027+0000] {processor.py:179} INFO - Processing /usr/local/lib/python3.8/dist-packages/airflow/example_dags/example_nested_branch_dag.py took 0.073 seconds
[2023-08-24T04:50:28.094+0000] {processor.py:157} INFO - Started process (PID=45045) to work on /usr/local/lib/python3.8/dist-packages/airflow/example_dags/example_nested_branch_dag.py
[2023-08-24T04:50:28.096+0000] {processor.py:829} INFO - Processing file /usr/local/lib/python3.8/dist-packages/airflow/example_dags/example_nested_branch_dag.py for tasks to queue
[2023-08-24T04:50:28.097+0000] {logging_mixin.py:151} INFO - [2023-08-24T04:50:28.096+0000] {dagbag.py:539} INFO - Filling up the DagBag from /usr/local/lib/python3.8/dist-packages/airflow/example_dags/example_nested_branch_dag.py
[2023-08-24T04:50:28.106+0000] {processor.py:839} INFO - DAG(s) dict_keys(['example_nested_branch_dag']) retrieved from /usr/local/lib/python3.8/dist-packages/airflow/example_dags/example_nested_branch_dag.py
[2023-08-24T04:50:28.123+0000] {logging_mixin.py:151} INFO - [2023-08-24T04:50:28.123+0000] {dag.py:2907} INFO - Sync 1 DAGs
[2023-08-24T04:50:28.141+0000] {logging_mixin.py:151} INFO - [2023-08-24T04:50:28.140+0000] {dag.py:3677} INFO - Setting next_dagrun for example_nested_branch_dag to 2023-08-23T00:00:00+00:00, run_after=2023-08-24T00:00:00+00:00
[2023-08-24T04:50:28.160+0000] {processor.py:179} INFO - Processing /usr/local/lib/python3.8/dist-packages/airflow/example_dags/example_nested_branch_dag.py took 0.069 seconds
[2023-08-24T04:51:28.792+0000] {processor.py:157} INFO - Started process (PID=45227) to work on /usr/local/lib/python3.8/dist-packages/airflow/example_dags/example_nested_branch_dag.py
[2023-08-24T04:51:28.793+0000] {processor.py:829} INFO - Processing file /usr/local/lib/python3.8/dist-packages/airflow/example_dags/example_nested_branch_dag.py for tasks to queue
[2023-08-24T04:51:28.794+0000] {logging_mixin.py:151} INFO - [2023-08-24T04:51:28.794+0000] {dagbag.py:539} INFO - Filling up the DagBag from /usr/local/lib/python3.8/dist-packages/airflow/example_dags/example_nested_branch_dag.py
[2023-08-24T04:51:28.803+0000] {processor.py:839} INFO - DAG(s) dict_keys(['example_nested_branch_dag']) retrieved from /usr/local/lib/python3.8/dist-packages/airflow/example_dags/example_nested_branch_dag.py
[2023-08-24T04:51:28.820+0000] {logging_mixin.py:151} INFO - [2023-08-24T04:51:28.820+0000] {dag.py:2907} INFO - Sync 1 DAGs
[2023-08-24T04:51:28.836+0000] {logging_mixin.py:151} INFO - [2023-08-24T04:51:28.836+0000] {dag.py:3677} INFO - Setting next_dagrun for example_nested_branch_dag to 2023-08-23T00:00:00+00:00, run_after=2023-08-24T00:00:00+00:00
[2023-08-24T04:51:28.854+0000] {processor.py:179} INFO - Processing /usr/local/lib/python3.8/dist-packages/airflow/example_dags/example_nested_branch_dag.py took 0.066 seconds
[2023-08-24T04:52:30.462+0000] {processor.py:157} INFO - Started process (PID=45410) to work on /usr/local/lib/python3.8/dist-packages/airflow/example_dags/example_nested_branch_dag.py
[2023-08-24T04:52:30.464+0000] {processor.py:829} INFO - Processing file /usr/local/lib/python3.8/dist-packages/airflow/example_dags/example_nested_branch_dag.py for tasks to queue
[2023-08-24T04:52:30.465+0000] {logging_mixin.py:151} INFO - [2023-08-24T04:52:30.464+0000] {dagbag.py:539} INFO - Filling up the DagBag from /usr/local/lib/python3.8/dist-packages/airflow/example_dags/example_nested_branch_dag.py
[2023-08-24T04:52:30.476+0000] {processor.py:839} INFO - DAG(s) dict_keys(['example_nested_branch_dag']) retrieved from /usr/local/lib/python3.8/dist-packages/airflow/example_dags/example_nested_branch_dag.py
[2023-08-24T04:52:30.493+0000] {logging_mixin.py:151} INFO - [2023-08-24T04:52:30.493+0000] {dag.py:2907} INFO - Sync 1 DAGs
[2023-08-24T04:52:30.510+0000] {logging_mixin.py:151} INFO - [2023-08-24T04:52:30.510+0000] {dag.py:3677} INFO - Setting next_dagrun for example_nested_branch_dag to 2023-08-23T00:00:00+00:00, run_after=2023-08-24T00:00:00+00:00
[2023-08-24T04:52:30.527+0000] {processor.py:179} INFO - Processing /usr/local/lib/python3.8/dist-packages/airflow/example_dags/example_nested_branch_dag.py took 0.069 seconds
[2023-08-24T04:53:32.850+0000] {processor.py:157} INFO - Started process (PID=45599) to work on /usr/local/lib/python3.8/dist-packages/airflow/example_dags/example_nested_branch_dag.py
[2023-08-24T04:53:32.851+0000] {processor.py:829} INFO - Processing file /usr/local/lib/python3.8/dist-packages/airflow/example_dags/example_nested_branch_dag.py for tasks to queue
[2023-08-24T04:53:32.852+0000] {logging_mixin.py:151} INFO - [2023-08-24T04:53:32.852+0000] {dagbag.py:539} INFO - Filling up the DagBag from /usr/local/lib/python3.8/dist-packages/airflow/example_dags/example_nested_branch_dag.py
[2023-08-24T04:53:32.861+0000] {processor.py:839} INFO - DAG(s) dict_keys(['example_nested_branch_dag']) retrieved from /usr/local/lib/python3.8/dist-packages/airflow/example_dags/example_nested_branch_dag.py
[2023-08-24T04:53:32.877+0000] {logging_mixin.py:151} INFO - [2023-08-24T04:53:32.877+0000] {dag.py:2907} INFO - Sync 1 DAGs
[2023-08-24T04:53:32.894+0000] {logging_mixin.py:151} INFO - [2023-08-24T04:53:32.894+0000] {dag.py:3677} INFO - Setting next_dagrun for example_nested_branch_dag to 2023-08-23T00:00:00+00:00, run_after=2023-08-24T00:00:00+00:00
[2023-08-24T04:53:32.911+0000] {processor.py:179} INFO - Processing /usr/local/lib/python3.8/dist-packages/airflow/example_dags/example_nested_branch_dag.py took 0.065 seconds
[2023-08-24T04:54:33.810+0000] {processor.py:157} INFO - Started process (PID=45782) to work on /usr/local/lib/python3.8/dist-packages/airflow/example_dags/example_nested_branch_dag.py
[2023-08-24T04:54:33.812+0000] {processor.py:829} INFO - Processing file /usr/local/lib/python3.8/dist-packages/airflow/example_dags/example_nested_branch_dag.py for tasks to queue
[2023-08-24T04:54:33.813+0000] {logging_mixin.py:151} INFO - [2023-08-24T04:54:33.813+0000] {dagbag.py:539} INFO - Filling up the DagBag from /usr/local/lib/python3.8/dist-packages/airflow/example_dags/example_nested_branch_dag.py
[2023-08-24T04:54:33.822+0000] {processor.py:839} INFO - DAG(s) dict_keys(['example_nested_branch_dag']) retrieved from /usr/local/lib/python3.8/dist-packages/airflow/example_dags/example_nested_branch_dag.py
[2023-08-24T04:54:33.839+0000] {logging_mixin.py:151} INFO - [2023-08-24T04:54:33.839+0000] {dag.py:2907} INFO - Sync 1 DAGs
[2023-08-24T04:54:33.856+0000] {logging_mixin.py:151} INFO - [2023-08-24T04:54:33.856+0000] {dag.py:3677} INFO - Setting next_dagrun for example_nested_branch_dag to 2023-08-23T00:00:00+00:00, run_after=2023-08-24T00:00:00+00:00
[2023-08-24T04:54:33.875+0000] {processor.py:179} INFO - Processing /usr/local/lib/python3.8/dist-packages/airflow/example_dags/example_nested_branch_dag.py took 0.069 seconds
[2023-08-24T04:55:33.150+0000] {processor.py:157} INFO - Started process (PID=45965) to work on /usr/local/lib/python3.8/dist-packages/airflow/example_dags/example_nested_branch_dag.py
[2023-08-24T04:55:33.151+0000] {processor.py:829} INFO - Processing file /usr/local/lib/python3.8/dist-packages/airflow/example_dags/example_nested_branch_dag.py for tasks to queue
[2023-08-24T04:55:33.152+0000] {logging_mixin.py:151} INFO - [2023-08-24T04:55:33.152+0000] {dagbag.py:539} INFO - Filling up the DagBag from /usr/local/lib/python3.8/dist-packages/airflow/example_dags/example_nested_branch_dag.py
[2023-08-24T04:55:33.161+0000] {processor.py:839} INFO - DAG(s) dict_keys(['example_nested_branch_dag']) retrieved from /usr/local/lib/python3.8/dist-packages/airflow/example_dags/example_nested_branch_dag.py
[2023-08-24T04:55:33.178+0000] {logging_mixin.py:151} INFO - [2023-08-24T04:55:33.178+0000] {dag.py:2907} INFO - Sync 1 DAGs
[2023-08-24T04:55:33.196+0000] {logging_mixin.py:151} INFO - [2023-08-24T04:55:33.196+0000] {dag.py:3677} INFO - Setting next_dagrun for example_nested_branch_dag to 2023-08-23T00:00:00+00:00, run_after=2023-08-24T00:00:00+00:00
[2023-08-24T04:55:33.214+0000] {processor.py:179} INFO - Processing /usr/local/lib/python3.8/dist-packages/airflow/example_dags/example_nested_branch_dag.py took 0.068 seconds
[2023-08-24T04:56:38.766+0000] {processor.py:157} INFO - Started process (PID=46153) to work on /usr/local/lib/python3.8/dist-packages/airflow/example_dags/example_nested_branch_dag.py
[2023-08-24T04:56:38.768+0000] {processor.py:829} INFO - Processing file /usr/local/lib/python3.8/dist-packages/airflow/example_dags/example_nested_branch_dag.py for tasks to queue
[2023-08-24T04:56:38.769+0000] {logging_mixin.py:151} INFO - [2023-08-24T04:56:38.768+0000] {dagbag.py:539} INFO - Filling up the DagBag from /usr/local/lib/python3.8/dist-packages/airflow/example_dags/example_nested_branch_dag.py
[2023-08-24T04:56:38.778+0000] {processor.py:839} INFO - DAG(s) dict_keys(['example_nested_branch_dag']) retrieved from /usr/local/lib/python3.8/dist-packages/airflow/example_dags/example_nested_branch_dag.py
[2023-08-24T04:56:38.795+0000] {logging_mixin.py:151} INFO - [2023-08-24T04:56:38.794+0000] {dag.py:2907} INFO - Sync 1 DAGs
[2023-08-24T04:56:38.812+0000] {logging_mixin.py:151} INFO - [2023-08-24T04:56:38.812+0000] {dag.py:3677} INFO - Setting next_dagrun for example_nested_branch_dag to 2023-08-23T00:00:00+00:00, run_after=2023-08-24T00:00:00+00:00
[2023-08-24T04:56:38.830+0000] {processor.py:179} INFO - Processing /usr/local/lib/python3.8/dist-packages/airflow/example_dags/example_nested_branch_dag.py took 0.067 seconds
[2023-08-24T04:57:41.409+0000] {processor.py:157} INFO - Started process (PID=46349) to work on /usr/local/lib/python3.8/dist-packages/airflow/example_dags/example_nested_branch_dag.py
[2023-08-24T04:57:41.411+0000] {processor.py:829} INFO - Processing file /usr/local/lib/python3.8/dist-packages/airflow/example_dags/example_nested_branch_dag.py for tasks to queue
[2023-08-24T04:57:41.411+0000] {logging_mixin.py:151} INFO - [2023-08-24T04:57:41.411+0000] {dagbag.py:539} INFO - Filling up the DagBag from /usr/local/lib/python3.8/dist-packages/airflow/example_dags/example_nested_branch_dag.py
[2023-08-24T04:57:41.421+0000] {processor.py:839} INFO - DAG(s) dict_keys(['example_nested_branch_dag']) retrieved from /usr/local/lib/python3.8/dist-packages/airflow/example_dags/example_nested_branch_dag.py
[2023-08-24T04:57:41.438+0000] {logging_mixin.py:151} INFO - [2023-08-24T04:57:41.437+0000] {dag.py:2907} INFO - Sync 1 DAGs
[2023-08-24T04:57:41.574+0000] {logging_mixin.py:151} INFO - [2023-08-24T04:57:41.574+0000] {dag.py:3677} INFO - Setting next_dagrun for example_nested_branch_dag to 2023-08-23T00:00:00+00:00, run_after=2023-08-24T00:00:00+00:00
[2023-08-24T04:57:41.590+0000] {processor.py:179} INFO - Processing /usr/local/lib/python3.8/dist-packages/airflow/example_dags/example_nested_branch_dag.py took 0.185 seconds
[2023-08-24T04:58:44.372+0000] {processor.py:157} INFO - Started process (PID=46533) to work on /usr/local/lib/python3.8/dist-packages/airflow/example_dags/example_nested_branch_dag.py
[2023-08-24T04:58:44.376+0000] {processor.py:829} INFO - Processing file /usr/local/lib/python3.8/dist-packages/airflow/example_dags/example_nested_branch_dag.py for tasks to queue
[2023-08-24T04:58:44.377+0000] {logging_mixin.py:151} INFO - [2023-08-24T04:58:44.376+0000] {dagbag.py:539} INFO - Filling up the DagBag from /usr/local/lib/python3.8/dist-packages/airflow/example_dags/example_nested_branch_dag.py
[2023-08-24T04:58:44.387+0000] {processor.py:839} INFO - DAG(s) dict_keys(['example_nested_branch_dag']) retrieved from /usr/local/lib/python3.8/dist-packages/airflow/example_dags/example_nested_branch_dag.py
[2023-08-24T04:58:44.406+0000] {logging_mixin.py:151} INFO - [2023-08-24T04:58:44.406+0000] {dag.py:2907} INFO - Sync 1 DAGs
[2023-08-24T04:58:44.424+0000] {logging_mixin.py:151} INFO - [2023-08-24T04:58:44.424+0000] {dag.py:3677} INFO - Setting next_dagrun for example_nested_branch_dag to 2023-08-23T00:00:00+00:00, run_after=2023-08-24T00:00:00+00:00
[2023-08-24T04:58:44.560+0000] {processor.py:179} INFO - Processing /usr/local/lib/python3.8/dist-packages/airflow/example_dags/example_nested_branch_dag.py took 0.192 seconds
[2023-08-24T04:59:48.620+0000] {processor.py:157} INFO - Started process (PID=46716) to work on /usr/local/lib/python3.8/dist-packages/airflow/example_dags/example_nested_branch_dag.py
[2023-08-24T04:59:48.623+0000] {processor.py:829} INFO - Processing file /usr/local/lib/python3.8/dist-packages/airflow/example_dags/example_nested_branch_dag.py for tasks to queue
[2023-08-24T04:59:48.624+0000] {logging_mixin.py:151} INFO - [2023-08-24T04:59:48.623+0000] {dagbag.py:539} INFO - Filling up the DagBag from /usr/local/lib/python3.8/dist-packages/airflow/example_dags/example_nested_branch_dag.py
[2023-08-24T04:59:48.633+0000] {processor.py:839} INFO - DAG(s) dict_keys(['example_nested_branch_dag']) retrieved from /usr/local/lib/python3.8/dist-packages/airflow/example_dags/example_nested_branch_dag.py
[2023-08-24T04:59:48.650+0000] {logging_mixin.py:151} INFO - [2023-08-24T04:59:48.650+0000] {dag.py:2907} INFO - Sync 1 DAGs
[2023-08-24T04:59:48.667+0000] {logging_mixin.py:151} INFO - [2023-08-24T04:59:48.667+0000] {dag.py:3677} INFO - Setting next_dagrun for example_nested_branch_dag to 2023-08-23T00:00:00+00:00, run_after=2023-08-24T00:00:00+00:00
[2023-08-24T04:59:48.685+0000] {processor.py:179} INFO - Processing /usr/local/lib/python3.8/dist-packages/airflow/example_dags/example_nested_branch_dag.py took 0.069 seconds
[2023-08-24T05:00:47.698+0000] {processor.py:157} INFO - Started process (PID=46901) to work on /usr/local/lib/python3.8/dist-packages/airflow/example_dags/example_nested_branch_dag.py
[2023-08-24T05:00:47.701+0000] {processor.py:829} INFO - Processing file /usr/local/lib/python3.8/dist-packages/airflow/example_dags/example_nested_branch_dag.py for tasks to queue
[2023-08-24T05:00:47.702+0000] {logging_mixin.py:151} INFO - [2023-08-24T05:00:47.702+0000] {dagbag.py:539} INFO - Filling up the DagBag from /usr/local/lib/python3.8/dist-packages/airflow/example_dags/example_nested_branch_dag.py
[2023-08-24T05:00:47.711+0000] {processor.py:839} INFO - DAG(s) dict_keys(['example_nested_branch_dag']) retrieved from /usr/local/lib/python3.8/dist-packages/airflow/example_dags/example_nested_branch_dag.py
[2023-08-24T05:00:47.728+0000] {logging_mixin.py:151} INFO - [2023-08-24T05:00:47.728+0000] {dag.py:2907} INFO - Sync 1 DAGs
[2023-08-24T05:00:47.744+0000] {logging_mixin.py:151} INFO - [2023-08-24T05:00:47.744+0000] {dag.py:3677} INFO - Setting next_dagrun for example_nested_branch_dag to 2023-08-23T00:00:00+00:00, run_after=2023-08-24T00:00:00+00:00
[2023-08-24T05:00:47.761+0000] {processor.py:179} INFO - Processing /usr/local/lib/python3.8/dist-packages/airflow/example_dags/example_nested_branch_dag.py took 0.067 seconds
[2023-08-24T05:01:46.809+0000] {processor.py:157} INFO - Started process (PID=47099) to work on /usr/local/lib/python3.8/dist-packages/airflow/example_dags/example_nested_branch_dag.py
[2023-08-24T05:01:46.813+0000] {processor.py:829} INFO - Processing file /usr/local/lib/python3.8/dist-packages/airflow/example_dags/example_nested_branch_dag.py for tasks to queue
[2023-08-24T05:01:46.814+0000] {logging_mixin.py:151} INFO - [2023-08-24T05:01:46.813+0000] {dagbag.py:539} INFO - Filling up the DagBag from /usr/local/lib/python3.8/dist-packages/airflow/example_dags/example_nested_branch_dag.py
[2023-08-24T05:01:46.823+0000] {processor.py:839} INFO - DAG(s) dict_keys(['example_nested_branch_dag']) retrieved from /usr/local/lib/python3.8/dist-packages/airflow/example_dags/example_nested_branch_dag.py
[2023-08-24T05:01:46.840+0000] {logging_mixin.py:151} INFO - [2023-08-24T05:01:46.840+0000] {dag.py:2907} INFO - Sync 1 DAGs
[2023-08-24T05:01:46.857+0000] {logging_mixin.py:151} INFO - [2023-08-24T05:01:46.857+0000] {dag.py:3677} INFO - Setting next_dagrun for example_nested_branch_dag to 2023-08-23T00:00:00+00:00, run_after=2023-08-24T00:00:00+00:00
[2023-08-24T05:01:46.876+0000] {processor.py:179} INFO - Processing /usr/local/lib/python3.8/dist-packages/airflow/example_dags/example_nested_branch_dag.py took 0.070 seconds
[2023-08-24T05:02:47.528+0000] {processor.py:157} INFO - Started process (PID=47283) to work on /usr/local/lib/python3.8/dist-packages/airflow/example_dags/example_nested_branch_dag.py
[2023-08-24T05:02:47.531+0000] {processor.py:829} INFO - Processing file /usr/local/lib/python3.8/dist-packages/airflow/example_dags/example_nested_branch_dag.py for tasks to queue
[2023-08-24T05:02:47.532+0000] {logging_mixin.py:151} INFO - [2023-08-24T05:02:47.531+0000] {dagbag.py:539} INFO - Filling up the DagBag from /usr/local/lib/python3.8/dist-packages/airflow/example_dags/example_nested_branch_dag.py
[2023-08-24T05:02:47.541+0000] {processor.py:839} INFO - DAG(s) dict_keys(['example_nested_branch_dag']) retrieved from /usr/local/lib/python3.8/dist-packages/airflow/example_dags/example_nested_branch_dag.py
[2023-08-24T05:02:47.558+0000] {logging_mixin.py:151} INFO - [2023-08-24T05:02:47.557+0000] {dag.py:2907} INFO - Sync 1 DAGs
[2023-08-24T05:02:47.575+0000] {logging_mixin.py:151} INFO - [2023-08-24T05:02:47.575+0000] {dag.py:3677} INFO - Setting next_dagrun for example_nested_branch_dag to 2023-08-23T00:00:00+00:00, run_after=2023-08-24T00:00:00+00:00
[2023-08-24T05:02:47.592+0000] {processor.py:179} INFO - Processing /usr/local/lib/python3.8/dist-packages/airflow/example_dags/example_nested_branch_dag.py took 0.067 seconds
[2023-08-24T05:03:48.333+0000] {processor.py:157} INFO - Started process (PID=47472) to work on /usr/local/lib/python3.8/dist-packages/airflow/example_dags/example_nested_branch_dag.py
[2023-08-24T05:03:48.335+0000] {processor.py:829} INFO - Processing file /usr/local/lib/python3.8/dist-packages/airflow/example_dags/example_nested_branch_dag.py for tasks to queue
[2023-08-24T05:03:48.336+0000] {logging_mixin.py:151} INFO - [2023-08-24T05:03:48.335+0000] {dagbag.py:539} INFO - Filling up the DagBag from /usr/local/lib/python3.8/dist-packages/airflow/example_dags/example_nested_branch_dag.py
[2023-08-24T05:03:48.345+0000] {processor.py:839} INFO - DAG(s) dict_keys(['example_nested_branch_dag']) retrieved from /usr/local/lib/python3.8/dist-packages/airflow/example_dags/example_nested_branch_dag.py
[2023-08-24T05:03:48.362+0000] {logging_mixin.py:151} INFO - [2023-08-24T05:03:48.362+0000] {dag.py:2907} INFO - Sync 1 DAGs
[2023-08-24T05:03:48.379+0000] {logging_mixin.py:151} INFO - [2023-08-24T05:03:48.378+0000] {dag.py:3677} INFO - Setting next_dagrun for example_nested_branch_dag to 2023-08-23T00:00:00+00:00, run_after=2023-08-24T00:00:00+00:00
[2023-08-24T05:03:48.396+0000] {processor.py:179} INFO - Processing /usr/local/lib/python3.8/dist-packages/airflow/example_dags/example_nested_branch_dag.py took 0.066 seconds
[2023-08-24T05:04:46.196+0000] {processor.py:157} INFO - Started process (PID=47654) to work on /usr/local/lib/python3.8/dist-packages/airflow/example_dags/example_nested_branch_dag.py
[2023-08-24T05:04:46.198+0000] {processor.py:829} INFO - Processing file /usr/local/lib/python3.8/dist-packages/airflow/example_dags/example_nested_branch_dag.py for tasks to queue
[2023-08-24T05:04:46.198+0000] {logging_mixin.py:151} INFO - [2023-08-24T05:04:46.198+0000] {dagbag.py:539} INFO - Filling up the DagBag from /usr/local/lib/python3.8/dist-packages/airflow/example_dags/example_nested_branch_dag.py
[2023-08-24T05:04:46.208+0000] {processor.py:839} INFO - DAG(s) dict_keys(['example_nested_branch_dag']) retrieved from /usr/local/lib/python3.8/dist-packages/airflow/example_dags/example_nested_branch_dag.py
[2023-08-24T05:04:46.224+0000] {logging_mixin.py:151} INFO - [2023-08-24T05:04:46.224+0000] {dag.py:2907} INFO - Sync 1 DAGs
[2023-08-24T05:04:46.241+0000] {logging_mixin.py:151} INFO - [2023-08-24T05:04:46.241+0000] {dag.py:3677} INFO - Setting next_dagrun for example_nested_branch_dag to 2023-08-23T00:00:00+00:00, run_after=2023-08-24T00:00:00+00:00
[2023-08-24T05:04:46.258+0000] {processor.py:179} INFO - Processing /usr/local/lib/python3.8/dist-packages/airflow/example_dags/example_nested_branch_dag.py took 0.066 seconds
[2023-08-24T05:05:45.184+0000] {processor.py:157} INFO - Started process (PID=47850) to work on /usr/local/lib/python3.8/dist-packages/airflow/example_dags/example_nested_branch_dag.py
[2023-08-24T05:05:45.186+0000] {processor.py:829} INFO - Processing file /usr/local/lib/python3.8/dist-packages/airflow/example_dags/example_nested_branch_dag.py for tasks to queue
[2023-08-24T05:05:45.187+0000] {logging_mixin.py:151} INFO - [2023-08-24T05:05:45.186+0000] {dagbag.py:539} INFO - Filling up the DagBag from /usr/local/lib/python3.8/dist-packages/airflow/example_dags/example_nested_branch_dag.py
[2023-08-24T05:05:45.196+0000] {processor.py:839} INFO - DAG(s) dict_keys(['example_nested_branch_dag']) retrieved from /usr/local/lib/python3.8/dist-packages/airflow/example_dags/example_nested_branch_dag.py
[2023-08-24T05:05:45.213+0000] {logging_mixin.py:151} INFO - [2023-08-24T05:05:45.213+0000] {dag.py:2907} INFO - Sync 1 DAGs
[2023-08-24T05:05:45.231+0000] {logging_mixin.py:151} INFO - [2023-08-24T05:05:45.231+0000] {dag.py:3677} INFO - Setting next_dagrun for example_nested_branch_dag to 2023-08-23T00:00:00+00:00, run_after=2023-08-24T00:00:00+00:00
[2023-08-24T05:05:45.248+0000] {processor.py:179} INFO - Processing /usr/local/lib/python3.8/dist-packages/airflow/example_dags/example_nested_branch_dag.py took 0.067 seconds
[2023-08-24T05:06:42.936+0000] {processor.py:157} INFO - Started process (PID=48046) to work on /usr/local/lib/python3.8/dist-packages/airflow/example_dags/example_nested_branch_dag.py
[2023-08-24T05:06:42.938+0000] {processor.py:829} INFO - Processing file /usr/local/lib/python3.8/dist-packages/airflow/example_dags/example_nested_branch_dag.py for tasks to queue
[2023-08-24T05:06:42.939+0000] {logging_mixin.py:151} INFO - [2023-08-24T05:06:42.938+0000] {dagbag.py:539} INFO - Filling up the DagBag from /usr/local/lib/python3.8/dist-packages/airflow/example_dags/example_nested_branch_dag.py
[2023-08-24T05:06:42.948+0000] {processor.py:839} INFO - DAG(s) dict_keys(['example_nested_branch_dag']) retrieved from /usr/local/lib/python3.8/dist-packages/airflow/example_dags/example_nested_branch_dag.py
[2023-08-24T05:06:42.965+0000] {logging_mixin.py:151} INFO - [2023-08-24T05:06:42.965+0000] {dag.py:2907} INFO - Sync 1 DAGs
[2023-08-24T05:06:42.983+0000] {logging_mixin.py:151} INFO - [2023-08-24T05:06:42.982+0000] {dag.py:3677} INFO - Setting next_dagrun for example_nested_branch_dag to 2023-08-23T00:00:00+00:00, run_after=2023-08-24T00:00:00+00:00
[2023-08-24T05:06:43.000+0000] {processor.py:179} INFO - Processing /usr/local/lib/python3.8/dist-packages/airflow/example_dags/example_nested_branch_dag.py took 0.067 seconds
[2023-08-24T05:07:42.816+0000] {processor.py:157} INFO - Started process (PID=48232) to work on /usr/local/lib/python3.8/dist-packages/airflow/example_dags/example_nested_branch_dag.py
[2023-08-24T05:07:42.818+0000] {processor.py:829} INFO - Processing file /usr/local/lib/python3.8/dist-packages/airflow/example_dags/example_nested_branch_dag.py for tasks to queue
[2023-08-24T05:07:42.819+0000] {logging_mixin.py:151} INFO - [2023-08-24T05:07:42.818+0000] {dagbag.py:539} INFO - Filling up the DagBag from /usr/local/lib/python3.8/dist-packages/airflow/example_dags/example_nested_branch_dag.py
[2023-08-24T05:07:42.828+0000] {processor.py:839} INFO - DAG(s) dict_keys(['example_nested_branch_dag']) retrieved from /usr/local/lib/python3.8/dist-packages/airflow/example_dags/example_nested_branch_dag.py
[2023-08-24T05:07:42.845+0000] {logging_mixin.py:151} INFO - [2023-08-24T05:07:42.845+0000] {dag.py:2907} INFO - Sync 1 DAGs
[2023-08-24T05:07:42.862+0000] {logging_mixin.py:151} INFO - [2023-08-24T05:07:42.862+0000] {dag.py:3677} INFO - Setting next_dagrun for example_nested_branch_dag to 2023-08-23T00:00:00+00:00, run_after=2023-08-24T00:00:00+00:00
[2023-08-24T05:07:42.879+0000] {processor.py:179} INFO - Processing /usr/local/lib/python3.8/dist-packages/airflow/example_dags/example_nested_branch_dag.py took 0.066 seconds
[2023-08-24T05:08:43.589+0000] {processor.py:157} INFO - Started process (PID=48416) to work on /usr/local/lib/python3.8/dist-packages/airflow/example_dags/example_nested_branch_dag.py
[2023-08-24T05:08:43.591+0000] {processor.py:829} INFO - Processing file /usr/local/lib/python3.8/dist-packages/airflow/example_dags/example_nested_branch_dag.py for tasks to queue
[2023-08-24T05:08:43.592+0000] {logging_mixin.py:151} INFO - [2023-08-24T05:08:43.591+0000] {dagbag.py:539} INFO - Filling up the DagBag from /usr/local/lib/python3.8/dist-packages/airflow/example_dags/example_nested_branch_dag.py
[2023-08-24T05:08:43.601+0000] {processor.py:839} INFO - DAG(s) dict_keys(['example_nested_branch_dag']) retrieved from /usr/local/lib/python3.8/dist-packages/airflow/example_dags/example_nested_branch_dag.py
[2023-08-24T05:08:43.618+0000] {logging_mixin.py:151} INFO - [2023-08-24T05:08:43.618+0000] {dag.py:2907} INFO - Sync 1 DAGs
[2023-08-24T05:08:43.636+0000] {logging_mixin.py:151} INFO - [2023-08-24T05:08:43.636+0000] {dag.py:3677} INFO - Setting next_dagrun for example_nested_branch_dag to 2023-08-23T00:00:00+00:00, run_after=2023-08-24T00:00:00+00:00
[2023-08-24T05:08:43.654+0000] {processor.py:179} INFO - Processing /usr/local/lib/python3.8/dist-packages/airflow/example_dags/example_nested_branch_dag.py took 0.069 seconds
[2023-08-24T05:09:42.922+0000] {processor.py:157} INFO - Started process (PID=48612) to work on /usr/local/lib/python3.8/dist-packages/airflow/example_dags/example_nested_branch_dag.py
[2023-08-24T05:09:42.923+0000] {processor.py:829} INFO - Processing file /usr/local/lib/python3.8/dist-packages/airflow/example_dags/example_nested_branch_dag.py for tasks to queue
[2023-08-24T05:09:42.924+0000] {logging_mixin.py:151} INFO - [2023-08-24T05:09:42.924+0000] {dagbag.py:539} INFO - Filling up the DagBag from /usr/local/lib/python3.8/dist-packages/airflow/example_dags/example_nested_branch_dag.py
[2023-08-24T05:09:42.934+0000] {processor.py:839} INFO - DAG(s) dict_keys(['example_nested_branch_dag']) retrieved from /usr/local/lib/python3.8/dist-packages/airflow/example_dags/example_nested_branch_dag.py
[2023-08-24T05:09:42.951+0000] {logging_mixin.py:151} INFO - [2023-08-24T05:09:42.951+0000] {dag.py:2907} INFO - Sync 1 DAGs
[2023-08-24T05:09:42.969+0000] {logging_mixin.py:151} INFO - [2023-08-24T05:09:42.969+0000] {dag.py:3677} INFO - Setting next_dagrun for example_nested_branch_dag to 2023-08-23T00:00:00+00:00, run_after=2023-08-24T00:00:00+00:00
[2023-08-24T05:09:42.987+0000] {processor.py:179} INFO - Processing /usr/local/lib/python3.8/dist-packages/airflow/example_dags/example_nested_branch_dag.py took 0.068 seconds
[2023-08-24T05:10:39.986+0000] {processor.py:157} INFO - Started process (PID=48793) to work on /usr/local/lib/python3.8/dist-packages/airflow/example_dags/example_nested_branch_dag.py
[2023-08-24T05:10:39.987+0000] {processor.py:829} INFO - Processing file /usr/local/lib/python3.8/dist-packages/airflow/example_dags/example_nested_branch_dag.py for tasks to queue
[2023-08-24T05:10:39.988+0000] {logging_mixin.py:151} INFO - [2023-08-24T05:10:39.988+0000] {dagbag.py:539} INFO - Filling up the DagBag from /usr/local/lib/python3.8/dist-packages/airflow/example_dags/example_nested_branch_dag.py
[2023-08-24T05:10:39.998+0000] {processor.py:839} INFO - DAG(s) dict_keys(['example_nested_branch_dag']) retrieved from /usr/local/lib/python3.8/dist-packages/airflow/example_dags/example_nested_branch_dag.py
[2023-08-24T05:10:40.015+0000] {logging_mixin.py:151} INFO - [2023-08-24T05:10:40.015+0000] {dag.py:2907} INFO - Sync 1 DAGs
[2023-08-24T05:10:40.033+0000] {logging_mixin.py:151} INFO - [2023-08-24T05:10:40.033+0000] {dag.py:3677} INFO - Setting next_dagrun for example_nested_branch_dag to 2023-08-23T00:00:00+00:00, run_after=2023-08-24T00:00:00+00:00
[2023-08-24T05:10:40.051+0000] {processor.py:179} INFO - Processing /usr/local/lib/python3.8/dist-packages/airflow/example_dags/example_nested_branch_dag.py took 0.069 seconds
[2023-08-24T05:11:56.299+0000] {processor.py:157} INFO - Started process (PID=48949) to work on /usr/local/lib/python3.8/dist-packages/airflow/example_dags/example_nested_branch_dag.py
[2023-08-24T05:11:56.300+0000] {processor.py:829} INFO - Processing file /usr/local/lib/python3.8/dist-packages/airflow/example_dags/example_nested_branch_dag.py for tasks to queue
[2023-08-24T05:11:56.301+0000] {logging_mixin.py:151} INFO - [2023-08-24T05:11:56.301+0000] {dagbag.py:539} INFO - Filling up the DagBag from /usr/local/lib/python3.8/dist-packages/airflow/example_dags/example_nested_branch_dag.py
[2023-08-24T05:11:56.310+0000] {processor.py:839} INFO - DAG(s) dict_keys(['example_nested_branch_dag']) retrieved from /usr/local/lib/python3.8/dist-packages/airflow/example_dags/example_nested_branch_dag.py
[2023-08-24T05:11:56.327+0000] {logging_mixin.py:151} INFO - [2023-08-24T05:11:56.327+0000] {dag.py:2907} INFO - Sync 1 DAGs
[2023-08-24T05:11:56.344+0000] {logging_mixin.py:151} INFO - [2023-08-24T05:11:56.344+0000] {dag.py:3677} INFO - Setting next_dagrun for example_nested_branch_dag to 2023-08-23T00:00:00+00:00, run_after=2023-08-24T00:00:00+00:00
[2023-08-24T05:11:56.361+0000] {processor.py:179} INFO - Processing /usr/local/lib/python3.8/dist-packages/airflow/example_dags/example_nested_branch_dag.py took 0.066 seconds
[2023-08-24T05:12:59.779+0000] {processor.py:157} INFO - Started process (PID=49146) to work on /usr/local/lib/python3.8/dist-packages/airflow/example_dags/example_nested_branch_dag.py
[2023-08-24T05:12:59.780+0000] {processor.py:829} INFO - Processing file /usr/local/lib/python3.8/dist-packages/airflow/example_dags/example_nested_branch_dag.py for tasks to queue
[2023-08-24T05:12:59.781+0000] {logging_mixin.py:151} INFO - [2023-08-24T05:12:59.781+0000] {dagbag.py:539} INFO - Filling up the DagBag from /usr/local/lib/python3.8/dist-packages/airflow/example_dags/example_nested_branch_dag.py
[2023-08-24T05:12:59.791+0000] {processor.py:839} INFO - DAG(s) dict_keys(['example_nested_branch_dag']) retrieved from /usr/local/lib/python3.8/dist-packages/airflow/example_dags/example_nested_branch_dag.py
[2023-08-24T05:12:59.810+0000] {logging_mixin.py:151} INFO - [2023-08-24T05:12:59.810+0000] {dag.py:2907} INFO - Sync 1 DAGs
[2023-08-24T05:12:59.828+0000] {logging_mixin.py:151} INFO - [2023-08-24T05:12:59.827+0000] {dag.py:3677} INFO - Setting next_dagrun for example_nested_branch_dag to 2023-08-23T00:00:00+00:00, run_after=2023-08-24T00:00:00+00:00
[2023-08-24T05:12:59.846+0000] {processor.py:179} INFO - Processing /usr/local/lib/python3.8/dist-packages/airflow/example_dags/example_nested_branch_dag.py took 0.071 seconds
