[2023-08-24T04:21:46.875+0000] {processor.py:157} INFO - Started process (PID=37587) to work on /usr/local/lib/python3.8/dist-packages/airflow/example_dags/example_branch_operator.py
[2023-08-24T04:21:46.876+0000] {processor.py:829} INFO - Processing file /usr/local/lib/python3.8/dist-packages/airflow/example_dags/example_branch_operator.py for tasks to queue
[2023-08-24T04:21:46.877+0000] {logging_mixin.py:151} INFO - [2023-08-24T04:21:46.876+0000] {dagbag.py:539} INFO - Filling up the DagBag from /usr/local/lib/python3.8/dist-packages/airflow/example_dags/example_branch_operator.py
[2023-08-24T04:21:46.885+0000] {processor.py:839} INFO - DAG(s) dict_keys(['example_branch_operator']) retrieved from /usr/local/lib/python3.8/dist-packages/airflow/example_dags/example_branch_operator.py
[2023-08-24T04:21:46.909+0000] {logging_mixin.py:151} INFO - [2023-08-24T04:21:46.909+0000] {dag.py:2907} INFO - Sync 1 DAGs
[2023-08-24T04:21:46.925+0000] {logging_mixin.py:151} INFO - [2023-08-24T04:21:46.925+0000] {dag.py:3677} INFO - Setting next_dagrun for example_branch_operator to 2023-08-23T00:00:00+00:00, run_after=2023-08-24T00:00:00+00:00
[2023-08-24T04:21:46.942+0000] {processor.py:179} INFO - Processing /usr/local/lib/python3.8/dist-packages/airflow/example_dags/example_branch_operator.py took 0.071 seconds
[2023-08-24T04:31:01.091+0000] {processor.py:157} INFO - Started process (PID=41462) to work on /usr/local/lib/python3.8/dist-packages/airflow/example_dags/example_branch_operator.py
[2023-08-24T04:31:01.095+0000] {processor.py:829} INFO - Processing file /usr/local/lib/python3.8/dist-packages/airflow/example_dags/example_branch_operator.py for tasks to queue
[2023-08-24T04:31:01.096+0000] {logging_mixin.py:151} INFO - [2023-08-24T04:31:01.096+0000] {dagbag.py:539} INFO - Filling up the DagBag from /usr/local/lib/python3.8/dist-packages/airflow/example_dags/example_branch_operator.py
[2023-08-24T04:31:01.104+0000] {processor.py:839} INFO - DAG(s) dict_keys(['example_branch_operator']) retrieved from /usr/local/lib/python3.8/dist-packages/airflow/example_dags/example_branch_operator.py
[2023-08-24T04:31:01.127+0000] {logging_mixin.py:151} INFO - [2023-08-24T04:31:01.127+0000] {dag.py:2907} INFO - Sync 1 DAGs
[2023-08-24T04:31:01.144+0000] {logging_mixin.py:151} INFO - [2023-08-24T04:31:01.143+0000] {dag.py:3677} INFO - Setting next_dagrun for example_branch_operator to 2023-08-23T00:00:00+00:00, run_after=2023-08-24T00:00:00+00:00
[2023-08-24T04:31:01.161+0000] {processor.py:179} INFO - Processing /usr/local/lib/python3.8/dist-packages/airflow/example_dags/example_branch_operator.py took 0.073 seconds
[2023-08-24T04:32:01.979+0000] {processor.py:157} INFO - Started process (PID=41660) to work on /usr/local/lib/python3.8/dist-packages/airflow/example_dags/example_branch_operator.py
[2023-08-24T04:32:01.981+0000] {processor.py:829} INFO - Processing file /usr/local/lib/python3.8/dist-packages/airflow/example_dags/example_branch_operator.py for tasks to queue
[2023-08-24T04:32:01.981+0000] {logging_mixin.py:151} INFO - [2023-08-24T04:32:01.981+0000] {dagbag.py:539} INFO - Filling up the DagBag from /usr/local/lib/python3.8/dist-packages/airflow/example_dags/example_branch_operator.py
[2023-08-24T04:32:01.990+0000] {processor.py:839} INFO - DAG(s) dict_keys(['example_branch_operator']) retrieved from /usr/local/lib/python3.8/dist-packages/airflow/example_dags/example_branch_operator.py
[2023-08-24T04:32:02.008+0000] {logging_mixin.py:151} INFO - [2023-08-24T04:32:02.007+0000] {dag.py:2907} INFO - Sync 1 DAGs
[2023-08-24T04:32:02.024+0000] {logging_mixin.py:151} INFO - [2023-08-24T04:32:02.024+0000] {dag.py:3677} INFO - Setting next_dagrun for example_branch_operator to 2023-08-23T00:00:00+00:00, run_after=2023-08-24T00:00:00+00:00
[2023-08-24T04:32:02.045+0000] {processor.py:179} INFO - Processing /usr/local/lib/python3.8/dist-packages/airflow/example_dags/example_branch_operator.py took 0.070 seconds
[2023-08-24T04:33:03.207+0000] {processor.py:157} INFO - Started process (PID=41851) to work on /usr/local/lib/python3.8/dist-packages/airflow/example_dags/example_branch_operator.py
[2023-08-24T04:33:03.209+0000] {processor.py:829} INFO - Processing file /usr/local/lib/python3.8/dist-packages/airflow/example_dags/example_branch_operator.py for tasks to queue
[2023-08-24T04:33:03.210+0000] {logging_mixin.py:151} INFO - [2023-08-24T04:33:03.209+0000] {dagbag.py:539} INFO - Filling up the DagBag from /usr/local/lib/python3.8/dist-packages/airflow/example_dags/example_branch_operator.py
[2023-08-24T04:33:03.218+0000] {processor.py:839} INFO - DAG(s) dict_keys(['example_branch_operator']) retrieved from /usr/local/lib/python3.8/dist-packages/airflow/example_dags/example_branch_operator.py
[2023-08-24T04:33:03.236+0000] {logging_mixin.py:151} INFO - [2023-08-24T04:33:03.236+0000] {dag.py:2907} INFO - Sync 1 DAGs
[2023-08-24T04:33:03.253+0000] {logging_mixin.py:151} INFO - [2023-08-24T04:33:03.252+0000] {dag.py:3677} INFO - Setting next_dagrun for example_branch_operator to 2023-08-23T00:00:00+00:00, run_after=2023-08-24T00:00:00+00:00
[2023-08-24T04:33:03.271+0000] {processor.py:179} INFO - Processing /usr/local/lib/python3.8/dist-packages/airflow/example_dags/example_branch_operator.py took 0.067 seconds
[2023-08-24T04:34:03.206+0000] {processor.py:157} INFO - Started process (PID=42034) to work on /usr/local/lib/python3.8/dist-packages/airflow/example_dags/example_branch_operator.py
[2023-08-24T04:34:03.208+0000] {processor.py:829} INFO - Processing file /usr/local/lib/python3.8/dist-packages/airflow/example_dags/example_branch_operator.py for tasks to queue
[2023-08-24T04:34:03.209+0000] {logging_mixin.py:151} INFO - [2023-08-24T04:34:03.208+0000] {dagbag.py:539} INFO - Filling up the DagBag from /usr/local/lib/python3.8/dist-packages/airflow/example_dags/example_branch_operator.py
[2023-08-24T04:34:03.217+0000] {processor.py:839} INFO - DAG(s) dict_keys(['example_branch_operator']) retrieved from /usr/local/lib/python3.8/dist-packages/airflow/example_dags/example_branch_operator.py
[2023-08-24T04:34:03.235+0000] {logging_mixin.py:151} INFO - [2023-08-24T04:34:03.234+0000] {dag.py:2907} INFO - Sync 1 DAGs
[2023-08-24T04:34:03.252+0000] {logging_mixin.py:151} INFO - [2023-08-24T04:34:03.252+0000] {dag.py:3677} INFO - Setting next_dagrun for example_branch_operator to 2023-08-23T00:00:00+00:00, run_after=2023-08-24T00:00:00+00:00
[2023-08-24T04:34:03.271+0000] {processor.py:179} INFO - Processing /usr/local/lib/python3.8/dist-packages/airflow/example_dags/example_branch_operator.py took 0.069 seconds
[2023-08-24T04:35:01.424+0000] {processor.py:157} INFO - Started process (PID=42230) to work on /usr/local/lib/python3.8/dist-packages/airflow/example_dags/example_branch_operator.py
[2023-08-24T04:35:01.425+0000] {processor.py:829} INFO - Processing file /usr/local/lib/python3.8/dist-packages/airflow/example_dags/example_branch_operator.py for tasks to queue
[2023-08-24T04:35:01.426+0000] {logging_mixin.py:151} INFO - [2023-08-24T04:35:01.426+0000] {dagbag.py:539} INFO - Filling up the DagBag from /usr/local/lib/python3.8/dist-packages/airflow/example_dags/example_branch_operator.py
[2023-08-24T04:35:01.434+0000] {processor.py:839} INFO - DAG(s) dict_keys(['example_branch_operator']) retrieved from /usr/local/lib/python3.8/dist-packages/airflow/example_dags/example_branch_operator.py
[2023-08-24T04:35:01.452+0000] {logging_mixin.py:151} INFO - [2023-08-24T04:35:01.451+0000] {dag.py:2907} INFO - Sync 1 DAGs
[2023-08-24T04:35:01.468+0000] {logging_mixin.py:151} INFO - [2023-08-24T04:35:01.468+0000] {dag.py:3677} INFO - Setting next_dagrun for example_branch_operator to 2023-08-23T00:00:00+00:00, run_after=2023-08-24T00:00:00+00:00
[2023-08-24T04:35:01.486+0000] {processor.py:179} INFO - Processing /usr/local/lib/python3.8/dist-packages/airflow/example_dags/example_branch_operator.py took 0.066 seconds
[2023-08-24T04:36:00.842+0000] {processor.py:157} INFO - Started process (PID=42426) to work on /usr/local/lib/python3.8/dist-packages/airflow/example_dags/example_branch_operator.py
[2023-08-24T04:36:00.843+0000] {processor.py:829} INFO - Processing file /usr/local/lib/python3.8/dist-packages/airflow/example_dags/example_branch_operator.py for tasks to queue
[2023-08-24T04:36:00.844+0000] {logging_mixin.py:151} INFO - [2023-08-24T04:36:00.844+0000] {dagbag.py:539} INFO - Filling up the DagBag from /usr/local/lib/python3.8/dist-packages/airflow/example_dags/example_branch_operator.py
[2023-08-24T04:36:00.852+0000] {processor.py:839} INFO - DAG(s) dict_keys(['example_branch_operator']) retrieved from /usr/local/lib/python3.8/dist-packages/airflow/example_dags/example_branch_operator.py
[2023-08-24T04:36:00.870+0000] {logging_mixin.py:151} INFO - [2023-08-24T04:36:00.869+0000] {dag.py:2907} INFO - Sync 1 DAGs
[2023-08-24T04:36:00.886+0000] {logging_mixin.py:151} INFO - [2023-08-24T04:36:00.886+0000] {dag.py:3677} INFO - Setting next_dagrun for example_branch_operator to 2023-08-23T00:00:00+00:00, run_after=2023-08-24T00:00:00+00:00
[2023-08-24T04:36:00.904+0000] {processor.py:179} INFO - Processing /usr/local/lib/python3.8/dist-packages/airflow/example_dags/example_branch_operator.py took 0.066 seconds
[2023-08-24T04:36:56.198+0000] {processor.py:157} INFO - Started process (PID=42608) to work on /usr/local/lib/python3.8/dist-packages/airflow/example_dags/example_branch_operator.py
[2023-08-24T04:36:56.200+0000] {processor.py:829} INFO - Processing file /usr/local/lib/python3.8/dist-packages/airflow/example_dags/example_branch_operator.py for tasks to queue
[2023-08-24T04:36:56.200+0000] {logging_mixin.py:151} INFO - [2023-08-24T04:36:56.200+0000] {dagbag.py:539} INFO - Filling up the DagBag from /usr/local/lib/python3.8/dist-packages/airflow/example_dags/example_branch_operator.py
[2023-08-24T04:36:56.208+0000] {processor.py:839} INFO - DAG(s) dict_keys(['example_branch_operator']) retrieved from /usr/local/lib/python3.8/dist-packages/airflow/example_dags/example_branch_operator.py
[2023-08-24T04:36:56.226+0000] {logging_mixin.py:151} INFO - [2023-08-24T04:36:56.226+0000] {dag.py:2907} INFO - Sync 1 DAGs
[2023-08-24T04:36:56.242+0000] {logging_mixin.py:151} INFO - [2023-08-24T04:36:56.242+0000] {dag.py:3677} INFO - Setting next_dagrun for example_branch_operator to 2023-08-23T00:00:00+00:00, run_after=2023-08-24T00:00:00+00:00
[2023-08-24T04:36:56.261+0000] {processor.py:179} INFO - Processing /usr/local/lib/python3.8/dist-packages/airflow/example_dags/example_branch_operator.py took 0.066 seconds
[2023-08-24T04:37:51.339+0000] {processor.py:157} INFO - Started process (PID=42789) to work on /usr/local/lib/python3.8/dist-packages/airflow/example_dags/example_branch_operator.py
[2023-08-24T04:37:51.341+0000] {processor.py:829} INFO - Processing file /usr/local/lib/python3.8/dist-packages/airflow/example_dags/example_branch_operator.py for tasks to queue
[2023-08-24T04:37:51.342+0000] {logging_mixin.py:151} INFO - [2023-08-24T04:37:51.342+0000] {dagbag.py:539} INFO - Filling up the DagBag from /usr/local/lib/python3.8/dist-packages/airflow/example_dags/example_branch_operator.py
[2023-08-24T04:37:51.350+0000] {processor.py:839} INFO - DAG(s) dict_keys(['example_branch_operator']) retrieved from /usr/local/lib/python3.8/dist-packages/airflow/example_dags/example_branch_operator.py
[2023-08-24T04:37:51.367+0000] {logging_mixin.py:151} INFO - [2023-08-24T04:37:51.367+0000] {dag.py:2907} INFO - Sync 1 DAGs
[2023-08-24T04:37:51.385+0000] {logging_mixin.py:151} INFO - [2023-08-24T04:37:51.384+0000] {dag.py:3677} INFO - Setting next_dagrun for example_branch_operator to 2023-08-23T00:00:00+00:00, run_after=2023-08-24T00:00:00+00:00
[2023-08-24T04:37:51.402+0000] {processor.py:179} INFO - Processing /usr/local/lib/python3.8/dist-packages/airflow/example_dags/example_branch_operator.py took 0.066 seconds
[2023-08-24T04:38:49.834+0000] {processor.py:157} INFO - Started process (PID=42973) to work on /usr/local/lib/python3.8/dist-packages/airflow/example_dags/example_branch_operator.py
[2023-08-24T04:38:49.835+0000] {processor.py:829} INFO - Processing file /usr/local/lib/python3.8/dist-packages/airflow/example_dags/example_branch_operator.py for tasks to queue
[2023-08-24T04:38:49.836+0000] {logging_mixin.py:151} INFO - [2023-08-24T04:38:49.836+0000] {dagbag.py:539} INFO - Filling up the DagBag from /usr/local/lib/python3.8/dist-packages/airflow/example_dags/example_branch_operator.py
[2023-08-24T04:38:49.844+0000] {processor.py:839} INFO - DAG(s) dict_keys(['example_branch_operator']) retrieved from /usr/local/lib/python3.8/dist-packages/airflow/example_dags/example_branch_operator.py
[2023-08-24T04:38:49.861+0000] {logging_mixin.py:151} INFO - [2023-08-24T04:38:49.861+0000] {dag.py:2907} INFO - Sync 1 DAGs
[2023-08-24T04:38:49.878+0000] {logging_mixin.py:151} INFO - [2023-08-24T04:38:49.878+0000] {dag.py:3677} INFO - Setting next_dagrun for example_branch_operator to 2023-08-23T00:00:00+00:00, run_after=2023-08-24T00:00:00+00:00
[2023-08-24T04:38:49.895+0000] {processor.py:179} INFO - Processing /usr/local/lib/python3.8/dist-packages/airflow/example_dags/example_branch_operator.py took 0.065 seconds
[2023-08-24T04:39:50.108+0000] {processor.py:157} INFO - Started process (PID=43169) to work on /usr/local/lib/python3.8/dist-packages/airflow/example_dags/example_branch_operator.py
[2023-08-24T04:39:50.110+0000] {processor.py:829} INFO - Processing file /usr/local/lib/python3.8/dist-packages/airflow/example_dags/example_branch_operator.py for tasks to queue
[2023-08-24T04:39:50.111+0000] {logging_mixin.py:151} INFO - [2023-08-24T04:39:50.111+0000] {dagbag.py:539} INFO - Filling up the DagBag from /usr/local/lib/python3.8/dist-packages/airflow/example_dags/example_branch_operator.py
[2023-08-24T04:39:50.119+0000] {processor.py:839} INFO - DAG(s) dict_keys(['example_branch_operator']) retrieved from /usr/local/lib/python3.8/dist-packages/airflow/example_dags/example_branch_operator.py
[2023-08-24T04:39:50.137+0000] {logging_mixin.py:151} INFO - [2023-08-24T04:39:50.137+0000] {dag.py:2907} INFO - Sync 1 DAGs
[2023-08-24T04:39:50.154+0000] {logging_mixin.py:151} INFO - [2023-08-24T04:39:50.154+0000] {dag.py:3677} INFO - Setting next_dagrun for example_branch_operator to 2023-08-23T00:00:00+00:00, run_after=2023-08-24T00:00:00+00:00
[2023-08-24T04:39:50.172+0000] {processor.py:179} INFO - Processing /usr/local/lib/python3.8/dist-packages/airflow/example_dags/example_branch_operator.py took 0.067 seconds
[2023-08-24T04:40:50.788+0000] {processor.py:157} INFO - Started process (PID=43352) to work on /usr/local/lib/python3.8/dist-packages/airflow/example_dags/example_branch_operator.py
[2023-08-24T04:40:50.789+0000] {processor.py:829} INFO - Processing file /usr/local/lib/python3.8/dist-packages/airflow/example_dags/example_branch_operator.py for tasks to queue
[2023-08-24T04:40:50.790+0000] {logging_mixin.py:151} INFO - [2023-08-24T04:40:50.790+0000] {dagbag.py:539} INFO - Filling up the DagBag from /usr/local/lib/python3.8/dist-packages/airflow/example_dags/example_branch_operator.py
[2023-08-24T04:40:50.798+0000] {processor.py:839} INFO - DAG(s) dict_keys(['example_branch_operator']) retrieved from /usr/local/lib/python3.8/dist-packages/airflow/example_dags/example_branch_operator.py
[2023-08-24T04:40:50.816+0000] {logging_mixin.py:151} INFO - [2023-08-24T04:40:50.816+0000] {dag.py:2907} INFO - Sync 1 DAGs
[2023-08-24T04:40:50.833+0000] {logging_mixin.py:151} INFO - [2023-08-24T04:40:50.833+0000] {dag.py:3677} INFO - Setting next_dagrun for example_branch_operator to 2023-08-23T00:00:00+00:00, run_after=2023-08-24T00:00:00+00:00
[2023-08-24T04:40:50.851+0000] {processor.py:179} INFO - Processing /usr/local/lib/python3.8/dist-packages/airflow/example_dags/example_branch_operator.py took 0.066 seconds
[2023-08-24T04:41:50.985+0000] {processor.py:157} INFO - Started process (PID=43536) to work on /usr/local/lib/python3.8/dist-packages/airflow/example_dags/example_branch_operator.py
[2023-08-24T04:41:50.989+0000] {processor.py:829} INFO - Processing file /usr/local/lib/python3.8/dist-packages/airflow/example_dags/example_branch_operator.py for tasks to queue
[2023-08-24T04:41:50.989+0000] {logging_mixin.py:151} INFO - [2023-08-24T04:41:50.989+0000] {dagbag.py:539} INFO - Filling up the DagBag from /usr/local/lib/python3.8/dist-packages/airflow/example_dags/example_branch_operator.py
[2023-08-24T04:41:50.998+0000] {processor.py:839} INFO - DAG(s) dict_keys(['example_branch_operator']) retrieved from /usr/local/lib/python3.8/dist-packages/airflow/example_dags/example_branch_operator.py
[2023-08-24T04:41:51.015+0000] {logging_mixin.py:151} INFO - [2023-08-24T04:41:51.015+0000] {dag.py:2907} INFO - Sync 1 DAGs
[2023-08-24T04:41:51.032+0000] {logging_mixin.py:151} INFO - [2023-08-24T04:41:51.032+0000] {dag.py:3677} INFO - Setting next_dagrun for example_branch_operator to 2023-08-23T00:00:00+00:00, run_after=2023-08-24T00:00:00+00:00
[2023-08-24T04:41:51.049+0000] {processor.py:179} INFO - Processing /usr/local/lib/python3.8/dist-packages/airflow/example_dags/example_branch_operator.py took 0.067 seconds
[2023-08-24T04:42:50.280+0000] {processor.py:157} INFO - Started process (PID=43726) to work on /usr/local/lib/python3.8/dist-packages/airflow/example_dags/example_branch_operator.py
[2023-08-24T04:42:50.281+0000] {processor.py:829} INFO - Processing file /usr/local/lib/python3.8/dist-packages/airflow/example_dags/example_branch_operator.py for tasks to queue
[2023-08-24T04:42:50.282+0000] {logging_mixin.py:151} INFO - [2023-08-24T04:42:50.282+0000] {dagbag.py:539} INFO - Filling up the DagBag from /usr/local/lib/python3.8/dist-packages/airflow/example_dags/example_branch_operator.py
[2023-08-24T04:42:50.290+0000] {processor.py:839} INFO - DAG(s) dict_keys(['example_branch_operator']) retrieved from /usr/local/lib/python3.8/dist-packages/airflow/example_dags/example_branch_operator.py
[2023-08-24T04:42:50.307+0000] {logging_mixin.py:151} INFO - [2023-08-24T04:42:50.307+0000] {dag.py:2907} INFO - Sync 1 DAGs
[2023-08-24T04:42:50.324+0000] {logging_mixin.py:151} INFO - [2023-08-24T04:42:50.324+0000] {dag.py:3677} INFO - Setting next_dagrun for example_branch_operator to 2023-08-23T00:00:00+00:00, run_after=2023-08-24T00:00:00+00:00
[2023-08-24T04:42:50.342+0000] {processor.py:179} INFO - Processing /usr/local/lib/python3.8/dist-packages/airflow/example_dags/example_branch_operator.py took 0.065 seconds
[2023-08-24T04:43:51.149+0000] {processor.py:157} INFO - Started process (PID=43910) to work on /usr/local/lib/python3.8/dist-packages/airflow/example_dags/example_branch_operator.py
[2023-08-24T04:43:51.150+0000] {processor.py:829} INFO - Processing file /usr/local/lib/python3.8/dist-packages/airflow/example_dags/example_branch_operator.py for tasks to queue
[2023-08-24T04:43:51.151+0000] {logging_mixin.py:151} INFO - [2023-08-24T04:43:51.151+0000] {dagbag.py:539} INFO - Filling up the DagBag from /usr/local/lib/python3.8/dist-packages/airflow/example_dags/example_branch_operator.py
[2023-08-24T04:43:51.160+0000] {processor.py:839} INFO - DAG(s) dict_keys(['example_branch_operator']) retrieved from /usr/local/lib/python3.8/dist-packages/airflow/example_dags/example_branch_operator.py
[2023-08-24T04:43:51.179+0000] {logging_mixin.py:151} INFO - [2023-08-24T04:43:51.179+0000] {dag.py:2907} INFO - Sync 1 DAGs
[2023-08-24T04:43:51.196+0000] {logging_mixin.py:151} INFO - [2023-08-24T04:43:51.196+0000] {dag.py:3677} INFO - Setting next_dagrun for example_branch_operator to 2023-08-23T00:00:00+00:00, run_after=2023-08-24T00:00:00+00:00
[2023-08-24T04:43:51.213+0000] {processor.py:179} INFO - Processing /usr/local/lib/python3.8/dist-packages/airflow/example_dags/example_branch_operator.py took 0.068 seconds
[2023-08-24T04:44:52.211+0000] {processor.py:157} INFO - Started process (PID=44095) to work on /usr/local/lib/python3.8/dist-packages/airflow/example_dags/example_branch_operator.py
[2023-08-24T04:44:52.213+0000] {processor.py:829} INFO - Processing file /usr/local/lib/python3.8/dist-packages/airflow/example_dags/example_branch_operator.py for tasks to queue
[2023-08-24T04:44:52.214+0000] {logging_mixin.py:151} INFO - [2023-08-24T04:44:52.214+0000] {dagbag.py:539} INFO - Filling up the DagBag from /usr/local/lib/python3.8/dist-packages/airflow/example_dags/example_branch_operator.py
[2023-08-24T04:44:52.222+0000] {processor.py:839} INFO - DAG(s) dict_keys(['example_branch_operator']) retrieved from /usr/local/lib/python3.8/dist-packages/airflow/example_dags/example_branch_operator.py
[2023-08-24T04:44:52.239+0000] {logging_mixin.py:151} INFO - [2023-08-24T04:44:52.239+0000] {dag.py:2907} INFO - Sync 1 DAGs
[2023-08-24T04:44:52.256+0000] {logging_mixin.py:151} INFO - [2023-08-24T04:44:52.256+0000] {dag.py:3677} INFO - Setting next_dagrun for example_branch_operator to 2023-08-23T00:00:00+00:00, run_after=2023-08-24T00:00:00+00:00
[2023-08-24T04:44:52.273+0000] {processor.py:179} INFO - Processing /usr/local/lib/python3.8/dist-packages/airflow/example_dags/example_branch_operator.py took 0.065 seconds
[2023-08-24T04:45:53.689+0000] {processor.py:157} INFO - Started process (PID=44278) to work on /usr/local/lib/python3.8/dist-packages/airflow/example_dags/example_branch_operator.py
[2023-08-24T04:45:53.690+0000] {processor.py:829} INFO - Processing file /usr/local/lib/python3.8/dist-packages/airflow/example_dags/example_branch_operator.py for tasks to queue
[2023-08-24T04:45:53.691+0000] {logging_mixin.py:151} INFO - [2023-08-24T04:45:53.691+0000] {dagbag.py:539} INFO - Filling up the DagBag from /usr/local/lib/python3.8/dist-packages/airflow/example_dags/example_branch_operator.py
[2023-08-24T04:45:53.699+0000] {processor.py:839} INFO - DAG(s) dict_keys(['example_branch_operator']) retrieved from /usr/local/lib/python3.8/dist-packages/airflow/example_dags/example_branch_operator.py
[2023-08-24T04:45:53.718+0000] {logging_mixin.py:151} INFO - [2023-08-24T04:45:53.718+0000] {dag.py:2907} INFO - Sync 1 DAGs
[2023-08-24T04:45:53.737+0000] {logging_mixin.py:151} INFO - [2023-08-24T04:45:53.736+0000] {dag.py:3677} INFO - Setting next_dagrun for example_branch_operator to 2023-08-23T00:00:00+00:00, run_after=2023-08-24T00:00:00+00:00
[2023-08-24T04:45:53.755+0000] {processor.py:179} INFO - Processing /usr/local/lib/python3.8/dist-packages/airflow/example_dags/example_branch_operator.py took 0.070 seconds
[2023-08-24T04:46:55.450+0000] {processor.py:157} INFO - Started process (PID=44461) to work on /usr/local/lib/python3.8/dist-packages/airflow/example_dags/example_branch_operator.py
[2023-08-24T04:46:55.452+0000] {processor.py:829} INFO - Processing file /usr/local/lib/python3.8/dist-packages/airflow/example_dags/example_branch_operator.py for tasks to queue
[2023-08-24T04:46:55.453+0000] {logging_mixin.py:151} INFO - [2023-08-24T04:46:55.452+0000] {dagbag.py:539} INFO - Filling up the DagBag from /usr/local/lib/python3.8/dist-packages/airflow/example_dags/example_branch_operator.py
[2023-08-24T04:46:55.461+0000] {processor.py:839} INFO - DAG(s) dict_keys(['example_branch_operator']) retrieved from /usr/local/lib/python3.8/dist-packages/airflow/example_dags/example_branch_operator.py
[2023-08-24T04:46:55.479+0000] {logging_mixin.py:151} INFO - [2023-08-24T04:46:55.479+0000] {dag.py:2907} INFO - Sync 1 DAGs
[2023-08-24T04:46:55.497+0000] {logging_mixin.py:151} INFO - [2023-08-24T04:46:55.496+0000] {dag.py:3677} INFO - Setting next_dagrun for example_branch_operator to 2023-08-23T00:00:00+00:00, run_after=2023-08-24T00:00:00+00:00
[2023-08-24T04:46:55.516+0000] {processor.py:179} INFO - Processing /usr/local/lib/python3.8/dist-packages/airflow/example_dags/example_branch_operator.py took 0.069 seconds
[2023-08-24T04:47:57.777+0000] {processor.py:157} INFO - Started process (PID=44645) to work on /usr/local/lib/python3.8/dist-packages/airflow/example_dags/example_branch_operator.py
[2023-08-24T04:47:57.781+0000] {processor.py:829} INFO - Processing file /usr/local/lib/python3.8/dist-packages/airflow/example_dags/example_branch_operator.py for tasks to queue
[2023-08-24T04:47:57.782+0000] {logging_mixin.py:151} INFO - [2023-08-24T04:47:57.782+0000] {dagbag.py:539} INFO - Filling up the DagBag from /usr/local/lib/python3.8/dist-packages/airflow/example_dags/example_branch_operator.py
[2023-08-24T04:47:57.791+0000] {processor.py:839} INFO - DAG(s) dict_keys(['example_branch_operator']) retrieved from /usr/local/lib/python3.8/dist-packages/airflow/example_dags/example_branch_operator.py
[2023-08-24T04:47:57.809+0000] {logging_mixin.py:151} INFO - [2023-08-24T04:47:57.808+0000] {dag.py:2907} INFO - Sync 1 DAGs
[2023-08-24T04:47:57.826+0000] {logging_mixin.py:151} INFO - [2023-08-24T04:47:57.826+0000] {dag.py:3677} INFO - Setting next_dagrun for example_branch_operator to 2023-08-23T00:00:00+00:00, run_after=2023-08-24T00:00:00+00:00
[2023-08-24T04:47:57.844+0000] {processor.py:179} INFO - Processing /usr/local/lib/python3.8/dist-packages/airflow/example_dags/example_branch_operator.py took 0.070 seconds
[2023-08-24T04:48:59.243+0000] {processor.py:157} INFO - Started process (PID=44828) to work on /usr/local/lib/python3.8/dist-packages/airflow/example_dags/example_branch_operator.py
[2023-08-24T04:48:59.245+0000] {processor.py:829} INFO - Processing file /usr/local/lib/python3.8/dist-packages/airflow/example_dags/example_branch_operator.py for tasks to queue
[2023-08-24T04:48:59.246+0000] {logging_mixin.py:151} INFO - [2023-08-24T04:48:59.245+0000] {dagbag.py:539} INFO - Filling up the DagBag from /usr/local/lib/python3.8/dist-packages/airflow/example_dags/example_branch_operator.py
[2023-08-24T04:48:59.255+0000] {processor.py:839} INFO - DAG(s) dict_keys(['example_branch_operator']) retrieved from /usr/local/lib/python3.8/dist-packages/airflow/example_dags/example_branch_operator.py
[2023-08-24T04:48:59.273+0000] {logging_mixin.py:151} INFO - [2023-08-24T04:48:59.272+0000] {dag.py:2907} INFO - Sync 1 DAGs
[2023-08-24T04:48:59.290+0000] {logging_mixin.py:151} INFO - [2023-08-24T04:48:59.289+0000] {dag.py:3677} INFO - Setting next_dagrun for example_branch_operator to 2023-08-23T00:00:00+00:00, run_after=2023-08-24T00:00:00+00:00
[2023-08-24T04:48:59.308+0000] {processor.py:179} INFO - Processing /usr/local/lib/python3.8/dist-packages/airflow/example_dags/example_branch_operator.py took 0.069 seconds
[2023-08-24T04:50:01.372+0000] {processor.py:157} INFO - Started process (PID=45012) to work on /usr/local/lib/python3.8/dist-packages/airflow/example_dags/example_branch_operator.py
[2023-08-24T04:50:01.374+0000] {processor.py:829} INFO - Processing file /usr/local/lib/python3.8/dist-packages/airflow/example_dags/example_branch_operator.py for tasks to queue
[2023-08-24T04:50:01.375+0000] {logging_mixin.py:151} INFO - [2023-08-24T04:50:01.374+0000] {dagbag.py:539} INFO - Filling up the DagBag from /usr/local/lib/python3.8/dist-packages/airflow/example_dags/example_branch_operator.py
[2023-08-24T04:50:01.383+0000] {processor.py:839} INFO - DAG(s) dict_keys(['example_branch_operator']) retrieved from /usr/local/lib/python3.8/dist-packages/airflow/example_dags/example_branch_operator.py
[2023-08-24T04:50:01.401+0000] {logging_mixin.py:151} INFO - [2023-08-24T04:50:01.401+0000] {dag.py:2907} INFO - Sync 1 DAGs
[2023-08-24T04:50:01.419+0000] {logging_mixin.py:151} INFO - [2023-08-24T04:50:01.418+0000] {dag.py:3677} INFO - Setting next_dagrun for example_branch_operator to 2023-08-23T00:00:00+00:00, run_after=2023-08-24T00:00:00+00:00
[2023-08-24T04:50:01.437+0000] {processor.py:179} INFO - Processing /usr/local/lib/python3.8/dist-packages/airflow/example_dags/example_branch_operator.py took 0.069 seconds
[2023-08-24T04:50:59.674+0000] {processor.py:157} INFO - Started process (PID=45197) to work on /usr/local/lib/python3.8/dist-packages/airflow/example_dags/example_branch_operator.py
[2023-08-24T04:50:59.676+0000] {processor.py:829} INFO - Processing file /usr/local/lib/python3.8/dist-packages/airflow/example_dags/example_branch_operator.py for tasks to queue
[2023-08-24T04:50:59.676+0000] {logging_mixin.py:151} INFO - [2023-08-24T04:50:59.676+0000] {dagbag.py:539} INFO - Filling up the DagBag from /usr/local/lib/python3.8/dist-packages/airflow/example_dags/example_branch_operator.py
[2023-08-24T04:50:59.684+0000] {processor.py:839} INFO - DAG(s) dict_keys(['example_branch_operator']) retrieved from /usr/local/lib/python3.8/dist-packages/airflow/example_dags/example_branch_operator.py
[2023-08-24T04:50:59.702+0000] {logging_mixin.py:151} INFO - [2023-08-24T04:50:59.702+0000] {dag.py:2907} INFO - Sync 1 DAGs
[2023-08-24T04:50:59.720+0000] {logging_mixin.py:151} INFO - [2023-08-24T04:50:59.719+0000] {dag.py:3677} INFO - Setting next_dagrun for example_branch_operator to 2023-08-23T00:00:00+00:00, run_after=2023-08-24T00:00:00+00:00
[2023-08-24T04:50:59.737+0000] {processor.py:179} INFO - Processing /usr/local/lib/python3.8/dist-packages/airflow/example_dags/example_branch_operator.py took 0.067 seconds
[2023-08-24T04:52:00.554+0000] {processor.py:157} INFO - Started process (PID=45379) to work on /usr/local/lib/python3.8/dist-packages/airflow/example_dags/example_branch_operator.py
[2023-08-24T04:52:00.556+0000] {processor.py:829} INFO - Processing file /usr/local/lib/python3.8/dist-packages/airflow/example_dags/example_branch_operator.py for tasks to queue
[2023-08-24T04:52:00.557+0000] {logging_mixin.py:151} INFO - [2023-08-24T04:52:00.557+0000] {dagbag.py:539} INFO - Filling up the DagBag from /usr/local/lib/python3.8/dist-packages/airflow/example_dags/example_branch_operator.py
[2023-08-24T04:52:00.566+0000] {processor.py:839} INFO - DAG(s) dict_keys(['example_branch_operator']) retrieved from /usr/local/lib/python3.8/dist-packages/airflow/example_dags/example_branch_operator.py
[2023-08-24T04:52:00.586+0000] {logging_mixin.py:151} INFO - [2023-08-24T04:52:00.586+0000] {dag.py:2907} INFO - Sync 1 DAGs
[2023-08-24T04:52:00.604+0000] {logging_mixin.py:151} INFO - [2023-08-24T04:52:00.604+0000] {dag.py:3677} INFO - Setting next_dagrun for example_branch_operator to 2023-08-23T00:00:00+00:00, run_after=2023-08-24T00:00:00+00:00
[2023-08-24T04:52:00.623+0000] {processor.py:179} INFO - Processing /usr/local/lib/python3.8/dist-packages/airflow/example_dags/example_branch_operator.py took 0.072 seconds
[2023-08-24T04:53:02.091+0000] {processor.py:157} INFO - Started process (PID=45568) to work on /usr/local/lib/python3.8/dist-packages/airflow/example_dags/example_branch_operator.py
[2023-08-24T04:53:02.093+0000] {processor.py:829} INFO - Processing file /usr/local/lib/python3.8/dist-packages/airflow/example_dags/example_branch_operator.py for tasks to queue
[2023-08-24T04:53:02.094+0000] {logging_mixin.py:151} INFO - [2023-08-24T04:53:02.093+0000] {dagbag.py:539} INFO - Filling up the DagBag from /usr/local/lib/python3.8/dist-packages/airflow/example_dags/example_branch_operator.py
[2023-08-24T04:53:02.102+0000] {processor.py:839} INFO - DAG(s) dict_keys(['example_branch_operator']) retrieved from /usr/local/lib/python3.8/dist-packages/airflow/example_dags/example_branch_operator.py
[2023-08-24T04:53:02.119+0000] {logging_mixin.py:151} INFO - [2023-08-24T04:53:02.119+0000] {dag.py:2907} INFO - Sync 1 DAGs
[2023-08-24T04:53:02.136+0000] {logging_mixin.py:151} INFO - [2023-08-24T04:53:02.136+0000] {dag.py:3677} INFO - Setting next_dagrun for example_branch_operator to 2023-08-23T00:00:00+00:00, run_after=2023-08-24T00:00:00+00:00
[2023-08-24T04:53:02.154+0000] {processor.py:179} INFO - Processing /usr/local/lib/python3.8/dist-packages/airflow/example_dags/example_branch_operator.py took 0.066 seconds
[2023-08-24T04:54:04.468+0000] {processor.py:157} INFO - Started process (PID=45751) to work on /usr/local/lib/python3.8/dist-packages/airflow/example_dags/example_branch_operator.py
[2023-08-24T04:54:04.470+0000] {processor.py:829} INFO - Processing file /usr/local/lib/python3.8/dist-packages/airflow/example_dags/example_branch_operator.py for tasks to queue
[2023-08-24T04:54:04.471+0000] {logging_mixin.py:151} INFO - [2023-08-24T04:54:04.470+0000] {dagbag.py:539} INFO - Filling up the DagBag from /usr/local/lib/python3.8/dist-packages/airflow/example_dags/example_branch_operator.py
[2023-08-24T04:54:04.479+0000] {processor.py:839} INFO - DAG(s) dict_keys(['example_branch_operator']) retrieved from /usr/local/lib/python3.8/dist-packages/airflow/example_dags/example_branch_operator.py
[2023-08-24T04:54:04.496+0000] {logging_mixin.py:151} INFO - [2023-08-24T04:54:04.496+0000] {dag.py:2907} INFO - Sync 1 DAGs
[2023-08-24T04:54:04.513+0000] {logging_mixin.py:151} INFO - [2023-08-24T04:54:04.513+0000] {dag.py:3677} INFO - Setting next_dagrun for example_branch_operator to 2023-08-23T00:00:00+00:00, run_after=2023-08-24T00:00:00+00:00
[2023-08-24T04:54:04.531+0000] {processor.py:179} INFO - Processing /usr/local/lib/python3.8/dist-packages/airflow/example_dags/example_branch_operator.py took 0.067 seconds
[2023-08-24T04:55:05.164+0000] {processor.py:157} INFO - Started process (PID=45934) to work on /usr/local/lib/python3.8/dist-packages/airflow/example_dags/example_branch_operator.py
[2023-08-24T04:55:05.165+0000] {processor.py:829} INFO - Processing file /usr/local/lib/python3.8/dist-packages/airflow/example_dags/example_branch_operator.py for tasks to queue
[2023-08-24T04:55:05.166+0000] {logging_mixin.py:151} INFO - [2023-08-24T04:55:05.166+0000] {dagbag.py:539} INFO - Filling up the DagBag from /usr/local/lib/python3.8/dist-packages/airflow/example_dags/example_branch_operator.py
[2023-08-24T04:55:05.174+0000] {processor.py:839} INFO - DAG(s) dict_keys(['example_branch_operator']) retrieved from /usr/local/lib/python3.8/dist-packages/airflow/example_dags/example_branch_operator.py
[2023-08-24T04:55:05.192+0000] {logging_mixin.py:151} INFO - [2023-08-24T04:55:05.192+0000] {dag.py:2907} INFO - Sync 1 DAGs
[2023-08-24T04:55:05.210+0000] {logging_mixin.py:151} INFO - [2023-08-24T04:55:05.210+0000] {dag.py:3677} INFO - Setting next_dagrun for example_branch_operator to 2023-08-23T00:00:00+00:00, run_after=2023-08-24T00:00:00+00:00
[2023-08-24T04:55:05.346+0000] {processor.py:179} INFO - Processing /usr/local/lib/python3.8/dist-packages/airflow/example_dags/example_branch_operator.py took 0.185 seconds
[2023-08-24T04:56:05.662+0000] {processor.py:157} INFO - Started process (PID=46122) to work on /usr/local/lib/python3.8/dist-packages/airflow/example_dags/example_branch_operator.py
[2023-08-24T04:56:05.664+0000] {processor.py:829} INFO - Processing file /usr/local/lib/python3.8/dist-packages/airflow/example_dags/example_branch_operator.py for tasks to queue
[2023-08-24T04:56:05.665+0000] {logging_mixin.py:151} INFO - [2023-08-24T04:56:05.664+0000] {dagbag.py:539} INFO - Filling up the DagBag from /usr/local/lib/python3.8/dist-packages/airflow/example_dags/example_branch_operator.py
[2023-08-24T04:56:05.673+0000] {processor.py:839} INFO - DAG(s) dict_keys(['example_branch_operator']) retrieved from /usr/local/lib/python3.8/dist-packages/airflow/example_dags/example_branch_operator.py
[2023-08-24T04:56:05.691+0000] {logging_mixin.py:151} INFO - [2023-08-24T04:56:05.691+0000] {dag.py:2907} INFO - Sync 1 DAGs
[2023-08-24T04:56:05.708+0000] {logging_mixin.py:151} INFO - [2023-08-24T04:56:05.708+0000] {dag.py:3677} INFO - Setting next_dagrun for example_branch_operator to 2023-08-23T00:00:00+00:00, run_after=2023-08-24T00:00:00+00:00
[2023-08-24T04:56:05.727+0000] {processor.py:179} INFO - Processing /usr/local/lib/python3.8/dist-packages/airflow/example_dags/example_branch_operator.py took 0.068 seconds
[2023-08-24T04:57:11.399+0000] {processor.py:157} INFO - Started process (PID=46319) to work on /usr/local/lib/python3.8/dist-packages/airflow/example_dags/example_branch_operator.py
[2023-08-24T04:57:11.401+0000] {processor.py:829} INFO - Processing file /usr/local/lib/python3.8/dist-packages/airflow/example_dags/example_branch_operator.py for tasks to queue
[2023-08-24T04:57:11.402+0000] {logging_mixin.py:151} INFO - [2023-08-24T04:57:11.402+0000] {dagbag.py:539} INFO - Filling up the DagBag from /usr/local/lib/python3.8/dist-packages/airflow/example_dags/example_branch_operator.py
[2023-08-24T04:57:11.412+0000] {processor.py:839} INFO - DAG(s) dict_keys(['example_branch_operator']) retrieved from /usr/local/lib/python3.8/dist-packages/airflow/example_dags/example_branch_operator.py
[2023-08-24T04:57:11.432+0000] {logging_mixin.py:151} INFO - [2023-08-24T04:57:11.432+0000] {dag.py:2907} INFO - Sync 1 DAGs
[2023-08-24T04:57:11.451+0000] {logging_mixin.py:151} INFO - [2023-08-24T04:57:11.451+0000] {dag.py:3677} INFO - Setting next_dagrun for example_branch_operator to 2023-08-23T00:00:00+00:00, run_after=2023-08-24T00:00:00+00:00
[2023-08-24T04:57:11.470+0000] {processor.py:179} INFO - Processing /usr/local/lib/python3.8/dist-packages/airflow/example_dags/example_branch_operator.py took 0.074 seconds
[2023-08-24T04:58:15.154+0000] {processor.py:157} INFO - Started process (PID=46503) to work on /usr/local/lib/python3.8/dist-packages/airflow/example_dags/example_branch_operator.py
[2023-08-24T04:58:15.156+0000] {processor.py:829} INFO - Processing file /usr/local/lib/python3.8/dist-packages/airflow/example_dags/example_branch_operator.py for tasks to queue
[2023-08-24T04:58:15.157+0000] {logging_mixin.py:151} INFO - [2023-08-24T04:58:15.156+0000] {dagbag.py:539} INFO - Filling up the DagBag from /usr/local/lib/python3.8/dist-packages/airflow/example_dags/example_branch_operator.py
[2023-08-24T04:58:15.165+0000] {processor.py:839} INFO - DAG(s) dict_keys(['example_branch_operator']) retrieved from /usr/local/lib/python3.8/dist-packages/airflow/example_dags/example_branch_operator.py
[2023-08-24T04:58:15.182+0000] {logging_mixin.py:151} INFO - [2023-08-24T04:58:15.182+0000] {dag.py:2907} INFO - Sync 1 DAGs
[2023-08-24T04:58:15.199+0000] {logging_mixin.py:151} INFO - [2023-08-24T04:58:15.199+0000] {dag.py:3677} INFO - Setting next_dagrun for example_branch_operator to 2023-08-23T00:00:00+00:00, run_after=2023-08-24T00:00:00+00:00
[2023-08-24T04:58:15.216+0000] {processor.py:179} INFO - Processing /usr/local/lib/python3.8/dist-packages/airflow/example_dags/example_branch_operator.py took 0.065 seconds
[2023-08-24T04:59:16.514+0000] {processor.py:157} INFO - Started process (PID=46686) to work on /usr/local/lib/python3.8/dist-packages/airflow/example_dags/example_branch_operator.py
[2023-08-24T04:59:16.516+0000] {processor.py:829} INFO - Processing file /usr/local/lib/python3.8/dist-packages/airflow/example_dags/example_branch_operator.py for tasks to queue
[2023-08-24T04:59:16.517+0000] {logging_mixin.py:151} INFO - [2023-08-24T04:59:16.516+0000] {dagbag.py:539} INFO - Filling up the DagBag from /usr/local/lib/python3.8/dist-packages/airflow/example_dags/example_branch_operator.py
[2023-08-24T04:59:16.525+0000] {processor.py:839} INFO - DAG(s) dict_keys(['example_branch_operator']) retrieved from /usr/local/lib/python3.8/dist-packages/airflow/example_dags/example_branch_operator.py
[2023-08-24T04:59:16.542+0000] {logging_mixin.py:151} INFO - [2023-08-24T04:59:16.542+0000] {dag.py:2907} INFO - Sync 1 DAGs
[2023-08-24T04:59:16.677+0000] {logging_mixin.py:151} INFO - [2023-08-24T04:59:16.677+0000] {dag.py:3677} INFO - Setting next_dagrun for example_branch_operator to 2023-08-23T00:00:00+00:00, run_after=2023-08-24T00:00:00+00:00
[2023-08-24T04:59:16.693+0000] {processor.py:179} INFO - Processing /usr/local/lib/python3.8/dist-packages/airflow/example_dags/example_branch_operator.py took 0.182 seconds
[2023-08-24T05:00:20.857+0000] {processor.py:157} INFO - Started process (PID=46870) to work on /usr/local/lib/python3.8/dist-packages/airflow/example_dags/example_branch_operator.py
[2023-08-24T05:00:20.859+0000] {processor.py:829} INFO - Processing file /usr/local/lib/python3.8/dist-packages/airflow/example_dags/example_branch_operator.py for tasks to queue
[2023-08-24T05:00:20.860+0000] {logging_mixin.py:151} INFO - [2023-08-24T05:00:20.859+0000] {dagbag.py:539} INFO - Filling up the DagBag from /usr/local/lib/python3.8/dist-packages/airflow/example_dags/example_branch_operator.py
[2023-08-24T05:00:20.868+0000] {processor.py:839} INFO - DAG(s) dict_keys(['example_branch_operator']) retrieved from /usr/local/lib/python3.8/dist-packages/airflow/example_dags/example_branch_operator.py
[2023-08-24T05:00:20.885+0000] {logging_mixin.py:151} INFO - [2023-08-24T05:00:20.885+0000] {dag.py:2907} INFO - Sync 1 DAGs
[2023-08-24T05:00:20.902+0000] {logging_mixin.py:151} INFO - [2023-08-24T05:00:20.902+0000] {dag.py:3677} INFO - Setting next_dagrun for example_branch_operator to 2023-08-23T00:00:00+00:00, run_after=2023-08-24T00:00:00+00:00
[2023-08-24T05:00:20.920+0000] {processor.py:179} INFO - Processing /usr/local/lib/python3.8/dist-packages/airflow/example_dags/example_branch_operator.py took 0.066 seconds
[2023-08-24T05:01:20.094+0000] {processor.py:157} INFO - Started process (PID=47067) to work on /usr/local/lib/python3.8/dist-packages/airflow/example_dags/example_branch_operator.py
[2023-08-24T05:01:20.095+0000] {processor.py:829} INFO - Processing file /usr/local/lib/python3.8/dist-packages/airflow/example_dags/example_branch_operator.py for tasks to queue
[2023-08-24T05:01:20.096+0000] {logging_mixin.py:151} INFO - [2023-08-24T05:01:20.096+0000] {dagbag.py:539} INFO - Filling up the DagBag from /usr/local/lib/python3.8/dist-packages/airflow/example_dags/example_branch_operator.py
[2023-08-24T05:01:20.104+0000] {processor.py:839} INFO - DAG(s) dict_keys(['example_branch_operator']) retrieved from /usr/local/lib/python3.8/dist-packages/airflow/example_dags/example_branch_operator.py
[2023-08-24T05:01:20.123+0000] {logging_mixin.py:151} INFO - [2023-08-24T05:01:20.123+0000] {dag.py:2907} INFO - Sync 1 DAGs
[2023-08-24T05:01:20.141+0000] {logging_mixin.py:151} INFO - [2023-08-24T05:01:20.141+0000] {dag.py:3677} INFO - Setting next_dagrun for example_branch_operator to 2023-08-23T00:00:00+00:00, run_after=2023-08-24T00:00:00+00:00
[2023-08-24T05:01:20.159+0000] {processor.py:179} INFO - Processing /usr/local/lib/python3.8/dist-packages/airflow/example_dags/example_branch_operator.py took 0.069 seconds
[2023-08-24T05:02:18.485+0000] {processor.py:157} INFO - Started process (PID=47253) to work on /usr/local/lib/python3.8/dist-packages/airflow/example_dags/example_branch_operator.py
[2023-08-24T05:02:18.486+0000] {processor.py:829} INFO - Processing file /usr/local/lib/python3.8/dist-packages/airflow/example_dags/example_branch_operator.py for tasks to queue
[2023-08-24T05:02:18.487+0000] {logging_mixin.py:151} INFO - [2023-08-24T05:02:18.487+0000] {dagbag.py:539} INFO - Filling up the DagBag from /usr/local/lib/python3.8/dist-packages/airflow/example_dags/example_branch_operator.py
[2023-08-24T05:02:18.495+0000] {processor.py:839} INFO - DAG(s) dict_keys(['example_branch_operator']) retrieved from /usr/local/lib/python3.8/dist-packages/airflow/example_dags/example_branch_operator.py
[2023-08-24T05:02:18.513+0000] {logging_mixin.py:151} INFO - [2023-08-24T05:02:18.513+0000] {dag.py:2907} INFO - Sync 1 DAGs
[2023-08-24T05:02:18.530+0000] {logging_mixin.py:151} INFO - [2023-08-24T05:02:18.530+0000] {dag.py:3677} INFO - Setting next_dagrun for example_branch_operator to 2023-08-23T00:00:00+00:00, run_after=2023-08-24T00:00:00+00:00
[2023-08-24T05:02:18.547+0000] {processor.py:179} INFO - Processing /usr/local/lib/python3.8/dist-packages/airflow/example_dags/example_branch_operator.py took 0.066 seconds
[2023-08-24T05:03:19.252+0000] {processor.py:157} INFO - Started process (PID=47441) to work on /usr/local/lib/python3.8/dist-packages/airflow/example_dags/example_branch_operator.py
[2023-08-24T05:03:19.253+0000] {processor.py:829} INFO - Processing file /usr/local/lib/python3.8/dist-packages/airflow/example_dags/example_branch_operator.py for tasks to queue
[2023-08-24T05:03:19.254+0000] {logging_mixin.py:151} INFO - [2023-08-24T05:03:19.254+0000] {dagbag.py:539} INFO - Filling up the DagBag from /usr/local/lib/python3.8/dist-packages/airflow/example_dags/example_branch_operator.py
[2023-08-24T05:03:19.263+0000] {processor.py:839} INFO - DAG(s) dict_keys(['example_branch_operator']) retrieved from /usr/local/lib/python3.8/dist-packages/airflow/example_dags/example_branch_operator.py
[2023-08-24T05:03:19.281+0000] {logging_mixin.py:151} INFO - [2023-08-24T05:03:19.281+0000] {dag.py:2907} INFO - Sync 1 DAGs
[2023-08-24T05:03:19.299+0000] {logging_mixin.py:151} INFO - [2023-08-24T05:03:19.299+0000] {dag.py:3677} INFO - Setting next_dagrun for example_branch_operator to 2023-08-23T00:00:00+00:00, run_after=2023-08-24T00:00:00+00:00
[2023-08-24T05:03:19.317+0000] {processor.py:179} INFO - Processing /usr/local/lib/python3.8/dist-packages/airflow/example_dags/example_branch_operator.py took 0.069 seconds
[2023-08-24T05:04:18.241+0000] {processor.py:157} INFO - Started process (PID=47624) to work on /usr/local/lib/python3.8/dist-packages/airflow/example_dags/example_branch_operator.py
[2023-08-24T05:04:18.242+0000] {processor.py:829} INFO - Processing file /usr/local/lib/python3.8/dist-packages/airflow/example_dags/example_branch_operator.py for tasks to queue
[2023-08-24T05:04:18.243+0000] {logging_mixin.py:151} INFO - [2023-08-24T05:04:18.243+0000] {dagbag.py:539} INFO - Filling up the DagBag from /usr/local/lib/python3.8/dist-packages/airflow/example_dags/example_branch_operator.py
[2023-08-24T05:04:18.251+0000] {processor.py:839} INFO - DAG(s) dict_keys(['example_branch_operator']) retrieved from /usr/local/lib/python3.8/dist-packages/airflow/example_dags/example_branch_operator.py
[2023-08-24T05:04:18.269+0000] {logging_mixin.py:151} INFO - [2023-08-24T05:04:18.268+0000] {dag.py:2907} INFO - Sync 1 DAGs
[2023-08-24T05:04:18.285+0000] {logging_mixin.py:151} INFO - [2023-08-24T05:04:18.285+0000] {dag.py:3677} INFO - Setting next_dagrun for example_branch_operator to 2023-08-23T00:00:00+00:00, run_after=2023-08-24T00:00:00+00:00
[2023-08-24T05:04:18.303+0000] {processor.py:179} INFO - Processing /usr/local/lib/python3.8/dist-packages/airflow/example_dags/example_branch_operator.py took 0.066 seconds
[2023-08-24T05:05:18.479+0000] {processor.py:157} INFO - Started process (PID=47820) to work on /usr/local/lib/python3.8/dist-packages/airflow/example_dags/example_branch_operator.py
[2023-08-24T05:05:18.480+0000] {processor.py:829} INFO - Processing file /usr/local/lib/python3.8/dist-packages/airflow/example_dags/example_branch_operator.py for tasks to queue
[2023-08-24T05:05:18.481+0000] {logging_mixin.py:151} INFO - [2023-08-24T05:05:18.481+0000] {dagbag.py:539} INFO - Filling up the DagBag from /usr/local/lib/python3.8/dist-packages/airflow/example_dags/example_branch_operator.py
[2023-08-24T05:05:18.489+0000] {processor.py:839} INFO - DAG(s) dict_keys(['example_branch_operator']) retrieved from /usr/local/lib/python3.8/dist-packages/airflow/example_dags/example_branch_operator.py
[2023-08-24T05:05:18.507+0000] {logging_mixin.py:151} INFO - [2023-08-24T05:05:18.507+0000] {dag.py:2907} INFO - Sync 1 DAGs
[2023-08-24T05:05:18.524+0000] {logging_mixin.py:151} INFO - [2023-08-24T05:05:18.524+0000] {dag.py:3677} INFO - Setting next_dagrun for example_branch_operator to 2023-08-23T00:00:00+00:00, run_after=2023-08-24T00:00:00+00:00
[2023-08-24T05:05:18.542+0000] {processor.py:179} INFO - Processing /usr/local/lib/python3.8/dist-packages/airflow/example_dags/example_branch_operator.py took 0.067 seconds
[2023-08-24T05:06:16.217+0000] {processor.py:157} INFO - Started process (PID=48016) to work on /usr/local/lib/python3.8/dist-packages/airflow/example_dags/example_branch_operator.py
[2023-08-24T05:06:16.219+0000] {processor.py:829} INFO - Processing file /usr/local/lib/python3.8/dist-packages/airflow/example_dags/example_branch_operator.py for tasks to queue
[2023-08-24T05:06:16.219+0000] {logging_mixin.py:151} INFO - [2023-08-24T05:06:16.219+0000] {dagbag.py:539} INFO - Filling up the DagBag from /usr/local/lib/python3.8/dist-packages/airflow/example_dags/example_branch_operator.py
[2023-08-24T05:06:16.228+0000] {processor.py:839} INFO - DAG(s) dict_keys(['example_branch_operator']) retrieved from /usr/local/lib/python3.8/dist-packages/airflow/example_dags/example_branch_operator.py
[2023-08-24T05:06:16.245+0000] {logging_mixin.py:151} INFO - [2023-08-24T05:06:16.245+0000] {dag.py:2907} INFO - Sync 1 DAGs
[2023-08-24T05:06:16.262+0000] {logging_mixin.py:151} INFO - [2023-08-24T05:06:16.262+0000] {dag.py:3677} INFO - Setting next_dagrun for example_branch_operator to 2023-08-23T00:00:00+00:00, run_after=2023-08-24T00:00:00+00:00
[2023-08-24T05:06:16.280+0000] {processor.py:179} INFO - Processing /usr/local/lib/python3.8/dist-packages/airflow/example_dags/example_branch_operator.py took 0.067 seconds
[2023-08-24T05:07:13.007+0000] {processor.py:157} INFO - Started process (PID=48198) to work on /usr/local/lib/python3.8/dist-packages/airflow/example_dags/example_branch_operator.py
[2023-08-24T05:07:13.008+0000] {processor.py:829} INFO - Processing file /usr/local/lib/python3.8/dist-packages/airflow/example_dags/example_branch_operator.py for tasks to queue
[2023-08-24T05:07:13.009+0000] {logging_mixin.py:151} INFO - [2023-08-24T05:07:13.009+0000] {dagbag.py:539} INFO - Filling up the DagBag from /usr/local/lib/python3.8/dist-packages/airflow/example_dags/example_branch_operator.py
[2023-08-24T05:07:13.017+0000] {processor.py:839} INFO - DAG(s) dict_keys(['example_branch_operator']) retrieved from /usr/local/lib/python3.8/dist-packages/airflow/example_dags/example_branch_operator.py
[2023-08-24T05:07:13.036+0000] {logging_mixin.py:151} INFO - [2023-08-24T05:07:13.035+0000] {dag.py:2907} INFO - Sync 1 DAGs
[2023-08-24T05:07:13.053+0000] {logging_mixin.py:151} INFO - [2023-08-24T05:07:13.053+0000] {dag.py:3677} INFO - Setting next_dagrun for example_branch_operator to 2023-08-23T00:00:00+00:00, run_after=2023-08-24T00:00:00+00:00
[2023-08-24T05:07:13.071+0000] {processor.py:179} INFO - Processing /usr/local/lib/python3.8/dist-packages/airflow/example_dags/example_branch_operator.py took 0.068 seconds
[2023-08-24T05:08:11.290+0000] {processor.py:157} INFO - Started process (PID=48382) to work on /usr/local/lib/python3.8/dist-packages/airflow/example_dags/example_branch_operator.py
[2023-08-24T05:08:11.295+0000] {processor.py:829} INFO - Processing file /usr/local/lib/python3.8/dist-packages/airflow/example_dags/example_branch_operator.py for tasks to queue
[2023-08-24T05:08:11.296+0000] {logging_mixin.py:151} INFO - [2023-08-24T05:08:11.295+0000] {dagbag.py:539} INFO - Filling up the DagBag from /usr/local/lib/python3.8/dist-packages/airflow/example_dags/example_branch_operator.py
[2023-08-24T05:08:11.304+0000] {processor.py:839} INFO - DAG(s) dict_keys(['example_branch_operator']) retrieved from /usr/local/lib/python3.8/dist-packages/airflow/example_dags/example_branch_operator.py
[2023-08-24T05:08:11.322+0000] {logging_mixin.py:151} INFO - [2023-08-24T05:08:11.322+0000] {dag.py:2907} INFO - Sync 1 DAGs
[2023-08-24T05:08:11.340+0000] {logging_mixin.py:151} INFO - [2023-08-24T05:08:11.340+0000] {dag.py:3677} INFO - Setting next_dagrun for example_branch_operator to 2023-08-23T00:00:00+00:00, run_after=2023-08-24T00:00:00+00:00
[2023-08-24T05:08:11.358+0000] {processor.py:179} INFO - Processing /usr/local/lib/python3.8/dist-packages/airflow/example_dags/example_branch_operator.py took 0.071 seconds
[2023-08-24T05:09:11.895+0000] {processor.py:157} INFO - Started process (PID=48578) to work on /usr/local/lib/python3.8/dist-packages/airflow/example_dags/example_branch_operator.py
[2023-08-24T05:09:11.897+0000] {processor.py:829} INFO - Processing file /usr/local/lib/python3.8/dist-packages/airflow/example_dags/example_branch_operator.py for tasks to queue
[2023-08-24T05:09:11.898+0000] {logging_mixin.py:151} INFO - [2023-08-24T05:09:11.897+0000] {dagbag.py:539} INFO - Filling up the DagBag from /usr/local/lib/python3.8/dist-packages/airflow/example_dags/example_branch_operator.py
[2023-08-24T05:09:11.906+0000] {processor.py:839} INFO - DAG(s) dict_keys(['example_branch_operator']) retrieved from /usr/local/lib/python3.8/dist-packages/airflow/example_dags/example_branch_operator.py
[2023-08-24T05:09:11.925+0000] {logging_mixin.py:151} INFO - [2023-08-24T05:09:11.924+0000] {dag.py:2907} INFO - Sync 1 DAGs
[2023-08-24T05:09:11.943+0000] {logging_mixin.py:151} INFO - [2023-08-24T05:09:11.943+0000] {dag.py:3677} INFO - Setting next_dagrun for example_branch_operator to 2023-08-23T00:00:00+00:00, run_after=2023-08-24T00:00:00+00:00
[2023-08-24T05:09:11.961+0000] {processor.py:179} INFO - Processing /usr/local/lib/python3.8/dist-packages/airflow/example_dags/example_branch_operator.py took 0.070 seconds
[2023-08-24T05:10:10.898+0000] {processor.py:157} INFO - Started process (PID=48761) to work on /usr/local/lib/python3.8/dist-packages/airflow/example_dags/example_branch_operator.py
[2023-08-24T05:10:10.900+0000] {processor.py:829} INFO - Processing file /usr/local/lib/python3.8/dist-packages/airflow/example_dags/example_branch_operator.py for tasks to queue
[2023-08-24T05:10:10.901+0000] {logging_mixin.py:151} INFO - [2023-08-24T05:10:10.900+0000] {dagbag.py:539} INFO - Filling up the DagBag from /usr/local/lib/python3.8/dist-packages/airflow/example_dags/example_branch_operator.py
[2023-08-24T05:10:10.909+0000] {processor.py:839} INFO - DAG(s) dict_keys(['example_branch_operator']) retrieved from /usr/local/lib/python3.8/dist-packages/airflow/example_dags/example_branch_operator.py
[2023-08-24T05:10:10.927+0000] {logging_mixin.py:151} INFO - [2023-08-24T05:10:10.927+0000] {dag.py:2907} INFO - Sync 1 DAGs
[2023-08-24T05:10:10.945+0000] {logging_mixin.py:151} INFO - [2023-08-24T05:10:10.945+0000] {dag.py:3677} INFO - Setting next_dagrun for example_branch_operator to 2023-08-23T00:00:00+00:00, run_after=2023-08-24T00:00:00+00:00
[2023-08-24T05:10:10.963+0000] {processor.py:179} INFO - Processing /usr/local/lib/python3.8/dist-packages/airflow/example_dags/example_branch_operator.py took 0.069 seconds
[2023-08-24T05:11:25.420+0000] {processor.py:157} INFO - Started process (PID=48917) to work on /usr/local/lib/python3.8/dist-packages/airflow/example_dags/example_branch_operator.py
[2023-08-24T05:11:25.423+0000] {processor.py:829} INFO - Processing file /usr/local/lib/python3.8/dist-packages/airflow/example_dags/example_branch_operator.py for tasks to queue
[2023-08-24T05:11:25.424+0000] {logging_mixin.py:151} INFO - [2023-08-24T05:11:25.424+0000] {dagbag.py:539} INFO - Filling up the DagBag from /usr/local/lib/python3.8/dist-packages/airflow/example_dags/example_branch_operator.py
[2023-08-24T05:11:25.433+0000] {processor.py:839} INFO - DAG(s) dict_keys(['example_branch_operator']) retrieved from /usr/local/lib/python3.8/dist-packages/airflow/example_dags/example_branch_operator.py
[2023-08-24T05:11:25.452+0000] {logging_mixin.py:151} INFO - [2023-08-24T05:11:25.451+0000] {dag.py:2907} INFO - Sync 1 DAGs
[2023-08-24T05:11:25.470+0000] {logging_mixin.py:151} INFO - [2023-08-24T05:11:25.470+0000] {dag.py:3677} INFO - Setting next_dagrun for example_branch_operator to 2023-08-23T00:00:00+00:00, run_after=2023-08-24T00:00:00+00:00
[2023-08-24T05:11:25.489+0000] {processor.py:179} INFO - Processing /usr/local/lib/python3.8/dist-packages/airflow/example_dags/example_branch_operator.py took 0.072 seconds
[2023-08-24T05:12:26.919+0000] {processor.py:157} INFO - Started process (PID=49113) to work on /usr/local/lib/python3.8/dist-packages/airflow/example_dags/example_branch_operator.py
[2023-08-24T05:12:26.921+0000] {processor.py:829} INFO - Processing file /usr/local/lib/python3.8/dist-packages/airflow/example_dags/example_branch_operator.py for tasks to queue
[2023-08-24T05:12:26.922+0000] {logging_mixin.py:151} INFO - [2023-08-24T05:12:26.921+0000] {dagbag.py:539} INFO - Filling up the DagBag from /usr/local/lib/python3.8/dist-packages/airflow/example_dags/example_branch_operator.py
[2023-08-24T05:12:26.930+0000] {processor.py:839} INFO - DAG(s) dict_keys(['example_branch_operator']) retrieved from /usr/local/lib/python3.8/dist-packages/airflow/example_dags/example_branch_operator.py
[2023-08-24T05:12:26.947+0000] {logging_mixin.py:151} INFO - [2023-08-24T05:12:26.947+0000] {dag.py:2907} INFO - Sync 1 DAGs
[2023-08-24T05:12:26.964+0000] {logging_mixin.py:151} INFO - [2023-08-24T05:12:26.964+0000] {dag.py:3677} INFO - Setting next_dagrun for example_branch_operator to 2023-08-23T00:00:00+00:00, run_after=2023-08-24T00:00:00+00:00
[2023-08-24T05:12:26.981+0000] {processor.py:179} INFO - Processing /usr/local/lib/python3.8/dist-packages/airflow/example_dags/example_branch_operator.py took 0.066 seconds
[2023-08-24T05:13:28.551+0000] {processor.py:157} INFO - Started process (PID=49318) to work on /usr/local/lib/python3.8/dist-packages/airflow/example_dags/example_branch_operator.py
[2023-08-24T05:13:28.552+0000] {processor.py:829} INFO - Processing file /usr/local/lib/python3.8/dist-packages/airflow/example_dags/example_branch_operator.py for tasks to queue
[2023-08-24T05:13:28.553+0000] {logging_mixin.py:151} INFO - [2023-08-24T05:13:28.553+0000] {dagbag.py:539} INFO - Filling up the DagBag from /usr/local/lib/python3.8/dist-packages/airflow/example_dags/example_branch_operator.py
[2023-08-24T05:13:28.562+0000] {processor.py:839} INFO - DAG(s) dict_keys(['example_branch_operator']) retrieved from /usr/local/lib/python3.8/dist-packages/airflow/example_dags/example_branch_operator.py
[2023-08-24T05:13:28.580+0000] {logging_mixin.py:151} INFO - [2023-08-24T05:13:28.580+0000] {dag.py:2907} INFO - Sync 1 DAGs
[2023-08-24T05:13:28.598+0000] {logging_mixin.py:151} INFO - [2023-08-24T05:13:28.598+0000] {dag.py:3677} INFO - Setting next_dagrun for example_branch_operator to 2023-08-23T00:00:00+00:00, run_after=2023-08-24T00:00:00+00:00
[2023-08-24T05:13:28.616+0000] {processor.py:179} INFO - Processing /usr/local/lib/python3.8/dist-packages/airflow/example_dags/example_branch_operator.py took 0.069 seconds
