[2023-08-24T04:31:32.812+0000] {processor.py:157} INFO - Started process (PID=41495) to work on /usr/local/lib/python3.8/dist-packages/airflow/example_dags/example_local_kubernetes_executor.py
[2023-08-24T04:31:32.813+0000] {processor.py:829} INFO - Processing file /usr/local/lib/python3.8/dist-packages/airflow/example_dags/example_local_kubernetes_executor.py for tasks to queue
[2023-08-24T04:31:32.814+0000] {logging_mixin.py:151} INFO - [2023-08-24T04:31:32.813+0000] {dagbag.py:539} INFO - Filling up the DagBag from /usr/local/lib/python3.8/dist-packages/airflow/example_dags/example_local_kubernetes_executor.py
[2023-08-24T04:31:33.104+0000] {processor.py:839} INFO - DAG(s) dict_keys(['example_local_kubernetes_executor']) retrieved from /usr/local/lib/python3.8/dist-packages/airflow/example_dags/example_local_kubernetes_executor.py
[2023-08-24T04:31:33.192+0000] {logging_mixin.py:151} INFO - [2023-08-24T04:31:33.192+0000] {manager.py:501} INFO - Created Permission View: can read on DAG:example_local_kubernetes_executor
[2023-08-24T04:31:33.202+0000] {logging_mixin.py:151} INFO - [2023-08-24T04:31:33.202+0000] {manager.py:501} INFO - Created Permission View: can edit on DAG:example_local_kubernetes_executor
[2023-08-24T04:31:33.209+0000] {logging_mixin.py:151} INFO - [2023-08-24T04:31:33.209+0000] {manager.py:501} INFO - Created Permission View: can delete on DAG:example_local_kubernetes_executor
[2023-08-24T04:31:33.218+0000] {logging_mixin.py:151} INFO - [2023-08-24T04:31:33.218+0000] {dag.py:2907} INFO - Sync 1 DAGs
[2023-08-24T04:31:33.226+0000] {logging_mixin.py:151} INFO - [2023-08-24T04:31:33.226+0000] {dag.py:2929} INFO - Creating ORM DAG for example_local_kubernetes_executor
[2023-08-24T04:31:33.226+0000] {logging_mixin.py:151} INFO - [2023-08-24T04:31:33.226+0000] {dag.py:3677} INFO - Setting next_dagrun for example_local_kubernetes_executor to None, run_after=None
[2023-08-24T04:31:33.244+0000] {processor.py:179} INFO - Processing /usr/local/lib/python3.8/dist-packages/airflow/example_dags/example_local_kubernetes_executor.py took 0.435 seconds
[2023-08-24T04:32:34.821+0000] {processor.py:157} INFO - Started process (PID=41693) to work on /usr/local/lib/python3.8/dist-packages/airflow/example_dags/example_local_kubernetes_executor.py
[2023-08-24T04:32:34.822+0000] {processor.py:829} INFO - Processing file /usr/local/lib/python3.8/dist-packages/airflow/example_dags/example_local_kubernetes_executor.py for tasks to queue
[2023-08-24T04:32:34.823+0000] {logging_mixin.py:151} INFO - [2023-08-24T04:32:34.823+0000] {dagbag.py:539} INFO - Filling up the DagBag from /usr/local/lib/python3.8/dist-packages/airflow/example_dags/example_local_kubernetes_executor.py
[2023-08-24T04:32:35.093+0000] {processor.py:839} INFO - DAG(s) dict_keys(['example_local_kubernetes_executor']) retrieved from /usr/local/lib/python3.8/dist-packages/airflow/example_dags/example_local_kubernetes_executor.py
[2023-08-24T04:32:35.114+0000] {logging_mixin.py:151} INFO - [2023-08-24T04:32:35.113+0000] {dag.py:2907} INFO - Sync 1 DAGs
[2023-08-24T04:32:35.122+0000] {logging_mixin.py:151} INFO - [2023-08-24T04:32:35.121+0000] {dag.py:3677} INFO - Setting next_dagrun for example_local_kubernetes_executor to None, run_after=None
[2023-08-24T04:32:35.138+0000] {processor.py:179} INFO - Processing /usr/local/lib/python3.8/dist-packages/airflow/example_dags/example_local_kubernetes_executor.py took 0.321 seconds
[2023-08-24T04:33:34.148+0000] {processor.py:157} INFO - Started process (PID=41884) to work on /usr/local/lib/python3.8/dist-packages/airflow/example_dags/example_local_kubernetes_executor.py
[2023-08-24T04:33:34.150+0000] {processor.py:829} INFO - Processing file /usr/local/lib/python3.8/dist-packages/airflow/example_dags/example_local_kubernetes_executor.py for tasks to queue
[2023-08-24T04:33:34.151+0000] {logging_mixin.py:151} INFO - [2023-08-24T04:33:34.150+0000] {dagbag.py:539} INFO - Filling up the DagBag from /usr/local/lib/python3.8/dist-packages/airflow/example_dags/example_local_kubernetes_executor.py
[2023-08-24T04:33:34.434+0000] {processor.py:839} INFO - DAG(s) dict_keys(['example_local_kubernetes_executor']) retrieved from /usr/local/lib/python3.8/dist-packages/airflow/example_dags/example_local_kubernetes_executor.py
[2023-08-24T04:33:34.456+0000] {logging_mixin.py:151} INFO - [2023-08-24T04:33:34.456+0000] {dag.py:2907} INFO - Sync 1 DAGs
[2023-08-24T04:33:34.465+0000] {logging_mixin.py:151} INFO - [2023-08-24T04:33:34.465+0000] {dag.py:3677} INFO - Setting next_dagrun for example_local_kubernetes_executor to None, run_after=None
[2023-08-24T04:33:34.482+0000] {processor.py:179} INFO - Processing /usr/local/lib/python3.8/dist-packages/airflow/example_dags/example_local_kubernetes_executor.py took 0.338 seconds
[2023-08-24T04:34:32.661+0000] {processor.py:157} INFO - Started process (PID=42067) to work on /usr/local/lib/python3.8/dist-packages/airflow/example_dags/example_local_kubernetes_executor.py
[2023-08-24T04:34:32.663+0000] {processor.py:829} INFO - Processing file /usr/local/lib/python3.8/dist-packages/airflow/example_dags/example_local_kubernetes_executor.py for tasks to queue
[2023-08-24T04:34:32.663+0000] {logging_mixin.py:151} INFO - [2023-08-24T04:34:32.663+0000] {dagbag.py:539} INFO - Filling up the DagBag from /usr/local/lib/python3.8/dist-packages/airflow/example_dags/example_local_kubernetes_executor.py
[2023-08-24T04:34:32.933+0000] {processor.py:839} INFO - DAG(s) dict_keys(['example_local_kubernetes_executor']) retrieved from /usr/local/lib/python3.8/dist-packages/airflow/example_dags/example_local_kubernetes_executor.py
[2023-08-24T04:34:32.954+0000] {logging_mixin.py:151} INFO - [2023-08-24T04:34:32.953+0000] {dag.py:2907} INFO - Sync 1 DAGs
[2023-08-24T04:34:32.963+0000] {logging_mixin.py:151} INFO - [2023-08-24T04:34:32.962+0000] {dag.py:3677} INFO - Setting next_dagrun for example_local_kubernetes_executor to None, run_after=None
[2023-08-24T04:34:32.979+0000] {processor.py:179} INFO - Processing /usr/local/lib/python3.8/dist-packages/airflow/example_dags/example_local_kubernetes_executor.py took 0.322 seconds
[2023-08-24T04:35:31.005+0000] {processor.py:157} INFO - Started process (PID=42263) to work on /usr/local/lib/python3.8/dist-packages/airflow/example_dags/example_local_kubernetes_executor.py
[2023-08-24T04:35:31.009+0000] {processor.py:829} INFO - Processing file /usr/local/lib/python3.8/dist-packages/airflow/example_dags/example_local_kubernetes_executor.py for tasks to queue
[2023-08-24T04:35:31.010+0000] {logging_mixin.py:151} INFO - [2023-08-24T04:35:31.010+0000] {dagbag.py:539} INFO - Filling up the DagBag from /usr/local/lib/python3.8/dist-packages/airflow/example_dags/example_local_kubernetes_executor.py
[2023-08-24T04:35:31.300+0000] {processor.py:839} INFO - DAG(s) dict_keys(['example_local_kubernetes_executor']) retrieved from /usr/local/lib/python3.8/dist-packages/airflow/example_dags/example_local_kubernetes_executor.py
[2023-08-24T04:35:31.324+0000] {logging_mixin.py:151} INFO - [2023-08-24T04:35:31.323+0000] {dag.py:2907} INFO - Sync 1 DAGs
[2023-08-24T04:35:31.332+0000] {logging_mixin.py:151} INFO - [2023-08-24T04:35:31.332+0000] {dag.py:3677} INFO - Setting next_dagrun for example_local_kubernetes_executor to None, run_after=None
[2023-08-24T04:35:31.351+0000] {processor.py:179} INFO - Processing /usr/local/lib/python3.8/dist-packages/airflow/example_dags/example_local_kubernetes_executor.py took 0.350 seconds
[2023-08-24T04:36:29.818+0000] {processor.py:157} INFO - Started process (PID=42459) to work on /usr/local/lib/python3.8/dist-packages/airflow/example_dags/example_local_kubernetes_executor.py
[2023-08-24T04:36:29.820+0000] {processor.py:829} INFO - Processing file /usr/local/lib/python3.8/dist-packages/airflow/example_dags/example_local_kubernetes_executor.py for tasks to queue
[2023-08-24T04:36:29.820+0000] {logging_mixin.py:151} INFO - [2023-08-24T04:36:29.820+0000] {dagbag.py:539} INFO - Filling up the DagBag from /usr/local/lib/python3.8/dist-packages/airflow/example_dags/example_local_kubernetes_executor.py
[2023-08-24T04:36:30.095+0000] {processor.py:839} INFO - DAG(s) dict_keys(['example_local_kubernetes_executor']) retrieved from /usr/local/lib/python3.8/dist-packages/airflow/example_dags/example_local_kubernetes_executor.py
[2023-08-24T04:36:30.116+0000] {logging_mixin.py:151} INFO - [2023-08-24T04:36:30.116+0000] {dag.py:2907} INFO - Sync 1 DAGs
[2023-08-24T04:36:30.124+0000] {logging_mixin.py:151} INFO - [2023-08-24T04:36:30.124+0000] {dag.py:3677} INFO - Setting next_dagrun for example_local_kubernetes_executor to None, run_after=None
[2023-08-24T04:36:30.140+0000] {processor.py:179} INFO - Processing /usr/local/lib/python3.8/dist-packages/airflow/example_dags/example_local_kubernetes_executor.py took 0.326 seconds
[2023-08-24T04:37:25.768+0000] {processor.py:157} INFO - Started process (PID=42642) to work on /usr/local/lib/python3.8/dist-packages/airflow/example_dags/example_local_kubernetes_executor.py
[2023-08-24T04:37:25.771+0000] {processor.py:829} INFO - Processing file /usr/local/lib/python3.8/dist-packages/airflow/example_dags/example_local_kubernetes_executor.py for tasks to queue
[2023-08-24T04:37:25.772+0000] {logging_mixin.py:151} INFO - [2023-08-24T04:37:25.771+0000] {dagbag.py:539} INFO - Filling up the DagBag from /usr/local/lib/python3.8/dist-packages/airflow/example_dags/example_local_kubernetes_executor.py
[2023-08-24T04:37:26.043+0000] {processor.py:839} INFO - DAG(s) dict_keys(['example_local_kubernetes_executor']) retrieved from /usr/local/lib/python3.8/dist-packages/airflow/example_dags/example_local_kubernetes_executor.py
[2023-08-24T04:37:26.064+0000] {logging_mixin.py:151} INFO - [2023-08-24T04:37:26.064+0000] {dag.py:2907} INFO - Sync 1 DAGs
[2023-08-24T04:37:26.072+0000] {logging_mixin.py:151} INFO - [2023-08-24T04:37:26.072+0000] {dag.py:3677} INFO - Setting next_dagrun for example_local_kubernetes_executor to None, run_after=None
[2023-08-24T04:37:26.088+0000] {processor.py:179} INFO - Processing /usr/local/lib/python3.8/dist-packages/airflow/example_dags/example_local_kubernetes_executor.py took 0.324 seconds
[2023-08-24T04:38:24.563+0000] {processor.py:157} INFO - Started process (PID=42825) to work on /usr/local/lib/python3.8/dist-packages/airflow/example_dags/example_local_kubernetes_executor.py
[2023-08-24T04:38:24.565+0000] {processor.py:829} INFO - Processing file /usr/local/lib/python3.8/dist-packages/airflow/example_dags/example_local_kubernetes_executor.py for tasks to queue
[2023-08-24T04:38:24.566+0000] {logging_mixin.py:151} INFO - [2023-08-24T04:38:24.565+0000] {dagbag.py:539} INFO - Filling up the DagBag from /usr/local/lib/python3.8/dist-packages/airflow/example_dags/example_local_kubernetes_executor.py
[2023-08-24T04:38:24.860+0000] {processor.py:839} INFO - DAG(s) dict_keys(['example_local_kubernetes_executor']) retrieved from /usr/local/lib/python3.8/dist-packages/airflow/example_dags/example_local_kubernetes_executor.py
[2023-08-24T04:38:24.883+0000] {logging_mixin.py:151} INFO - [2023-08-24T04:38:24.883+0000] {dag.py:2907} INFO - Sync 1 DAGs
[2023-08-24T04:38:24.893+0000] {logging_mixin.py:151} INFO - [2023-08-24T04:38:24.893+0000] {dag.py:3677} INFO - Setting next_dagrun for example_local_kubernetes_executor to None, run_after=None
[2023-08-24T04:38:24.910+0000] {processor.py:179} INFO - Processing /usr/local/lib/python3.8/dist-packages/airflow/example_dags/example_local_kubernetes_executor.py took 0.350 seconds
[2023-08-24T04:39:24.106+0000] {processor.py:157} INFO - Started process (PID=43010) to work on /usr/local/lib/python3.8/dist-packages/airflow/example_dags/example_local_kubernetes_executor.py
[2023-08-24T04:39:24.108+0000] {processor.py:829} INFO - Processing file /usr/local/lib/python3.8/dist-packages/airflow/example_dags/example_local_kubernetes_executor.py for tasks to queue
[2023-08-24T04:39:24.109+0000] {logging_mixin.py:151} INFO - [2023-08-24T04:39:24.108+0000] {dagbag.py:539} INFO - Filling up the DagBag from /usr/local/lib/python3.8/dist-packages/airflow/example_dags/example_local_kubernetes_executor.py
[2023-08-24T04:39:24.377+0000] {processor.py:839} INFO - DAG(s) dict_keys(['example_local_kubernetes_executor']) retrieved from /usr/local/lib/python3.8/dist-packages/airflow/example_dags/example_local_kubernetes_executor.py
[2023-08-24T04:39:24.398+0000] {logging_mixin.py:151} INFO - [2023-08-24T04:39:24.397+0000] {dag.py:2907} INFO - Sync 1 DAGs
[2023-08-24T04:39:24.406+0000] {logging_mixin.py:151} INFO - [2023-08-24T04:39:24.405+0000] {dag.py:3677} INFO - Setting next_dagrun for example_local_kubernetes_executor to None, run_after=None
[2023-08-24T04:39:24.423+0000] {processor.py:179} INFO - Processing /usr/local/lib/python3.8/dist-packages/airflow/example_dags/example_local_kubernetes_executor.py took 0.320 seconds
[2023-08-24T04:40:24.379+0000] {processor.py:157} INFO - Started process (PID=43206) to work on /usr/local/lib/python3.8/dist-packages/airflow/example_dags/example_local_kubernetes_executor.py
[2023-08-24T04:40:24.381+0000] {processor.py:829} INFO - Processing file /usr/local/lib/python3.8/dist-packages/airflow/example_dags/example_local_kubernetes_executor.py for tasks to queue
[2023-08-24T04:40:24.381+0000] {logging_mixin.py:151} INFO - [2023-08-24T04:40:24.381+0000] {dagbag.py:539} INFO - Filling up the DagBag from /usr/local/lib/python3.8/dist-packages/airflow/example_dags/example_local_kubernetes_executor.py
[2023-08-24T04:40:24.664+0000] {processor.py:839} INFO - DAG(s) dict_keys(['example_local_kubernetes_executor']) retrieved from /usr/local/lib/python3.8/dist-packages/airflow/example_dags/example_local_kubernetes_executor.py
[2023-08-24T04:40:24.686+0000] {logging_mixin.py:151} INFO - [2023-08-24T04:40:24.686+0000] {dag.py:2907} INFO - Sync 1 DAGs
[2023-08-24T04:40:24.695+0000] {logging_mixin.py:151} INFO - [2023-08-24T04:40:24.695+0000] {dag.py:3677} INFO - Setting next_dagrun for example_local_kubernetes_executor to None, run_after=None
[2023-08-24T04:40:24.712+0000] {processor.py:179} INFO - Processing /usr/local/lib/python3.8/dist-packages/airflow/example_dags/example_local_kubernetes_executor.py took 0.336 seconds
[2023-08-24T04:41:25.061+0000] {processor.py:157} INFO - Started process (PID=43390) to work on /usr/local/lib/python3.8/dist-packages/airflow/example_dags/example_local_kubernetes_executor.py
[2023-08-24T04:41:25.063+0000] {processor.py:829} INFO - Processing file /usr/local/lib/python3.8/dist-packages/airflow/example_dags/example_local_kubernetes_executor.py for tasks to queue
[2023-08-24T04:41:25.064+0000] {logging_mixin.py:151} INFO - [2023-08-24T04:41:25.063+0000] {dagbag.py:539} INFO - Filling up the DagBag from /usr/local/lib/python3.8/dist-packages/airflow/example_dags/example_local_kubernetes_executor.py
[2023-08-24T04:41:25.345+0000] {processor.py:839} INFO - DAG(s) dict_keys(['example_local_kubernetes_executor']) retrieved from /usr/local/lib/python3.8/dist-packages/airflow/example_dags/example_local_kubernetes_executor.py
[2023-08-24T04:41:25.368+0000] {logging_mixin.py:151} INFO - [2023-08-24T04:41:25.367+0000] {dag.py:2907} INFO - Sync 1 DAGs
[2023-08-24T04:41:25.376+0000] {logging_mixin.py:151} INFO - [2023-08-24T04:41:25.375+0000] {dag.py:3677} INFO - Setting next_dagrun for example_local_kubernetes_executor to None, run_after=None
[2023-08-24T04:41:25.392+0000] {processor.py:179} INFO - Processing /usr/local/lib/python3.8/dist-packages/airflow/example_dags/example_local_kubernetes_executor.py took 0.334 seconds
[2023-08-24T04:42:25.260+0000] {processor.py:157} INFO - Started process (PID=43574) to work on /usr/local/lib/python3.8/dist-packages/airflow/example_dags/example_local_kubernetes_executor.py
[2023-08-24T04:42:25.261+0000] {processor.py:829} INFO - Processing file /usr/local/lib/python3.8/dist-packages/airflow/example_dags/example_local_kubernetes_executor.py for tasks to queue
[2023-08-24T04:42:25.262+0000] {logging_mixin.py:151} INFO - [2023-08-24T04:42:25.262+0000] {dagbag.py:539} INFO - Filling up the DagBag from /usr/local/lib/python3.8/dist-packages/airflow/example_dags/example_local_kubernetes_executor.py
[2023-08-24T04:42:25.548+0000] {processor.py:839} INFO - DAG(s) dict_keys(['example_local_kubernetes_executor']) retrieved from /usr/local/lib/python3.8/dist-packages/airflow/example_dags/example_local_kubernetes_executor.py
[2023-08-24T04:42:25.572+0000] {logging_mixin.py:151} INFO - [2023-08-24T04:42:25.572+0000] {dag.py:2907} INFO - Sync 1 DAGs
[2023-08-24T04:42:25.581+0000] {logging_mixin.py:151} INFO - [2023-08-24T04:42:25.581+0000] {dag.py:3677} INFO - Setting next_dagrun for example_local_kubernetes_executor to None, run_after=None
[2023-08-24T04:42:25.597+0000] {processor.py:179} INFO - Processing /usr/local/lib/python3.8/dist-packages/airflow/example_dags/example_local_kubernetes_executor.py took 0.341 seconds
[2023-08-24T04:43:24.767+0000] {processor.py:157} INFO - Started process (PID=43761) to work on /usr/local/lib/python3.8/dist-packages/airflow/example_dags/example_local_kubernetes_executor.py
[2023-08-24T04:43:24.768+0000] {processor.py:829} INFO - Processing file /usr/local/lib/python3.8/dist-packages/airflow/example_dags/example_local_kubernetes_executor.py for tasks to queue
[2023-08-24T04:43:24.769+0000] {logging_mixin.py:151} INFO - [2023-08-24T04:43:24.769+0000] {dagbag.py:539} INFO - Filling up the DagBag from /usr/local/lib/python3.8/dist-packages/airflow/example_dags/example_local_kubernetes_executor.py
[2023-08-24T04:43:25.045+0000] {processor.py:839} INFO - DAG(s) dict_keys(['example_local_kubernetes_executor']) retrieved from /usr/local/lib/python3.8/dist-packages/airflow/example_dags/example_local_kubernetes_executor.py
[2023-08-24T04:43:25.066+0000] {logging_mixin.py:151} INFO - [2023-08-24T04:43:25.066+0000] {dag.py:2907} INFO - Sync 1 DAGs
[2023-08-24T04:43:25.075+0000] {logging_mixin.py:151} INFO - [2023-08-24T04:43:25.074+0000] {dag.py:3677} INFO - Setting next_dagrun for example_local_kubernetes_executor to None, run_after=None
[2023-08-24T04:43:25.092+0000] {processor.py:179} INFO - Processing /usr/local/lib/python3.8/dist-packages/airflow/example_dags/example_local_kubernetes_executor.py took 0.329 seconds
[2023-08-24T04:44:25.532+0000] {processor.py:157} INFO - Started process (PID=43947) to work on /usr/local/lib/python3.8/dist-packages/airflow/example_dags/example_local_kubernetes_executor.py
[2023-08-24T04:44:25.534+0000] {processor.py:829} INFO - Processing file /usr/local/lib/python3.8/dist-packages/airflow/example_dags/example_local_kubernetes_executor.py for tasks to queue
[2023-08-24T04:44:25.535+0000] {logging_mixin.py:151} INFO - [2023-08-24T04:44:25.535+0000] {dagbag.py:539} INFO - Filling up the DagBag from /usr/local/lib/python3.8/dist-packages/airflow/example_dags/example_local_kubernetes_executor.py
[2023-08-24T04:44:25.806+0000] {processor.py:839} INFO - DAG(s) dict_keys(['example_local_kubernetes_executor']) retrieved from /usr/local/lib/python3.8/dist-packages/airflow/example_dags/example_local_kubernetes_executor.py
[2023-08-24T04:44:25.827+0000] {logging_mixin.py:151} INFO - [2023-08-24T04:44:25.827+0000] {dag.py:2907} INFO - Sync 1 DAGs
[2023-08-24T04:44:25.835+0000] {logging_mixin.py:151} INFO - [2023-08-24T04:44:25.835+0000] {dag.py:3677} INFO - Setting next_dagrun for example_local_kubernetes_executor to None, run_after=None
[2023-08-24T04:44:25.851+0000] {processor.py:179} INFO - Processing /usr/local/lib/python3.8/dist-packages/airflow/example_dags/example_local_kubernetes_executor.py took 0.323 seconds
[2023-08-24T04:45:26.593+0000] {processor.py:157} INFO - Started process (PID=44130) to work on /usr/local/lib/python3.8/dist-packages/airflow/example_dags/example_local_kubernetes_executor.py
[2023-08-24T04:45:26.595+0000] {processor.py:829} INFO - Processing file /usr/local/lib/python3.8/dist-packages/airflow/example_dags/example_local_kubernetes_executor.py for tasks to queue
[2023-08-24T04:45:26.596+0000] {logging_mixin.py:151} INFO - [2023-08-24T04:45:26.595+0000] {dagbag.py:539} INFO - Filling up the DagBag from /usr/local/lib/python3.8/dist-packages/airflow/example_dags/example_local_kubernetes_executor.py
[2023-08-24T04:45:26.863+0000] {processor.py:839} INFO - DAG(s) dict_keys(['example_local_kubernetes_executor']) retrieved from /usr/local/lib/python3.8/dist-packages/airflow/example_dags/example_local_kubernetes_executor.py
[2023-08-24T04:45:26.885+0000] {logging_mixin.py:151} INFO - [2023-08-24T04:45:26.885+0000] {dag.py:2907} INFO - Sync 1 DAGs
[2023-08-24T04:45:26.893+0000] {logging_mixin.py:151} INFO - [2023-08-24T04:45:26.893+0000] {dag.py:3677} INFO - Setting next_dagrun for example_local_kubernetes_executor to None, run_after=None
[2023-08-24T04:45:26.910+0000] {processor.py:179} INFO - Processing /usr/local/lib/python3.8/dist-packages/airflow/example_dags/example_local_kubernetes_executor.py took 0.320 seconds
[2023-08-24T04:46:28.172+0000] {processor.py:157} INFO - Started process (PID=44313) to work on /usr/local/lib/python3.8/dist-packages/airflow/example_dags/example_local_kubernetes_executor.py
[2023-08-24T04:46:28.175+0000] {processor.py:829} INFO - Processing file /usr/local/lib/python3.8/dist-packages/airflow/example_dags/example_local_kubernetes_executor.py for tasks to queue
[2023-08-24T04:46:28.176+0000] {logging_mixin.py:151} INFO - [2023-08-24T04:46:28.175+0000] {dagbag.py:539} INFO - Filling up the DagBag from /usr/local/lib/python3.8/dist-packages/airflow/example_dags/example_local_kubernetes_executor.py
[2023-08-24T04:46:28.461+0000] {processor.py:839} INFO - DAG(s) dict_keys(['example_local_kubernetes_executor']) retrieved from /usr/local/lib/python3.8/dist-packages/airflow/example_dags/example_local_kubernetes_executor.py
[2023-08-24T04:46:28.484+0000] {logging_mixin.py:151} INFO - [2023-08-24T04:46:28.484+0000] {dag.py:2907} INFO - Sync 1 DAGs
[2023-08-24T04:46:28.492+0000] {logging_mixin.py:151} INFO - [2023-08-24T04:46:28.492+0000] {dag.py:3677} INFO - Setting next_dagrun for example_local_kubernetes_executor to None, run_after=None
[2023-08-24T04:46:28.509+0000] {processor.py:179} INFO - Processing /usr/local/lib/python3.8/dist-packages/airflow/example_dags/example_local_kubernetes_executor.py took 0.340 seconds
[2023-08-24T04:47:30.023+0000] {processor.py:157} INFO - Started process (PID=44497) to work on /usr/local/lib/python3.8/dist-packages/airflow/example_dags/example_local_kubernetes_executor.py
[2023-08-24T04:47:30.025+0000] {processor.py:829} INFO - Processing file /usr/local/lib/python3.8/dist-packages/airflow/example_dags/example_local_kubernetes_executor.py for tasks to queue
[2023-08-24T04:47:30.026+0000] {logging_mixin.py:151} INFO - [2023-08-24T04:47:30.025+0000] {dagbag.py:539} INFO - Filling up the DagBag from /usr/local/lib/python3.8/dist-packages/airflow/example_dags/example_local_kubernetes_executor.py
[2023-08-24T04:47:30.311+0000] {processor.py:839} INFO - DAG(s) dict_keys(['example_local_kubernetes_executor']) retrieved from /usr/local/lib/python3.8/dist-packages/airflow/example_dags/example_local_kubernetes_executor.py
[2023-08-24T04:47:30.333+0000] {logging_mixin.py:151} INFO - [2023-08-24T04:47:30.333+0000] {dag.py:2907} INFO - Sync 1 DAGs
[2023-08-24T04:47:30.344+0000] {logging_mixin.py:151} INFO - [2023-08-24T04:47:30.344+0000] {dag.py:3677} INFO - Setting next_dagrun for example_local_kubernetes_executor to None, run_after=None
[2023-08-24T04:47:30.362+0000] {processor.py:179} INFO - Processing /usr/local/lib/python3.8/dist-packages/airflow/example_dags/example_local_kubernetes_executor.py took 0.342 seconds
[2023-08-24T04:48:31.915+0000] {processor.py:157} INFO - Started process (PID=44680) to work on /usr/local/lib/python3.8/dist-packages/airflow/example_dags/example_local_kubernetes_executor.py
[2023-08-24T04:48:31.916+0000] {processor.py:829} INFO - Processing file /usr/local/lib/python3.8/dist-packages/airflow/example_dags/example_local_kubernetes_executor.py for tasks to queue
[2023-08-24T04:48:31.917+0000] {logging_mixin.py:151} INFO - [2023-08-24T04:48:31.917+0000] {dagbag.py:539} INFO - Filling up the DagBag from /usr/local/lib/python3.8/dist-packages/airflow/example_dags/example_local_kubernetes_executor.py
[2023-08-24T04:48:32.197+0000] {processor.py:839} INFO - DAG(s) dict_keys(['example_local_kubernetes_executor']) retrieved from /usr/local/lib/python3.8/dist-packages/airflow/example_dags/example_local_kubernetes_executor.py
[2023-08-24T04:48:32.219+0000] {logging_mixin.py:151} INFO - [2023-08-24T04:48:32.218+0000] {dag.py:2907} INFO - Sync 1 DAGs
[2023-08-24T04:48:32.227+0000] {logging_mixin.py:151} INFO - [2023-08-24T04:48:32.227+0000] {dag.py:3677} INFO - Setting next_dagrun for example_local_kubernetes_executor to None, run_after=None
[2023-08-24T04:48:32.244+0000] {processor.py:179} INFO - Processing /usr/local/lib/python3.8/dist-packages/airflow/example_dags/example_local_kubernetes_executor.py took 0.333 seconds
[2023-08-24T04:49:33.526+0000] {processor.py:157} INFO - Started process (PID=44864) to work on /usr/local/lib/python3.8/dist-packages/airflow/example_dags/example_local_kubernetes_executor.py
[2023-08-24T04:49:33.527+0000] {processor.py:829} INFO - Processing file /usr/local/lib/python3.8/dist-packages/airflow/example_dags/example_local_kubernetes_executor.py for tasks to queue
[2023-08-24T04:49:33.528+0000] {logging_mixin.py:151} INFO - [2023-08-24T04:49:33.528+0000] {dagbag.py:539} INFO - Filling up the DagBag from /usr/local/lib/python3.8/dist-packages/airflow/example_dags/example_local_kubernetes_executor.py
[2023-08-24T04:49:33.808+0000] {processor.py:839} INFO - DAG(s) dict_keys(['example_local_kubernetes_executor']) retrieved from /usr/local/lib/python3.8/dist-packages/airflow/example_dags/example_local_kubernetes_executor.py
[2023-08-24T04:49:33.831+0000] {logging_mixin.py:151} INFO - [2023-08-24T04:49:33.830+0000] {dag.py:2907} INFO - Sync 1 DAGs
[2023-08-24T04:49:33.839+0000] {logging_mixin.py:151} INFO - [2023-08-24T04:49:33.838+0000] {dag.py:3677} INFO - Setting next_dagrun for example_local_kubernetes_executor to None, run_after=None
[2023-08-24T04:49:33.855+0000] {processor.py:179} INFO - Processing /usr/local/lib/python3.8/dist-packages/airflow/example_dags/example_local_kubernetes_executor.py took 0.333 seconds
[2023-08-24T04:50:30.959+0000] {processor.py:157} INFO - Started process (PID=45048) to work on /usr/local/lib/python3.8/dist-packages/airflow/example_dags/example_local_kubernetes_executor.py
[2023-08-24T04:50:30.961+0000] {processor.py:829} INFO - Processing file /usr/local/lib/python3.8/dist-packages/airflow/example_dags/example_local_kubernetes_executor.py for tasks to queue
[2023-08-24T04:50:30.962+0000] {logging_mixin.py:151} INFO - [2023-08-24T04:50:30.962+0000] {dagbag.py:539} INFO - Filling up the DagBag from /usr/local/lib/python3.8/dist-packages/airflow/example_dags/example_local_kubernetes_executor.py
[2023-08-24T04:50:31.244+0000] {processor.py:839} INFO - DAG(s) dict_keys(['example_local_kubernetes_executor']) retrieved from /usr/local/lib/python3.8/dist-packages/airflow/example_dags/example_local_kubernetes_executor.py
[2023-08-24T04:50:31.268+0000] {logging_mixin.py:151} INFO - [2023-08-24T04:50:31.268+0000] {dag.py:2907} INFO - Sync 1 DAGs
[2023-08-24T04:50:31.276+0000] {logging_mixin.py:151} INFO - [2023-08-24T04:50:31.276+0000] {dag.py:3677} INFO - Setting next_dagrun for example_local_kubernetes_executor to None, run_after=None
[2023-08-24T04:50:31.293+0000] {processor.py:179} INFO - Processing /usr/local/lib/python3.8/dist-packages/airflow/example_dags/example_local_kubernetes_executor.py took 0.338 seconds
[2023-08-24T04:51:31.663+0000] {processor.py:157} INFO - Started process (PID=45230) to work on /usr/local/lib/python3.8/dist-packages/airflow/example_dags/example_local_kubernetes_executor.py
[2023-08-24T04:51:31.665+0000] {processor.py:829} INFO - Processing file /usr/local/lib/python3.8/dist-packages/airflow/example_dags/example_local_kubernetes_executor.py for tasks to queue
[2023-08-24T04:51:31.666+0000] {logging_mixin.py:151} INFO - [2023-08-24T04:51:31.666+0000] {dagbag.py:539} INFO - Filling up the DagBag from /usr/local/lib/python3.8/dist-packages/airflow/example_dags/example_local_kubernetes_executor.py
[2023-08-24T04:51:31.945+0000] {processor.py:839} INFO - DAG(s) dict_keys(['example_local_kubernetes_executor']) retrieved from /usr/local/lib/python3.8/dist-packages/airflow/example_dags/example_local_kubernetes_executor.py
[2023-08-24T04:51:31.967+0000] {logging_mixin.py:151} INFO - [2023-08-24T04:51:31.966+0000] {dag.py:2907} INFO - Sync 1 DAGs
[2023-08-24T04:51:31.977+0000] {logging_mixin.py:151} INFO - [2023-08-24T04:51:31.976+0000] {dag.py:3677} INFO - Setting next_dagrun for example_local_kubernetes_executor to None, run_after=None
[2023-08-24T04:51:31.995+0000] {processor.py:179} INFO - Processing /usr/local/lib/python3.8/dist-packages/airflow/example_dags/example_local_kubernetes_executor.py took 0.335 seconds
[2023-08-24T04:52:33.872+0000] {processor.py:157} INFO - Started process (PID=45413) to work on /usr/local/lib/python3.8/dist-packages/airflow/example_dags/example_local_kubernetes_executor.py
[2023-08-24T04:52:33.873+0000] {processor.py:829} INFO - Processing file /usr/local/lib/python3.8/dist-packages/airflow/example_dags/example_local_kubernetes_executor.py for tasks to queue
[2023-08-24T04:52:33.874+0000] {logging_mixin.py:151} INFO - [2023-08-24T04:52:33.874+0000] {dagbag.py:539} INFO - Filling up the DagBag from /usr/local/lib/python3.8/dist-packages/airflow/example_dags/example_local_kubernetes_executor.py
[2023-08-24T04:52:34.136+0000] {processor.py:839} INFO - DAG(s) dict_keys(['example_local_kubernetes_executor']) retrieved from /usr/local/lib/python3.8/dist-packages/airflow/example_dags/example_local_kubernetes_executor.py
[2023-08-24T04:52:34.160+0000] {logging_mixin.py:151} INFO - [2023-08-24T04:52:34.160+0000] {dag.py:2907} INFO - Sync 1 DAGs
[2023-08-24T04:52:34.168+0000] {logging_mixin.py:151} INFO - [2023-08-24T04:52:34.168+0000] {dag.py:3677} INFO - Setting next_dagrun for example_local_kubernetes_executor to None, run_after=None
[2023-08-24T04:52:34.184+0000] {processor.py:179} INFO - Processing /usr/local/lib/python3.8/dist-packages/airflow/example_dags/example_local_kubernetes_executor.py took 0.316 seconds
[2023-08-24T04:53:36.233+0000] {processor.py:157} INFO - Started process (PID=45602) to work on /usr/local/lib/python3.8/dist-packages/airflow/example_dags/example_local_kubernetes_executor.py
[2023-08-24T04:53:36.235+0000] {processor.py:829} INFO - Processing file /usr/local/lib/python3.8/dist-packages/airflow/example_dags/example_local_kubernetes_executor.py for tasks to queue
[2023-08-24T04:53:36.236+0000] {logging_mixin.py:151} INFO - [2023-08-24T04:53:36.235+0000] {dagbag.py:539} INFO - Filling up the DagBag from /usr/local/lib/python3.8/dist-packages/airflow/example_dags/example_local_kubernetes_executor.py
[2023-08-24T04:53:36.522+0000] {processor.py:839} INFO - DAG(s) dict_keys(['example_local_kubernetes_executor']) retrieved from /usr/local/lib/python3.8/dist-packages/airflow/example_dags/example_local_kubernetes_executor.py
[2023-08-24T04:53:36.545+0000] {logging_mixin.py:151} INFO - [2023-08-24T04:53:36.545+0000] {dag.py:2907} INFO - Sync 1 DAGs
[2023-08-24T04:53:36.553+0000] {logging_mixin.py:151} INFO - [2023-08-24T04:53:36.553+0000] {dag.py:3677} INFO - Setting next_dagrun for example_local_kubernetes_executor to None, run_after=None
[2023-08-24T04:53:36.570+0000] {processor.py:179} INFO - Processing /usr/local/lib/python3.8/dist-packages/airflow/example_dags/example_local_kubernetes_executor.py took 0.340 seconds
[2023-08-24T04:54:36.682+0000] {processor.py:157} INFO - Started process (PID=45785) to work on /usr/local/lib/python3.8/dist-packages/airflow/example_dags/example_local_kubernetes_executor.py
[2023-08-24T04:54:36.683+0000] {processor.py:829} INFO - Processing file /usr/local/lib/python3.8/dist-packages/airflow/example_dags/example_local_kubernetes_executor.py for tasks to queue
[2023-08-24T04:54:36.684+0000] {logging_mixin.py:151} INFO - [2023-08-24T04:54:36.684+0000] {dagbag.py:539} INFO - Filling up the DagBag from /usr/local/lib/python3.8/dist-packages/airflow/example_dags/example_local_kubernetes_executor.py
[2023-08-24T04:54:36.982+0000] {processor.py:839} INFO - DAG(s) dict_keys(['example_local_kubernetes_executor']) retrieved from /usr/local/lib/python3.8/dist-packages/airflow/example_dags/example_local_kubernetes_executor.py
[2023-08-24T04:54:37.007+0000] {logging_mixin.py:151} INFO - [2023-08-24T04:54:37.006+0000] {dag.py:2907} INFO - Sync 1 DAGs
[2023-08-24T04:54:37.015+0000] {logging_mixin.py:151} INFO - [2023-08-24T04:54:37.015+0000] {dag.py:3677} INFO - Setting next_dagrun for example_local_kubernetes_executor to None, run_after=None
[2023-08-24T04:54:37.033+0000] {processor.py:179} INFO - Processing /usr/local/lib/python3.8/dist-packages/airflow/example_dags/example_local_kubernetes_executor.py took 0.354 seconds
[2023-08-24T04:55:36.024+0000] {processor.py:157} INFO - Started process (PID=45968) to work on /usr/local/lib/python3.8/dist-packages/airflow/example_dags/example_local_kubernetes_executor.py
[2023-08-24T04:55:36.025+0000] {processor.py:829} INFO - Processing file /usr/local/lib/python3.8/dist-packages/airflow/example_dags/example_local_kubernetes_executor.py for tasks to queue
[2023-08-24T04:55:36.026+0000] {logging_mixin.py:151} INFO - [2023-08-24T04:55:36.026+0000] {dagbag.py:539} INFO - Filling up the DagBag from /usr/local/lib/python3.8/dist-packages/airflow/example_dags/example_local_kubernetes_executor.py
[2023-08-24T04:55:36.318+0000] {processor.py:839} INFO - DAG(s) dict_keys(['example_local_kubernetes_executor']) retrieved from /usr/local/lib/python3.8/dist-packages/airflow/example_dags/example_local_kubernetes_executor.py
[2023-08-24T04:55:36.340+0000] {logging_mixin.py:151} INFO - [2023-08-24T04:55:36.340+0000] {dag.py:2907} INFO - Sync 1 DAGs
[2023-08-24T04:55:36.350+0000] {logging_mixin.py:151} INFO - [2023-08-24T04:55:36.350+0000] {dag.py:3677} INFO - Setting next_dagrun for example_local_kubernetes_executor to None, run_after=None
[2023-08-24T04:55:36.367+0000] {processor.py:179} INFO - Processing /usr/local/lib/python3.8/dist-packages/airflow/example_dags/example_local_kubernetes_executor.py took 0.347 seconds
[2023-08-24T04:56:40.494+0000] {processor.py:157} INFO - Started process (PID=46156) to work on /usr/local/lib/python3.8/dist-packages/airflow/example_dags/example_local_kubernetes_executor.py
[2023-08-24T04:56:40.495+0000] {processor.py:829} INFO - Processing file /usr/local/lib/python3.8/dist-packages/airflow/example_dags/example_local_kubernetes_executor.py for tasks to queue
[2023-08-24T04:56:40.496+0000] {logging_mixin.py:151} INFO - [2023-08-24T04:56:40.496+0000] {dagbag.py:539} INFO - Filling up the DagBag from /usr/local/lib/python3.8/dist-packages/airflow/example_dags/example_local_kubernetes_executor.py
[2023-08-24T04:56:40.784+0000] {processor.py:839} INFO - DAG(s) dict_keys(['example_local_kubernetes_executor']) retrieved from /usr/local/lib/python3.8/dist-packages/airflow/example_dags/example_local_kubernetes_executor.py
[2023-08-24T04:56:40.805+0000] {logging_mixin.py:151} INFO - [2023-08-24T04:56:40.805+0000] {dag.py:2907} INFO - Sync 1 DAGs
[2023-08-24T04:56:40.814+0000] {logging_mixin.py:151} INFO - [2023-08-24T04:56:40.814+0000] {dag.py:3677} INFO - Setting next_dagrun for example_local_kubernetes_executor to None, run_after=None
[2023-08-24T04:56:40.832+0000] {processor.py:179} INFO - Processing /usr/local/lib/python3.8/dist-packages/airflow/example_dags/example_local_kubernetes_executor.py took 0.342 seconds
[2023-08-24T04:57:45.124+0000] {processor.py:157} INFO - Started process (PID=46352) to work on /usr/local/lib/python3.8/dist-packages/airflow/example_dags/example_local_kubernetes_executor.py
[2023-08-24T04:57:45.126+0000] {processor.py:829} INFO - Processing file /usr/local/lib/python3.8/dist-packages/airflow/example_dags/example_local_kubernetes_executor.py for tasks to queue
[2023-08-24T04:57:45.127+0000] {logging_mixin.py:151} INFO - [2023-08-24T04:57:45.126+0000] {dagbag.py:539} INFO - Filling up the DagBag from /usr/local/lib/python3.8/dist-packages/airflow/example_dags/example_local_kubernetes_executor.py
[2023-08-24T04:57:45.410+0000] {processor.py:839} INFO - DAG(s) dict_keys(['example_local_kubernetes_executor']) retrieved from /usr/local/lib/python3.8/dist-packages/airflow/example_dags/example_local_kubernetes_executor.py
[2023-08-24T04:57:45.432+0000] {logging_mixin.py:151} INFO - [2023-08-24T04:57:45.432+0000] {dag.py:2907} INFO - Sync 1 DAGs
[2023-08-24T04:57:45.441+0000] {logging_mixin.py:151} INFO - [2023-08-24T04:57:45.441+0000] {dag.py:3677} INFO - Setting next_dagrun for example_local_kubernetes_executor to None, run_after=None
[2023-08-24T04:57:45.459+0000] {processor.py:179} INFO - Processing /usr/local/lib/python3.8/dist-packages/airflow/example_dags/example_local_kubernetes_executor.py took 0.338 seconds
[2023-08-24T04:58:47.542+0000] {processor.py:157} INFO - Started process (PID=46536) to work on /usr/local/lib/python3.8/dist-packages/airflow/example_dags/example_local_kubernetes_executor.py
[2023-08-24T04:58:47.543+0000] {processor.py:829} INFO - Processing file /usr/local/lib/python3.8/dist-packages/airflow/example_dags/example_local_kubernetes_executor.py for tasks to queue
[2023-08-24T04:58:47.544+0000] {logging_mixin.py:151} INFO - [2023-08-24T04:58:47.544+0000] {dagbag.py:539} INFO - Filling up the DagBag from /usr/local/lib/python3.8/dist-packages/airflow/example_dags/example_local_kubernetes_executor.py
[2023-08-24T04:58:47.829+0000] {processor.py:839} INFO - DAG(s) dict_keys(['example_local_kubernetes_executor']) retrieved from /usr/local/lib/python3.8/dist-packages/airflow/example_dags/example_local_kubernetes_executor.py
[2023-08-24T04:58:47.852+0000] {logging_mixin.py:151} INFO - [2023-08-24T04:58:47.851+0000] {dag.py:2907} INFO - Sync 1 DAGs
[2023-08-24T04:58:47.860+0000] {logging_mixin.py:151} INFO - [2023-08-24T04:58:47.860+0000] {dag.py:3677} INFO - Setting next_dagrun for example_local_kubernetes_executor to None, run_after=None
[2023-08-24T04:58:47.876+0000] {processor.py:179} INFO - Processing /usr/local/lib/python3.8/dist-packages/airflow/example_dags/example_local_kubernetes_executor.py took 0.338 seconds
[2023-08-24T04:59:51.484+0000] {processor.py:157} INFO - Started process (PID=46719) to work on /usr/local/lib/python3.8/dist-packages/airflow/example_dags/example_local_kubernetes_executor.py
[2023-08-24T04:59:51.486+0000] {processor.py:829} INFO - Processing file /usr/local/lib/python3.8/dist-packages/airflow/example_dags/example_local_kubernetes_executor.py for tasks to queue
[2023-08-24T04:59:51.487+0000] {logging_mixin.py:151} INFO - [2023-08-24T04:59:51.487+0000] {dagbag.py:539} INFO - Filling up the DagBag from /usr/local/lib/python3.8/dist-packages/airflow/example_dags/example_local_kubernetes_executor.py
[2023-08-24T04:59:51.644+0000] {processor.py:839} INFO - DAG(s) dict_keys(['example_local_kubernetes_executor']) retrieved from /usr/local/lib/python3.8/dist-packages/airflow/example_dags/example_local_kubernetes_executor.py
[2023-08-24T04:59:51.671+0000] {logging_mixin.py:151} INFO - [2023-08-24T04:59:51.671+0000] {dag.py:2907} INFO - Sync 1 DAGs
[2023-08-24T04:59:51.681+0000] {logging_mixin.py:151} INFO - [2023-08-24T04:59:51.681+0000] {dag.py:3677} INFO - Setting next_dagrun for example_local_kubernetes_executor to None, run_after=None
[2023-08-24T04:59:51.699+0000] {processor.py:179} INFO - Processing /usr/local/lib/python3.8/dist-packages/airflow/example_dags/example_local_kubernetes_executor.py took 0.219 seconds
[2023-08-24T05:00:50.561+0000] {processor.py:157} INFO - Started process (PID=46904) to work on /usr/local/lib/python3.8/dist-packages/airflow/example_dags/example_local_kubernetes_executor.py
[2023-08-24T05:00:50.563+0000] {processor.py:829} INFO - Processing file /usr/local/lib/python3.8/dist-packages/airflow/example_dags/example_local_kubernetes_executor.py for tasks to queue
[2023-08-24T05:00:50.564+0000] {logging_mixin.py:151} INFO - [2023-08-24T05:00:50.563+0000] {dagbag.py:539} INFO - Filling up the DagBag from /usr/local/lib/python3.8/dist-packages/airflow/example_dags/example_local_kubernetes_executor.py
[2023-08-24T05:00:50.718+0000] {processor.py:839} INFO - DAG(s) dict_keys(['example_local_kubernetes_executor']) retrieved from /usr/local/lib/python3.8/dist-packages/airflow/example_dags/example_local_kubernetes_executor.py
[2023-08-24T05:00:50.743+0000] {logging_mixin.py:151} INFO - [2023-08-24T05:00:50.742+0000] {dag.py:2907} INFO - Sync 1 DAGs
[2023-08-24T05:00:50.754+0000] {logging_mixin.py:151} INFO - [2023-08-24T05:00:50.754+0000] {dag.py:3677} INFO - Setting next_dagrun for example_local_kubernetes_executor to None, run_after=None
[2023-08-24T05:00:50.771+0000] {processor.py:179} INFO - Processing /usr/local/lib/python3.8/dist-packages/airflow/example_dags/example_local_kubernetes_executor.py took 0.213 seconds
[2023-08-24T05:01:49.671+0000] {processor.py:157} INFO - Started process (PID=47102) to work on /usr/local/lib/python3.8/dist-packages/airflow/example_dags/example_local_kubernetes_executor.py
[2023-08-24T05:01:49.672+0000] {processor.py:829} INFO - Processing file /usr/local/lib/python3.8/dist-packages/airflow/example_dags/example_local_kubernetes_executor.py for tasks to queue
[2023-08-24T05:01:49.673+0000] {logging_mixin.py:151} INFO - [2023-08-24T05:01:49.673+0000] {dagbag.py:539} INFO - Filling up the DagBag from /usr/local/lib/python3.8/dist-packages/airflow/example_dags/example_local_kubernetes_executor.py
[2023-08-24T05:01:49.830+0000] {processor.py:839} INFO - DAG(s) dict_keys(['example_local_kubernetes_executor']) retrieved from /usr/local/lib/python3.8/dist-packages/airflow/example_dags/example_local_kubernetes_executor.py
[2023-08-24T05:01:49.855+0000] {logging_mixin.py:151} INFO - [2023-08-24T05:01:49.855+0000] {dag.py:2907} INFO - Sync 1 DAGs
[2023-08-24T05:01:49.866+0000] {logging_mixin.py:151} INFO - [2023-08-24T05:01:49.865+0000] {dag.py:3677} INFO - Setting next_dagrun for example_local_kubernetes_executor to None, run_after=None
[2023-08-24T05:01:49.885+0000] {processor.py:179} INFO - Processing /usr/local/lib/python3.8/dist-packages/airflow/example_dags/example_local_kubernetes_executor.py took 0.217 seconds
[2023-08-24T05:02:50.397+0000] {processor.py:157} INFO - Started process (PID=47286) to work on /usr/local/lib/python3.8/dist-packages/airflow/example_dags/example_local_kubernetes_executor.py
[2023-08-24T05:02:50.399+0000] {processor.py:829} INFO - Processing file /usr/local/lib/python3.8/dist-packages/airflow/example_dags/example_local_kubernetes_executor.py for tasks to queue
[2023-08-24T05:02:50.400+0000] {logging_mixin.py:151} INFO - [2023-08-24T05:02:50.399+0000] {dagbag.py:539} INFO - Filling up the DagBag from /usr/local/lib/python3.8/dist-packages/airflow/example_dags/example_local_kubernetes_executor.py
[2023-08-24T05:02:50.560+0000] {processor.py:839} INFO - DAG(s) dict_keys(['example_local_kubernetes_executor']) retrieved from /usr/local/lib/python3.8/dist-packages/airflow/example_dags/example_local_kubernetes_executor.py
[2023-08-24T05:02:50.586+0000] {logging_mixin.py:151} INFO - [2023-08-24T05:02:50.586+0000] {dag.py:2907} INFO - Sync 1 DAGs
[2023-08-24T05:02:50.597+0000] {logging_mixin.py:151} INFO - [2023-08-24T05:02:50.597+0000] {dag.py:3677} INFO - Setting next_dagrun for example_local_kubernetes_executor to None, run_after=None
[2023-08-24T05:02:50.615+0000] {processor.py:179} INFO - Processing /usr/local/lib/python3.8/dist-packages/airflow/example_dags/example_local_kubernetes_executor.py took 0.222 seconds
[2023-08-24T05:03:51.202+0000] {processor.py:157} INFO - Started process (PID=47475) to work on /usr/local/lib/python3.8/dist-packages/airflow/example_dags/example_local_kubernetes_executor.py
[2023-08-24T05:03:51.204+0000] {processor.py:829} INFO - Processing file /usr/local/lib/python3.8/dist-packages/airflow/example_dags/example_local_kubernetes_executor.py for tasks to queue
[2023-08-24T05:03:51.205+0000] {logging_mixin.py:151} INFO - [2023-08-24T05:03:51.204+0000] {dagbag.py:539} INFO - Filling up the DagBag from /usr/local/lib/python3.8/dist-packages/airflow/example_dags/example_local_kubernetes_executor.py
[2023-08-24T05:03:51.367+0000] {processor.py:839} INFO - DAG(s) dict_keys(['example_local_kubernetes_executor']) retrieved from /usr/local/lib/python3.8/dist-packages/airflow/example_dags/example_local_kubernetes_executor.py
[2023-08-24T05:03:51.396+0000] {logging_mixin.py:151} INFO - [2023-08-24T05:03:51.395+0000] {dag.py:2907} INFO - Sync 1 DAGs
[2023-08-24T05:03:51.407+0000] {logging_mixin.py:151} INFO - [2023-08-24T05:03:51.407+0000] {dag.py:3677} INFO - Setting next_dagrun for example_local_kubernetes_executor to None, run_after=None
[2023-08-24T05:03:51.426+0000] {processor.py:179} INFO - Processing /usr/local/lib/python3.8/dist-packages/airflow/example_dags/example_local_kubernetes_executor.py took 0.227 seconds
[2023-08-24T05:04:49.060+0000] {processor.py:157} INFO - Started process (PID=47657) to work on /usr/local/lib/python3.8/dist-packages/airflow/example_dags/example_local_kubernetes_executor.py
[2023-08-24T05:04:49.062+0000] {processor.py:829} INFO - Processing file /usr/local/lib/python3.8/dist-packages/airflow/example_dags/example_local_kubernetes_executor.py for tasks to queue
[2023-08-24T05:04:49.063+0000] {logging_mixin.py:151} INFO - [2023-08-24T05:04:49.063+0000] {dagbag.py:539} INFO - Filling up the DagBag from /usr/local/lib/python3.8/dist-packages/airflow/example_dags/example_local_kubernetes_executor.py
[2023-08-24T05:04:49.218+0000] {processor.py:839} INFO - DAG(s) dict_keys(['example_local_kubernetes_executor']) retrieved from /usr/local/lib/python3.8/dist-packages/airflow/example_dags/example_local_kubernetes_executor.py
[2023-08-24T05:04:49.243+0000] {logging_mixin.py:151} INFO - [2023-08-24T05:04:49.243+0000] {dag.py:2907} INFO - Sync 1 DAGs
[2023-08-24T05:04:49.254+0000] {logging_mixin.py:151} INFO - [2023-08-24T05:04:49.254+0000] {dag.py:3677} INFO - Setting next_dagrun for example_local_kubernetes_executor to None, run_after=None
[2023-08-24T05:04:49.271+0000] {processor.py:179} INFO - Processing /usr/local/lib/python3.8/dist-packages/airflow/example_dags/example_local_kubernetes_executor.py took 0.215 seconds
[2023-08-24T05:05:48.049+0000] {processor.py:157} INFO - Started process (PID=47853) to work on /usr/local/lib/python3.8/dist-packages/airflow/example_dags/example_local_kubernetes_executor.py
[2023-08-24T05:05:48.051+0000] {processor.py:829} INFO - Processing file /usr/local/lib/python3.8/dist-packages/airflow/example_dags/example_local_kubernetes_executor.py for tasks to queue
[2023-08-24T05:05:48.051+0000] {logging_mixin.py:151} INFO - [2023-08-24T05:05:48.051+0000] {dagbag.py:539} INFO - Filling up the DagBag from /usr/local/lib/python3.8/dist-packages/airflow/example_dags/example_local_kubernetes_executor.py
[2023-08-24T05:05:48.206+0000] {processor.py:839} INFO - DAG(s) dict_keys(['example_local_kubernetes_executor']) retrieved from /usr/local/lib/python3.8/dist-packages/airflow/example_dags/example_local_kubernetes_executor.py
[2023-08-24T05:05:48.231+0000] {logging_mixin.py:151} INFO - [2023-08-24T05:05:48.231+0000] {dag.py:2907} INFO - Sync 1 DAGs
[2023-08-24T05:05:48.241+0000] {logging_mixin.py:151} INFO - [2023-08-24T05:05:48.241+0000] {dag.py:3677} INFO - Setting next_dagrun for example_local_kubernetes_executor to None, run_after=None
[2023-08-24T05:05:48.260+0000] {processor.py:179} INFO - Processing /usr/local/lib/python3.8/dist-packages/airflow/example_dags/example_local_kubernetes_executor.py took 0.215 seconds
[2023-08-24T05:06:46.344+0000] {processor.py:157} INFO - Started process (PID=48050) to work on /usr/local/lib/python3.8/dist-packages/airflow/example_dags/example_local_kubernetes_executor.py
[2023-08-24T05:06:46.346+0000] {processor.py:829} INFO - Processing file /usr/local/lib/python3.8/dist-packages/airflow/example_dags/example_local_kubernetes_executor.py for tasks to queue
[2023-08-24T05:06:46.347+0000] {logging_mixin.py:151} INFO - [2023-08-24T05:06:46.346+0000] {dagbag.py:539} INFO - Filling up the DagBag from /usr/local/lib/python3.8/dist-packages/airflow/example_dags/example_local_kubernetes_executor.py
[2023-08-24T05:06:46.516+0000] {processor.py:839} INFO - DAG(s) dict_keys(['example_local_kubernetes_executor']) retrieved from /usr/local/lib/python3.8/dist-packages/airflow/example_dags/example_local_kubernetes_executor.py
[2023-08-24T05:06:46.544+0000] {logging_mixin.py:151} INFO - [2023-08-24T05:06:46.544+0000] {dag.py:2907} INFO - Sync 1 DAGs
[2023-08-24T05:06:46.555+0000] {logging_mixin.py:151} INFO - [2023-08-24T05:06:46.555+0000] {dag.py:3677} INFO - Setting next_dagrun for example_local_kubernetes_executor to None, run_after=None
[2023-08-24T05:06:46.574+0000] {processor.py:179} INFO - Processing /usr/local/lib/python3.8/dist-packages/airflow/example_dags/example_local_kubernetes_executor.py took 0.235 seconds
[2023-08-24T05:07:46.229+0000] {processor.py:157} INFO - Started process (PID=48236) to work on /usr/local/lib/python3.8/dist-packages/airflow/example_dags/example_local_kubernetes_executor.py
[2023-08-24T05:07:46.231+0000] {processor.py:829} INFO - Processing file /usr/local/lib/python3.8/dist-packages/airflow/example_dags/example_local_kubernetes_executor.py for tasks to queue
[2023-08-24T05:07:46.232+0000] {logging_mixin.py:151} INFO - [2023-08-24T05:07:46.231+0000] {dagbag.py:539} INFO - Filling up the DagBag from /usr/local/lib/python3.8/dist-packages/airflow/example_dags/example_local_kubernetes_executor.py
[2023-08-24T05:07:46.393+0000] {processor.py:839} INFO - DAG(s) dict_keys(['example_local_kubernetes_executor']) retrieved from /usr/local/lib/python3.8/dist-packages/airflow/example_dags/example_local_kubernetes_executor.py
[2023-08-24T05:07:46.423+0000] {logging_mixin.py:151} INFO - [2023-08-24T05:07:46.423+0000] {dag.py:2907} INFO - Sync 1 DAGs
[2023-08-24T05:07:46.434+0000] {logging_mixin.py:151} INFO - [2023-08-24T05:07:46.434+0000] {dag.py:3677} INFO - Setting next_dagrun for example_local_kubernetes_executor to None, run_after=None
[2023-08-24T05:07:46.452+0000] {processor.py:179} INFO - Processing /usr/local/lib/python3.8/dist-packages/airflow/example_dags/example_local_kubernetes_executor.py took 0.227 seconds
[2023-08-24T05:08:46.453+0000] {processor.py:157} INFO - Started process (PID=48419) to work on /usr/local/lib/python3.8/dist-packages/airflow/example_dags/example_local_kubernetes_executor.py
[2023-08-24T05:08:46.455+0000] {processor.py:829} INFO - Processing file /usr/local/lib/python3.8/dist-packages/airflow/example_dags/example_local_kubernetes_executor.py for tasks to queue
[2023-08-24T05:08:46.456+0000] {logging_mixin.py:151} INFO - [2023-08-24T05:08:46.455+0000] {dagbag.py:539} INFO - Filling up the DagBag from /usr/local/lib/python3.8/dist-packages/airflow/example_dags/example_local_kubernetes_executor.py
[2023-08-24T05:08:46.613+0000] {processor.py:839} INFO - DAG(s) dict_keys(['example_local_kubernetes_executor']) retrieved from /usr/local/lib/python3.8/dist-packages/airflow/example_dags/example_local_kubernetes_executor.py
[2023-08-24T05:08:46.639+0000] {logging_mixin.py:151} INFO - [2023-08-24T05:08:46.639+0000] {dag.py:2907} INFO - Sync 1 DAGs
[2023-08-24T05:08:46.652+0000] {logging_mixin.py:151} INFO - [2023-08-24T05:08:46.651+0000] {dag.py:3677} INFO - Setting next_dagrun for example_local_kubernetes_executor to None, run_after=None
[2023-08-24T05:08:46.670+0000] {processor.py:179} INFO - Processing /usr/local/lib/python3.8/dist-packages/airflow/example_dags/example_local_kubernetes_executor.py took 0.220 seconds
[2023-08-24T05:09:46.175+0000] {processor.py:157} INFO - Started process (PID=48615) to work on /usr/local/lib/python3.8/dist-packages/airflow/example_dags/example_local_kubernetes_executor.py
[2023-08-24T05:09:46.177+0000] {processor.py:829} INFO - Processing file /usr/local/lib/python3.8/dist-packages/airflow/example_dags/example_local_kubernetes_executor.py for tasks to queue
[2023-08-24T05:09:46.178+0000] {logging_mixin.py:151} INFO - [2023-08-24T05:09:46.177+0000] {dagbag.py:539} INFO - Filling up the DagBag from /usr/local/lib/python3.8/dist-packages/airflow/example_dags/example_local_kubernetes_executor.py
[2023-08-24T05:09:46.335+0000] {processor.py:839} INFO - DAG(s) dict_keys(['example_local_kubernetes_executor']) retrieved from /usr/local/lib/python3.8/dist-packages/airflow/example_dags/example_local_kubernetes_executor.py
[2023-08-24T05:09:46.361+0000] {logging_mixin.py:151} INFO - [2023-08-24T05:09:46.361+0000] {dag.py:2907} INFO - Sync 1 DAGs
[2023-08-24T05:09:46.373+0000] {logging_mixin.py:151} INFO - [2023-08-24T05:09:46.373+0000] {dag.py:3677} INFO - Setting next_dagrun for example_local_kubernetes_executor to None, run_after=None
[2023-08-24T05:09:46.392+0000] {processor.py:179} INFO - Processing /usr/local/lib/python3.8/dist-packages/airflow/example_dags/example_local_kubernetes_executor.py took 0.220 seconds
[2023-08-24T05:10:42.861+0000] {processor.py:157} INFO - Started process (PID=48796) to work on /usr/local/lib/python3.8/dist-packages/airflow/example_dags/example_local_kubernetes_executor.py
[2023-08-24T05:10:42.863+0000] {processor.py:829} INFO - Processing file /usr/local/lib/python3.8/dist-packages/airflow/example_dags/example_local_kubernetes_executor.py for tasks to queue
[2023-08-24T05:10:42.864+0000] {logging_mixin.py:151} INFO - [2023-08-24T05:10:42.863+0000] {dagbag.py:539} INFO - Filling up the DagBag from /usr/local/lib/python3.8/dist-packages/airflow/example_dags/example_local_kubernetes_executor.py
[2023-08-24T05:10:43.023+0000] {processor.py:839} INFO - DAG(s) dict_keys(['example_local_kubernetes_executor']) retrieved from /usr/local/lib/python3.8/dist-packages/airflow/example_dags/example_local_kubernetes_executor.py
[2023-08-24T05:10:43.051+0000] {logging_mixin.py:151} INFO - [2023-08-24T05:10:43.051+0000] {dag.py:2907} INFO - Sync 1 DAGs
[2023-08-24T05:10:43.062+0000] {logging_mixin.py:151} INFO - [2023-08-24T05:10:43.062+0000] {dag.py:3677} INFO - Setting next_dagrun for example_local_kubernetes_executor to None, run_after=None
[2023-08-24T05:10:43.081+0000] {processor.py:179} INFO - Processing /usr/local/lib/python3.8/dist-packages/airflow/example_dags/example_local_kubernetes_executor.py took 0.224 seconds
[2023-08-24T05:11:59.706+0000] {processor.py:157} INFO - Started process (PID=48952) to work on /usr/local/lib/python3.8/dist-packages/airflow/example_dags/example_local_kubernetes_executor.py
[2023-08-24T05:11:59.707+0000] {processor.py:829} INFO - Processing file /usr/local/lib/python3.8/dist-packages/airflow/example_dags/example_local_kubernetes_executor.py for tasks to queue
[2023-08-24T05:11:59.708+0000] {logging_mixin.py:151} INFO - [2023-08-24T05:11:59.708+0000] {dagbag.py:539} INFO - Filling up the DagBag from /usr/local/lib/python3.8/dist-packages/airflow/example_dags/example_local_kubernetes_executor.py
[2023-08-24T05:11:59.861+0000] {processor.py:839} INFO - DAG(s) dict_keys(['example_local_kubernetes_executor']) retrieved from /usr/local/lib/python3.8/dist-packages/airflow/example_dags/example_local_kubernetes_executor.py
[2023-08-24T05:11:59.888+0000] {logging_mixin.py:151} INFO - [2023-08-24T05:11:59.888+0000] {dag.py:2907} INFO - Sync 1 DAGs
[2023-08-24T05:11:59.899+0000] {logging_mixin.py:151} INFO - [2023-08-24T05:11:59.898+0000] {dag.py:3677} INFO - Setting next_dagrun for example_local_kubernetes_executor to None, run_after=None
[2023-08-24T05:11:59.916+0000] {processor.py:179} INFO - Processing /usr/local/lib/python3.8/dist-packages/airflow/example_dags/example_local_kubernetes_executor.py took 0.214 seconds
[2023-08-24T05:13:01.505+0000] {processor.py:157} INFO - Started process (PID=49149) to work on /usr/local/lib/python3.8/dist-packages/airflow/example_dags/example_local_kubernetes_executor.py
[2023-08-24T05:13:01.507+0000] {processor.py:829} INFO - Processing file /usr/local/lib/python3.8/dist-packages/airflow/example_dags/example_local_kubernetes_executor.py for tasks to queue
[2023-08-24T05:13:01.508+0000] {logging_mixin.py:151} INFO - [2023-08-24T05:13:01.507+0000] {dagbag.py:539} INFO - Filling up the DagBag from /usr/local/lib/python3.8/dist-packages/airflow/example_dags/example_local_kubernetes_executor.py
[2023-08-24T05:13:01.674+0000] {processor.py:839} INFO - DAG(s) dict_keys(['example_local_kubernetes_executor']) retrieved from /usr/local/lib/python3.8/dist-packages/airflow/example_dags/example_local_kubernetes_executor.py
[2023-08-24T05:13:01.702+0000] {logging_mixin.py:151} INFO - [2023-08-24T05:13:01.702+0000] {dag.py:2907} INFO - Sync 1 DAGs
[2023-08-24T05:13:01.714+0000] {logging_mixin.py:151} INFO - [2023-08-24T05:13:01.714+0000] {dag.py:3677} INFO - Setting next_dagrun for example_local_kubernetes_executor to None, run_after=None
[2023-08-24T05:13:01.735+0000] {processor.py:179} INFO - Processing /usr/local/lib/python3.8/dist-packages/airflow/example_dags/example_local_kubernetes_executor.py took 0.234 seconds
