[2023-08-24T04:31:40.227+0000] {processor.py:157} INFO - Started process (PID=41502) to work on /usr/local/lib/python3.8/dist-packages/airflow/example_dags/example_branch_datetime_operator.py
[2023-08-24T04:31:40.228+0000] {processor.py:829} INFO - Processing file /usr/local/lib/python3.8/dist-packages/airflow/example_dags/example_branch_datetime_operator.py for tasks to queue
[2023-08-24T04:31:40.229+0000] {logging_mixin.py:151} INFO - [2023-08-24T04:31:40.229+0000] {dagbag.py:539} INFO - Filling up the DagBag from /usr/local/lib/python3.8/dist-packages/airflow/example_dags/example_branch_datetime_operator.py
[2023-08-24T04:31:40.238+0000] {processor.py:839} INFO - DAG(s) dict_keys(['example_branch_datetime_operator', 'example_branch_datetime_operator_2', 'example_branch_datetime_operator_3']) retrieved from /usr/local/lib/python3.8/dist-packages/airflow/example_dags/example_branch_datetime_operator.py
[2023-08-24T04:31:40.259+0000] {logging_mixin.py:151} INFO - [2023-08-24T04:31:40.259+0000] {dag.py:2907} INFO - Sync 3 DAGs
[2023-08-24T04:31:40.276+0000] {logging_mixin.py:151} INFO - [2023-08-24T04:31:40.276+0000] {dag.py:3677} INFO - Setting next_dagrun for example_branch_datetime_operator to 2023-08-23T00:00:00+00:00, run_after=2023-08-24T00:00:00+00:00
[2023-08-24T04:31:40.280+0000] {logging_mixin.py:151} INFO - [2023-08-24T04:31:40.279+0000] {dag.py:3677} INFO - Setting next_dagrun for example_branch_datetime_operator_2 to 2023-08-23T00:00:00+00:00, run_after=2023-08-24T00:00:00+00:00
[2023-08-24T04:31:40.281+0000] {logging_mixin.py:151} INFO - [2023-08-24T04:31:40.281+0000] {dag.py:3677} INFO - Setting next_dagrun for example_branch_datetime_operator_3 to 2023-08-23T00:00:00+00:00, run_after=2023-08-24T00:00:00+00:00
[2023-08-24T04:31:40.298+0000] {processor.py:179} INFO - Processing /usr/local/lib/python3.8/dist-packages/airflow/example_dags/example_branch_datetime_operator.py took 0.075 seconds
[2023-08-24T04:32:41.692+0000] {processor.py:157} INFO - Started process (PID=41700) to work on /usr/local/lib/python3.8/dist-packages/airflow/example_dags/example_branch_datetime_operator.py
[2023-08-24T04:32:41.693+0000] {processor.py:829} INFO - Processing file /usr/local/lib/python3.8/dist-packages/airflow/example_dags/example_branch_datetime_operator.py for tasks to queue
[2023-08-24T04:32:41.694+0000] {logging_mixin.py:151} INFO - [2023-08-24T04:32:41.694+0000] {dagbag.py:539} INFO - Filling up the DagBag from /usr/local/lib/python3.8/dist-packages/airflow/example_dags/example_branch_datetime_operator.py
[2023-08-24T04:32:41.703+0000] {processor.py:839} INFO - DAG(s) dict_keys(['example_branch_datetime_operator_3', 'example_branch_datetime_operator', 'example_branch_datetime_operator_2']) retrieved from /usr/local/lib/python3.8/dist-packages/airflow/example_dags/example_branch_datetime_operator.py
[2023-08-24T04:32:41.724+0000] {logging_mixin.py:151} INFO - [2023-08-24T04:32:41.724+0000] {dag.py:2907} INFO - Sync 3 DAGs
[2023-08-24T04:32:41.740+0000] {logging_mixin.py:151} INFO - [2023-08-24T04:32:41.740+0000] {dag.py:3677} INFO - Setting next_dagrun for example_branch_datetime_operator to 2023-08-23T00:00:00+00:00, run_after=2023-08-24T00:00:00+00:00
[2023-08-24T04:32:41.744+0000] {logging_mixin.py:151} INFO - [2023-08-24T04:32:41.744+0000] {dag.py:3677} INFO - Setting next_dagrun for example_branch_datetime_operator_2 to 2023-08-23T00:00:00+00:00, run_after=2023-08-24T00:00:00+00:00
[2023-08-24T04:32:41.746+0000] {logging_mixin.py:151} INFO - [2023-08-24T04:32:41.745+0000] {dag.py:3677} INFO - Setting next_dagrun for example_branch_datetime_operator_3 to 2023-08-23T00:00:00+00:00, run_after=2023-08-24T00:00:00+00:00
[2023-08-24T04:32:41.762+0000] {processor.py:179} INFO - Processing /usr/local/lib/python3.8/dist-packages/airflow/example_dags/example_branch_datetime_operator.py took 0.073 seconds
[2023-08-24T04:33:40.731+0000] {processor.py:157} INFO - Started process (PID=41891) to work on /usr/local/lib/python3.8/dist-packages/airflow/example_dags/example_branch_datetime_operator.py
[2023-08-24T04:33:40.733+0000] {processor.py:829} INFO - Processing file /usr/local/lib/python3.8/dist-packages/airflow/example_dags/example_branch_datetime_operator.py for tasks to queue
[2023-08-24T04:33:40.734+0000] {logging_mixin.py:151} INFO - [2023-08-24T04:33:40.733+0000] {dagbag.py:539} INFO - Filling up the DagBag from /usr/local/lib/python3.8/dist-packages/airflow/example_dags/example_branch_datetime_operator.py
[2023-08-24T04:33:40.743+0000] {processor.py:839} INFO - DAG(s) dict_keys(['example_branch_datetime_operator', 'example_branch_datetime_operator_3', 'example_branch_datetime_operator_2']) retrieved from /usr/local/lib/python3.8/dist-packages/airflow/example_dags/example_branch_datetime_operator.py
[2023-08-24T04:33:40.763+0000] {logging_mixin.py:151} INFO - [2023-08-24T04:33:40.763+0000] {dag.py:2907} INFO - Sync 3 DAGs
[2023-08-24T04:33:40.780+0000] {logging_mixin.py:151} INFO - [2023-08-24T04:33:40.780+0000] {dag.py:3677} INFO - Setting next_dagrun for example_branch_datetime_operator to 2023-08-23T00:00:00+00:00, run_after=2023-08-24T00:00:00+00:00
[2023-08-24T04:33:40.784+0000] {logging_mixin.py:151} INFO - [2023-08-24T04:33:40.784+0000] {dag.py:3677} INFO - Setting next_dagrun for example_branch_datetime_operator_2 to 2023-08-23T00:00:00+00:00, run_after=2023-08-24T00:00:00+00:00
[2023-08-24T04:33:40.786+0000] {logging_mixin.py:151} INFO - [2023-08-24T04:33:40.785+0000] {dag.py:3677} INFO - Setting next_dagrun for example_branch_datetime_operator_3 to 2023-08-23T00:00:00+00:00, run_after=2023-08-24T00:00:00+00:00
[2023-08-24T04:33:40.802+0000] {processor.py:179} INFO - Processing /usr/local/lib/python3.8/dist-packages/airflow/example_dags/example_branch_datetime_operator.py took 0.074 seconds
[2023-08-24T04:34:39.537+0000] {processor.py:157} INFO - Started process (PID=42074) to work on /usr/local/lib/python3.8/dist-packages/airflow/example_dags/example_branch_datetime_operator.py
[2023-08-24T04:34:39.538+0000] {processor.py:829} INFO - Processing file /usr/local/lib/python3.8/dist-packages/airflow/example_dags/example_branch_datetime_operator.py for tasks to queue
[2023-08-24T04:34:39.539+0000] {logging_mixin.py:151} INFO - [2023-08-24T04:34:39.539+0000] {dagbag.py:539} INFO - Filling up the DagBag from /usr/local/lib/python3.8/dist-packages/airflow/example_dags/example_branch_datetime_operator.py
[2023-08-24T04:34:39.548+0000] {processor.py:839} INFO - DAG(s) dict_keys(['example_branch_datetime_operator_3', 'example_branch_datetime_operator', 'example_branch_datetime_operator_2']) retrieved from /usr/local/lib/python3.8/dist-packages/airflow/example_dags/example_branch_datetime_operator.py
[2023-08-24T04:34:39.568+0000] {logging_mixin.py:151} INFO - [2023-08-24T04:34:39.568+0000] {dag.py:2907} INFO - Sync 3 DAGs
[2023-08-24T04:34:39.585+0000] {logging_mixin.py:151} INFO - [2023-08-24T04:34:39.585+0000] {dag.py:3677} INFO - Setting next_dagrun for example_branch_datetime_operator to 2023-08-23T00:00:00+00:00, run_after=2023-08-24T00:00:00+00:00
[2023-08-24T04:34:39.589+0000] {logging_mixin.py:151} INFO - [2023-08-24T04:34:39.588+0000] {dag.py:3677} INFO - Setting next_dagrun for example_branch_datetime_operator_2 to 2023-08-23T00:00:00+00:00, run_after=2023-08-24T00:00:00+00:00
[2023-08-24T04:34:39.590+0000] {logging_mixin.py:151} INFO - [2023-08-24T04:34:39.590+0000] {dag.py:3677} INFO - Setting next_dagrun for example_branch_datetime_operator_3 to 2023-08-23T00:00:00+00:00, run_after=2023-08-24T00:00:00+00:00
[2023-08-24T04:34:39.607+0000] {processor.py:179} INFO - Processing /usr/local/lib/python3.8/dist-packages/airflow/example_dags/example_branch_datetime_operator.py took 0.073 seconds
[2023-08-24T04:35:38.727+0000] {processor.py:157} INFO - Started process (PID=42270) to work on /usr/local/lib/python3.8/dist-packages/airflow/example_dags/example_branch_datetime_operator.py
[2023-08-24T04:35:38.729+0000] {processor.py:829} INFO - Processing file /usr/local/lib/python3.8/dist-packages/airflow/example_dags/example_branch_datetime_operator.py for tasks to queue
[2023-08-24T04:35:38.729+0000] {logging_mixin.py:151} INFO - [2023-08-24T04:35:38.729+0000] {dagbag.py:539} INFO - Filling up the DagBag from /usr/local/lib/python3.8/dist-packages/airflow/example_dags/example_branch_datetime_operator.py
[2023-08-24T04:35:38.738+0000] {processor.py:839} INFO - DAG(s) dict_keys(['example_branch_datetime_operator_3', 'example_branch_datetime_operator', 'example_branch_datetime_operator_2']) retrieved from /usr/local/lib/python3.8/dist-packages/airflow/example_dags/example_branch_datetime_operator.py
[2023-08-24T04:35:38.758+0000] {logging_mixin.py:151} INFO - [2023-08-24T04:35:38.758+0000] {dag.py:2907} INFO - Sync 3 DAGs
[2023-08-24T04:35:38.775+0000] {logging_mixin.py:151} INFO - [2023-08-24T04:35:38.775+0000] {dag.py:3677} INFO - Setting next_dagrun for example_branch_datetime_operator to 2023-08-23T00:00:00+00:00, run_after=2023-08-24T00:00:00+00:00
[2023-08-24T04:35:38.779+0000] {logging_mixin.py:151} INFO - [2023-08-24T04:35:38.778+0000] {dag.py:3677} INFO - Setting next_dagrun for example_branch_datetime_operator_2 to 2023-08-23T00:00:00+00:00, run_after=2023-08-24T00:00:00+00:00
[2023-08-24T04:35:38.780+0000] {logging_mixin.py:151} INFO - [2023-08-24T04:35:38.780+0000] {dag.py:3677} INFO - Setting next_dagrun for example_branch_datetime_operator_3 to 2023-08-23T00:00:00+00:00, run_after=2023-08-24T00:00:00+00:00
[2023-08-24T04:35:38.796+0000] {processor.py:179} INFO - Processing /usr/local/lib/python3.8/dist-packages/airflow/example_dags/example_branch_datetime_operator.py took 0.073 seconds
[2023-08-24T04:37:02.340+0000] {processor.py:157} INFO - Started process (PID=42614) to work on /usr/local/lib/python3.8/dist-packages/airflow/example_dags/example_branch_datetime_operator.py
[2023-08-24T04:37:02.342+0000] {processor.py:829} INFO - Processing file /usr/local/lib/python3.8/dist-packages/airflow/example_dags/example_branch_datetime_operator.py for tasks to queue
[2023-08-24T04:37:02.343+0000] {logging_mixin.py:151} INFO - [2023-08-24T04:37:02.343+0000] {dagbag.py:539} INFO - Filling up the DagBag from /usr/local/lib/python3.8/dist-packages/airflow/example_dags/example_branch_datetime_operator.py
[2023-08-24T04:37:02.352+0000] {processor.py:839} INFO - DAG(s) dict_keys(['example_branch_datetime_operator_3', 'example_branch_datetime_operator', 'example_branch_datetime_operator_2']) retrieved from /usr/local/lib/python3.8/dist-packages/airflow/example_dags/example_branch_datetime_operator.py
[2023-08-24T04:37:02.373+0000] {logging_mixin.py:151} INFO - [2023-08-24T04:37:02.373+0000] {dag.py:2907} INFO - Sync 3 DAGs
[2023-08-24T04:37:02.390+0000] {logging_mixin.py:151} INFO - [2023-08-24T04:37:02.390+0000] {dag.py:3677} INFO - Setting next_dagrun for example_branch_datetime_operator to 2023-08-23T00:00:00+00:00, run_after=2023-08-24T00:00:00+00:00
[2023-08-24T04:37:02.394+0000] {logging_mixin.py:151} INFO - [2023-08-24T04:37:02.393+0000] {dag.py:3677} INFO - Setting next_dagrun for example_branch_datetime_operator_2 to 2023-08-23T00:00:00+00:00, run_after=2023-08-24T00:00:00+00:00
[2023-08-24T04:37:02.395+0000] {logging_mixin.py:151} INFO - [2023-08-24T04:37:02.395+0000] {dag.py:3677} INFO - Setting next_dagrun for example_branch_datetime_operator_3 to 2023-08-23T00:00:00+00:00, run_after=2023-08-24T00:00:00+00:00
[2023-08-24T04:37:02.413+0000] {processor.py:179} INFO - Processing /usr/local/lib/python3.8/dist-packages/airflow/example_dags/example_branch_datetime_operator.py took 0.076 seconds
[2023-08-24T04:38:27.434+0000] {processor.py:157} INFO - Started process (PID=42828) to work on /usr/local/lib/python3.8/dist-packages/airflow/example_dags/example_branch_datetime_operator.py
[2023-08-24T04:38:27.436+0000] {processor.py:829} INFO - Processing file /usr/local/lib/python3.8/dist-packages/airflow/example_dags/example_branch_datetime_operator.py for tasks to queue
[2023-08-24T04:38:27.436+0000] {logging_mixin.py:151} INFO - [2023-08-24T04:38:27.436+0000] {dagbag.py:539} INFO - Filling up the DagBag from /usr/local/lib/python3.8/dist-packages/airflow/example_dags/example_branch_datetime_operator.py
[2023-08-24T04:38:27.445+0000] {processor.py:839} INFO - DAG(s) dict_keys(['example_branch_datetime_operator', 'example_branch_datetime_operator_2', 'example_branch_datetime_operator_3']) retrieved from /usr/local/lib/python3.8/dist-packages/airflow/example_dags/example_branch_datetime_operator.py
[2023-08-24T04:38:27.466+0000] {logging_mixin.py:151} INFO - [2023-08-24T04:38:27.466+0000] {dag.py:2907} INFO - Sync 3 DAGs
[2023-08-24T04:38:27.483+0000] {logging_mixin.py:151} INFO - [2023-08-24T04:38:27.483+0000] {dag.py:3677} INFO - Setting next_dagrun for example_branch_datetime_operator to 2023-08-23T00:00:00+00:00, run_after=2023-08-24T00:00:00+00:00
[2023-08-24T04:38:27.486+0000] {logging_mixin.py:151} INFO - [2023-08-24T04:38:27.486+0000] {dag.py:3677} INFO - Setting next_dagrun for example_branch_datetime_operator_2 to 2023-08-23T00:00:00+00:00, run_after=2023-08-24T00:00:00+00:00
[2023-08-24T04:38:27.488+0000] {logging_mixin.py:151} INFO - [2023-08-24T04:38:27.488+0000] {dag.py:3677} INFO - Setting next_dagrun for example_branch_datetime_operator_3 to 2023-08-23T00:00:00+00:00, run_after=2023-08-24T00:00:00+00:00
[2023-08-24T04:38:27.504+0000] {processor.py:179} INFO - Processing /usr/local/lib/python3.8/dist-packages/airflow/example_dags/example_branch_datetime_operator.py took 0.074 seconds
[2023-08-24T04:39:27.825+0000] {processor.py:157} INFO - Started process (PID=43013) to work on /usr/local/lib/python3.8/dist-packages/airflow/example_dags/example_branch_datetime_operator.py
[2023-08-24T04:39:27.827+0000] {processor.py:829} INFO - Processing file /usr/local/lib/python3.8/dist-packages/airflow/example_dags/example_branch_datetime_operator.py for tasks to queue
[2023-08-24T04:39:27.828+0000] {logging_mixin.py:151} INFO - [2023-08-24T04:39:27.828+0000] {dagbag.py:539} INFO - Filling up the DagBag from /usr/local/lib/python3.8/dist-packages/airflow/example_dags/example_branch_datetime_operator.py
[2023-08-24T04:39:27.837+0000] {processor.py:839} INFO - DAG(s) dict_keys(['example_branch_datetime_operator_3', 'example_branch_datetime_operator_2', 'example_branch_datetime_operator']) retrieved from /usr/local/lib/python3.8/dist-packages/airflow/example_dags/example_branch_datetime_operator.py
[2023-08-24T04:39:27.858+0000] {logging_mixin.py:151} INFO - [2023-08-24T04:39:27.857+0000] {dag.py:2907} INFO - Sync 3 DAGs
[2023-08-24T04:39:27.875+0000] {logging_mixin.py:151} INFO - [2023-08-24T04:39:27.874+0000] {dag.py:3677} INFO - Setting next_dagrun for example_branch_datetime_operator to 2023-08-23T00:00:00+00:00, run_after=2023-08-24T00:00:00+00:00
[2023-08-24T04:39:27.878+0000] {logging_mixin.py:151} INFO - [2023-08-24T04:39:27.878+0000] {dag.py:3677} INFO - Setting next_dagrun for example_branch_datetime_operator_2 to 2023-08-23T00:00:00+00:00, run_after=2023-08-24T00:00:00+00:00
[2023-08-24T04:39:27.880+0000] {logging_mixin.py:151} INFO - [2023-08-24T04:39:27.880+0000] {dag.py:3677} INFO - Setting next_dagrun for example_branch_datetime_operator_3 to 2023-08-23T00:00:00+00:00, run_after=2023-08-24T00:00:00+00:00
[2023-08-24T04:39:27.895+0000] {processor.py:179} INFO - Processing /usr/local/lib/python3.8/dist-packages/airflow/example_dags/example_branch_datetime_operator.py took 0.074 seconds
[2023-08-24T04:40:28.095+0000] {processor.py:157} INFO - Started process (PID=43209) to work on /usr/local/lib/python3.8/dist-packages/airflow/example_dags/example_branch_datetime_operator.py
[2023-08-24T04:40:28.096+0000] {processor.py:829} INFO - Processing file /usr/local/lib/python3.8/dist-packages/airflow/example_dags/example_branch_datetime_operator.py for tasks to queue
[2023-08-24T04:40:28.097+0000] {logging_mixin.py:151} INFO - [2023-08-24T04:40:28.097+0000] {dagbag.py:539} INFO - Filling up the DagBag from /usr/local/lib/python3.8/dist-packages/airflow/example_dags/example_branch_datetime_operator.py
[2023-08-24T04:40:28.106+0000] {processor.py:839} INFO - DAG(s) dict_keys(['example_branch_datetime_operator_3', 'example_branch_datetime_operator_2', 'example_branch_datetime_operator']) retrieved from /usr/local/lib/python3.8/dist-packages/airflow/example_dags/example_branch_datetime_operator.py
[2023-08-24T04:40:28.126+0000] {logging_mixin.py:151} INFO - [2023-08-24T04:40:28.126+0000] {dag.py:2907} INFO - Sync 3 DAGs
[2023-08-24T04:40:28.143+0000] {logging_mixin.py:151} INFO - [2023-08-24T04:40:28.143+0000] {dag.py:3677} INFO - Setting next_dagrun for example_branch_datetime_operator to 2023-08-23T00:00:00+00:00, run_after=2023-08-24T00:00:00+00:00
[2023-08-24T04:40:28.147+0000] {logging_mixin.py:151} INFO - [2023-08-24T04:40:28.147+0000] {dag.py:3677} INFO - Setting next_dagrun for example_branch_datetime_operator_2 to 2023-08-23T00:00:00+00:00, run_after=2023-08-24T00:00:00+00:00
[2023-08-24T04:40:28.149+0000] {logging_mixin.py:151} INFO - [2023-08-24T04:40:28.149+0000] {dag.py:3677} INFO - Setting next_dagrun for example_branch_datetime_operator_3 to 2023-08-23T00:00:00+00:00, run_after=2023-08-24T00:00:00+00:00
[2023-08-24T04:40:28.165+0000] {processor.py:179} INFO - Processing /usr/local/lib/python3.8/dist-packages/airflow/example_dags/example_branch_datetime_operator.py took 0.073 seconds
[2023-08-24T04:41:28.778+0000] {processor.py:157} INFO - Started process (PID=43393) to work on /usr/local/lib/python3.8/dist-packages/airflow/example_dags/example_branch_datetime_operator.py
[2023-08-24T04:41:28.779+0000] {processor.py:829} INFO - Processing file /usr/local/lib/python3.8/dist-packages/airflow/example_dags/example_branch_datetime_operator.py for tasks to queue
[2023-08-24T04:41:28.780+0000] {logging_mixin.py:151} INFO - [2023-08-24T04:41:28.780+0000] {dagbag.py:539} INFO - Filling up the DagBag from /usr/local/lib/python3.8/dist-packages/airflow/example_dags/example_branch_datetime_operator.py
[2023-08-24T04:41:28.789+0000] {processor.py:839} INFO - DAG(s) dict_keys(['example_branch_datetime_operator', 'example_branch_datetime_operator_3', 'example_branch_datetime_operator_2']) retrieved from /usr/local/lib/python3.8/dist-packages/airflow/example_dags/example_branch_datetime_operator.py
[2023-08-24T04:41:28.809+0000] {logging_mixin.py:151} INFO - [2023-08-24T04:41:28.809+0000] {dag.py:2907} INFO - Sync 3 DAGs
[2023-08-24T04:41:28.826+0000] {logging_mixin.py:151} INFO - [2023-08-24T04:41:28.826+0000] {dag.py:3677} INFO - Setting next_dagrun for example_branch_datetime_operator to 2023-08-23T00:00:00+00:00, run_after=2023-08-24T00:00:00+00:00
[2023-08-24T04:41:28.830+0000] {logging_mixin.py:151} INFO - [2023-08-24T04:41:28.830+0000] {dag.py:3677} INFO - Setting next_dagrun for example_branch_datetime_operator_2 to 2023-08-23T00:00:00+00:00, run_after=2023-08-24T00:00:00+00:00
[2023-08-24T04:41:28.832+0000] {logging_mixin.py:151} INFO - [2023-08-24T04:41:28.832+0000] {dag.py:3677} INFO - Setting next_dagrun for example_branch_datetime_operator_3 to 2023-08-23T00:00:00+00:00, run_after=2023-08-24T00:00:00+00:00
[2023-08-24T04:41:28.848+0000] {processor.py:179} INFO - Processing /usr/local/lib/python3.8/dist-packages/airflow/example_dags/example_branch_datetime_operator.py took 0.074 seconds
[2023-08-24T04:42:28.376+0000] {processor.py:157} INFO - Started process (PID=43577) to work on /usr/local/lib/python3.8/dist-packages/airflow/example_dags/example_branch_datetime_operator.py
[2023-08-24T04:42:28.377+0000] {processor.py:829} INFO - Processing file /usr/local/lib/python3.8/dist-packages/airflow/example_dags/example_branch_datetime_operator.py for tasks to queue
[2023-08-24T04:42:28.378+0000] {logging_mixin.py:151} INFO - [2023-08-24T04:42:28.378+0000] {dagbag.py:539} INFO - Filling up the DagBag from /usr/local/lib/python3.8/dist-packages/airflow/example_dags/example_branch_datetime_operator.py
[2023-08-24T04:42:28.389+0000] {processor.py:839} INFO - DAG(s) dict_keys(['example_branch_datetime_operator', 'example_branch_datetime_operator_3', 'example_branch_datetime_operator_2']) retrieved from /usr/local/lib/python3.8/dist-packages/airflow/example_dags/example_branch_datetime_operator.py
[2023-08-24T04:42:28.415+0000] {logging_mixin.py:151} INFO - [2023-08-24T04:42:28.415+0000] {dag.py:2907} INFO - Sync 3 DAGs
[2023-08-24T04:42:28.432+0000] {logging_mixin.py:151} INFO - [2023-08-24T04:42:28.432+0000] {dag.py:3677} INFO - Setting next_dagrun for example_branch_datetime_operator to 2023-08-23T00:00:00+00:00, run_after=2023-08-24T00:00:00+00:00
[2023-08-24T04:42:28.435+0000] {logging_mixin.py:151} INFO - [2023-08-24T04:42:28.435+0000] {dag.py:3677} INFO - Setting next_dagrun for example_branch_datetime_operator_2 to 2023-08-23T00:00:00+00:00, run_after=2023-08-24T00:00:00+00:00
[2023-08-24T04:42:28.437+0000] {logging_mixin.py:151} INFO - [2023-08-24T04:42:28.437+0000] {dag.py:3677} INFO - Setting next_dagrun for example_branch_datetime_operator_3 to 2023-08-23T00:00:00+00:00, run_after=2023-08-24T00:00:00+00:00
[2023-08-24T04:42:28.453+0000] {processor.py:179} INFO - Processing /usr/local/lib/python3.8/dist-packages/airflow/example_dags/example_branch_datetime_operator.py took 0.081 seconds
[2023-08-24T04:43:29.412+0000] {processor.py:157} INFO - Started process (PID=43766) to work on /usr/local/lib/python3.8/dist-packages/airflow/example_dags/example_branch_datetime_operator.py
[2023-08-24T04:43:29.413+0000] {processor.py:829} INFO - Processing file /usr/local/lib/python3.8/dist-packages/airflow/example_dags/example_branch_datetime_operator.py for tasks to queue
[2023-08-24T04:43:29.414+0000] {logging_mixin.py:151} INFO - [2023-08-24T04:43:29.414+0000] {dagbag.py:539} INFO - Filling up the DagBag from /usr/local/lib/python3.8/dist-packages/airflow/example_dags/example_branch_datetime_operator.py
[2023-08-24T04:43:29.424+0000] {processor.py:839} INFO - DAG(s) dict_keys(['example_branch_datetime_operator_3', 'example_branch_datetime_operator_2', 'example_branch_datetime_operator']) retrieved from /usr/local/lib/python3.8/dist-packages/airflow/example_dags/example_branch_datetime_operator.py
[2023-08-24T04:43:29.447+0000] {logging_mixin.py:151} INFO - [2023-08-24T04:43:29.447+0000] {dag.py:2907} INFO - Sync 3 DAGs
[2023-08-24T04:43:29.466+0000] {logging_mixin.py:151} INFO - [2023-08-24T04:43:29.466+0000] {dag.py:3677} INFO - Setting next_dagrun for example_branch_datetime_operator to 2023-08-23T00:00:00+00:00, run_after=2023-08-24T00:00:00+00:00
[2023-08-24T04:43:29.469+0000] {logging_mixin.py:151} INFO - [2023-08-24T04:43:29.469+0000] {dag.py:3677} INFO - Setting next_dagrun for example_branch_datetime_operator_2 to 2023-08-23T00:00:00+00:00, run_after=2023-08-24T00:00:00+00:00
[2023-08-24T04:43:29.471+0000] {logging_mixin.py:151} INFO - [2023-08-24T04:43:29.471+0000] {dag.py:3677} INFO - Setting next_dagrun for example_branch_datetime_operator_3 to 2023-08-23T00:00:00+00:00, run_after=2023-08-24T00:00:00+00:00
[2023-08-24T04:43:29.488+0000] {processor.py:179} INFO - Processing /usr/local/lib/python3.8/dist-packages/airflow/example_dags/example_branch_datetime_operator.py took 0.080 seconds
[2023-08-24T04:44:30.292+0000] {processor.py:157} INFO - Started process (PID=43952) to work on /usr/local/lib/python3.8/dist-packages/airflow/example_dags/example_branch_datetime_operator.py
[2023-08-24T04:44:30.295+0000] {processor.py:829} INFO - Processing file /usr/local/lib/python3.8/dist-packages/airflow/example_dags/example_branch_datetime_operator.py for tasks to queue
[2023-08-24T04:44:30.296+0000] {logging_mixin.py:151} INFO - [2023-08-24T04:44:30.295+0000] {dagbag.py:539} INFO - Filling up the DagBag from /usr/local/lib/python3.8/dist-packages/airflow/example_dags/example_branch_datetime_operator.py
[2023-08-24T04:44:30.304+0000] {processor.py:839} INFO - DAG(s) dict_keys(['example_branch_datetime_operator_3', 'example_branch_datetime_operator', 'example_branch_datetime_operator_2']) retrieved from /usr/local/lib/python3.8/dist-packages/airflow/example_dags/example_branch_datetime_operator.py
[2023-08-24T04:44:30.325+0000] {logging_mixin.py:151} INFO - [2023-08-24T04:44:30.325+0000] {dag.py:2907} INFO - Sync 3 DAGs
[2023-08-24T04:44:30.341+0000] {logging_mixin.py:151} INFO - [2023-08-24T04:44:30.341+0000] {dag.py:3677} INFO - Setting next_dagrun for example_branch_datetime_operator to 2023-08-23T00:00:00+00:00, run_after=2023-08-24T00:00:00+00:00
[2023-08-24T04:44:30.345+0000] {logging_mixin.py:151} INFO - [2023-08-24T04:44:30.345+0000] {dag.py:3677} INFO - Setting next_dagrun for example_branch_datetime_operator_2 to 2023-08-23T00:00:00+00:00, run_after=2023-08-24T00:00:00+00:00
[2023-08-24T04:44:30.347+0000] {logging_mixin.py:151} INFO - [2023-08-24T04:44:30.346+0000] {dag.py:3677} INFO - Setting next_dagrun for example_branch_datetime_operator_3 to 2023-08-23T00:00:00+00:00, run_after=2023-08-24T00:00:00+00:00
[2023-08-24T04:44:30.362+0000] {processor.py:179} INFO - Processing /usr/local/lib/python3.8/dist-packages/airflow/example_dags/example_branch_datetime_operator.py took 0.074 seconds
[2023-08-24T04:45:31.354+0000] {processor.py:157} INFO - Started process (PID=44135) to work on /usr/local/lib/python3.8/dist-packages/airflow/example_dags/example_branch_datetime_operator.py
[2023-08-24T04:45:31.355+0000] {processor.py:829} INFO - Processing file /usr/local/lib/python3.8/dist-packages/airflow/example_dags/example_branch_datetime_operator.py for tasks to queue
[2023-08-24T04:45:31.356+0000] {logging_mixin.py:151} INFO - [2023-08-24T04:45:31.356+0000] {dagbag.py:539} INFO - Filling up the DagBag from /usr/local/lib/python3.8/dist-packages/airflow/example_dags/example_branch_datetime_operator.py
[2023-08-24T04:45:31.365+0000] {processor.py:839} INFO - DAG(s) dict_keys(['example_branch_datetime_operator_3', 'example_branch_datetime_operator', 'example_branch_datetime_operator_2']) retrieved from /usr/local/lib/python3.8/dist-packages/airflow/example_dags/example_branch_datetime_operator.py
[2023-08-24T04:45:31.385+0000] {logging_mixin.py:151} INFO - [2023-08-24T04:45:31.385+0000] {dag.py:2907} INFO - Sync 3 DAGs
[2023-08-24T04:45:31.402+0000] {logging_mixin.py:151} INFO - [2023-08-24T04:45:31.402+0000] {dag.py:3677} INFO - Setting next_dagrun for example_branch_datetime_operator to 2023-08-23T00:00:00+00:00, run_after=2023-08-24T00:00:00+00:00
[2023-08-24T04:45:31.406+0000] {logging_mixin.py:151} INFO - [2023-08-24T04:45:31.406+0000] {dag.py:3677} INFO - Setting next_dagrun for example_branch_datetime_operator_2 to 2023-08-23T00:00:00+00:00, run_after=2023-08-24T00:00:00+00:00
[2023-08-24T04:45:31.408+0000] {logging_mixin.py:151} INFO - [2023-08-24T04:45:31.407+0000] {dag.py:3677} INFO - Setting next_dagrun for example_branch_datetime_operator_3 to 2023-08-23T00:00:00+00:00, run_after=2023-08-24T00:00:00+00:00
[2023-08-24T04:45:31.424+0000] {processor.py:179} INFO - Processing /usr/local/lib/python3.8/dist-packages/airflow/example_dags/example_branch_datetime_operator.py took 0.074 seconds
[2023-08-24T04:46:32.835+0000] {processor.py:157} INFO - Started process (PID=44318) to work on /usr/local/lib/python3.8/dist-packages/airflow/example_dags/example_branch_datetime_operator.py
[2023-08-24T04:46:32.838+0000] {processor.py:829} INFO - Processing file /usr/local/lib/python3.8/dist-packages/airflow/example_dags/example_branch_datetime_operator.py for tasks to queue
[2023-08-24T04:46:32.839+0000] {logging_mixin.py:151} INFO - [2023-08-24T04:46:32.838+0000] {dagbag.py:539} INFO - Filling up the DagBag from /usr/local/lib/python3.8/dist-packages/airflow/example_dags/example_branch_datetime_operator.py
[2023-08-24T04:46:32.848+0000] {processor.py:839} INFO - DAG(s) dict_keys(['example_branch_datetime_operator_2', 'example_branch_datetime_operator', 'example_branch_datetime_operator_3']) retrieved from /usr/local/lib/python3.8/dist-packages/airflow/example_dags/example_branch_datetime_operator.py
[2023-08-24T04:46:32.869+0000] {logging_mixin.py:151} INFO - [2023-08-24T04:46:32.869+0000] {dag.py:2907} INFO - Sync 3 DAGs
[2023-08-24T04:46:32.887+0000] {logging_mixin.py:151} INFO - [2023-08-24T04:46:32.886+0000] {dag.py:3677} INFO - Setting next_dagrun for example_branch_datetime_operator to 2023-08-23T00:00:00+00:00, run_after=2023-08-24T00:00:00+00:00
[2023-08-24T04:46:32.890+0000] {logging_mixin.py:151} INFO - [2023-08-24T04:46:32.890+0000] {dag.py:3677} INFO - Setting next_dagrun for example_branch_datetime_operator_2 to 2023-08-23T00:00:00+00:00, run_after=2023-08-24T00:00:00+00:00
[2023-08-24T04:46:32.892+0000] {logging_mixin.py:151} INFO - [2023-08-24T04:46:32.892+0000] {dag.py:3677} INFO - Setting next_dagrun for example_branch_datetime_operator_3 to 2023-08-23T00:00:00+00:00, run_after=2023-08-24T00:00:00+00:00
[2023-08-24T04:46:32.909+0000] {processor.py:179} INFO - Processing /usr/local/lib/python3.8/dist-packages/airflow/example_dags/example_branch_datetime_operator.py took 0.078 seconds
[2023-08-24T04:47:35.467+0000] {processor.py:157} INFO - Started process (PID=44502) to work on /usr/local/lib/python3.8/dist-packages/airflow/example_dags/example_branch_datetime_operator.py
[2023-08-24T04:47:35.469+0000] {processor.py:829} INFO - Processing file /usr/local/lib/python3.8/dist-packages/airflow/example_dags/example_branch_datetime_operator.py for tasks to queue
[2023-08-24T04:47:35.470+0000] {logging_mixin.py:151} INFO - [2023-08-24T04:47:35.469+0000] {dagbag.py:539} INFO - Filling up the DagBag from /usr/local/lib/python3.8/dist-packages/airflow/example_dags/example_branch_datetime_operator.py
[2023-08-24T04:47:35.478+0000] {processor.py:839} INFO - DAG(s) dict_keys(['example_branch_datetime_operator', 'example_branch_datetime_operator_2', 'example_branch_datetime_operator_3']) retrieved from /usr/local/lib/python3.8/dist-packages/airflow/example_dags/example_branch_datetime_operator.py
[2023-08-24T04:47:35.502+0000] {logging_mixin.py:151} INFO - [2023-08-24T04:47:35.502+0000] {dag.py:2907} INFO - Sync 3 DAGs
[2023-08-24T04:47:35.521+0000] {logging_mixin.py:151} INFO - [2023-08-24T04:47:35.521+0000] {dag.py:3677} INFO - Setting next_dagrun for example_branch_datetime_operator to 2023-08-23T00:00:00+00:00, run_after=2023-08-24T00:00:00+00:00
[2023-08-24T04:47:35.525+0000] {logging_mixin.py:151} INFO - [2023-08-24T04:47:35.525+0000] {dag.py:3677} INFO - Setting next_dagrun for example_branch_datetime_operator_2 to 2023-08-23T00:00:00+00:00, run_after=2023-08-24T00:00:00+00:00
[2023-08-24T04:47:35.527+0000] {logging_mixin.py:151} INFO - [2023-08-24T04:47:35.527+0000] {dag.py:3677} INFO - Setting next_dagrun for example_branch_datetime_operator_3 to 2023-08-23T00:00:00+00:00, run_after=2023-08-24T00:00:00+00:00
[2023-08-24T04:47:35.544+0000] {processor.py:179} INFO - Processing /usr/local/lib/python3.8/dist-packages/airflow/example_dags/example_branch_datetime_operator.py took 0.081 seconds
[2023-08-24T04:48:36.913+0000] {processor.py:157} INFO - Started process (PID=44685) to work on /usr/local/lib/python3.8/dist-packages/airflow/example_dags/example_branch_datetime_operator.py
[2023-08-24T04:48:36.914+0000] {processor.py:829} INFO - Processing file /usr/local/lib/python3.8/dist-packages/airflow/example_dags/example_branch_datetime_operator.py for tasks to queue
[2023-08-24T04:48:36.915+0000] {logging_mixin.py:151} INFO - [2023-08-24T04:48:36.915+0000] {dagbag.py:539} INFO - Filling up the DagBag from /usr/local/lib/python3.8/dist-packages/airflow/example_dags/example_branch_datetime_operator.py
[2023-08-24T04:48:36.924+0000] {processor.py:839} INFO - DAG(s) dict_keys(['example_branch_datetime_operator_2', 'example_branch_datetime_operator', 'example_branch_datetime_operator_3']) retrieved from /usr/local/lib/python3.8/dist-packages/airflow/example_dags/example_branch_datetime_operator.py
[2023-08-24T04:48:36.946+0000] {logging_mixin.py:151} INFO - [2023-08-24T04:48:36.945+0000] {dag.py:2907} INFO - Sync 3 DAGs
[2023-08-24T04:48:36.963+0000] {logging_mixin.py:151} INFO - [2023-08-24T04:48:36.963+0000] {dag.py:3677} INFO - Setting next_dagrun for example_branch_datetime_operator to 2023-08-23T00:00:00+00:00, run_after=2023-08-24T00:00:00+00:00
[2023-08-24T04:48:36.966+0000] {logging_mixin.py:151} INFO - [2023-08-24T04:48:36.966+0000] {dag.py:3677} INFO - Setting next_dagrun for example_branch_datetime_operator_2 to 2023-08-23T00:00:00+00:00, run_after=2023-08-24T00:00:00+00:00
[2023-08-24T04:48:36.968+0000] {logging_mixin.py:151} INFO - [2023-08-24T04:48:36.968+0000] {dag.py:3677} INFO - Setting next_dagrun for example_branch_datetime_operator_3 to 2023-08-23T00:00:00+00:00, run_after=2023-08-24T00:00:00+00:00
[2023-08-24T04:48:36.985+0000] {processor.py:179} INFO - Processing /usr/local/lib/python3.8/dist-packages/airflow/example_dags/example_branch_datetime_operator.py took 0.075 seconds
[2023-08-24T04:49:38.971+0000] {processor.py:157} INFO - Started process (PID=44869) to work on /usr/local/lib/python3.8/dist-packages/airflow/example_dags/example_branch_datetime_operator.py
[2023-08-24T04:49:38.972+0000] {processor.py:829} INFO - Processing file /usr/local/lib/python3.8/dist-packages/airflow/example_dags/example_branch_datetime_operator.py for tasks to queue
[2023-08-24T04:49:38.973+0000] {logging_mixin.py:151} INFO - [2023-08-24T04:49:38.973+0000] {dagbag.py:539} INFO - Filling up the DagBag from /usr/local/lib/python3.8/dist-packages/airflow/example_dags/example_branch_datetime_operator.py
[2023-08-24T04:49:38.982+0000] {processor.py:839} INFO - DAG(s) dict_keys(['example_branch_datetime_operator_3', 'example_branch_datetime_operator', 'example_branch_datetime_operator_2']) retrieved from /usr/local/lib/python3.8/dist-packages/airflow/example_dags/example_branch_datetime_operator.py
[2023-08-24T04:49:39.003+0000] {logging_mixin.py:151} INFO - [2023-08-24T04:49:39.003+0000] {dag.py:2907} INFO - Sync 3 DAGs
[2023-08-24T04:49:39.021+0000] {logging_mixin.py:151} INFO - [2023-08-24T04:49:39.021+0000] {dag.py:3677} INFO - Setting next_dagrun for example_branch_datetime_operator to 2023-08-23T00:00:00+00:00, run_after=2023-08-24T00:00:00+00:00
[2023-08-24T04:49:39.024+0000] {logging_mixin.py:151} INFO - [2023-08-24T04:49:39.024+0000] {dag.py:3677} INFO - Setting next_dagrun for example_branch_datetime_operator_2 to 2023-08-23T00:00:00+00:00, run_after=2023-08-24T00:00:00+00:00
[2023-08-24T04:49:39.026+0000] {logging_mixin.py:151} INFO - [2023-08-24T04:49:39.026+0000] {dag.py:3677} INFO - Setting next_dagrun for example_branch_datetime_operator_3 to 2023-08-23T00:00:00+00:00, run_after=2023-08-24T00:00:00+00:00
[2023-08-24T04:49:39.044+0000] {processor.py:179} INFO - Processing /usr/local/lib/python3.8/dist-packages/airflow/example_dags/example_branch_datetime_operator.py took 0.077 seconds
[2023-08-24T04:50:37.545+0000] {processor.py:157} INFO - Started process (PID=45054) to work on /usr/local/lib/python3.8/dist-packages/airflow/example_dags/example_branch_datetime_operator.py
[2023-08-24T04:50:37.547+0000] {processor.py:829} INFO - Processing file /usr/local/lib/python3.8/dist-packages/airflow/example_dags/example_branch_datetime_operator.py for tasks to queue
[2023-08-24T04:50:37.548+0000] {logging_mixin.py:151} INFO - [2023-08-24T04:50:37.547+0000] {dagbag.py:539} INFO - Filling up the DagBag from /usr/local/lib/python3.8/dist-packages/airflow/example_dags/example_branch_datetime_operator.py
[2023-08-24T04:50:37.556+0000] {processor.py:839} INFO - DAG(s) dict_keys(['example_branch_datetime_operator_3', 'example_branch_datetime_operator', 'example_branch_datetime_operator_2']) retrieved from /usr/local/lib/python3.8/dist-packages/airflow/example_dags/example_branch_datetime_operator.py
[2023-08-24T04:50:37.577+0000] {logging_mixin.py:151} INFO - [2023-08-24T04:50:37.577+0000] {dag.py:2907} INFO - Sync 3 DAGs
[2023-08-24T04:50:37.594+0000] {logging_mixin.py:151} INFO - [2023-08-24T04:50:37.594+0000] {dag.py:3677} INFO - Setting next_dagrun for example_branch_datetime_operator to 2023-08-23T00:00:00+00:00, run_after=2023-08-24T00:00:00+00:00
[2023-08-24T04:50:37.598+0000] {logging_mixin.py:151} INFO - [2023-08-24T04:50:37.598+0000] {dag.py:3677} INFO - Setting next_dagrun for example_branch_datetime_operator_2 to 2023-08-23T00:00:00+00:00, run_after=2023-08-24T00:00:00+00:00
[2023-08-24T04:50:37.600+0000] {logging_mixin.py:151} INFO - [2023-08-24T04:50:37.600+0000] {dag.py:3677} INFO - Setting next_dagrun for example_branch_datetime_operator_3 to 2023-08-23T00:00:00+00:00, run_after=2023-08-24T00:00:00+00:00
[2023-08-24T04:50:37.616+0000] {processor.py:179} INFO - Processing /usr/local/lib/python3.8/dist-packages/airflow/example_dags/example_branch_datetime_operator.py took 0.075 seconds
[2023-08-24T04:52:09.693+0000] {processor.py:157} INFO - Started process (PID=45390) to work on /usr/local/lib/python3.8/dist-packages/airflow/example_dags/example_branch_datetime_operator.py
[2023-08-24T04:52:09.696+0000] {processor.py:829} INFO - Processing file /usr/local/lib/python3.8/dist-packages/airflow/example_dags/example_branch_datetime_operator.py for tasks to queue
[2023-08-24T04:52:09.697+0000] {logging_mixin.py:151} INFO - [2023-08-24T04:52:09.697+0000] {dagbag.py:539} INFO - Filling up the DagBag from /usr/local/lib/python3.8/dist-packages/airflow/example_dags/example_branch_datetime_operator.py
[2023-08-24T04:52:09.706+0000] {processor.py:839} INFO - DAG(s) dict_keys(['example_branch_datetime_operator_2', 'example_branch_datetime_operator_3', 'example_branch_datetime_operator']) retrieved from /usr/local/lib/python3.8/dist-packages/airflow/example_dags/example_branch_datetime_operator.py
[2023-08-24T04:52:09.726+0000] {logging_mixin.py:151} INFO - [2023-08-24T04:52:09.726+0000] {dag.py:2907} INFO - Sync 3 DAGs
[2023-08-24T04:52:09.744+0000] {logging_mixin.py:151} INFO - [2023-08-24T04:52:09.744+0000] {dag.py:3677} INFO - Setting next_dagrun for example_branch_datetime_operator to 2023-08-23T00:00:00+00:00, run_after=2023-08-24T00:00:00+00:00
[2023-08-24T04:52:09.748+0000] {logging_mixin.py:151} INFO - [2023-08-24T04:52:09.748+0000] {dag.py:3677} INFO - Setting next_dagrun for example_branch_datetime_operator_2 to 2023-08-23T00:00:00+00:00, run_after=2023-08-24T00:00:00+00:00
[2023-08-24T04:52:09.749+0000] {logging_mixin.py:151} INFO - [2023-08-24T04:52:09.749+0000] {dag.py:3677} INFO - Setting next_dagrun for example_branch_datetime_operator_3 to 2023-08-23T00:00:00+00:00, run_after=2023-08-24T00:00:00+00:00
[2023-08-24T04:52:09.879+0000] {processor.py:179} INFO - Processing /usr/local/lib/python3.8/dist-packages/airflow/example_dags/example_branch_datetime_operator.py took 0.189 seconds
[2023-08-24T04:53:11.232+0000] {processor.py:157} INFO - Started process (PID=45579) to work on /usr/local/lib/python3.8/dist-packages/airflow/example_dags/example_branch_datetime_operator.py
[2023-08-24T04:53:11.233+0000] {processor.py:829} INFO - Processing file /usr/local/lib/python3.8/dist-packages/airflow/example_dags/example_branch_datetime_operator.py for tasks to queue
[2023-08-24T04:53:11.234+0000] {logging_mixin.py:151} INFO - [2023-08-24T04:53:11.234+0000] {dagbag.py:539} INFO - Filling up the DagBag from /usr/local/lib/python3.8/dist-packages/airflow/example_dags/example_branch_datetime_operator.py
[2023-08-24T04:53:11.243+0000] {processor.py:839} INFO - DAG(s) dict_keys(['example_branch_datetime_operator_3', 'example_branch_datetime_operator', 'example_branch_datetime_operator_2']) retrieved from /usr/local/lib/python3.8/dist-packages/airflow/example_dags/example_branch_datetime_operator.py
[2023-08-24T04:53:11.263+0000] {logging_mixin.py:151} INFO - [2023-08-24T04:53:11.263+0000] {dag.py:2907} INFO - Sync 3 DAGs
[2023-08-24T04:53:11.281+0000] {logging_mixin.py:151} INFO - [2023-08-24T04:53:11.281+0000] {dag.py:3677} INFO - Setting next_dagrun for example_branch_datetime_operator to 2023-08-23T00:00:00+00:00, run_after=2023-08-24T00:00:00+00:00
[2023-08-24T04:53:11.285+0000] {logging_mixin.py:151} INFO - [2023-08-24T04:53:11.284+0000] {dag.py:3677} INFO - Setting next_dagrun for example_branch_datetime_operator_2 to 2023-08-23T00:00:00+00:00, run_after=2023-08-24T00:00:00+00:00
[2023-08-24T04:53:11.286+0000] {logging_mixin.py:151} INFO - [2023-08-24T04:53:11.286+0000] {dag.py:3677} INFO - Setting next_dagrun for example_branch_datetime_operator_3 to 2023-08-23T00:00:00+00:00, run_after=2023-08-24T00:00:00+00:00
[2023-08-24T04:53:11.303+0000] {processor.py:179} INFO - Processing /usr/local/lib/python3.8/dist-packages/airflow/example_dags/example_branch_datetime_operator.py took 0.075 seconds
[2023-08-24T04:54:13.835+0000] {processor.py:157} INFO - Started process (PID=45763) to work on /usr/local/lib/python3.8/dist-packages/airflow/example_dags/example_branch_datetime_operator.py
[2023-08-24T04:54:13.836+0000] {processor.py:829} INFO - Processing file /usr/local/lib/python3.8/dist-packages/airflow/example_dags/example_branch_datetime_operator.py for tasks to queue
[2023-08-24T04:54:13.837+0000] {logging_mixin.py:151} INFO - [2023-08-24T04:54:13.837+0000] {dagbag.py:539} INFO - Filling up the DagBag from /usr/local/lib/python3.8/dist-packages/airflow/example_dags/example_branch_datetime_operator.py
[2023-08-24T04:54:13.846+0000] {processor.py:839} INFO - DAG(s) dict_keys(['example_branch_datetime_operator_2', 'example_branch_datetime_operator_3', 'example_branch_datetime_operator']) retrieved from /usr/local/lib/python3.8/dist-packages/airflow/example_dags/example_branch_datetime_operator.py
[2023-08-24T04:54:13.866+0000] {logging_mixin.py:151} INFO - [2023-08-24T04:54:13.866+0000] {dag.py:2907} INFO - Sync 3 DAGs
[2023-08-24T04:54:13.883+0000] {logging_mixin.py:151} INFO - [2023-08-24T04:54:13.883+0000] {dag.py:3677} INFO - Setting next_dagrun for example_branch_datetime_operator to 2023-08-23T00:00:00+00:00, run_after=2023-08-24T00:00:00+00:00
[2023-08-24T04:54:13.886+0000] {logging_mixin.py:151} INFO - [2023-08-24T04:54:13.886+0000] {dag.py:3677} INFO - Setting next_dagrun for example_branch_datetime_operator_2 to 2023-08-23T00:00:00+00:00, run_after=2023-08-24T00:00:00+00:00
[2023-08-24T04:54:13.888+0000] {logging_mixin.py:151} INFO - [2023-08-24T04:54:13.888+0000] {dag.py:3677} INFO - Setting next_dagrun for example_branch_datetime_operator_3 to 2023-08-23T00:00:00+00:00, run_after=2023-08-24T00:00:00+00:00
[2023-08-24T04:54:13.904+0000] {processor.py:179} INFO - Processing /usr/local/lib/python3.8/dist-packages/airflow/example_dags/example_branch_datetime_operator.py took 0.073 seconds
[2023-08-24T04:55:43.435+0000] {processor.py:157} INFO - Started process (PID=45977) to work on /usr/local/lib/python3.8/dist-packages/airflow/example_dags/example_branch_datetime_operator.py
[2023-08-24T04:55:43.436+0000] {processor.py:829} INFO - Processing file /usr/local/lib/python3.8/dist-packages/airflow/example_dags/example_branch_datetime_operator.py for tasks to queue
[2023-08-24T04:55:43.437+0000] {logging_mixin.py:151} INFO - [2023-08-24T04:55:43.437+0000] {dagbag.py:539} INFO - Filling up the DagBag from /usr/local/lib/python3.8/dist-packages/airflow/example_dags/example_branch_datetime_operator.py
[2023-08-24T04:55:43.446+0000] {processor.py:839} INFO - DAG(s) dict_keys(['example_branch_datetime_operator_2', 'example_branch_datetime_operator', 'example_branch_datetime_operator_3']) retrieved from /usr/local/lib/python3.8/dist-packages/airflow/example_dags/example_branch_datetime_operator.py
[2023-08-24T04:55:43.467+0000] {logging_mixin.py:151} INFO - [2023-08-24T04:55:43.467+0000] {dag.py:2907} INFO - Sync 3 DAGs
[2023-08-24T04:55:43.485+0000] {logging_mixin.py:151} INFO - [2023-08-24T04:55:43.485+0000] {dag.py:3677} INFO - Setting next_dagrun for example_branch_datetime_operator to 2023-08-23T00:00:00+00:00, run_after=2023-08-24T00:00:00+00:00
[2023-08-24T04:55:43.489+0000] {logging_mixin.py:151} INFO - [2023-08-24T04:55:43.488+0000] {dag.py:3677} INFO - Setting next_dagrun for example_branch_datetime_operator_2 to 2023-08-23T00:00:00+00:00, run_after=2023-08-24T00:00:00+00:00
[2023-08-24T04:55:43.490+0000] {logging_mixin.py:151} INFO - [2023-08-24T04:55:43.490+0000] {dag.py:3677} INFO - Setting next_dagrun for example_branch_datetime_operator_3 to 2023-08-23T00:00:00+00:00, run_after=2023-08-24T00:00:00+00:00
[2023-08-24T04:55:43.507+0000] {processor.py:179} INFO - Processing /usr/local/lib/python3.8/dist-packages/airflow/example_dags/example_branch_datetime_operator.py took 0.076 seconds
[2023-08-24T04:56:48.205+0000] {processor.py:157} INFO - Started process (PID=46163) to work on /usr/local/lib/python3.8/dist-packages/airflow/example_dags/example_branch_datetime_operator.py
[2023-08-24T04:56:48.206+0000] {processor.py:829} INFO - Processing file /usr/local/lib/python3.8/dist-packages/airflow/example_dags/example_branch_datetime_operator.py for tasks to queue
[2023-08-24T04:56:48.207+0000] {logging_mixin.py:151} INFO - [2023-08-24T04:56:48.207+0000] {dagbag.py:539} INFO - Filling up the DagBag from /usr/local/lib/python3.8/dist-packages/airflow/example_dags/example_branch_datetime_operator.py
[2023-08-24T04:56:48.216+0000] {processor.py:839} INFO - DAG(s) dict_keys(['example_branch_datetime_operator', 'example_branch_datetime_operator_2', 'example_branch_datetime_operator_3']) retrieved from /usr/local/lib/python3.8/dist-packages/airflow/example_dags/example_branch_datetime_operator.py
[2023-08-24T04:56:48.237+0000] {logging_mixin.py:151} INFO - [2023-08-24T04:56:48.237+0000] {dag.py:2907} INFO - Sync 3 DAGs
[2023-08-24T04:56:48.255+0000] {logging_mixin.py:151} INFO - [2023-08-24T04:56:48.255+0000] {dag.py:3677} INFO - Setting next_dagrun for example_branch_datetime_operator to 2023-08-23T00:00:00+00:00, run_after=2023-08-24T00:00:00+00:00
[2023-08-24T04:56:48.259+0000] {logging_mixin.py:151} INFO - [2023-08-24T04:56:48.259+0000] {dag.py:3677} INFO - Setting next_dagrun for example_branch_datetime_operator_2 to 2023-08-23T00:00:00+00:00, run_after=2023-08-24T00:00:00+00:00
[2023-08-24T04:56:48.262+0000] {logging_mixin.py:151} INFO - [2023-08-24T04:56:48.261+0000] {dag.py:3677} INFO - Setting next_dagrun for example_branch_datetime_operator_3 to 2023-08-23T00:00:00+00:00, run_after=2023-08-24T00:00:00+00:00
[2023-08-24T04:56:48.279+0000] {processor.py:179} INFO - Processing /usr/local/lib/python3.8/dist-packages/airflow/example_dags/example_branch_datetime_operator.py took 0.078 seconds
[2023-08-24T04:57:52.949+0000] {processor.py:157} INFO - Started process (PID=46359) to work on /usr/local/lib/python3.8/dist-packages/airflow/example_dags/example_branch_datetime_operator.py
[2023-08-24T04:57:52.951+0000] {processor.py:829} INFO - Processing file /usr/local/lib/python3.8/dist-packages/airflow/example_dags/example_branch_datetime_operator.py for tasks to queue
[2023-08-24T04:57:52.952+0000] {logging_mixin.py:151} INFO - [2023-08-24T04:57:52.951+0000] {dagbag.py:539} INFO - Filling up the DagBag from /usr/local/lib/python3.8/dist-packages/airflow/example_dags/example_branch_datetime_operator.py
[2023-08-24T04:57:52.960+0000] {processor.py:839} INFO - DAG(s) dict_keys(['example_branch_datetime_operator_2', 'example_branch_datetime_operator', 'example_branch_datetime_operator_3']) retrieved from /usr/local/lib/python3.8/dist-packages/airflow/example_dags/example_branch_datetime_operator.py
[2023-08-24T04:57:52.981+0000] {logging_mixin.py:151} INFO - [2023-08-24T04:57:52.981+0000] {dag.py:2907} INFO - Sync 3 DAGs
[2023-08-24T04:57:52.999+0000] {logging_mixin.py:151} INFO - [2023-08-24T04:57:52.999+0000] {dag.py:3677} INFO - Setting next_dagrun for example_branch_datetime_operator to 2023-08-23T00:00:00+00:00, run_after=2023-08-24T00:00:00+00:00
[2023-08-24T04:57:53.003+0000] {logging_mixin.py:151} INFO - [2023-08-24T04:57:53.002+0000] {dag.py:3677} INFO - Setting next_dagrun for example_branch_datetime_operator_2 to 2023-08-23T00:00:00+00:00, run_after=2023-08-24T00:00:00+00:00
[2023-08-24T04:57:53.005+0000] {logging_mixin.py:151} INFO - [2023-08-24T04:57:53.004+0000] {dag.py:3677} INFO - Setting next_dagrun for example_branch_datetime_operator_3 to 2023-08-23T00:00:00+00:00, run_after=2023-08-24T00:00:00+00:00
[2023-08-24T04:57:53.021+0000] {processor.py:179} INFO - Processing /usr/local/lib/python3.8/dist-packages/airflow/example_dags/example_branch_datetime_operator.py took 0.076 seconds
[2023-08-24T04:58:54.260+0000] {processor.py:157} INFO - Started process (PID=46543) to work on /usr/local/lib/python3.8/dist-packages/airflow/example_dags/example_branch_datetime_operator.py
[2023-08-24T04:58:54.262+0000] {processor.py:829} INFO - Processing file /usr/local/lib/python3.8/dist-packages/airflow/example_dags/example_branch_datetime_operator.py for tasks to queue
[2023-08-24T04:58:54.263+0000] {logging_mixin.py:151} INFO - [2023-08-24T04:58:54.263+0000] {dagbag.py:539} INFO - Filling up the DagBag from /usr/local/lib/python3.8/dist-packages/airflow/example_dags/example_branch_datetime_operator.py
[2023-08-24T04:58:54.272+0000] {processor.py:839} INFO - DAG(s) dict_keys(['example_branch_datetime_operator_3', 'example_branch_datetime_operator', 'example_branch_datetime_operator_2']) retrieved from /usr/local/lib/python3.8/dist-packages/airflow/example_dags/example_branch_datetime_operator.py
[2023-08-24T04:58:54.293+0000] {logging_mixin.py:151} INFO - [2023-08-24T04:58:54.293+0000] {dag.py:2907} INFO - Sync 3 DAGs
[2023-08-24T04:58:54.310+0000] {logging_mixin.py:151} INFO - [2023-08-24T04:58:54.310+0000] {dag.py:3677} INFO - Setting next_dagrun for example_branch_datetime_operator to 2023-08-23T00:00:00+00:00, run_after=2023-08-24T00:00:00+00:00
[2023-08-24T04:58:54.432+0000] {logging_mixin.py:151} INFO - [2023-08-24T04:58:54.432+0000] {dag.py:3677} INFO - Setting next_dagrun for example_branch_datetime_operator_2 to 2023-08-23T00:00:00+00:00, run_after=2023-08-24T00:00:00+00:00
[2023-08-24T04:58:54.434+0000] {logging_mixin.py:151} INFO - [2023-08-24T04:58:54.434+0000] {dag.py:3677} INFO - Setting next_dagrun for example_branch_datetime_operator_3 to 2023-08-23T00:00:00+00:00, run_after=2023-08-24T00:00:00+00:00
[2023-08-24T04:58:54.450+0000] {processor.py:179} INFO - Processing /usr/local/lib/python3.8/dist-packages/airflow/example_dags/example_branch_datetime_operator.py took 0.193 seconds
[2023-08-24T04:59:59.062+0000] {processor.py:157} INFO - Started process (PID=46726) to work on /usr/local/lib/python3.8/dist-packages/airflow/example_dags/example_branch_datetime_operator.py
[2023-08-24T04:59:59.064+0000] {processor.py:829} INFO - Processing file /usr/local/lib/python3.8/dist-packages/airflow/example_dags/example_branch_datetime_operator.py for tasks to queue
[2023-08-24T04:59:59.064+0000] {logging_mixin.py:151} INFO - [2023-08-24T04:59:59.064+0000] {dagbag.py:539} INFO - Filling up the DagBag from /usr/local/lib/python3.8/dist-packages/airflow/example_dags/example_branch_datetime_operator.py
[2023-08-24T04:59:59.073+0000] {processor.py:839} INFO - DAG(s) dict_keys(['example_branch_datetime_operator_2', 'example_branch_datetime_operator', 'example_branch_datetime_operator_3']) retrieved from /usr/local/lib/python3.8/dist-packages/airflow/example_dags/example_branch_datetime_operator.py
[2023-08-24T04:59:59.094+0000] {logging_mixin.py:151} INFO - [2023-08-24T04:59:59.093+0000] {dag.py:2907} INFO - Sync 3 DAGs
[2023-08-24T04:59:59.111+0000] {logging_mixin.py:151} INFO - [2023-08-24T04:59:59.110+0000] {dag.py:3677} INFO - Setting next_dagrun for example_branch_datetime_operator to 2023-08-23T00:00:00+00:00, run_after=2023-08-24T00:00:00+00:00
[2023-08-24T04:59:59.114+0000] {logging_mixin.py:151} INFO - [2023-08-24T04:59:59.114+0000] {dag.py:3677} INFO - Setting next_dagrun for example_branch_datetime_operator_2 to 2023-08-23T00:00:00+00:00, run_after=2023-08-24T00:00:00+00:00
[2023-08-24T04:59:59.116+0000] {logging_mixin.py:151} INFO - [2023-08-24T04:59:59.115+0000] {dag.py:3677} INFO - Setting next_dagrun for example_branch_datetime_operator_3 to 2023-08-23T00:00:00+00:00, run_after=2023-08-24T00:00:00+00:00
[2023-08-24T04:59:59.131+0000] {processor.py:179} INFO - Processing /usr/local/lib/python3.8/dist-packages/airflow/example_dags/example_branch_datetime_operator.py took 0.073 seconds
[2023-08-24T05:00:58.182+0000] {processor.py:157} INFO - Started process (PID=46911) to work on /usr/local/lib/python3.8/dist-packages/airflow/example_dags/example_branch_datetime_operator.py
[2023-08-24T05:00:58.184+0000] {processor.py:829} INFO - Processing file /usr/local/lib/python3.8/dist-packages/airflow/example_dags/example_branch_datetime_operator.py for tasks to queue
[2023-08-24T05:00:58.185+0000] {logging_mixin.py:151} INFO - [2023-08-24T05:00:58.184+0000] {dagbag.py:539} INFO - Filling up the DagBag from /usr/local/lib/python3.8/dist-packages/airflow/example_dags/example_branch_datetime_operator.py
[2023-08-24T05:00:58.194+0000] {processor.py:839} INFO - DAG(s) dict_keys(['example_branch_datetime_operator_3', 'example_branch_datetime_operator', 'example_branch_datetime_operator_2']) retrieved from /usr/local/lib/python3.8/dist-packages/airflow/example_dags/example_branch_datetime_operator.py
[2023-08-24T05:00:58.214+0000] {logging_mixin.py:151} INFO - [2023-08-24T05:00:58.214+0000] {dag.py:2907} INFO - Sync 3 DAGs
[2023-08-24T05:00:58.231+0000] {logging_mixin.py:151} INFO - [2023-08-24T05:00:58.231+0000] {dag.py:3677} INFO - Setting next_dagrun for example_branch_datetime_operator to 2023-08-23T00:00:00+00:00, run_after=2023-08-24T00:00:00+00:00
[2023-08-24T05:00:58.235+0000] {logging_mixin.py:151} INFO - [2023-08-24T05:00:58.235+0000] {dag.py:3677} INFO - Setting next_dagrun for example_branch_datetime_operator_2 to 2023-08-23T00:00:00+00:00, run_after=2023-08-24T00:00:00+00:00
[2023-08-24T05:00:58.237+0000] {logging_mixin.py:151} INFO - [2023-08-24T05:00:58.237+0000] {dag.py:3677} INFO - Setting next_dagrun for example_branch_datetime_operator_3 to 2023-08-23T00:00:00+00:00, run_after=2023-08-24T00:00:00+00:00
[2023-08-24T05:00:58.253+0000] {processor.py:179} INFO - Processing /usr/local/lib/python3.8/dist-packages/airflow/example_dags/example_branch_datetime_operator.py took 0.075 seconds
[2023-08-24T05:01:57.293+0000] {processor.py:157} INFO - Started process (PID=47109) to work on /usr/local/lib/python3.8/dist-packages/airflow/example_dags/example_branch_datetime_operator.py
[2023-08-24T05:01:57.294+0000] {processor.py:829} INFO - Processing file /usr/local/lib/python3.8/dist-packages/airflow/example_dags/example_branch_datetime_operator.py for tasks to queue
[2023-08-24T05:01:57.295+0000] {logging_mixin.py:151} INFO - [2023-08-24T05:01:57.295+0000] {dagbag.py:539} INFO - Filling up the DagBag from /usr/local/lib/python3.8/dist-packages/airflow/example_dags/example_branch_datetime_operator.py
[2023-08-24T05:01:57.304+0000] {processor.py:839} INFO - DAG(s) dict_keys(['example_branch_datetime_operator_2', 'example_branch_datetime_operator', 'example_branch_datetime_operator_3']) retrieved from /usr/local/lib/python3.8/dist-packages/airflow/example_dags/example_branch_datetime_operator.py
[2023-08-24T05:01:57.325+0000] {logging_mixin.py:151} INFO - [2023-08-24T05:01:57.325+0000] {dag.py:2907} INFO - Sync 3 DAGs
[2023-08-24T05:01:57.346+0000] {logging_mixin.py:151} INFO - [2023-08-24T05:01:57.346+0000] {dag.py:3677} INFO - Setting next_dagrun for example_branch_datetime_operator to 2023-08-23T00:00:00+00:00, run_after=2023-08-24T00:00:00+00:00
[2023-08-24T05:01:57.350+0000] {logging_mixin.py:151} INFO - [2023-08-24T05:01:57.349+0000] {dag.py:3677} INFO - Setting next_dagrun for example_branch_datetime_operator_2 to 2023-08-23T00:00:00+00:00, run_after=2023-08-24T00:00:00+00:00
[2023-08-24T05:01:57.352+0000] {logging_mixin.py:151} INFO - [2023-08-24T05:01:57.351+0000] {dag.py:3677} INFO - Setting next_dagrun for example_branch_datetime_operator_3 to 2023-08-23T00:00:00+00:00, run_after=2023-08-24T00:00:00+00:00
[2023-08-24T05:01:57.368+0000] {processor.py:179} INFO - Processing /usr/local/lib/python3.8/dist-packages/airflow/example_dags/example_branch_datetime_operator.py took 0.079 seconds
[2023-08-24T05:03:29.398+0000] {processor.py:157} INFO - Started process (PID=47452) to work on /usr/local/lib/python3.8/dist-packages/airflow/example_dags/example_branch_datetime_operator.py
[2023-08-24T05:03:29.399+0000] {processor.py:829} INFO - Processing file /usr/local/lib/python3.8/dist-packages/airflow/example_dags/example_branch_datetime_operator.py for tasks to queue
[2023-08-24T05:03:29.400+0000] {logging_mixin.py:151} INFO - [2023-08-24T05:03:29.400+0000] {dagbag.py:539} INFO - Filling up the DagBag from /usr/local/lib/python3.8/dist-packages/airflow/example_dags/example_branch_datetime_operator.py
[2023-08-24T05:03:29.409+0000] {processor.py:839} INFO - DAG(s) dict_keys(['example_branch_datetime_operator', 'example_branch_datetime_operator_3', 'example_branch_datetime_operator_2']) retrieved from /usr/local/lib/python3.8/dist-packages/airflow/example_dags/example_branch_datetime_operator.py
[2023-08-24T05:03:29.430+0000] {logging_mixin.py:151} INFO - [2023-08-24T05:03:29.430+0000] {dag.py:2907} INFO - Sync 3 DAGs
[2023-08-24T05:03:29.447+0000] {logging_mixin.py:151} INFO - [2023-08-24T05:03:29.447+0000] {dag.py:3677} INFO - Setting next_dagrun for example_branch_datetime_operator to 2023-08-23T00:00:00+00:00, run_after=2023-08-24T00:00:00+00:00
[2023-08-24T05:03:29.451+0000] {logging_mixin.py:151} INFO - [2023-08-24T05:03:29.450+0000] {dag.py:3677} INFO - Setting next_dagrun for example_branch_datetime_operator_2 to 2023-08-23T00:00:00+00:00, run_after=2023-08-24T00:00:00+00:00
[2023-08-24T05:03:29.452+0000] {logging_mixin.py:151} INFO - [2023-08-24T05:03:29.452+0000] {dag.py:3677} INFO - Setting next_dagrun for example_branch_datetime_operator_3 to 2023-08-23T00:00:00+00:00, run_after=2023-08-24T00:00:00+00:00
[2023-08-24T05:03:29.468+0000] {processor.py:179} INFO - Processing /usr/local/lib/python3.8/dist-packages/airflow/example_dags/example_branch_datetime_operator.py took 0.074 seconds
[2023-08-24T05:04:56.681+0000] {processor.py:157} INFO - Started process (PID=47664) to work on /usr/local/lib/python3.8/dist-packages/airflow/example_dags/example_branch_datetime_operator.py
[2023-08-24T05:04:56.683+0000] {processor.py:829} INFO - Processing file /usr/local/lib/python3.8/dist-packages/airflow/example_dags/example_branch_datetime_operator.py for tasks to queue
[2023-08-24T05:04:56.683+0000] {logging_mixin.py:151} INFO - [2023-08-24T05:04:56.683+0000] {dagbag.py:539} INFO - Filling up the DagBag from /usr/local/lib/python3.8/dist-packages/airflow/example_dags/example_branch_datetime_operator.py
[2023-08-24T05:04:56.692+0000] {processor.py:839} INFO - DAG(s) dict_keys(['example_branch_datetime_operator_3', 'example_branch_datetime_operator_2', 'example_branch_datetime_operator']) retrieved from /usr/local/lib/python3.8/dist-packages/airflow/example_dags/example_branch_datetime_operator.py
[2023-08-24T05:04:56.713+0000] {logging_mixin.py:151} INFO - [2023-08-24T05:04:56.713+0000] {dag.py:2907} INFO - Sync 3 DAGs
[2023-08-24T05:04:56.729+0000] {logging_mixin.py:151} INFO - [2023-08-24T05:04:56.729+0000] {dag.py:3677} INFO - Setting next_dagrun for example_branch_datetime_operator to 2023-08-23T00:00:00+00:00, run_after=2023-08-24T00:00:00+00:00
[2023-08-24T05:04:56.733+0000] {logging_mixin.py:151} INFO - [2023-08-24T05:04:56.733+0000] {dag.py:3677} INFO - Setting next_dagrun for example_branch_datetime_operator_2 to 2023-08-23T00:00:00+00:00, run_after=2023-08-24T00:00:00+00:00
[2023-08-24T05:04:56.735+0000] {logging_mixin.py:151} INFO - [2023-08-24T05:04:56.734+0000] {dag.py:3677} INFO - Setting next_dagrun for example_branch_datetime_operator_3 to 2023-08-23T00:00:00+00:00, run_after=2023-08-24T00:00:00+00:00
[2023-08-24T05:04:56.750+0000] {processor.py:179} INFO - Processing /usr/local/lib/python3.8/dist-packages/airflow/example_dags/example_branch_datetime_operator.py took 0.073 seconds
[2023-08-24T05:05:55.675+0000] {processor.py:157} INFO - Started process (PID=47860) to work on /usr/local/lib/python3.8/dist-packages/airflow/example_dags/example_branch_datetime_operator.py
[2023-08-24T05:05:55.677+0000] {processor.py:829} INFO - Processing file /usr/local/lib/python3.8/dist-packages/airflow/example_dags/example_branch_datetime_operator.py for tasks to queue
[2023-08-24T05:05:55.677+0000] {logging_mixin.py:151} INFO - [2023-08-24T05:05:55.677+0000] {dagbag.py:539} INFO - Filling up the DagBag from /usr/local/lib/python3.8/dist-packages/airflow/example_dags/example_branch_datetime_operator.py
[2023-08-24T05:05:55.687+0000] {processor.py:839} INFO - DAG(s) dict_keys(['example_branch_datetime_operator_3', 'example_branch_datetime_operator', 'example_branch_datetime_operator_2']) retrieved from /usr/local/lib/python3.8/dist-packages/airflow/example_dags/example_branch_datetime_operator.py
[2023-08-24T05:05:55.707+0000] {logging_mixin.py:151} INFO - [2023-08-24T05:05:55.707+0000] {dag.py:2907} INFO - Sync 3 DAGs
[2023-08-24T05:05:55.724+0000] {logging_mixin.py:151} INFO - [2023-08-24T05:05:55.724+0000] {dag.py:3677} INFO - Setting next_dagrun for example_branch_datetime_operator to 2023-08-23T00:00:00+00:00, run_after=2023-08-24T00:00:00+00:00
[2023-08-24T05:05:55.727+0000] {logging_mixin.py:151} INFO - [2023-08-24T05:05:55.727+0000] {dag.py:3677} INFO - Setting next_dagrun for example_branch_datetime_operator_2 to 2023-08-23T00:00:00+00:00, run_after=2023-08-24T00:00:00+00:00
[2023-08-24T05:05:55.729+0000] {logging_mixin.py:151} INFO - [2023-08-24T05:05:55.729+0000] {dag.py:3677} INFO - Setting next_dagrun for example_branch_datetime_operator_3 to 2023-08-23T00:00:00+00:00, run_after=2023-08-24T00:00:00+00:00
[2023-08-24T05:05:55.746+0000] {processor.py:179} INFO - Processing /usr/local/lib/python3.8/dist-packages/airflow/example_dags/example_branch_datetime_operator.py took 0.074 seconds
[2023-08-24T05:07:19.285+0000] {processor.py:157} INFO - Started process (PID=48205) to work on /usr/local/lib/python3.8/dist-packages/airflow/example_dags/example_branch_datetime_operator.py
[2023-08-24T05:07:19.287+0000] {processor.py:829} INFO - Processing file /usr/local/lib/python3.8/dist-packages/airflow/example_dags/example_branch_datetime_operator.py for tasks to queue
[2023-08-24T05:07:19.288+0000] {logging_mixin.py:151} INFO - [2023-08-24T05:07:19.287+0000] {dagbag.py:539} INFO - Filling up the DagBag from /usr/local/lib/python3.8/dist-packages/airflow/example_dags/example_branch_datetime_operator.py
[2023-08-24T05:07:19.297+0000] {processor.py:839} INFO - DAG(s) dict_keys(['example_branch_datetime_operator', 'example_branch_datetime_operator_2', 'example_branch_datetime_operator_3']) retrieved from /usr/local/lib/python3.8/dist-packages/airflow/example_dags/example_branch_datetime_operator.py
[2023-08-24T05:07:19.318+0000] {logging_mixin.py:151} INFO - [2023-08-24T05:07:19.318+0000] {dag.py:2907} INFO - Sync 3 DAGs
[2023-08-24T05:07:19.335+0000] {logging_mixin.py:151} INFO - [2023-08-24T05:07:19.335+0000] {dag.py:3677} INFO - Setting next_dagrun for example_branch_datetime_operator to 2023-08-23T00:00:00+00:00, run_after=2023-08-24T00:00:00+00:00
[2023-08-24T05:07:19.338+0000] {logging_mixin.py:151} INFO - [2023-08-24T05:07:19.338+0000] {dag.py:3677} INFO - Setting next_dagrun for example_branch_datetime_operator_2 to 2023-08-23T00:00:00+00:00, run_after=2023-08-24T00:00:00+00:00
[2023-08-24T05:07:19.340+0000] {logging_mixin.py:151} INFO - [2023-08-24T05:07:19.340+0000] {dag.py:3677} INFO - Setting next_dagrun for example_branch_datetime_operator_3 to 2023-08-23T00:00:00+00:00, run_after=2023-08-24T00:00:00+00:00
[2023-08-24T05:07:19.356+0000] {processor.py:179} INFO - Processing /usr/local/lib/python3.8/dist-packages/airflow/example_dags/example_branch_datetime_operator.py took 0.074 seconds
[2023-08-24T05:08:19.301+0000] {processor.py:157} INFO - Started process (PID=48391) to work on /usr/local/lib/python3.8/dist-packages/airflow/example_dags/example_branch_datetime_operator.py
[2023-08-24T05:08:19.302+0000] {processor.py:829} INFO - Processing file /usr/local/lib/python3.8/dist-packages/airflow/example_dags/example_branch_datetime_operator.py for tasks to queue
[2023-08-24T05:08:19.303+0000] {logging_mixin.py:151} INFO - [2023-08-24T05:08:19.303+0000] {dagbag.py:539} INFO - Filling up the DagBag from /usr/local/lib/python3.8/dist-packages/airflow/example_dags/example_branch_datetime_operator.py
[2023-08-24T05:08:19.312+0000] {processor.py:839} INFO - DAG(s) dict_keys(['example_branch_datetime_operator', 'example_branch_datetime_operator_3', 'example_branch_datetime_operator_2']) retrieved from /usr/local/lib/python3.8/dist-packages/airflow/example_dags/example_branch_datetime_operator.py
[2023-08-24T05:08:19.333+0000] {logging_mixin.py:151} INFO - [2023-08-24T05:08:19.333+0000] {dag.py:2907} INFO - Sync 3 DAGs
[2023-08-24T05:08:19.351+0000] {logging_mixin.py:151} INFO - [2023-08-24T05:08:19.351+0000] {dag.py:3677} INFO - Setting next_dagrun for example_branch_datetime_operator to 2023-08-23T00:00:00+00:00, run_after=2023-08-24T00:00:00+00:00
[2023-08-24T05:08:19.354+0000] {logging_mixin.py:151} INFO - [2023-08-24T05:08:19.354+0000] {dag.py:3677} INFO - Setting next_dagrun for example_branch_datetime_operator_2 to 2023-08-23T00:00:00+00:00, run_after=2023-08-24T00:00:00+00:00
[2023-08-24T05:08:19.356+0000] {logging_mixin.py:151} INFO - [2023-08-24T05:08:19.356+0000] {dag.py:3677} INFO - Setting next_dagrun for example_branch_datetime_operator_3 to 2023-08-23T00:00:00+00:00, run_after=2023-08-24T00:00:00+00:00
[2023-08-24T05:08:19.374+0000] {processor.py:179} INFO - Processing /usr/local/lib/python3.8/dist-packages/airflow/example_dags/example_branch_datetime_operator.py took 0.077 seconds
[2023-08-24T05:09:20.749+0000] {processor.py:157} INFO - Started process (PID=48588) to work on /usr/local/lib/python3.8/dist-packages/airflow/example_dags/example_branch_datetime_operator.py
[2023-08-24T05:09:20.750+0000] {processor.py:829} INFO - Processing file /usr/local/lib/python3.8/dist-packages/airflow/example_dags/example_branch_datetime_operator.py for tasks to queue
[2023-08-24T05:09:20.751+0000] {logging_mixin.py:151} INFO - [2023-08-24T05:09:20.751+0000] {dagbag.py:539} INFO - Filling up the DagBag from /usr/local/lib/python3.8/dist-packages/airflow/example_dags/example_branch_datetime_operator.py
[2023-08-24T05:09:20.760+0000] {processor.py:839} INFO - DAG(s) dict_keys(['example_branch_datetime_operator_2', 'example_branch_datetime_operator', 'example_branch_datetime_operator_3']) retrieved from /usr/local/lib/python3.8/dist-packages/airflow/example_dags/example_branch_datetime_operator.py
[2023-08-24T05:09:20.782+0000] {logging_mixin.py:151} INFO - [2023-08-24T05:09:20.781+0000] {dag.py:2907} INFO - Sync 3 DAGs
[2023-08-24T05:09:20.799+0000] {logging_mixin.py:151} INFO - [2023-08-24T05:09:20.799+0000] {dag.py:3677} INFO - Setting next_dagrun for example_branch_datetime_operator to 2023-08-23T00:00:00+00:00, run_after=2023-08-24T00:00:00+00:00
[2023-08-24T05:09:20.802+0000] {logging_mixin.py:151} INFO - [2023-08-24T05:09:20.802+0000] {dag.py:3677} INFO - Setting next_dagrun for example_branch_datetime_operator_2 to 2023-08-23T00:00:00+00:00, run_after=2023-08-24T00:00:00+00:00
[2023-08-24T05:09:20.804+0000] {logging_mixin.py:151} INFO - [2023-08-24T05:09:20.804+0000] {dag.py:3677} INFO - Setting next_dagrun for example_branch_datetime_operator_3 to 2023-08-23T00:00:00+00:00, run_after=2023-08-24T00:00:00+00:00
[2023-08-24T05:09:20.822+0000] {processor.py:179} INFO - Processing /usr/local/lib/python3.8/dist-packages/airflow/example_dags/example_branch_datetime_operator.py took 0.076 seconds
[2023-08-24T05:10:48.003+0000] {processor.py:157} INFO - Started process (PID=48801) to work on /usr/local/lib/python3.8/dist-packages/airflow/example_dags/example_branch_datetime_operator.py
[2023-08-24T05:10:48.004+0000] {processor.py:829} INFO - Processing file /usr/local/lib/python3.8/dist-packages/airflow/example_dags/example_branch_datetime_operator.py for tasks to queue
[2023-08-24T05:10:48.005+0000] {logging_mixin.py:151} INFO - [2023-08-24T05:10:48.005+0000] {dagbag.py:539} INFO - Filling up the DagBag from /usr/local/lib/python3.8/dist-packages/airflow/example_dags/example_branch_datetime_operator.py
[2023-08-24T05:10:48.014+0000] {processor.py:839} INFO - DAG(s) dict_keys(['example_branch_datetime_operator_2', 'example_branch_datetime_operator', 'example_branch_datetime_operator_3']) retrieved from /usr/local/lib/python3.8/dist-packages/airflow/example_dags/example_branch_datetime_operator.py
[2023-08-24T05:10:48.036+0000] {logging_mixin.py:151} INFO - [2023-08-24T05:10:48.036+0000] {dag.py:2907} INFO - Sync 3 DAGs
[2023-08-24T05:10:48.054+0000] {logging_mixin.py:151} INFO - [2023-08-24T05:10:48.054+0000] {dag.py:3677} INFO - Setting next_dagrun for example_branch_datetime_operator to 2023-08-23T00:00:00+00:00, run_after=2023-08-24T00:00:00+00:00
[2023-08-24T05:10:48.058+0000] {logging_mixin.py:151} INFO - [2023-08-24T05:10:48.058+0000] {dag.py:3677} INFO - Setting next_dagrun for example_branch_datetime_operator_2 to 2023-08-23T00:00:00+00:00, run_after=2023-08-24T00:00:00+00:00
[2023-08-24T05:10:48.060+0000] {logging_mixin.py:151} INFO - [2023-08-24T05:10:48.060+0000] {dag.py:3677} INFO - Setting next_dagrun for example_branch_datetime_operator_3 to 2023-08-23T00:00:00+00:00, run_after=2023-08-24T00:00:00+00:00
[2023-08-24T05:10:48.079+0000] {processor.py:179} INFO - Processing /usr/local/lib/python3.8/dist-packages/airflow/example_dags/example_branch_datetime_operator.py took 0.080 seconds
[2023-08-24T05:12:04.557+0000] {processor.py:157} INFO - Started process (PID=48957) to work on /usr/local/lib/python3.8/dist-packages/airflow/example_dags/example_branch_datetime_operator.py
[2023-08-24T05:12:04.559+0000] {processor.py:829} INFO - Processing file /usr/local/lib/python3.8/dist-packages/airflow/example_dags/example_branch_datetime_operator.py for tasks to queue
[2023-08-24T05:12:04.560+0000] {logging_mixin.py:151} INFO - [2023-08-24T05:12:04.559+0000] {dagbag.py:539} INFO - Filling up the DagBag from /usr/local/lib/python3.8/dist-packages/airflow/example_dags/example_branch_datetime_operator.py
[2023-08-24T05:12:04.569+0000] {processor.py:839} INFO - DAG(s) dict_keys(['example_branch_datetime_operator_2', 'example_branch_datetime_operator', 'example_branch_datetime_operator_3']) retrieved from /usr/local/lib/python3.8/dist-packages/airflow/example_dags/example_branch_datetime_operator.py
[2023-08-24T05:12:04.592+0000] {logging_mixin.py:151} INFO - [2023-08-24T05:12:04.591+0000] {dag.py:2907} INFO - Sync 3 DAGs
[2023-08-24T05:12:04.609+0000] {logging_mixin.py:151} INFO - [2023-08-24T05:12:04.609+0000] {dag.py:3677} INFO - Setting next_dagrun for example_branch_datetime_operator to 2023-08-23T00:00:00+00:00, run_after=2023-08-24T00:00:00+00:00
[2023-08-24T05:12:04.613+0000] {logging_mixin.py:151} INFO - [2023-08-24T05:12:04.613+0000] {dag.py:3677} INFO - Setting next_dagrun for example_branch_datetime_operator_2 to 2023-08-23T00:00:00+00:00, run_after=2023-08-24T00:00:00+00:00
[2023-08-24T05:12:04.615+0000] {logging_mixin.py:151} INFO - [2023-08-24T05:12:04.615+0000] {dag.py:3677} INFO - Setting next_dagrun for example_branch_datetime_operator_3 to 2023-08-23T00:00:00+00:00, run_after=2023-08-24T00:00:00+00:00
[2023-08-24T05:12:04.631+0000] {processor.py:179} INFO - Processing /usr/local/lib/python3.8/dist-packages/airflow/example_dags/example_branch_datetime_operator.py took 0.078 seconds
[2023-08-24T05:13:06.849+0000] {processor.py:157} INFO - Started process (PID=49154) to work on /usr/local/lib/python3.8/dist-packages/airflow/example_dags/example_branch_datetime_operator.py
[2023-08-24T05:13:06.851+0000] {processor.py:829} INFO - Processing file /usr/local/lib/python3.8/dist-packages/airflow/example_dags/example_branch_datetime_operator.py for tasks to queue
[2023-08-24T05:13:06.852+0000] {logging_mixin.py:151} INFO - [2023-08-24T05:13:06.852+0000] {dagbag.py:539} INFO - Filling up the DagBag from /usr/local/lib/python3.8/dist-packages/airflow/example_dags/example_branch_datetime_operator.py
[2023-08-24T05:13:06.861+0000] {processor.py:839} INFO - DAG(s) dict_keys(['example_branch_datetime_operator_2', 'example_branch_datetime_operator_3', 'example_branch_datetime_operator']) retrieved from /usr/local/lib/python3.8/dist-packages/airflow/example_dags/example_branch_datetime_operator.py
[2023-08-24T05:13:06.882+0000] {logging_mixin.py:151} INFO - [2023-08-24T05:13:06.882+0000] {dag.py:2907} INFO - Sync 3 DAGs
[2023-08-24T05:13:06.900+0000] {logging_mixin.py:151} INFO - [2023-08-24T05:13:06.900+0000] {dag.py:3677} INFO - Setting next_dagrun for example_branch_datetime_operator to 2023-08-23T00:00:00+00:00, run_after=2023-08-24T00:00:00+00:00
[2023-08-24T05:13:06.903+0000] {logging_mixin.py:151} INFO - [2023-08-24T05:13:06.903+0000] {dag.py:3677} INFO - Setting next_dagrun for example_branch_datetime_operator_2 to 2023-08-23T00:00:00+00:00, run_after=2023-08-24T00:00:00+00:00
[2023-08-24T05:13:06.905+0000] {logging_mixin.py:151} INFO - [2023-08-24T05:13:06.905+0000] {dag.py:3677} INFO - Setting next_dagrun for example_branch_datetime_operator_3 to 2023-08-23T00:00:00+00:00, run_after=2023-08-24T00:00:00+00:00
[2023-08-24T05:13:06.922+0000] {processor.py:179} INFO - Processing /usr/local/lib/python3.8/dist-packages/airflow/example_dags/example_branch_datetime_operator.py took 0.076 seconds
