[2023-08-24T04:22:10.825+0000] {processor.py:157} INFO - Started process (PID=37610) to work on /usr/local/lib/python3.8/dist-packages/airflow/example_dags/example_skip_dag.py
[2023-08-24T04:22:10.826+0000] {processor.py:829} INFO - Processing file /usr/local/lib/python3.8/dist-packages/airflow/example_dags/example_skip_dag.py for tasks to queue
[2023-08-24T04:22:10.827+0000] {logging_mixin.py:151} INFO - [2023-08-24T04:22:10.826+0000] {dagbag.py:539} INFO - Filling up the DagBag from /usr/local/lib/python3.8/dist-packages/airflow/example_dags/example_skip_dag.py
[2023-08-24T04:22:10.833+0000] {processor.py:839} INFO - DAG(s) dict_keys(['example_skip_dag']) retrieved from /usr/local/lib/python3.8/dist-packages/airflow/example_dags/example_skip_dag.py
[2023-08-24T04:22:10.854+0000] {logging_mixin.py:151} INFO - [2023-08-24T04:22:10.854+0000] {dag.py:2907} INFO - Sync 1 DAGs
[2023-08-24T04:22:10.870+0000] {logging_mixin.py:151} INFO - [2023-08-24T04:22:10.870+0000] {dag.py:3677} INFO - Setting next_dagrun for example_skip_dag to 2023-08-23T04:22:10.870229+00:00, run_after=2023-08-24T04:22:10.870229+00:00
[2023-08-24T04:22:10.887+0000] {processor.py:179} INFO - Processing /usr/local/lib/python3.8/dist-packages/airflow/example_dags/example_skip_dag.py took 0.066 seconds
[2023-08-24T04:31:24.899+0000] {processor.py:157} INFO - Started process (PID=41485) to work on /usr/local/lib/python3.8/dist-packages/airflow/example_dags/example_skip_dag.py
[2023-08-24T04:31:24.900+0000] {processor.py:829} INFO - Processing file /usr/local/lib/python3.8/dist-packages/airflow/example_dags/example_skip_dag.py for tasks to queue
[2023-08-24T04:31:24.901+0000] {logging_mixin.py:151} INFO - [2023-08-24T04:31:24.901+0000] {dagbag.py:539} INFO - Filling up the DagBag from /usr/local/lib/python3.8/dist-packages/airflow/example_dags/example_skip_dag.py
[2023-08-24T04:31:24.908+0000] {processor.py:839} INFO - DAG(s) dict_keys(['example_skip_dag']) retrieved from /usr/local/lib/python3.8/dist-packages/airflow/example_dags/example_skip_dag.py
[2023-08-24T04:31:24.928+0000] {logging_mixin.py:151} INFO - [2023-08-24T04:31:24.928+0000] {dag.py:2907} INFO - Sync 1 DAGs
[2023-08-24T04:31:24.944+0000] {logging_mixin.py:151} INFO - [2023-08-24T04:31:24.944+0000] {dag.py:3677} INFO - Setting next_dagrun for example_skip_dag to 2023-08-23T04:31:24.944407+00:00, run_after=2023-08-24T04:31:24.944407+00:00
[2023-08-24T04:31:24.962+0000] {processor.py:179} INFO - Processing /usr/local/lib/python3.8/dist-packages/airflow/example_dags/example_skip_dag.py took 0.067 seconds
[2023-08-24T04:32:25.776+0000] {processor.py:157} INFO - Started process (PID=41683) to work on /usr/local/lib/python3.8/dist-packages/airflow/example_dags/example_skip_dag.py
[2023-08-24T04:32:25.778+0000] {processor.py:829} INFO - Processing file /usr/local/lib/python3.8/dist-packages/airflow/example_dags/example_skip_dag.py for tasks to queue
[2023-08-24T04:32:25.779+0000] {logging_mixin.py:151} INFO - [2023-08-24T04:32:25.778+0000] {dagbag.py:539} INFO - Filling up the DagBag from /usr/local/lib/python3.8/dist-packages/airflow/example_dags/example_skip_dag.py
[2023-08-24T04:32:25.785+0000] {processor.py:839} INFO - DAG(s) dict_keys(['example_skip_dag']) retrieved from /usr/local/lib/python3.8/dist-packages/airflow/example_dags/example_skip_dag.py
[2023-08-24T04:32:25.802+0000] {logging_mixin.py:151} INFO - [2023-08-24T04:32:25.802+0000] {dag.py:2907} INFO - Sync 1 DAGs
[2023-08-24T04:32:25.818+0000] {logging_mixin.py:151} INFO - [2023-08-24T04:32:25.818+0000] {dag.py:3677} INFO - Setting next_dagrun for example_skip_dag to 2023-08-23T04:32:25.817911+00:00, run_after=2023-08-24T04:32:25.817911+00:00
[2023-08-24T04:32:25.835+0000] {processor.py:179} INFO - Processing /usr/local/lib/python3.8/dist-packages/airflow/example_dags/example_skip_dag.py took 0.062 seconds
[2023-08-24T04:33:23.863+0000] {processor.py:157} INFO - Started process (PID=41874) to work on /usr/local/lib/python3.8/dist-packages/airflow/example_dags/example_skip_dag.py
[2023-08-24T04:33:23.865+0000] {processor.py:829} INFO - Processing file /usr/local/lib/python3.8/dist-packages/airflow/example_dags/example_skip_dag.py for tasks to queue
[2023-08-24T04:33:23.866+0000] {logging_mixin.py:151} INFO - [2023-08-24T04:33:23.866+0000] {dagbag.py:539} INFO - Filling up the DagBag from /usr/local/lib/python3.8/dist-packages/airflow/example_dags/example_skip_dag.py
[2023-08-24T04:33:23.872+0000] {processor.py:839} INFO - DAG(s) dict_keys(['example_skip_dag']) retrieved from /usr/local/lib/python3.8/dist-packages/airflow/example_dags/example_skip_dag.py
[2023-08-24T04:33:23.889+0000] {logging_mixin.py:151} INFO - [2023-08-24T04:33:23.889+0000] {dag.py:2907} INFO - Sync 1 DAGs
[2023-08-24T04:33:23.905+0000] {logging_mixin.py:151} INFO - [2023-08-24T04:33:23.905+0000] {dag.py:3677} INFO - Setting next_dagrun for example_skip_dag to 2023-08-23T04:33:23.905271+00:00, run_after=2023-08-24T04:33:23.905271+00:00
[2023-08-24T04:33:23.923+0000] {processor.py:179} INFO - Processing /usr/local/lib/python3.8/dist-packages/airflow/example_dags/example_skip_dag.py took 0.063 seconds
[2023-08-24T04:34:22.968+0000] {processor.py:157} INFO - Started process (PID=42057) to work on /usr/local/lib/python3.8/dist-packages/airflow/example_dags/example_skip_dag.py
[2023-08-24T04:34:22.971+0000] {processor.py:829} INFO - Processing file /usr/local/lib/python3.8/dist-packages/airflow/example_dags/example_skip_dag.py for tasks to queue
[2023-08-24T04:34:22.972+0000] {logging_mixin.py:151} INFO - [2023-08-24T04:34:22.971+0000] {dagbag.py:539} INFO - Filling up the DagBag from /usr/local/lib/python3.8/dist-packages/airflow/example_dags/example_skip_dag.py
[2023-08-24T04:34:22.978+0000] {processor.py:839} INFO - DAG(s) dict_keys(['example_skip_dag']) retrieved from /usr/local/lib/python3.8/dist-packages/airflow/example_dags/example_skip_dag.py
[2023-08-24T04:34:22.995+0000] {logging_mixin.py:151} INFO - [2023-08-24T04:34:22.995+0000] {dag.py:2907} INFO - Sync 1 DAGs
[2023-08-24T04:34:23.011+0000] {logging_mixin.py:151} INFO - [2023-08-24T04:34:23.010+0000] {dag.py:3677} INFO - Setting next_dagrun for example_skip_dag to 2023-08-23T04:34:23.010611+00:00, run_after=2023-08-24T04:34:23.010611+00:00
[2023-08-24T04:34:23.028+0000] {processor.py:179} INFO - Processing /usr/local/lib/python3.8/dist-packages/airflow/example_dags/example_skip_dag.py took 0.064 seconds
[2023-08-24T04:35:22.999+0000] {processor.py:157} INFO - Started process (PID=42253) to work on /usr/local/lib/python3.8/dist-packages/airflow/example_dags/example_skip_dag.py
[2023-08-24T04:35:23.000+0000] {processor.py:829} INFO - Processing file /usr/local/lib/python3.8/dist-packages/airflow/example_dags/example_skip_dag.py for tasks to queue
[2023-08-24T04:35:23.001+0000] {logging_mixin.py:151} INFO - [2023-08-24T04:35:23.001+0000] {dagbag.py:539} INFO - Filling up the DagBag from /usr/local/lib/python3.8/dist-packages/airflow/example_dags/example_skip_dag.py
[2023-08-24T04:35:23.008+0000] {processor.py:839} INFO - DAG(s) dict_keys(['example_skip_dag']) retrieved from /usr/local/lib/python3.8/dist-packages/airflow/example_dags/example_skip_dag.py
[2023-08-24T04:35:23.025+0000] {logging_mixin.py:151} INFO - [2023-08-24T04:35:23.025+0000] {dag.py:2907} INFO - Sync 1 DAGs
[2023-08-24T04:35:23.041+0000] {logging_mixin.py:151} INFO - [2023-08-24T04:35:23.040+0000] {dag.py:3677} INFO - Setting next_dagrun for example_skip_dag to 2023-08-23T04:35:23.040635+00:00, run_after=2023-08-24T04:35:23.040635+00:00
[2023-08-24T04:35:23.059+0000] {processor.py:179} INFO - Processing /usr/local/lib/python3.8/dist-packages/airflow/example_dags/example_skip_dag.py took 0.064 seconds
[2023-08-24T04:36:21.273+0000] {processor.py:157} INFO - Started process (PID=42449) to work on /usr/local/lib/python3.8/dist-packages/airflow/example_dags/example_skip_dag.py
[2023-08-24T04:36:21.275+0000] {processor.py:829} INFO - Processing file /usr/local/lib/python3.8/dist-packages/airflow/example_dags/example_skip_dag.py for tasks to queue
[2023-08-24T04:36:21.276+0000] {logging_mixin.py:151} INFO - [2023-08-24T04:36:21.275+0000] {dagbag.py:539} INFO - Filling up the DagBag from /usr/local/lib/python3.8/dist-packages/airflow/example_dags/example_skip_dag.py
[2023-08-24T04:36:21.282+0000] {processor.py:839} INFO - DAG(s) dict_keys(['example_skip_dag']) retrieved from /usr/local/lib/python3.8/dist-packages/airflow/example_dags/example_skip_dag.py
[2023-08-24T04:36:21.299+0000] {logging_mixin.py:151} INFO - [2023-08-24T04:36:21.299+0000] {dag.py:2907} INFO - Sync 1 DAGs
[2023-08-24T04:36:21.315+0000] {logging_mixin.py:151} INFO - [2023-08-24T04:36:21.315+0000] {dag.py:3677} INFO - Setting next_dagrun for example_skip_dag to 2023-08-23T04:36:21.315230+00:00, run_after=2023-08-24T04:36:21.315230+00:00
[2023-08-24T04:36:21.333+0000] {processor.py:179} INFO - Processing /usr/local/lib/python3.8/dist-packages/airflow/example_dags/example_skip_dag.py took 0.064 seconds
[2023-08-24T04:37:17.765+0000] {processor.py:157} INFO - Started process (PID=42632) to work on /usr/local/lib/python3.8/dist-packages/airflow/example_dags/example_skip_dag.py
[2023-08-24T04:37:17.766+0000] {processor.py:829} INFO - Processing file /usr/local/lib/python3.8/dist-packages/airflow/example_dags/example_skip_dag.py for tasks to queue
[2023-08-24T04:37:17.767+0000] {logging_mixin.py:151} INFO - [2023-08-24T04:37:17.767+0000] {dagbag.py:539} INFO - Filling up the DagBag from /usr/local/lib/python3.8/dist-packages/airflow/example_dags/example_skip_dag.py
[2023-08-24T04:37:17.774+0000] {processor.py:839} INFO - DAG(s) dict_keys(['example_skip_dag']) retrieved from /usr/local/lib/python3.8/dist-packages/airflow/example_dags/example_skip_dag.py
[2023-08-24T04:37:17.793+0000] {logging_mixin.py:151} INFO - [2023-08-24T04:37:17.793+0000] {dag.py:2907} INFO - Sync 1 DAGs
[2023-08-24T04:37:17.811+0000] {logging_mixin.py:151} INFO - [2023-08-24T04:37:17.811+0000] {dag.py:3677} INFO - Setting next_dagrun for example_skip_dag to 2023-08-23T04:37:17.810786+00:00, run_after=2023-08-24T04:37:17.810786+00:00
[2023-08-24T04:37:17.829+0000] {processor.py:179} INFO - Processing /usr/local/lib/python3.8/dist-packages/airflow/example_dags/example_skip_dag.py took 0.069 seconds
[2023-08-24T04:38:14.275+0000] {processor.py:157} INFO - Started process (PID=42815) to work on /usr/local/lib/python3.8/dist-packages/airflow/example_dags/example_skip_dag.py
[2023-08-24T04:38:14.277+0000] {processor.py:829} INFO - Processing file /usr/local/lib/python3.8/dist-packages/airflow/example_dags/example_skip_dag.py for tasks to queue
[2023-08-24T04:38:14.278+0000] {logging_mixin.py:151} INFO - [2023-08-24T04:38:14.277+0000] {dagbag.py:539} INFO - Filling up the DagBag from /usr/local/lib/python3.8/dist-packages/airflow/example_dags/example_skip_dag.py
[2023-08-24T04:38:14.284+0000] {processor.py:839} INFO - DAG(s) dict_keys(['example_skip_dag']) retrieved from /usr/local/lib/python3.8/dist-packages/airflow/example_dags/example_skip_dag.py
[2023-08-24T04:38:14.301+0000] {logging_mixin.py:151} INFO - [2023-08-24T04:38:14.301+0000] {dag.py:2907} INFO - Sync 1 DAGs
[2023-08-24T04:38:14.316+0000] {logging_mixin.py:151} INFO - [2023-08-24T04:38:14.316+0000] {dag.py:3677} INFO - Setting next_dagrun for example_skip_dag to 2023-08-23T04:38:14.316558+00:00, run_after=2023-08-24T04:38:14.316558+00:00
[2023-08-24T04:38:14.334+0000] {processor.py:179} INFO - Processing /usr/local/lib/python3.8/dist-packages/airflow/example_dags/example_skip_dag.py took 0.062 seconds
[2023-08-24T04:39:14.260+0000] {processor.py:157} INFO - Started process (PID=43000) to work on /usr/local/lib/python3.8/dist-packages/airflow/example_dags/example_skip_dag.py
[2023-08-24T04:39:14.261+0000] {processor.py:829} INFO - Processing file /usr/local/lib/python3.8/dist-packages/airflow/example_dags/example_skip_dag.py for tasks to queue
[2023-08-24T04:39:14.262+0000] {logging_mixin.py:151} INFO - [2023-08-24T04:39:14.262+0000] {dagbag.py:539} INFO - Filling up the DagBag from /usr/local/lib/python3.8/dist-packages/airflow/example_dags/example_skip_dag.py
[2023-08-24T04:39:14.269+0000] {processor.py:839} INFO - DAG(s) dict_keys(['example_skip_dag']) retrieved from /usr/local/lib/python3.8/dist-packages/airflow/example_dags/example_skip_dag.py
[2023-08-24T04:39:14.286+0000] {logging_mixin.py:151} INFO - [2023-08-24T04:39:14.286+0000] {dag.py:2907} INFO - Sync 1 DAGs
[2023-08-24T04:39:14.302+0000] {logging_mixin.py:151} INFO - [2023-08-24T04:39:14.301+0000] {dag.py:3677} INFO - Setting next_dagrun for example_skip_dag to 2023-08-23T04:39:14.301641+00:00, run_after=2023-08-24T04:39:14.301641+00:00
[2023-08-24T04:39:14.319+0000] {processor.py:179} INFO - Processing /usr/local/lib/python3.8/dist-packages/airflow/example_dags/example_skip_dag.py took 0.063 seconds
[2023-08-24T04:40:14.534+0000] {processor.py:157} INFO - Started process (PID=43196) to work on /usr/local/lib/python3.8/dist-packages/airflow/example_dags/example_skip_dag.py
[2023-08-24T04:40:14.536+0000] {processor.py:829} INFO - Processing file /usr/local/lib/python3.8/dist-packages/airflow/example_dags/example_skip_dag.py for tasks to queue
[2023-08-24T04:40:14.537+0000] {logging_mixin.py:151} INFO - [2023-08-24T04:40:14.536+0000] {dagbag.py:539} INFO - Filling up the DagBag from /usr/local/lib/python3.8/dist-packages/airflow/example_dags/example_skip_dag.py
[2023-08-24T04:40:14.543+0000] {processor.py:839} INFO - DAG(s) dict_keys(['example_skip_dag']) retrieved from /usr/local/lib/python3.8/dist-packages/airflow/example_dags/example_skip_dag.py
[2023-08-24T04:40:14.560+0000] {logging_mixin.py:151} INFO - [2023-08-24T04:40:14.560+0000] {dag.py:2907} INFO - Sync 1 DAGs
[2023-08-24T04:40:14.576+0000] {logging_mixin.py:151} INFO - [2023-08-24T04:40:14.576+0000] {dag.py:3677} INFO - Setting next_dagrun for example_skip_dag to 2023-08-23T04:40:14.576386+00:00, run_after=2023-08-24T04:40:14.576386+00:00
[2023-08-24T04:40:14.594+0000] {processor.py:179} INFO - Processing /usr/local/lib/python3.8/dist-packages/airflow/example_dags/example_skip_dag.py took 0.064 seconds
[2023-08-24T04:41:15.216+0000] {processor.py:157} INFO - Started process (PID=43380) to work on /usr/local/lib/python3.8/dist-packages/airflow/example_dags/example_skip_dag.py
[2023-08-24T04:41:15.218+0000] {processor.py:829} INFO - Processing file /usr/local/lib/python3.8/dist-packages/airflow/example_dags/example_skip_dag.py for tasks to queue
[2023-08-24T04:41:15.219+0000] {logging_mixin.py:151} INFO - [2023-08-24T04:41:15.219+0000] {dagbag.py:539} INFO - Filling up the DagBag from /usr/local/lib/python3.8/dist-packages/airflow/example_dags/example_skip_dag.py
[2023-08-24T04:41:15.226+0000] {processor.py:839} INFO - DAG(s) dict_keys(['example_skip_dag']) retrieved from /usr/local/lib/python3.8/dist-packages/airflow/example_dags/example_skip_dag.py
[2023-08-24T04:41:15.243+0000] {logging_mixin.py:151} INFO - [2023-08-24T04:41:15.243+0000] {dag.py:2907} INFO - Sync 1 DAGs
[2023-08-24T04:41:15.259+0000] {logging_mixin.py:151} INFO - [2023-08-24T04:41:15.258+0000] {dag.py:3677} INFO - Setting next_dagrun for example_skip_dag to 2023-08-23T04:41:15.258732+00:00, run_after=2023-08-24T04:41:15.258732+00:00
[2023-08-24T04:41:15.277+0000] {processor.py:179} INFO - Processing /usr/local/lib/python3.8/dist-packages/airflow/example_dags/example_skip_dag.py took 0.065 seconds
[2023-08-24T04:42:15.123+0000] {processor.py:157} INFO - Started process (PID=43564) to work on /usr/local/lib/python3.8/dist-packages/airflow/example_dags/example_skip_dag.py
[2023-08-24T04:42:15.125+0000] {processor.py:829} INFO - Processing file /usr/local/lib/python3.8/dist-packages/airflow/example_dags/example_skip_dag.py for tasks to queue
[2023-08-24T04:42:15.125+0000] {logging_mixin.py:151} INFO - [2023-08-24T04:42:15.125+0000] {dagbag.py:539} INFO - Filling up the DagBag from /usr/local/lib/python3.8/dist-packages/airflow/example_dags/example_skip_dag.py
[2023-08-24T04:42:15.132+0000] {processor.py:839} INFO - DAG(s) dict_keys(['example_skip_dag']) retrieved from /usr/local/lib/python3.8/dist-packages/airflow/example_dags/example_skip_dag.py
[2023-08-24T04:42:15.148+0000] {logging_mixin.py:151} INFO - [2023-08-24T04:42:15.148+0000] {dag.py:2907} INFO - Sync 1 DAGs
[2023-08-24T04:42:15.164+0000] {logging_mixin.py:151} INFO - [2023-08-24T04:42:15.164+0000] {dag.py:3677} INFO - Setting next_dagrun for example_skip_dag to 2023-08-23T04:42:15.163956+00:00, run_after=2023-08-24T04:42:15.163956+00:00
[2023-08-24T04:42:15.181+0000] {processor.py:179} INFO - Processing /usr/local/lib/python3.8/dist-packages/airflow/example_dags/example_skip_dag.py took 0.062 seconds
[2023-08-24T04:43:14.630+0000] {processor.py:157} INFO - Started process (PID=43751) to work on /usr/local/lib/python3.8/dist-packages/airflow/example_dags/example_skip_dag.py
[2023-08-24T04:43:14.631+0000] {processor.py:829} INFO - Processing file /usr/local/lib/python3.8/dist-packages/airflow/example_dags/example_skip_dag.py for tasks to queue
[2023-08-24T04:43:14.632+0000] {logging_mixin.py:151} INFO - [2023-08-24T04:43:14.632+0000] {dagbag.py:539} INFO - Filling up the DagBag from /usr/local/lib/python3.8/dist-packages/airflow/example_dags/example_skip_dag.py
[2023-08-24T04:43:14.638+0000] {processor.py:839} INFO - DAG(s) dict_keys(['example_skip_dag']) retrieved from /usr/local/lib/python3.8/dist-packages/airflow/example_dags/example_skip_dag.py
[2023-08-24T04:43:14.655+0000] {logging_mixin.py:151} INFO - [2023-08-24T04:43:14.655+0000] {dag.py:2907} INFO - Sync 1 DAGs
[2023-08-24T04:43:14.671+0000] {logging_mixin.py:151} INFO - [2023-08-24T04:43:14.671+0000] {dag.py:3677} INFO - Setting next_dagrun for example_skip_dag to 2023-08-23T04:43:14.671313+00:00, run_after=2023-08-24T04:43:14.671313+00:00
[2023-08-24T04:43:14.689+0000] {processor.py:179} INFO - Processing /usr/local/lib/python3.8/dist-packages/airflow/example_dags/example_skip_dag.py took 0.063 seconds
[2023-08-24T04:44:15.396+0000] {processor.py:157} INFO - Started process (PID=43935) to work on /usr/local/lib/python3.8/dist-packages/airflow/example_dags/example_skip_dag.py
[2023-08-24T04:44:15.398+0000] {processor.py:829} INFO - Processing file /usr/local/lib/python3.8/dist-packages/airflow/example_dags/example_skip_dag.py for tasks to queue
[2023-08-24T04:44:15.399+0000] {logging_mixin.py:151} INFO - [2023-08-24T04:44:15.398+0000] {dagbag.py:539} INFO - Filling up the DagBag from /usr/local/lib/python3.8/dist-packages/airflow/example_dags/example_skip_dag.py
[2023-08-24T04:44:15.405+0000] {processor.py:839} INFO - DAG(s) dict_keys(['example_skip_dag']) retrieved from /usr/local/lib/python3.8/dist-packages/airflow/example_dags/example_skip_dag.py
[2023-08-24T04:44:15.422+0000] {logging_mixin.py:151} INFO - [2023-08-24T04:44:15.422+0000] {dag.py:2907} INFO - Sync 1 DAGs
[2023-08-24T04:44:15.438+0000] {logging_mixin.py:151} INFO - [2023-08-24T04:44:15.438+0000] {dag.py:3677} INFO - Setting next_dagrun for example_skip_dag to 2023-08-23T04:44:15.438085+00:00, run_after=2023-08-24T04:44:15.438085+00:00
[2023-08-24T04:44:15.456+0000] {processor.py:179} INFO - Processing /usr/local/lib/python3.8/dist-packages/airflow/example_dags/example_skip_dag.py took 0.064 seconds
[2023-08-24T04:45:16.456+0000] {processor.py:157} INFO - Started process (PID=44120) to work on /usr/local/lib/python3.8/dist-packages/airflow/example_dags/example_skip_dag.py
[2023-08-24T04:45:16.458+0000] {processor.py:829} INFO - Processing file /usr/local/lib/python3.8/dist-packages/airflow/example_dags/example_skip_dag.py for tasks to queue
[2023-08-24T04:45:16.459+0000] {logging_mixin.py:151} INFO - [2023-08-24T04:45:16.458+0000] {dagbag.py:539} INFO - Filling up the DagBag from /usr/local/lib/python3.8/dist-packages/airflow/example_dags/example_skip_dag.py
[2023-08-24T04:45:16.465+0000] {processor.py:839} INFO - DAG(s) dict_keys(['example_skip_dag']) retrieved from /usr/local/lib/python3.8/dist-packages/airflow/example_dags/example_skip_dag.py
[2023-08-24T04:45:16.482+0000] {logging_mixin.py:151} INFO - [2023-08-24T04:45:16.482+0000] {dag.py:2907} INFO - Sync 1 DAGs
[2023-08-24T04:45:16.498+0000] {logging_mixin.py:151} INFO - [2023-08-24T04:45:16.498+0000] {dag.py:3677} INFO - Setting next_dagrun for example_skip_dag to 2023-08-23T04:45:16.497757+00:00, run_after=2023-08-24T04:45:16.497757+00:00
[2023-08-24T04:45:16.516+0000] {processor.py:179} INFO - Processing /usr/local/lib/python3.8/dist-packages/airflow/example_dags/example_skip_dag.py took 0.063 seconds
[2023-08-24T04:46:18.034+0000] {processor.py:157} INFO - Started process (PID=44303) to work on /usr/local/lib/python3.8/dist-packages/airflow/example_dags/example_skip_dag.py
[2023-08-24T04:46:18.036+0000] {processor.py:829} INFO - Processing file /usr/local/lib/python3.8/dist-packages/airflow/example_dags/example_skip_dag.py for tasks to queue
[2023-08-24T04:46:18.037+0000] {logging_mixin.py:151} INFO - [2023-08-24T04:46:18.036+0000] {dagbag.py:539} INFO - Filling up the DagBag from /usr/local/lib/python3.8/dist-packages/airflow/example_dags/example_skip_dag.py
[2023-08-24T04:46:18.044+0000] {processor.py:839} INFO - DAG(s) dict_keys(['example_skip_dag']) retrieved from /usr/local/lib/python3.8/dist-packages/airflow/example_dags/example_skip_dag.py
[2023-08-24T04:46:18.062+0000] {logging_mixin.py:151} INFO - [2023-08-24T04:46:18.061+0000] {dag.py:2907} INFO - Sync 1 DAGs
[2023-08-24T04:46:18.078+0000] {logging_mixin.py:151} INFO - [2023-08-24T04:46:18.078+0000] {dag.py:3677} INFO - Setting next_dagrun for example_skip_dag to 2023-08-23T04:46:18.078016+00:00, run_after=2023-08-24T04:46:18.078016+00:00
[2023-08-24T04:46:18.096+0000] {processor.py:179} INFO - Processing /usr/local/lib/python3.8/dist-packages/airflow/example_dags/example_skip_dag.py took 0.065 seconds
[2023-08-24T04:47:20.882+0000] {processor.py:157} INFO - Started process (PID=44486) to work on /usr/local/lib/python3.8/dist-packages/airflow/example_dags/example_skip_dag.py
[2023-08-24T04:47:20.883+0000] {processor.py:829} INFO - Processing file /usr/local/lib/python3.8/dist-packages/airflow/example_dags/example_skip_dag.py for tasks to queue
[2023-08-24T04:47:20.884+0000] {logging_mixin.py:151} INFO - [2023-08-24T04:47:20.884+0000] {dagbag.py:539} INFO - Filling up the DagBag from /usr/local/lib/python3.8/dist-packages/airflow/example_dags/example_skip_dag.py
[2023-08-24T04:47:20.893+0000] {processor.py:839} INFO - DAG(s) dict_keys(['example_skip_dag']) retrieved from /usr/local/lib/python3.8/dist-packages/airflow/example_dags/example_skip_dag.py
[2023-08-24T04:47:20.910+0000] {logging_mixin.py:151} INFO - [2023-08-24T04:47:20.910+0000] {dag.py:2907} INFO - Sync 1 DAGs
[2023-08-24T04:47:20.925+0000] {logging_mixin.py:151} INFO - [2023-08-24T04:47:20.925+0000] {dag.py:3677} INFO - Setting next_dagrun for example_skip_dag to 2023-08-23T04:47:20.925402+00:00, run_after=2023-08-24T04:47:20.925402+00:00
[2023-08-24T04:47:20.943+0000] {processor.py:179} INFO - Processing /usr/local/lib/python3.8/dist-packages/airflow/example_dags/example_skip_dag.py took 0.064 seconds
[2023-08-24T04:48:21.775+0000] {processor.py:157} INFO - Started process (PID=44670) to work on /usr/local/lib/python3.8/dist-packages/airflow/example_dags/example_skip_dag.py
[2023-08-24T04:48:21.779+0000] {processor.py:829} INFO - Processing file /usr/local/lib/python3.8/dist-packages/airflow/example_dags/example_skip_dag.py for tasks to queue
[2023-08-24T04:48:21.780+0000] {logging_mixin.py:151} INFO - [2023-08-24T04:48:21.779+0000] {dagbag.py:539} INFO - Filling up the DagBag from /usr/local/lib/python3.8/dist-packages/airflow/example_dags/example_skip_dag.py
[2023-08-24T04:48:21.786+0000] {processor.py:839} INFO - DAG(s) dict_keys(['example_skip_dag']) retrieved from /usr/local/lib/python3.8/dist-packages/airflow/example_dags/example_skip_dag.py
[2023-08-24T04:48:21.804+0000] {logging_mixin.py:151} INFO - [2023-08-24T04:48:21.803+0000] {dag.py:2907} INFO - Sync 1 DAGs
[2023-08-24T04:48:21.821+0000] {logging_mixin.py:151} INFO - [2023-08-24T04:48:21.821+0000] {dag.py:3677} INFO - Setting next_dagrun for example_skip_dag to 2023-08-23T04:48:21.820754+00:00, run_after=2023-08-24T04:48:21.820754+00:00
[2023-08-24T04:48:21.839+0000] {processor.py:179} INFO - Processing /usr/local/lib/python3.8/dist-packages/airflow/example_dags/example_skip_dag.py took 0.068 seconds
[2023-08-24T04:49:23.536+0000] {processor.py:157} INFO - Started process (PID=44854) to work on /usr/local/lib/python3.8/dist-packages/airflow/example_dags/example_skip_dag.py
[2023-08-24T04:49:23.538+0000] {processor.py:829} INFO - Processing file /usr/local/lib/python3.8/dist-packages/airflow/example_dags/example_skip_dag.py for tasks to queue
[2023-08-24T04:49:23.539+0000] {logging_mixin.py:151} INFO - [2023-08-24T04:49:23.539+0000] {dagbag.py:539} INFO - Filling up the DagBag from /usr/local/lib/python3.8/dist-packages/airflow/example_dags/example_skip_dag.py
[2023-08-24T04:49:23.547+0000] {processor.py:839} INFO - DAG(s) dict_keys(['example_skip_dag']) retrieved from /usr/local/lib/python3.8/dist-packages/airflow/example_dags/example_skip_dag.py
[2023-08-24T04:49:23.568+0000] {logging_mixin.py:151} INFO - [2023-08-24T04:49:23.568+0000] {dag.py:2907} INFO - Sync 1 DAGs
[2023-08-24T04:49:23.587+0000] {logging_mixin.py:151} INFO - [2023-08-24T04:49:23.586+0000] {dag.py:3677} INFO - Setting next_dagrun for example_skip_dag to 2023-08-23T04:49:23.586542+00:00, run_after=2023-08-24T04:49:23.586542+00:00
[2023-08-24T04:49:23.609+0000] {processor.py:179} INFO - Processing /usr/local/lib/python3.8/dist-packages/airflow/example_dags/example_skip_dag.py took 0.076 seconds
[2023-08-24T04:50:22.952+0000] {processor.py:157} INFO - Started process (PID=45038) to work on /usr/local/lib/python3.8/dist-packages/airflow/example_dags/example_skip_dag.py
[2023-08-24T04:50:22.953+0000] {processor.py:829} INFO - Processing file /usr/local/lib/python3.8/dist-packages/airflow/example_dags/example_skip_dag.py for tasks to queue
[2023-08-24T04:50:22.954+0000] {logging_mixin.py:151} INFO - [2023-08-24T04:50:22.954+0000] {dagbag.py:539} INFO - Filling up the DagBag from /usr/local/lib/python3.8/dist-packages/airflow/example_dags/example_skip_dag.py
[2023-08-24T04:50:22.961+0000] {processor.py:839} INFO - DAG(s) dict_keys(['example_skip_dag']) retrieved from /usr/local/lib/python3.8/dist-packages/airflow/example_dags/example_skip_dag.py
[2023-08-24T04:50:22.978+0000] {logging_mixin.py:151} INFO - [2023-08-24T04:50:22.978+0000] {dag.py:2907} INFO - Sync 1 DAGs
[2023-08-24T04:50:22.993+0000] {logging_mixin.py:151} INFO - [2023-08-24T04:50:22.993+0000] {dag.py:3677} INFO - Setting next_dagrun for example_skip_dag to 2023-08-23T04:50:22.993584+00:00, run_after=2023-08-24T04:50:22.993584+00:00
[2023-08-24T04:50:23.011+0000] {processor.py:179} INFO - Processing /usr/local/lib/python3.8/dist-packages/airflow/example_dags/example_skip_dag.py took 0.063 seconds
[2023-08-24T04:51:21.378+0000] {processor.py:157} INFO - Started process (PID=45220) to work on /usr/local/lib/python3.8/dist-packages/airflow/example_dags/example_skip_dag.py
[2023-08-24T04:51:21.380+0000] {processor.py:829} INFO - Processing file /usr/local/lib/python3.8/dist-packages/airflow/example_dags/example_skip_dag.py for tasks to queue
[2023-08-24T04:51:21.380+0000] {logging_mixin.py:151} INFO - [2023-08-24T04:51:21.380+0000] {dagbag.py:539} INFO - Filling up the DagBag from /usr/local/lib/python3.8/dist-packages/airflow/example_dags/example_skip_dag.py
[2023-08-24T04:51:21.387+0000] {processor.py:839} INFO - DAG(s) dict_keys(['example_skip_dag']) retrieved from /usr/local/lib/python3.8/dist-packages/airflow/example_dags/example_skip_dag.py
[2023-08-24T04:51:21.404+0000] {logging_mixin.py:151} INFO - [2023-08-24T04:51:21.404+0000] {dag.py:2907} INFO - Sync 1 DAGs
[2023-08-24T04:51:21.420+0000] {logging_mixin.py:151} INFO - [2023-08-24T04:51:21.420+0000] {dag.py:3677} INFO - Setting next_dagrun for example_skip_dag to 2023-08-23T04:51:21.420055+00:00, run_after=2023-08-24T04:51:21.420055+00:00
[2023-08-24T04:51:21.438+0000] {processor.py:179} INFO - Processing /usr/local/lib/python3.8/dist-packages/airflow/example_dags/example_skip_dag.py took 0.063 seconds
[2023-08-24T04:52:23.590+0000] {processor.py:157} INFO - Started process (PID=45403) to work on /usr/local/lib/python3.8/dist-packages/airflow/example_dags/example_skip_dag.py
[2023-08-24T04:52:23.591+0000] {processor.py:829} INFO - Processing file /usr/local/lib/python3.8/dist-packages/airflow/example_dags/example_skip_dag.py for tasks to queue
[2023-08-24T04:52:23.592+0000] {logging_mixin.py:151} INFO - [2023-08-24T04:52:23.592+0000] {dagbag.py:539} INFO - Filling up the DagBag from /usr/local/lib/python3.8/dist-packages/airflow/example_dags/example_skip_dag.py
[2023-08-24T04:52:23.599+0000] {processor.py:839} INFO - DAG(s) dict_keys(['example_skip_dag']) retrieved from /usr/local/lib/python3.8/dist-packages/airflow/example_dags/example_skip_dag.py
[2023-08-24T04:52:23.616+0000] {logging_mixin.py:151} INFO - [2023-08-24T04:52:23.616+0000] {dag.py:2907} INFO - Sync 1 DAGs
[2023-08-24T04:52:23.632+0000] {logging_mixin.py:151} INFO - [2023-08-24T04:52:23.632+0000] {dag.py:3677} INFO - Setting next_dagrun for example_skip_dag to 2023-08-23T04:52:23.631747+00:00, run_after=2023-08-24T04:52:23.631747+00:00
[2023-08-24T04:52:23.649+0000] {processor.py:179} INFO - Processing /usr/local/lib/python3.8/dist-packages/airflow/example_dags/example_skip_dag.py took 0.063 seconds
[2023-08-24T04:53:26.095+0000] {processor.py:157} INFO - Started process (PID=45592) to work on /usr/local/lib/python3.8/dist-packages/airflow/example_dags/example_skip_dag.py
[2023-08-24T04:53:26.098+0000] {processor.py:829} INFO - Processing file /usr/local/lib/python3.8/dist-packages/airflow/example_dags/example_skip_dag.py for tasks to queue
[2023-08-24T04:53:26.099+0000] {logging_mixin.py:151} INFO - [2023-08-24T04:53:26.098+0000] {dagbag.py:539} INFO - Filling up the DagBag from /usr/local/lib/python3.8/dist-packages/airflow/example_dags/example_skip_dag.py
[2023-08-24T04:53:26.105+0000] {processor.py:839} INFO - DAG(s) dict_keys(['example_skip_dag']) retrieved from /usr/local/lib/python3.8/dist-packages/airflow/example_dags/example_skip_dag.py
[2023-08-24T04:53:26.122+0000] {logging_mixin.py:151} INFO - [2023-08-24T04:53:26.121+0000] {dag.py:2907} INFO - Sync 1 DAGs
[2023-08-24T04:53:26.137+0000] {logging_mixin.py:151} INFO - [2023-08-24T04:53:26.137+0000] {dag.py:3677} INFO - Setting next_dagrun for example_skip_dag to 2023-08-23T04:53:26.137587+00:00, run_after=2023-08-24T04:53:26.137587+00:00
[2023-08-24T04:53:26.155+0000] {processor.py:179} INFO - Processing /usr/local/lib/python3.8/dist-packages/airflow/example_dags/example_skip_dag.py took 0.064 seconds
[2023-08-24T04:54:26.396+0000] {processor.py:157} INFO - Started process (PID=45775) to work on /usr/local/lib/python3.8/dist-packages/airflow/example_dags/example_skip_dag.py
[2023-08-24T04:54:26.398+0000] {processor.py:829} INFO - Processing file /usr/local/lib/python3.8/dist-packages/airflow/example_dags/example_skip_dag.py for tasks to queue
[2023-08-24T04:54:26.399+0000] {logging_mixin.py:151} INFO - [2023-08-24T04:54:26.398+0000] {dagbag.py:539} INFO - Filling up the DagBag from /usr/local/lib/python3.8/dist-packages/airflow/example_dags/example_skip_dag.py
[2023-08-24T04:54:26.405+0000] {processor.py:839} INFO - DAG(s) dict_keys(['example_skip_dag']) retrieved from /usr/local/lib/python3.8/dist-packages/airflow/example_dags/example_skip_dag.py
[2023-08-24T04:54:26.423+0000] {logging_mixin.py:151} INFO - [2023-08-24T04:54:26.422+0000] {dag.py:2907} INFO - Sync 1 DAGs
[2023-08-24T04:54:26.439+0000] {logging_mixin.py:151} INFO - [2023-08-24T04:54:26.439+0000] {dag.py:3677} INFO - Setting next_dagrun for example_skip_dag to 2023-08-23T04:54:26.439358+00:00, run_after=2023-08-24T04:54:26.439358+00:00
[2023-08-24T04:54:26.460+0000] {processor.py:179} INFO - Processing /usr/local/lib/python3.8/dist-packages/airflow/example_dags/example_skip_dag.py took 0.067 seconds
[2023-08-24T04:55:26.869+0000] {processor.py:157} INFO - Started process (PID=45958) to work on /usr/local/lib/python3.8/dist-packages/airflow/example_dags/example_skip_dag.py
[2023-08-24T04:55:26.871+0000] {processor.py:829} INFO - Processing file /usr/local/lib/python3.8/dist-packages/airflow/example_dags/example_skip_dag.py for tasks to queue
[2023-08-24T04:55:26.871+0000] {logging_mixin.py:151} INFO - [2023-08-24T04:55:26.871+0000] {dagbag.py:539} INFO - Filling up the DagBag from /usr/local/lib/python3.8/dist-packages/airflow/example_dags/example_skip_dag.py
[2023-08-24T04:55:26.878+0000] {processor.py:839} INFO - DAG(s) dict_keys(['example_skip_dag']) retrieved from /usr/local/lib/python3.8/dist-packages/airflow/example_dags/example_skip_dag.py
[2023-08-24T04:55:26.895+0000] {logging_mixin.py:151} INFO - [2023-08-24T04:55:26.895+0000] {dag.py:2907} INFO - Sync 1 DAGs
[2023-08-24T04:55:26.912+0000] {logging_mixin.py:151} INFO - [2023-08-24T04:55:26.912+0000] {dag.py:3677} INFO - Setting next_dagrun for example_skip_dag to 2023-08-23T04:55:26.911878+00:00, run_after=2023-08-24T04:55:26.911878+00:00
[2023-08-24T04:55:26.930+0000] {processor.py:179} INFO - Processing /usr/local/lib/python3.8/dist-packages/airflow/example_dags/example_skip_dag.py took 0.065 seconds
[2023-08-24T04:56:31.353+0000] {processor.py:157} INFO - Started process (PID=46146) to work on /usr/local/lib/python3.8/dist-packages/airflow/example_dags/example_skip_dag.py
[2023-08-24T04:56:31.354+0000] {processor.py:829} INFO - Processing file /usr/local/lib/python3.8/dist-packages/airflow/example_dags/example_skip_dag.py for tasks to queue
[2023-08-24T04:56:31.355+0000] {logging_mixin.py:151} INFO - [2023-08-24T04:56:31.355+0000] {dagbag.py:539} INFO - Filling up the DagBag from /usr/local/lib/python3.8/dist-packages/airflow/example_dags/example_skip_dag.py
[2023-08-24T04:56:31.362+0000] {processor.py:839} INFO - DAG(s) dict_keys(['example_skip_dag']) retrieved from /usr/local/lib/python3.8/dist-packages/airflow/example_dags/example_skip_dag.py
[2023-08-24T04:56:31.380+0000] {logging_mixin.py:151} INFO - [2023-08-24T04:56:31.379+0000] {dag.py:2907} INFO - Sync 1 DAGs
[2023-08-24T04:56:31.397+0000] {logging_mixin.py:151} INFO - [2023-08-24T04:56:31.396+0000] {dag.py:3677} INFO - Setting next_dagrun for example_skip_dag to 2023-08-23T04:56:31.396547+00:00, run_after=2023-08-24T04:56:31.396547+00:00
[2023-08-24T04:56:31.415+0000] {processor.py:179} INFO - Processing /usr/local/lib/python3.8/dist-packages/airflow/example_dags/example_skip_dag.py took 0.066 seconds
[2023-08-24T04:57:34.638+0000] {processor.py:157} INFO - Started process (PID=46342) to work on /usr/local/lib/python3.8/dist-packages/airflow/example_dags/example_skip_dag.py
[2023-08-24T04:57:34.640+0000] {processor.py:829} INFO - Processing file /usr/local/lib/python3.8/dist-packages/airflow/example_dags/example_skip_dag.py for tasks to queue
[2023-08-24T04:57:34.641+0000] {logging_mixin.py:151} INFO - [2023-08-24T04:57:34.640+0000] {dagbag.py:539} INFO - Filling up the DagBag from /usr/local/lib/python3.8/dist-packages/airflow/example_dags/example_skip_dag.py
[2023-08-24T04:57:34.647+0000] {processor.py:839} INFO - DAG(s) dict_keys(['example_skip_dag']) retrieved from /usr/local/lib/python3.8/dist-packages/airflow/example_dags/example_skip_dag.py
[2023-08-24T04:57:34.664+0000] {logging_mixin.py:151} INFO - [2023-08-24T04:57:34.664+0000] {dag.py:2907} INFO - Sync 1 DAGs
[2023-08-24T04:57:34.787+0000] {logging_mixin.py:151} INFO - [2023-08-24T04:57:34.787+0000] {dag.py:3677} INFO - Setting next_dagrun for example_skip_dag to 2023-08-23T04:57:34.787420+00:00, run_after=2023-08-24T04:57:34.787420+00:00
[2023-08-24T04:57:34.804+0000] {processor.py:179} INFO - Processing /usr/local/lib/python3.8/dist-packages/airflow/example_dags/example_skip_dag.py took 0.169 seconds
[2023-08-24T04:58:36.854+0000] {processor.py:157} INFO - Started process (PID=46526) to work on /usr/local/lib/python3.8/dist-packages/airflow/example_dags/example_skip_dag.py
[2023-08-24T04:58:36.856+0000] {processor.py:829} INFO - Processing file /usr/local/lib/python3.8/dist-packages/airflow/example_dags/example_skip_dag.py for tasks to queue
[2023-08-24T04:58:36.857+0000] {logging_mixin.py:151} INFO - [2023-08-24T04:58:36.856+0000] {dagbag.py:539} INFO - Filling up the DagBag from /usr/local/lib/python3.8/dist-packages/airflow/example_dags/example_skip_dag.py
[2023-08-24T04:58:36.863+0000] {processor.py:839} INFO - DAG(s) dict_keys(['example_skip_dag']) retrieved from /usr/local/lib/python3.8/dist-packages/airflow/example_dags/example_skip_dag.py
[2023-08-24T04:58:36.880+0000] {logging_mixin.py:151} INFO - [2023-08-24T04:58:36.880+0000] {dag.py:2907} INFO - Sync 1 DAGs
[2023-08-24T04:58:36.896+0000] {logging_mixin.py:151} INFO - [2023-08-24T04:58:36.896+0000] {dag.py:3677} INFO - Setting next_dagrun for example_skip_dag to 2023-08-23T04:58:36.895778+00:00, run_after=2023-08-24T04:58:36.895778+00:00
[2023-08-24T04:58:36.913+0000] {processor.py:179} INFO - Processing /usr/local/lib/python3.8/dist-packages/airflow/example_dags/example_skip_dag.py took 0.062 seconds
[2023-08-24T04:59:41.201+0000] {processor.py:157} INFO - Started process (PID=46709) to work on /usr/local/lib/python3.8/dist-packages/airflow/example_dags/example_skip_dag.py
[2023-08-24T04:59:41.202+0000] {processor.py:829} INFO - Processing file /usr/local/lib/python3.8/dist-packages/airflow/example_dags/example_skip_dag.py for tasks to queue
[2023-08-24T04:59:41.203+0000] {logging_mixin.py:151} INFO - [2023-08-24T04:59:41.203+0000] {dagbag.py:539} INFO - Filling up the DagBag from /usr/local/lib/python3.8/dist-packages/airflow/example_dags/example_skip_dag.py
[2023-08-24T04:59:41.210+0000] {processor.py:839} INFO - DAG(s) dict_keys(['example_skip_dag']) retrieved from /usr/local/lib/python3.8/dist-packages/airflow/example_dags/example_skip_dag.py
[2023-08-24T04:59:41.228+0000] {logging_mixin.py:151} INFO - [2023-08-24T04:59:41.227+0000] {dag.py:2907} INFO - Sync 1 DAGs
[2023-08-24T04:59:41.244+0000] {logging_mixin.py:151} INFO - [2023-08-24T04:59:41.244+0000] {dag.py:3677} INFO - Setting next_dagrun for example_skip_dag to 2023-08-23T04:59:41.244124+00:00, run_after=2023-08-24T04:59:41.244124+00:00
[2023-08-24T04:59:41.262+0000] {processor.py:179} INFO - Processing /usr/local/lib/python3.8/dist-packages/airflow/example_dags/example_skip_dag.py took 0.065 seconds
[2023-08-24T05:00:41.422+0000] {processor.py:157} INFO - Started process (PID=46893) to work on /usr/local/lib/python3.8/dist-packages/airflow/example_dags/example_skip_dag.py
[2023-08-24T05:00:41.423+0000] {processor.py:829} INFO - Processing file /usr/local/lib/python3.8/dist-packages/airflow/example_dags/example_skip_dag.py for tasks to queue
[2023-08-24T05:00:41.424+0000] {logging_mixin.py:151} INFO - [2023-08-24T05:00:41.424+0000] {dagbag.py:539} INFO - Filling up the DagBag from /usr/local/lib/python3.8/dist-packages/airflow/example_dags/example_skip_dag.py
[2023-08-24T05:00:41.432+0000] {processor.py:839} INFO - DAG(s) dict_keys(['example_skip_dag']) retrieved from /usr/local/lib/python3.8/dist-packages/airflow/example_dags/example_skip_dag.py
[2023-08-24T05:00:41.451+0000] {logging_mixin.py:151} INFO - [2023-08-24T05:00:41.451+0000] {dag.py:2907} INFO - Sync 1 DAGs
[2023-08-24T05:00:41.469+0000] {logging_mixin.py:151} INFO - [2023-08-24T05:00:41.469+0000] {dag.py:3677} INFO - Setting next_dagrun for example_skip_dag to 2023-08-23T05:00:41.469223+00:00, run_after=2023-08-24T05:00:41.469223+00:00
[2023-08-24T05:00:41.487+0000] {processor.py:179} INFO - Processing /usr/local/lib/python3.8/dist-packages/airflow/example_dags/example_skip_dag.py took 0.069 seconds
[2023-08-24T05:01:41.663+0000] {processor.py:157} INFO - Started process (PID=47090) to work on /usr/local/lib/python3.8/dist-packages/airflow/example_dags/example_skip_dag.py
[2023-08-24T05:01:41.665+0000] {processor.py:829} INFO - Processing file /usr/local/lib/python3.8/dist-packages/airflow/example_dags/example_skip_dag.py for tasks to queue
[2023-08-24T05:01:41.666+0000] {logging_mixin.py:151} INFO - [2023-08-24T05:01:41.665+0000] {dagbag.py:539} INFO - Filling up the DagBag from /usr/local/lib/python3.8/dist-packages/airflow/example_dags/example_skip_dag.py
[2023-08-24T05:01:41.672+0000] {processor.py:839} INFO - DAG(s) dict_keys(['example_skip_dag']) retrieved from /usr/local/lib/python3.8/dist-packages/airflow/example_dags/example_skip_dag.py
[2023-08-24T05:01:41.689+0000] {logging_mixin.py:151} INFO - [2023-08-24T05:01:41.689+0000] {dag.py:2907} INFO - Sync 1 DAGs
[2023-08-24T05:01:41.705+0000] {logging_mixin.py:151} INFO - [2023-08-24T05:01:41.705+0000] {dag.py:3677} INFO - Setting next_dagrun for example_skip_dag to 2023-08-23T05:01:41.705407+00:00, run_after=2023-08-24T05:01:41.705407+00:00
[2023-08-24T05:01:41.723+0000] {processor.py:179} INFO - Processing /usr/local/lib/python3.8/dist-packages/airflow/example_dags/example_skip_dag.py took 0.063 seconds
[2023-08-24T05:02:41.249+0000] {processor.py:157} INFO - Started process (PID=47276) to work on /usr/local/lib/python3.8/dist-packages/airflow/example_dags/example_skip_dag.py
[2023-08-24T05:02:41.250+0000] {processor.py:829} INFO - Processing file /usr/local/lib/python3.8/dist-packages/airflow/example_dags/example_skip_dag.py for tasks to queue
[2023-08-24T05:02:41.251+0000] {logging_mixin.py:151} INFO - [2023-08-24T05:02:41.251+0000] {dagbag.py:539} INFO - Filling up the DagBag from /usr/local/lib/python3.8/dist-packages/airflow/example_dags/example_skip_dag.py
[2023-08-24T05:02:41.258+0000] {processor.py:839} INFO - DAG(s) dict_keys(['example_skip_dag']) retrieved from /usr/local/lib/python3.8/dist-packages/airflow/example_dags/example_skip_dag.py
[2023-08-24T05:02:41.275+0000] {logging_mixin.py:151} INFO - [2023-08-24T05:02:41.275+0000] {dag.py:2907} INFO - Sync 1 DAGs
[2023-08-24T05:02:41.292+0000] {logging_mixin.py:151} INFO - [2023-08-24T05:02:41.292+0000] {dag.py:3677} INFO - Setting next_dagrun for example_skip_dag to 2023-08-23T05:02:41.291921+00:00, run_after=2023-08-24T05:02:41.291921+00:00
[2023-08-24T05:02:41.310+0000] {processor.py:179} INFO - Processing /usr/local/lib/python3.8/dist-packages/airflow/example_dags/example_skip_dag.py took 0.065 seconds
[2023-08-24T05:03:42.056+0000] {processor.py:157} INFO - Started process (PID=47465) to work on /usr/local/lib/python3.8/dist-packages/airflow/example_dags/example_skip_dag.py
[2023-08-24T05:03:42.058+0000] {processor.py:829} INFO - Processing file /usr/local/lib/python3.8/dist-packages/airflow/example_dags/example_skip_dag.py for tasks to queue
[2023-08-24T05:03:42.059+0000] {logging_mixin.py:151} INFO - [2023-08-24T05:03:42.058+0000] {dagbag.py:539} INFO - Filling up the DagBag from /usr/local/lib/python3.8/dist-packages/airflow/example_dags/example_skip_dag.py
[2023-08-24T05:03:42.065+0000] {processor.py:839} INFO - DAG(s) dict_keys(['example_skip_dag']) retrieved from /usr/local/lib/python3.8/dist-packages/airflow/example_dags/example_skip_dag.py
[2023-08-24T05:03:42.083+0000] {logging_mixin.py:151} INFO - [2023-08-24T05:03:42.082+0000] {dag.py:2907} INFO - Sync 1 DAGs
[2023-08-24T05:03:42.099+0000] {logging_mixin.py:151} INFO - [2023-08-24T05:03:42.099+0000] {dag.py:3677} INFO - Setting next_dagrun for example_skip_dag to 2023-08-23T05:03:42.099078+00:00, run_after=2023-08-24T05:03:42.099078+00:00
[2023-08-24T05:03:42.117+0000] {processor.py:179} INFO - Processing /usr/local/lib/python3.8/dist-packages/airflow/example_dags/example_skip_dag.py took 0.065 seconds
[2023-08-24T05:04:39.919+0000] {processor.py:157} INFO - Started process (PID=47647) to work on /usr/local/lib/python3.8/dist-packages/airflow/example_dags/example_skip_dag.py
[2023-08-24T05:04:39.923+0000] {processor.py:829} INFO - Processing file /usr/local/lib/python3.8/dist-packages/airflow/example_dags/example_skip_dag.py for tasks to queue
[2023-08-24T05:04:39.924+0000] {logging_mixin.py:151} INFO - [2023-08-24T05:04:39.923+0000] {dagbag.py:539} INFO - Filling up the DagBag from /usr/local/lib/python3.8/dist-packages/airflow/example_dags/example_skip_dag.py
[2023-08-24T05:04:39.930+0000] {processor.py:839} INFO - DAG(s) dict_keys(['example_skip_dag']) retrieved from /usr/local/lib/python3.8/dist-packages/airflow/example_dags/example_skip_dag.py
[2023-08-24T05:04:39.948+0000] {logging_mixin.py:151} INFO - [2023-08-24T05:04:39.947+0000] {dag.py:2907} INFO - Sync 1 DAGs
[2023-08-24T05:04:39.963+0000] {logging_mixin.py:151} INFO - [2023-08-24T05:04:39.963+0000] {dag.py:3677} INFO - Setting next_dagrun for example_skip_dag to 2023-08-23T05:04:39.963544+00:00, run_after=2023-08-24T05:04:39.963544+00:00
[2023-08-24T05:04:39.981+0000] {processor.py:179} INFO - Processing /usr/local/lib/python3.8/dist-packages/airflow/example_dags/example_skip_dag.py took 0.066 seconds
[2023-08-24T05:05:40.043+0000] {processor.py:157} INFO - Started process (PID=47843) to work on /usr/local/lib/python3.8/dist-packages/airflow/example_dags/example_skip_dag.py
[2023-08-24T05:05:40.044+0000] {processor.py:829} INFO - Processing file /usr/local/lib/python3.8/dist-packages/airflow/example_dags/example_skip_dag.py for tasks to queue
[2023-08-24T05:05:40.045+0000] {logging_mixin.py:151} INFO - [2023-08-24T05:05:40.045+0000] {dagbag.py:539} INFO - Filling up the DagBag from /usr/local/lib/python3.8/dist-packages/airflow/example_dags/example_skip_dag.py
[2023-08-24T05:05:40.052+0000] {processor.py:839} INFO - DAG(s) dict_keys(['example_skip_dag']) retrieved from /usr/local/lib/python3.8/dist-packages/airflow/example_dags/example_skip_dag.py
[2023-08-24T05:05:40.069+0000] {logging_mixin.py:151} INFO - [2023-08-24T05:05:40.069+0000] {dag.py:2907} INFO - Sync 1 DAGs
[2023-08-24T05:05:40.085+0000] {logging_mixin.py:151} INFO - [2023-08-24T05:05:40.085+0000] {dag.py:3677} INFO - Setting next_dagrun for example_skip_dag to 2023-08-23T05:05:40.084996+00:00, run_after=2023-08-24T05:05:40.084996+00:00
[2023-08-24T05:05:40.102+0000] {processor.py:179} INFO - Processing /usr/local/lib/python3.8/dist-packages/airflow/example_dags/example_skip_dag.py took 0.062 seconds
[2023-08-24T05:06:37.796+0000] {processor.py:157} INFO - Started process (PID=48039) to work on /usr/local/lib/python3.8/dist-packages/airflow/example_dags/example_skip_dag.py
[2023-08-24T05:06:37.798+0000] {processor.py:829} INFO - Processing file /usr/local/lib/python3.8/dist-packages/airflow/example_dags/example_skip_dag.py for tasks to queue
[2023-08-24T05:06:37.799+0000] {logging_mixin.py:151} INFO - [2023-08-24T05:06:37.798+0000] {dagbag.py:539} INFO - Filling up the DagBag from /usr/local/lib/python3.8/dist-packages/airflow/example_dags/example_skip_dag.py
[2023-08-24T05:06:37.808+0000] {processor.py:839} INFO - DAG(s) dict_keys(['example_skip_dag']) retrieved from /usr/local/lib/python3.8/dist-packages/airflow/example_dags/example_skip_dag.py
[2023-08-24T05:06:37.828+0000] {logging_mixin.py:151} INFO - [2023-08-24T05:06:37.828+0000] {dag.py:2907} INFO - Sync 1 DAGs
[2023-08-24T05:06:37.847+0000] {logging_mixin.py:151} INFO - [2023-08-24T05:06:37.846+0000] {dag.py:3677} INFO - Setting next_dagrun for example_skip_dag to 2023-08-23T05:06:37.846663+00:00, run_after=2023-08-24T05:06:37.846663+00:00
[2023-08-24T05:06:37.864+0000] {processor.py:179} INFO - Processing /usr/local/lib/python3.8/dist-packages/airflow/example_dags/example_skip_dag.py took 0.073 seconds
[2023-08-24T05:07:35.947+0000] {processor.py:157} INFO - Started process (PID=48225) to work on /usr/local/lib/python3.8/dist-packages/airflow/example_dags/example_skip_dag.py
[2023-08-24T05:07:35.948+0000] {processor.py:829} INFO - Processing file /usr/local/lib/python3.8/dist-packages/airflow/example_dags/example_skip_dag.py for tasks to queue
[2023-08-24T05:07:35.949+0000] {logging_mixin.py:151} INFO - [2023-08-24T05:07:35.949+0000] {dagbag.py:539} INFO - Filling up the DagBag from /usr/local/lib/python3.8/dist-packages/airflow/example_dags/example_skip_dag.py
[2023-08-24T05:07:35.956+0000] {processor.py:839} INFO - DAG(s) dict_keys(['example_skip_dag']) retrieved from /usr/local/lib/python3.8/dist-packages/airflow/example_dags/example_skip_dag.py
[2023-08-24T05:07:35.974+0000] {logging_mixin.py:151} INFO - [2023-08-24T05:07:35.974+0000] {dag.py:2907} INFO - Sync 1 DAGs
[2023-08-24T05:07:35.990+0000] {logging_mixin.py:151} INFO - [2023-08-24T05:07:35.990+0000] {dag.py:3677} INFO - Setting next_dagrun for example_skip_dag to 2023-08-23T05:07:35.990331+00:00, run_after=2023-08-24T05:07:35.990331+00:00
[2023-08-24T05:07:36.008+0000] {processor.py:179} INFO - Processing /usr/local/lib/python3.8/dist-packages/airflow/example_dags/example_skip_dag.py took 0.066 seconds
[2023-08-24T05:08:36.165+0000] {processor.py:157} INFO - Started process (PID=48409) to work on /usr/local/lib/python3.8/dist-packages/airflow/example_dags/example_skip_dag.py
[2023-08-24T05:08:36.167+0000] {processor.py:829} INFO - Processing file /usr/local/lib/python3.8/dist-packages/airflow/example_dags/example_skip_dag.py for tasks to queue
[2023-08-24T05:08:36.168+0000] {logging_mixin.py:151} INFO - [2023-08-24T05:08:36.167+0000] {dagbag.py:539} INFO - Filling up the DagBag from /usr/local/lib/python3.8/dist-packages/airflow/example_dags/example_skip_dag.py
[2023-08-24T05:08:36.174+0000] {processor.py:839} INFO - DAG(s) dict_keys(['example_skip_dag']) retrieved from /usr/local/lib/python3.8/dist-packages/airflow/example_dags/example_skip_dag.py
[2023-08-24T05:08:36.192+0000] {logging_mixin.py:151} INFO - [2023-08-24T05:08:36.191+0000] {dag.py:2907} INFO - Sync 1 DAGs
[2023-08-24T05:08:36.208+0000] {logging_mixin.py:151} INFO - [2023-08-24T05:08:36.208+0000] {dag.py:3677} INFO - Setting next_dagrun for example_skip_dag to 2023-08-23T05:08:36.208123+00:00, run_after=2023-08-24T05:08:36.208123+00:00
[2023-08-24T05:08:36.226+0000] {processor.py:179} INFO - Processing /usr/local/lib/python3.8/dist-packages/airflow/example_dags/example_skip_dag.py took 0.065 seconds
[2023-08-24T05:09:36.037+0000] {processor.py:157} INFO - Started process (PID=48605) to work on /usr/local/lib/python3.8/dist-packages/airflow/example_dags/example_skip_dag.py
[2023-08-24T05:09:36.039+0000] {processor.py:829} INFO - Processing file /usr/local/lib/python3.8/dist-packages/airflow/example_dags/example_skip_dag.py for tasks to queue
[2023-08-24T05:09:36.040+0000] {logging_mixin.py:151} INFO - [2023-08-24T05:09:36.039+0000] {dagbag.py:539} INFO - Filling up the DagBag from /usr/local/lib/python3.8/dist-packages/airflow/example_dags/example_skip_dag.py
[2023-08-24T05:09:36.046+0000] {processor.py:839} INFO - DAG(s) dict_keys(['example_skip_dag']) retrieved from /usr/local/lib/python3.8/dist-packages/airflow/example_dags/example_skip_dag.py
[2023-08-24T05:09:36.065+0000] {logging_mixin.py:151} INFO - [2023-08-24T05:09:36.065+0000] {dag.py:2907} INFO - Sync 1 DAGs
[2023-08-24T05:09:36.083+0000] {logging_mixin.py:151} INFO - [2023-08-24T05:09:36.082+0000] {dag.py:3677} INFO - Setting next_dagrun for example_skip_dag to 2023-08-23T05:09:36.082725+00:00, run_after=2023-08-24T05:09:36.082725+00:00
[2023-08-24T05:09:36.102+0000] {processor.py:179} INFO - Processing /usr/local/lib/python3.8/dist-packages/airflow/example_dags/example_skip_dag.py took 0.068 seconds
[2023-08-24T05:10:33.707+0000] {processor.py:157} INFO - Started process (PID=48786) to work on /usr/local/lib/python3.8/dist-packages/airflow/example_dags/example_skip_dag.py
[2023-08-24T05:10:33.708+0000] {processor.py:829} INFO - Processing file /usr/local/lib/python3.8/dist-packages/airflow/example_dags/example_skip_dag.py for tasks to queue
[2023-08-24T05:10:33.709+0000] {logging_mixin.py:151} INFO - [2023-08-24T05:10:33.709+0000] {dagbag.py:539} INFO - Filling up the DagBag from /usr/local/lib/python3.8/dist-packages/airflow/example_dags/example_skip_dag.py
[2023-08-24T05:10:33.716+0000] {processor.py:839} INFO - DAG(s) dict_keys(['example_skip_dag']) retrieved from /usr/local/lib/python3.8/dist-packages/airflow/example_dags/example_skip_dag.py
[2023-08-24T05:10:33.733+0000] {logging_mixin.py:151} INFO - [2023-08-24T05:10:33.733+0000] {dag.py:2907} INFO - Sync 1 DAGs
[2023-08-24T05:10:33.750+0000] {logging_mixin.py:151} INFO - [2023-08-24T05:10:33.749+0000] {dag.py:3677} INFO - Setting next_dagrun for example_skip_dag to 2023-08-23T05:10:33.749675+00:00, run_after=2023-08-24T05:10:33.749675+00:00
[2023-08-24T05:10:33.768+0000] {processor.py:179} INFO - Processing /usr/local/lib/python3.8/dist-packages/airflow/example_dags/example_skip_dag.py took 0.065 seconds
[2023-08-24T05:11:49.666+0000] {processor.py:157} INFO - Started process (PID=48942) to work on /usr/local/lib/python3.8/dist-packages/airflow/example_dags/example_skip_dag.py
[2023-08-24T05:11:49.669+0000] {processor.py:829} INFO - Processing file /usr/local/lib/python3.8/dist-packages/airflow/example_dags/example_skip_dag.py for tasks to queue
[2023-08-24T05:11:49.670+0000] {logging_mixin.py:151} INFO - [2023-08-24T05:11:49.669+0000] {dagbag.py:539} INFO - Filling up the DagBag from /usr/local/lib/python3.8/dist-packages/airflow/example_dags/example_skip_dag.py
[2023-08-24T05:11:49.676+0000] {processor.py:839} INFO - DAG(s) dict_keys(['example_skip_dag']) retrieved from /usr/local/lib/python3.8/dist-packages/airflow/example_dags/example_skip_dag.py
[2023-08-24T05:11:49.694+0000] {logging_mixin.py:151} INFO - [2023-08-24T05:11:49.694+0000] {dag.py:2907} INFO - Sync 1 DAGs
[2023-08-24T05:11:49.710+0000] {logging_mixin.py:151} INFO - [2023-08-24T05:11:49.710+0000] {dag.py:3677} INFO - Setting next_dagrun for example_skip_dag to 2023-08-23T05:11:49.709973+00:00, run_after=2023-08-24T05:11:49.709973+00:00
[2023-08-24T05:11:49.727+0000] {processor.py:179} INFO - Processing /usr/local/lib/python3.8/dist-packages/airflow/example_dags/example_skip_dag.py took 0.065 seconds
[2023-08-24T05:12:52.363+0000] {processor.py:157} INFO - Started process (PID=49139) to work on /usr/local/lib/python3.8/dist-packages/airflow/example_dags/example_skip_dag.py
[2023-08-24T05:12:52.366+0000] {processor.py:829} INFO - Processing file /usr/local/lib/python3.8/dist-packages/airflow/example_dags/example_skip_dag.py for tasks to queue
[2023-08-24T05:12:52.367+0000] {logging_mixin.py:151} INFO - [2023-08-24T05:12:52.367+0000] {dagbag.py:539} INFO - Filling up the DagBag from /usr/local/lib/python3.8/dist-packages/airflow/example_dags/example_skip_dag.py
[2023-08-24T05:12:52.374+0000] {processor.py:839} INFO - DAG(s) dict_keys(['example_skip_dag']) retrieved from /usr/local/lib/python3.8/dist-packages/airflow/example_dags/example_skip_dag.py
[2023-08-24T05:12:52.395+0000] {logging_mixin.py:151} INFO - [2023-08-24T05:12:52.395+0000] {dag.py:2907} INFO - Sync 1 DAGs
[2023-08-24T05:12:52.414+0000] {logging_mixin.py:151} INFO - [2023-08-24T05:12:52.414+0000] {dag.py:3677} INFO - Setting next_dagrun for example_skip_dag to 2023-08-23T05:12:52.413735+00:00, run_after=2023-08-24T05:12:52.413735+00:00
[2023-08-24T05:12:52.432+0000] {processor.py:179} INFO - Processing /usr/local/lib/python3.8/dist-packages/airflow/example_dags/example_skip_dag.py took 0.073 seconds
[2023-08-24T05:13:51.495+0000] {processor.py:157} INFO - Started process (PID=49343) to work on /usr/local/lib/python3.8/dist-packages/airflow/example_dags/example_skip_dag.py
[2023-08-24T05:13:51.496+0000] {processor.py:829} INFO - Processing file /usr/local/lib/python3.8/dist-packages/airflow/example_dags/example_skip_dag.py for tasks to queue
[2023-08-24T05:13:51.497+0000] {logging_mixin.py:151} INFO - [2023-08-24T05:13:51.497+0000] {dagbag.py:539} INFO - Filling up the DagBag from /usr/local/lib/python3.8/dist-packages/airflow/example_dags/example_skip_dag.py
[2023-08-24T05:13:51.504+0000] {processor.py:839} INFO - DAG(s) dict_keys(['example_skip_dag']) retrieved from /usr/local/lib/python3.8/dist-packages/airflow/example_dags/example_skip_dag.py
[2023-08-24T05:13:51.521+0000] {logging_mixin.py:151} INFO - [2023-08-24T05:13:51.521+0000] {dag.py:2907} INFO - Sync 1 DAGs
[2023-08-24T05:13:51.538+0000] {logging_mixin.py:151} INFO - [2023-08-24T05:13:51.538+0000] {dag.py:3677} INFO - Setting next_dagrun for example_skip_dag to 2023-08-23T05:13:51.538175+00:00, run_after=2023-08-24T05:13:51.538175+00:00
[2023-08-24T05:13:51.556+0000] {processor.py:179} INFO - Processing /usr/local/lib/python3.8/dist-packages/airflow/example_dags/example_skip_dag.py took 0.065 seconds
