[2023-08-24T04:22:07.163+0000] {processor.py:157} INFO - Started process (PID=37607) to work on /usr/local/lib/python3.8/dist-packages/airflow/example_dags/example_params_ui_tutorial.py
[2023-08-24T04:22:07.164+0000] {processor.py:829} INFO - Processing file /usr/local/lib/python3.8/dist-packages/airflow/example_dags/example_params_ui_tutorial.py for tasks to queue
[2023-08-24T04:22:07.164+0000] {logging_mixin.py:151} INFO - [2023-08-24T04:22:07.164+0000] {dagbag.py:539} INFO - Filling up the DagBag from /usr/local/lib/python3.8/dist-packages/airflow/example_dags/example_params_ui_tutorial.py
[2023-08-24T04:22:07.193+0000] {processor.py:839} INFO - DAG(s) dict_keys(['example_params_ui_tutorial']) retrieved from /usr/local/lib/python3.8/dist-packages/airflow/example_dags/example_params_ui_tutorial.py
[2023-08-24T04:22:07.304+0000] {logging_mixin.py:151} INFO - [2023-08-24T04:22:07.304+0000] {dag.py:2907} INFO - Sync 1 DAGs
[2023-08-24T04:22:07.312+0000] {logging_mixin.py:151} INFO - [2023-08-24T04:22:07.312+0000] {dag.py:3677} INFO - Setting next_dagrun for example_params_ui_tutorial to None, run_after=None
[2023-08-24T04:22:07.340+0000] {processor.py:179} INFO - Processing /usr/local/lib/python3.8/dist-packages/airflow/example_dags/example_params_ui_tutorial.py took 0.180 seconds
[2023-08-24T04:31:21.390+0000] {processor.py:157} INFO - Started process (PID=41482) to work on /usr/local/lib/python3.8/dist-packages/airflow/example_dags/example_params_ui_tutorial.py
[2023-08-24T04:31:21.391+0000] {processor.py:829} INFO - Processing file /usr/local/lib/python3.8/dist-packages/airflow/example_dags/example_params_ui_tutorial.py for tasks to queue
[2023-08-24T04:31:21.392+0000] {logging_mixin.py:151} INFO - [2023-08-24T04:31:21.392+0000] {dagbag.py:539} INFO - Filling up the DagBag from /usr/local/lib/python3.8/dist-packages/airflow/example_dags/example_params_ui_tutorial.py
[2023-08-24T04:31:21.422+0000] {processor.py:839} INFO - DAG(s) dict_keys(['example_params_ui_tutorial']) retrieved from /usr/local/lib/python3.8/dist-packages/airflow/example_dags/example_params_ui_tutorial.py
[2023-08-24T04:31:21.466+0000] {logging_mixin.py:151} INFO - [2023-08-24T04:31:21.465+0000] {dag.py:2907} INFO - Sync 1 DAGs
[2023-08-24T04:31:21.476+0000] {logging_mixin.py:151} INFO - [2023-08-24T04:31:21.476+0000] {dag.py:3677} INFO - Setting next_dagrun for example_params_ui_tutorial to None, run_after=None
[2023-08-24T04:31:21.496+0000] {processor.py:179} INFO - Processing /usr/local/lib/python3.8/dist-packages/airflow/example_dags/example_params_ui_tutorial.py took 0.109 seconds
[2023-08-24T04:32:22.270+0000] {processor.py:157} INFO - Started process (PID=41680) to work on /usr/local/lib/python3.8/dist-packages/airflow/example_dags/example_params_ui_tutorial.py
[2023-08-24T04:32:22.277+0000] {processor.py:829} INFO - Processing file /usr/local/lib/python3.8/dist-packages/airflow/example_dags/example_params_ui_tutorial.py for tasks to queue
[2023-08-24T04:32:22.278+0000] {logging_mixin.py:151} INFO - [2023-08-24T04:32:22.277+0000] {dagbag.py:539} INFO - Filling up the DagBag from /usr/local/lib/python3.8/dist-packages/airflow/example_dags/example_params_ui_tutorial.py
[2023-08-24T04:32:22.306+0000] {processor.py:839} INFO - DAG(s) dict_keys(['example_params_ui_tutorial']) retrieved from /usr/local/lib/python3.8/dist-packages/airflow/example_dags/example_params_ui_tutorial.py
[2023-08-24T04:32:22.346+0000] {logging_mixin.py:151} INFO - [2023-08-24T04:32:22.346+0000] {dag.py:2907} INFO - Sync 1 DAGs
[2023-08-24T04:32:22.357+0000] {logging_mixin.py:151} INFO - [2023-08-24T04:32:22.356+0000] {dag.py:3677} INFO - Setting next_dagrun for example_params_ui_tutorial to None, run_after=None
[2023-08-24T04:32:22.375+0000] {processor.py:179} INFO - Processing /usr/local/lib/python3.8/dist-packages/airflow/example_dags/example_params_ui_tutorial.py took 0.109 seconds
[2023-08-24T04:33:21.001+0000] {processor.py:157} INFO - Started process (PID=41871) to work on /usr/local/lib/python3.8/dist-packages/airflow/example_dags/example_params_ui_tutorial.py
[2023-08-24T04:33:21.003+0000] {processor.py:829} INFO - Processing file /usr/local/lib/python3.8/dist-packages/airflow/example_dags/example_params_ui_tutorial.py for tasks to queue
[2023-08-24T04:33:21.004+0000] {logging_mixin.py:151} INFO - [2023-08-24T04:33:21.004+0000] {dagbag.py:539} INFO - Filling up the DagBag from /usr/local/lib/python3.8/dist-packages/airflow/example_dags/example_params_ui_tutorial.py
[2023-08-24T04:33:21.033+0000] {processor.py:839} INFO - DAG(s) dict_keys(['example_params_ui_tutorial']) retrieved from /usr/local/lib/python3.8/dist-packages/airflow/example_dags/example_params_ui_tutorial.py
[2023-08-24T04:33:21.073+0000] {logging_mixin.py:151} INFO - [2023-08-24T04:33:21.072+0000] {dag.py:2907} INFO - Sync 1 DAGs
[2023-08-24T04:33:21.083+0000] {logging_mixin.py:151} INFO - [2023-08-24T04:33:21.083+0000] {dag.py:3677} INFO - Setting next_dagrun for example_params_ui_tutorial to None, run_after=None
[2023-08-24T04:33:21.100+0000] {processor.py:179} INFO - Processing /usr/local/lib/python3.8/dist-packages/airflow/example_dags/example_params_ui_tutorial.py took 0.103 seconds
[2023-08-24T04:34:20.105+0000] {processor.py:157} INFO - Started process (PID=42054) to work on /usr/local/lib/python3.8/dist-packages/airflow/example_dags/example_params_ui_tutorial.py
[2023-08-24T04:34:20.108+0000] {processor.py:829} INFO - Processing file /usr/local/lib/python3.8/dist-packages/airflow/example_dags/example_params_ui_tutorial.py for tasks to queue
[2023-08-24T04:34:20.109+0000] {logging_mixin.py:151} INFO - [2023-08-24T04:34:20.109+0000] {dagbag.py:539} INFO - Filling up the DagBag from /usr/local/lib/python3.8/dist-packages/airflow/example_dags/example_params_ui_tutorial.py
[2023-08-24T04:34:20.138+0000] {processor.py:839} INFO - DAG(s) dict_keys(['example_params_ui_tutorial']) retrieved from /usr/local/lib/python3.8/dist-packages/airflow/example_dags/example_params_ui_tutorial.py
[2023-08-24T04:34:20.179+0000] {logging_mixin.py:151} INFO - [2023-08-24T04:34:20.179+0000] {dag.py:2907} INFO - Sync 1 DAGs
[2023-08-24T04:34:20.190+0000] {logging_mixin.py:151} INFO - [2023-08-24T04:34:20.189+0000] {dag.py:3677} INFO - Setting next_dagrun for example_params_ui_tutorial to None, run_after=None
[2023-08-24T04:34:20.208+0000] {processor.py:179} INFO - Processing /usr/local/lib/python3.8/dist-packages/airflow/example_dags/example_params_ui_tutorial.py took 0.107 seconds
[2023-08-24T04:35:20.429+0000] {processor.py:157} INFO - Started process (PID=42250) to work on /usr/local/lib/python3.8/dist-packages/airflow/example_dags/example_params_ui_tutorial.py
[2023-08-24T04:35:20.434+0000] {processor.py:829} INFO - Processing file /usr/local/lib/python3.8/dist-packages/airflow/example_dags/example_params_ui_tutorial.py for tasks to queue
[2023-08-24T04:35:20.434+0000] {logging_mixin.py:151} INFO - [2023-08-24T04:35:20.434+0000] {dagbag.py:539} INFO - Filling up the DagBag from /usr/local/lib/python3.8/dist-packages/airflow/example_dags/example_params_ui_tutorial.py
[2023-08-24T04:35:20.463+0000] {processor.py:839} INFO - DAG(s) dict_keys(['example_params_ui_tutorial']) retrieved from /usr/local/lib/python3.8/dist-packages/airflow/example_dags/example_params_ui_tutorial.py
[2023-08-24T04:35:20.504+0000] {logging_mixin.py:151} INFO - [2023-08-24T04:35:20.504+0000] {dag.py:2907} INFO - Sync 1 DAGs
[2023-08-24T04:35:20.515+0000] {logging_mixin.py:151} INFO - [2023-08-24T04:35:20.514+0000] {dag.py:3677} INFO - Setting next_dagrun for example_params_ui_tutorial to None, run_after=None
[2023-08-24T04:35:20.533+0000] {processor.py:179} INFO - Processing /usr/local/lib/python3.8/dist-packages/airflow/example_dags/example_params_ui_tutorial.py took 0.108 seconds
[2023-08-24T04:36:18.705+0000] {processor.py:157} INFO - Started process (PID=42446) to work on /usr/local/lib/python3.8/dist-packages/airflow/example_dags/example_params_ui_tutorial.py
[2023-08-24T04:36:18.707+0000] {processor.py:829} INFO - Processing file /usr/local/lib/python3.8/dist-packages/airflow/example_dags/example_params_ui_tutorial.py for tasks to queue
[2023-08-24T04:36:18.708+0000] {logging_mixin.py:151} INFO - [2023-08-24T04:36:18.708+0000] {dagbag.py:539} INFO - Filling up the DagBag from /usr/local/lib/python3.8/dist-packages/airflow/example_dags/example_params_ui_tutorial.py
[2023-08-24T04:36:18.737+0000] {processor.py:839} INFO - DAG(s) dict_keys(['example_params_ui_tutorial']) retrieved from /usr/local/lib/python3.8/dist-packages/airflow/example_dags/example_params_ui_tutorial.py
[2023-08-24T04:36:18.778+0000] {logging_mixin.py:151} INFO - [2023-08-24T04:36:18.778+0000] {dag.py:2907} INFO - Sync 1 DAGs
[2023-08-24T04:36:18.788+0000] {logging_mixin.py:151} INFO - [2023-08-24T04:36:18.788+0000] {dag.py:3677} INFO - Setting next_dagrun for example_params_ui_tutorial to None, run_after=None
[2023-08-24T04:36:18.806+0000] {processor.py:179} INFO - Processing /usr/local/lib/python3.8/dist-packages/airflow/example_dags/example_params_ui_tutorial.py took 0.105 seconds
[2023-08-24T04:37:15.193+0000] {processor.py:157} INFO - Started process (PID=42629) to work on /usr/local/lib/python3.8/dist-packages/airflow/example_dags/example_params_ui_tutorial.py
[2023-08-24T04:37:15.194+0000] {processor.py:829} INFO - Processing file /usr/local/lib/python3.8/dist-packages/airflow/example_dags/example_params_ui_tutorial.py for tasks to queue
[2023-08-24T04:37:15.195+0000] {logging_mixin.py:151} INFO - [2023-08-24T04:37:15.195+0000] {dagbag.py:539} INFO - Filling up the DagBag from /usr/local/lib/python3.8/dist-packages/airflow/example_dags/example_params_ui_tutorial.py
[2023-08-24T04:37:15.223+0000] {processor.py:839} INFO - DAG(s) dict_keys(['example_params_ui_tutorial']) retrieved from /usr/local/lib/python3.8/dist-packages/airflow/example_dags/example_params_ui_tutorial.py
[2023-08-24T04:37:15.264+0000] {logging_mixin.py:151} INFO - [2023-08-24T04:37:15.264+0000] {dag.py:2907} INFO - Sync 1 DAGs
[2023-08-24T04:37:15.274+0000] {logging_mixin.py:151} INFO - [2023-08-24T04:37:15.274+0000] {dag.py:3677} INFO - Setting next_dagrun for example_params_ui_tutorial to None, run_after=None
[2023-08-24T04:37:15.292+0000] {processor.py:179} INFO - Processing /usr/local/lib/python3.8/dist-packages/airflow/example_dags/example_params_ui_tutorial.py took 0.103 seconds
[2023-08-24T04:38:10.762+0000] {processor.py:157} INFO - Started process (PID=42812) to work on /usr/local/lib/python3.8/dist-packages/airflow/example_dags/example_params_ui_tutorial.py
[2023-08-24T04:38:10.765+0000] {processor.py:829} INFO - Processing file /usr/local/lib/python3.8/dist-packages/airflow/example_dags/example_params_ui_tutorial.py for tasks to queue
[2023-08-24T04:38:10.766+0000] {logging_mixin.py:151} INFO - [2023-08-24T04:38:10.766+0000] {dagbag.py:539} INFO - Filling up the DagBag from /usr/local/lib/python3.8/dist-packages/airflow/example_dags/example_params_ui_tutorial.py
[2023-08-24T04:38:10.794+0000] {processor.py:839} INFO - DAG(s) dict_keys(['example_params_ui_tutorial']) retrieved from /usr/local/lib/python3.8/dist-packages/airflow/example_dags/example_params_ui_tutorial.py
[2023-08-24T04:38:10.834+0000] {logging_mixin.py:151} INFO - [2023-08-24T04:38:10.834+0000] {dag.py:2907} INFO - Sync 1 DAGs
[2023-08-24T04:38:10.845+0000] {logging_mixin.py:151} INFO - [2023-08-24T04:38:10.845+0000] {dag.py:3677} INFO - Setting next_dagrun for example_params_ui_tutorial to None, run_after=None
[2023-08-24T04:38:10.863+0000] {processor.py:179} INFO - Processing /usr/local/lib/python3.8/dist-packages/airflow/example_dags/example_params_ui_tutorial.py took 0.104 seconds
[2023-08-24T04:39:12.834+0000] {processor.py:157} INFO - Started process (PID=42997) to work on /usr/local/lib/python3.8/dist-packages/airflow/example_dags/example_params_ui_tutorial.py
[2023-08-24T04:39:12.835+0000] {processor.py:829} INFO - Processing file /usr/local/lib/python3.8/dist-packages/airflow/example_dags/example_params_ui_tutorial.py for tasks to queue
[2023-08-24T04:39:12.836+0000] {logging_mixin.py:151} INFO - [2023-08-24T04:39:12.836+0000] {dagbag.py:539} INFO - Filling up the DagBag from /usr/local/lib/python3.8/dist-packages/airflow/example_dags/example_params_ui_tutorial.py
[2023-08-24T04:39:12.865+0000] {processor.py:839} INFO - DAG(s) dict_keys(['example_params_ui_tutorial']) retrieved from /usr/local/lib/python3.8/dist-packages/airflow/example_dags/example_params_ui_tutorial.py
[2023-08-24T04:39:12.905+0000] {logging_mixin.py:151} INFO - [2023-08-24T04:39:12.905+0000] {dag.py:2907} INFO - Sync 1 DAGs
[2023-08-24T04:39:12.915+0000] {logging_mixin.py:151} INFO - [2023-08-24T04:39:12.915+0000] {dag.py:3677} INFO - Setting next_dagrun for example_params_ui_tutorial to None, run_after=None
[2023-08-24T04:39:12.933+0000] {processor.py:179} INFO - Processing /usr/local/lib/python3.8/dist-packages/airflow/example_dags/example_params_ui_tutorial.py took 0.103 seconds
[2023-08-24T04:40:13.109+0000] {processor.py:157} INFO - Started process (PID=43193) to work on /usr/local/lib/python3.8/dist-packages/airflow/example_dags/example_params_ui_tutorial.py
[2023-08-24T04:40:13.112+0000] {processor.py:829} INFO - Processing file /usr/local/lib/python3.8/dist-packages/airflow/example_dags/example_params_ui_tutorial.py for tasks to queue
[2023-08-24T04:40:13.113+0000] {logging_mixin.py:151} INFO - [2023-08-24T04:40:13.112+0000] {dagbag.py:539} INFO - Filling up the DagBag from /usr/local/lib/python3.8/dist-packages/airflow/example_dags/example_params_ui_tutorial.py
[2023-08-24T04:40:13.142+0000] {processor.py:839} INFO - DAG(s) dict_keys(['example_params_ui_tutorial']) retrieved from /usr/local/lib/python3.8/dist-packages/airflow/example_dags/example_params_ui_tutorial.py
[2023-08-24T04:40:13.183+0000] {logging_mixin.py:151} INFO - [2023-08-24T04:40:13.183+0000] {dag.py:2907} INFO - Sync 1 DAGs
[2023-08-24T04:40:13.194+0000] {logging_mixin.py:151} INFO - [2023-08-24T04:40:13.194+0000] {dag.py:3677} INFO - Setting next_dagrun for example_params_ui_tutorial to None, run_after=None
[2023-08-24T04:40:13.212+0000] {processor.py:179} INFO - Processing /usr/local/lib/python3.8/dist-packages/airflow/example_dags/example_params_ui_tutorial.py took 0.107 seconds
[2023-08-24T04:41:13.793+0000] {processor.py:157} INFO - Started process (PID=43377) to work on /usr/local/lib/python3.8/dist-packages/airflow/example_dags/example_params_ui_tutorial.py
[2023-08-24T04:41:13.796+0000] {processor.py:829} INFO - Processing file /usr/local/lib/python3.8/dist-packages/airflow/example_dags/example_params_ui_tutorial.py for tasks to queue
[2023-08-24T04:41:13.797+0000] {logging_mixin.py:151} INFO - [2023-08-24T04:41:13.797+0000] {dagbag.py:539} INFO - Filling up the DagBag from /usr/local/lib/python3.8/dist-packages/airflow/example_dags/example_params_ui_tutorial.py
[2023-08-24T04:41:13.825+0000] {processor.py:839} INFO - DAG(s) dict_keys(['example_params_ui_tutorial']) retrieved from /usr/local/lib/python3.8/dist-packages/airflow/example_dags/example_params_ui_tutorial.py
[2023-08-24T04:41:13.866+0000] {logging_mixin.py:151} INFO - [2023-08-24T04:41:13.865+0000] {dag.py:2907} INFO - Sync 1 DAGs
[2023-08-24T04:41:13.876+0000] {logging_mixin.py:151} INFO - [2023-08-24T04:41:13.876+0000] {dag.py:3677} INFO - Setting next_dagrun for example_params_ui_tutorial to None, run_after=None
[2023-08-24T04:41:13.893+0000] {processor.py:179} INFO - Processing /usr/local/lib/python3.8/dist-packages/airflow/example_dags/example_params_ui_tutorial.py took 0.104 seconds
[2023-08-24T04:42:12.950+0000] {processor.py:157} INFO - Started process (PID=43561) to work on /usr/local/lib/python3.8/dist-packages/airflow/example_dags/example_params_ui_tutorial.py
[2023-08-24T04:42:12.952+0000] {processor.py:829} INFO - Processing file /usr/local/lib/python3.8/dist-packages/airflow/example_dags/example_params_ui_tutorial.py for tasks to queue
[2023-08-24T04:42:12.953+0000] {logging_mixin.py:151} INFO - [2023-08-24T04:42:12.952+0000] {dagbag.py:539} INFO - Filling up the DagBag from /usr/local/lib/python3.8/dist-packages/airflow/example_dags/example_params_ui_tutorial.py
[2023-08-24T04:42:12.981+0000] {processor.py:839} INFO - DAG(s) dict_keys(['example_params_ui_tutorial']) retrieved from /usr/local/lib/python3.8/dist-packages/airflow/example_dags/example_params_ui_tutorial.py
[2023-08-24T04:42:13.021+0000] {logging_mixin.py:151} INFO - [2023-08-24T04:42:13.021+0000] {dag.py:2907} INFO - Sync 1 DAGs
[2023-08-24T04:42:13.031+0000] {logging_mixin.py:151} INFO - [2023-08-24T04:42:13.031+0000] {dag.py:3677} INFO - Setting next_dagrun for example_params_ui_tutorial to None, run_after=None
[2023-08-24T04:42:13.049+0000] {processor.py:179} INFO - Processing /usr/local/lib/python3.8/dist-packages/airflow/example_dags/example_params_ui_tutorial.py took 0.102 seconds
[2023-08-24T04:43:12.212+0000] {processor.py:157} INFO - Started process (PID=43748) to work on /usr/local/lib/python3.8/dist-packages/airflow/example_dags/example_params_ui_tutorial.py
[2023-08-24T04:43:12.214+0000] {processor.py:829} INFO - Processing file /usr/local/lib/python3.8/dist-packages/airflow/example_dags/example_params_ui_tutorial.py for tasks to queue
[2023-08-24T04:43:12.215+0000] {logging_mixin.py:151} INFO - [2023-08-24T04:43:12.215+0000] {dagbag.py:539} INFO - Filling up the DagBag from /usr/local/lib/python3.8/dist-packages/airflow/example_dags/example_params_ui_tutorial.py
[2023-08-24T04:43:12.243+0000] {processor.py:839} INFO - DAG(s) dict_keys(['example_params_ui_tutorial']) retrieved from /usr/local/lib/python3.8/dist-packages/airflow/example_dags/example_params_ui_tutorial.py
[2023-08-24T04:43:12.284+0000] {logging_mixin.py:151} INFO - [2023-08-24T04:43:12.283+0000] {dag.py:2907} INFO - Sync 1 DAGs
[2023-08-24T04:43:12.294+0000] {logging_mixin.py:151} INFO - [2023-08-24T04:43:12.294+0000] {dag.py:3677} INFO - Setting next_dagrun for example_params_ui_tutorial to None, run_after=None
[2023-08-24T04:43:12.312+0000] {processor.py:179} INFO - Processing /usr/local/lib/python3.8/dist-packages/airflow/example_dags/example_params_ui_tutorial.py took 0.103 seconds
[2023-08-24T04:44:12.977+0000] {processor.py:157} INFO - Started process (PID=43932) to work on /usr/local/lib/python3.8/dist-packages/airflow/example_dags/example_params_ui_tutorial.py
[2023-08-24T04:44:12.981+0000] {processor.py:829} INFO - Processing file /usr/local/lib/python3.8/dist-packages/airflow/example_dags/example_params_ui_tutorial.py for tasks to queue
[2023-08-24T04:44:12.981+0000] {logging_mixin.py:151} INFO - [2023-08-24T04:44:12.981+0000] {dagbag.py:539} INFO - Filling up the DagBag from /usr/local/lib/python3.8/dist-packages/airflow/example_dags/example_params_ui_tutorial.py
[2023-08-24T04:44:13.010+0000] {processor.py:839} INFO - DAG(s) dict_keys(['example_params_ui_tutorial']) retrieved from /usr/local/lib/python3.8/dist-packages/airflow/example_dags/example_params_ui_tutorial.py
[2023-08-24T04:44:13.050+0000] {logging_mixin.py:151} INFO - [2023-08-24T04:44:13.050+0000] {dag.py:2907} INFO - Sync 1 DAGs
[2023-08-24T04:44:13.061+0000] {logging_mixin.py:151} INFO - [2023-08-24T04:44:13.060+0000] {dag.py:3677} INFO - Setting next_dagrun for example_params_ui_tutorial to None, run_after=None
[2023-08-24T04:44:13.079+0000] {processor.py:179} INFO - Processing /usr/local/lib/python3.8/dist-packages/airflow/example_dags/example_params_ui_tutorial.py took 0.105 seconds
[2023-08-24T04:45:14.040+0000] {processor.py:157} INFO - Started process (PID=44117) to work on /usr/local/lib/python3.8/dist-packages/airflow/example_dags/example_params_ui_tutorial.py
[2023-08-24T04:45:14.041+0000] {processor.py:829} INFO - Processing file /usr/local/lib/python3.8/dist-packages/airflow/example_dags/example_params_ui_tutorial.py for tasks to queue
[2023-08-24T04:45:14.042+0000] {logging_mixin.py:151} INFO - [2023-08-24T04:45:14.042+0000] {dagbag.py:539} INFO - Filling up the DagBag from /usr/local/lib/python3.8/dist-packages/airflow/example_dags/example_params_ui_tutorial.py
[2023-08-24T04:45:14.071+0000] {processor.py:839} INFO - DAG(s) dict_keys(['example_params_ui_tutorial']) retrieved from /usr/local/lib/python3.8/dist-packages/airflow/example_dags/example_params_ui_tutorial.py
[2023-08-24T04:45:14.111+0000] {logging_mixin.py:151} INFO - [2023-08-24T04:45:14.110+0000] {dag.py:2907} INFO - Sync 1 DAGs
[2023-08-24T04:45:14.121+0000] {logging_mixin.py:151} INFO - [2023-08-24T04:45:14.121+0000] {dag.py:3677} INFO - Setting next_dagrun for example_params_ui_tutorial to None, run_after=None
[2023-08-24T04:45:14.140+0000] {processor.py:179} INFO - Processing /usr/local/lib/python3.8/dist-packages/airflow/example_dags/example_params_ui_tutorial.py took 0.103 seconds
[2023-08-24T04:46:15.619+0000] {processor.py:157} INFO - Started process (PID=44300) to work on /usr/local/lib/python3.8/dist-packages/airflow/example_dags/example_params_ui_tutorial.py
[2023-08-24T04:46:15.620+0000] {processor.py:829} INFO - Processing file /usr/local/lib/python3.8/dist-packages/airflow/example_dags/example_params_ui_tutorial.py for tasks to queue
[2023-08-24T04:46:15.621+0000] {logging_mixin.py:151} INFO - [2023-08-24T04:46:15.621+0000] {dagbag.py:539} INFO - Filling up the DagBag from /usr/local/lib/python3.8/dist-packages/airflow/example_dags/example_params_ui_tutorial.py
[2023-08-24T04:46:15.650+0000] {processor.py:839} INFO - DAG(s) dict_keys(['example_params_ui_tutorial']) retrieved from /usr/local/lib/python3.8/dist-packages/airflow/example_dags/example_params_ui_tutorial.py
[2023-08-24T04:46:15.694+0000] {logging_mixin.py:151} INFO - [2023-08-24T04:46:15.694+0000] {dag.py:2907} INFO - Sync 1 DAGs
[2023-08-24T04:46:15.706+0000] {logging_mixin.py:151} INFO - [2023-08-24T04:46:15.706+0000] {dag.py:3677} INFO - Setting next_dagrun for example_params_ui_tutorial to None, run_after=None
[2023-08-24T04:46:15.727+0000] {processor.py:179} INFO - Processing /usr/local/lib/python3.8/dist-packages/airflow/example_dags/example_params_ui_tutorial.py took 0.111 seconds
[2023-08-24T04:47:18.314+0000] {processor.py:157} INFO - Started process (PID=44483) to work on /usr/local/lib/python3.8/dist-packages/airflow/example_dags/example_params_ui_tutorial.py
[2023-08-24T04:47:18.316+0000] {processor.py:829} INFO - Processing file /usr/local/lib/python3.8/dist-packages/airflow/example_dags/example_params_ui_tutorial.py for tasks to queue
[2023-08-24T04:47:18.317+0000] {logging_mixin.py:151} INFO - [2023-08-24T04:47:18.317+0000] {dagbag.py:539} INFO - Filling up the DagBag from /usr/local/lib/python3.8/dist-packages/airflow/example_dags/example_params_ui_tutorial.py
[2023-08-24T04:47:18.348+0000] {processor.py:839} INFO - DAG(s) dict_keys(['example_params_ui_tutorial']) retrieved from /usr/local/lib/python3.8/dist-packages/airflow/example_dags/example_params_ui_tutorial.py
[2023-08-24T04:47:18.391+0000] {logging_mixin.py:151} INFO - [2023-08-24T04:47:18.391+0000] {dag.py:2907} INFO - Sync 1 DAGs
[2023-08-24T04:47:18.402+0000] {logging_mixin.py:151} INFO - [2023-08-24T04:47:18.402+0000] {dag.py:3677} INFO - Setting next_dagrun for example_params_ui_tutorial to None, run_after=None
[2023-08-24T04:47:18.420+0000] {processor.py:179} INFO - Processing /usr/local/lib/python3.8/dist-packages/airflow/example_dags/example_params_ui_tutorial.py took 0.109 seconds
[2023-08-24T04:48:18.348+0000] {processor.py:157} INFO - Started process (PID=44667) to work on /usr/local/lib/python3.8/dist-packages/airflow/example_dags/example_params_ui_tutorial.py
[2023-08-24T04:48:18.350+0000] {processor.py:829} INFO - Processing file /usr/local/lib/python3.8/dist-packages/airflow/example_dags/example_params_ui_tutorial.py for tasks to queue
[2023-08-24T04:48:18.351+0000] {logging_mixin.py:151} INFO - [2023-08-24T04:48:18.350+0000] {dagbag.py:539} INFO - Filling up the DagBag from /usr/local/lib/python3.8/dist-packages/airflow/example_dags/example_params_ui_tutorial.py
[2023-08-24T04:48:18.383+0000] {processor.py:839} INFO - DAG(s) dict_keys(['example_params_ui_tutorial']) retrieved from /usr/local/lib/python3.8/dist-packages/airflow/example_dags/example_params_ui_tutorial.py
[2023-08-24T04:48:18.426+0000] {logging_mixin.py:151} INFO - [2023-08-24T04:48:18.425+0000] {dag.py:2907} INFO - Sync 1 DAGs
[2023-08-24T04:48:18.437+0000] {logging_mixin.py:151} INFO - [2023-08-24T04:48:18.437+0000] {dag.py:3677} INFO - Setting next_dagrun for example_params_ui_tutorial to None, run_after=None
[2023-08-24T04:48:18.457+0000] {processor.py:179} INFO - Processing /usr/local/lib/python3.8/dist-packages/airflow/example_dags/example_params_ui_tutorial.py took 0.112 seconds
[2023-08-24T04:49:22.112+0000] {processor.py:157} INFO - Started process (PID=44851) to work on /usr/local/lib/python3.8/dist-packages/airflow/example_dags/example_params_ui_tutorial.py
[2023-08-24T04:49:22.113+0000] {processor.py:829} INFO - Processing file /usr/local/lib/python3.8/dist-packages/airflow/example_dags/example_params_ui_tutorial.py for tasks to queue
[2023-08-24T04:49:22.115+0000] {logging_mixin.py:151} INFO - [2023-08-24T04:49:22.114+0000] {dagbag.py:539} INFO - Filling up the DagBag from /usr/local/lib/python3.8/dist-packages/airflow/example_dags/example_params_ui_tutorial.py
[2023-08-24T04:49:22.146+0000] {processor.py:839} INFO - DAG(s) dict_keys(['example_params_ui_tutorial']) retrieved from /usr/local/lib/python3.8/dist-packages/airflow/example_dags/example_params_ui_tutorial.py
[2023-08-24T04:49:22.191+0000] {logging_mixin.py:151} INFO - [2023-08-24T04:49:22.191+0000] {dag.py:2907} INFO - Sync 1 DAGs
[2023-08-24T04:49:22.203+0000] {logging_mixin.py:151} INFO - [2023-08-24T04:49:22.203+0000] {dag.py:3677} INFO - Setting next_dagrun for example_params_ui_tutorial to None, run_after=None
[2023-08-24T04:49:22.223+0000] {processor.py:179} INFO - Processing /usr/local/lib/python3.8/dist-packages/airflow/example_dags/example_params_ui_tutorial.py took 0.115 seconds
[2023-08-24T04:50:20.383+0000] {processor.py:157} INFO - Started process (PID=45035) to work on /usr/local/lib/python3.8/dist-packages/airflow/example_dags/example_params_ui_tutorial.py
[2023-08-24T04:50:20.384+0000] {processor.py:829} INFO - Processing file /usr/local/lib/python3.8/dist-packages/airflow/example_dags/example_params_ui_tutorial.py for tasks to queue
[2023-08-24T04:50:20.385+0000] {logging_mixin.py:151} INFO - [2023-08-24T04:50:20.385+0000] {dagbag.py:539} INFO - Filling up the DagBag from /usr/local/lib/python3.8/dist-packages/airflow/example_dags/example_params_ui_tutorial.py
[2023-08-24T04:50:20.418+0000] {processor.py:839} INFO - DAG(s) dict_keys(['example_params_ui_tutorial']) retrieved from /usr/local/lib/python3.8/dist-packages/airflow/example_dags/example_params_ui_tutorial.py
[2023-08-24T04:50:20.460+0000] {logging_mixin.py:151} INFO - [2023-08-24T04:50:20.460+0000] {dag.py:2907} INFO - Sync 1 DAGs
[2023-08-24T04:50:20.471+0000] {logging_mixin.py:151} INFO - [2023-08-24T04:50:20.471+0000] {dag.py:3677} INFO - Setting next_dagrun for example_params_ui_tutorial to None, run_after=None
[2023-08-24T04:50:20.490+0000] {processor.py:179} INFO - Processing /usr/local/lib/python3.8/dist-packages/airflow/example_dags/example_params_ui_tutorial.py took 0.111 seconds
[2023-08-24T04:51:18.807+0000] {processor.py:157} INFO - Started process (PID=45217) to work on /usr/local/lib/python3.8/dist-packages/airflow/example_dags/example_params_ui_tutorial.py
[2023-08-24T04:51:18.810+0000] {processor.py:829} INFO - Processing file /usr/local/lib/python3.8/dist-packages/airflow/example_dags/example_params_ui_tutorial.py for tasks to queue
[2023-08-24T04:51:18.811+0000] {logging_mixin.py:151} INFO - [2023-08-24T04:51:18.810+0000] {dagbag.py:539} INFO - Filling up the DagBag from /usr/local/lib/python3.8/dist-packages/airflow/example_dags/example_params_ui_tutorial.py
[2023-08-24T04:51:18.839+0000] {processor.py:839} INFO - DAG(s) dict_keys(['example_params_ui_tutorial']) retrieved from /usr/local/lib/python3.8/dist-packages/airflow/example_dags/example_params_ui_tutorial.py
[2023-08-24T04:51:18.879+0000] {logging_mixin.py:151} INFO - [2023-08-24T04:51:18.878+0000] {dag.py:2907} INFO - Sync 1 DAGs
[2023-08-24T04:51:18.889+0000] {logging_mixin.py:151} INFO - [2023-08-24T04:51:18.889+0000] {dag.py:3677} INFO - Setting next_dagrun for example_params_ui_tutorial to None, run_after=None
[2023-08-24T04:51:18.910+0000] {processor.py:179} INFO - Processing /usr/local/lib/python3.8/dist-packages/airflow/example_dags/example_params_ui_tutorial.py took 0.106 seconds
[2023-08-24T04:52:20.076+0000] {processor.py:157} INFO - Started process (PID=45400) to work on /usr/local/lib/python3.8/dist-packages/airflow/example_dags/example_params_ui_tutorial.py
[2023-08-24T04:52:20.081+0000] {processor.py:829} INFO - Processing file /usr/local/lib/python3.8/dist-packages/airflow/example_dags/example_params_ui_tutorial.py for tasks to queue
[2023-08-24T04:52:20.081+0000] {logging_mixin.py:151} INFO - [2023-08-24T04:52:20.081+0000] {dagbag.py:539} INFO - Filling up the DagBag from /usr/local/lib/python3.8/dist-packages/airflow/example_dags/example_params_ui_tutorial.py
[2023-08-24T04:52:20.110+0000] {processor.py:839} INFO - DAG(s) dict_keys(['example_params_ui_tutorial']) retrieved from /usr/local/lib/python3.8/dist-packages/airflow/example_dags/example_params_ui_tutorial.py
[2023-08-24T04:52:20.150+0000] {logging_mixin.py:151} INFO - [2023-08-24T04:52:20.150+0000] {dag.py:2907} INFO - Sync 1 DAGs
[2023-08-24T04:52:20.161+0000] {logging_mixin.py:151} INFO - [2023-08-24T04:52:20.161+0000] {dag.py:3677} INFO - Setting next_dagrun for example_params_ui_tutorial to None, run_after=None
[2023-08-24T04:52:20.180+0000] {processor.py:179} INFO - Processing /usr/local/lib/python3.8/dist-packages/airflow/example_dags/example_params_ui_tutorial.py took 0.107 seconds
[2023-08-24T04:53:22.567+0000] {processor.py:157} INFO - Started process (PID=45589) to work on /usr/local/lib/python3.8/dist-packages/airflow/example_dags/example_params_ui_tutorial.py
[2023-08-24T04:53:22.570+0000] {processor.py:829} INFO - Processing file /usr/local/lib/python3.8/dist-packages/airflow/example_dags/example_params_ui_tutorial.py for tasks to queue
[2023-08-24T04:53:22.571+0000] {logging_mixin.py:151} INFO - [2023-08-24T04:53:22.571+0000] {dagbag.py:539} INFO - Filling up the DagBag from /usr/local/lib/python3.8/dist-packages/airflow/example_dags/example_params_ui_tutorial.py
[2023-08-24T04:53:22.599+0000] {processor.py:839} INFO - DAG(s) dict_keys(['example_params_ui_tutorial']) retrieved from /usr/local/lib/python3.8/dist-packages/airflow/example_dags/example_params_ui_tutorial.py
[2023-08-24T04:53:22.639+0000] {logging_mixin.py:151} INFO - [2023-08-24T04:53:22.638+0000] {dag.py:2907} INFO - Sync 1 DAGs
[2023-08-24T04:53:22.649+0000] {logging_mixin.py:151} INFO - [2023-08-24T04:53:22.649+0000] {dag.py:3677} INFO - Setting next_dagrun for example_params_ui_tutorial to None, run_after=None
[2023-08-24T04:53:22.773+0000] {processor.py:179} INFO - Processing /usr/local/lib/python3.8/dist-packages/airflow/example_dags/example_params_ui_tutorial.py took 0.209 seconds
[2023-08-24T04:54:23.827+0000] {processor.py:157} INFO - Started process (PID=45772) to work on /usr/local/lib/python3.8/dist-packages/airflow/example_dags/example_params_ui_tutorial.py
[2023-08-24T04:54:23.829+0000] {processor.py:829} INFO - Processing file /usr/local/lib/python3.8/dist-packages/airflow/example_dags/example_params_ui_tutorial.py for tasks to queue
[2023-08-24T04:54:23.830+0000] {logging_mixin.py:151} INFO - [2023-08-24T04:54:23.829+0000] {dagbag.py:539} INFO - Filling up the DagBag from /usr/local/lib/python3.8/dist-packages/airflow/example_dags/example_params_ui_tutorial.py
[2023-08-24T04:54:23.858+0000] {processor.py:839} INFO - DAG(s) dict_keys(['example_params_ui_tutorial']) retrieved from /usr/local/lib/python3.8/dist-packages/airflow/example_dags/example_params_ui_tutorial.py
[2023-08-24T04:54:23.898+0000] {logging_mixin.py:151} INFO - [2023-08-24T04:54:23.898+0000] {dag.py:2907} INFO - Sync 1 DAGs
[2023-08-24T04:54:23.909+0000] {logging_mixin.py:151} INFO - [2023-08-24T04:54:23.909+0000] {dag.py:3677} INFO - Setting next_dagrun for example_params_ui_tutorial to None, run_after=None
[2023-08-24T04:54:23.927+0000] {processor.py:179} INFO - Processing /usr/local/lib/python3.8/dist-packages/airflow/example_dags/example_params_ui_tutorial.py took 0.103 seconds
[2023-08-24T04:55:24.300+0000] {processor.py:157} INFO - Started process (PID=45955) to work on /usr/local/lib/python3.8/dist-packages/airflow/example_dags/example_params_ui_tutorial.py
[2023-08-24T04:55:24.304+0000] {processor.py:829} INFO - Processing file /usr/local/lib/python3.8/dist-packages/airflow/example_dags/example_params_ui_tutorial.py for tasks to queue
[2023-08-24T04:55:24.305+0000] {logging_mixin.py:151} INFO - [2023-08-24T04:55:24.304+0000] {dagbag.py:539} INFO - Filling up the DagBag from /usr/local/lib/python3.8/dist-packages/airflow/example_dags/example_params_ui_tutorial.py
[2023-08-24T04:55:24.333+0000] {processor.py:839} INFO - DAG(s) dict_keys(['example_params_ui_tutorial']) retrieved from /usr/local/lib/python3.8/dist-packages/airflow/example_dags/example_params_ui_tutorial.py
[2023-08-24T04:55:24.375+0000] {logging_mixin.py:151} INFO - [2023-08-24T04:55:24.375+0000] {dag.py:2907} INFO - Sync 1 DAGs
[2023-08-24T04:55:24.387+0000] {logging_mixin.py:151} INFO - [2023-08-24T04:55:24.386+0000] {dag.py:3677} INFO - Setting next_dagrun for example_params_ui_tutorial to None, run_after=None
[2023-08-24T04:55:24.405+0000] {processor.py:179} INFO - Processing /usr/local/lib/python3.8/dist-packages/airflow/example_dags/example_params_ui_tutorial.py took 0.109 seconds
[2023-08-24T04:56:28.845+0000] {processor.py:157} INFO - Started process (PID=46143) to work on /usr/local/lib/python3.8/dist-packages/airflow/example_dags/example_params_ui_tutorial.py
[2023-08-24T04:56:28.850+0000] {processor.py:829} INFO - Processing file /usr/local/lib/python3.8/dist-packages/airflow/example_dags/example_params_ui_tutorial.py for tasks to queue
[2023-08-24T04:56:28.851+0000] {logging_mixin.py:151} INFO - [2023-08-24T04:56:28.850+0000] {dagbag.py:539} INFO - Filling up the DagBag from /usr/local/lib/python3.8/dist-packages/airflow/example_dags/example_params_ui_tutorial.py
[2023-08-24T04:56:28.880+0000] {processor.py:839} INFO - DAG(s) dict_keys(['example_params_ui_tutorial']) retrieved from /usr/local/lib/python3.8/dist-packages/airflow/example_dags/example_params_ui_tutorial.py
[2023-08-24T04:56:28.921+0000] {logging_mixin.py:151} INFO - [2023-08-24T04:56:28.921+0000] {dag.py:2907} INFO - Sync 1 DAGs
[2023-08-24T04:56:28.932+0000] {logging_mixin.py:151} INFO - [2023-08-24T04:56:28.932+0000] {dag.py:3677} INFO - Setting next_dagrun for example_params_ui_tutorial to None, run_after=None
[2023-08-24T04:56:28.950+0000] {processor.py:179} INFO - Processing /usr/local/lib/python3.8/dist-packages/airflow/example_dags/example_params_ui_tutorial.py took 0.109 seconds
[2023-08-24T04:57:30.826+0000] {processor.py:157} INFO - Started process (PID=46339) to work on /usr/local/lib/python3.8/dist-packages/airflow/example_dags/example_params_ui_tutorial.py
[2023-08-24T04:57:30.828+0000] {processor.py:829} INFO - Processing file /usr/local/lib/python3.8/dist-packages/airflow/example_dags/example_params_ui_tutorial.py for tasks to queue
[2023-08-24T04:57:30.829+0000] {logging_mixin.py:151} INFO - [2023-08-24T04:57:30.828+0000] {dagbag.py:539} INFO - Filling up the DagBag from /usr/local/lib/python3.8/dist-packages/airflow/example_dags/example_params_ui_tutorial.py
[2023-08-24T04:57:30.861+0000] {processor.py:839} INFO - DAG(s) dict_keys(['example_params_ui_tutorial']) retrieved from /usr/local/lib/python3.8/dist-packages/airflow/example_dags/example_params_ui_tutorial.py
[2023-08-24T04:57:30.902+0000] {logging_mixin.py:151} INFO - [2023-08-24T04:57:30.902+0000] {dag.py:2907} INFO - Sync 1 DAGs
[2023-08-24T04:57:30.913+0000] {logging_mixin.py:151} INFO - [2023-08-24T04:57:30.913+0000] {dag.py:3677} INFO - Setting next_dagrun for example_params_ui_tutorial to None, run_after=None
[2023-08-24T04:57:31.056+0000] {processor.py:179} INFO - Processing /usr/local/lib/python3.8/dist-packages/airflow/example_dags/example_params_ui_tutorial.py took 0.234 seconds
[2023-08-24T04:58:34.284+0000] {processor.py:157} INFO - Started process (PID=46523) to work on /usr/local/lib/python3.8/dist-packages/airflow/example_dags/example_params_ui_tutorial.py
[2023-08-24T04:58:34.285+0000] {processor.py:829} INFO - Processing file /usr/local/lib/python3.8/dist-packages/airflow/example_dags/example_params_ui_tutorial.py for tasks to queue
[2023-08-24T04:58:34.286+0000] {logging_mixin.py:151} INFO - [2023-08-24T04:58:34.286+0000] {dagbag.py:539} INFO - Filling up the DagBag from /usr/local/lib/python3.8/dist-packages/airflow/example_dags/example_params_ui_tutorial.py
[2023-08-24T04:58:34.314+0000] {processor.py:839} INFO - DAG(s) dict_keys(['example_params_ui_tutorial']) retrieved from /usr/local/lib/python3.8/dist-packages/airflow/example_dags/example_params_ui_tutorial.py
[2023-08-24T04:58:34.354+0000] {logging_mixin.py:151} INFO - [2023-08-24T04:58:34.354+0000] {dag.py:2907} INFO - Sync 1 DAGs
[2023-08-24T04:58:34.364+0000] {logging_mixin.py:151} INFO - [2023-08-24T04:58:34.364+0000] {dag.py:3677} INFO - Setting next_dagrun for example_params_ui_tutorial to None, run_after=None
[2023-08-24T04:58:34.383+0000] {processor.py:179} INFO - Processing /usr/local/lib/python3.8/dist-packages/airflow/example_dags/example_params_ui_tutorial.py took 0.103 seconds
[2023-08-24T04:59:39.787+0000] {processor.py:157} INFO - Started process (PID=46706) to work on /usr/local/lib/python3.8/dist-packages/airflow/example_dags/example_params_ui_tutorial.py
[2023-08-24T04:59:39.790+0000] {processor.py:829} INFO - Processing file /usr/local/lib/python3.8/dist-packages/airflow/example_dags/example_params_ui_tutorial.py for tasks to queue
[2023-08-24T04:59:39.791+0000] {logging_mixin.py:151} INFO - [2023-08-24T04:59:39.791+0000] {dagbag.py:539} INFO - Filling up the DagBag from /usr/local/lib/python3.8/dist-packages/airflow/example_dags/example_params_ui_tutorial.py
[2023-08-24T04:59:39.820+0000] {processor.py:839} INFO - DAG(s) dict_keys(['example_params_ui_tutorial']) retrieved from /usr/local/lib/python3.8/dist-packages/airflow/example_dags/example_params_ui_tutorial.py
[2023-08-24T04:59:39.860+0000] {logging_mixin.py:151} INFO - [2023-08-24T04:59:39.860+0000] {dag.py:2907} INFO - Sync 1 DAGs
[2023-08-24T04:59:39.871+0000] {logging_mixin.py:151} INFO - [2023-08-24T04:59:39.871+0000] {dag.py:3677} INFO - Setting next_dagrun for example_params_ui_tutorial to None, run_after=None
[2023-08-24T04:59:39.888+0000] {processor.py:179} INFO - Processing /usr/local/lib/python3.8/dist-packages/airflow/example_dags/example_params_ui_tutorial.py took 0.105 seconds
[2023-08-24T05:00:38.752+0000] {processor.py:157} INFO - Started process (PID=46890) to work on /usr/local/lib/python3.8/dist-packages/airflow/example_dags/example_params_ui_tutorial.py
[2023-08-24T05:00:38.755+0000] {processor.py:829} INFO - Processing file /usr/local/lib/python3.8/dist-packages/airflow/example_dags/example_params_ui_tutorial.py for tasks to queue
[2023-08-24T05:00:38.756+0000] {logging_mixin.py:151} INFO - [2023-08-24T05:00:38.756+0000] {dagbag.py:539} INFO - Filling up the DagBag from /usr/local/lib/python3.8/dist-packages/airflow/example_dags/example_params_ui_tutorial.py
[2023-08-24T05:00:38.785+0000] {processor.py:839} INFO - DAG(s) dict_keys(['example_params_ui_tutorial']) retrieved from /usr/local/lib/python3.8/dist-packages/airflow/example_dags/example_params_ui_tutorial.py
[2023-08-24T05:00:38.826+0000] {logging_mixin.py:151} INFO - [2023-08-24T05:00:38.826+0000] {dag.py:2907} INFO - Sync 1 DAGs
[2023-08-24T05:00:38.837+0000] {logging_mixin.py:151} INFO - [2023-08-24T05:00:38.837+0000] {dag.py:3677} INFO - Setting next_dagrun for example_params_ui_tutorial to None, run_after=None
[2023-08-24T05:00:38.855+0000] {processor.py:179} INFO - Processing /usr/local/lib/python3.8/dist-packages/airflow/example_dags/example_params_ui_tutorial.py took 0.107 seconds
[2023-08-24T05:01:38.995+0000] {processor.py:157} INFO - Started process (PID=47087) to work on /usr/local/lib/python3.8/dist-packages/airflow/example_dags/example_params_ui_tutorial.py
[2023-08-24T05:01:38.997+0000] {processor.py:829} INFO - Processing file /usr/local/lib/python3.8/dist-packages/airflow/example_dags/example_params_ui_tutorial.py for tasks to queue
[2023-08-24T05:01:38.998+0000] {logging_mixin.py:151} INFO - [2023-08-24T05:01:38.997+0000] {dagbag.py:539} INFO - Filling up the DagBag from /usr/local/lib/python3.8/dist-packages/airflow/example_dags/example_params_ui_tutorial.py
[2023-08-24T05:01:39.026+0000] {processor.py:839} INFO - DAG(s) dict_keys(['example_params_ui_tutorial']) retrieved from /usr/local/lib/python3.8/dist-packages/airflow/example_dags/example_params_ui_tutorial.py
[2023-08-24T05:01:39.067+0000] {logging_mixin.py:151} INFO - [2023-08-24T05:01:39.067+0000] {dag.py:2907} INFO - Sync 1 DAGs
[2023-08-24T05:01:39.078+0000] {logging_mixin.py:151} INFO - [2023-08-24T05:01:39.078+0000] {dag.py:3677} INFO - Setting next_dagrun for example_params_ui_tutorial to None, run_after=None
[2023-08-24T05:01:39.095+0000] {processor.py:179} INFO - Processing /usr/local/lib/python3.8/dist-packages/airflow/example_dags/example_params_ui_tutorial.py took 0.103 seconds
[2023-08-24T05:02:37.735+0000] {processor.py:157} INFO - Started process (PID=47273) to work on /usr/local/lib/python3.8/dist-packages/airflow/example_dags/example_params_ui_tutorial.py
[2023-08-24T05:02:37.739+0000] {processor.py:829} INFO - Processing file /usr/local/lib/python3.8/dist-packages/airflow/example_dags/example_params_ui_tutorial.py for tasks to queue
[2023-08-24T05:02:37.740+0000] {logging_mixin.py:151} INFO - [2023-08-24T05:02:37.740+0000] {dagbag.py:539} INFO - Filling up the DagBag from /usr/local/lib/python3.8/dist-packages/airflow/example_dags/example_params_ui_tutorial.py
[2023-08-24T05:02:37.769+0000] {processor.py:839} INFO - DAG(s) dict_keys(['example_params_ui_tutorial']) retrieved from /usr/local/lib/python3.8/dist-packages/airflow/example_dags/example_params_ui_tutorial.py
[2023-08-24T05:02:37.809+0000] {logging_mixin.py:151} INFO - [2023-08-24T05:02:37.809+0000] {dag.py:2907} INFO - Sync 1 DAGs
[2023-08-24T05:02:37.819+0000] {logging_mixin.py:151} INFO - [2023-08-24T05:02:37.819+0000] {dag.py:3677} INFO - Setting next_dagrun for example_params_ui_tutorial to None, run_after=None
[2023-08-24T05:02:37.837+0000] {processor.py:179} INFO - Processing /usr/local/lib/python3.8/dist-packages/airflow/example_dags/example_params_ui_tutorial.py took 0.105 seconds
[2023-08-24T05:03:38.540+0000] {processor.py:157} INFO - Started process (PID=47462) to work on /usr/local/lib/python3.8/dist-packages/airflow/example_dags/example_params_ui_tutorial.py
[2023-08-24T05:03:38.541+0000] {processor.py:829} INFO - Processing file /usr/local/lib/python3.8/dist-packages/airflow/example_dags/example_params_ui_tutorial.py for tasks to queue
[2023-08-24T05:03:38.542+0000] {logging_mixin.py:151} INFO - [2023-08-24T05:03:38.542+0000] {dagbag.py:539} INFO - Filling up the DagBag from /usr/local/lib/python3.8/dist-packages/airflow/example_dags/example_params_ui_tutorial.py
[2023-08-24T05:03:38.571+0000] {processor.py:839} INFO - DAG(s) dict_keys(['example_params_ui_tutorial']) retrieved from /usr/local/lib/python3.8/dist-packages/airflow/example_dags/example_params_ui_tutorial.py
[2023-08-24T05:03:38.613+0000] {logging_mixin.py:151} INFO - [2023-08-24T05:03:38.613+0000] {dag.py:2907} INFO - Sync 1 DAGs
[2023-08-24T05:03:38.624+0000] {logging_mixin.py:151} INFO - [2023-08-24T05:03:38.623+0000] {dag.py:3677} INFO - Setting next_dagrun for example_params_ui_tutorial to None, run_after=None
[2023-08-24T05:03:38.642+0000] {processor.py:179} INFO - Processing /usr/local/lib/python3.8/dist-packages/airflow/example_dags/example_params_ui_tutorial.py took 0.106 seconds
[2023-08-24T05:04:37.248+0000] {processor.py:157} INFO - Started process (PID=47644) to work on /usr/local/lib/python3.8/dist-packages/airflow/example_dags/example_params_ui_tutorial.py
[2023-08-24T05:04:37.250+0000] {processor.py:829} INFO - Processing file /usr/local/lib/python3.8/dist-packages/airflow/example_dags/example_params_ui_tutorial.py for tasks to queue
[2023-08-24T05:04:37.251+0000] {logging_mixin.py:151} INFO - [2023-08-24T05:04:37.250+0000] {dagbag.py:539} INFO - Filling up the DagBag from /usr/local/lib/python3.8/dist-packages/airflow/example_dags/example_params_ui_tutorial.py
[2023-08-24T05:04:37.279+0000] {processor.py:839} INFO - DAG(s) dict_keys(['example_params_ui_tutorial']) retrieved from /usr/local/lib/python3.8/dist-packages/airflow/example_dags/example_params_ui_tutorial.py
[2023-08-24T05:04:37.320+0000] {logging_mixin.py:151} INFO - [2023-08-24T05:04:37.320+0000] {dag.py:2907} INFO - Sync 1 DAGs
[2023-08-24T05:04:37.331+0000] {logging_mixin.py:151} INFO - [2023-08-24T05:04:37.331+0000] {dag.py:3677} INFO - Setting next_dagrun for example_params_ui_tutorial to None, run_after=None
[2023-08-24T05:04:37.349+0000] {processor.py:179} INFO - Processing /usr/local/lib/python3.8/dist-packages/airflow/example_dags/example_params_ui_tutorial.py took 0.104 seconds
[2023-08-24T05:05:37.374+0000] {processor.py:157} INFO - Started process (PID=47840) to work on /usr/local/lib/python3.8/dist-packages/airflow/example_dags/example_params_ui_tutorial.py
[2023-08-24T05:05:37.377+0000] {processor.py:829} INFO - Processing file /usr/local/lib/python3.8/dist-packages/airflow/example_dags/example_params_ui_tutorial.py for tasks to queue
[2023-08-24T05:05:37.378+0000] {logging_mixin.py:151} INFO - [2023-08-24T05:05:37.378+0000] {dagbag.py:539} INFO - Filling up the DagBag from /usr/local/lib/python3.8/dist-packages/airflow/example_dags/example_params_ui_tutorial.py
[2023-08-24T05:05:37.407+0000] {processor.py:839} INFO - DAG(s) dict_keys(['example_params_ui_tutorial']) retrieved from /usr/local/lib/python3.8/dist-packages/airflow/example_dags/example_params_ui_tutorial.py
[2023-08-24T05:05:37.447+0000] {logging_mixin.py:151} INFO - [2023-08-24T05:05:37.447+0000] {dag.py:2907} INFO - Sync 1 DAGs
[2023-08-24T05:05:37.457+0000] {logging_mixin.py:151} INFO - [2023-08-24T05:05:37.457+0000] {dag.py:3677} INFO - Setting next_dagrun for example_params_ui_tutorial to None, run_after=None
[2023-08-24T05:05:37.475+0000] {processor.py:179} INFO - Processing /usr/local/lib/python3.8/dist-packages/airflow/example_dags/example_params_ui_tutorial.py took 0.104 seconds
[2023-08-24T05:06:35.126+0000] {processor.py:157} INFO - Started process (PID=48036) to work on /usr/local/lib/python3.8/dist-packages/airflow/example_dags/example_params_ui_tutorial.py
[2023-08-24T05:06:35.128+0000] {processor.py:829} INFO - Processing file /usr/local/lib/python3.8/dist-packages/airflow/example_dags/example_params_ui_tutorial.py for tasks to queue
[2023-08-24T05:06:35.129+0000] {logging_mixin.py:151} INFO - [2023-08-24T05:06:35.128+0000] {dagbag.py:539} INFO - Filling up the DagBag from /usr/local/lib/python3.8/dist-packages/airflow/example_dags/example_params_ui_tutorial.py
[2023-08-24T05:06:35.157+0000] {processor.py:839} INFO - DAG(s) dict_keys(['example_params_ui_tutorial']) retrieved from /usr/local/lib/python3.8/dist-packages/airflow/example_dags/example_params_ui_tutorial.py
[2023-08-24T05:06:35.198+0000] {logging_mixin.py:151} INFO - [2023-08-24T05:06:35.198+0000] {dag.py:2907} INFO - Sync 1 DAGs
[2023-08-24T05:06:35.208+0000] {logging_mixin.py:151} INFO - [2023-08-24T05:06:35.208+0000] {dag.py:3677} INFO - Setting next_dagrun for example_params_ui_tutorial to None, run_after=None
[2023-08-24T05:06:35.226+0000] {processor.py:179} INFO - Processing /usr/local/lib/python3.8/dist-packages/airflow/example_dags/example_params_ui_tutorial.py took 0.104 seconds
[2023-08-24T05:07:32.433+0000] {processor.py:157} INFO - Started process (PID=48220) to work on /usr/local/lib/python3.8/dist-packages/airflow/example_dags/example_params_ui_tutorial.py
[2023-08-24T05:07:32.436+0000] {processor.py:829} INFO - Processing file /usr/local/lib/python3.8/dist-packages/airflow/example_dags/example_params_ui_tutorial.py for tasks to queue
[2023-08-24T05:07:32.437+0000] {logging_mixin.py:151} INFO - [2023-08-24T05:07:32.437+0000] {dagbag.py:539} INFO - Filling up the DagBag from /usr/local/lib/python3.8/dist-packages/airflow/example_dags/example_params_ui_tutorial.py
[2023-08-24T05:07:32.471+0000] {processor.py:839} INFO - DAG(s) dict_keys(['example_params_ui_tutorial']) retrieved from /usr/local/lib/python3.8/dist-packages/airflow/example_dags/example_params_ui_tutorial.py
[2023-08-24T05:07:32.511+0000] {logging_mixin.py:151} INFO - [2023-08-24T05:07:32.511+0000] {dag.py:2907} INFO - Sync 1 DAGs
[2023-08-24T05:07:32.522+0000] {logging_mixin.py:151} INFO - [2023-08-24T05:07:32.522+0000] {dag.py:3677} INFO - Setting next_dagrun for example_params_ui_tutorial to None, run_after=None
[2023-08-24T05:07:32.539+0000] {processor.py:179} INFO - Processing /usr/local/lib/python3.8/dist-packages/airflow/example_dags/example_params_ui_tutorial.py took 0.110 seconds
[2023-08-24T05:08:33.303+0000] {processor.py:157} INFO - Started process (PID=48406) to work on /usr/local/lib/python3.8/dist-packages/airflow/example_dags/example_params_ui_tutorial.py
[2023-08-24T05:08:33.304+0000] {processor.py:829} INFO - Processing file /usr/local/lib/python3.8/dist-packages/airflow/example_dags/example_params_ui_tutorial.py for tasks to queue
[2023-08-24T05:08:33.305+0000] {logging_mixin.py:151} INFO - [2023-08-24T05:08:33.305+0000] {dagbag.py:539} INFO - Filling up the DagBag from /usr/local/lib/python3.8/dist-packages/airflow/example_dags/example_params_ui_tutorial.py
[2023-08-24T05:08:33.334+0000] {processor.py:839} INFO - DAG(s) dict_keys(['example_params_ui_tutorial']) retrieved from /usr/local/lib/python3.8/dist-packages/airflow/example_dags/example_params_ui_tutorial.py
[2023-08-24T05:08:33.376+0000] {logging_mixin.py:151} INFO - [2023-08-24T05:08:33.376+0000] {dag.py:2907} INFO - Sync 1 DAGs
[2023-08-24T05:08:33.387+0000] {logging_mixin.py:151} INFO - [2023-08-24T05:08:33.386+0000] {dag.py:3677} INFO - Setting next_dagrun for example_params_ui_tutorial to None, run_after=None
[2023-08-24T05:08:33.405+0000] {processor.py:179} INFO - Processing /usr/local/lib/python3.8/dist-packages/airflow/example_dags/example_params_ui_tutorial.py took 0.105 seconds
[2023-08-24T05:09:33.773+0000] {processor.py:157} INFO - Started process (PID=48602) to work on /usr/local/lib/python3.8/dist-packages/airflow/example_dags/example_params_ui_tutorial.py
[2023-08-24T05:09:33.774+0000] {processor.py:829} INFO - Processing file /usr/local/lib/python3.8/dist-packages/airflow/example_dags/example_params_ui_tutorial.py for tasks to queue
[2023-08-24T05:09:33.775+0000] {logging_mixin.py:151} INFO - [2023-08-24T05:09:33.775+0000] {dagbag.py:539} INFO - Filling up the DagBag from /usr/local/lib/python3.8/dist-packages/airflow/example_dags/example_params_ui_tutorial.py
[2023-08-24T05:09:33.809+0000] {processor.py:839} INFO - DAG(s) dict_keys(['example_params_ui_tutorial']) retrieved from /usr/local/lib/python3.8/dist-packages/airflow/example_dags/example_params_ui_tutorial.py
[2023-08-24T05:09:33.851+0000] {logging_mixin.py:151} INFO - [2023-08-24T05:09:33.850+0000] {dag.py:2907} INFO - Sync 1 DAGs
[2023-08-24T05:09:33.861+0000] {logging_mixin.py:151} INFO - [2023-08-24T05:09:33.861+0000] {dag.py:3677} INFO - Setting next_dagrun for example_params_ui_tutorial to None, run_after=None
[2023-08-24T05:09:33.881+0000] {processor.py:179} INFO - Processing /usr/local/lib/python3.8/dist-packages/airflow/example_dags/example_params_ui_tutorial.py took 0.112 seconds
[2023-08-24T05:10:30.191+0000] {processor.py:157} INFO - Started process (PID=48783) to work on /usr/local/lib/python3.8/dist-packages/airflow/example_dags/example_params_ui_tutorial.py
[2023-08-24T05:10:30.193+0000] {processor.py:829} INFO - Processing file /usr/local/lib/python3.8/dist-packages/airflow/example_dags/example_params_ui_tutorial.py for tasks to queue
[2023-08-24T05:10:30.194+0000] {logging_mixin.py:151} INFO - [2023-08-24T05:10:30.193+0000] {dagbag.py:539} INFO - Filling up the DagBag from /usr/local/lib/python3.8/dist-packages/airflow/example_dags/example_params_ui_tutorial.py
[2023-08-24T05:10:30.223+0000] {processor.py:839} INFO - DAG(s) dict_keys(['example_params_ui_tutorial']) retrieved from /usr/local/lib/python3.8/dist-packages/airflow/example_dags/example_params_ui_tutorial.py
[2023-08-24T05:10:30.264+0000] {logging_mixin.py:151} INFO - [2023-08-24T05:10:30.264+0000] {dag.py:2907} INFO - Sync 1 DAGs
[2023-08-24T05:10:30.275+0000] {logging_mixin.py:151} INFO - [2023-08-24T05:10:30.275+0000] {dag.py:3677} INFO - Setting next_dagrun for example_params_ui_tutorial to None, run_after=None
[2023-08-24T05:10:30.293+0000] {processor.py:179} INFO - Processing /usr/local/lib/python3.8/dist-packages/airflow/example_dags/example_params_ui_tutorial.py took 0.106 seconds
[2023-08-24T05:11:47.149+0000] {processor.py:157} INFO - Started process (PID=48939) to work on /usr/local/lib/python3.8/dist-packages/airflow/example_dags/example_params_ui_tutorial.py
[2023-08-24T05:11:47.151+0000] {processor.py:829} INFO - Processing file /usr/local/lib/python3.8/dist-packages/airflow/example_dags/example_params_ui_tutorial.py for tasks to queue
[2023-08-24T05:11:47.152+0000] {logging_mixin.py:151} INFO - [2023-08-24T05:11:47.152+0000] {dagbag.py:539} INFO - Filling up the DagBag from /usr/local/lib/python3.8/dist-packages/airflow/example_dags/example_params_ui_tutorial.py
[2023-08-24T05:11:47.181+0000] {processor.py:839} INFO - DAG(s) dict_keys(['example_params_ui_tutorial']) retrieved from /usr/local/lib/python3.8/dist-packages/airflow/example_dags/example_params_ui_tutorial.py
[2023-08-24T05:11:47.223+0000] {logging_mixin.py:151} INFO - [2023-08-24T05:11:47.222+0000] {dag.py:2907} INFO - Sync 1 DAGs
[2023-08-24T05:11:47.233+0000] {logging_mixin.py:151} INFO - [2023-08-24T05:11:47.233+0000] {dag.py:3677} INFO - Setting next_dagrun for example_params_ui_tutorial to None, run_after=None
[2023-08-24T05:11:47.251+0000] {processor.py:179} INFO - Processing /usr/local/lib/python3.8/dist-packages/airflow/example_dags/example_params_ui_tutorial.py took 0.106 seconds
[2023-08-24T05:12:49.693+0000] {processor.py:157} INFO - Started process (PID=49136) to work on /usr/local/lib/python3.8/dist-packages/airflow/example_dags/example_params_ui_tutorial.py
[2023-08-24T05:12:49.695+0000] {processor.py:829} INFO - Processing file /usr/local/lib/python3.8/dist-packages/airflow/example_dags/example_params_ui_tutorial.py for tasks to queue
[2023-08-24T05:12:49.696+0000] {logging_mixin.py:151} INFO - [2023-08-24T05:12:49.695+0000] {dagbag.py:539} INFO - Filling up the DagBag from /usr/local/lib/python3.8/dist-packages/airflow/example_dags/example_params_ui_tutorial.py
[2023-08-24T05:12:49.725+0000] {processor.py:839} INFO - DAG(s) dict_keys(['example_params_ui_tutorial']) retrieved from /usr/local/lib/python3.8/dist-packages/airflow/example_dags/example_params_ui_tutorial.py
[2023-08-24T05:12:49.766+0000] {logging_mixin.py:151} INFO - [2023-08-24T05:12:49.766+0000] {dag.py:2907} INFO - Sync 1 DAGs
[2023-08-24T05:12:49.777+0000] {logging_mixin.py:151} INFO - [2023-08-24T05:12:49.777+0000] {dag.py:3677} INFO - Setting next_dagrun for example_params_ui_tutorial to None, run_after=None
[2023-08-24T05:12:49.795+0000] {processor.py:179} INFO - Processing /usr/local/lib/python3.8/dist-packages/airflow/example_dags/example_params_ui_tutorial.py took 0.105 seconds
[2023-08-24T05:13:47.976+0000] {processor.py:157} INFO - Started process (PID=49340) to work on /usr/local/lib/python3.8/dist-packages/airflow/example_dags/example_params_ui_tutorial.py
[2023-08-24T05:13:47.980+0000] {processor.py:829} INFO - Processing file /usr/local/lib/python3.8/dist-packages/airflow/example_dags/example_params_ui_tutorial.py for tasks to queue
[2023-08-24T05:13:47.981+0000] {logging_mixin.py:151} INFO - [2023-08-24T05:13:47.981+0000] {dagbag.py:539} INFO - Filling up the DagBag from /usr/local/lib/python3.8/dist-packages/airflow/example_dags/example_params_ui_tutorial.py
[2023-08-24T05:13:48.010+0000] {processor.py:839} INFO - DAG(s) dict_keys(['example_params_ui_tutorial']) retrieved from /usr/local/lib/python3.8/dist-packages/airflow/example_dags/example_params_ui_tutorial.py
[2023-08-24T05:13:48.051+0000] {logging_mixin.py:151} INFO - [2023-08-24T05:13:48.051+0000] {dag.py:2907} INFO - Sync 1 DAGs
[2023-08-24T05:13:48.062+0000] {logging_mixin.py:151} INFO - [2023-08-24T05:13:48.062+0000] {dag.py:3677} INFO - Setting next_dagrun for example_params_ui_tutorial to None, run_after=None
[2023-08-24T05:13:48.081+0000] {processor.py:179} INFO - Processing /usr/local/lib/python3.8/dist-packages/airflow/example_dags/example_params_ui_tutorial.py took 0.109 seconds
