[2023-08-24T04:31:35.382+0000] {processor.py:157} INFO - Started process (PID=41497) to work on /usr/local/lib/python3.8/dist-packages/airflow/example_dags/example_xcom.py
[2023-08-24T04:31:35.383+0000] {processor.py:829} INFO - Processing file /usr/local/lib/python3.8/dist-packages/airflow/example_dags/example_xcom.py for tasks to queue
[2023-08-24T04:31:35.384+0000] {logging_mixin.py:151} INFO - [2023-08-24T04:31:35.384+0000] {dagbag.py:539} INFO - Filling up the DagBag from /usr/local/lib/python3.8/dist-packages/airflow/example_dags/example_xcom.py
[2023-08-24T04:31:35.393+0000] {processor.py:839} INFO - DAG(s) dict_keys(['example_xcom']) retrieved from /usr/local/lib/python3.8/dist-packages/airflow/example_dags/example_xcom.py
[2023-08-24T04:31:35.409+0000] {logging_mixin.py:151} INFO - [2023-08-24T04:31:35.409+0000] {dag.py:2907} INFO - Sync 1 DAGs
[2023-08-24T04:31:35.426+0000] {logging_mixin.py:151} INFO - [2023-08-24T04:31:35.426+0000] {dag.py:3677} INFO - Setting next_dagrun for example_xcom to 2021-01-01T00:00:00+00:00, run_after=2021-01-01T00:00:00+00:00
[2023-08-24T04:31:35.445+0000] {processor.py:179} INFO - Processing /usr/local/lib/python3.8/dist-packages/airflow/example_dags/example_xcom.py took 0.066 seconds
[2023-08-24T04:32:36.550+0000] {processor.py:157} INFO - Started process (PID=41695) to work on /usr/local/lib/python3.8/dist-packages/airflow/example_dags/example_xcom.py
[2023-08-24T04:32:36.552+0000] {processor.py:829} INFO - Processing file /usr/local/lib/python3.8/dist-packages/airflow/example_dags/example_xcom.py for tasks to queue
[2023-08-24T04:32:36.553+0000] {logging_mixin.py:151} INFO - [2023-08-24T04:32:36.552+0000] {dagbag.py:539} INFO - Filling up the DagBag from /usr/local/lib/python3.8/dist-packages/airflow/example_dags/example_xcom.py
[2023-08-24T04:32:36.561+0000] {processor.py:839} INFO - DAG(s) dict_keys(['example_xcom']) retrieved from /usr/local/lib/python3.8/dist-packages/airflow/example_dags/example_xcom.py
[2023-08-24T04:32:36.576+0000] {logging_mixin.py:151} INFO - [2023-08-24T04:32:36.576+0000] {dag.py:2907} INFO - Sync 1 DAGs
[2023-08-24T04:32:36.592+0000] {logging_mixin.py:151} INFO - [2023-08-24T04:32:36.592+0000] {dag.py:3677} INFO - Setting next_dagrun for example_xcom to 2021-01-01T00:00:00+00:00, run_after=2021-01-01T00:00:00+00:00
[2023-08-24T04:32:36.609+0000] {processor.py:179} INFO - Processing /usr/local/lib/python3.8/dist-packages/airflow/example_dags/example_xcom.py took 0.062 seconds
[2023-08-24T04:33:36.726+0000] {processor.py:157} INFO - Started process (PID=41886) to work on /usr/local/lib/python3.8/dist-packages/airflow/example_dags/example_xcom.py
[2023-08-24T04:33:36.727+0000] {processor.py:829} INFO - Processing file /usr/local/lib/python3.8/dist-packages/airflow/example_dags/example_xcom.py for tasks to queue
[2023-08-24T04:33:36.728+0000] {logging_mixin.py:151} INFO - [2023-08-24T04:33:36.728+0000] {dagbag.py:539} INFO - Filling up the DagBag from /usr/local/lib/python3.8/dist-packages/airflow/example_dags/example_xcom.py
[2023-08-24T04:33:36.736+0000] {processor.py:839} INFO - DAG(s) dict_keys(['example_xcom']) retrieved from /usr/local/lib/python3.8/dist-packages/airflow/example_dags/example_xcom.py
[2023-08-24T04:33:36.752+0000] {logging_mixin.py:151} INFO - [2023-08-24T04:33:36.752+0000] {dag.py:2907} INFO - Sync 1 DAGs
[2023-08-24T04:33:36.767+0000] {logging_mixin.py:151} INFO - [2023-08-24T04:33:36.767+0000] {dag.py:3677} INFO - Setting next_dagrun for example_xcom to 2021-01-01T00:00:00+00:00, run_after=2021-01-01T00:00:00+00:00
[2023-08-24T04:33:36.784+0000] {processor.py:179} INFO - Processing /usr/local/lib/python3.8/dist-packages/airflow/example_dags/example_xcom.py took 0.062 seconds
[2023-08-24T04:34:34.393+0000] {processor.py:157} INFO - Started process (PID=42069) to work on /usr/local/lib/python3.8/dist-packages/airflow/example_dags/example_xcom.py
[2023-08-24T04:34:34.394+0000] {processor.py:829} INFO - Processing file /usr/local/lib/python3.8/dist-packages/airflow/example_dags/example_xcom.py for tasks to queue
[2023-08-24T04:34:34.395+0000] {logging_mixin.py:151} INFO - [2023-08-24T04:34:34.395+0000] {dagbag.py:539} INFO - Filling up the DagBag from /usr/local/lib/python3.8/dist-packages/airflow/example_dags/example_xcom.py
[2023-08-24T04:34:34.403+0000] {processor.py:839} INFO - DAG(s) dict_keys(['example_xcom']) retrieved from /usr/local/lib/python3.8/dist-packages/airflow/example_dags/example_xcom.py
[2023-08-24T04:34:34.420+0000] {logging_mixin.py:151} INFO - [2023-08-24T04:34:34.420+0000] {dag.py:2907} INFO - Sync 1 DAGs
[2023-08-24T04:34:34.435+0000] {logging_mixin.py:151} INFO - [2023-08-24T04:34:34.435+0000] {dag.py:3677} INFO - Setting next_dagrun for example_xcom to 2021-01-01T00:00:00+00:00, run_after=2021-01-01T00:00:00+00:00
[2023-08-24T04:34:34.453+0000] {processor.py:179} INFO - Processing /usr/local/lib/python3.8/dist-packages/airflow/example_dags/example_xcom.py took 0.063 seconds
[2023-08-24T04:35:33.587+0000] {processor.py:157} INFO - Started process (PID=42265) to work on /usr/local/lib/python3.8/dist-packages/airflow/example_dags/example_xcom.py
[2023-08-24T04:35:33.589+0000] {processor.py:829} INFO - Processing file /usr/local/lib/python3.8/dist-packages/airflow/example_dags/example_xcom.py for tasks to queue
[2023-08-24T04:35:33.590+0000] {logging_mixin.py:151} INFO - [2023-08-24T04:35:33.589+0000] {dagbag.py:539} INFO - Filling up the DagBag from /usr/local/lib/python3.8/dist-packages/airflow/example_dags/example_xcom.py
[2023-08-24T04:35:33.600+0000] {processor.py:839} INFO - DAG(s) dict_keys(['example_xcom']) retrieved from /usr/local/lib/python3.8/dist-packages/airflow/example_dags/example_xcom.py
[2023-08-24T04:35:33.617+0000] {logging_mixin.py:151} INFO - [2023-08-24T04:35:33.617+0000] {dag.py:2907} INFO - Sync 1 DAGs
[2023-08-24T04:35:33.633+0000] {logging_mixin.py:151} INFO - [2023-08-24T04:35:33.633+0000] {dag.py:3677} INFO - Setting next_dagrun for example_xcom to 2021-01-01T00:00:00+00:00, run_after=2021-01-01T00:00:00+00:00
[2023-08-24T04:35:33.651+0000] {processor.py:179} INFO - Processing /usr/local/lib/python3.8/dist-packages/airflow/example_dags/example_xcom.py took 0.068 seconds
[2023-08-24T04:36:31.553+0000] {processor.py:157} INFO - Started process (PID=42461) to work on /usr/local/lib/python3.8/dist-packages/airflow/example_dags/example_xcom.py
[2023-08-24T04:36:31.557+0000] {processor.py:829} INFO - Processing file /usr/local/lib/python3.8/dist-packages/airflow/example_dags/example_xcom.py for tasks to queue
[2023-08-24T04:36:31.558+0000] {logging_mixin.py:151} INFO - [2023-08-24T04:36:31.558+0000] {dagbag.py:539} INFO - Filling up the DagBag from /usr/local/lib/python3.8/dist-packages/airflow/example_dags/example_xcom.py
[2023-08-24T04:36:31.566+0000] {processor.py:839} INFO - DAG(s) dict_keys(['example_xcom']) retrieved from /usr/local/lib/python3.8/dist-packages/airflow/example_dags/example_xcom.py
[2023-08-24T04:36:31.582+0000] {logging_mixin.py:151} INFO - [2023-08-24T04:36:31.582+0000] {dag.py:2907} INFO - Sync 1 DAGs
[2023-08-24T04:36:31.597+0000] {logging_mixin.py:151} INFO - [2023-08-24T04:36:31.597+0000] {dag.py:3677} INFO - Setting next_dagrun for example_xcom to 2021-01-01T00:00:00+00:00, run_after=2021-01-01T00:00:00+00:00
[2023-08-24T04:36:31.614+0000] {processor.py:179} INFO - Processing /usr/local/lib/python3.8/dist-packages/airflow/example_dags/example_xcom.py took 0.065 seconds
[2023-08-24T04:37:28.347+0000] {processor.py:157} INFO - Started process (PID=42644) to work on /usr/local/lib/python3.8/dist-packages/airflow/example_dags/example_xcom.py
[2023-08-24T04:37:28.348+0000] {processor.py:829} INFO - Processing file /usr/local/lib/python3.8/dist-packages/airflow/example_dags/example_xcom.py for tasks to queue
[2023-08-24T04:37:28.349+0000] {logging_mixin.py:151} INFO - [2023-08-24T04:37:28.349+0000] {dagbag.py:539} INFO - Filling up the DagBag from /usr/local/lib/python3.8/dist-packages/airflow/example_dags/example_xcom.py
[2023-08-24T04:37:28.357+0000] {processor.py:839} INFO - DAG(s) dict_keys(['example_xcom']) retrieved from /usr/local/lib/python3.8/dist-packages/airflow/example_dags/example_xcom.py
[2023-08-24T04:37:28.372+0000] {logging_mixin.py:151} INFO - [2023-08-24T04:37:28.372+0000] {dag.py:2907} INFO - Sync 1 DAGs
[2023-08-24T04:37:28.389+0000] {logging_mixin.py:151} INFO - [2023-08-24T04:37:28.388+0000] {dag.py:3677} INFO - Setting next_dagrun for example_xcom to 2021-01-01T00:00:00+00:00, run_after=2021-01-01T00:00:00+00:00
[2023-08-24T04:37:28.406+0000] {processor.py:179} INFO - Processing /usr/local/lib/python3.8/dist-packages/airflow/example_dags/example_xcom.py took 0.063 seconds
[2023-08-24T04:38:26.294+0000] {processor.py:157} INFO - Started process (PID=42827) to work on /usr/local/lib/python3.8/dist-packages/airflow/example_dags/example_xcom.py
[2023-08-24T04:38:26.296+0000] {processor.py:829} INFO - Processing file /usr/local/lib/python3.8/dist-packages/airflow/example_dags/example_xcom.py for tasks to queue
[2023-08-24T04:38:26.297+0000] {logging_mixin.py:151} INFO - [2023-08-24T04:38:26.297+0000] {dagbag.py:539} INFO - Filling up the DagBag from /usr/local/lib/python3.8/dist-packages/airflow/example_dags/example_xcom.py
[2023-08-24T04:38:26.307+0000] {processor.py:839} INFO - DAG(s) dict_keys(['example_xcom']) retrieved from /usr/local/lib/python3.8/dist-packages/airflow/example_dags/example_xcom.py
[2023-08-24T04:38:26.325+0000] {logging_mixin.py:151} INFO - [2023-08-24T04:38:26.325+0000] {dag.py:2907} INFO - Sync 1 DAGs
[2023-08-24T04:38:26.342+0000] {logging_mixin.py:151} INFO - [2023-08-24T04:38:26.342+0000] {dag.py:3677} INFO - Setting next_dagrun for example_xcom to 2021-01-01T00:00:00+00:00, run_after=2021-01-01T00:00:00+00:00
[2023-08-24T04:38:26.360+0000] {processor.py:179} INFO - Processing /usr/local/lib/python3.8/dist-packages/airflow/example_dags/example_xcom.py took 0.072 seconds
[2023-08-24T04:39:26.688+0000] {processor.py:157} INFO - Started process (PID=43012) to work on /usr/local/lib/python3.8/dist-packages/airflow/example_dags/example_xcom.py
[2023-08-24T04:39:26.689+0000] {processor.py:829} INFO - Processing file /usr/local/lib/python3.8/dist-packages/airflow/example_dags/example_xcom.py for tasks to queue
[2023-08-24T04:39:26.690+0000] {logging_mixin.py:151} INFO - [2023-08-24T04:39:26.690+0000] {dagbag.py:539} INFO - Filling up the DagBag from /usr/local/lib/python3.8/dist-packages/airflow/example_dags/example_xcom.py
[2023-08-24T04:39:26.698+0000] {processor.py:839} INFO - DAG(s) dict_keys(['example_xcom']) retrieved from /usr/local/lib/python3.8/dist-packages/airflow/example_dags/example_xcom.py
[2023-08-24T04:39:26.714+0000] {logging_mixin.py:151} INFO - [2023-08-24T04:39:26.714+0000] {dag.py:2907} INFO - Sync 1 DAGs
[2023-08-24T04:39:26.730+0000] {logging_mixin.py:151} INFO - [2023-08-24T04:39:26.729+0000] {dag.py:3677} INFO - Setting next_dagrun for example_xcom to 2021-01-01T00:00:00+00:00, run_after=2021-01-01T00:00:00+00:00
[2023-08-24T04:39:26.747+0000] {processor.py:179} INFO - Processing /usr/local/lib/python3.8/dist-packages/airflow/example_dags/example_xcom.py took 0.062 seconds
[2023-08-24T04:40:26.960+0000] {processor.py:157} INFO - Started process (PID=43208) to work on /usr/local/lib/python3.8/dist-packages/airflow/example_dags/example_xcom.py
[2023-08-24T04:40:26.961+0000] {processor.py:829} INFO - Processing file /usr/local/lib/python3.8/dist-packages/airflow/example_dags/example_xcom.py for tasks to queue
[2023-08-24T04:40:26.962+0000] {logging_mixin.py:151} INFO - [2023-08-24T04:40:26.962+0000] {dagbag.py:539} INFO - Filling up the DagBag from /usr/local/lib/python3.8/dist-packages/airflow/example_dags/example_xcom.py
[2023-08-24T04:40:26.970+0000] {processor.py:839} INFO - DAG(s) dict_keys(['example_xcom']) retrieved from /usr/local/lib/python3.8/dist-packages/airflow/example_dags/example_xcom.py
[2023-08-24T04:40:26.986+0000] {logging_mixin.py:151} INFO - [2023-08-24T04:40:26.986+0000] {dag.py:2907} INFO - Sync 1 DAGs
[2023-08-24T04:40:27.002+0000] {logging_mixin.py:151} INFO - [2023-08-24T04:40:27.001+0000] {dag.py:3677} INFO - Setting next_dagrun for example_xcom to 2021-01-01T00:00:00+00:00, run_after=2021-01-01T00:00:00+00:00
[2023-08-24T04:40:27.019+0000] {processor.py:179} INFO - Processing /usr/local/lib/python3.8/dist-packages/airflow/example_dags/example_xcom.py took 0.063 seconds
[2023-08-24T04:41:27.643+0000] {processor.py:157} INFO - Started process (PID=43392) to work on /usr/local/lib/python3.8/dist-packages/airflow/example_dags/example_xcom.py
[2023-08-24T04:41:27.644+0000] {processor.py:829} INFO - Processing file /usr/local/lib/python3.8/dist-packages/airflow/example_dags/example_xcom.py for tasks to queue
[2023-08-24T04:41:27.645+0000] {logging_mixin.py:151} INFO - [2023-08-24T04:41:27.645+0000] {dagbag.py:539} INFO - Filling up the DagBag from /usr/local/lib/python3.8/dist-packages/airflow/example_dags/example_xcom.py
[2023-08-24T04:41:27.653+0000] {processor.py:839} INFO - DAG(s) dict_keys(['example_xcom']) retrieved from /usr/local/lib/python3.8/dist-packages/airflow/example_dags/example_xcom.py
[2023-08-24T04:41:27.669+0000] {logging_mixin.py:151} INFO - [2023-08-24T04:41:27.669+0000] {dag.py:2907} INFO - Sync 1 DAGs
[2023-08-24T04:41:27.685+0000] {logging_mixin.py:151} INFO - [2023-08-24T04:41:27.685+0000] {dag.py:3677} INFO - Setting next_dagrun for example_xcom to 2021-01-01T00:00:00+00:00, run_after=2021-01-01T00:00:00+00:00
[2023-08-24T04:41:27.702+0000] {processor.py:179} INFO - Processing /usr/local/lib/python3.8/dist-packages/airflow/example_dags/example_xcom.py took 0.063 seconds
[2023-08-24T04:42:27.239+0000] {processor.py:157} INFO - Started process (PID=43576) to work on /usr/local/lib/python3.8/dist-packages/airflow/example_dags/example_xcom.py
[2023-08-24T04:42:27.240+0000] {processor.py:829} INFO - Processing file /usr/local/lib/python3.8/dist-packages/airflow/example_dags/example_xcom.py for tasks to queue
[2023-08-24T04:42:27.241+0000] {logging_mixin.py:151} INFO - [2023-08-24T04:42:27.241+0000] {dagbag.py:539} INFO - Filling up the DagBag from /usr/local/lib/python3.8/dist-packages/airflow/example_dags/example_xcom.py
[2023-08-24T04:42:27.249+0000] {processor.py:839} INFO - DAG(s) dict_keys(['example_xcom']) retrieved from /usr/local/lib/python3.8/dist-packages/airflow/example_dags/example_xcom.py
[2023-08-24T04:42:27.266+0000] {logging_mixin.py:151} INFO - [2023-08-24T04:42:27.266+0000] {dag.py:2907} INFO - Sync 1 DAGs
[2023-08-24T04:42:27.282+0000] {logging_mixin.py:151} INFO - [2023-08-24T04:42:27.281+0000] {dag.py:3677} INFO - Setting next_dagrun for example_xcom to 2021-01-01T00:00:00+00:00, run_after=2021-01-01T00:00:00+00:00
[2023-08-24T04:42:27.299+0000] {processor.py:179} INFO - Processing /usr/local/lib/python3.8/dist-packages/airflow/example_dags/example_xcom.py took 0.064 seconds
[2023-08-24T04:43:26.501+0000] {processor.py:157} INFO - Started process (PID=43763) to work on /usr/local/lib/python3.8/dist-packages/airflow/example_dags/example_xcom.py
[2023-08-24T04:43:26.503+0000] {processor.py:829} INFO - Processing file /usr/local/lib/python3.8/dist-packages/airflow/example_dags/example_xcom.py for tasks to queue
[2023-08-24T04:43:26.504+0000] {logging_mixin.py:151} INFO - [2023-08-24T04:43:26.504+0000] {dagbag.py:539} INFO - Filling up the DagBag from /usr/local/lib/python3.8/dist-packages/airflow/example_dags/example_xcom.py
[2023-08-24T04:43:26.513+0000] {processor.py:839} INFO - DAG(s) dict_keys(['example_xcom']) retrieved from /usr/local/lib/python3.8/dist-packages/airflow/example_dags/example_xcom.py
[2023-08-24T04:43:26.528+0000] {logging_mixin.py:151} INFO - [2023-08-24T04:43:26.528+0000] {dag.py:2907} INFO - Sync 1 DAGs
[2023-08-24T04:43:26.544+0000] {logging_mixin.py:151} INFO - [2023-08-24T04:43:26.544+0000] {dag.py:3677} INFO - Setting next_dagrun for example_xcom to 2021-01-01T00:00:00+00:00, run_after=2021-01-01T00:00:00+00:00
[2023-08-24T04:43:26.561+0000] {processor.py:179} INFO - Processing /usr/local/lib/python3.8/dist-packages/airflow/example_dags/example_xcom.py took 0.064 seconds
[2023-08-24T04:44:27.266+0000] {processor.py:157} INFO - Started process (PID=43949) to work on /usr/local/lib/python3.8/dist-packages/airflow/example_dags/example_xcom.py
[2023-08-24T04:44:27.268+0000] {processor.py:829} INFO - Processing file /usr/local/lib/python3.8/dist-packages/airflow/example_dags/example_xcom.py for tasks to queue
[2023-08-24T04:44:27.269+0000] {logging_mixin.py:151} INFO - [2023-08-24T04:44:27.268+0000] {dagbag.py:539} INFO - Filling up the DagBag from /usr/local/lib/python3.8/dist-packages/airflow/example_dags/example_xcom.py
[2023-08-24T04:44:27.278+0000] {processor.py:839} INFO - DAG(s) dict_keys(['example_xcom']) retrieved from /usr/local/lib/python3.8/dist-packages/airflow/example_dags/example_xcom.py
[2023-08-24T04:44:27.296+0000] {logging_mixin.py:151} INFO - [2023-08-24T04:44:27.296+0000] {dag.py:2907} INFO - Sync 1 DAGs
[2023-08-24T04:44:27.313+0000] {logging_mixin.py:151} INFO - [2023-08-24T04:44:27.313+0000] {dag.py:3677} INFO - Setting next_dagrun for example_xcom to 2021-01-01T00:00:00+00:00, run_after=2021-01-01T00:00:00+00:00
[2023-08-24T04:44:27.330+0000] {processor.py:179} INFO - Processing /usr/local/lib/python3.8/dist-packages/airflow/example_dags/example_xcom.py took 0.069 seconds
[2023-08-24T04:45:28.327+0000] {processor.py:157} INFO - Started process (PID=44132) to work on /usr/local/lib/python3.8/dist-packages/airflow/example_dags/example_xcom.py
[2023-08-24T04:45:28.329+0000] {processor.py:829} INFO - Processing file /usr/local/lib/python3.8/dist-packages/airflow/example_dags/example_xcom.py for tasks to queue
[2023-08-24T04:45:28.330+0000] {logging_mixin.py:151} INFO - [2023-08-24T04:45:28.329+0000] {dagbag.py:539} INFO - Filling up the DagBag from /usr/local/lib/python3.8/dist-packages/airflow/example_dags/example_xcom.py
[2023-08-24T04:45:28.338+0000] {processor.py:839} INFO - DAG(s) dict_keys(['example_xcom']) retrieved from /usr/local/lib/python3.8/dist-packages/airflow/example_dags/example_xcom.py
[2023-08-24T04:45:28.354+0000] {logging_mixin.py:151} INFO - [2023-08-24T04:45:28.354+0000] {dag.py:2907} INFO - Sync 1 DAGs
[2023-08-24T04:45:28.369+0000] {logging_mixin.py:151} INFO - [2023-08-24T04:45:28.369+0000] {dag.py:3677} INFO - Setting next_dagrun for example_xcom to 2021-01-01T00:00:00+00:00, run_after=2021-01-01T00:00:00+00:00
[2023-08-24T04:45:28.387+0000] {processor.py:179} INFO - Processing /usr/local/lib/python3.8/dist-packages/airflow/example_dags/example_xcom.py took 0.063 seconds
[2023-08-24T04:46:29.910+0000] {processor.py:157} INFO - Started process (PID=44315) to work on /usr/local/lib/python3.8/dist-packages/airflow/example_dags/example_xcom.py
[2023-08-24T04:46:29.911+0000] {processor.py:829} INFO - Processing file /usr/local/lib/python3.8/dist-packages/airflow/example_dags/example_xcom.py for tasks to queue
[2023-08-24T04:46:29.912+0000] {logging_mixin.py:151} INFO - [2023-08-24T04:46:29.912+0000] {dagbag.py:539} INFO - Filling up the DagBag from /usr/local/lib/python3.8/dist-packages/airflow/example_dags/example_xcom.py
[2023-08-24T04:46:29.921+0000] {processor.py:839} INFO - DAG(s) dict_keys(['example_xcom']) retrieved from /usr/local/lib/python3.8/dist-packages/airflow/example_dags/example_xcom.py
[2023-08-24T04:46:29.937+0000] {logging_mixin.py:151} INFO - [2023-08-24T04:46:29.937+0000] {dag.py:2907} INFO - Sync 1 DAGs
[2023-08-24T04:46:29.953+0000] {logging_mixin.py:151} INFO - [2023-08-24T04:46:29.953+0000] {dag.py:3677} INFO - Setting next_dagrun for example_xcom to 2021-01-01T00:00:00+00:00, run_after=2021-01-01T00:00:00+00:00
[2023-08-24T04:46:29.971+0000] {processor.py:179} INFO - Processing /usr/local/lib/python3.8/dist-packages/airflow/example_dags/example_xcom.py took 0.065 seconds
[2023-08-24T04:47:32.603+0000] {processor.py:157} INFO - Started process (PID=44499) to work on /usr/local/lib/python3.8/dist-packages/airflow/example_dags/example_xcom.py
[2023-08-24T04:47:32.604+0000] {processor.py:829} INFO - Processing file /usr/local/lib/python3.8/dist-packages/airflow/example_dags/example_xcom.py for tasks to queue
[2023-08-24T04:47:32.605+0000] {logging_mixin.py:151} INFO - [2023-08-24T04:47:32.605+0000] {dagbag.py:539} INFO - Filling up the DagBag from /usr/local/lib/python3.8/dist-packages/airflow/example_dags/example_xcom.py
[2023-08-24T04:47:32.613+0000] {processor.py:839} INFO - DAG(s) dict_keys(['example_xcom']) retrieved from /usr/local/lib/python3.8/dist-packages/airflow/example_dags/example_xcom.py
[2023-08-24T04:47:32.630+0000] {logging_mixin.py:151} INFO - [2023-08-24T04:47:32.630+0000] {dag.py:2907} INFO - Sync 1 DAGs
[2023-08-24T04:47:32.648+0000] {logging_mixin.py:151} INFO - [2023-08-24T04:47:32.647+0000] {dag.py:3677} INFO - Setting next_dagrun for example_xcom to 2021-01-01T00:00:00+00:00, run_after=2021-01-01T00:00:00+00:00
[2023-08-24T04:47:32.666+0000] {processor.py:179} INFO - Processing /usr/local/lib/python3.8/dist-packages/airflow/example_dags/example_xcom.py took 0.067 seconds
[2023-08-24T04:48:33.775+0000] {processor.py:157} INFO - Started process (PID=44682) to work on /usr/local/lib/python3.8/dist-packages/airflow/example_dags/example_xcom.py
[2023-08-24T04:48:33.777+0000] {processor.py:829} INFO - Processing file /usr/local/lib/python3.8/dist-packages/airflow/example_dags/example_xcom.py for tasks to queue
[2023-08-24T04:48:33.778+0000] {logging_mixin.py:151} INFO - [2023-08-24T04:48:33.778+0000] {dagbag.py:539} INFO - Filling up the DagBag from /usr/local/lib/python3.8/dist-packages/airflow/example_dags/example_xcom.py
[2023-08-24T04:48:33.786+0000] {processor.py:839} INFO - DAG(s) dict_keys(['example_xcom']) retrieved from /usr/local/lib/python3.8/dist-packages/airflow/example_dags/example_xcom.py
[2023-08-24T04:48:33.803+0000] {logging_mixin.py:151} INFO - [2023-08-24T04:48:33.803+0000] {dag.py:2907} INFO - Sync 1 DAGs
[2023-08-24T04:48:33.819+0000] {logging_mixin.py:151} INFO - [2023-08-24T04:48:33.819+0000] {dag.py:3677} INFO - Setting next_dagrun for example_xcom to 2021-01-01T00:00:00+00:00, run_after=2021-01-01T00:00:00+00:00
[2023-08-24T04:48:33.838+0000] {processor.py:179} INFO - Processing /usr/local/lib/python3.8/dist-packages/airflow/example_dags/example_xcom.py took 0.066 seconds
[2023-08-24T04:49:36.107+0000] {processor.py:157} INFO - Started process (PID=44866) to work on /usr/local/lib/python3.8/dist-packages/airflow/example_dags/example_xcom.py
[2023-08-24T04:49:36.111+0000] {processor.py:829} INFO - Processing file /usr/local/lib/python3.8/dist-packages/airflow/example_dags/example_xcom.py for tasks to queue
[2023-08-24T04:49:36.112+0000] {logging_mixin.py:151} INFO - [2023-08-24T04:49:36.112+0000] {dagbag.py:539} INFO - Filling up the DagBag from /usr/local/lib/python3.8/dist-packages/airflow/example_dags/example_xcom.py
[2023-08-24T04:49:36.120+0000] {processor.py:839} INFO - DAG(s) dict_keys(['example_xcom']) retrieved from /usr/local/lib/python3.8/dist-packages/airflow/example_dags/example_xcom.py
[2023-08-24T04:49:36.137+0000] {logging_mixin.py:151} INFO - [2023-08-24T04:49:36.136+0000] {dag.py:2907} INFO - Sync 1 DAGs
[2023-08-24T04:49:36.153+0000] {logging_mixin.py:151} INFO - [2023-08-24T04:49:36.153+0000] {dag.py:3677} INFO - Setting next_dagrun for example_xcom to 2021-01-01T00:00:00+00:00, run_after=2021-01-01T00:00:00+00:00
[2023-08-24T04:49:36.171+0000] {processor.py:179} INFO - Processing /usr/local/lib/python3.8/dist-packages/airflow/example_dags/example_xcom.py took 0.067 seconds
[2023-08-24T04:50:33.542+0000] {processor.py:157} INFO - Started process (PID=45050) to work on /usr/local/lib/python3.8/dist-packages/airflow/example_dags/example_xcom.py
[2023-08-24T04:50:33.544+0000] {processor.py:829} INFO - Processing file /usr/local/lib/python3.8/dist-packages/airflow/example_dags/example_xcom.py for tasks to queue
[2023-08-24T04:50:33.544+0000] {logging_mixin.py:151} INFO - [2023-08-24T04:50:33.544+0000] {dagbag.py:539} INFO - Filling up the DagBag from /usr/local/lib/python3.8/dist-packages/airflow/example_dags/example_xcom.py
[2023-08-24T04:50:33.553+0000] {processor.py:839} INFO - DAG(s) dict_keys(['example_xcom']) retrieved from /usr/local/lib/python3.8/dist-packages/airflow/example_dags/example_xcom.py
[2023-08-24T04:50:33.569+0000] {logging_mixin.py:151} INFO - [2023-08-24T04:50:33.569+0000] {dag.py:2907} INFO - Sync 1 DAGs
[2023-08-24T04:50:33.585+0000] {logging_mixin.py:151} INFO - [2023-08-24T04:50:33.585+0000] {dag.py:3677} INFO - Setting next_dagrun for example_xcom to 2021-01-01T00:00:00+00:00, run_after=2021-01-01T00:00:00+00:00
[2023-08-24T04:50:33.604+0000] {processor.py:179} INFO - Processing /usr/local/lib/python3.8/dist-packages/airflow/example_dags/example_xcom.py took 0.066 seconds
[2023-08-24T04:51:33.788+0000] {processor.py:157} INFO - Started process (PID=45232) to work on /usr/local/lib/python3.8/dist-packages/airflow/example_dags/example_xcom.py
[2023-08-24T04:51:33.790+0000] {processor.py:829} INFO - Processing file /usr/local/lib/python3.8/dist-packages/airflow/example_dags/example_xcom.py for tasks to queue
[2023-08-24T04:51:33.791+0000] {logging_mixin.py:151} INFO - [2023-08-24T04:51:33.790+0000] {dagbag.py:539} INFO - Filling up the DagBag from /usr/local/lib/python3.8/dist-packages/airflow/example_dags/example_xcom.py
[2023-08-24T04:51:33.799+0000] {processor.py:839} INFO - DAG(s) dict_keys(['example_xcom']) retrieved from /usr/local/lib/python3.8/dist-packages/airflow/example_dags/example_xcom.py
[2023-08-24T04:51:33.814+0000] {logging_mixin.py:151} INFO - [2023-08-24T04:51:33.814+0000] {dag.py:2907} INFO - Sync 1 DAGs
[2023-08-24T04:51:33.830+0000] {logging_mixin.py:151} INFO - [2023-08-24T04:51:33.830+0000] {dag.py:3677} INFO - Setting next_dagrun for example_xcom to 2021-01-01T00:00:00+00:00, run_after=2021-01-01T00:00:00+00:00
[2023-08-24T04:51:33.847+0000] {processor.py:179} INFO - Processing /usr/local/lib/python3.8/dist-packages/airflow/example_dags/example_xcom.py took 0.063 seconds
[2023-08-24T04:52:35.604+0000] {processor.py:157} INFO - Started process (PID=45415) to work on /usr/local/lib/python3.8/dist-packages/airflow/example_dags/example_xcom.py
[2023-08-24T04:52:35.607+0000] {processor.py:829} INFO - Processing file /usr/local/lib/python3.8/dist-packages/airflow/example_dags/example_xcom.py for tasks to queue
[2023-08-24T04:52:35.608+0000] {logging_mixin.py:151} INFO - [2023-08-24T04:52:35.607+0000] {dagbag.py:539} INFO - Filling up the DagBag from /usr/local/lib/python3.8/dist-packages/airflow/example_dags/example_xcom.py
[2023-08-24T04:52:35.617+0000] {processor.py:839} INFO - DAG(s) dict_keys(['example_xcom']) retrieved from /usr/local/lib/python3.8/dist-packages/airflow/example_dags/example_xcom.py
[2023-08-24T04:52:35.633+0000] {logging_mixin.py:151} INFO - [2023-08-24T04:52:35.633+0000] {dag.py:2907} INFO - Sync 1 DAGs
[2023-08-24T04:52:35.649+0000] {logging_mixin.py:151} INFO - [2023-08-24T04:52:35.649+0000] {dag.py:3677} INFO - Setting next_dagrun for example_xcom to 2021-01-01T00:00:00+00:00, run_after=2021-01-01T00:00:00+00:00
[2023-08-24T04:52:35.666+0000] {processor.py:179} INFO - Processing /usr/local/lib/python3.8/dist-packages/airflow/example_dags/example_xcom.py took 0.067 seconds
[2023-08-24T04:53:37.991+0000] {processor.py:157} INFO - Started process (PID=45604) to work on /usr/local/lib/python3.8/dist-packages/airflow/example_dags/example_xcom.py
[2023-08-24T04:53:37.996+0000] {processor.py:829} INFO - Processing file /usr/local/lib/python3.8/dist-packages/airflow/example_dags/example_xcom.py for tasks to queue
[2023-08-24T04:53:37.997+0000] {logging_mixin.py:151} INFO - [2023-08-24T04:53:37.997+0000] {dagbag.py:539} INFO - Filling up the DagBag from /usr/local/lib/python3.8/dist-packages/airflow/example_dags/example_xcom.py
[2023-08-24T04:53:38.005+0000] {processor.py:839} INFO - DAG(s) dict_keys(['example_xcom']) retrieved from /usr/local/lib/python3.8/dist-packages/airflow/example_dags/example_xcom.py
[2023-08-24T04:53:38.021+0000] {logging_mixin.py:151} INFO - [2023-08-24T04:53:38.021+0000] {dag.py:2907} INFO - Sync 1 DAGs
[2023-08-24T04:53:38.037+0000] {logging_mixin.py:151} INFO - [2023-08-24T04:53:38.037+0000] {dag.py:3677} INFO - Setting next_dagrun for example_xcom to 2021-01-01T00:00:00+00:00, run_after=2021-01-01T00:00:00+00:00
[2023-08-24T04:53:38.057+0000] {processor.py:179} INFO - Processing /usr/local/lib/python3.8/dist-packages/airflow/example_dags/example_xcom.py took 0.069 seconds
[2023-08-24T04:54:38.806+0000] {processor.py:157} INFO - Started process (PID=45787) to work on /usr/local/lib/python3.8/dist-packages/airflow/example_dags/example_xcom.py
[2023-08-24T04:54:38.808+0000] {processor.py:829} INFO - Processing file /usr/local/lib/python3.8/dist-packages/airflow/example_dags/example_xcom.py for tasks to queue
[2023-08-24T04:54:38.808+0000] {logging_mixin.py:151} INFO - [2023-08-24T04:54:38.808+0000] {dagbag.py:539} INFO - Filling up the DagBag from /usr/local/lib/python3.8/dist-packages/airflow/example_dags/example_xcom.py
[2023-08-24T04:54:38.817+0000] {processor.py:839} INFO - DAG(s) dict_keys(['example_xcom']) retrieved from /usr/local/lib/python3.8/dist-packages/airflow/example_dags/example_xcom.py
[2023-08-24T04:54:38.833+0000] {logging_mixin.py:151} INFO - [2023-08-24T04:54:38.832+0000] {dag.py:2907} INFO - Sync 1 DAGs
[2023-08-24T04:54:38.848+0000] {logging_mixin.py:151} INFO - [2023-08-24T04:54:38.848+0000] {dag.py:3677} INFO - Setting next_dagrun for example_xcom to 2021-01-01T00:00:00+00:00, run_after=2021-01-01T00:00:00+00:00
[2023-08-24T04:54:38.866+0000] {processor.py:179} INFO - Processing /usr/local/lib/python3.8/dist-packages/airflow/example_dags/example_xcom.py took 0.064 seconds
[2023-08-24T04:55:38.598+0000] {processor.py:157} INFO - Started process (PID=45970) to work on /usr/local/lib/python3.8/dist-packages/airflow/example_dags/example_xcom.py
[2023-08-24T04:55:38.602+0000] {processor.py:829} INFO - Processing file /usr/local/lib/python3.8/dist-packages/airflow/example_dags/example_xcom.py for tasks to queue
[2023-08-24T04:55:38.603+0000] {logging_mixin.py:151} INFO - [2023-08-24T04:55:38.602+0000] {dagbag.py:539} INFO - Filling up the DagBag from /usr/local/lib/python3.8/dist-packages/airflow/example_dags/example_xcom.py
[2023-08-24T04:55:38.611+0000] {processor.py:839} INFO - DAG(s) dict_keys(['example_xcom']) retrieved from /usr/local/lib/python3.8/dist-packages/airflow/example_dags/example_xcom.py
[2023-08-24T04:55:38.627+0000] {logging_mixin.py:151} INFO - [2023-08-24T04:55:38.627+0000] {dag.py:2907} INFO - Sync 1 DAGs
[2023-08-24T04:55:38.643+0000] {logging_mixin.py:151} INFO - [2023-08-24T04:55:38.643+0000] {dag.py:3677} INFO - Setting next_dagrun for example_xcom to 2021-01-01T00:00:00+00:00, run_after=2021-01-01T00:00:00+00:00
[2023-08-24T04:55:38.661+0000] {processor.py:179} INFO - Processing /usr/local/lib/python3.8/dist-packages/airflow/example_dags/example_xcom.py took 0.066 seconds
[2023-08-24T04:56:43.074+0000] {processor.py:157} INFO - Started process (PID=46158) to work on /usr/local/lib/python3.8/dist-packages/airflow/example_dags/example_xcom.py
[2023-08-24T04:56:43.076+0000] {processor.py:829} INFO - Processing file /usr/local/lib/python3.8/dist-packages/airflow/example_dags/example_xcom.py for tasks to queue
[2023-08-24T04:56:43.076+0000] {logging_mixin.py:151} INFO - [2023-08-24T04:56:43.076+0000] {dagbag.py:539} INFO - Filling up the DagBag from /usr/local/lib/python3.8/dist-packages/airflow/example_dags/example_xcom.py
[2023-08-24T04:56:43.085+0000] {processor.py:839} INFO - DAG(s) dict_keys(['example_xcom']) retrieved from /usr/local/lib/python3.8/dist-packages/airflow/example_dags/example_xcom.py
[2023-08-24T04:56:43.101+0000] {logging_mixin.py:151} INFO - [2023-08-24T04:56:43.101+0000] {dag.py:2907} INFO - Sync 1 DAGs
[2023-08-24T04:56:43.117+0000] {logging_mixin.py:151} INFO - [2023-08-24T04:56:43.117+0000] {dag.py:3677} INFO - Setting next_dagrun for example_xcom to 2021-01-01T00:00:00+00:00, run_after=2021-01-01T00:00:00+00:00
[2023-08-24T04:56:43.136+0000] {processor.py:179} INFO - Processing /usr/local/lib/python3.8/dist-packages/airflow/example_dags/example_xcom.py took 0.065 seconds
[2023-08-24T04:57:46.651+0000] {processor.py:157} INFO - Started process (PID=46354) to work on /usr/local/lib/python3.8/dist-packages/airflow/example_dags/example_xcom.py
[2023-08-24T04:57:46.654+0000] {processor.py:829} INFO - Processing file /usr/local/lib/python3.8/dist-packages/airflow/example_dags/example_xcom.py for tasks to queue
[2023-08-24T04:57:46.655+0000] {logging_mixin.py:151} INFO - [2023-08-24T04:57:46.655+0000] {dagbag.py:539} INFO - Filling up the DagBag from /usr/local/lib/python3.8/dist-packages/airflow/example_dags/example_xcom.py
[2023-08-24T04:57:46.663+0000] {processor.py:839} INFO - DAG(s) dict_keys(['example_xcom']) retrieved from /usr/local/lib/python3.8/dist-packages/airflow/example_dags/example_xcom.py
[2023-08-24T04:57:46.680+0000] {logging_mixin.py:151} INFO - [2023-08-24T04:57:46.680+0000] {dag.py:2907} INFO - Sync 1 DAGs
[2023-08-24T04:57:46.815+0000] {logging_mixin.py:151} INFO - [2023-08-24T04:57:46.815+0000] {dag.py:3677} INFO - Setting next_dagrun for example_xcom to 2021-01-01T00:00:00+00:00, run_after=2021-01-01T00:00:00+00:00
[2023-08-24T04:57:46.832+0000] {processor.py:179} INFO - Processing /usr/local/lib/python3.8/dist-packages/airflow/example_dags/example_xcom.py took 0.184 seconds
[2023-08-24T04:58:49.262+0000] {processor.py:157} INFO - Started process (PID=46538) to work on /usr/local/lib/python3.8/dist-packages/airflow/example_dags/example_xcom.py
[2023-08-24T04:58:49.264+0000] {processor.py:829} INFO - Processing file /usr/local/lib/python3.8/dist-packages/airflow/example_dags/example_xcom.py for tasks to queue
[2023-08-24T04:58:49.265+0000] {logging_mixin.py:151} INFO - [2023-08-24T04:58:49.265+0000] {dagbag.py:539} INFO - Filling up the DagBag from /usr/local/lib/python3.8/dist-packages/airflow/example_dags/example_xcom.py
[2023-08-24T04:58:49.273+0000] {processor.py:839} INFO - DAG(s) dict_keys(['example_xcom']) retrieved from /usr/local/lib/python3.8/dist-packages/airflow/example_dags/example_xcom.py
[2023-08-24T04:58:49.290+0000] {logging_mixin.py:151} INFO - [2023-08-24T04:58:49.290+0000] {dag.py:2907} INFO - Sync 1 DAGs
[2023-08-24T04:58:49.306+0000] {logging_mixin.py:151} INFO - [2023-08-24T04:58:49.306+0000] {dag.py:3677} INFO - Setting next_dagrun for example_xcom to 2021-01-01T00:00:00+00:00, run_after=2021-01-01T00:00:00+00:00
[2023-08-24T04:58:49.450+0000] {processor.py:179} INFO - Processing /usr/local/lib/python3.8/dist-packages/airflow/example_dags/example_xcom.py took 0.191 seconds
[2023-08-24T04:59:53.962+0000] {processor.py:157} INFO - Started process (PID=46721) to work on /usr/local/lib/python3.8/dist-packages/airflow/example_dags/example_xcom.py
[2023-08-24T04:59:53.963+0000] {processor.py:829} INFO - Processing file /usr/local/lib/python3.8/dist-packages/airflow/example_dags/example_xcom.py for tasks to queue
[2023-08-24T04:59:53.964+0000] {logging_mixin.py:151} INFO - [2023-08-24T04:59:53.964+0000] {dagbag.py:539} INFO - Filling up the DagBag from /usr/local/lib/python3.8/dist-packages/airflow/example_dags/example_xcom.py
[2023-08-24T04:59:53.973+0000] {processor.py:839} INFO - DAG(s) dict_keys(['example_xcom']) retrieved from /usr/local/lib/python3.8/dist-packages/airflow/example_dags/example_xcom.py
[2023-08-24T04:59:53.989+0000] {logging_mixin.py:151} INFO - [2023-08-24T04:59:53.989+0000] {dag.py:2907} INFO - Sync 1 DAGs
[2023-08-24T04:59:54.005+0000] {logging_mixin.py:151} INFO - [2023-08-24T04:59:54.005+0000] {dag.py:3677} INFO - Setting next_dagrun for example_xcom to 2021-01-01T00:00:00+00:00, run_after=2021-01-01T00:00:00+00:00
[2023-08-24T04:59:54.023+0000] {processor.py:179} INFO - Processing /usr/local/lib/python3.8/dist-packages/airflow/example_dags/example_xcom.py took 0.065 seconds
[2023-08-24T05:00:53.040+0000] {processor.py:157} INFO - Started process (PID=46906) to work on /usr/local/lib/python3.8/dist-packages/airflow/example_dags/example_xcom.py
[2023-08-24T05:00:53.042+0000] {processor.py:829} INFO - Processing file /usr/local/lib/python3.8/dist-packages/airflow/example_dags/example_xcom.py for tasks to queue
[2023-08-24T05:00:53.043+0000] {logging_mixin.py:151} INFO - [2023-08-24T05:00:53.042+0000] {dagbag.py:539} INFO - Filling up the DagBag from /usr/local/lib/python3.8/dist-packages/airflow/example_dags/example_xcom.py
[2023-08-24T05:00:53.051+0000] {processor.py:839} INFO - DAG(s) dict_keys(['example_xcom']) retrieved from /usr/local/lib/python3.8/dist-packages/airflow/example_dags/example_xcom.py
[2023-08-24T05:00:53.067+0000] {logging_mixin.py:151} INFO - [2023-08-24T05:00:53.066+0000] {dag.py:2907} INFO - Sync 1 DAGs
[2023-08-24T05:00:53.082+0000] {logging_mixin.py:151} INFO - [2023-08-24T05:00:53.082+0000] {dag.py:3677} INFO - Setting next_dagrun for example_xcom to 2021-01-01T00:00:00+00:00, run_after=2021-01-01T00:00:00+00:00
[2023-08-24T05:00:53.099+0000] {processor.py:179} INFO - Processing /usr/local/lib/python3.8/dist-packages/airflow/example_dags/example_xcom.py took 0.062 seconds
[2023-08-24T05:01:52.150+0000] {processor.py:157} INFO - Started process (PID=47104) to work on /usr/local/lib/python3.8/dist-packages/airflow/example_dags/example_xcom.py
[2023-08-24T05:01:52.152+0000] {processor.py:829} INFO - Processing file /usr/local/lib/python3.8/dist-packages/airflow/example_dags/example_xcom.py for tasks to queue
[2023-08-24T05:01:52.153+0000] {logging_mixin.py:151} INFO - [2023-08-24T05:01:52.152+0000] {dagbag.py:539} INFO - Filling up the DagBag from /usr/local/lib/python3.8/dist-packages/airflow/example_dags/example_xcom.py
[2023-08-24T05:01:52.161+0000] {processor.py:839} INFO - DAG(s) dict_keys(['example_xcom']) retrieved from /usr/local/lib/python3.8/dist-packages/airflow/example_dags/example_xcom.py
[2023-08-24T05:01:52.178+0000] {logging_mixin.py:151} INFO - [2023-08-24T05:01:52.177+0000] {dag.py:2907} INFO - Sync 1 DAGs
[2023-08-24T05:01:52.194+0000] {logging_mixin.py:151} INFO - [2023-08-24T05:01:52.193+0000] {dag.py:3677} INFO - Setting next_dagrun for example_xcom to 2021-01-01T00:00:00+00:00, run_after=2021-01-01T00:00:00+00:00
[2023-08-24T05:01:52.212+0000] {processor.py:179} INFO - Processing /usr/local/lib/python3.8/dist-packages/airflow/example_dags/example_xcom.py took 0.065 seconds
[2023-08-24T05:02:52.802+0000] {processor.py:157} INFO - Started process (PID=47288) to work on /usr/local/lib/python3.8/dist-packages/airflow/example_dags/example_xcom.py
[2023-08-24T05:02:52.804+0000] {processor.py:829} INFO - Processing file /usr/local/lib/python3.8/dist-packages/airflow/example_dags/example_xcom.py for tasks to queue
[2023-08-24T05:02:52.805+0000] {logging_mixin.py:151} INFO - [2023-08-24T05:02:52.804+0000] {dagbag.py:539} INFO - Filling up the DagBag from /usr/local/lib/python3.8/dist-packages/airflow/example_dags/example_xcom.py
[2023-08-24T05:02:52.813+0000] {processor.py:839} INFO - DAG(s) dict_keys(['example_xcom']) retrieved from /usr/local/lib/python3.8/dist-packages/airflow/example_dags/example_xcom.py
[2023-08-24T05:02:52.831+0000] {logging_mixin.py:151} INFO - [2023-08-24T05:02:52.831+0000] {dag.py:2907} INFO - Sync 1 DAGs
[2023-08-24T05:02:52.848+0000] {logging_mixin.py:151} INFO - [2023-08-24T05:02:52.848+0000] {dag.py:3677} INFO - Setting next_dagrun for example_xcom to 2021-01-01T00:00:00+00:00, run_after=2021-01-01T00:00:00+00:00
[2023-08-24T05:02:52.866+0000] {processor.py:179} INFO - Processing /usr/local/lib/python3.8/dist-packages/airflow/example_dags/example_xcom.py took 0.067 seconds
[2023-08-24T05:03:53.529+0000] {processor.py:157} INFO - Started process (PID=47477) to work on /usr/local/lib/python3.8/dist-packages/airflow/example_dags/example_xcom.py
[2023-08-24T05:03:53.530+0000] {processor.py:829} INFO - Processing file /usr/local/lib/python3.8/dist-packages/airflow/example_dags/example_xcom.py for tasks to queue
[2023-08-24T05:03:53.531+0000] {logging_mixin.py:151} INFO - [2023-08-24T05:03:53.531+0000] {dagbag.py:539} INFO - Filling up the DagBag from /usr/local/lib/python3.8/dist-packages/airflow/example_dags/example_xcom.py
[2023-08-24T05:03:53.540+0000] {processor.py:839} INFO - DAG(s) dict_keys(['example_xcom']) retrieved from /usr/local/lib/python3.8/dist-packages/airflow/example_dags/example_xcom.py
[2023-08-24T05:03:53.555+0000] {logging_mixin.py:151} INFO - [2023-08-24T05:03:53.555+0000] {dag.py:2907} INFO - Sync 1 DAGs
[2023-08-24T05:03:53.571+0000] {logging_mixin.py:151} INFO - [2023-08-24T05:03:53.571+0000] {dag.py:3677} INFO - Setting next_dagrun for example_xcom to 2021-01-01T00:00:00+00:00, run_after=2021-01-01T00:00:00+00:00
[2023-08-24T05:03:53.588+0000] {processor.py:179} INFO - Processing /usr/local/lib/python3.8/dist-packages/airflow/example_dags/example_xcom.py took 0.063 seconds
[2023-08-24T05:04:51.542+0000] {processor.py:157} INFO - Started process (PID=47659) to work on /usr/local/lib/python3.8/dist-packages/airflow/example_dags/example_xcom.py
[2023-08-24T05:04:51.543+0000] {processor.py:829} INFO - Processing file /usr/local/lib/python3.8/dist-packages/airflow/example_dags/example_xcom.py for tasks to queue
[2023-08-24T05:04:51.544+0000] {logging_mixin.py:151} INFO - [2023-08-24T05:04:51.544+0000] {dagbag.py:539} INFO - Filling up the DagBag from /usr/local/lib/python3.8/dist-packages/airflow/example_dags/example_xcom.py
[2023-08-24T05:04:51.553+0000] {processor.py:839} INFO - DAG(s) dict_keys(['example_xcom']) retrieved from /usr/local/lib/python3.8/dist-packages/airflow/example_dags/example_xcom.py
[2023-08-24T05:04:51.568+0000] {logging_mixin.py:151} INFO - [2023-08-24T05:04:51.568+0000] {dag.py:2907} INFO - Sync 1 DAGs
[2023-08-24T05:04:51.584+0000] {logging_mixin.py:151} INFO - [2023-08-24T05:04:51.584+0000] {dag.py:3677} INFO - Setting next_dagrun for example_xcom to 2021-01-01T00:00:00+00:00, run_after=2021-01-01T00:00:00+00:00
[2023-08-24T05:04:51.601+0000] {processor.py:179} INFO - Processing /usr/local/lib/python3.8/dist-packages/airflow/example_dags/example_xcom.py took 0.063 seconds
[2023-08-24T05:05:50.532+0000] {processor.py:157} INFO - Started process (PID=47855) to work on /usr/local/lib/python3.8/dist-packages/airflow/example_dags/example_xcom.py
[2023-08-24T05:05:50.533+0000] {processor.py:829} INFO - Processing file /usr/local/lib/python3.8/dist-packages/airflow/example_dags/example_xcom.py for tasks to queue
[2023-08-24T05:05:50.534+0000] {logging_mixin.py:151} INFO - [2023-08-24T05:05:50.534+0000] {dagbag.py:539} INFO - Filling up the DagBag from /usr/local/lib/python3.8/dist-packages/airflow/example_dags/example_xcom.py
[2023-08-24T05:05:50.544+0000] {processor.py:839} INFO - DAG(s) dict_keys(['example_xcom']) retrieved from /usr/local/lib/python3.8/dist-packages/airflow/example_dags/example_xcom.py
[2023-08-24T05:05:50.562+0000] {logging_mixin.py:151} INFO - [2023-08-24T05:05:50.562+0000] {dag.py:2907} INFO - Sync 1 DAGs
[2023-08-24T05:05:50.578+0000] {logging_mixin.py:151} INFO - [2023-08-24T05:05:50.578+0000] {dag.py:3677} INFO - Setting next_dagrun for example_xcom to 2021-01-01T00:00:00+00:00, run_after=2021-01-01T00:00:00+00:00
[2023-08-24T05:05:50.595+0000] {processor.py:179} INFO - Processing /usr/local/lib/python3.8/dist-packages/airflow/example_dags/example_xcom.py took 0.068 seconds
[2023-08-24T05:06:48.079+0000] {processor.py:157} INFO - Started process (PID=48052) to work on /usr/local/lib/python3.8/dist-packages/airflow/example_dags/example_xcom.py
[2023-08-24T05:06:48.080+0000] {processor.py:829} INFO - Processing file /usr/local/lib/python3.8/dist-packages/airflow/example_dags/example_xcom.py for tasks to queue
[2023-08-24T05:06:48.081+0000] {logging_mixin.py:151} INFO - [2023-08-24T05:06:48.081+0000] {dagbag.py:539} INFO - Filling up the DagBag from /usr/local/lib/python3.8/dist-packages/airflow/example_dags/example_xcom.py
[2023-08-24T05:06:48.090+0000] {processor.py:839} INFO - DAG(s) dict_keys(['example_xcom']) retrieved from /usr/local/lib/python3.8/dist-packages/airflow/example_dags/example_xcom.py
[2023-08-24T05:06:48.106+0000] {logging_mixin.py:151} INFO - [2023-08-24T05:06:48.106+0000] {dag.py:2907} INFO - Sync 1 DAGs
[2023-08-24T05:06:48.122+0000] {logging_mixin.py:151} INFO - [2023-08-24T05:06:48.122+0000] {dag.py:3677} INFO - Setting next_dagrun for example_xcom to 2021-01-01T00:00:00+00:00, run_after=2021-01-01T00:00:00+00:00
[2023-08-24T05:06:48.140+0000] {processor.py:179} INFO - Processing /usr/local/lib/python3.8/dist-packages/airflow/example_dags/example_xcom.py took 0.065 seconds
[2023-08-24T05:07:47.958+0000] {processor.py:157} INFO - Started process (PID=48238) to work on /usr/local/lib/python3.8/dist-packages/airflow/example_dags/example_xcom.py
[2023-08-24T05:07:47.960+0000] {processor.py:829} INFO - Processing file /usr/local/lib/python3.8/dist-packages/airflow/example_dags/example_xcom.py for tasks to queue
[2023-08-24T05:07:47.961+0000] {logging_mixin.py:151} INFO - [2023-08-24T05:07:47.960+0000] {dagbag.py:539} INFO - Filling up the DagBag from /usr/local/lib/python3.8/dist-packages/airflow/example_dags/example_xcom.py
[2023-08-24T05:07:47.969+0000] {processor.py:839} INFO - DAG(s) dict_keys(['example_xcom']) retrieved from /usr/local/lib/python3.8/dist-packages/airflow/example_dags/example_xcom.py
[2023-08-24T05:07:47.985+0000] {logging_mixin.py:151} INFO - [2023-08-24T05:07:47.985+0000] {dag.py:2907} INFO - Sync 1 DAGs
[2023-08-24T05:07:48.001+0000] {logging_mixin.py:151} INFO - [2023-08-24T05:07:48.001+0000] {dag.py:3677} INFO - Setting next_dagrun for example_xcom to 2021-01-01T00:00:00+00:00, run_after=2021-01-01T00:00:00+00:00
[2023-08-24T05:07:48.018+0000] {processor.py:179} INFO - Processing /usr/local/lib/python3.8/dist-packages/airflow/example_dags/example_xcom.py took 0.063 seconds
[2023-08-24T05:08:48.937+0000] {processor.py:157} INFO - Started process (PID=48421) to work on /usr/local/lib/python3.8/dist-packages/airflow/example_dags/example_xcom.py
[2023-08-24T05:08:48.939+0000] {processor.py:829} INFO - Processing file /usr/local/lib/python3.8/dist-packages/airflow/example_dags/example_xcom.py for tasks to queue
[2023-08-24T05:08:48.940+0000] {logging_mixin.py:151} INFO - [2023-08-24T05:08:48.940+0000] {dagbag.py:539} INFO - Filling up the DagBag from /usr/local/lib/python3.8/dist-packages/airflow/example_dags/example_xcom.py
[2023-08-24T05:08:48.949+0000] {processor.py:839} INFO - DAG(s) dict_keys(['example_xcom']) retrieved from /usr/local/lib/python3.8/dist-packages/airflow/example_dags/example_xcom.py
[2023-08-24T05:08:48.966+0000] {logging_mixin.py:151} INFO - [2023-08-24T05:08:48.965+0000] {dag.py:2907} INFO - Sync 1 DAGs
[2023-08-24T05:08:48.982+0000] {logging_mixin.py:151} INFO - [2023-08-24T05:08:48.982+0000] {dag.py:3677} INFO - Setting next_dagrun for example_xcom to 2021-01-01T00:00:00+00:00, run_after=2021-01-01T00:00:00+00:00
[2023-08-24T05:08:49.000+0000] {processor.py:179} INFO - Processing /usr/local/lib/python3.8/dist-packages/airflow/example_dags/example_xcom.py took 0.067 seconds
[2023-08-24T05:09:48.066+0000] {processor.py:157} INFO - Started process (PID=48617) to work on /usr/local/lib/python3.8/dist-packages/airflow/example_dags/example_xcom.py
[2023-08-24T05:09:48.069+0000] {processor.py:829} INFO - Processing file /usr/local/lib/python3.8/dist-packages/airflow/example_dags/example_xcom.py for tasks to queue
[2023-08-24T05:09:48.070+0000] {logging_mixin.py:151} INFO - [2023-08-24T05:09:48.069+0000] {dagbag.py:539} INFO - Filling up the DagBag from /usr/local/lib/python3.8/dist-packages/airflow/example_dags/example_xcom.py
[2023-08-24T05:09:48.079+0000] {processor.py:839} INFO - DAG(s) dict_keys(['example_xcom']) retrieved from /usr/local/lib/python3.8/dist-packages/airflow/example_dags/example_xcom.py
[2023-08-24T05:09:48.096+0000] {logging_mixin.py:151} INFO - [2023-08-24T05:09:48.096+0000] {dag.py:2907} INFO - Sync 1 DAGs
[2023-08-24T05:09:48.113+0000] {logging_mixin.py:151} INFO - [2023-08-24T05:09:48.113+0000] {dag.py:3677} INFO - Setting next_dagrun for example_xcom to 2021-01-01T00:00:00+00:00, run_after=2021-01-01T00:00:00+00:00
[2023-08-24T05:09:48.132+0000] {processor.py:179} INFO - Processing /usr/local/lib/python3.8/dist-packages/airflow/example_dags/example_xcom.py took 0.069 seconds
[2023-08-24T05:10:45.179+0000] {processor.py:157} INFO - Started process (PID=48798) to work on /usr/local/lib/python3.8/dist-packages/airflow/example_dags/example_xcom.py
[2023-08-24T05:10:45.181+0000] {processor.py:829} INFO - Processing file /usr/local/lib/python3.8/dist-packages/airflow/example_dags/example_xcom.py for tasks to queue
[2023-08-24T05:10:45.182+0000] {logging_mixin.py:151} INFO - [2023-08-24T05:10:45.181+0000] {dagbag.py:539} INFO - Filling up the DagBag from /usr/local/lib/python3.8/dist-packages/airflow/example_dags/example_xcom.py
[2023-08-24T05:10:45.190+0000] {processor.py:839} INFO - DAG(s) dict_keys(['example_xcom']) retrieved from /usr/local/lib/python3.8/dist-packages/airflow/example_dags/example_xcom.py
[2023-08-24T05:10:45.208+0000] {logging_mixin.py:151} INFO - [2023-08-24T05:10:45.207+0000] {dag.py:2907} INFO - Sync 1 DAGs
[2023-08-24T05:10:45.224+0000] {logging_mixin.py:151} INFO - [2023-08-24T05:10:45.224+0000] {dag.py:3677} INFO - Setting next_dagrun for example_xcom to 2021-01-01T00:00:00+00:00, run_after=2021-01-01T00:00:00+00:00
[2023-08-24T05:10:45.243+0000] {processor.py:179} INFO - Processing /usr/local/lib/python3.8/dist-packages/airflow/example_dags/example_xcom.py took 0.068 seconds
[2023-08-24T05:12:01.443+0000] {processor.py:157} INFO - Started process (PID=48954) to work on /usr/local/lib/python3.8/dist-packages/airflow/example_dags/example_xcom.py
[2023-08-24T05:12:01.444+0000] {processor.py:829} INFO - Processing file /usr/local/lib/python3.8/dist-packages/airflow/example_dags/example_xcom.py for tasks to queue
[2023-08-24T05:12:01.445+0000] {logging_mixin.py:151} INFO - [2023-08-24T05:12:01.445+0000] {dagbag.py:539} INFO - Filling up the DagBag from /usr/local/lib/python3.8/dist-packages/airflow/example_dags/example_xcom.py
[2023-08-24T05:12:01.454+0000] {processor.py:839} INFO - DAG(s) dict_keys(['example_xcom']) retrieved from /usr/local/lib/python3.8/dist-packages/airflow/example_dags/example_xcom.py
[2023-08-24T05:12:01.470+0000] {logging_mixin.py:151} INFO - [2023-08-24T05:12:01.470+0000] {dag.py:2907} INFO - Sync 1 DAGs
[2023-08-24T05:12:01.486+0000] {logging_mixin.py:151} INFO - [2023-08-24T05:12:01.486+0000] {dag.py:3677} INFO - Setting next_dagrun for example_xcom to 2021-01-01T00:00:00+00:00, run_after=2021-01-01T00:00:00+00:00
[2023-08-24T05:12:01.506+0000] {processor.py:179} INFO - Processing /usr/local/lib/python3.8/dist-packages/airflow/example_dags/example_xcom.py took 0.067 seconds
[2023-08-24T05:13:03.986+0000] {processor.py:157} INFO - Started process (PID=49151) to work on /usr/local/lib/python3.8/dist-packages/airflow/example_dags/example_xcom.py
[2023-08-24T05:13:03.987+0000] {processor.py:829} INFO - Processing file /usr/local/lib/python3.8/dist-packages/airflow/example_dags/example_xcom.py for tasks to queue
[2023-08-24T05:13:03.988+0000] {logging_mixin.py:151} INFO - [2023-08-24T05:13:03.988+0000] {dagbag.py:539} INFO - Filling up the DagBag from /usr/local/lib/python3.8/dist-packages/airflow/example_dags/example_xcom.py
[2023-08-24T05:13:03.997+0000] {processor.py:839} INFO - DAG(s) dict_keys(['example_xcom']) retrieved from /usr/local/lib/python3.8/dist-packages/airflow/example_dags/example_xcom.py
[2023-08-24T05:13:04.013+0000] {logging_mixin.py:151} INFO - [2023-08-24T05:13:04.013+0000] {dag.py:2907} INFO - Sync 1 DAGs
[2023-08-24T05:13:04.029+0000] {logging_mixin.py:151} INFO - [2023-08-24T05:13:04.029+0000] {dag.py:3677} INFO - Setting next_dagrun for example_xcom to 2021-01-01T00:00:00+00:00, run_after=2021-01-01T00:00:00+00:00
[2023-08-24T05:13:04.048+0000] {processor.py:179} INFO - Processing /usr/local/lib/python3.8/dist-packages/airflow/example_dags/example_xcom.py took 0.066 seconds
