[2023-08-24T04:31:36.820+0000] {processor.py:157} INFO - Started process (PID=41499) to work on /usr/local/lib/python3.8/dist-packages/airflow/example_dags/example_branch_labels.py
[2023-08-24T04:31:36.821+0000] {processor.py:829} INFO - Processing file /usr/local/lib/python3.8/dist-packages/airflow/example_dags/example_branch_labels.py for tasks to queue
[2023-08-24T04:31:36.821+0000] {logging_mixin.py:151} INFO - [2023-08-24T04:31:36.821+0000] {dagbag.py:539} INFO - Filling up the DagBag from /usr/local/lib/python3.8/dist-packages/airflow/example_dags/example_branch_labels.py
[2023-08-24T04:31:36.829+0000] {processor.py:839} INFO - DAG(s) dict_keys(['example_branch_labels']) retrieved from /usr/local/lib/python3.8/dist-packages/airflow/example_dags/example_branch_labels.py
[2023-08-24T04:31:36.846+0000] {logging_mixin.py:151} INFO - [2023-08-24T04:31:36.846+0000] {dag.py:2907} INFO - Sync 1 DAGs
[2023-08-24T04:31:36.863+0000] {logging_mixin.py:151} INFO - [2023-08-24T04:31:36.863+0000] {dag.py:3677} INFO - Setting next_dagrun for example_branch_labels to 2023-08-23T00:00:00+00:00, run_after=2023-08-24T00:00:00+00:00
[2023-08-24T04:31:36.881+0000] {processor.py:179} INFO - Processing /usr/local/lib/python3.8/dist-packages/airflow/example_dags/example_branch_labels.py took 0.065 seconds
[2023-08-24T04:32:38.827+0000] {processor.py:157} INFO - Started process (PID=41697) to work on /usr/local/lib/python3.8/dist-packages/airflow/example_dags/example_branch_labels.py
[2023-08-24T04:32:38.828+0000] {processor.py:829} INFO - Processing file /usr/local/lib/python3.8/dist-packages/airflow/example_dags/example_branch_labels.py for tasks to queue
[2023-08-24T04:32:38.829+0000] {logging_mixin.py:151} INFO - [2023-08-24T04:32:38.829+0000] {dagbag.py:539} INFO - Filling up the DagBag from /usr/local/lib/python3.8/dist-packages/airflow/example_dags/example_branch_labels.py
[2023-08-24T04:32:38.837+0000] {processor.py:839} INFO - DAG(s) dict_keys(['example_branch_labels']) retrieved from /usr/local/lib/python3.8/dist-packages/airflow/example_dags/example_branch_labels.py
[2023-08-24T04:32:38.853+0000] {logging_mixin.py:151} INFO - [2023-08-24T04:32:38.853+0000] {dag.py:2907} INFO - Sync 1 DAGs
[2023-08-24T04:32:38.870+0000] {logging_mixin.py:151} INFO - [2023-08-24T04:32:38.870+0000] {dag.py:3677} INFO - Setting next_dagrun for example_branch_labels to 2023-08-23T00:00:00+00:00, run_after=2023-08-24T00:00:00+00:00
[2023-08-24T04:32:38.887+0000] {processor.py:179} INFO - Processing /usr/local/lib/python3.8/dist-packages/airflow/example_dags/example_branch_labels.py took 0.064 seconds
[2023-08-24T04:33:38.269+0000] {processor.py:157} INFO - Started process (PID=41888) to work on /usr/local/lib/python3.8/dist-packages/airflow/example_dags/example_branch_labels.py
[2023-08-24T04:33:38.271+0000] {processor.py:829} INFO - Processing file /usr/local/lib/python3.8/dist-packages/airflow/example_dags/example_branch_labels.py for tasks to queue
[2023-08-24T04:33:38.272+0000] {logging_mixin.py:151} INFO - [2023-08-24T04:33:38.271+0000] {dagbag.py:539} INFO - Filling up the DagBag from /usr/local/lib/python3.8/dist-packages/airflow/example_dags/example_branch_labels.py
[2023-08-24T04:33:38.281+0000] {processor.py:839} INFO - DAG(s) dict_keys(['example_branch_labels']) retrieved from /usr/local/lib/python3.8/dist-packages/airflow/example_dags/example_branch_labels.py
[2023-08-24T04:33:38.299+0000] {logging_mixin.py:151} INFO - [2023-08-24T04:33:38.299+0000] {dag.py:2907} INFO - Sync 1 DAGs
[2023-08-24T04:33:38.317+0000] {logging_mixin.py:151} INFO - [2023-08-24T04:33:38.317+0000] {dag.py:3677} INFO - Setting next_dagrun for example_branch_labels to 2023-08-23T00:00:00+00:00, run_after=2023-08-24T00:00:00+00:00
[2023-08-24T04:33:38.335+0000] {processor.py:179} INFO - Processing /usr/local/lib/python3.8/dist-packages/airflow/example_dags/example_branch_labels.py took 0.070 seconds
[2023-08-24T04:34:36.662+0000] {processor.py:157} INFO - Started process (PID=42071) to work on /usr/local/lib/python3.8/dist-packages/airflow/example_dags/example_branch_labels.py
[2023-08-24T04:34:36.664+0000] {processor.py:829} INFO - Processing file /usr/local/lib/python3.8/dist-packages/airflow/example_dags/example_branch_labels.py for tasks to queue
[2023-08-24T04:34:36.665+0000] {logging_mixin.py:151} INFO - [2023-08-24T04:34:36.665+0000] {dagbag.py:539} INFO - Filling up the DagBag from /usr/local/lib/python3.8/dist-packages/airflow/example_dags/example_branch_labels.py
[2023-08-24T04:34:36.673+0000] {processor.py:839} INFO - DAG(s) dict_keys(['example_branch_labels']) retrieved from /usr/local/lib/python3.8/dist-packages/airflow/example_dags/example_branch_labels.py
[2023-08-24T04:34:36.688+0000] {logging_mixin.py:151} INFO - [2023-08-24T04:34:36.688+0000] {dag.py:2907} INFO - Sync 1 DAGs
[2023-08-24T04:34:36.705+0000] {logging_mixin.py:151} INFO - [2023-08-24T04:34:36.705+0000] {dag.py:3677} INFO - Setting next_dagrun for example_branch_labels to 2023-08-23T00:00:00+00:00, run_after=2023-08-24T00:00:00+00:00
[2023-08-24T04:34:36.722+0000] {processor.py:179} INFO - Processing /usr/local/lib/python3.8/dist-packages/airflow/example_dags/example_branch_labels.py took 0.063 seconds
[2023-08-24T04:35:35.707+0000] {processor.py:157} INFO - Started process (PID=42267) to work on /usr/local/lib/python3.8/dist-packages/airflow/example_dags/example_branch_labels.py
[2023-08-24T04:35:35.708+0000] {processor.py:829} INFO - Processing file /usr/local/lib/python3.8/dist-packages/airflow/example_dags/example_branch_labels.py for tasks to queue
[2023-08-24T04:35:35.709+0000] {logging_mixin.py:151} INFO - [2023-08-24T04:35:35.709+0000] {dagbag.py:539} INFO - Filling up the DagBag from /usr/local/lib/python3.8/dist-packages/airflow/example_dags/example_branch_labels.py
[2023-08-24T04:35:35.717+0000] {processor.py:839} INFO - DAG(s) dict_keys(['example_branch_labels']) retrieved from /usr/local/lib/python3.8/dist-packages/airflow/example_dags/example_branch_labels.py
[2023-08-24T04:35:35.733+0000] {logging_mixin.py:151} INFO - [2023-08-24T04:35:35.733+0000] {dag.py:2907} INFO - Sync 1 DAGs
[2023-08-24T04:35:35.749+0000] {logging_mixin.py:151} INFO - [2023-08-24T04:35:35.749+0000] {dag.py:3677} INFO - Setting next_dagrun for example_branch_labels to 2023-08-23T00:00:00+00:00, run_after=2023-08-24T00:00:00+00:00
[2023-08-24T04:35:35.766+0000] {processor.py:179} INFO - Processing /usr/local/lib/python3.8/dist-packages/airflow/example_dags/example_branch_labels.py took 0.062 seconds
[2023-08-24T04:36:33.826+0000] {processor.py:157} INFO - Started process (PID=42463) to work on /usr/local/lib/python3.8/dist-packages/airflow/example_dags/example_branch_labels.py
[2023-08-24T04:36:33.827+0000] {processor.py:829} INFO - Processing file /usr/local/lib/python3.8/dist-packages/airflow/example_dags/example_branch_labels.py for tasks to queue
[2023-08-24T04:36:33.828+0000] {logging_mixin.py:151} INFO - [2023-08-24T04:36:33.828+0000] {dagbag.py:539} INFO - Filling up the DagBag from /usr/local/lib/python3.8/dist-packages/airflow/example_dags/example_branch_labels.py
[2023-08-24T04:36:33.836+0000] {processor.py:839} INFO - DAG(s) dict_keys(['example_branch_labels']) retrieved from /usr/local/lib/python3.8/dist-packages/airflow/example_dags/example_branch_labels.py
[2023-08-24T04:36:33.852+0000] {logging_mixin.py:151} INFO - [2023-08-24T04:36:33.852+0000] {dag.py:2907} INFO - Sync 1 DAGs
[2023-08-24T04:36:33.869+0000] {logging_mixin.py:151} INFO - [2023-08-24T04:36:33.869+0000] {dag.py:3677} INFO - Setting next_dagrun for example_branch_labels to 2023-08-23T00:00:00+00:00, run_after=2023-08-24T00:00:00+00:00
[2023-08-24T04:36:33.887+0000] {processor.py:179} INFO - Processing /usr/local/lib/python3.8/dist-packages/airflow/example_dags/example_branch_labels.py took 0.065 seconds
[2023-08-24T04:37:55.338+0000] {processor.py:157} INFO - Started process (PID=42794) to work on /usr/local/lib/python3.8/dist-packages/airflow/example_dags/example_branch_labels.py
[2023-08-24T04:37:55.339+0000] {processor.py:829} INFO - Processing file /usr/local/lib/python3.8/dist-packages/airflow/example_dags/example_branch_labels.py for tasks to queue
[2023-08-24T04:37:55.340+0000] {logging_mixin.py:151} INFO - [2023-08-24T04:37:55.340+0000] {dagbag.py:539} INFO - Filling up the DagBag from /usr/local/lib/python3.8/dist-packages/airflow/example_dags/example_branch_labels.py
[2023-08-24T04:37:55.347+0000] {processor.py:839} INFO - DAG(s) dict_keys(['example_branch_labels']) retrieved from /usr/local/lib/python3.8/dist-packages/airflow/example_dags/example_branch_labels.py
[2023-08-24T04:37:55.364+0000] {logging_mixin.py:151} INFO - [2023-08-24T04:37:55.363+0000] {dag.py:2907} INFO - Sync 1 DAGs
[2023-08-24T04:37:55.381+0000] {logging_mixin.py:151} INFO - [2023-08-24T04:37:55.381+0000] {dag.py:3677} INFO - Setting next_dagrun for example_branch_labels to 2023-08-23T00:00:00+00:00, run_after=2023-08-24T00:00:00+00:00
[2023-08-24T04:37:55.398+0000] {processor.py:179} INFO - Processing /usr/local/lib/python3.8/dist-packages/airflow/example_dags/example_branch_labels.py took 0.063 seconds
[2023-08-24T04:38:55.973+0000] {processor.py:157} INFO - Started process (PID=42979) to work on /usr/local/lib/python3.8/dist-packages/airflow/example_dags/example_branch_labels.py
[2023-08-24T04:38:55.975+0000] {processor.py:829} INFO - Processing file /usr/local/lib/python3.8/dist-packages/airflow/example_dags/example_branch_labels.py for tasks to queue
[2023-08-24T04:38:55.976+0000] {logging_mixin.py:151} INFO - [2023-08-24T04:38:55.976+0000] {dagbag.py:539} INFO - Filling up the DagBag from /usr/local/lib/python3.8/dist-packages/airflow/example_dags/example_branch_labels.py
[2023-08-24T04:38:55.983+0000] {processor.py:839} INFO - DAG(s) dict_keys(['example_branch_labels']) retrieved from /usr/local/lib/python3.8/dist-packages/airflow/example_dags/example_branch_labels.py
[2023-08-24T04:38:55.999+0000] {logging_mixin.py:151} INFO - [2023-08-24T04:38:55.999+0000] {dag.py:2907} INFO - Sync 1 DAGs
[2023-08-24T04:38:56.016+0000] {logging_mixin.py:151} INFO - [2023-08-24T04:38:56.016+0000] {dag.py:3677} INFO - Setting next_dagrun for example_branch_labels to 2023-08-23T00:00:00+00:00, run_after=2023-08-24T00:00:00+00:00
[2023-08-24T04:38:56.033+0000] {processor.py:179} INFO - Processing /usr/local/lib/python3.8/dist-packages/airflow/example_dags/example_branch_labels.py took 0.063 seconds
[2023-08-24T04:39:58.517+0000] {processor.py:157} INFO - Started process (PID=43177) to work on /usr/local/lib/python3.8/dist-packages/airflow/example_dags/example_branch_labels.py
[2023-08-24T04:39:58.519+0000] {processor.py:829} INFO - Processing file /usr/local/lib/python3.8/dist-packages/airflow/example_dags/example_branch_labels.py for tasks to queue
[2023-08-24T04:39:58.520+0000] {logging_mixin.py:151} INFO - [2023-08-24T04:39:58.520+0000] {dagbag.py:539} INFO - Filling up the DagBag from /usr/local/lib/python3.8/dist-packages/airflow/example_dags/example_branch_labels.py
[2023-08-24T04:39:58.528+0000] {processor.py:839} INFO - DAG(s) dict_keys(['example_branch_labels']) retrieved from /usr/local/lib/python3.8/dist-packages/airflow/example_dags/example_branch_labels.py
[2023-08-24T04:39:58.548+0000] {logging_mixin.py:151} INFO - [2023-08-24T04:39:58.548+0000] {dag.py:2907} INFO - Sync 1 DAGs
[2023-08-24T04:39:58.567+0000] {logging_mixin.py:151} INFO - [2023-08-24T04:39:58.567+0000] {dag.py:3677} INFO - Setting next_dagrun for example_branch_labels to 2023-08-23T00:00:00+00:00, run_after=2023-08-24T00:00:00+00:00
[2023-08-24T04:39:58.584+0000] {processor.py:179} INFO - Processing /usr/local/lib/python3.8/dist-packages/airflow/example_dags/example_branch_labels.py took 0.071 seconds
[2023-08-24T04:40:59.200+0000] {processor.py:157} INFO - Started process (PID=43361) to work on /usr/local/lib/python3.8/dist-packages/airflow/example_dags/example_branch_labels.py
[2023-08-24T04:40:59.202+0000] {processor.py:829} INFO - Processing file /usr/local/lib/python3.8/dist-packages/airflow/example_dags/example_branch_labels.py for tasks to queue
[2023-08-24T04:40:59.203+0000] {logging_mixin.py:151} INFO - [2023-08-24T04:40:59.203+0000] {dagbag.py:539} INFO - Filling up the DagBag from /usr/local/lib/python3.8/dist-packages/airflow/example_dags/example_branch_labels.py
[2023-08-24T04:40:59.211+0000] {processor.py:839} INFO - DAG(s) dict_keys(['example_branch_labels']) retrieved from /usr/local/lib/python3.8/dist-packages/airflow/example_dags/example_branch_labels.py
[2023-08-24T04:40:59.228+0000] {logging_mixin.py:151} INFO - [2023-08-24T04:40:59.228+0000] {dag.py:2907} INFO - Sync 1 DAGs
[2023-08-24T04:40:59.245+0000] {logging_mixin.py:151} INFO - [2023-08-24T04:40:59.245+0000] {dag.py:3677} INFO - Setting next_dagrun for example_branch_labels to 2023-08-23T00:00:00+00:00, run_after=2023-08-24T00:00:00+00:00
[2023-08-24T04:40:59.263+0000] {processor.py:179} INFO - Processing /usr/local/lib/python3.8/dist-packages/airflow/example_dags/example_branch_labels.py took 0.066 seconds
[2023-08-24T04:41:59.396+0000] {processor.py:157} INFO - Started process (PID=43544) to work on /usr/local/lib/python3.8/dist-packages/airflow/example_dags/example_branch_labels.py
[2023-08-24T04:41:59.398+0000] {processor.py:829} INFO - Processing file /usr/local/lib/python3.8/dist-packages/airflow/example_dags/example_branch_labels.py for tasks to queue
[2023-08-24T04:41:59.399+0000] {logging_mixin.py:151} INFO - [2023-08-24T04:41:59.399+0000] {dagbag.py:539} INFO - Filling up the DagBag from /usr/local/lib/python3.8/dist-packages/airflow/example_dags/example_branch_labels.py
[2023-08-24T04:41:59.407+0000] {processor.py:839} INFO - DAG(s) dict_keys(['example_branch_labels']) retrieved from /usr/local/lib/python3.8/dist-packages/airflow/example_dags/example_branch_labels.py
[2023-08-24T04:41:59.426+0000] {logging_mixin.py:151} INFO - [2023-08-24T04:41:59.426+0000] {dag.py:2907} INFO - Sync 1 DAGs
[2023-08-24T04:41:59.444+0000] {logging_mixin.py:151} INFO - [2023-08-24T04:41:59.444+0000] {dag.py:3677} INFO - Setting next_dagrun for example_branch_labels to 2023-08-23T00:00:00+00:00, run_after=2023-08-24T00:00:00+00:00
[2023-08-24T04:41:59.462+0000] {processor.py:179} INFO - Processing /usr/local/lib/python3.8/dist-packages/airflow/example_dags/example_branch_labels.py took 0.070 seconds
[2023-08-24T04:42:58.693+0000] {processor.py:157} INFO - Started process (PID=43734) to work on /usr/local/lib/python3.8/dist-packages/airflow/example_dags/example_branch_labels.py
[2023-08-24T04:42:58.695+0000] {processor.py:829} INFO - Processing file /usr/local/lib/python3.8/dist-packages/airflow/example_dags/example_branch_labels.py for tasks to queue
[2023-08-24T04:42:58.696+0000] {logging_mixin.py:151} INFO - [2023-08-24T04:42:58.696+0000] {dagbag.py:539} INFO - Filling up the DagBag from /usr/local/lib/python3.8/dist-packages/airflow/example_dags/example_branch_labels.py
[2023-08-24T04:42:58.705+0000] {processor.py:839} INFO - DAG(s) dict_keys(['example_branch_labels']) retrieved from /usr/local/lib/python3.8/dist-packages/airflow/example_dags/example_branch_labels.py
[2023-08-24T04:42:58.721+0000] {logging_mixin.py:151} INFO - [2023-08-24T04:42:58.721+0000] {dag.py:2907} INFO - Sync 1 DAGs
[2023-08-24T04:42:58.738+0000] {logging_mixin.py:151} INFO - [2023-08-24T04:42:58.738+0000] {dag.py:3677} INFO - Setting next_dagrun for example_branch_labels to 2023-08-23T00:00:00+00:00, run_after=2023-08-24T00:00:00+00:00
[2023-08-24T04:42:58.755+0000] {processor.py:179} INFO - Processing /usr/local/lib/python3.8/dist-packages/airflow/example_dags/example_branch_labels.py took 0.065 seconds
[2023-08-24T04:44:01.157+0000] {processor.py:157} INFO - Started process (PID=43920) to work on /usr/local/lib/python3.8/dist-packages/airflow/example_dags/example_branch_labels.py
[2023-08-24T04:44:01.158+0000] {processor.py:829} INFO - Processing file /usr/local/lib/python3.8/dist-packages/airflow/example_dags/example_branch_labels.py for tasks to queue
[2023-08-24T04:44:01.159+0000] {logging_mixin.py:151} INFO - [2023-08-24T04:44:01.159+0000] {dagbag.py:539} INFO - Filling up the DagBag from /usr/local/lib/python3.8/dist-packages/airflow/example_dags/example_branch_labels.py
[2023-08-24T04:44:01.166+0000] {processor.py:839} INFO - DAG(s) dict_keys(['example_branch_labels']) retrieved from /usr/local/lib/python3.8/dist-packages/airflow/example_dags/example_branch_labels.py
[2023-08-24T04:44:01.183+0000] {logging_mixin.py:151} INFO - [2023-08-24T04:44:01.182+0000] {dag.py:2907} INFO - Sync 1 DAGs
[2023-08-24T04:44:01.199+0000] {logging_mixin.py:151} INFO - [2023-08-24T04:44:01.199+0000] {dag.py:3677} INFO - Setting next_dagrun for example_branch_labels to 2023-08-23T00:00:00+00:00, run_after=2023-08-24T00:00:00+00:00
[2023-08-24T04:44:01.216+0000] {processor.py:179} INFO - Processing /usr/local/lib/python3.8/dist-packages/airflow/example_dags/example_branch_labels.py took 0.063 seconds
[2023-08-24T04:45:02.221+0000] {processor.py:157} INFO - Started process (PID=44105) to work on /usr/local/lib/python3.8/dist-packages/airflow/example_dags/example_branch_labels.py
[2023-08-24T04:45:02.222+0000] {processor.py:829} INFO - Processing file /usr/local/lib/python3.8/dist-packages/airflow/example_dags/example_branch_labels.py for tasks to queue
[2023-08-24T04:45:02.223+0000] {logging_mixin.py:151} INFO - [2023-08-24T04:45:02.223+0000] {dagbag.py:539} INFO - Filling up the DagBag from /usr/local/lib/python3.8/dist-packages/airflow/example_dags/example_branch_labels.py
[2023-08-24T04:45:02.232+0000] {processor.py:839} INFO - DAG(s) dict_keys(['example_branch_labels']) retrieved from /usr/local/lib/python3.8/dist-packages/airflow/example_dags/example_branch_labels.py
[2023-08-24T04:45:02.251+0000] {logging_mixin.py:151} INFO - [2023-08-24T04:45:02.251+0000] {dag.py:2907} INFO - Sync 1 DAGs
[2023-08-24T04:45:02.270+0000] {logging_mixin.py:151} INFO - [2023-08-24T04:45:02.270+0000] {dag.py:3677} INFO - Setting next_dagrun for example_branch_labels to 2023-08-23T00:00:00+00:00, run_after=2023-08-24T00:00:00+00:00
[2023-08-24T04:45:02.289+0000] {processor.py:179} INFO - Processing /usr/local/lib/python3.8/dist-packages/airflow/example_dags/example_branch_labels.py took 0.072 seconds
[2023-08-24T04:46:03.345+0000] {processor.py:157} INFO - Started process (PID=44288) to work on /usr/local/lib/python3.8/dist-packages/airflow/example_dags/example_branch_labels.py
[2023-08-24T04:46:03.347+0000] {processor.py:829} INFO - Processing file /usr/local/lib/python3.8/dist-packages/airflow/example_dags/example_branch_labels.py for tasks to queue
[2023-08-24T04:46:03.348+0000] {logging_mixin.py:151} INFO - [2023-08-24T04:46:03.347+0000] {dagbag.py:539} INFO - Filling up the DagBag from /usr/local/lib/python3.8/dist-packages/airflow/example_dags/example_branch_labels.py
[2023-08-24T04:46:03.355+0000] {processor.py:839} INFO - DAG(s) dict_keys(['example_branch_labels']) retrieved from /usr/local/lib/python3.8/dist-packages/airflow/example_dags/example_branch_labels.py
[2023-08-24T04:46:03.373+0000] {logging_mixin.py:151} INFO - [2023-08-24T04:46:03.373+0000] {dag.py:2907} INFO - Sync 1 DAGs
[2023-08-24T04:46:03.391+0000] {logging_mixin.py:151} INFO - [2023-08-24T04:46:03.391+0000] {dag.py:3677} INFO - Setting next_dagrun for example_branch_labels to 2023-08-23T00:00:00+00:00, run_after=2023-08-24T00:00:00+00:00
[2023-08-24T04:46:03.410+0000] {processor.py:179} INFO - Processing /usr/local/lib/python3.8/dist-packages/airflow/example_dags/example_branch_labels.py took 0.068 seconds
[2023-08-24T04:47:05.044+0000] {processor.py:157} INFO - Started process (PID=44471) to work on /usr/local/lib/python3.8/dist-packages/airflow/example_dags/example_branch_labels.py
[2023-08-24T04:47:05.045+0000] {processor.py:829} INFO - Processing file /usr/local/lib/python3.8/dist-packages/airflow/example_dags/example_branch_labels.py for tasks to queue
[2023-08-24T04:47:05.046+0000] {logging_mixin.py:151} INFO - [2023-08-24T04:47:05.046+0000] {dagbag.py:539} INFO - Filling up the DagBag from /usr/local/lib/python3.8/dist-packages/airflow/example_dags/example_branch_labels.py
[2023-08-24T04:47:05.053+0000] {processor.py:839} INFO - DAG(s) dict_keys(['example_branch_labels']) retrieved from /usr/local/lib/python3.8/dist-packages/airflow/example_dags/example_branch_labels.py
[2023-08-24T04:47:05.070+0000] {logging_mixin.py:151} INFO - [2023-08-24T04:47:05.070+0000] {dag.py:2907} INFO - Sync 1 DAGs
[2023-08-24T04:47:05.088+0000] {logging_mixin.py:151} INFO - [2023-08-24T04:47:05.088+0000] {dag.py:3677} INFO - Setting next_dagrun for example_branch_labels to 2023-08-23T00:00:00+00:00, run_after=2023-08-24T00:00:00+00:00
[2023-08-24T04:47:05.106+0000] {processor.py:179} INFO - Processing /usr/local/lib/python3.8/dist-packages/airflow/example_dags/example_branch_labels.py took 0.066 seconds
[2023-08-24T04:48:06.920+0000] {processor.py:157} INFO - Started process (PID=44656) to work on /usr/local/lib/python3.8/dist-packages/airflow/example_dags/example_branch_labels.py
[2023-08-24T04:48:06.921+0000] {processor.py:829} INFO - Processing file /usr/local/lib/python3.8/dist-packages/airflow/example_dags/example_branch_labels.py for tasks to queue
[2023-08-24T04:48:06.922+0000] {logging_mixin.py:151} INFO - [2023-08-24T04:48:06.922+0000] {dagbag.py:539} INFO - Filling up the DagBag from /usr/local/lib/python3.8/dist-packages/airflow/example_dags/example_branch_labels.py
[2023-08-24T04:48:06.929+0000] {processor.py:839} INFO - DAG(s) dict_keys(['example_branch_labels']) retrieved from /usr/local/lib/python3.8/dist-packages/airflow/example_dags/example_branch_labels.py
[2023-08-24T04:48:06.946+0000] {logging_mixin.py:151} INFO - [2023-08-24T04:48:06.946+0000] {dag.py:2907} INFO - Sync 1 DAGs
[2023-08-24T04:48:06.963+0000] {logging_mixin.py:151} INFO - [2023-08-24T04:48:06.963+0000] {dag.py:3677} INFO - Setting next_dagrun for example_branch_labels to 2023-08-23T00:00:00+00:00, run_after=2023-08-24T00:00:00+00:00
[2023-08-24T04:48:06.980+0000] {processor.py:179} INFO - Processing /usr/local/lib/python3.8/dist-packages/airflow/example_dags/example_branch_labels.py took 0.064 seconds
[2023-08-24T04:49:10.390+0000] {processor.py:157} INFO - Started process (PID=44839) to work on /usr/local/lib/python3.8/dist-packages/airflow/example_dags/example_branch_labels.py
[2023-08-24T04:49:10.392+0000] {processor.py:829} INFO - Processing file /usr/local/lib/python3.8/dist-packages/airflow/example_dags/example_branch_labels.py for tasks to queue
[2023-08-24T04:49:10.393+0000] {logging_mixin.py:151} INFO - [2023-08-24T04:49:10.392+0000] {dagbag.py:539} INFO - Filling up the DagBag from /usr/local/lib/python3.8/dist-packages/airflow/example_dags/example_branch_labels.py
[2023-08-24T04:49:10.400+0000] {processor.py:839} INFO - DAG(s) dict_keys(['example_branch_labels']) retrieved from /usr/local/lib/python3.8/dist-packages/airflow/example_dags/example_branch_labels.py
[2023-08-24T04:49:10.417+0000] {logging_mixin.py:151} INFO - [2023-08-24T04:49:10.417+0000] {dag.py:2907} INFO - Sync 1 DAGs
[2023-08-24T04:49:10.436+0000] {logging_mixin.py:151} INFO - [2023-08-24T04:49:10.436+0000] {dag.py:3677} INFO - Setting next_dagrun for example_branch_labels to 2023-08-23T00:00:00+00:00, run_after=2023-08-24T00:00:00+00:00
[2023-08-24T04:49:10.454+0000] {processor.py:179} INFO - Processing /usr/local/lib/python3.8/dist-packages/airflow/example_dags/example_branch_labels.py took 0.068 seconds
[2023-08-24T04:50:34.677+0000] {processor.py:157} INFO - Started process (PID=45051) to work on /usr/local/lib/python3.8/dist-packages/airflow/example_dags/example_branch_labels.py
[2023-08-24T04:50:34.679+0000] {processor.py:829} INFO - Processing file /usr/local/lib/python3.8/dist-packages/airflow/example_dags/example_branch_labels.py for tasks to queue
[2023-08-24T04:50:34.680+0000] {logging_mixin.py:151} INFO - [2023-08-24T04:50:34.680+0000] {dagbag.py:539} INFO - Filling up the DagBag from /usr/local/lib/python3.8/dist-packages/airflow/example_dags/example_branch_labels.py
[2023-08-24T04:50:34.687+0000] {processor.py:839} INFO - DAG(s) dict_keys(['example_branch_labels']) retrieved from /usr/local/lib/python3.8/dist-packages/airflow/example_dags/example_branch_labels.py
[2023-08-24T04:50:34.705+0000] {logging_mixin.py:151} INFO - [2023-08-24T04:50:34.705+0000] {dag.py:2907} INFO - Sync 1 DAGs
[2023-08-24T04:50:34.722+0000] {logging_mixin.py:151} INFO - [2023-08-24T04:50:34.722+0000] {dag.py:3677} INFO - Setting next_dagrun for example_branch_labels to 2023-08-23T00:00:00+00:00, run_after=2023-08-24T00:00:00+00:00
[2023-08-24T04:50:34.741+0000] {processor.py:179} INFO - Processing /usr/local/lib/python3.8/dist-packages/airflow/example_dags/example_branch_labels.py took 0.067 seconds
[2023-08-24T04:51:35.672+0000] {processor.py:157} INFO - Started process (PID=45234) to work on /usr/local/lib/python3.8/dist-packages/airflow/example_dags/example_branch_labels.py
[2023-08-24T04:51:35.673+0000] {processor.py:829} INFO - Processing file /usr/local/lib/python3.8/dist-packages/airflow/example_dags/example_branch_labels.py for tasks to queue
[2023-08-24T04:51:35.674+0000] {logging_mixin.py:151} INFO - [2023-08-24T04:51:35.674+0000] {dagbag.py:539} INFO - Filling up the DagBag from /usr/local/lib/python3.8/dist-packages/airflow/example_dags/example_branch_labels.py
[2023-08-24T04:51:35.682+0000] {processor.py:839} INFO - DAG(s) dict_keys(['example_branch_labels']) retrieved from /usr/local/lib/python3.8/dist-packages/airflow/example_dags/example_branch_labels.py
[2023-08-24T04:51:35.698+0000] {logging_mixin.py:151} INFO - [2023-08-24T04:51:35.698+0000] {dag.py:2907} INFO - Sync 1 DAGs
[2023-08-24T04:51:35.715+0000] {logging_mixin.py:151} INFO - [2023-08-24T04:51:35.714+0000] {dag.py:3677} INFO - Setting next_dagrun for example_branch_labels to 2023-08-23T00:00:00+00:00, run_after=2023-08-24T00:00:00+00:00
[2023-08-24T04:51:35.732+0000] {processor.py:179} INFO - Processing /usr/local/lib/python3.8/dist-packages/airflow/example_dags/example_branch_labels.py took 0.064 seconds
[2023-08-24T04:52:37.879+0000] {processor.py:157} INFO - Started process (PID=45417) to work on /usr/local/lib/python3.8/dist-packages/airflow/example_dags/example_branch_labels.py
[2023-08-24T04:52:37.881+0000] {processor.py:829} INFO - Processing file /usr/local/lib/python3.8/dist-packages/airflow/example_dags/example_branch_labels.py for tasks to queue
[2023-08-24T04:52:37.882+0000] {logging_mixin.py:151} INFO - [2023-08-24T04:52:37.882+0000] {dagbag.py:539} INFO - Filling up the DagBag from /usr/local/lib/python3.8/dist-packages/airflow/example_dags/example_branch_labels.py
[2023-08-24T04:52:37.890+0000] {processor.py:839} INFO - DAG(s) dict_keys(['example_branch_labels']) retrieved from /usr/local/lib/python3.8/dist-packages/airflow/example_dags/example_branch_labels.py
[2023-08-24T04:52:37.905+0000] {logging_mixin.py:151} INFO - [2023-08-24T04:52:37.905+0000] {dag.py:2907} INFO - Sync 1 DAGs
[2023-08-24T04:52:37.922+0000] {logging_mixin.py:151} INFO - [2023-08-24T04:52:37.922+0000] {dag.py:3677} INFO - Setting next_dagrun for example_branch_labels to 2023-08-23T00:00:00+00:00, run_after=2023-08-24T00:00:00+00:00
[2023-08-24T04:52:37.939+0000] {processor.py:179} INFO - Processing /usr/local/lib/python3.8/dist-packages/airflow/example_dags/example_branch_labels.py took 0.064 seconds
[2023-08-24T04:53:40.262+0000] {processor.py:157} INFO - Started process (PID=45606) to work on /usr/local/lib/python3.8/dist-packages/airflow/example_dags/example_branch_labels.py
[2023-08-24T04:53:40.264+0000] {processor.py:829} INFO - Processing file /usr/local/lib/python3.8/dist-packages/airflow/example_dags/example_branch_labels.py for tasks to queue
[2023-08-24T04:53:40.265+0000] {logging_mixin.py:151} INFO - [2023-08-24T04:53:40.265+0000] {dagbag.py:539} INFO - Filling up the DagBag from /usr/local/lib/python3.8/dist-packages/airflow/example_dags/example_branch_labels.py
[2023-08-24T04:53:40.273+0000] {processor.py:839} INFO - DAG(s) dict_keys(['example_branch_labels']) retrieved from /usr/local/lib/python3.8/dist-packages/airflow/example_dags/example_branch_labels.py
[2023-08-24T04:53:40.289+0000] {logging_mixin.py:151} INFO - [2023-08-24T04:53:40.289+0000] {dag.py:2907} INFO - Sync 1 DAGs
[2023-08-24T04:53:40.306+0000] {logging_mixin.py:151} INFO - [2023-08-24T04:53:40.306+0000] {dag.py:3677} INFO - Setting next_dagrun for example_branch_labels to 2023-08-23T00:00:00+00:00, run_after=2023-08-24T00:00:00+00:00
[2023-08-24T04:53:40.324+0000] {processor.py:179} INFO - Processing /usr/local/lib/python3.8/dist-packages/airflow/example_dags/example_branch_labels.py took 0.065 seconds
[2023-08-24T04:54:40.689+0000] {processor.py:157} INFO - Started process (PID=45789) to work on /usr/local/lib/python3.8/dist-packages/airflow/example_dags/example_branch_labels.py
[2023-08-24T04:54:40.691+0000] {processor.py:829} INFO - Processing file /usr/local/lib/python3.8/dist-packages/airflow/example_dags/example_branch_labels.py for tasks to queue
[2023-08-24T04:54:40.692+0000] {logging_mixin.py:151} INFO - [2023-08-24T04:54:40.691+0000] {dagbag.py:539} INFO - Filling up the DagBag from /usr/local/lib/python3.8/dist-packages/airflow/example_dags/example_branch_labels.py
[2023-08-24T04:54:40.699+0000] {processor.py:839} INFO - DAG(s) dict_keys(['example_branch_labels']) retrieved from /usr/local/lib/python3.8/dist-packages/airflow/example_dags/example_branch_labels.py
[2023-08-24T04:54:40.716+0000] {logging_mixin.py:151} INFO - [2023-08-24T04:54:40.716+0000] {dag.py:2907} INFO - Sync 1 DAGs
[2023-08-24T04:54:40.733+0000] {logging_mixin.py:151} INFO - [2023-08-24T04:54:40.733+0000] {dag.py:3677} INFO - Setting next_dagrun for example_branch_labels to 2023-08-23T00:00:00+00:00, run_after=2023-08-24T00:00:00+00:00
[2023-08-24T04:54:40.751+0000] {processor.py:179} INFO - Processing /usr/local/lib/python3.8/dist-packages/airflow/example_dags/example_branch_labels.py took 0.066 seconds
[2023-08-24T04:55:40.020+0000] {processor.py:157} INFO - Started process (PID=45972) to work on /usr/local/lib/python3.8/dist-packages/airflow/example_dags/example_branch_labels.py
[2023-08-24T04:55:40.022+0000] {processor.py:829} INFO - Processing file /usr/local/lib/python3.8/dist-packages/airflow/example_dags/example_branch_labels.py for tasks to queue
[2023-08-24T04:55:40.022+0000] {logging_mixin.py:151} INFO - [2023-08-24T04:55:40.022+0000] {dagbag.py:539} INFO - Filling up the DagBag from /usr/local/lib/python3.8/dist-packages/airflow/example_dags/example_branch_labels.py
[2023-08-24T04:55:40.030+0000] {processor.py:839} INFO - DAG(s) dict_keys(['example_branch_labels']) retrieved from /usr/local/lib/python3.8/dist-packages/airflow/example_dags/example_branch_labels.py
[2023-08-24T04:55:40.050+0000] {logging_mixin.py:151} INFO - [2023-08-24T04:55:40.049+0000] {dag.py:2907} INFO - Sync 1 DAGs
[2023-08-24T04:55:40.067+0000] {logging_mixin.py:151} INFO - [2023-08-24T04:55:40.066+0000] {dag.py:3677} INFO - Setting next_dagrun for example_branch_labels to 2023-08-23T00:00:00+00:00, run_after=2023-08-24T00:00:00+00:00
[2023-08-24T04:55:40.085+0000] {processor.py:179} INFO - Processing /usr/local/lib/python3.8/dist-packages/airflow/example_dags/example_branch_labels.py took 0.068 seconds
[2023-08-24T04:56:44.789+0000] {processor.py:157} INFO - Started process (PID=46160) to work on /usr/local/lib/python3.8/dist-packages/airflow/example_dags/example_branch_labels.py
[2023-08-24T04:56:44.792+0000] {processor.py:829} INFO - Processing file /usr/local/lib/python3.8/dist-packages/airflow/example_dags/example_branch_labels.py for tasks to queue
[2023-08-24T04:56:44.793+0000] {logging_mixin.py:151} INFO - [2023-08-24T04:56:44.792+0000] {dagbag.py:539} INFO - Filling up the DagBag from /usr/local/lib/python3.8/dist-packages/airflow/example_dags/example_branch_labels.py
[2023-08-24T04:56:44.801+0000] {processor.py:839} INFO - DAG(s) dict_keys(['example_branch_labels']) retrieved from /usr/local/lib/python3.8/dist-packages/airflow/example_dags/example_branch_labels.py
[2023-08-24T04:56:44.818+0000] {logging_mixin.py:151} INFO - [2023-08-24T04:56:44.817+0000] {dag.py:2907} INFO - Sync 1 DAGs
[2023-08-24T04:56:44.835+0000] {logging_mixin.py:151} INFO - [2023-08-24T04:56:44.835+0000] {dag.py:3677} INFO - Setting next_dagrun for example_branch_labels to 2023-08-23T00:00:00+00:00, run_after=2023-08-24T00:00:00+00:00
[2023-08-24T04:56:44.852+0000] {processor.py:179} INFO - Processing /usr/local/lib/python3.8/dist-packages/airflow/example_dags/example_branch_labels.py took 0.067 seconds
[2023-08-24T04:57:49.130+0000] {processor.py:157} INFO - Started process (PID=46356) to work on /usr/local/lib/python3.8/dist-packages/airflow/example_dags/example_branch_labels.py
[2023-08-24T04:57:49.132+0000] {processor.py:829} INFO - Processing file /usr/local/lib/python3.8/dist-packages/airflow/example_dags/example_branch_labels.py for tasks to queue
[2023-08-24T04:57:49.133+0000] {logging_mixin.py:151} INFO - [2023-08-24T04:57:49.132+0000] {dagbag.py:539} INFO - Filling up the DagBag from /usr/local/lib/python3.8/dist-packages/airflow/example_dags/example_branch_labels.py
[2023-08-24T04:57:49.143+0000] {processor.py:839} INFO - DAG(s) dict_keys(['example_branch_labels']) retrieved from /usr/local/lib/python3.8/dist-packages/airflow/example_dags/example_branch_labels.py
[2023-08-24T04:57:49.160+0000] {logging_mixin.py:151} INFO - [2023-08-24T04:57:49.160+0000] {dag.py:2907} INFO - Sync 1 DAGs
[2023-08-24T04:57:49.303+0000] {logging_mixin.py:151} INFO - [2023-08-24T04:57:49.303+0000] {dag.py:3677} INFO - Setting next_dagrun for example_branch_labels to 2023-08-23T00:00:00+00:00, run_after=2023-08-24T00:00:00+00:00
[2023-08-24T04:57:49.320+0000] {processor.py:179} INFO - Processing /usr/local/lib/python3.8/dist-packages/airflow/example_dags/example_branch_labels.py took 0.193 seconds
[2023-08-24T04:58:51.350+0000] {processor.py:157} INFO - Started process (PID=46540) to work on /usr/local/lib/python3.8/dist-packages/airflow/example_dags/example_branch_labels.py
[2023-08-24T04:58:51.351+0000] {processor.py:829} INFO - Processing file /usr/local/lib/python3.8/dist-packages/airflow/example_dags/example_branch_labels.py for tasks to queue
[2023-08-24T04:58:51.352+0000] {logging_mixin.py:151} INFO - [2023-08-24T04:58:51.352+0000] {dagbag.py:539} INFO - Filling up the DagBag from /usr/local/lib/python3.8/dist-packages/airflow/example_dags/example_branch_labels.py
[2023-08-24T04:58:51.360+0000] {processor.py:839} INFO - DAG(s) dict_keys(['example_branch_labels']) retrieved from /usr/local/lib/python3.8/dist-packages/airflow/example_dags/example_branch_labels.py
[2023-08-24T04:58:51.376+0000] {logging_mixin.py:151} INFO - [2023-08-24T04:58:51.376+0000] {dag.py:2907} INFO - Sync 1 DAGs
[2023-08-24T04:58:51.393+0000] {logging_mixin.py:151} INFO - [2023-08-24T04:58:51.392+0000] {dag.py:3677} INFO - Setting next_dagrun for example_branch_labels to 2023-08-23T00:00:00+00:00, run_after=2023-08-24T00:00:00+00:00
[2023-08-24T04:58:51.536+0000] {processor.py:179} INFO - Processing /usr/local/lib/python3.8/dist-packages/airflow/example_dags/example_branch_labels.py took 0.191 seconds
[2023-08-24T04:59:55.650+0000] {processor.py:157} INFO - Started process (PID=46723) to work on /usr/local/lib/python3.8/dist-packages/airflow/example_dags/example_branch_labels.py
[2023-08-24T04:59:55.651+0000] {processor.py:829} INFO - Processing file /usr/local/lib/python3.8/dist-packages/airflow/example_dags/example_branch_labels.py for tasks to queue
[2023-08-24T04:59:55.652+0000] {logging_mixin.py:151} INFO - [2023-08-24T04:59:55.652+0000] {dagbag.py:539} INFO - Filling up the DagBag from /usr/local/lib/python3.8/dist-packages/airflow/example_dags/example_branch_labels.py
[2023-08-24T04:59:55.661+0000] {processor.py:839} INFO - DAG(s) dict_keys(['example_branch_labels']) retrieved from /usr/local/lib/python3.8/dist-packages/airflow/example_dags/example_branch_labels.py
[2023-08-24T04:59:55.679+0000] {logging_mixin.py:151} INFO - [2023-08-24T04:59:55.679+0000] {dag.py:2907} INFO - Sync 1 DAGs
[2023-08-24T04:59:55.698+0000] {logging_mixin.py:151} INFO - [2023-08-24T04:59:55.698+0000] {dag.py:3677} INFO - Setting next_dagrun for example_branch_labels to 2023-08-23T00:00:00+00:00, run_after=2023-08-24T00:00:00+00:00
[2023-08-24T04:59:55.715+0000] {processor.py:179} INFO - Processing /usr/local/lib/python3.8/dist-packages/airflow/example_dags/example_branch_labels.py took 0.070 seconds
[2023-08-24T05:00:55.117+0000] {processor.py:157} INFO - Started process (PID=46908) to work on /usr/local/lib/python3.8/dist-packages/airflow/example_dags/example_branch_labels.py
[2023-08-24T05:00:55.119+0000] {processor.py:829} INFO - Processing file /usr/local/lib/python3.8/dist-packages/airflow/example_dags/example_branch_labels.py for tasks to queue
[2023-08-24T05:00:55.120+0000] {logging_mixin.py:151} INFO - [2023-08-24T05:00:55.120+0000] {dagbag.py:539} INFO - Filling up the DagBag from /usr/local/lib/python3.8/dist-packages/airflow/example_dags/example_branch_labels.py
[2023-08-24T05:00:55.128+0000] {processor.py:839} INFO - DAG(s) dict_keys(['example_branch_labels']) retrieved from /usr/local/lib/python3.8/dist-packages/airflow/example_dags/example_branch_labels.py
[2023-08-24T05:00:55.143+0000] {logging_mixin.py:151} INFO - [2023-08-24T05:00:55.143+0000] {dag.py:2907} INFO - Sync 1 DAGs
[2023-08-24T05:00:55.160+0000] {logging_mixin.py:151} INFO - [2023-08-24T05:00:55.160+0000] {dag.py:3677} INFO - Setting next_dagrun for example_branch_labels to 2023-08-23T00:00:00+00:00, run_after=2023-08-24T00:00:00+00:00
[2023-08-24T05:00:55.177+0000] {processor.py:179} INFO - Processing /usr/local/lib/python3.8/dist-packages/airflow/example_dags/example_branch_labels.py took 0.063 seconds
[2023-08-24T05:01:54.378+0000] {processor.py:157} INFO - Started process (PID=47106) to work on /usr/local/lib/python3.8/dist-packages/airflow/example_dags/example_branch_labels.py
[2023-08-24T05:01:54.379+0000] {processor.py:829} INFO - Processing file /usr/local/lib/python3.8/dist-packages/airflow/example_dags/example_branch_labels.py for tasks to queue
[2023-08-24T05:01:54.380+0000] {logging_mixin.py:151} INFO - [2023-08-24T05:01:54.380+0000] {dagbag.py:539} INFO - Filling up the DagBag from /usr/local/lib/python3.8/dist-packages/airflow/example_dags/example_branch_labels.py
[2023-08-24T05:01:54.390+0000] {processor.py:839} INFO - DAG(s) dict_keys(['example_branch_labels']) retrieved from /usr/local/lib/python3.8/dist-packages/airflow/example_dags/example_branch_labels.py
[2023-08-24T05:01:54.409+0000] {logging_mixin.py:151} INFO - [2023-08-24T05:01:54.409+0000] {dag.py:2907} INFO - Sync 1 DAGs
[2023-08-24T05:01:54.429+0000] {logging_mixin.py:151} INFO - [2023-08-24T05:01:54.428+0000] {dag.py:3677} INFO - Setting next_dagrun for example_branch_labels to 2023-08-23T00:00:00+00:00, run_after=2023-08-24T00:00:00+00:00
[2023-08-24T05:01:54.446+0000] {processor.py:179} INFO - Processing /usr/local/lib/python3.8/dist-packages/airflow/example_dags/example_branch_labels.py took 0.073 seconds
[2023-08-24T05:02:54.405+0000] {processor.py:157} INFO - Started process (PID=47290) to work on /usr/local/lib/python3.8/dist-packages/airflow/example_dags/example_branch_labels.py
[2023-08-24T05:02:54.406+0000] {processor.py:829} INFO - Processing file /usr/local/lib/python3.8/dist-packages/airflow/example_dags/example_branch_labels.py for tasks to queue
[2023-08-24T05:02:54.407+0000] {logging_mixin.py:151} INFO - [2023-08-24T05:02:54.407+0000] {dagbag.py:539} INFO - Filling up the DagBag from /usr/local/lib/python3.8/dist-packages/airflow/example_dags/example_branch_labels.py
[2023-08-24T05:02:54.415+0000] {processor.py:839} INFO - DAG(s) dict_keys(['example_branch_labels']) retrieved from /usr/local/lib/python3.8/dist-packages/airflow/example_dags/example_branch_labels.py
[2023-08-24T05:02:54.432+0000] {logging_mixin.py:151} INFO - [2023-08-24T05:02:54.432+0000] {dag.py:2907} INFO - Sync 1 DAGs
[2023-08-24T05:02:54.449+0000] {logging_mixin.py:151} INFO - [2023-08-24T05:02:54.449+0000] {dag.py:3677} INFO - Setting next_dagrun for example_branch_labels to 2023-08-23T00:00:00+00:00, run_after=2023-08-24T00:00:00+00:00
[2023-08-24T05:02:54.467+0000] {processor.py:179} INFO - Processing /usr/local/lib/python3.8/dist-packages/airflow/example_dags/example_branch_labels.py took 0.066 seconds
[2023-08-24T05:03:55.208+0000] {processor.py:157} INFO - Started process (PID=47479) to work on /usr/local/lib/python3.8/dist-packages/airflow/example_dags/example_branch_labels.py
[2023-08-24T05:03:55.210+0000] {processor.py:829} INFO - Processing file /usr/local/lib/python3.8/dist-packages/airflow/example_dags/example_branch_labels.py for tasks to queue
[2023-08-24T05:03:55.211+0000] {logging_mixin.py:151} INFO - [2023-08-24T05:03:55.210+0000] {dagbag.py:539} INFO - Filling up the DagBag from /usr/local/lib/python3.8/dist-packages/airflow/example_dags/example_branch_labels.py
[2023-08-24T05:03:55.218+0000] {processor.py:839} INFO - DAG(s) dict_keys(['example_branch_labels']) retrieved from /usr/local/lib/python3.8/dist-packages/airflow/example_dags/example_branch_labels.py
[2023-08-24T05:03:55.234+0000] {logging_mixin.py:151} INFO - [2023-08-24T05:03:55.234+0000] {dag.py:2907} INFO - Sync 1 DAGs
[2023-08-24T05:03:55.251+0000] {logging_mixin.py:151} INFO - [2023-08-24T05:03:55.251+0000] {dag.py:3677} INFO - Setting next_dagrun for example_branch_labels to 2023-08-23T00:00:00+00:00, run_after=2023-08-24T00:00:00+00:00
[2023-08-24T05:03:55.268+0000] {processor.py:179} INFO - Processing /usr/local/lib/python3.8/dist-packages/airflow/example_dags/example_branch_labels.py took 0.063 seconds
[2023-08-24T05:04:53.661+0000] {processor.py:157} INFO - Started process (PID=47661) to work on /usr/local/lib/python3.8/dist-packages/airflow/example_dags/example_branch_labels.py
[2023-08-24T05:04:53.662+0000] {processor.py:829} INFO - Processing file /usr/local/lib/python3.8/dist-packages/airflow/example_dags/example_branch_labels.py for tasks to queue
[2023-08-24T05:04:53.663+0000] {logging_mixin.py:151} INFO - [2023-08-24T05:04:53.663+0000] {dagbag.py:539} INFO - Filling up the DagBag from /usr/local/lib/python3.8/dist-packages/airflow/example_dags/example_branch_labels.py
[2023-08-24T05:04:53.671+0000] {processor.py:839} INFO - DAG(s) dict_keys(['example_branch_labels']) retrieved from /usr/local/lib/python3.8/dist-packages/airflow/example_dags/example_branch_labels.py
[2023-08-24T05:04:53.687+0000] {logging_mixin.py:151} INFO - [2023-08-24T05:04:53.687+0000] {dag.py:2907} INFO - Sync 1 DAGs
[2023-08-24T05:04:53.704+0000] {logging_mixin.py:151} INFO - [2023-08-24T05:04:53.704+0000] {dag.py:3677} INFO - Setting next_dagrun for example_branch_labels to 2023-08-23T00:00:00+00:00, run_after=2023-08-24T00:00:00+00:00
[2023-08-24T05:04:53.720+0000] {processor.py:179} INFO - Processing /usr/local/lib/python3.8/dist-packages/airflow/example_dags/example_branch_labels.py took 0.063 seconds
[2023-08-24T05:05:52.755+0000] {processor.py:157} INFO - Started process (PID=47857) to work on /usr/local/lib/python3.8/dist-packages/airflow/example_dags/example_branch_labels.py
[2023-08-24T05:05:52.756+0000] {processor.py:829} INFO - Processing file /usr/local/lib/python3.8/dist-packages/airflow/example_dags/example_branch_labels.py for tasks to queue
[2023-08-24T05:05:52.757+0000] {logging_mixin.py:151} INFO - [2023-08-24T05:05:52.757+0000] {dagbag.py:539} INFO - Filling up the DagBag from /usr/local/lib/python3.8/dist-packages/airflow/example_dags/example_branch_labels.py
[2023-08-24T05:05:52.765+0000] {processor.py:839} INFO - DAG(s) dict_keys(['example_branch_labels']) retrieved from /usr/local/lib/python3.8/dist-packages/airflow/example_dags/example_branch_labels.py
[2023-08-24T05:05:52.781+0000] {logging_mixin.py:151} INFO - [2023-08-24T05:05:52.781+0000] {dag.py:2907} INFO - Sync 1 DAGs
[2023-08-24T05:05:52.798+0000] {logging_mixin.py:151} INFO - [2023-08-24T05:05:52.798+0000] {dag.py:3677} INFO - Setting next_dagrun for example_branch_labels to 2023-08-23T00:00:00+00:00, run_after=2023-08-24T00:00:00+00:00
[2023-08-24T05:05:52.814+0000] {processor.py:179} INFO - Processing /usr/local/lib/python3.8/dist-packages/airflow/example_dags/example_branch_labels.py took 0.063 seconds
[2023-08-24T05:06:50.350+0000] {processor.py:157} INFO - Started process (PID=48054) to work on /usr/local/lib/python3.8/dist-packages/airflow/example_dags/example_branch_labels.py
[2023-08-24T05:06:50.352+0000] {processor.py:829} INFO - Processing file /usr/local/lib/python3.8/dist-packages/airflow/example_dags/example_branch_labels.py for tasks to queue
[2023-08-24T05:06:50.353+0000] {logging_mixin.py:151} INFO - [2023-08-24T05:06:50.353+0000] {dagbag.py:539} INFO - Filling up the DagBag from /usr/local/lib/python3.8/dist-packages/airflow/example_dags/example_branch_labels.py
[2023-08-24T05:06:50.361+0000] {processor.py:839} INFO - DAG(s) dict_keys(['example_branch_labels']) retrieved from /usr/local/lib/python3.8/dist-packages/airflow/example_dags/example_branch_labels.py
[2023-08-24T05:06:50.379+0000] {logging_mixin.py:151} INFO - [2023-08-24T05:06:50.379+0000] {dag.py:2907} INFO - Sync 1 DAGs
[2023-08-24T05:06:50.399+0000] {logging_mixin.py:151} INFO - [2023-08-24T05:06:50.398+0000] {dag.py:3677} INFO - Setting next_dagrun for example_branch_labels to 2023-08-23T00:00:00+00:00, run_after=2023-08-24T00:00:00+00:00
[2023-08-24T05:06:50.416+0000] {processor.py:179} INFO - Processing /usr/local/lib/python3.8/dist-packages/airflow/example_dags/example_branch_labels.py took 0.069 seconds
[2023-08-24T05:08:15.886+0000] {processor.py:157} INFO - Started process (PID=48388) to work on /usr/local/lib/python3.8/dist-packages/airflow/example_dags/example_branch_labels.py
[2023-08-24T05:08:15.888+0000] {processor.py:829} INFO - Processing file /usr/local/lib/python3.8/dist-packages/airflow/example_dags/example_branch_labels.py for tasks to queue
[2023-08-24T05:08:15.889+0000] {logging_mixin.py:151} INFO - [2023-08-24T05:08:15.888+0000] {dagbag.py:539} INFO - Filling up the DagBag from /usr/local/lib/python3.8/dist-packages/airflow/example_dags/example_branch_labels.py
[2023-08-24T05:08:15.896+0000] {processor.py:839} INFO - DAG(s) dict_keys(['example_branch_labels']) retrieved from /usr/local/lib/python3.8/dist-packages/airflow/example_dags/example_branch_labels.py
[2023-08-24T05:08:15.913+0000] {logging_mixin.py:151} INFO - [2023-08-24T05:08:15.913+0000] {dag.py:2907} INFO - Sync 1 DAGs
[2023-08-24T05:08:15.930+0000] {logging_mixin.py:151} INFO - [2023-08-24T05:08:15.930+0000] {dag.py:3677} INFO - Setting next_dagrun for example_branch_labels to 2023-08-23T00:00:00+00:00, run_after=2023-08-24T00:00:00+00:00
[2023-08-24T05:08:15.948+0000] {processor.py:179} INFO - Processing /usr/local/lib/python3.8/dist-packages/airflow/example_dags/example_branch_labels.py took 0.065 seconds
[2023-08-24T05:09:18.302+0000] {processor.py:157} INFO - Started process (PID=48585) to work on /usr/local/lib/python3.8/dist-packages/airflow/example_dags/example_branch_labels.py
[2023-08-24T05:09:18.304+0000] {processor.py:829} INFO - Processing file /usr/local/lib/python3.8/dist-packages/airflow/example_dags/example_branch_labels.py for tasks to queue
[2023-08-24T05:09:18.304+0000] {logging_mixin.py:151} INFO - [2023-08-24T05:09:18.304+0000] {dagbag.py:539} INFO - Filling up the DagBag from /usr/local/lib/python3.8/dist-packages/airflow/example_dags/example_branch_labels.py
[2023-08-24T05:09:18.312+0000] {processor.py:839} INFO - DAG(s) dict_keys(['example_branch_labels']) retrieved from /usr/local/lib/python3.8/dist-packages/airflow/example_dags/example_branch_labels.py
[2023-08-24T05:09:18.329+0000] {logging_mixin.py:151} INFO - [2023-08-24T05:09:18.329+0000] {dag.py:2907} INFO - Sync 1 DAGs
[2023-08-24T05:09:18.346+0000] {logging_mixin.py:151} INFO - [2023-08-24T05:09:18.346+0000] {dag.py:3677} INFO - Setting next_dagrun for example_branch_labels to 2023-08-23T00:00:00+00:00, run_after=2023-08-24T00:00:00+00:00
[2023-08-24T05:09:18.364+0000] {processor.py:179} INFO - Processing /usr/local/lib/python3.8/dist-packages/airflow/example_dags/example_branch_labels.py took 0.065 seconds
[2023-08-24T05:10:17.320+0000] {processor.py:157} INFO - Started process (PID=48768) to work on /usr/local/lib/python3.8/dist-packages/airflow/example_dags/example_branch_labels.py
[2023-08-24T05:10:17.321+0000] {processor.py:829} INFO - Processing file /usr/local/lib/python3.8/dist-packages/airflow/example_dags/example_branch_labels.py for tasks to queue
[2023-08-24T05:10:17.322+0000] {logging_mixin.py:151} INFO - [2023-08-24T05:10:17.322+0000] {dagbag.py:539} INFO - Filling up the DagBag from /usr/local/lib/python3.8/dist-packages/airflow/example_dags/example_branch_labels.py
[2023-08-24T05:10:17.329+0000] {processor.py:839} INFO - DAG(s) dict_keys(['example_branch_labels']) retrieved from /usr/local/lib/python3.8/dist-packages/airflow/example_dags/example_branch_labels.py
[2023-08-24T05:10:17.346+0000] {logging_mixin.py:151} INFO - [2023-08-24T05:10:17.346+0000] {dag.py:2907} INFO - Sync 1 DAGs
[2023-08-24T05:10:17.363+0000] {logging_mixin.py:151} INFO - [2023-08-24T05:10:17.363+0000] {dag.py:3677} INFO - Setting next_dagrun for example_branch_labels to 2023-08-23T00:00:00+00:00, run_after=2023-08-24T00:00:00+00:00
[2023-08-24T05:10:17.380+0000] {processor.py:179} INFO - Processing /usr/local/lib/python3.8/dist-packages/airflow/example_dags/example_branch_labels.py took 0.064 seconds
[2023-08-24T05:11:32.697+0000] {processor.py:157} INFO - Started process (PID=48924) to work on /usr/local/lib/python3.8/dist-packages/airflow/example_dags/example_branch_labels.py
[2023-08-24T05:11:32.699+0000] {processor.py:829} INFO - Processing file /usr/local/lib/python3.8/dist-packages/airflow/example_dags/example_branch_labels.py for tasks to queue
[2023-08-24T05:11:32.700+0000] {logging_mixin.py:151} INFO - [2023-08-24T05:11:32.699+0000] {dagbag.py:539} INFO - Filling up the DagBag from /usr/local/lib/python3.8/dist-packages/airflow/example_dags/example_branch_labels.py
[2023-08-24T05:11:32.707+0000] {processor.py:839} INFO - DAG(s) dict_keys(['example_branch_labels']) retrieved from /usr/local/lib/python3.8/dist-packages/airflow/example_dags/example_branch_labels.py
[2023-08-24T05:11:32.725+0000] {logging_mixin.py:151} INFO - [2023-08-24T05:11:32.725+0000] {dag.py:2907} INFO - Sync 1 DAGs
[2023-08-24T05:11:32.743+0000] {logging_mixin.py:151} INFO - [2023-08-24T05:11:32.743+0000] {dag.py:3677} INFO - Setting next_dagrun for example_branch_labels to 2023-08-23T00:00:00+00:00, run_after=2023-08-24T00:00:00+00:00
[2023-08-24T05:11:32.763+0000] {processor.py:179} INFO - Processing /usr/local/lib/python3.8/dist-packages/airflow/example_dags/example_branch_labels.py took 0.069 seconds
[2023-08-24T05:12:35.803+0000] {processor.py:157} INFO - Started process (PID=49123) to work on /usr/local/lib/python3.8/dist-packages/airflow/example_dags/example_branch_labels.py
[2023-08-24T05:12:35.805+0000] {processor.py:829} INFO - Processing file /usr/local/lib/python3.8/dist-packages/airflow/example_dags/example_branch_labels.py for tasks to queue
[2023-08-24T05:12:35.806+0000] {logging_mixin.py:151} INFO - [2023-08-24T05:12:35.805+0000] {dagbag.py:539} INFO - Filling up the DagBag from /usr/local/lib/python3.8/dist-packages/airflow/example_dags/example_branch_labels.py
[2023-08-24T05:12:35.813+0000] {processor.py:839} INFO - DAG(s) dict_keys(['example_branch_labels']) retrieved from /usr/local/lib/python3.8/dist-packages/airflow/example_dags/example_branch_labels.py
[2023-08-24T05:12:35.831+0000] {logging_mixin.py:151} INFO - [2023-08-24T05:12:35.830+0000] {dag.py:2907} INFO - Sync 1 DAGs
[2023-08-24T05:12:35.851+0000] {logging_mixin.py:151} INFO - [2023-08-24T05:12:35.851+0000] {dag.py:3677} INFO - Setting next_dagrun for example_branch_labels to 2023-08-23T00:00:00+00:00, run_after=2023-08-24T00:00:00+00:00
[2023-08-24T05:12:35.869+0000] {processor.py:179} INFO - Processing /usr/local/lib/python3.8/dist-packages/airflow/example_dags/example_branch_labels.py took 0.069 seconds
[2023-08-24T05:13:37.098+0000] {processor.py:157} INFO - Started process (PID=49327) to work on /usr/local/lib/python3.8/dist-packages/airflow/example_dags/example_branch_labels.py
[2023-08-24T05:13:37.101+0000] {processor.py:829} INFO - Processing file /usr/local/lib/python3.8/dist-packages/airflow/example_dags/example_branch_labels.py for tasks to queue
[2023-08-24T05:13:37.102+0000] {logging_mixin.py:151} INFO - [2023-08-24T05:13:37.102+0000] {dagbag.py:539} INFO - Filling up the DagBag from /usr/local/lib/python3.8/dist-packages/airflow/example_dags/example_branch_labels.py
[2023-08-24T05:13:37.109+0000] {processor.py:839} INFO - DAG(s) dict_keys(['example_branch_labels']) retrieved from /usr/local/lib/python3.8/dist-packages/airflow/example_dags/example_branch_labels.py
[2023-08-24T05:13:37.127+0000] {logging_mixin.py:151} INFO - [2023-08-24T05:13:37.126+0000] {dag.py:2907} INFO - Sync 1 DAGs
[2023-08-24T05:13:37.144+0000] {logging_mixin.py:151} INFO - [2023-08-24T05:13:37.144+0000] {dag.py:3677} INFO - Setting next_dagrun for example_branch_labels to 2023-08-23T00:00:00+00:00, run_after=2023-08-24T00:00:00+00:00
[2023-08-24T05:13:37.162+0000] {processor.py:179} INFO - Processing /usr/local/lib/python3.8/dist-packages/airflow/example_dags/example_branch_labels.py took 0.067 seconds
