[2023-08-24T04:31:39.091+0000] {processor.py:157} INFO - Started process (PID=41501) to work on /usr/local/lib/python3.8/dist-packages/airflow/example_dags/example_branch_day_of_week_operator.py
[2023-08-24T04:31:39.092+0000] {processor.py:829} INFO - Processing file /usr/local/lib/python3.8/dist-packages/airflow/example_dags/example_branch_day_of_week_operator.py for tasks to queue
[2023-08-24T04:31:39.093+0000] {logging_mixin.py:151} INFO - [2023-08-24T04:31:39.092+0000] {dagbag.py:539} INFO - Filling up the DagBag from /usr/local/lib/python3.8/dist-packages/airflow/example_dags/example_branch_day_of_week_operator.py
[2023-08-24T04:31:39.101+0000] {processor.py:839} INFO - DAG(s) dict_keys(['example_weekday_branch_operator']) retrieved from /usr/local/lib/python3.8/dist-packages/airflow/example_dags/example_branch_day_of_week_operator.py
[2023-08-24T04:31:39.118+0000] {logging_mixin.py:151} INFO - [2023-08-24T04:31:39.117+0000] {dag.py:2907} INFO - Sync 1 DAGs
[2023-08-24T04:31:39.135+0000] {logging_mixin.py:151} INFO - [2023-08-24T04:31:39.135+0000] {dag.py:3677} INFO - Setting next_dagrun for example_weekday_branch_operator to 2023-08-23T00:00:00+00:00, run_after=2023-08-24T00:00:00+00:00
[2023-08-24T04:31:39.153+0000] {processor.py:179} INFO - Processing /usr/local/lib/python3.8/dist-packages/airflow/example_dags/example_branch_day_of_week_operator.py took 0.066 seconds
[2023-08-24T04:32:41.097+0000] {processor.py:157} INFO - Started process (PID=41699) to work on /usr/local/lib/python3.8/dist-packages/airflow/example_dags/example_branch_day_of_week_operator.py
[2023-08-24T04:32:41.099+0000] {processor.py:829} INFO - Processing file /usr/local/lib/python3.8/dist-packages/airflow/example_dags/example_branch_day_of_week_operator.py for tasks to queue
[2023-08-24T04:32:41.100+0000] {logging_mixin.py:151} INFO - [2023-08-24T04:32:41.100+0000] {dagbag.py:539} INFO - Filling up the DagBag from /usr/local/lib/python3.8/dist-packages/airflow/example_dags/example_branch_day_of_week_operator.py
[2023-08-24T04:32:41.108+0000] {processor.py:839} INFO - DAG(s) dict_keys(['example_weekday_branch_operator']) retrieved from /usr/local/lib/python3.8/dist-packages/airflow/example_dags/example_branch_day_of_week_operator.py
[2023-08-24T04:32:41.124+0000] {logging_mixin.py:151} INFO - [2023-08-24T04:32:41.124+0000] {dag.py:2907} INFO - Sync 1 DAGs
[2023-08-24T04:32:41.140+0000] {logging_mixin.py:151} INFO - [2023-08-24T04:32:41.140+0000] {dag.py:3677} INFO - Setting next_dagrun for example_weekday_branch_operator to 2023-08-23T00:00:00+00:00, run_after=2023-08-24T00:00:00+00:00
[2023-08-24T04:32:41.157+0000] {processor.py:179} INFO - Processing /usr/local/lib/python3.8/dist-packages/airflow/example_dags/example_branch_day_of_week_operator.py took 0.064 seconds
[2023-08-24T04:33:39.589+0000] {processor.py:157} INFO - Started process (PID=41890) to work on /usr/local/lib/python3.8/dist-packages/airflow/example_dags/example_branch_day_of_week_operator.py
[2023-08-24T04:33:39.590+0000] {processor.py:829} INFO - Processing file /usr/local/lib/python3.8/dist-packages/airflow/example_dags/example_branch_day_of_week_operator.py for tasks to queue
[2023-08-24T04:33:39.591+0000] {logging_mixin.py:151} INFO - [2023-08-24T04:33:39.591+0000] {dagbag.py:539} INFO - Filling up the DagBag from /usr/local/lib/python3.8/dist-packages/airflow/example_dags/example_branch_day_of_week_operator.py
[2023-08-24T04:33:39.599+0000] {processor.py:839} INFO - DAG(s) dict_keys(['example_weekday_branch_operator']) retrieved from /usr/local/lib/python3.8/dist-packages/airflow/example_dags/example_branch_day_of_week_operator.py
[2023-08-24T04:33:39.615+0000] {logging_mixin.py:151} INFO - [2023-08-24T04:33:39.615+0000] {dag.py:2907} INFO - Sync 1 DAGs
[2023-08-24T04:33:39.632+0000] {logging_mixin.py:151} INFO - [2023-08-24T04:33:39.631+0000] {dag.py:3677} INFO - Setting next_dagrun for example_weekday_branch_operator to 2023-08-23T00:00:00+00:00, run_after=2023-08-24T00:00:00+00:00
[2023-08-24T04:33:39.649+0000] {processor.py:179} INFO - Processing /usr/local/lib/python3.8/dist-packages/airflow/example_dags/example_branch_day_of_week_operator.py took 0.064 seconds
[2023-08-24T04:34:38.394+0000] {processor.py:157} INFO - Started process (PID=42073) to work on /usr/local/lib/python3.8/dist-packages/airflow/example_dags/example_branch_day_of_week_operator.py
[2023-08-24T04:34:38.396+0000] {processor.py:829} INFO - Processing file /usr/local/lib/python3.8/dist-packages/airflow/example_dags/example_branch_day_of_week_operator.py for tasks to queue
[2023-08-24T04:34:38.397+0000] {logging_mixin.py:151} INFO - [2023-08-24T04:34:38.396+0000] {dagbag.py:539} INFO - Filling up the DagBag from /usr/local/lib/python3.8/dist-packages/airflow/example_dags/example_branch_day_of_week_operator.py
[2023-08-24T04:34:38.405+0000] {processor.py:839} INFO - DAG(s) dict_keys(['example_weekday_branch_operator']) retrieved from /usr/local/lib/python3.8/dist-packages/airflow/example_dags/example_branch_day_of_week_operator.py
[2023-08-24T04:34:38.421+0000] {logging_mixin.py:151} INFO - [2023-08-24T04:34:38.421+0000] {dag.py:2907} INFO - Sync 1 DAGs
[2023-08-24T04:34:38.438+0000] {logging_mixin.py:151} INFO - [2023-08-24T04:34:38.438+0000] {dag.py:3677} INFO - Setting next_dagrun for example_weekday_branch_operator to 2023-08-23T00:00:00+00:00, run_after=2023-08-24T00:00:00+00:00
[2023-08-24T04:34:38.456+0000] {processor.py:179} INFO - Processing /usr/local/lib/python3.8/dist-packages/airflow/example_dags/example_branch_day_of_week_operator.py took 0.066 seconds
[2023-08-24T04:35:37.591+0000] {processor.py:157} INFO - Started process (PID=42269) to work on /usr/local/lib/python3.8/dist-packages/airflow/example_dags/example_branch_day_of_week_operator.py
[2023-08-24T04:35:37.593+0000] {processor.py:829} INFO - Processing file /usr/local/lib/python3.8/dist-packages/airflow/example_dags/example_branch_day_of_week_operator.py for tasks to queue
[2023-08-24T04:35:37.594+0000] {logging_mixin.py:151} INFO - [2023-08-24T04:35:37.593+0000] {dagbag.py:539} INFO - Filling up the DagBag from /usr/local/lib/python3.8/dist-packages/airflow/example_dags/example_branch_day_of_week_operator.py
[2023-08-24T04:35:37.601+0000] {processor.py:839} INFO - DAG(s) dict_keys(['example_weekday_branch_operator']) retrieved from /usr/local/lib/python3.8/dist-packages/airflow/example_dags/example_branch_day_of_week_operator.py
[2023-08-24T04:35:37.617+0000] {logging_mixin.py:151} INFO - [2023-08-24T04:35:37.617+0000] {dag.py:2907} INFO - Sync 1 DAGs
[2023-08-24T04:35:37.633+0000] {logging_mixin.py:151} INFO - [2023-08-24T04:35:37.633+0000] {dag.py:3677} INFO - Setting next_dagrun for example_weekday_branch_operator to 2023-08-23T00:00:00+00:00, run_after=2023-08-24T00:00:00+00:00
[2023-08-24T04:35:37.651+0000] {processor.py:179} INFO - Processing /usr/local/lib/python3.8/dist-packages/airflow/example_dags/example_branch_day_of_week_operator.py took 0.063 seconds
[2023-08-24T04:36:35.118+0000] {processor.py:157} INFO - Started process (PID=42465) to work on /usr/local/lib/python3.8/dist-packages/airflow/example_dags/example_branch_day_of_week_operator.py
[2023-08-24T04:36:35.120+0000] {processor.py:829} INFO - Processing file /usr/local/lib/python3.8/dist-packages/airflow/example_dags/example_branch_day_of_week_operator.py for tasks to queue
[2023-08-24T04:36:35.121+0000] {logging_mixin.py:151} INFO - [2023-08-24T04:36:35.121+0000] {dagbag.py:539} INFO - Filling up the DagBag from /usr/local/lib/python3.8/dist-packages/airflow/example_dags/example_branch_day_of_week_operator.py
[2023-08-24T04:36:35.129+0000] {processor.py:839} INFO - DAG(s) dict_keys(['example_weekday_branch_operator']) retrieved from /usr/local/lib/python3.8/dist-packages/airflow/example_dags/example_branch_day_of_week_operator.py
[2023-08-24T04:36:35.145+0000] {logging_mixin.py:151} INFO - [2023-08-24T04:36:35.145+0000] {dag.py:2907} INFO - Sync 1 DAGs
[2023-08-24T04:36:35.162+0000] {logging_mixin.py:151} INFO - [2023-08-24T04:36:35.162+0000] {dag.py:3677} INFO - Setting next_dagrun for example_weekday_branch_operator to 2023-08-23T00:00:00+00:00, run_after=2023-08-24T00:00:00+00:00
[2023-08-24T04:36:35.181+0000] {processor.py:179} INFO - Processing /usr/local/lib/python3.8/dist-packages/airflow/example_dags/example_branch_day_of_week_operator.py took 0.066 seconds
[2023-08-24T04:37:57.615+0000] {processor.py:157} INFO - Started process (PID=42796) to work on /usr/local/lib/python3.8/dist-packages/airflow/example_dags/example_branch_day_of_week_operator.py
[2023-08-24T04:37:57.617+0000] {processor.py:829} INFO - Processing file /usr/local/lib/python3.8/dist-packages/airflow/example_dags/example_branch_day_of_week_operator.py for tasks to queue
[2023-08-24T04:37:57.618+0000] {logging_mixin.py:151} INFO - [2023-08-24T04:37:57.617+0000] {dagbag.py:539} INFO - Filling up the DagBag from /usr/local/lib/python3.8/dist-packages/airflow/example_dags/example_branch_day_of_week_operator.py
[2023-08-24T04:37:57.625+0000] {processor.py:839} INFO - DAG(s) dict_keys(['example_weekday_branch_operator']) retrieved from /usr/local/lib/python3.8/dist-packages/airflow/example_dags/example_branch_day_of_week_operator.py
[2023-08-24T04:37:57.641+0000] {logging_mixin.py:151} INFO - [2023-08-24T04:37:57.641+0000] {dag.py:2907} INFO - Sync 1 DAGs
[2023-08-24T04:37:57.658+0000] {logging_mixin.py:151} INFO - [2023-08-24T04:37:57.658+0000] {dag.py:3677} INFO - Setting next_dagrun for example_weekday_branch_operator to 2023-08-23T00:00:00+00:00, run_after=2023-08-24T00:00:00+00:00
[2023-08-24T04:37:57.675+0000] {processor.py:179} INFO - Processing /usr/local/lib/python3.8/dist-packages/airflow/example_dags/example_branch_day_of_week_operator.py took 0.063 seconds
[2023-08-24T04:38:58.244+0000] {processor.py:157} INFO - Started process (PID=42981) to work on /usr/local/lib/python3.8/dist-packages/airflow/example_dags/example_branch_day_of_week_operator.py
[2023-08-24T04:38:58.246+0000] {processor.py:829} INFO - Processing file /usr/local/lib/python3.8/dist-packages/airflow/example_dags/example_branch_day_of_week_operator.py for tasks to queue
[2023-08-24T04:38:58.247+0000] {logging_mixin.py:151} INFO - [2023-08-24T04:38:58.246+0000] {dagbag.py:539} INFO - Filling up the DagBag from /usr/local/lib/python3.8/dist-packages/airflow/example_dags/example_branch_day_of_week_operator.py
[2023-08-24T04:38:58.255+0000] {processor.py:839} INFO - DAG(s) dict_keys(['example_weekday_branch_operator']) retrieved from /usr/local/lib/python3.8/dist-packages/airflow/example_dags/example_branch_day_of_week_operator.py
[2023-08-24T04:38:58.271+0000] {logging_mixin.py:151} INFO - [2023-08-24T04:38:58.271+0000] {dag.py:2907} INFO - Sync 1 DAGs
[2023-08-24T04:38:58.288+0000] {logging_mixin.py:151} INFO - [2023-08-24T04:38:58.288+0000] {dag.py:3677} INFO - Setting next_dagrun for example_weekday_branch_operator to 2023-08-23T00:00:00+00:00, run_after=2023-08-24T00:00:00+00:00
[2023-08-24T04:38:58.306+0000] {processor.py:179} INFO - Processing /usr/local/lib/python3.8/dist-packages/airflow/example_dags/example_branch_day_of_week_operator.py took 0.066 seconds
[2023-08-24T04:39:59.109+0000] {processor.py:157} INFO - Started process (PID=43179) to work on /usr/local/lib/python3.8/dist-packages/airflow/example_dags/example_branch_day_of_week_operator.py
[2023-08-24T04:39:59.110+0000] {processor.py:829} INFO - Processing file /usr/local/lib/python3.8/dist-packages/airflow/example_dags/example_branch_day_of_week_operator.py for tasks to queue
[2023-08-24T04:39:59.111+0000] {logging_mixin.py:151} INFO - [2023-08-24T04:39:59.111+0000] {dagbag.py:539} INFO - Filling up the DagBag from /usr/local/lib/python3.8/dist-packages/airflow/example_dags/example_branch_day_of_week_operator.py
[2023-08-24T04:39:59.118+0000] {processor.py:839} INFO - DAG(s) dict_keys(['example_weekday_branch_operator']) retrieved from /usr/local/lib/python3.8/dist-packages/airflow/example_dags/example_branch_day_of_week_operator.py
[2023-08-24T04:39:59.135+0000] {logging_mixin.py:151} INFO - [2023-08-24T04:39:59.135+0000] {dag.py:2907} INFO - Sync 1 DAGs
[2023-08-24T04:39:59.153+0000] {logging_mixin.py:151} INFO - [2023-08-24T04:39:59.152+0000] {dag.py:3677} INFO - Setting next_dagrun for example_weekday_branch_operator to 2023-08-23T00:00:00+00:00, run_after=2023-08-24T00:00:00+00:00
[2023-08-24T04:39:59.173+0000] {processor.py:179} INFO - Processing /usr/local/lib/python3.8/dist-packages/airflow/example_dags/example_branch_day_of_week_operator.py took 0.067 seconds
[2023-08-24T04:40:59.792+0000] {processor.py:157} INFO - Started process (PID=43363) to work on /usr/local/lib/python3.8/dist-packages/airflow/example_dags/example_branch_day_of_week_operator.py
[2023-08-24T04:40:59.793+0000] {processor.py:829} INFO - Processing file /usr/local/lib/python3.8/dist-packages/airflow/example_dags/example_branch_day_of_week_operator.py for tasks to queue
[2023-08-24T04:40:59.794+0000] {logging_mixin.py:151} INFO - [2023-08-24T04:40:59.794+0000] {dagbag.py:539} INFO - Filling up the DagBag from /usr/local/lib/python3.8/dist-packages/airflow/example_dags/example_branch_day_of_week_operator.py
[2023-08-24T04:40:59.801+0000] {processor.py:839} INFO - DAG(s) dict_keys(['example_weekday_branch_operator']) retrieved from /usr/local/lib/python3.8/dist-packages/airflow/example_dags/example_branch_day_of_week_operator.py
[2023-08-24T04:40:59.818+0000] {logging_mixin.py:151} INFO - [2023-08-24T04:40:59.817+0000] {dag.py:2907} INFO - Sync 1 DAGs
[2023-08-24T04:40:59.834+0000] {logging_mixin.py:151} INFO - [2023-08-24T04:40:59.834+0000] {dag.py:3677} INFO - Setting next_dagrun for example_weekday_branch_operator to 2023-08-23T00:00:00+00:00, run_after=2023-08-24T00:00:00+00:00
[2023-08-24T04:40:59.852+0000] {processor.py:179} INFO - Processing /usr/local/lib/python3.8/dist-packages/airflow/example_dags/example_branch_day_of_week_operator.py took 0.064 seconds
[2023-08-24T04:41:59.990+0000] {processor.py:157} INFO - Started process (PID=43546) to work on /usr/local/lib/python3.8/dist-packages/airflow/example_dags/example_branch_day_of_week_operator.py
[2023-08-24T04:41:59.991+0000] {processor.py:829} INFO - Processing file /usr/local/lib/python3.8/dist-packages/airflow/example_dags/example_branch_day_of_week_operator.py for tasks to queue
[2023-08-24T04:41:59.992+0000] {logging_mixin.py:151} INFO - [2023-08-24T04:41:59.992+0000] {dagbag.py:539} INFO - Filling up the DagBag from /usr/local/lib/python3.8/dist-packages/airflow/example_dags/example_branch_day_of_week_operator.py
[2023-08-24T04:42:00.000+0000] {processor.py:839} INFO - DAG(s) dict_keys(['example_weekday_branch_operator']) retrieved from /usr/local/lib/python3.8/dist-packages/airflow/example_dags/example_branch_day_of_week_operator.py
[2023-08-24T04:42:00.019+0000] {logging_mixin.py:151} INFO - [2023-08-24T04:42:00.019+0000] {dag.py:2907} INFO - Sync 1 DAGs
[2023-08-24T04:42:00.038+0000] {logging_mixin.py:151} INFO - [2023-08-24T04:42:00.038+0000] {dag.py:3677} INFO - Setting next_dagrun for example_weekday_branch_operator to 2023-08-23T00:00:00+00:00, run_after=2023-08-24T00:00:00+00:00
[2023-08-24T04:42:00.056+0000] {processor.py:179} INFO - Processing /usr/local/lib/python3.8/dist-packages/airflow/example_dags/example_branch_day_of_week_operator.py took 0.070 seconds
[2023-08-24T04:43:28.770+0000] {processor.py:157} INFO - Started process (PID=43765) to work on /usr/local/lib/python3.8/dist-packages/airflow/example_dags/example_branch_day_of_week_operator.py
[2023-08-24T04:43:28.772+0000] {processor.py:829} INFO - Processing file /usr/local/lib/python3.8/dist-packages/airflow/example_dags/example_branch_day_of_week_operator.py for tasks to queue
[2023-08-24T04:43:28.773+0000] {logging_mixin.py:151} INFO - [2023-08-24T04:43:28.772+0000] {dagbag.py:539} INFO - Filling up the DagBag from /usr/local/lib/python3.8/dist-packages/airflow/example_dags/example_branch_day_of_week_operator.py
[2023-08-24T04:43:28.780+0000] {processor.py:839} INFO - DAG(s) dict_keys(['example_weekday_branch_operator']) retrieved from /usr/local/lib/python3.8/dist-packages/airflow/example_dags/example_branch_day_of_week_operator.py
[2023-08-24T04:43:28.796+0000] {logging_mixin.py:151} INFO - [2023-08-24T04:43:28.796+0000] {dag.py:2907} INFO - Sync 1 DAGs
[2023-08-24T04:43:28.813+0000] {logging_mixin.py:151} INFO - [2023-08-24T04:43:28.813+0000] {dag.py:3677} INFO - Setting next_dagrun for example_weekday_branch_operator to 2023-08-23T00:00:00+00:00, run_after=2023-08-24T00:00:00+00:00
[2023-08-24T04:43:28.830+0000] {processor.py:179} INFO - Processing /usr/local/lib/python3.8/dist-packages/airflow/example_dags/example_branch_day_of_week_operator.py took 0.063 seconds
[2023-08-24T04:44:29.536+0000] {processor.py:157} INFO - Started process (PID=43951) to work on /usr/local/lib/python3.8/dist-packages/airflow/example_dags/example_branch_day_of_week_operator.py
[2023-08-24T04:44:29.540+0000] {processor.py:829} INFO - Processing file /usr/local/lib/python3.8/dist-packages/airflow/example_dags/example_branch_day_of_week_operator.py for tasks to queue
[2023-08-24T04:44:29.541+0000] {logging_mixin.py:151} INFO - [2023-08-24T04:44:29.541+0000] {dagbag.py:539} INFO - Filling up the DagBag from /usr/local/lib/python3.8/dist-packages/airflow/example_dags/example_branch_day_of_week_operator.py
[2023-08-24T04:44:29.548+0000] {processor.py:839} INFO - DAG(s) dict_keys(['example_weekday_branch_operator']) retrieved from /usr/local/lib/python3.8/dist-packages/airflow/example_dags/example_branch_day_of_week_operator.py
[2023-08-24T04:44:29.564+0000] {logging_mixin.py:151} INFO - [2023-08-24T04:44:29.564+0000] {dag.py:2907} INFO - Sync 1 DAGs
[2023-08-24T04:44:29.581+0000] {logging_mixin.py:151} INFO - [2023-08-24T04:44:29.581+0000] {dag.py:3677} INFO - Setting next_dagrun for example_weekday_branch_operator to 2023-08-23T00:00:00+00:00, run_after=2023-08-24T00:00:00+00:00
[2023-08-24T04:44:29.598+0000] {processor.py:179} INFO - Processing /usr/local/lib/python3.8/dist-packages/airflow/example_dags/example_branch_day_of_week_operator.py took 0.066 seconds
[2023-08-24T04:45:30.597+0000] {processor.py:157} INFO - Started process (PID=44134) to work on /usr/local/lib/python3.8/dist-packages/airflow/example_dags/example_branch_day_of_week_operator.py
[2023-08-24T04:45:30.599+0000] {processor.py:829} INFO - Processing file /usr/local/lib/python3.8/dist-packages/airflow/example_dags/example_branch_day_of_week_operator.py for tasks to queue
[2023-08-24T04:45:30.600+0000] {logging_mixin.py:151} INFO - [2023-08-24T04:45:30.599+0000] {dagbag.py:539} INFO - Filling up the DagBag from /usr/local/lib/python3.8/dist-packages/airflow/example_dags/example_branch_day_of_week_operator.py
[2023-08-24T04:45:30.607+0000] {processor.py:839} INFO - DAG(s) dict_keys(['example_weekday_branch_operator']) retrieved from /usr/local/lib/python3.8/dist-packages/airflow/example_dags/example_branch_day_of_week_operator.py
[2023-08-24T04:45:30.623+0000] {logging_mixin.py:151} INFO - [2023-08-24T04:45:30.623+0000] {dag.py:2907} INFO - Sync 1 DAGs
[2023-08-24T04:45:30.640+0000] {logging_mixin.py:151} INFO - [2023-08-24T04:45:30.640+0000] {dag.py:3677} INFO - Setting next_dagrun for example_weekday_branch_operator to 2023-08-23T00:00:00+00:00, run_after=2023-08-24T00:00:00+00:00
[2023-08-24T04:45:30.657+0000] {processor.py:179} INFO - Processing /usr/local/lib/python3.8/dist-packages/airflow/example_dags/example_branch_day_of_week_operator.py took 0.064 seconds
[2023-08-24T04:46:32.180+0000] {processor.py:157} INFO - Started process (PID=44317) to work on /usr/local/lib/python3.8/dist-packages/airflow/example_dags/example_branch_day_of_week_operator.py
[2023-08-24T04:46:32.183+0000] {processor.py:829} INFO - Processing file /usr/local/lib/python3.8/dist-packages/airflow/example_dags/example_branch_day_of_week_operator.py for tasks to queue
[2023-08-24T04:46:32.184+0000] {logging_mixin.py:151} INFO - [2023-08-24T04:46:32.184+0000] {dagbag.py:539} INFO - Filling up the DagBag from /usr/local/lib/python3.8/dist-packages/airflow/example_dags/example_branch_day_of_week_operator.py
[2023-08-24T04:46:32.191+0000] {processor.py:839} INFO - DAG(s) dict_keys(['example_weekday_branch_operator']) retrieved from /usr/local/lib/python3.8/dist-packages/airflow/example_dags/example_branch_day_of_week_operator.py
[2023-08-24T04:46:32.208+0000] {logging_mixin.py:151} INFO - [2023-08-24T04:46:32.208+0000] {dag.py:2907} INFO - Sync 1 DAGs
[2023-08-24T04:46:32.226+0000] {logging_mixin.py:151} INFO - [2023-08-24T04:46:32.225+0000] {dag.py:3677} INFO - Setting next_dagrun for example_weekday_branch_operator to 2023-08-23T00:00:00+00:00, run_after=2023-08-24T00:00:00+00:00
[2023-08-24T04:46:32.244+0000] {processor.py:179} INFO - Processing /usr/local/lib/python3.8/dist-packages/airflow/example_dags/example_branch_day_of_week_operator.py took 0.067 seconds
[2023-08-24T04:47:34.605+0000] {processor.py:157} INFO - Started process (PID=44501) to work on /usr/local/lib/python3.8/dist-packages/airflow/example_dags/example_branch_day_of_week_operator.py
[2023-08-24T04:47:34.607+0000] {processor.py:829} INFO - Processing file /usr/local/lib/python3.8/dist-packages/airflow/example_dags/example_branch_day_of_week_operator.py for tasks to queue
[2023-08-24T04:47:34.608+0000] {logging_mixin.py:151} INFO - [2023-08-24T04:47:34.607+0000] {dagbag.py:539} INFO - Filling up the DagBag from /usr/local/lib/python3.8/dist-packages/airflow/example_dags/example_branch_day_of_week_operator.py
[2023-08-24T04:47:34.615+0000] {processor.py:839} INFO - DAG(s) dict_keys(['example_weekday_branch_operator']) retrieved from /usr/local/lib/python3.8/dist-packages/airflow/example_dags/example_branch_day_of_week_operator.py
[2023-08-24T04:47:34.632+0000] {logging_mixin.py:151} INFO - [2023-08-24T04:47:34.632+0000] {dag.py:2907} INFO - Sync 1 DAGs
[2023-08-24T04:47:34.650+0000] {logging_mixin.py:151} INFO - [2023-08-24T04:47:34.650+0000] {dag.py:3677} INFO - Setting next_dagrun for example_weekday_branch_operator to 2023-08-23T00:00:00+00:00, run_after=2023-08-24T00:00:00+00:00
[2023-08-24T04:47:34.669+0000] {processor.py:179} INFO - Processing /usr/local/lib/python3.8/dist-packages/airflow/example_dags/example_branch_day_of_week_operator.py took 0.068 seconds
[2023-08-24T04:48:36.046+0000] {processor.py:157} INFO - Started process (PID=44684) to work on /usr/local/lib/python3.8/dist-packages/airflow/example_dags/example_branch_day_of_week_operator.py
[2023-08-24T04:48:36.047+0000] {processor.py:829} INFO - Processing file /usr/local/lib/python3.8/dist-packages/airflow/example_dags/example_branch_day_of_week_operator.py for tasks to queue
[2023-08-24T04:48:36.048+0000] {logging_mixin.py:151} INFO - [2023-08-24T04:48:36.048+0000] {dagbag.py:539} INFO - Filling up the DagBag from /usr/local/lib/python3.8/dist-packages/airflow/example_dags/example_branch_day_of_week_operator.py
[2023-08-24T04:48:36.055+0000] {processor.py:839} INFO - DAG(s) dict_keys(['example_weekday_branch_operator']) retrieved from /usr/local/lib/python3.8/dist-packages/airflow/example_dags/example_branch_day_of_week_operator.py
[2023-08-24T04:48:36.072+0000] {logging_mixin.py:151} INFO - [2023-08-24T04:48:36.072+0000] {dag.py:2907} INFO - Sync 1 DAGs
[2023-08-24T04:48:36.089+0000] {logging_mixin.py:151} INFO - [2023-08-24T04:48:36.089+0000] {dag.py:3677} INFO - Setting next_dagrun for example_weekday_branch_operator to 2023-08-23T00:00:00+00:00, run_after=2023-08-24T00:00:00+00:00
[2023-08-24T04:48:36.107+0000] {processor.py:179} INFO - Processing /usr/local/lib/python3.8/dist-packages/airflow/example_dags/example_branch_day_of_week_operator.py took 0.065 seconds
[2023-08-24T04:49:38.379+0000] {processor.py:157} INFO - Started process (PID=44868) to work on /usr/local/lib/python3.8/dist-packages/airflow/example_dags/example_branch_day_of_week_operator.py
[2023-08-24T04:49:38.388+0000] {processor.py:829} INFO - Processing file /usr/local/lib/python3.8/dist-packages/airflow/example_dags/example_branch_day_of_week_operator.py for tasks to queue
[2023-08-24T04:49:38.389+0000] {logging_mixin.py:151} INFO - [2023-08-24T04:49:38.389+0000] {dagbag.py:539} INFO - Filling up the DagBag from /usr/local/lib/python3.8/dist-packages/airflow/example_dags/example_branch_day_of_week_operator.py
[2023-08-24T04:49:38.396+0000] {processor.py:839} INFO - DAG(s) dict_keys(['example_weekday_branch_operator']) retrieved from /usr/local/lib/python3.8/dist-packages/airflow/example_dags/example_branch_day_of_week_operator.py
[2023-08-24T04:49:38.413+0000] {logging_mixin.py:151} INFO - [2023-08-24T04:49:38.413+0000] {dag.py:2907} INFO - Sync 1 DAGs
[2023-08-24T04:49:38.431+0000] {logging_mixin.py:151} INFO - [2023-08-24T04:49:38.431+0000] {dag.py:3677} INFO - Setting next_dagrun for example_weekday_branch_operator to 2023-08-23T00:00:00+00:00, run_after=2023-08-24T00:00:00+00:00
[2023-08-24T04:49:38.450+0000] {processor.py:179} INFO - Processing /usr/local/lib/python3.8/dist-packages/airflow/example_dags/example_branch_day_of_week_operator.py took 0.075 seconds
[2023-08-24T04:50:36.403+0000] {processor.py:157} INFO - Started process (PID=45053) to work on /usr/local/lib/python3.8/dist-packages/airflow/example_dags/example_branch_day_of_week_operator.py
[2023-08-24T04:50:36.405+0000] {processor.py:829} INFO - Processing file /usr/local/lib/python3.8/dist-packages/airflow/example_dags/example_branch_day_of_week_operator.py for tasks to queue
[2023-08-24T04:50:36.406+0000] {logging_mixin.py:151} INFO - [2023-08-24T04:50:36.406+0000] {dagbag.py:539} INFO - Filling up the DagBag from /usr/local/lib/python3.8/dist-packages/airflow/example_dags/example_branch_day_of_week_operator.py
[2023-08-24T04:50:36.415+0000] {processor.py:839} INFO - DAG(s) dict_keys(['example_weekday_branch_operator']) retrieved from /usr/local/lib/python3.8/dist-packages/airflow/example_dags/example_branch_day_of_week_operator.py
[2023-08-24T04:50:36.432+0000] {logging_mixin.py:151} INFO - [2023-08-24T04:50:36.431+0000] {dag.py:2907} INFO - Sync 1 DAGs
[2023-08-24T04:50:36.449+0000] {logging_mixin.py:151} INFO - [2023-08-24T04:50:36.449+0000] {dag.py:3677} INFO - Setting next_dagrun for example_weekday_branch_operator to 2023-08-23T00:00:00+00:00, run_after=2023-08-24T00:00:00+00:00
[2023-08-24T04:50:36.468+0000] {processor.py:179} INFO - Processing /usr/local/lib/python3.8/dist-packages/airflow/example_dags/example_branch_day_of_week_operator.py took 0.069 seconds
[2023-08-24T04:51:37.941+0000] {processor.py:157} INFO - Started process (PID=45236) to work on /usr/local/lib/python3.8/dist-packages/airflow/example_dags/example_branch_day_of_week_operator.py
[2023-08-24T04:51:37.943+0000] {processor.py:829} INFO - Processing file /usr/local/lib/python3.8/dist-packages/airflow/example_dags/example_branch_day_of_week_operator.py for tasks to queue
[2023-08-24T04:51:37.944+0000] {logging_mixin.py:151} INFO - [2023-08-24T04:51:37.944+0000] {dagbag.py:539} INFO - Filling up the DagBag from /usr/local/lib/python3.8/dist-packages/airflow/example_dags/example_branch_day_of_week_operator.py
[2023-08-24T04:51:37.952+0000] {processor.py:839} INFO - DAG(s) dict_keys(['example_weekday_branch_operator']) retrieved from /usr/local/lib/python3.8/dist-packages/airflow/example_dags/example_branch_day_of_week_operator.py
[2023-08-24T04:51:37.968+0000] {logging_mixin.py:151} INFO - [2023-08-24T04:51:37.967+0000] {dag.py:2907} INFO - Sync 1 DAGs
[2023-08-24T04:51:37.984+0000] {logging_mixin.py:151} INFO - [2023-08-24T04:51:37.984+0000] {dag.py:3677} INFO - Setting next_dagrun for example_weekday_branch_operator to 2023-08-23T00:00:00+00:00, run_after=2023-08-24T00:00:00+00:00
[2023-08-24T04:51:38.002+0000] {processor.py:179} INFO - Processing /usr/local/lib/python3.8/dist-packages/airflow/example_dags/example_branch_day_of_week_operator.py took 0.064 seconds
[2023-08-24T04:52:39.680+0000] {processor.py:157} INFO - Started process (PID=45419) to work on /usr/local/lib/python3.8/dist-packages/airflow/example_dags/example_branch_day_of_week_operator.py
[2023-08-24T04:52:39.682+0000] {processor.py:829} INFO - Processing file /usr/local/lib/python3.8/dist-packages/airflow/example_dags/example_branch_day_of_week_operator.py for tasks to queue
[2023-08-24T04:52:39.683+0000] {logging_mixin.py:151} INFO - [2023-08-24T04:52:39.682+0000] {dagbag.py:539} INFO - Filling up the DagBag from /usr/local/lib/python3.8/dist-packages/airflow/example_dags/example_branch_day_of_week_operator.py
[2023-08-24T04:52:39.690+0000] {processor.py:839} INFO - DAG(s) dict_keys(['example_weekday_branch_operator']) retrieved from /usr/local/lib/python3.8/dist-packages/airflow/example_dags/example_branch_day_of_week_operator.py
[2023-08-24T04:52:39.706+0000] {logging_mixin.py:151} INFO - [2023-08-24T04:52:39.706+0000] {dag.py:2907} INFO - Sync 1 DAGs
[2023-08-24T04:52:39.723+0000] {logging_mixin.py:151} INFO - [2023-08-24T04:52:39.723+0000] {dag.py:3677} INFO - Setting next_dagrun for example_weekday_branch_operator to 2023-08-23T00:00:00+00:00, run_after=2023-08-24T00:00:00+00:00
[2023-08-24T04:52:39.740+0000] {processor.py:179} INFO - Processing /usr/local/lib/python3.8/dist-packages/airflow/example_dags/example_branch_day_of_week_operator.py took 0.064 seconds
[2023-08-24T04:53:41.990+0000] {processor.py:157} INFO - Started process (PID=45608) to work on /usr/local/lib/python3.8/dist-packages/airflow/example_dags/example_branch_day_of_week_operator.py
[2023-08-24T04:53:41.992+0000] {processor.py:829} INFO - Processing file /usr/local/lib/python3.8/dist-packages/airflow/example_dags/example_branch_day_of_week_operator.py for tasks to queue
[2023-08-24T04:53:41.993+0000] {logging_mixin.py:151} INFO - [2023-08-24T04:53:41.993+0000] {dagbag.py:539} INFO - Filling up the DagBag from /usr/local/lib/python3.8/dist-packages/airflow/example_dags/example_branch_day_of_week_operator.py
[2023-08-24T04:53:42.001+0000] {processor.py:839} INFO - DAG(s) dict_keys(['example_weekday_branch_operator']) retrieved from /usr/local/lib/python3.8/dist-packages/airflow/example_dags/example_branch_day_of_week_operator.py
[2023-08-24T04:53:42.017+0000] {logging_mixin.py:151} INFO - [2023-08-24T04:53:42.017+0000] {dag.py:2907} INFO - Sync 1 DAGs
[2023-08-24T04:53:42.034+0000] {logging_mixin.py:151} INFO - [2023-08-24T04:53:42.034+0000] {dag.py:3677} INFO - Setting next_dagrun for example_weekday_branch_operator to 2023-08-23T00:00:00+00:00, run_after=2023-08-24T00:00:00+00:00
[2023-08-24T04:53:42.052+0000] {processor.py:179} INFO - Processing /usr/local/lib/python3.8/dist-packages/airflow/example_dags/example_branch_day_of_week_operator.py took 0.065 seconds
[2023-08-24T04:54:42.959+0000] {processor.py:157} INFO - Started process (PID=45791) to work on /usr/local/lib/python3.8/dist-packages/airflow/example_dags/example_branch_day_of_week_operator.py
[2023-08-24T04:54:42.961+0000] {processor.py:829} INFO - Processing file /usr/local/lib/python3.8/dist-packages/airflow/example_dags/example_branch_day_of_week_operator.py for tasks to queue
[2023-08-24T04:54:42.961+0000] {logging_mixin.py:151} INFO - [2023-08-24T04:54:42.961+0000] {dagbag.py:539} INFO - Filling up the DagBag from /usr/local/lib/python3.8/dist-packages/airflow/example_dags/example_branch_day_of_week_operator.py
[2023-08-24T04:54:42.969+0000] {processor.py:839} INFO - DAG(s) dict_keys(['example_weekday_branch_operator']) retrieved from /usr/local/lib/python3.8/dist-packages/airflow/example_dags/example_branch_day_of_week_operator.py
[2023-08-24T04:54:42.985+0000] {logging_mixin.py:151} INFO - [2023-08-24T04:54:42.985+0000] {dag.py:2907} INFO - Sync 1 DAGs
[2023-08-24T04:54:43.002+0000] {logging_mixin.py:151} INFO - [2023-08-24T04:54:43.002+0000] {dag.py:3677} INFO - Setting next_dagrun for example_weekday_branch_operator to 2023-08-23T00:00:00+00:00, run_after=2023-08-24T00:00:00+00:00
[2023-08-24T04:54:43.020+0000] {processor.py:179} INFO - Processing /usr/local/lib/python3.8/dist-packages/airflow/example_dags/example_branch_day_of_week_operator.py took 0.065 seconds
[2023-08-24T04:55:42.299+0000] {processor.py:157} INFO - Started process (PID=45975) to work on /usr/local/lib/python3.8/dist-packages/airflow/example_dags/example_branch_day_of_week_operator.py
[2023-08-24T04:55:42.300+0000] {processor.py:829} INFO - Processing file /usr/local/lib/python3.8/dist-packages/airflow/example_dags/example_branch_day_of_week_operator.py for tasks to queue
[2023-08-24T04:55:42.301+0000] {logging_mixin.py:151} INFO - [2023-08-24T04:55:42.301+0000] {dagbag.py:539} INFO - Filling up the DagBag from /usr/local/lib/python3.8/dist-packages/airflow/example_dags/example_branch_day_of_week_operator.py
[2023-08-24T04:55:42.309+0000] {processor.py:839} INFO - DAG(s) dict_keys(['example_weekday_branch_operator']) retrieved from /usr/local/lib/python3.8/dist-packages/airflow/example_dags/example_branch_day_of_week_operator.py
[2023-08-24T04:55:42.325+0000] {logging_mixin.py:151} INFO - [2023-08-24T04:55:42.325+0000] {dag.py:2907} INFO - Sync 1 DAGs
[2023-08-24T04:55:42.343+0000] {logging_mixin.py:151} INFO - [2023-08-24T04:55:42.343+0000] {dag.py:3677} INFO - Setting next_dagrun for example_weekday_branch_operator to 2023-08-23T00:00:00+00:00, run_after=2023-08-24T00:00:00+00:00
[2023-08-24T04:55:42.361+0000] {processor.py:179} INFO - Processing /usr/local/lib/python3.8/dist-packages/airflow/example_dags/example_branch_day_of_week_operator.py took 0.066 seconds
[2023-08-24T04:56:47.069+0000] {processor.py:157} INFO - Started process (PID=46162) to work on /usr/local/lib/python3.8/dist-packages/airflow/example_dags/example_branch_day_of_week_operator.py
[2023-08-24T04:56:47.070+0000] {processor.py:829} INFO - Processing file /usr/local/lib/python3.8/dist-packages/airflow/example_dags/example_branch_day_of_week_operator.py for tasks to queue
[2023-08-24T04:56:47.071+0000] {logging_mixin.py:151} INFO - [2023-08-24T04:56:47.071+0000] {dagbag.py:539} INFO - Filling up the DagBag from /usr/local/lib/python3.8/dist-packages/airflow/example_dags/example_branch_day_of_week_operator.py
[2023-08-24T04:56:47.079+0000] {processor.py:839} INFO - DAG(s) dict_keys(['example_weekday_branch_operator']) retrieved from /usr/local/lib/python3.8/dist-packages/airflow/example_dags/example_branch_day_of_week_operator.py
[2023-08-24T04:56:47.095+0000] {logging_mixin.py:151} INFO - [2023-08-24T04:56:47.095+0000] {dag.py:2907} INFO - Sync 1 DAGs
[2023-08-24T04:56:47.113+0000] {logging_mixin.py:151} INFO - [2023-08-24T04:56:47.113+0000] {dag.py:3677} INFO - Setting next_dagrun for example_weekday_branch_operator to 2023-08-23T00:00:00+00:00, run_after=2023-08-24T00:00:00+00:00
[2023-08-24T04:56:47.131+0000] {processor.py:179} INFO - Processing /usr/local/lib/python3.8/dist-packages/airflow/example_dags/example_branch_day_of_week_operator.py took 0.065 seconds
[2023-08-24T04:57:51.706+0000] {processor.py:157} INFO - Started process (PID=46358) to work on /usr/local/lib/python3.8/dist-packages/airflow/example_dags/example_branch_day_of_week_operator.py
[2023-08-24T04:57:51.709+0000] {processor.py:829} INFO - Processing file /usr/local/lib/python3.8/dist-packages/airflow/example_dags/example_branch_day_of_week_operator.py for tasks to queue
[2023-08-24T04:57:51.710+0000] {logging_mixin.py:151} INFO - [2023-08-24T04:57:51.710+0000] {dagbag.py:539} INFO - Filling up the DagBag from /usr/local/lib/python3.8/dist-packages/airflow/example_dags/example_branch_day_of_week_operator.py
[2023-08-24T04:57:51.718+0000] {processor.py:839} INFO - DAG(s) dict_keys(['example_weekday_branch_operator']) retrieved from /usr/local/lib/python3.8/dist-packages/airflow/example_dags/example_branch_day_of_week_operator.py
[2023-08-24T04:57:51.735+0000] {logging_mixin.py:151} INFO - [2023-08-24T04:57:51.734+0000] {dag.py:2907} INFO - Sync 1 DAGs
[2023-08-24T04:57:51.878+0000] {logging_mixin.py:151} INFO - [2023-08-24T04:57:51.878+0000] {dag.py:3677} INFO - Setting next_dagrun for example_weekday_branch_operator to 2023-08-23T00:00:00+00:00, run_after=2023-08-24T00:00:00+00:00
[2023-08-24T04:57:51.894+0000] {processor.py:179} INFO - Processing /usr/local/lib/python3.8/dist-packages/airflow/example_dags/example_branch_day_of_week_operator.py took 0.191 seconds
[2023-08-24T04:58:53.920+0000] {processor.py:157} INFO - Started process (PID=46542) to work on /usr/local/lib/python3.8/dist-packages/airflow/example_dags/example_branch_day_of_week_operator.py
[2023-08-24T04:58:53.921+0000] {processor.py:829} INFO - Processing file /usr/local/lib/python3.8/dist-packages/airflow/example_dags/example_branch_day_of_week_operator.py for tasks to queue
[2023-08-24T04:58:53.922+0000] {logging_mixin.py:151} INFO - [2023-08-24T04:58:53.922+0000] {dagbag.py:539} INFO - Filling up the DagBag from /usr/local/lib/python3.8/dist-packages/airflow/example_dags/example_branch_day_of_week_operator.py
[2023-08-24T04:58:53.930+0000] {processor.py:839} INFO - DAG(s) dict_keys(['example_weekday_branch_operator']) retrieved from /usr/local/lib/python3.8/dist-packages/airflow/example_dags/example_branch_day_of_week_operator.py
[2023-08-24T04:58:53.946+0000] {logging_mixin.py:151} INFO - [2023-08-24T04:58:53.946+0000] {dag.py:2907} INFO - Sync 1 DAGs
[2023-08-24T04:58:53.963+0000] {logging_mixin.py:151} INFO - [2023-08-24T04:58:53.963+0000] {dag.py:3677} INFO - Setting next_dagrun for example_weekday_branch_operator to 2023-08-23T00:00:00+00:00, run_after=2023-08-24T00:00:00+00:00
[2023-08-24T04:58:54.100+0000] {processor.py:179} INFO - Processing /usr/local/lib/python3.8/dist-packages/airflow/example_dags/example_branch_day_of_week_operator.py took 0.183 seconds
[2023-08-24T04:59:57.926+0000] {processor.py:157} INFO - Started process (PID=46725) to work on /usr/local/lib/python3.8/dist-packages/airflow/example_dags/example_branch_day_of_week_operator.py
[2023-08-24T04:59:57.928+0000] {processor.py:829} INFO - Processing file /usr/local/lib/python3.8/dist-packages/airflow/example_dags/example_branch_day_of_week_operator.py for tasks to queue
[2023-08-24T04:59:57.929+0000] {logging_mixin.py:151} INFO - [2023-08-24T04:59:57.928+0000] {dagbag.py:539} INFO - Filling up the DagBag from /usr/local/lib/python3.8/dist-packages/airflow/example_dags/example_branch_day_of_week_operator.py
[2023-08-24T04:59:57.936+0000] {processor.py:839} INFO - DAG(s) dict_keys(['example_weekday_branch_operator']) retrieved from /usr/local/lib/python3.8/dist-packages/airflow/example_dags/example_branch_day_of_week_operator.py
[2023-08-24T04:59:57.952+0000] {logging_mixin.py:151} INFO - [2023-08-24T04:59:57.952+0000] {dag.py:2907} INFO - Sync 1 DAGs
[2023-08-24T04:59:57.969+0000] {logging_mixin.py:151} INFO - [2023-08-24T04:59:57.969+0000] {dag.py:3677} INFO - Setting next_dagrun for example_weekday_branch_operator to 2023-08-23T00:00:00+00:00, run_after=2023-08-24T00:00:00+00:00
[2023-08-24T04:59:57.986+0000] {processor.py:179} INFO - Processing /usr/local/lib/python3.8/dist-packages/airflow/example_dags/example_branch_day_of_week_operator.py took 0.063 seconds
[2023-08-24T05:00:57.046+0000] {processor.py:157} INFO - Started process (PID=46910) to work on /usr/local/lib/python3.8/dist-packages/airflow/example_dags/example_branch_day_of_week_operator.py
[2023-08-24T05:00:57.048+0000] {processor.py:829} INFO - Processing file /usr/local/lib/python3.8/dist-packages/airflow/example_dags/example_branch_day_of_week_operator.py for tasks to queue
[2023-08-24T05:00:57.049+0000] {logging_mixin.py:151} INFO - [2023-08-24T05:00:57.048+0000] {dagbag.py:539} INFO - Filling up the DagBag from /usr/local/lib/python3.8/dist-packages/airflow/example_dags/example_branch_day_of_week_operator.py
[2023-08-24T05:00:57.056+0000] {processor.py:839} INFO - DAG(s) dict_keys(['example_weekday_branch_operator']) retrieved from /usr/local/lib/python3.8/dist-packages/airflow/example_dags/example_branch_day_of_week_operator.py
[2023-08-24T05:00:57.072+0000] {logging_mixin.py:151} INFO - [2023-08-24T05:00:57.072+0000] {dag.py:2907} INFO - Sync 1 DAGs
[2023-08-24T05:00:57.089+0000] {logging_mixin.py:151} INFO - [2023-08-24T05:00:57.089+0000] {dag.py:3677} INFO - Setting next_dagrun for example_weekday_branch_operator to 2023-08-23T00:00:00+00:00, run_after=2023-08-24T00:00:00+00:00
[2023-08-24T05:00:57.107+0000] {processor.py:179} INFO - Processing /usr/local/lib/python3.8/dist-packages/airflow/example_dags/example_branch_day_of_week_operator.py took 0.064 seconds
[2023-08-24T05:01:56.158+0000] {processor.py:157} INFO - Started process (PID=47108) to work on /usr/local/lib/python3.8/dist-packages/airflow/example_dags/example_branch_day_of_week_operator.py
[2023-08-24T05:01:56.161+0000] {processor.py:829} INFO - Processing file /usr/local/lib/python3.8/dist-packages/airflow/example_dags/example_branch_day_of_week_operator.py for tasks to queue
[2023-08-24T05:01:56.162+0000] {logging_mixin.py:151} INFO - [2023-08-24T05:01:56.162+0000] {dagbag.py:539} INFO - Filling up the DagBag from /usr/local/lib/python3.8/dist-packages/airflow/example_dags/example_branch_day_of_week_operator.py
[2023-08-24T05:01:56.172+0000] {processor.py:839} INFO - DAG(s) dict_keys(['example_weekday_branch_operator']) retrieved from /usr/local/lib/python3.8/dist-packages/airflow/example_dags/example_branch_day_of_week_operator.py
[2023-08-24T05:01:56.190+0000] {logging_mixin.py:151} INFO - [2023-08-24T05:01:56.190+0000] {dag.py:2907} INFO - Sync 1 DAGs
[2023-08-24T05:01:56.208+0000] {logging_mixin.py:151} INFO - [2023-08-24T05:01:56.207+0000] {dag.py:3677} INFO - Setting next_dagrun for example_weekday_branch_operator to 2023-08-23T00:00:00+00:00, run_after=2023-08-24T00:00:00+00:00
[2023-08-24T05:01:56.225+0000] {processor.py:179} INFO - Processing /usr/local/lib/python3.8/dist-packages/airflow/example_dags/example_branch_day_of_week_operator.py took 0.072 seconds
[2023-08-24T05:02:56.677+0000] {processor.py:157} INFO - Started process (PID=47292) to work on /usr/local/lib/python3.8/dist-packages/airflow/example_dags/example_branch_day_of_week_operator.py
[2023-08-24T05:02:56.679+0000] {processor.py:829} INFO - Processing file /usr/local/lib/python3.8/dist-packages/airflow/example_dags/example_branch_day_of_week_operator.py for tasks to queue
[2023-08-24T05:02:56.680+0000] {logging_mixin.py:151} INFO - [2023-08-24T05:02:56.679+0000] {dagbag.py:539} INFO - Filling up the DagBag from /usr/local/lib/python3.8/dist-packages/airflow/example_dags/example_branch_day_of_week_operator.py
[2023-08-24T05:02:56.688+0000] {processor.py:839} INFO - DAG(s) dict_keys(['example_weekday_branch_operator']) retrieved from /usr/local/lib/python3.8/dist-packages/airflow/example_dags/example_branch_day_of_week_operator.py
[2023-08-24T05:02:56.704+0000] {logging_mixin.py:151} INFO - [2023-08-24T05:02:56.704+0000] {dag.py:2907} INFO - Sync 1 DAGs
[2023-08-24T05:02:56.721+0000] {logging_mixin.py:151} INFO - [2023-08-24T05:02:56.721+0000] {dag.py:3677} INFO - Setting next_dagrun for example_weekday_branch_operator to 2023-08-23T00:00:00+00:00, run_after=2023-08-24T00:00:00+00:00
[2023-08-24T05:02:56.739+0000] {processor.py:179} INFO - Processing /usr/local/lib/python3.8/dist-packages/airflow/example_dags/example_branch_day_of_week_operator.py took 0.066 seconds
[2023-08-24T05:03:57.479+0000] {processor.py:157} INFO - Started process (PID=47481) to work on /usr/local/lib/python3.8/dist-packages/airflow/example_dags/example_branch_day_of_week_operator.py
[2023-08-24T05:03:57.481+0000] {processor.py:829} INFO - Processing file /usr/local/lib/python3.8/dist-packages/airflow/example_dags/example_branch_day_of_week_operator.py for tasks to queue
[2023-08-24T05:03:57.482+0000] {logging_mixin.py:151} INFO - [2023-08-24T05:03:57.482+0000] {dagbag.py:539} INFO - Filling up the DagBag from /usr/local/lib/python3.8/dist-packages/airflow/example_dags/example_branch_day_of_week_operator.py
[2023-08-24T05:03:57.490+0000] {processor.py:839} INFO - DAG(s) dict_keys(['example_weekday_branch_operator']) retrieved from /usr/local/lib/python3.8/dist-packages/airflow/example_dags/example_branch_day_of_week_operator.py
[2023-08-24T05:03:57.506+0000] {logging_mixin.py:151} INFO - [2023-08-24T05:03:57.506+0000] {dag.py:2907} INFO - Sync 1 DAGs
[2023-08-24T05:03:57.523+0000] {logging_mixin.py:151} INFO - [2023-08-24T05:03:57.523+0000] {dag.py:3677} INFO - Setting next_dagrun for example_weekday_branch_operator to 2023-08-23T00:00:00+00:00, run_after=2023-08-24T00:00:00+00:00
[2023-08-24T05:03:57.540+0000] {processor.py:179} INFO - Processing /usr/local/lib/python3.8/dist-packages/airflow/example_dags/example_branch_day_of_week_operator.py took 0.064 seconds
[2023-08-24T05:04:55.546+0000] {processor.py:157} INFO - Started process (PID=47663) to work on /usr/local/lib/python3.8/dist-packages/airflow/example_dags/example_branch_day_of_week_operator.py
[2023-08-24T05:04:55.549+0000] {processor.py:829} INFO - Processing file /usr/local/lib/python3.8/dist-packages/airflow/example_dags/example_branch_day_of_week_operator.py for tasks to queue
[2023-08-24T05:04:55.550+0000] {logging_mixin.py:151} INFO - [2023-08-24T05:04:55.550+0000] {dagbag.py:539} INFO - Filling up the DagBag from /usr/local/lib/python3.8/dist-packages/airflow/example_dags/example_branch_day_of_week_operator.py
[2023-08-24T05:04:55.560+0000] {processor.py:839} INFO - DAG(s) dict_keys(['example_weekday_branch_operator']) retrieved from /usr/local/lib/python3.8/dist-packages/airflow/example_dags/example_branch_day_of_week_operator.py
[2023-08-24T05:04:55.578+0000] {logging_mixin.py:151} INFO - [2023-08-24T05:04:55.578+0000] {dag.py:2907} INFO - Sync 1 DAGs
[2023-08-24T05:04:55.596+0000] {logging_mixin.py:151} INFO - [2023-08-24T05:04:55.596+0000] {dag.py:3677} INFO - Setting next_dagrun for example_weekday_branch_operator to 2023-08-23T00:00:00+00:00, run_after=2023-08-24T00:00:00+00:00
[2023-08-24T05:04:55.614+0000] {processor.py:179} INFO - Processing /usr/local/lib/python3.8/dist-packages/airflow/example_dags/example_branch_day_of_week_operator.py took 0.072 seconds
[2023-08-24T05:05:54.539+0000] {processor.py:157} INFO - Started process (PID=47859) to work on /usr/local/lib/python3.8/dist-packages/airflow/example_dags/example_branch_day_of_week_operator.py
[2023-08-24T05:05:54.540+0000] {processor.py:829} INFO - Processing file /usr/local/lib/python3.8/dist-packages/airflow/example_dags/example_branch_day_of_week_operator.py for tasks to queue
[2023-08-24T05:05:54.541+0000] {logging_mixin.py:151} INFO - [2023-08-24T05:05:54.541+0000] {dagbag.py:539} INFO - Filling up the DagBag from /usr/local/lib/python3.8/dist-packages/airflow/example_dags/example_branch_day_of_week_operator.py
[2023-08-24T05:05:54.549+0000] {processor.py:839} INFO - DAG(s) dict_keys(['example_weekday_branch_operator']) retrieved from /usr/local/lib/python3.8/dist-packages/airflow/example_dags/example_branch_day_of_week_operator.py
[2023-08-24T05:05:54.565+0000] {logging_mixin.py:151} INFO - [2023-08-24T05:05:54.565+0000] {dag.py:2907} INFO - Sync 1 DAGs
[2023-08-24T05:05:54.584+0000] {logging_mixin.py:151} INFO - [2023-08-24T05:05:54.584+0000] {dag.py:3677} INFO - Setting next_dagrun for example_weekday_branch_operator to 2023-08-23T00:00:00+00:00, run_after=2023-08-24T00:00:00+00:00
[2023-08-24T05:05:54.602+0000] {processor.py:179} INFO - Processing /usr/local/lib/python3.8/dist-packages/airflow/example_dags/example_branch_day_of_week_operator.py took 0.067 seconds
[2023-08-24T05:07:18.149+0000] {processor.py:157} INFO - Started process (PID=48204) to work on /usr/local/lib/python3.8/dist-packages/airflow/example_dags/example_branch_day_of_week_operator.py
[2023-08-24T05:07:18.151+0000] {processor.py:829} INFO - Processing file /usr/local/lib/python3.8/dist-packages/airflow/example_dags/example_branch_day_of_week_operator.py for tasks to queue
[2023-08-24T05:07:18.151+0000] {logging_mixin.py:151} INFO - [2023-08-24T05:07:18.151+0000] {dagbag.py:539} INFO - Filling up the DagBag from /usr/local/lib/python3.8/dist-packages/airflow/example_dags/example_branch_day_of_week_operator.py
[2023-08-24T05:07:18.159+0000] {processor.py:839} INFO - DAG(s) dict_keys(['example_weekday_branch_operator']) retrieved from /usr/local/lib/python3.8/dist-packages/airflow/example_dags/example_branch_day_of_week_operator.py
[2023-08-24T05:07:18.175+0000] {logging_mixin.py:151} INFO - [2023-08-24T05:07:18.175+0000] {dag.py:2907} INFO - Sync 1 DAGs
[2023-08-24T05:07:18.194+0000] {logging_mixin.py:151} INFO - [2023-08-24T05:07:18.194+0000] {dag.py:3677} INFO - Setting next_dagrun for example_weekday_branch_operator to 2023-08-23T00:00:00+00:00, run_after=2023-08-24T00:00:00+00:00
[2023-08-24T05:07:18.212+0000] {processor.py:179} INFO - Processing /usr/local/lib/python3.8/dist-packages/airflow/example_dags/example_branch_day_of_week_operator.py took 0.066 seconds
[2023-08-24T05:08:18.164+0000] {processor.py:157} INFO - Started process (PID=48390) to work on /usr/local/lib/python3.8/dist-packages/airflow/example_dags/example_branch_day_of_week_operator.py
[2023-08-24T05:08:18.166+0000] {processor.py:829} INFO - Processing file /usr/local/lib/python3.8/dist-packages/airflow/example_dags/example_branch_day_of_week_operator.py for tasks to queue
[2023-08-24T05:08:18.166+0000] {logging_mixin.py:151} INFO - [2023-08-24T05:08:18.166+0000] {dagbag.py:539} INFO - Filling up the DagBag from /usr/local/lib/python3.8/dist-packages/airflow/example_dags/example_branch_day_of_week_operator.py
[2023-08-24T05:08:18.174+0000] {processor.py:839} INFO - DAG(s) dict_keys(['example_weekday_branch_operator']) retrieved from /usr/local/lib/python3.8/dist-packages/airflow/example_dags/example_branch_day_of_week_operator.py
[2023-08-24T05:08:18.191+0000] {logging_mixin.py:151} INFO - [2023-08-24T05:08:18.191+0000] {dag.py:2907} INFO - Sync 1 DAGs
[2023-08-24T05:08:18.208+0000] {logging_mixin.py:151} INFO - [2023-08-24T05:08:18.208+0000] {dag.py:3677} INFO - Setting next_dagrun for example_weekday_branch_operator to 2023-08-23T00:00:00+00:00, run_after=2023-08-24T00:00:00+00:00
[2023-08-24T05:08:18.227+0000] {processor.py:179} INFO - Processing /usr/local/lib/python3.8/dist-packages/airflow/example_dags/example_branch_day_of_week_operator.py took 0.066 seconds
[2023-08-24T05:09:20.574+0000] {processor.py:157} INFO - Started process (PID=48587) to work on /usr/local/lib/python3.8/dist-packages/airflow/example_dags/example_branch_day_of_week_operator.py
[2023-08-24T05:09:20.575+0000] {processor.py:829} INFO - Processing file /usr/local/lib/python3.8/dist-packages/airflow/example_dags/example_branch_day_of_week_operator.py for tasks to queue
[2023-08-24T05:09:20.576+0000] {logging_mixin.py:151} INFO - [2023-08-24T05:09:20.576+0000] {dagbag.py:539} INFO - Filling up the DagBag from /usr/local/lib/python3.8/dist-packages/airflow/example_dags/example_branch_day_of_week_operator.py
[2023-08-24T05:09:20.584+0000] {processor.py:839} INFO - DAG(s) dict_keys(['example_weekday_branch_operator']) retrieved from /usr/local/lib/python3.8/dist-packages/airflow/example_dags/example_branch_day_of_week_operator.py
[2023-08-24T05:09:20.601+0000] {logging_mixin.py:151} INFO - [2023-08-24T05:09:20.601+0000] {dag.py:2907} INFO - Sync 1 DAGs
[2023-08-24T05:09:20.618+0000] {logging_mixin.py:151} INFO - [2023-08-24T05:09:20.618+0000] {dag.py:3677} INFO - Setting next_dagrun for example_weekday_branch_operator to 2023-08-23T00:00:00+00:00, run_after=2023-08-24T00:00:00+00:00
[2023-08-24T05:09:20.636+0000] {processor.py:179} INFO - Processing /usr/local/lib/python3.8/dist-packages/airflow/example_dags/example_branch_day_of_week_operator.py took 0.066 seconds
[2023-08-24T05:10:46.865+0000] {processor.py:157} INFO - Started process (PID=48800) to work on /usr/local/lib/python3.8/dist-packages/airflow/example_dags/example_branch_day_of_week_operator.py
[2023-08-24T05:10:46.867+0000] {processor.py:829} INFO - Processing file /usr/local/lib/python3.8/dist-packages/airflow/example_dags/example_branch_day_of_week_operator.py for tasks to queue
[2023-08-24T05:10:46.868+0000] {logging_mixin.py:151} INFO - [2023-08-24T05:10:46.868+0000] {dagbag.py:539} INFO - Filling up the DagBag from /usr/local/lib/python3.8/dist-packages/airflow/example_dags/example_branch_day_of_week_operator.py
[2023-08-24T05:10:46.875+0000] {processor.py:839} INFO - DAG(s) dict_keys(['example_weekday_branch_operator']) retrieved from /usr/local/lib/python3.8/dist-packages/airflow/example_dags/example_branch_day_of_week_operator.py
[2023-08-24T05:10:46.893+0000] {logging_mixin.py:151} INFO - [2023-08-24T05:10:46.893+0000] {dag.py:2907} INFO - Sync 1 DAGs
[2023-08-24T05:10:46.912+0000] {logging_mixin.py:151} INFO - [2023-08-24T05:10:46.911+0000] {dag.py:3677} INFO - Setting next_dagrun for example_weekday_branch_operator to 2023-08-23T00:00:00+00:00, run_after=2023-08-24T00:00:00+00:00
[2023-08-24T05:10:46.932+0000] {processor.py:179} INFO - Processing /usr/local/lib/python3.8/dist-packages/airflow/example_dags/example_branch_day_of_week_operator.py took 0.070 seconds
[2023-08-24T05:12:03.715+0000] {processor.py:157} INFO - Started process (PID=48956) to work on /usr/local/lib/python3.8/dist-packages/airflow/example_dags/example_branch_day_of_week_operator.py
[2023-08-24T05:12:03.716+0000] {processor.py:829} INFO - Processing file /usr/local/lib/python3.8/dist-packages/airflow/example_dags/example_branch_day_of_week_operator.py for tasks to queue
[2023-08-24T05:12:03.717+0000] {logging_mixin.py:151} INFO - [2023-08-24T05:12:03.717+0000] {dagbag.py:539} INFO - Filling up the DagBag from /usr/local/lib/python3.8/dist-packages/airflow/example_dags/example_branch_day_of_week_operator.py
[2023-08-24T05:12:03.725+0000] {processor.py:839} INFO - DAG(s) dict_keys(['example_weekday_branch_operator']) retrieved from /usr/local/lib/python3.8/dist-packages/airflow/example_dags/example_branch_day_of_week_operator.py
[2023-08-24T05:12:03.741+0000] {logging_mixin.py:151} INFO - [2023-08-24T05:12:03.741+0000] {dag.py:2907} INFO - Sync 1 DAGs
[2023-08-24T05:12:03.758+0000] {logging_mixin.py:151} INFO - [2023-08-24T05:12:03.758+0000] {dag.py:3677} INFO - Setting next_dagrun for example_weekday_branch_operator to 2023-08-23T00:00:00+00:00, run_after=2023-08-24T00:00:00+00:00
[2023-08-24T05:12:03.777+0000] {processor.py:179} INFO - Processing /usr/local/lib/python3.8/dist-packages/airflow/example_dags/example_branch_day_of_week_operator.py took 0.066 seconds
[2023-08-24T05:13:06.074+0000] {processor.py:157} INFO - Started process (PID=49153) to work on /usr/local/lib/python3.8/dist-packages/airflow/example_dags/example_branch_day_of_week_operator.py
[2023-08-24T05:13:06.075+0000] {processor.py:829} INFO - Processing file /usr/local/lib/python3.8/dist-packages/airflow/example_dags/example_branch_day_of_week_operator.py for tasks to queue
[2023-08-24T05:13:06.076+0000] {logging_mixin.py:151} INFO - [2023-08-24T05:13:06.076+0000] {dagbag.py:539} INFO - Filling up the DagBag from /usr/local/lib/python3.8/dist-packages/airflow/example_dags/example_branch_day_of_week_operator.py
[2023-08-24T05:13:06.084+0000] {processor.py:839} INFO - DAG(s) dict_keys(['example_weekday_branch_operator']) retrieved from /usr/local/lib/python3.8/dist-packages/airflow/example_dags/example_branch_day_of_week_operator.py
[2023-08-24T05:13:06.101+0000] {logging_mixin.py:151} INFO - [2023-08-24T05:13:06.100+0000] {dag.py:2907} INFO - Sync 1 DAGs
[2023-08-24T05:13:06.118+0000] {logging_mixin.py:151} INFO - [2023-08-24T05:13:06.118+0000] {dag.py:3677} INFO - Setting next_dagrun for example_weekday_branch_operator to 2023-08-23T00:00:00+00:00, run_after=2023-08-24T00:00:00+00:00
[2023-08-24T05:13:06.135+0000] {processor.py:179} INFO - Processing /usr/local/lib/python3.8/dist-packages/airflow/example_dags/example_branch_day_of_week_operator.py took 0.065 seconds
