[2023-08-24T04:22:00.399+0000] {processor.py:157} INFO - Started process (PID=37600) to work on /usr/local/lib/python3.8/dist-packages/airflow/example_dags/example_dag_decorator.py
[2023-08-24T04:22:00.400+0000] {processor.py:829} INFO - Processing file /usr/local/lib/python3.8/dist-packages/airflow/example_dags/example_dag_decorator.py for tasks to queue
[2023-08-24T04:22:00.401+0000] {logging_mixin.py:151} INFO - [2023-08-24T04:22:00.401+0000] {dagbag.py:539} INFO - Filling up the DagBag from /usr/local/lib/python3.8/dist-packages/airflow/example_dags/example_dag_decorator.py
[2023-08-24T04:22:00.415+0000] {processor.py:839} INFO - DAG(s) dict_keys(['example_dag_decorator']) retrieved from /usr/local/lib/python3.8/dist-packages/airflow/example_dags/example_dag_decorator.py
[2023-08-24T04:22:00.504+0000] {logging_mixin.py:151} INFO - [2023-08-24T04:22:00.504+0000] {dag.py:2907} INFO - Sync 1 DAGs
[2023-08-24T04:22:00.512+0000] {logging_mixin.py:151} INFO - [2023-08-24T04:22:00.512+0000] {dag.py:3677} INFO - Setting next_dagrun for example_dag_decorator to None, run_after=None
[2023-08-24T04:22:00.530+0000] {processor.py:179} INFO - Processing /usr/local/lib/python3.8/dist-packages/airflow/example_dags/example_dag_decorator.py took 0.135 seconds
[2023-08-24T04:31:14.516+0000] {processor.py:157} INFO - Started process (PID=41475) to work on /usr/local/lib/python3.8/dist-packages/airflow/example_dags/example_dag_decorator.py
[2023-08-24T04:31:14.517+0000] {processor.py:829} INFO - Processing file /usr/local/lib/python3.8/dist-packages/airflow/example_dags/example_dag_decorator.py for tasks to queue
[2023-08-24T04:31:14.518+0000] {logging_mixin.py:151} INFO - [2023-08-24T04:31:14.518+0000] {dagbag.py:539} INFO - Filling up the DagBag from /usr/local/lib/python3.8/dist-packages/airflow/example_dags/example_dag_decorator.py
[2023-08-24T04:31:14.531+0000] {processor.py:839} INFO - DAG(s) dict_keys(['example_dag_decorator']) retrieved from /usr/local/lib/python3.8/dist-packages/airflow/example_dags/example_dag_decorator.py
[2023-08-24T04:31:14.629+0000] {logging_mixin.py:151} INFO - [2023-08-24T04:31:14.629+0000] {dag.py:2907} INFO - Sync 1 DAGs
[2023-08-24T04:31:14.638+0000] {logging_mixin.py:151} INFO - [2023-08-24T04:31:14.638+0000] {dag.py:3677} INFO - Setting next_dagrun for example_dag_decorator to None, run_after=None
[2023-08-24T04:31:14.656+0000] {processor.py:179} INFO - Processing /usr/local/lib/python3.8/dist-packages/airflow/example_dags/example_dag_decorator.py took 0.144 seconds
[2023-08-24T04:32:15.410+0000] {processor.py:157} INFO - Started process (PID=41673) to work on /usr/local/lib/python3.8/dist-packages/airflow/example_dags/example_dag_decorator.py
[2023-08-24T04:32:15.412+0000] {processor.py:829} INFO - Processing file /usr/local/lib/python3.8/dist-packages/airflow/example_dags/example_dag_decorator.py for tasks to queue
[2023-08-24T04:32:15.413+0000] {logging_mixin.py:151} INFO - [2023-08-24T04:32:15.412+0000] {dagbag.py:539} INFO - Filling up the DagBag from /usr/local/lib/python3.8/dist-packages/airflow/example_dags/example_dag_decorator.py
[2023-08-24T04:32:15.425+0000] {processor.py:839} INFO - DAG(s) dict_keys(['example_dag_decorator']) retrieved from /usr/local/lib/python3.8/dist-packages/airflow/example_dags/example_dag_decorator.py
[2023-08-24T04:32:15.514+0000] {logging_mixin.py:151} INFO - [2023-08-24T04:32:15.514+0000] {dag.py:2907} INFO - Sync 1 DAGs
[2023-08-24T04:32:15.522+0000] {logging_mixin.py:151} INFO - [2023-08-24T04:32:15.521+0000] {dag.py:3677} INFO - Setting next_dagrun for example_dag_decorator to None, run_after=None
[2023-08-24T04:32:15.539+0000] {processor.py:179} INFO - Processing /usr/local/lib/python3.8/dist-packages/airflow/example_dags/example_dag_decorator.py took 0.132 seconds
[2023-08-24T04:33:14.410+0000] {processor.py:157} INFO - Started process (PID=41864) to work on /usr/local/lib/python3.8/dist-packages/airflow/example_dags/example_dag_decorator.py
[2023-08-24T04:33:14.411+0000] {processor.py:829} INFO - Processing file /usr/local/lib/python3.8/dist-packages/airflow/example_dags/example_dag_decorator.py for tasks to queue
[2023-08-24T04:33:14.412+0000] {logging_mixin.py:151} INFO - [2023-08-24T04:33:14.412+0000] {dagbag.py:539} INFO - Filling up the DagBag from /usr/local/lib/python3.8/dist-packages/airflow/example_dags/example_dag_decorator.py
[2023-08-24T04:33:14.425+0000] {processor.py:839} INFO - DAG(s) dict_keys(['example_dag_decorator']) retrieved from /usr/local/lib/python3.8/dist-packages/airflow/example_dags/example_dag_decorator.py
[2023-08-24T04:33:14.514+0000] {logging_mixin.py:151} INFO - [2023-08-24T04:33:14.513+0000] {dag.py:2907} INFO - Sync 1 DAGs
[2023-08-24T04:33:14.521+0000] {logging_mixin.py:151} INFO - [2023-08-24T04:33:14.521+0000] {dag.py:3677} INFO - Setting next_dagrun for example_dag_decorator to None, run_after=None
[2023-08-24T04:33:14.539+0000] {processor.py:179} INFO - Processing /usr/local/lib/python3.8/dist-packages/airflow/example_dags/example_dag_decorator.py took 0.132 seconds
[2023-08-24T04:34:13.528+0000] {processor.py:157} INFO - Started process (PID=42047) to work on /usr/local/lib/python3.8/dist-packages/airflow/example_dags/example_dag_decorator.py
[2023-08-24T04:34:13.529+0000] {processor.py:829} INFO - Processing file /usr/local/lib/python3.8/dist-packages/airflow/example_dags/example_dag_decorator.py for tasks to queue
[2023-08-24T04:34:13.530+0000] {logging_mixin.py:151} INFO - [2023-08-24T04:34:13.530+0000] {dagbag.py:539} INFO - Filling up the DagBag from /usr/local/lib/python3.8/dist-packages/airflow/example_dags/example_dag_decorator.py
[2023-08-24T04:34:13.543+0000] {processor.py:839} INFO - DAG(s) dict_keys(['example_dag_decorator']) retrieved from /usr/local/lib/python3.8/dist-packages/airflow/example_dags/example_dag_decorator.py
[2023-08-24T04:34:13.632+0000] {logging_mixin.py:151} INFO - [2023-08-24T04:34:13.632+0000] {dag.py:2907} INFO - Sync 1 DAGs
[2023-08-24T04:34:13.639+0000] {logging_mixin.py:151} INFO - [2023-08-24T04:34:13.639+0000] {dag.py:3677} INFO - Setting next_dagrun for example_dag_decorator to None, run_after=None
[2023-08-24T04:34:13.657+0000] {processor.py:179} INFO - Processing /usr/local/lib/python3.8/dist-packages/airflow/example_dags/example_dag_decorator.py took 0.133 seconds
[2023-08-24T04:35:13.849+0000] {processor.py:157} INFO - Started process (PID=42243) to work on /usr/local/lib/python3.8/dist-packages/airflow/example_dags/example_dag_decorator.py
[2023-08-24T04:35:13.851+0000] {processor.py:829} INFO - Processing file /usr/local/lib/python3.8/dist-packages/airflow/example_dags/example_dag_decorator.py for tasks to queue
[2023-08-24T04:35:13.852+0000] {logging_mixin.py:151} INFO - [2023-08-24T04:35:13.852+0000] {dagbag.py:539} INFO - Filling up the DagBag from /usr/local/lib/python3.8/dist-packages/airflow/example_dags/example_dag_decorator.py
[2023-08-24T04:35:13.865+0000] {processor.py:839} INFO - DAG(s) dict_keys(['example_dag_decorator']) retrieved from /usr/local/lib/python3.8/dist-packages/airflow/example_dags/example_dag_decorator.py
[2023-08-24T04:35:13.959+0000] {logging_mixin.py:151} INFO - [2023-08-24T04:35:13.959+0000] {dag.py:2907} INFO - Sync 1 DAGs
[2023-08-24T04:35:13.967+0000] {logging_mixin.py:151} INFO - [2023-08-24T04:35:13.967+0000] {dag.py:3677} INFO - Setting next_dagrun for example_dag_decorator to None, run_after=None
[2023-08-24T04:35:13.987+0000] {processor.py:179} INFO - Processing /usr/local/lib/python3.8/dist-packages/airflow/example_dags/example_dag_decorator.py took 0.141 seconds
[2023-08-24T04:36:12.125+0000] {processor.py:157} INFO - Started process (PID=42439) to work on /usr/local/lib/python3.8/dist-packages/airflow/example_dags/example_dag_decorator.py
[2023-08-24T04:36:12.127+0000] {processor.py:829} INFO - Processing file /usr/local/lib/python3.8/dist-packages/airflow/example_dags/example_dag_decorator.py for tasks to queue
[2023-08-24T04:36:12.128+0000] {logging_mixin.py:151} INFO - [2023-08-24T04:36:12.127+0000] {dagbag.py:539} INFO - Filling up the DagBag from /usr/local/lib/python3.8/dist-packages/airflow/example_dags/example_dag_decorator.py
[2023-08-24T04:36:12.140+0000] {processor.py:839} INFO - DAG(s) dict_keys(['example_dag_decorator']) retrieved from /usr/local/lib/python3.8/dist-packages/airflow/example_dags/example_dag_decorator.py
[2023-08-24T04:36:12.231+0000] {logging_mixin.py:151} INFO - [2023-08-24T04:36:12.231+0000] {dag.py:2907} INFO - Sync 1 DAGs
[2023-08-24T04:36:12.239+0000] {logging_mixin.py:151} INFO - [2023-08-24T04:36:12.238+0000] {dag.py:3677} INFO - Setting next_dagrun for example_dag_decorator to None, run_after=None
[2023-08-24T04:36:12.257+0000] {processor.py:179} INFO - Processing /usr/local/lib/python3.8/dist-packages/airflow/example_dags/example_dag_decorator.py took 0.135 seconds
[2023-08-24T04:37:08.614+0000] {processor.py:157} INFO - Started process (PID=42622) to work on /usr/local/lib/python3.8/dist-packages/airflow/example_dags/example_dag_decorator.py
[2023-08-24T04:37:08.615+0000] {processor.py:829} INFO - Processing file /usr/local/lib/python3.8/dist-packages/airflow/example_dags/example_dag_decorator.py for tasks to queue
[2023-08-24T04:37:08.616+0000] {logging_mixin.py:151} INFO - [2023-08-24T04:37:08.616+0000] {dagbag.py:539} INFO - Filling up the DagBag from /usr/local/lib/python3.8/dist-packages/airflow/example_dags/example_dag_decorator.py
[2023-08-24T04:37:08.628+0000] {processor.py:839} INFO - DAG(s) dict_keys(['example_dag_decorator']) retrieved from /usr/local/lib/python3.8/dist-packages/airflow/example_dags/example_dag_decorator.py
[2023-08-24T04:37:08.718+0000] {logging_mixin.py:151} INFO - [2023-08-24T04:37:08.718+0000] {dag.py:2907} INFO - Sync 1 DAGs
[2023-08-24T04:37:08.726+0000] {logging_mixin.py:151} INFO - [2023-08-24T04:37:08.725+0000] {dag.py:3677} INFO - Setting next_dagrun for example_dag_decorator to None, run_after=None
[2023-08-24T04:37:08.743+0000] {processor.py:179} INFO - Processing /usr/local/lib/python3.8/dist-packages/airflow/example_dags/example_dag_decorator.py took 0.133 seconds
[2023-08-24T04:38:05.055+0000] {processor.py:157} INFO - Started process (PID=42805) to work on /usr/local/lib/python3.8/dist-packages/airflow/example_dags/example_dag_decorator.py
[2023-08-24T04:38:05.056+0000] {processor.py:829} INFO - Processing file /usr/local/lib/python3.8/dist-packages/airflow/example_dags/example_dag_decorator.py for tasks to queue
[2023-08-24T04:38:05.057+0000] {logging_mixin.py:151} INFO - [2023-08-24T04:38:05.057+0000] {dagbag.py:539} INFO - Filling up the DagBag from /usr/local/lib/python3.8/dist-packages/airflow/example_dags/example_dag_decorator.py
[2023-08-24T04:38:05.070+0000] {processor.py:839} INFO - DAG(s) dict_keys(['example_dag_decorator']) retrieved from /usr/local/lib/python3.8/dist-packages/airflow/example_dags/example_dag_decorator.py
[2023-08-24T04:38:05.162+0000] {logging_mixin.py:151} INFO - [2023-08-24T04:38:05.162+0000] {dag.py:2907} INFO - Sync 1 DAGs
[2023-08-24T04:38:05.170+0000] {logging_mixin.py:151} INFO - [2023-08-24T04:38:05.170+0000] {dag.py:3677} INFO - Setting next_dagrun for example_dag_decorator to None, run_after=None
[2023-08-24T04:38:05.188+0000] {processor.py:179} INFO - Processing /usr/local/lib/python3.8/dist-packages/airflow/example_dags/example_dag_decorator.py took 0.137 seconds
[2023-08-24T04:39:05.125+0000] {processor.py:157} INFO - Started process (PID=42990) to work on /usr/local/lib/python3.8/dist-packages/airflow/example_dags/example_dag_decorator.py
[2023-08-24T04:39:05.128+0000] {processor.py:829} INFO - Processing file /usr/local/lib/python3.8/dist-packages/airflow/example_dags/example_dag_decorator.py for tasks to queue
[2023-08-24T04:39:05.129+0000] {logging_mixin.py:151} INFO - [2023-08-24T04:39:05.129+0000] {dagbag.py:539} INFO - Filling up the DagBag from /usr/local/lib/python3.8/dist-packages/airflow/example_dags/example_dag_decorator.py
[2023-08-24T04:39:05.142+0000] {processor.py:839} INFO - DAG(s) dict_keys(['example_dag_decorator']) retrieved from /usr/local/lib/python3.8/dist-packages/airflow/example_dags/example_dag_decorator.py
[2023-08-24T04:39:05.230+0000] {logging_mixin.py:151} INFO - [2023-08-24T04:39:05.230+0000] {dag.py:2907} INFO - Sync 1 DAGs
[2023-08-24T04:39:05.239+0000] {logging_mixin.py:151} INFO - [2023-08-24T04:39:05.239+0000] {dag.py:3677} INFO - Setting next_dagrun for example_dag_decorator to None, run_after=None
[2023-08-24T04:39:05.257+0000] {processor.py:179} INFO - Processing /usr/local/lib/python3.8/dist-packages/airflow/example_dags/example_dag_decorator.py took 0.135 seconds
[2023-08-24T04:40:05.395+0000] {processor.py:157} INFO - Started process (PID=43186) to work on /usr/local/lib/python3.8/dist-packages/airflow/example_dags/example_dag_decorator.py
[2023-08-24T04:40:05.396+0000] {processor.py:829} INFO - Processing file /usr/local/lib/python3.8/dist-packages/airflow/example_dags/example_dag_decorator.py for tasks to queue
[2023-08-24T04:40:05.397+0000] {logging_mixin.py:151} INFO - [2023-08-24T04:40:05.397+0000] {dagbag.py:539} INFO - Filling up the DagBag from /usr/local/lib/python3.8/dist-packages/airflow/example_dags/example_dag_decorator.py
[2023-08-24T04:40:05.410+0000] {processor.py:839} INFO - DAG(s) dict_keys(['example_dag_decorator']) retrieved from /usr/local/lib/python3.8/dist-packages/airflow/example_dags/example_dag_decorator.py
[2023-08-24T04:40:05.498+0000] {logging_mixin.py:151} INFO - [2023-08-24T04:40:05.498+0000] {dag.py:2907} INFO - Sync 1 DAGs
[2023-08-24T04:40:05.506+0000] {logging_mixin.py:151} INFO - [2023-08-24T04:40:05.506+0000] {dag.py:3677} INFO - Setting next_dagrun for example_dag_decorator to None, run_after=None
[2023-08-24T04:40:05.526+0000] {processor.py:179} INFO - Processing /usr/local/lib/python3.8/dist-packages/airflow/example_dags/example_dag_decorator.py took 0.134 seconds
[2023-08-24T04:41:06.077+0000] {processor.py:157} INFO - Started process (PID=43370) to work on /usr/local/lib/python3.8/dist-packages/airflow/example_dags/example_dag_decorator.py
[2023-08-24T04:41:06.079+0000] {processor.py:829} INFO - Processing file /usr/local/lib/python3.8/dist-packages/airflow/example_dags/example_dag_decorator.py for tasks to queue
[2023-08-24T04:41:06.080+0000] {logging_mixin.py:151} INFO - [2023-08-24T04:41:06.079+0000] {dagbag.py:539} INFO - Filling up the DagBag from /usr/local/lib/python3.8/dist-packages/airflow/example_dags/example_dag_decorator.py
[2023-08-24T04:41:06.092+0000] {processor.py:839} INFO - DAG(s) dict_keys(['example_dag_decorator']) retrieved from /usr/local/lib/python3.8/dist-packages/airflow/example_dags/example_dag_decorator.py
[2023-08-24T04:41:06.181+0000] {logging_mixin.py:151} INFO - [2023-08-24T04:41:06.181+0000] {dag.py:2907} INFO - Sync 1 DAGs
[2023-08-24T04:41:06.189+0000] {logging_mixin.py:151} INFO - [2023-08-24T04:41:06.189+0000] {dag.py:3677} INFO - Setting next_dagrun for example_dag_decorator to None, run_after=None
[2023-08-24T04:41:06.206+0000] {processor.py:179} INFO - Processing /usr/local/lib/python3.8/dist-packages/airflow/example_dags/example_dag_decorator.py took 0.132 seconds
[2023-08-24T04:42:05.129+0000] {processor.py:157} INFO - Started process (PID=43553) to work on /usr/local/lib/python3.8/dist-packages/airflow/example_dags/example_dag_decorator.py
[2023-08-24T04:42:05.131+0000] {processor.py:829} INFO - Processing file /usr/local/lib/python3.8/dist-packages/airflow/example_dags/example_dag_decorator.py for tasks to queue
[2023-08-24T04:42:05.131+0000] {logging_mixin.py:151} INFO - [2023-08-24T04:42:05.131+0000] {dagbag.py:539} INFO - Filling up the DagBag from /usr/local/lib/python3.8/dist-packages/airflow/example_dags/example_dag_decorator.py
[2023-08-24T04:42:05.144+0000] {processor.py:839} INFO - DAG(s) dict_keys(['example_dag_decorator']) retrieved from /usr/local/lib/python3.8/dist-packages/airflow/example_dags/example_dag_decorator.py
[2023-08-24T04:42:05.236+0000] {logging_mixin.py:151} INFO - [2023-08-24T04:42:05.235+0000] {dag.py:2907} INFO - Sync 1 DAGs
[2023-08-24T04:42:05.243+0000] {logging_mixin.py:151} INFO - [2023-08-24T04:42:05.243+0000] {dag.py:3677} INFO - Setting next_dagrun for example_dag_decorator to None, run_after=None
[2023-08-24T04:42:05.261+0000] {processor.py:179} INFO - Processing /usr/local/lib/python3.8/dist-packages/airflow/example_dags/example_dag_decorator.py took 0.135 seconds
[2023-08-24T04:43:04.287+0000] {processor.py:157} INFO - Started process (PID=43741) to work on /usr/local/lib/python3.8/dist-packages/airflow/example_dags/example_dag_decorator.py
[2023-08-24T04:43:04.288+0000] {processor.py:829} INFO - Processing file /usr/local/lib/python3.8/dist-packages/airflow/example_dags/example_dag_decorator.py for tasks to queue
[2023-08-24T04:43:04.289+0000] {logging_mixin.py:151} INFO - [2023-08-24T04:43:04.289+0000] {dagbag.py:539} INFO - Filling up the DagBag from /usr/local/lib/python3.8/dist-packages/airflow/example_dags/example_dag_decorator.py
[2023-08-24T04:43:04.302+0000] {processor.py:839} INFO - DAG(s) dict_keys(['example_dag_decorator']) retrieved from /usr/local/lib/python3.8/dist-packages/airflow/example_dags/example_dag_decorator.py
[2023-08-24T04:43:04.392+0000] {logging_mixin.py:151} INFO - [2023-08-24T04:43:04.392+0000] {dag.py:2907} INFO - Sync 1 DAGs
[2023-08-24T04:43:04.529+0000] {logging_mixin.py:151} INFO - [2023-08-24T04:43:04.529+0000] {dag.py:3677} INFO - Setting next_dagrun for example_dag_decorator to None, run_after=None
[2023-08-24T04:43:04.548+0000] {processor.py:179} INFO - Processing /usr/local/lib/python3.8/dist-packages/airflow/example_dags/example_dag_decorator.py took 0.265 seconds
[2023-08-24T04:44:05.153+0000] {processor.py:157} INFO - Started process (PID=43925) to work on /usr/local/lib/python3.8/dist-packages/airflow/example_dags/example_dag_decorator.py
[2023-08-24T04:44:05.155+0000] {processor.py:829} INFO - Processing file /usr/local/lib/python3.8/dist-packages/airflow/example_dags/example_dag_decorator.py for tasks to queue
[2023-08-24T04:44:05.155+0000] {logging_mixin.py:151} INFO - [2023-08-24T04:44:05.155+0000] {dagbag.py:539} INFO - Filling up the DagBag from /usr/local/lib/python3.8/dist-packages/airflow/example_dags/example_dag_decorator.py
[2023-08-24T04:44:05.168+0000] {processor.py:839} INFO - DAG(s) dict_keys(['example_dag_decorator']) retrieved from /usr/local/lib/python3.8/dist-packages/airflow/example_dags/example_dag_decorator.py
[2023-08-24T04:44:05.257+0000] {logging_mixin.py:151} INFO - [2023-08-24T04:44:05.257+0000] {dag.py:2907} INFO - Sync 1 DAGs
[2023-08-24T04:44:05.268+0000] {logging_mixin.py:151} INFO - [2023-08-24T04:44:05.268+0000] {dag.py:3677} INFO - Setting next_dagrun for example_dag_decorator to None, run_after=None
[2023-08-24T04:44:05.287+0000] {processor.py:179} INFO - Processing /usr/local/lib/python3.8/dist-packages/airflow/example_dags/example_dag_decorator.py took 0.138 seconds
[2023-08-24T04:45:06.215+0000] {processor.py:157} INFO - Started process (PID=44110) to work on /usr/local/lib/python3.8/dist-packages/airflow/example_dags/example_dag_decorator.py
[2023-08-24T04:45:06.218+0000] {processor.py:829} INFO - Processing file /usr/local/lib/python3.8/dist-packages/airflow/example_dags/example_dag_decorator.py for tasks to queue
[2023-08-24T04:45:06.218+0000] {logging_mixin.py:151} INFO - [2023-08-24T04:45:06.218+0000] {dagbag.py:539} INFO - Filling up the DagBag from /usr/local/lib/python3.8/dist-packages/airflow/example_dags/example_dag_decorator.py
[2023-08-24T04:45:06.231+0000] {processor.py:839} INFO - DAG(s) dict_keys(['example_dag_decorator']) retrieved from /usr/local/lib/python3.8/dist-packages/airflow/example_dags/example_dag_decorator.py
[2023-08-24T04:45:06.323+0000] {logging_mixin.py:151} INFO - [2023-08-24T04:45:06.322+0000] {dag.py:2907} INFO - Sync 1 DAGs
[2023-08-24T04:45:06.331+0000] {logging_mixin.py:151} INFO - [2023-08-24T04:45:06.331+0000] {dag.py:3677} INFO - Setting next_dagrun for example_dag_decorator to None, run_after=None
[2023-08-24T04:45:06.351+0000] {processor.py:179} INFO - Processing /usr/local/lib/python3.8/dist-packages/airflow/example_dags/example_dag_decorator.py took 0.140 seconds
[2023-08-24T04:46:07.691+0000] {processor.py:157} INFO - Started process (PID=44293) to work on /usr/local/lib/python3.8/dist-packages/airflow/example_dags/example_dag_decorator.py
[2023-08-24T04:46:07.692+0000] {processor.py:829} INFO - Processing file /usr/local/lib/python3.8/dist-packages/airflow/example_dags/example_dag_decorator.py for tasks to queue
[2023-08-24T04:46:07.693+0000] {logging_mixin.py:151} INFO - [2023-08-24T04:46:07.693+0000] {dagbag.py:539} INFO - Filling up the DagBag from /usr/local/lib/python3.8/dist-packages/airflow/example_dags/example_dag_decorator.py
[2023-08-24T04:46:07.706+0000] {processor.py:839} INFO - DAG(s) dict_keys(['example_dag_decorator']) retrieved from /usr/local/lib/python3.8/dist-packages/airflow/example_dags/example_dag_decorator.py
[2023-08-24T04:46:07.926+0000] {logging_mixin.py:151} INFO - [2023-08-24T04:46:07.925+0000] {dag.py:2907} INFO - Sync 1 DAGs
[2023-08-24T04:46:07.932+0000] {logging_mixin.py:151} INFO - [2023-08-24T04:46:07.932+0000] {dag.py:3677} INFO - Setting next_dagrun for example_dag_decorator to None, run_after=None
[2023-08-24T04:46:07.950+0000] {processor.py:179} INFO - Processing /usr/local/lib/python3.8/dist-packages/airflow/example_dags/example_dag_decorator.py took 0.262 seconds
[2023-08-24T04:47:10.601+0000] {processor.py:157} INFO - Started process (PID=44476) to work on /usr/local/lib/python3.8/dist-packages/airflow/example_dags/example_dag_decorator.py
[2023-08-24T04:47:10.602+0000] {processor.py:829} INFO - Processing file /usr/local/lib/python3.8/dist-packages/airflow/example_dags/example_dag_decorator.py for tasks to queue
[2023-08-24T04:47:10.603+0000] {logging_mixin.py:151} INFO - [2023-08-24T04:47:10.603+0000] {dagbag.py:539} INFO - Filling up the DagBag from /usr/local/lib/python3.8/dist-packages/airflow/example_dags/example_dag_decorator.py
[2023-08-24T04:47:10.618+0000] {processor.py:839} INFO - DAG(s) dict_keys(['example_dag_decorator']) retrieved from /usr/local/lib/python3.8/dist-packages/airflow/example_dags/example_dag_decorator.py
[2023-08-24T04:47:10.712+0000] {logging_mixin.py:151} INFO - [2023-08-24T04:47:10.712+0000] {dag.py:2907} INFO - Sync 1 DAGs
[2023-08-24T04:47:10.841+0000] {logging_mixin.py:151} INFO - [2023-08-24T04:47:10.840+0000] {dag.py:3677} INFO - Setting next_dagrun for example_dag_decorator to None, run_after=None
[2023-08-24T04:47:10.858+0000] {processor.py:179} INFO - Processing /usr/local/lib/python3.8/dist-packages/airflow/example_dags/example_dag_decorator.py took 0.262 seconds
[2023-08-24T04:48:11.471+0000] {processor.py:157} INFO - Started process (PID=44660) to work on /usr/local/lib/python3.8/dist-packages/airflow/example_dags/example_dag_decorator.py
[2023-08-24T04:48:11.474+0000] {processor.py:829} INFO - Processing file /usr/local/lib/python3.8/dist-packages/airflow/example_dags/example_dag_decorator.py for tasks to queue
[2023-08-24T04:48:11.475+0000] {logging_mixin.py:151} INFO - [2023-08-24T04:48:11.474+0000] {dagbag.py:539} INFO - Filling up the DagBag from /usr/local/lib/python3.8/dist-packages/airflow/example_dags/example_dag_decorator.py
[2023-08-24T04:48:11.488+0000] {processor.py:839} INFO - DAG(s) dict_keys(['example_dag_decorator']) retrieved from /usr/local/lib/python3.8/dist-packages/airflow/example_dags/example_dag_decorator.py
[2023-08-24T04:48:11.579+0000] {logging_mixin.py:151} INFO - [2023-08-24T04:48:11.578+0000] {dag.py:2907} INFO - Sync 1 DAGs
[2023-08-24T04:48:11.586+0000] {logging_mixin.py:151} INFO - [2023-08-24T04:48:11.586+0000] {dag.py:3677} INFO - Setting next_dagrun for example_dag_decorator to None, run_after=None
[2023-08-24T04:48:11.732+0000] {processor.py:179} INFO - Processing /usr/local/lib/python3.8/dist-packages/airflow/example_dags/example_dag_decorator.py took 0.264 seconds
[2023-08-24T04:49:14.392+0000] {processor.py:157} INFO - Started process (PID=44843) to work on /usr/local/lib/python3.8/dist-packages/airflow/example_dags/example_dag_decorator.py
[2023-08-24T04:49:14.393+0000] {processor.py:829} INFO - Processing file /usr/local/lib/python3.8/dist-packages/airflow/example_dags/example_dag_decorator.py for tasks to queue
[2023-08-24T04:49:14.394+0000] {logging_mixin.py:151} INFO - [2023-08-24T04:49:14.394+0000] {dagbag.py:539} INFO - Filling up the DagBag from /usr/local/lib/python3.8/dist-packages/airflow/example_dags/example_dag_decorator.py
[2023-08-24T04:49:14.407+0000] {processor.py:839} INFO - DAG(s) dict_keys(['example_dag_decorator']) retrieved from /usr/local/lib/python3.8/dist-packages/airflow/example_dags/example_dag_decorator.py
[2023-08-24T04:49:14.499+0000] {logging_mixin.py:151} INFO - [2023-08-24T04:49:14.498+0000] {dag.py:2907} INFO - Sync 1 DAGs
[2023-08-24T04:49:14.506+0000] {logging_mixin.py:151} INFO - [2023-08-24T04:49:14.506+0000] {dag.py:3677} INFO - Setting next_dagrun for example_dag_decorator to None, run_after=None
[2023-08-24T04:49:14.526+0000] {processor.py:179} INFO - Processing /usr/local/lib/python3.8/dist-packages/airflow/example_dags/example_dag_decorator.py took 0.138 seconds
[2023-08-24T04:50:13.805+0000] {processor.py:157} INFO - Started process (PID=45028) to work on /usr/local/lib/python3.8/dist-packages/airflow/example_dags/example_dag_decorator.py
[2023-08-24T04:50:13.807+0000] {processor.py:829} INFO - Processing file /usr/local/lib/python3.8/dist-packages/airflow/example_dags/example_dag_decorator.py for tasks to queue
[2023-08-24T04:50:13.808+0000] {logging_mixin.py:151} INFO - [2023-08-24T04:50:13.807+0000] {dagbag.py:539} INFO - Filling up the DagBag from /usr/local/lib/python3.8/dist-packages/airflow/example_dags/example_dag_decorator.py
[2023-08-24T04:50:13.820+0000] {processor.py:839} INFO - DAG(s) dict_keys(['example_dag_decorator']) retrieved from /usr/local/lib/python3.8/dist-packages/airflow/example_dags/example_dag_decorator.py
[2023-08-24T04:50:14.034+0000] {logging_mixin.py:151} INFO - [2023-08-24T04:50:14.034+0000] {dag.py:2907} INFO - Sync 1 DAGs
[2023-08-24T04:50:14.041+0000] {logging_mixin.py:151} INFO - [2023-08-24T04:50:14.040+0000] {dag.py:3677} INFO - Setting next_dagrun for example_dag_decorator to None, run_after=None
[2023-08-24T04:50:14.057+0000] {processor.py:179} INFO - Processing /usr/local/lib/python3.8/dist-packages/airflow/example_dags/example_dag_decorator.py took 0.256 seconds
[2023-08-24T04:51:11.094+0000] {processor.py:157} INFO - Started process (PID=45210) to work on /usr/local/lib/python3.8/dist-packages/airflow/example_dags/example_dag_decorator.py
[2023-08-24T04:51:11.095+0000] {processor.py:829} INFO - Processing file /usr/local/lib/python3.8/dist-packages/airflow/example_dags/example_dag_decorator.py for tasks to queue
[2023-08-24T04:51:11.096+0000] {logging_mixin.py:151} INFO - [2023-08-24T04:51:11.096+0000] {dagbag.py:539} INFO - Filling up the DagBag from /usr/local/lib/python3.8/dist-packages/airflow/example_dags/example_dag_decorator.py
[2023-08-24T04:51:11.109+0000] {processor.py:839} INFO - DAG(s) dict_keys(['example_dag_decorator']) retrieved from /usr/local/lib/python3.8/dist-packages/airflow/example_dags/example_dag_decorator.py
[2023-08-24T04:51:11.321+0000] {logging_mixin.py:151} INFO - [2023-08-24T04:51:11.321+0000] {dag.py:2907} INFO - Sync 1 DAGs
[2023-08-24T04:51:11.328+0000] {logging_mixin.py:151} INFO - [2023-08-24T04:51:11.327+0000] {dag.py:3677} INFO - Setting next_dagrun for example_dag_decorator to None, run_after=None
[2023-08-24T04:51:11.345+0000] {processor.py:179} INFO - Processing /usr/local/lib/python3.8/dist-packages/airflow/example_dags/example_dag_decorator.py took 0.254 seconds
[2023-08-24T04:52:13.207+0000] {processor.py:157} INFO - Started process (PID=45393) to work on /usr/local/lib/python3.8/dist-packages/airflow/example_dags/example_dag_decorator.py
[2023-08-24T04:52:13.209+0000] {processor.py:829} INFO - Processing file /usr/local/lib/python3.8/dist-packages/airflow/example_dags/example_dag_decorator.py for tasks to queue
[2023-08-24T04:52:13.210+0000] {logging_mixin.py:151} INFO - [2023-08-24T04:52:13.209+0000] {dagbag.py:539} INFO - Filling up the DagBag from /usr/local/lib/python3.8/dist-packages/airflow/example_dags/example_dag_decorator.py
[2023-08-24T04:52:13.222+0000] {processor.py:839} INFO - DAG(s) dict_keys(['example_dag_decorator']) retrieved from /usr/local/lib/python3.8/dist-packages/airflow/example_dags/example_dag_decorator.py
[2023-08-24T04:52:13.309+0000] {logging_mixin.py:151} INFO - [2023-08-24T04:52:13.309+0000] {dag.py:2907} INFO - Sync 1 DAGs
[2023-08-24T04:52:13.318+0000] {logging_mixin.py:151} INFO - [2023-08-24T04:52:13.318+0000] {dag.py:3677} INFO - Setting next_dagrun for example_dag_decorator to None, run_after=None
[2023-08-24T04:52:13.447+0000] {processor.py:179} INFO - Processing /usr/local/lib/python3.8/dist-packages/airflow/example_dags/example_dag_decorator.py took 0.243 seconds
[2023-08-24T04:53:14.648+0000] {processor.py:157} INFO - Started process (PID=45582) to work on /usr/local/lib/python3.8/dist-packages/airflow/example_dags/example_dag_decorator.py
[2023-08-24T04:53:14.650+0000] {processor.py:829} INFO - Processing file /usr/local/lib/python3.8/dist-packages/airflow/example_dags/example_dag_decorator.py for tasks to queue
[2023-08-24T04:53:14.651+0000] {logging_mixin.py:151} INFO - [2023-08-24T04:53:14.651+0000] {dagbag.py:539} INFO - Filling up the DagBag from /usr/local/lib/python3.8/dist-packages/airflow/example_dags/example_dag_decorator.py
[2023-08-24T04:53:14.666+0000] {processor.py:839} INFO - DAG(s) dict_keys(['example_dag_decorator']) retrieved from /usr/local/lib/python3.8/dist-packages/airflow/example_dags/example_dag_decorator.py
[2023-08-24T04:53:14.891+0000] {logging_mixin.py:151} INFO - [2023-08-24T04:53:14.891+0000] {dag.py:2907} INFO - Sync 1 DAGs
[2023-08-24T04:53:14.898+0000] {logging_mixin.py:151} INFO - [2023-08-24T04:53:14.898+0000] {dag.py:3677} INFO - Setting next_dagrun for example_dag_decorator to None, run_after=None
[2023-08-24T04:53:14.915+0000] {processor.py:179} INFO - Processing /usr/local/lib/python3.8/dist-packages/airflow/example_dags/example_dag_decorator.py took 0.271 seconds
[2023-08-24T04:54:16.112+0000] {processor.py:157} INFO - Started process (PID=45765) to work on /usr/local/lib/python3.8/dist-packages/airflow/example_dags/example_dag_decorator.py
[2023-08-24T04:54:16.113+0000] {processor.py:829} INFO - Processing file /usr/local/lib/python3.8/dist-packages/airflow/example_dags/example_dag_decorator.py for tasks to queue
[2023-08-24T04:54:16.114+0000] {logging_mixin.py:151} INFO - [2023-08-24T04:54:16.114+0000] {dagbag.py:539} INFO - Filling up the DagBag from /usr/local/lib/python3.8/dist-packages/airflow/example_dags/example_dag_decorator.py
[2023-08-24T04:54:16.127+0000] {processor.py:839} INFO - DAG(s) dict_keys(['example_dag_decorator']) retrieved from /usr/local/lib/python3.8/dist-packages/airflow/example_dags/example_dag_decorator.py
[2023-08-24T04:54:16.347+0000] {logging_mixin.py:151} INFO - [2023-08-24T04:54:16.347+0000] {dag.py:2907} INFO - Sync 1 DAGs
[2023-08-24T04:54:16.354+0000] {logging_mixin.py:151} INFO - [2023-08-24T04:54:16.354+0000] {dag.py:3677} INFO - Setting next_dagrun for example_dag_decorator to None, run_after=None
[2023-08-24T04:54:16.371+0000] {processor.py:179} INFO - Processing /usr/local/lib/python3.8/dist-packages/airflow/example_dags/example_dag_decorator.py took 0.263 seconds
[2023-08-24T04:55:16.585+0000] {processor.py:157} INFO - Started process (PID=45948) to work on /usr/local/lib/python3.8/dist-packages/airflow/example_dags/example_dag_decorator.py
[2023-08-24T04:55:16.586+0000] {processor.py:829} INFO - Processing file /usr/local/lib/python3.8/dist-packages/airflow/example_dags/example_dag_decorator.py for tasks to queue
[2023-08-24T04:55:16.587+0000] {logging_mixin.py:151} INFO - [2023-08-24T04:55:16.587+0000] {dagbag.py:539} INFO - Filling up the DagBag from /usr/local/lib/python3.8/dist-packages/airflow/example_dags/example_dag_decorator.py
[2023-08-24T04:55:16.600+0000] {processor.py:839} INFO - DAG(s) dict_keys(['example_dag_decorator']) retrieved from /usr/local/lib/python3.8/dist-packages/airflow/example_dags/example_dag_decorator.py
[2023-08-24T04:55:16.818+0000] {logging_mixin.py:151} INFO - [2023-08-24T04:55:16.818+0000] {dag.py:2907} INFO - Sync 1 DAGs
[2023-08-24T04:55:16.825+0000] {logging_mixin.py:151} INFO - [2023-08-24T04:55:16.824+0000] {dag.py:3677} INFO - Setting next_dagrun for example_dag_decorator to None, run_after=None
[2023-08-24T04:55:16.842+0000] {processor.py:179} INFO - Processing /usr/local/lib/python3.8/dist-packages/airflow/example_dags/example_dag_decorator.py took 0.261 seconds
[2023-08-24T04:56:19.864+0000] {processor.py:157} INFO - Started process (PID=46136) to work on /usr/local/lib/python3.8/dist-packages/airflow/example_dags/example_dag_decorator.py
[2023-08-24T04:56:19.865+0000] {processor.py:829} INFO - Processing file /usr/local/lib/python3.8/dist-packages/airflow/example_dags/example_dag_decorator.py for tasks to queue
[2023-08-24T04:56:19.866+0000] {logging_mixin.py:151} INFO - [2023-08-24T04:56:19.866+0000] {dagbag.py:539} INFO - Filling up the DagBag from /usr/local/lib/python3.8/dist-packages/airflow/example_dags/example_dag_decorator.py
[2023-08-24T04:56:19.879+0000] {processor.py:839} INFO - DAG(s) dict_keys(['example_dag_decorator']) retrieved from /usr/local/lib/python3.8/dist-packages/airflow/example_dags/example_dag_decorator.py
[2023-08-24T04:56:20.094+0000] {logging_mixin.py:151} INFO - [2023-08-24T04:56:20.094+0000] {dag.py:2907} INFO - Sync 1 DAGs
[2023-08-24T04:56:20.103+0000] {logging_mixin.py:151} INFO - [2023-08-24T04:56:20.102+0000] {dag.py:3677} INFO - Setting next_dagrun for example_dag_decorator to None, run_after=None
[2023-08-24T04:56:20.121+0000] {processor.py:179} INFO - Processing /usr/local/lib/python3.8/dist-packages/airflow/example_dags/example_dag_decorator.py took 0.261 seconds
[2023-08-24T04:57:22.817+0000] {processor.py:157} INFO - Started process (PID=46332) to work on /usr/local/lib/python3.8/dist-packages/airflow/example_dags/example_dag_decorator.py
[2023-08-24T04:57:22.819+0000] {processor.py:829} INFO - Processing file /usr/local/lib/python3.8/dist-packages/airflow/example_dags/example_dag_decorator.py for tasks to queue
[2023-08-24T04:57:22.820+0000] {logging_mixin.py:151} INFO - [2023-08-24T04:57:22.819+0000] {dagbag.py:539} INFO - Filling up the DagBag from /usr/local/lib/python3.8/dist-packages/airflow/example_dags/example_dag_decorator.py
[2023-08-24T04:57:22.832+0000] {processor.py:839} INFO - DAG(s) dict_keys(['example_dag_decorator']) retrieved from /usr/local/lib/python3.8/dist-packages/airflow/example_dags/example_dag_decorator.py
[2023-08-24T04:57:23.052+0000] {logging_mixin.py:151} INFO - [2023-08-24T04:57:23.051+0000] {dag.py:2907} INFO - Sync 1 DAGs
[2023-08-24T04:57:23.058+0000] {logging_mixin.py:151} INFO - [2023-08-24T04:57:23.058+0000] {dag.py:3677} INFO - Setting next_dagrun for example_dag_decorator to None, run_after=None
[2023-08-24T04:57:23.077+0000] {processor.py:179} INFO - Processing /usr/local/lib/python3.8/dist-packages/airflow/example_dags/example_dag_decorator.py took 0.263 seconds
[2023-08-24T04:58:26.570+0000] {processor.py:157} INFO - Started process (PID=46516) to work on /usr/local/lib/python3.8/dist-packages/airflow/example_dags/example_dag_decorator.py
[2023-08-24T04:58:26.571+0000] {processor.py:829} INFO - Processing file /usr/local/lib/python3.8/dist-packages/airflow/example_dags/example_dag_decorator.py for tasks to queue
[2023-08-24T04:58:26.572+0000] {logging_mixin.py:151} INFO - [2023-08-24T04:58:26.572+0000] {dagbag.py:539} INFO - Filling up the DagBag from /usr/local/lib/python3.8/dist-packages/airflow/example_dags/example_dag_decorator.py
[2023-08-24T04:58:26.585+0000] {processor.py:839} INFO - DAG(s) dict_keys(['example_dag_decorator']) retrieved from /usr/local/lib/python3.8/dist-packages/airflow/example_dags/example_dag_decorator.py
[2023-08-24T04:58:26.779+0000] {logging_mixin.py:151} INFO - [2023-08-24T04:58:26.779+0000] {dag.py:2907} INFO - Sync 1 DAGs
[2023-08-24T04:58:26.786+0000] {logging_mixin.py:151} INFO - [2023-08-24T04:58:26.785+0000] {dag.py:3677} INFO - Setting next_dagrun for example_dag_decorator to None, run_after=None
[2023-08-24T04:58:26.802+0000] {processor.py:179} INFO - Processing /usr/local/lib/python3.8/dist-packages/airflow/example_dags/example_dag_decorator.py took 0.236 seconds
[2023-08-24T04:59:30.805+0000] {processor.py:157} INFO - Started process (PID=46699) to work on /usr/local/lib/python3.8/dist-packages/airflow/example_dags/example_dag_decorator.py
[2023-08-24T04:59:30.807+0000] {processor.py:829} INFO - Processing file /usr/local/lib/python3.8/dist-packages/airflow/example_dags/example_dag_decorator.py for tasks to queue
[2023-08-24T04:59:30.807+0000] {logging_mixin.py:151} INFO - [2023-08-24T04:59:30.807+0000] {dagbag.py:539} INFO - Filling up the DagBag from /usr/local/lib/python3.8/dist-packages/airflow/example_dags/example_dag_decorator.py
[2023-08-24T04:59:30.820+0000] {processor.py:839} INFO - DAG(s) dict_keys(['example_dag_decorator']) retrieved from /usr/local/lib/python3.8/dist-packages/airflow/example_dags/example_dag_decorator.py
[2023-08-24T04:59:31.024+0000] {logging_mixin.py:151} INFO - [2023-08-24T04:59:31.024+0000] {dag.py:2907} INFO - Sync 1 DAGs
[2023-08-24T04:59:31.031+0000] {logging_mixin.py:151} INFO - [2023-08-24T04:59:31.031+0000] {dag.py:3677} INFO - Setting next_dagrun for example_dag_decorator to None, run_after=None
[2023-08-24T04:59:31.049+0000] {processor.py:179} INFO - Processing /usr/local/lib/python3.8/dist-packages/airflow/example_dags/example_dag_decorator.py took 0.247 seconds
[2023-08-24T05:00:32.273+0000] {processor.py:157} INFO - Started process (PID=46883) to work on /usr/local/lib/python3.8/dist-packages/airflow/example_dags/example_dag_decorator.py
[2023-08-24T05:00:32.274+0000] {processor.py:829} INFO - Processing file /usr/local/lib/python3.8/dist-packages/airflow/example_dags/example_dag_decorator.py for tasks to queue
[2023-08-24T05:00:32.275+0000] {logging_mixin.py:151} INFO - [2023-08-24T05:00:32.275+0000] {dagbag.py:539} INFO - Filling up the DagBag from /usr/local/lib/python3.8/dist-packages/airflow/example_dags/example_dag_decorator.py
[2023-08-24T05:00:32.288+0000] {processor.py:839} INFO - DAG(s) dict_keys(['example_dag_decorator']) retrieved from /usr/local/lib/python3.8/dist-packages/airflow/example_dags/example_dag_decorator.py
[2023-08-24T05:00:32.378+0000] {logging_mixin.py:151} INFO - [2023-08-24T05:00:32.377+0000] {dag.py:2907} INFO - Sync 1 DAGs
[2023-08-24T05:00:32.385+0000] {logging_mixin.py:151} INFO - [2023-08-24T05:00:32.385+0000] {dag.py:3677} INFO - Setting next_dagrun for example_dag_decorator to None, run_after=None
[2023-08-24T05:00:32.403+0000] {processor.py:179} INFO - Processing /usr/local/lib/python3.8/dist-packages/airflow/example_dags/example_dag_decorator.py took 0.134 seconds
[2023-08-24T05:01:32.515+0000] {processor.py:157} INFO - Started process (PID=47080) to work on /usr/local/lib/python3.8/dist-packages/airflow/example_dags/example_dag_decorator.py
[2023-08-24T05:01:32.520+0000] {processor.py:829} INFO - Processing file /usr/local/lib/python3.8/dist-packages/airflow/example_dags/example_dag_decorator.py for tasks to queue
[2023-08-24T05:01:32.521+0000] {logging_mixin.py:151} INFO - [2023-08-24T05:01:32.520+0000] {dagbag.py:539} INFO - Filling up the DagBag from /usr/local/lib/python3.8/dist-packages/airflow/example_dags/example_dag_decorator.py
[2023-08-24T05:01:32.534+0000] {processor.py:839} INFO - DAG(s) dict_keys(['example_dag_decorator']) retrieved from /usr/local/lib/python3.8/dist-packages/airflow/example_dags/example_dag_decorator.py
[2023-08-24T05:01:32.621+0000] {logging_mixin.py:151} INFO - [2023-08-24T05:01:32.620+0000] {dag.py:2907} INFO - Sync 1 DAGs
[2023-08-24T05:01:32.629+0000] {logging_mixin.py:151} INFO - [2023-08-24T05:01:32.629+0000] {dag.py:3677} INFO - Setting next_dagrun for example_dag_decorator to None, run_after=None
[2023-08-24T05:01:32.647+0000] {processor.py:179} INFO - Processing /usr/local/lib/python3.8/dist-packages/airflow/example_dags/example_dag_decorator.py took 0.135 seconds
[2023-08-24T05:02:30.997+0000] {processor.py:157} INFO - Started process (PID=47266) to work on /usr/local/lib/python3.8/dist-packages/airflow/example_dags/example_dag_decorator.py
[2023-08-24T05:02:30.998+0000] {processor.py:829} INFO - Processing file /usr/local/lib/python3.8/dist-packages/airflow/example_dags/example_dag_decorator.py for tasks to queue
[2023-08-24T05:02:30.999+0000] {logging_mixin.py:151} INFO - [2023-08-24T05:02:30.999+0000] {dagbag.py:539} INFO - Filling up the DagBag from /usr/local/lib/python3.8/dist-packages/airflow/example_dags/example_dag_decorator.py
[2023-08-24T05:02:31.012+0000] {processor.py:839} INFO - DAG(s) dict_keys(['example_dag_decorator']) retrieved from /usr/local/lib/python3.8/dist-packages/airflow/example_dags/example_dag_decorator.py
[2023-08-24T05:02:31.100+0000] {logging_mixin.py:151} INFO - [2023-08-24T05:02:31.100+0000] {dag.py:2907} INFO - Sync 1 DAGs
[2023-08-24T05:02:31.108+0000] {logging_mixin.py:151} INFO - [2023-08-24T05:02:31.108+0000] {dag.py:3677} INFO - Setting next_dagrun for example_dag_decorator to None, run_after=None
[2023-08-24T05:02:31.125+0000] {processor.py:179} INFO - Processing /usr/local/lib/python3.8/dist-packages/airflow/example_dags/example_dag_decorator.py took 0.132 seconds
[2023-08-24T05:03:32.805+0000] {processor.py:157} INFO - Started process (PID=47455) to work on /usr/local/lib/python3.8/dist-packages/airflow/example_dags/example_dag_decorator.py
[2023-08-24T05:03:32.807+0000] {processor.py:829} INFO - Processing file /usr/local/lib/python3.8/dist-packages/airflow/example_dags/example_dag_decorator.py for tasks to queue
[2023-08-24T05:03:32.808+0000] {logging_mixin.py:151} INFO - [2023-08-24T05:03:32.807+0000] {dagbag.py:539} INFO - Filling up the DagBag from /usr/local/lib/python3.8/dist-packages/airflow/example_dags/example_dag_decorator.py
[2023-08-24T05:03:32.821+0000] {processor.py:839} INFO - DAG(s) dict_keys(['example_dag_decorator']) retrieved from /usr/local/lib/python3.8/dist-packages/airflow/example_dags/example_dag_decorator.py
[2023-08-24T05:03:32.914+0000] {logging_mixin.py:151} INFO - [2023-08-24T05:03:32.913+0000] {dag.py:2907} INFO - Sync 1 DAGs
[2023-08-24T05:03:32.921+0000] {logging_mixin.py:151} INFO - [2023-08-24T05:03:32.921+0000] {dag.py:3677} INFO - Setting next_dagrun for example_dag_decorator to None, run_after=None
[2023-08-24T05:03:32.939+0000] {processor.py:179} INFO - Processing /usr/local/lib/python3.8/dist-packages/airflow/example_dags/example_dag_decorator.py took 0.137 seconds
[2023-08-24T05:04:30.666+0000] {processor.py:157} INFO - Started process (PID=47637) to work on /usr/local/lib/python3.8/dist-packages/airflow/example_dags/example_dag_decorator.py
[2023-08-24T05:04:30.667+0000] {processor.py:829} INFO - Processing file /usr/local/lib/python3.8/dist-packages/airflow/example_dags/example_dag_decorator.py for tasks to queue
[2023-08-24T05:04:30.668+0000] {logging_mixin.py:151} INFO - [2023-08-24T05:04:30.668+0000] {dagbag.py:539} INFO - Filling up the DagBag from /usr/local/lib/python3.8/dist-packages/airflow/example_dags/example_dag_decorator.py
[2023-08-24T05:04:30.681+0000] {processor.py:839} INFO - DAG(s) dict_keys(['example_dag_decorator']) retrieved from /usr/local/lib/python3.8/dist-packages/airflow/example_dags/example_dag_decorator.py
[2023-08-24T05:04:30.772+0000] {logging_mixin.py:151} INFO - [2023-08-24T05:04:30.772+0000] {dag.py:2907} INFO - Sync 1 DAGs
[2023-08-24T05:04:30.780+0000] {logging_mixin.py:151} INFO - [2023-08-24T05:04:30.779+0000] {dag.py:3677} INFO - Setting next_dagrun for example_dag_decorator to None, run_after=None
[2023-08-24T05:04:30.797+0000] {processor.py:179} INFO - Processing /usr/local/lib/python3.8/dist-packages/airflow/example_dags/example_dag_decorator.py took 0.135 seconds
[2023-08-24T05:05:30.895+0000] {processor.py:157} INFO - Started process (PID=47833) to work on /usr/local/lib/python3.8/dist-packages/airflow/example_dags/example_dag_decorator.py
[2023-08-24T05:05:30.897+0000] {processor.py:829} INFO - Processing file /usr/local/lib/python3.8/dist-packages/airflow/example_dags/example_dag_decorator.py for tasks to queue
[2023-08-24T05:05:30.898+0000] {logging_mixin.py:151} INFO - [2023-08-24T05:05:30.897+0000] {dagbag.py:539} INFO - Filling up the DagBag from /usr/local/lib/python3.8/dist-packages/airflow/example_dags/example_dag_decorator.py
[2023-08-24T05:05:30.910+0000] {processor.py:839} INFO - DAG(s) dict_keys(['example_dag_decorator']) retrieved from /usr/local/lib/python3.8/dist-packages/airflow/example_dags/example_dag_decorator.py
[2023-08-24T05:05:30.998+0000] {logging_mixin.py:151} INFO - [2023-08-24T05:05:30.998+0000] {dag.py:2907} INFO - Sync 1 DAGs
[2023-08-24T05:05:31.006+0000] {logging_mixin.py:151} INFO - [2023-08-24T05:05:31.006+0000] {dag.py:3677} INFO - Setting next_dagrun for example_dag_decorator to None, run_after=None
[2023-08-24T05:05:31.024+0000] {processor.py:179} INFO - Processing /usr/local/lib/python3.8/dist-packages/airflow/example_dags/example_dag_decorator.py took 0.132 seconds
[2023-08-24T05:06:28.649+0000] {processor.py:157} INFO - Started process (PID=48029) to work on /usr/local/lib/python3.8/dist-packages/airflow/example_dags/example_dag_decorator.py
[2023-08-24T05:06:28.650+0000] {processor.py:829} INFO - Processing file /usr/local/lib/python3.8/dist-packages/airflow/example_dags/example_dag_decorator.py for tasks to queue
[2023-08-24T05:06:28.651+0000] {logging_mixin.py:151} INFO - [2023-08-24T05:06:28.651+0000] {dagbag.py:539} INFO - Filling up the DagBag from /usr/local/lib/python3.8/dist-packages/airflow/example_dags/example_dag_decorator.py
[2023-08-24T05:06:28.664+0000] {processor.py:839} INFO - DAG(s) dict_keys(['example_dag_decorator']) retrieved from /usr/local/lib/python3.8/dist-packages/airflow/example_dags/example_dag_decorator.py
[2023-08-24T05:06:28.757+0000] {logging_mixin.py:151} INFO - [2023-08-24T05:06:28.757+0000] {dag.py:2907} INFO - Sync 1 DAGs
[2023-08-24T05:06:28.765+0000] {logging_mixin.py:151} INFO - [2023-08-24T05:06:28.765+0000] {dag.py:3677} INFO - Setting next_dagrun for example_dag_decorator to None, run_after=None
[2023-08-24T05:06:28.783+0000] {processor.py:179} INFO - Processing /usr/local/lib/python3.8/dist-packages/airflow/example_dags/example_dag_decorator.py took 0.138 seconds
[2023-08-24T05:07:26.697+0000] {processor.py:157} INFO - Started process (PID=48213) to work on /usr/local/lib/python3.8/dist-packages/airflow/example_dags/example_dag_decorator.py
[2023-08-24T05:07:26.698+0000] {processor.py:829} INFO - Processing file /usr/local/lib/python3.8/dist-packages/airflow/example_dags/example_dag_decorator.py for tasks to queue
[2023-08-24T05:07:26.699+0000] {logging_mixin.py:151} INFO - [2023-08-24T05:07:26.699+0000] {dagbag.py:539} INFO - Filling up the DagBag from /usr/local/lib/python3.8/dist-packages/airflow/example_dags/example_dag_decorator.py
[2023-08-24T05:07:26.712+0000] {processor.py:839} INFO - DAG(s) dict_keys(['example_dag_decorator']) retrieved from /usr/local/lib/python3.8/dist-packages/airflow/example_dags/example_dag_decorator.py
[2023-08-24T05:07:26.801+0000] {logging_mixin.py:151} INFO - [2023-08-24T05:07:26.800+0000] {dag.py:2907} INFO - Sync 1 DAGs
[2023-08-24T05:07:26.808+0000] {logging_mixin.py:151} INFO - [2023-08-24T05:07:26.808+0000] {dag.py:3677} INFO - Setting next_dagrun for example_dag_decorator to None, run_after=None
[2023-08-24T05:07:26.826+0000] {processor.py:179} INFO - Processing /usr/local/lib/python3.8/dist-packages/airflow/example_dags/example_dag_decorator.py took 0.132 seconds
[2023-08-24T05:08:25.575+0000] {processor.py:157} INFO - Started process (PID=48399) to work on /usr/local/lib/python3.8/dist-packages/airflow/example_dags/example_dag_decorator.py
[2023-08-24T05:08:25.578+0000] {processor.py:829} INFO - Processing file /usr/local/lib/python3.8/dist-packages/airflow/example_dags/example_dag_decorator.py for tasks to queue
[2023-08-24T05:08:25.579+0000] {logging_mixin.py:151} INFO - [2023-08-24T05:08:25.579+0000] {dagbag.py:539} INFO - Filling up the DagBag from /usr/local/lib/python3.8/dist-packages/airflow/example_dags/example_dag_decorator.py
[2023-08-24T05:08:25.592+0000] {processor.py:839} INFO - DAG(s) dict_keys(['example_dag_decorator']) retrieved from /usr/local/lib/python3.8/dist-packages/airflow/example_dags/example_dag_decorator.py
[2023-08-24T05:08:25.685+0000] {logging_mixin.py:151} INFO - [2023-08-24T05:08:25.684+0000] {dag.py:2907} INFO - Sync 1 DAGs
[2023-08-24T05:08:25.693+0000] {logging_mixin.py:151} INFO - [2023-08-24T05:08:25.693+0000] {dag.py:3677} INFO - Setting next_dagrun for example_dag_decorator to None, run_after=None
[2023-08-24T05:08:25.711+0000] {processor.py:179} INFO - Processing /usr/local/lib/python3.8/dist-packages/airflow/example_dags/example_dag_decorator.py took 0.139 seconds
[2023-08-24T05:09:26.044+0000] {processor.py:157} INFO - Started process (PID=48595) to work on /usr/local/lib/python3.8/dist-packages/airflow/example_dags/example_dag_decorator.py
[2023-08-24T05:09:26.045+0000] {processor.py:829} INFO - Processing file /usr/local/lib/python3.8/dist-packages/airflow/example_dags/example_dag_decorator.py for tasks to queue
[2023-08-24T05:09:26.046+0000] {logging_mixin.py:151} INFO - [2023-08-24T05:09:26.046+0000] {dagbag.py:539} INFO - Filling up the DagBag from /usr/local/lib/python3.8/dist-packages/airflow/example_dags/example_dag_decorator.py
[2023-08-24T05:09:26.059+0000] {processor.py:839} INFO - DAG(s) dict_keys(['example_dag_decorator']) retrieved from /usr/local/lib/python3.8/dist-packages/airflow/example_dags/example_dag_decorator.py
[2023-08-24T05:09:26.154+0000] {logging_mixin.py:151} INFO - [2023-08-24T05:09:26.154+0000] {dag.py:2907} INFO - Sync 1 DAGs
[2023-08-24T05:09:26.162+0000] {logging_mixin.py:151} INFO - [2023-08-24T05:09:26.162+0000] {dag.py:3677} INFO - Setting next_dagrun for example_dag_decorator to None, run_after=None
[2023-08-24T05:09:26.180+0000] {processor.py:179} INFO - Processing /usr/local/lib/python3.8/dist-packages/airflow/example_dags/example_dag_decorator.py took 0.140 seconds
[2023-08-24T05:10:24.456+0000] {processor.py:157} INFO - Started process (PID=48776) to work on /usr/local/lib/python3.8/dist-packages/airflow/example_dags/example_dag_decorator.py
[2023-08-24T05:10:24.458+0000] {processor.py:829} INFO - Processing file /usr/local/lib/python3.8/dist-packages/airflow/example_dags/example_dag_decorator.py for tasks to queue
[2023-08-24T05:10:24.459+0000] {logging_mixin.py:151} INFO - [2023-08-24T05:10:24.458+0000] {dagbag.py:539} INFO - Filling up the DagBag from /usr/local/lib/python3.8/dist-packages/airflow/example_dags/example_dag_decorator.py
[2023-08-24T05:10:24.472+0000] {processor.py:839} INFO - DAG(s) dict_keys(['example_dag_decorator']) retrieved from /usr/local/lib/python3.8/dist-packages/airflow/example_dags/example_dag_decorator.py
[2023-08-24T05:10:24.573+0000] {logging_mixin.py:151} INFO - [2023-08-24T05:10:24.573+0000] {dag.py:2907} INFO - Sync 1 DAGs
[2023-08-24T05:10:24.582+0000] {logging_mixin.py:151} INFO - [2023-08-24T05:10:24.582+0000] {dag.py:3677} INFO - Setting next_dagrun for example_dag_decorator to None, run_after=None
[2023-08-24T05:10:24.602+0000] {processor.py:179} INFO - Processing /usr/local/lib/python3.8/dist-packages/airflow/example_dags/example_dag_decorator.py took 0.150 seconds
[2023-08-24T05:11:39.423+0000] {processor.py:157} INFO - Started process (PID=48932) to work on /usr/local/lib/python3.8/dist-packages/airflow/example_dags/example_dag_decorator.py
[2023-08-24T05:11:39.424+0000] {processor.py:829} INFO - Processing file /usr/local/lib/python3.8/dist-packages/airflow/example_dags/example_dag_decorator.py for tasks to queue
[2023-08-24T05:11:39.425+0000] {logging_mixin.py:151} INFO - [2023-08-24T05:11:39.425+0000] {dagbag.py:539} INFO - Filling up the DagBag from /usr/local/lib/python3.8/dist-packages/airflow/example_dags/example_dag_decorator.py
[2023-08-24T05:11:39.438+0000] {processor.py:839} INFO - DAG(s) dict_keys(['example_dag_decorator']) retrieved from /usr/local/lib/python3.8/dist-packages/airflow/example_dags/example_dag_decorator.py
[2023-08-24T05:11:39.532+0000] {logging_mixin.py:151} INFO - [2023-08-24T05:11:39.532+0000] {dag.py:2907} INFO - Sync 1 DAGs
[2023-08-24T05:11:39.540+0000] {logging_mixin.py:151} INFO - [2023-08-24T05:11:39.539+0000] {dag.py:3677} INFO - Setting next_dagrun for example_dag_decorator to None, run_after=None
[2023-08-24T05:11:39.558+0000] {processor.py:179} INFO - Processing /usr/local/lib/python3.8/dist-packages/airflow/example_dags/example_dag_decorator.py took 0.139 seconds
[2023-08-24T05:12:42.073+0000] {processor.py:157} INFO - Started process (PID=49129) to work on /usr/local/lib/python3.8/dist-packages/airflow/example_dags/example_dag_decorator.py
[2023-08-24T05:12:42.076+0000] {processor.py:829} INFO - Processing file /usr/local/lib/python3.8/dist-packages/airflow/example_dags/example_dag_decorator.py for tasks to queue
[2023-08-24T05:12:42.077+0000] {logging_mixin.py:151} INFO - [2023-08-24T05:12:42.076+0000] {dagbag.py:539} INFO - Filling up the DagBag from /usr/local/lib/python3.8/dist-packages/airflow/example_dags/example_dag_decorator.py
[2023-08-24T05:12:42.090+0000] {processor.py:839} INFO - DAG(s) dict_keys(['example_dag_decorator']) retrieved from /usr/local/lib/python3.8/dist-packages/airflow/example_dags/example_dag_decorator.py
[2023-08-24T05:12:42.181+0000] {logging_mixin.py:151} INFO - [2023-08-24T05:12:42.181+0000] {dag.py:2907} INFO - Sync 1 DAGs
[2023-08-24T05:12:42.190+0000] {logging_mixin.py:151} INFO - [2023-08-24T05:12:42.190+0000] {dag.py:3677} INFO - Setting next_dagrun for example_dag_decorator to None, run_after=None
[2023-08-24T05:12:42.209+0000] {processor.py:179} INFO - Processing /usr/local/lib/python3.8/dist-packages/airflow/example_dags/example_dag_decorator.py took 0.139 seconds
[2023-08-24T05:13:42.240+0000] {processor.py:157} INFO - Started process (PID=49333) to work on /usr/local/lib/python3.8/dist-packages/airflow/example_dags/example_dag_decorator.py
[2023-08-24T05:13:42.242+0000] {processor.py:829} INFO - Processing file /usr/local/lib/python3.8/dist-packages/airflow/example_dags/example_dag_decorator.py for tasks to queue
[2023-08-24T05:13:42.243+0000] {logging_mixin.py:151} INFO - [2023-08-24T05:13:42.242+0000] {dagbag.py:539} INFO - Filling up the DagBag from /usr/local/lib/python3.8/dist-packages/airflow/example_dags/example_dag_decorator.py
[2023-08-24T05:13:42.256+0000] {processor.py:839} INFO - DAG(s) dict_keys(['example_dag_decorator']) retrieved from /usr/local/lib/python3.8/dist-packages/airflow/example_dags/example_dag_decorator.py
[2023-08-24T05:13:42.346+0000] {logging_mixin.py:151} INFO - [2023-08-24T05:13:42.345+0000] {dag.py:2907} INFO - Sync 1 DAGs
[2023-08-24T05:13:42.353+0000] {logging_mixin.py:151} INFO - [2023-08-24T05:13:42.353+0000] {dag.py:3677} INFO - Setting next_dagrun for example_dag_decorator to None, run_after=None
[2023-08-24T05:13:42.371+0000] {processor.py:179} INFO - Processing /usr/local/lib/python3.8/dist-packages/airflow/example_dags/example_dag_decorator.py took 0.134 seconds
