[2023-08-24T04:22:09.687+0000] {processor.py:157} INFO - Started process (PID=37609) to work on /usr/local/lib/python3.8/dist-packages/airflow/example_dags/example_dynamic_task_mapping.py
[2023-08-24T04:22:09.688+0000] {processor.py:829} INFO - Processing file /usr/local/lib/python3.8/dist-packages/airflow/example_dags/example_dynamic_task_mapping.py for tasks to queue
[2023-08-24T04:22:09.689+0000] {logging_mixin.py:151} INFO - [2023-08-24T04:22:09.689+0000] {dagbag.py:539} INFO - Filling up the DagBag from /usr/local/lib/python3.8/dist-packages/airflow/example_dags/example_dynamic_task_mapping.py
[2023-08-24T04:22:09.695+0000] {processor.py:839} INFO - DAG(s) dict_keys(['example_dynamic_task_mapping']) retrieved from /usr/local/lib/python3.8/dist-packages/airflow/example_dags/example_dynamic_task_mapping.py
[2023-08-24T04:22:09.713+0000] {logging_mixin.py:151} INFO - [2023-08-24T04:22:09.713+0000] {dag.py:2907} INFO - Sync 1 DAGs
[2023-08-24T04:22:09.729+0000] {logging_mixin.py:151} INFO - [2023-08-24T04:22:09.729+0000] {dag.py:3677} INFO - Setting next_dagrun for example_dynamic_task_mapping to 2022-03-04T00:00:00+00:00, run_after=2022-03-05T00:00:00+00:00
[2023-08-24T04:22:09.746+0000] {processor.py:179} INFO - Processing /usr/local/lib/python3.8/dist-packages/airflow/example_dags/example_dynamic_task_mapping.py took 0.063 seconds
[2023-08-24T04:31:23.763+0000] {processor.py:157} INFO - Started process (PID=41484) to work on /usr/local/lib/python3.8/dist-packages/airflow/example_dags/example_dynamic_task_mapping.py
[2023-08-24T04:31:23.766+0000] {processor.py:829} INFO - Processing file /usr/local/lib/python3.8/dist-packages/airflow/example_dags/example_dynamic_task_mapping.py for tasks to queue
[2023-08-24T04:31:23.767+0000] {logging_mixin.py:151} INFO - [2023-08-24T04:31:23.766+0000] {dagbag.py:539} INFO - Filling up the DagBag from /usr/local/lib/python3.8/dist-packages/airflow/example_dags/example_dynamic_task_mapping.py
[2023-08-24T04:31:23.773+0000] {processor.py:839} INFO - DAG(s) dict_keys(['example_dynamic_task_mapping']) retrieved from /usr/local/lib/python3.8/dist-packages/airflow/example_dags/example_dynamic_task_mapping.py
[2023-08-24T04:31:23.793+0000] {logging_mixin.py:151} INFO - [2023-08-24T04:31:23.792+0000] {dag.py:2907} INFO - Sync 1 DAGs
[2023-08-24T04:31:23.809+0000] {logging_mixin.py:151} INFO - [2023-08-24T04:31:23.809+0000] {dag.py:3677} INFO - Setting next_dagrun for example_dynamic_task_mapping to 2022-03-04T00:00:00+00:00, run_after=2022-03-05T00:00:00+00:00
[2023-08-24T04:31:23.827+0000] {processor.py:179} INFO - Processing /usr/local/lib/python3.8/dist-packages/airflow/example_dags/example_dynamic_task_mapping.py took 0.068 seconds
[2023-08-24T04:32:24.642+0000] {processor.py:157} INFO - Started process (PID=41682) to work on /usr/local/lib/python3.8/dist-packages/airflow/example_dags/example_dynamic_task_mapping.py
[2023-08-24T04:32:24.643+0000] {processor.py:829} INFO - Processing file /usr/local/lib/python3.8/dist-packages/airflow/example_dags/example_dynamic_task_mapping.py for tasks to queue
[2023-08-24T04:32:24.644+0000] {logging_mixin.py:151} INFO - [2023-08-24T04:32:24.644+0000] {dagbag.py:539} INFO - Filling up the DagBag from /usr/local/lib/python3.8/dist-packages/airflow/example_dags/example_dynamic_task_mapping.py
[2023-08-24T04:32:24.650+0000] {processor.py:839} INFO - DAG(s) dict_keys(['example_dynamic_task_mapping']) retrieved from /usr/local/lib/python3.8/dist-packages/airflow/example_dags/example_dynamic_task_mapping.py
[2023-08-24T04:32:24.666+0000] {logging_mixin.py:151} INFO - [2023-08-24T04:32:24.665+0000] {dag.py:2907} INFO - Sync 1 DAGs
[2023-08-24T04:32:24.682+0000] {logging_mixin.py:151} INFO - [2023-08-24T04:32:24.682+0000] {dag.py:3677} INFO - Setting next_dagrun for example_dynamic_task_mapping to 2022-03-04T00:00:00+00:00, run_after=2022-03-05T00:00:00+00:00
[2023-08-24T04:32:24.699+0000] {processor.py:179} INFO - Processing /usr/local/lib/python3.8/dist-packages/airflow/example_dags/example_dynamic_task_mapping.py took 0.061 seconds
[2023-08-24T04:33:23.372+0000] {processor.py:157} INFO - Started process (PID=41873) to work on /usr/local/lib/python3.8/dist-packages/airflow/example_dags/example_dynamic_task_mapping.py
[2023-08-24T04:33:23.374+0000] {processor.py:829} INFO - Processing file /usr/local/lib/python3.8/dist-packages/airflow/example_dags/example_dynamic_task_mapping.py for tasks to queue
[2023-08-24T04:33:23.375+0000] {logging_mixin.py:151} INFO - [2023-08-24T04:33:23.374+0000] {dagbag.py:539} INFO - Filling up the DagBag from /usr/local/lib/python3.8/dist-packages/airflow/example_dags/example_dynamic_task_mapping.py
[2023-08-24T04:33:23.381+0000] {processor.py:839} INFO - DAG(s) dict_keys(['example_dynamic_task_mapping']) retrieved from /usr/local/lib/python3.8/dist-packages/airflow/example_dags/example_dynamic_task_mapping.py
[2023-08-24T04:33:23.397+0000] {logging_mixin.py:151} INFO - [2023-08-24T04:33:23.397+0000] {dag.py:2907} INFO - Sync 1 DAGs
[2023-08-24T04:33:23.413+0000] {logging_mixin.py:151} INFO - [2023-08-24T04:33:23.413+0000] {dag.py:3677} INFO - Setting next_dagrun for example_dynamic_task_mapping to 2022-03-04T00:00:00+00:00, run_after=2022-03-05T00:00:00+00:00
[2023-08-24T04:33:23.430+0000] {processor.py:179} INFO - Processing /usr/local/lib/python3.8/dist-packages/airflow/example_dags/example_dynamic_task_mapping.py took 0.061 seconds
[2023-08-24T04:34:22.476+0000] {processor.py:157} INFO - Started process (PID=42056) to work on /usr/local/lib/python3.8/dist-packages/airflow/example_dags/example_dynamic_task_mapping.py
[2023-08-24T04:34:22.482+0000] {processor.py:829} INFO - Processing file /usr/local/lib/python3.8/dist-packages/airflow/example_dags/example_dynamic_task_mapping.py for tasks to queue
[2023-08-24T04:34:22.483+0000] {logging_mixin.py:151} INFO - [2023-08-24T04:34:22.482+0000] {dagbag.py:539} INFO - Filling up the DagBag from /usr/local/lib/python3.8/dist-packages/airflow/example_dags/example_dynamic_task_mapping.py
[2023-08-24T04:34:22.489+0000] {processor.py:839} INFO - DAG(s) dict_keys(['example_dynamic_task_mapping']) retrieved from /usr/local/lib/python3.8/dist-packages/airflow/example_dags/example_dynamic_task_mapping.py
[2023-08-24T04:34:22.505+0000] {logging_mixin.py:151} INFO - [2023-08-24T04:34:22.504+0000] {dag.py:2907} INFO - Sync 1 DAGs
[2023-08-24T04:34:22.520+0000] {logging_mixin.py:151} INFO - [2023-08-24T04:34:22.520+0000] {dag.py:3677} INFO - Setting next_dagrun for example_dynamic_task_mapping to 2022-03-04T00:00:00+00:00, run_after=2022-03-05T00:00:00+00:00
[2023-08-24T04:34:22.538+0000] {processor.py:179} INFO - Processing /usr/local/lib/python3.8/dist-packages/airflow/example_dags/example_dynamic_task_mapping.py took 0.065 seconds
[2023-08-24T04:35:21.862+0000] {processor.py:157} INFO - Started process (PID=42252) to work on /usr/local/lib/python3.8/dist-packages/airflow/example_dags/example_dynamic_task_mapping.py
[2023-08-24T04:35:21.866+0000] {processor.py:829} INFO - Processing file /usr/local/lib/python3.8/dist-packages/airflow/example_dags/example_dynamic_task_mapping.py for tasks to queue
[2023-08-24T04:35:21.866+0000] {logging_mixin.py:151} INFO - [2023-08-24T04:35:21.866+0000] {dagbag.py:539} INFO - Filling up the DagBag from /usr/local/lib/python3.8/dist-packages/airflow/example_dags/example_dynamic_task_mapping.py
[2023-08-24T04:35:21.873+0000] {processor.py:839} INFO - DAG(s) dict_keys(['example_dynamic_task_mapping']) retrieved from /usr/local/lib/python3.8/dist-packages/airflow/example_dags/example_dynamic_task_mapping.py
[2023-08-24T04:35:21.889+0000] {logging_mixin.py:151} INFO - [2023-08-24T04:35:21.889+0000] {dag.py:2907} INFO - Sync 1 DAGs
[2023-08-24T04:35:21.905+0000] {logging_mixin.py:151} INFO - [2023-08-24T04:35:21.904+0000] {dag.py:3677} INFO - Setting next_dagrun for example_dynamic_task_mapping to 2022-03-04T00:00:00+00:00, run_after=2022-03-05T00:00:00+00:00
[2023-08-24T04:35:21.923+0000] {processor.py:179} INFO - Processing /usr/local/lib/python3.8/dist-packages/airflow/example_dags/example_dynamic_task_mapping.py took 0.064 seconds
[2023-08-24T04:36:20.130+0000] {processor.py:157} INFO - Started process (PID=42448) to work on /usr/local/lib/python3.8/dist-packages/airflow/example_dags/example_dynamic_task_mapping.py
[2023-08-24T04:36:20.134+0000] {processor.py:829} INFO - Processing file /usr/local/lib/python3.8/dist-packages/airflow/example_dags/example_dynamic_task_mapping.py for tasks to queue
[2023-08-24T04:36:20.135+0000] {logging_mixin.py:151} INFO - [2023-08-24T04:36:20.134+0000] {dagbag.py:539} INFO - Filling up the DagBag from /usr/local/lib/python3.8/dist-packages/airflow/example_dags/example_dynamic_task_mapping.py
[2023-08-24T04:36:20.141+0000] {processor.py:839} INFO - DAG(s) dict_keys(['example_dynamic_task_mapping']) retrieved from /usr/local/lib/python3.8/dist-packages/airflow/example_dags/example_dynamic_task_mapping.py
[2023-08-24T04:36:20.157+0000] {logging_mixin.py:151} INFO - [2023-08-24T04:36:20.157+0000] {dag.py:2907} INFO - Sync 1 DAGs
[2023-08-24T04:36:20.174+0000] {logging_mixin.py:151} INFO - [2023-08-24T04:36:20.173+0000] {dag.py:3677} INFO - Setting next_dagrun for example_dynamic_task_mapping to 2022-03-04T00:00:00+00:00, run_after=2022-03-05T00:00:00+00:00
[2023-08-24T04:36:20.190+0000] {processor.py:179} INFO - Processing /usr/local/lib/python3.8/dist-packages/airflow/example_dags/example_dynamic_task_mapping.py took 0.064 seconds
[2023-08-24T04:37:16.627+0000] {processor.py:157} INFO - Started process (PID=42631) to work on /usr/local/lib/python3.8/dist-packages/airflow/example_dags/example_dynamic_task_mapping.py
[2023-08-24T04:37:16.628+0000] {processor.py:829} INFO - Processing file /usr/local/lib/python3.8/dist-packages/airflow/example_dags/example_dynamic_task_mapping.py for tasks to queue
[2023-08-24T04:37:16.629+0000] {logging_mixin.py:151} INFO - [2023-08-24T04:37:16.628+0000] {dagbag.py:539} INFO - Filling up the DagBag from /usr/local/lib/python3.8/dist-packages/airflow/example_dags/example_dynamic_task_mapping.py
[2023-08-24T04:37:16.635+0000] {processor.py:839} INFO - DAG(s) dict_keys(['example_dynamic_task_mapping']) retrieved from /usr/local/lib/python3.8/dist-packages/airflow/example_dags/example_dynamic_task_mapping.py
[2023-08-24T04:37:16.650+0000] {logging_mixin.py:151} INFO - [2023-08-24T04:37:16.650+0000] {dag.py:2907} INFO - Sync 1 DAGs
[2023-08-24T04:37:16.666+0000] {logging_mixin.py:151} INFO - [2023-08-24T04:37:16.666+0000] {dag.py:3677} INFO - Setting next_dagrun for example_dynamic_task_mapping to 2022-03-04T00:00:00+00:00, run_after=2022-03-05T00:00:00+00:00
[2023-08-24T04:37:16.683+0000] {processor.py:179} INFO - Processing /usr/local/lib/python3.8/dist-packages/airflow/example_dags/example_dynamic_task_mapping.py took 0.060 seconds
[2023-08-24T04:38:13.140+0000] {processor.py:157} INFO - Started process (PID=42814) to work on /usr/local/lib/python3.8/dist-packages/airflow/example_dags/example_dynamic_task_mapping.py
[2023-08-24T04:38:13.142+0000] {processor.py:829} INFO - Processing file /usr/local/lib/python3.8/dist-packages/airflow/example_dags/example_dynamic_task_mapping.py for tasks to queue
[2023-08-24T04:38:13.143+0000] {logging_mixin.py:151} INFO - [2023-08-24T04:38:13.142+0000] {dagbag.py:539} INFO - Filling up the DagBag from /usr/local/lib/python3.8/dist-packages/airflow/example_dags/example_dynamic_task_mapping.py
[2023-08-24T04:38:13.149+0000] {processor.py:839} INFO - DAG(s) dict_keys(['example_dynamic_task_mapping']) retrieved from /usr/local/lib/python3.8/dist-packages/airflow/example_dags/example_dynamic_task_mapping.py
[2023-08-24T04:38:13.164+0000] {logging_mixin.py:151} INFO - [2023-08-24T04:38:13.164+0000] {dag.py:2907} INFO - Sync 1 DAGs
[2023-08-24T04:38:13.180+0000] {logging_mixin.py:151} INFO - [2023-08-24T04:38:13.180+0000] {dag.py:3677} INFO - Setting next_dagrun for example_dynamic_task_mapping to 2022-03-04T00:00:00+00:00, run_after=2022-03-05T00:00:00+00:00
[2023-08-24T04:38:13.199+0000] {processor.py:179} INFO - Processing /usr/local/lib/python3.8/dist-packages/airflow/example_dags/example_dynamic_task_mapping.py took 0.063 seconds
[2023-08-24T04:39:13.972+0000] {processor.py:157} INFO - Started process (PID=42999) to work on /usr/local/lib/python3.8/dist-packages/airflow/example_dags/example_dynamic_task_mapping.py
[2023-08-24T04:39:13.975+0000] {processor.py:829} INFO - Processing file /usr/local/lib/python3.8/dist-packages/airflow/example_dags/example_dynamic_task_mapping.py for tasks to queue
[2023-08-24T04:39:13.976+0000] {logging_mixin.py:151} INFO - [2023-08-24T04:39:13.975+0000] {dagbag.py:539} INFO - Filling up the DagBag from /usr/local/lib/python3.8/dist-packages/airflow/example_dags/example_dynamic_task_mapping.py
[2023-08-24T04:39:13.982+0000] {processor.py:839} INFO - DAG(s) dict_keys(['example_dynamic_task_mapping']) retrieved from /usr/local/lib/python3.8/dist-packages/airflow/example_dags/example_dynamic_task_mapping.py
[2023-08-24T04:39:13.998+0000] {logging_mixin.py:151} INFO - [2023-08-24T04:39:13.997+0000] {dag.py:2907} INFO - Sync 1 DAGs
[2023-08-24T04:39:14.013+0000] {logging_mixin.py:151} INFO - [2023-08-24T04:39:14.013+0000] {dag.py:3677} INFO - Setting next_dagrun for example_dynamic_task_mapping to 2022-03-04T00:00:00+00:00, run_after=2022-03-05T00:00:00+00:00
[2023-08-24T04:39:14.030+0000] {processor.py:179} INFO - Processing /usr/local/lib/python3.8/dist-packages/airflow/example_dags/example_dynamic_task_mapping.py took 0.062 seconds
[2023-08-24T04:40:14.244+0000] {processor.py:157} INFO - Started process (PID=43195) to work on /usr/local/lib/python3.8/dist-packages/airflow/example_dags/example_dynamic_task_mapping.py
[2023-08-24T04:40:14.245+0000] {processor.py:829} INFO - Processing file /usr/local/lib/python3.8/dist-packages/airflow/example_dags/example_dynamic_task_mapping.py for tasks to queue
[2023-08-24T04:40:14.246+0000] {logging_mixin.py:151} INFO - [2023-08-24T04:40:14.246+0000] {dagbag.py:539} INFO - Filling up the DagBag from /usr/local/lib/python3.8/dist-packages/airflow/example_dags/example_dynamic_task_mapping.py
[2023-08-24T04:40:14.253+0000] {processor.py:839} INFO - DAG(s) dict_keys(['example_dynamic_task_mapping']) retrieved from /usr/local/lib/python3.8/dist-packages/airflow/example_dags/example_dynamic_task_mapping.py
[2023-08-24T04:40:14.270+0000] {logging_mixin.py:151} INFO - [2023-08-24T04:40:14.270+0000] {dag.py:2907} INFO - Sync 1 DAGs
[2023-08-24T04:40:14.287+0000] {logging_mixin.py:151} INFO - [2023-08-24T04:40:14.287+0000] {dag.py:3677} INFO - Setting next_dagrun for example_dynamic_task_mapping to 2022-03-04T00:00:00+00:00, run_after=2022-03-05T00:00:00+00:00
[2023-08-24T04:40:14.304+0000] {processor.py:179} INFO - Processing /usr/local/lib/python3.8/dist-packages/airflow/example_dags/example_dynamic_task_mapping.py took 0.064 seconds
[2023-08-24T04:41:14.926+0000] {processor.py:157} INFO - Started process (PID=43379) to work on /usr/local/lib/python3.8/dist-packages/airflow/example_dags/example_dynamic_task_mapping.py
[2023-08-24T04:41:14.927+0000] {processor.py:829} INFO - Processing file /usr/local/lib/python3.8/dist-packages/airflow/example_dags/example_dynamic_task_mapping.py for tasks to queue
[2023-08-24T04:41:14.928+0000] {logging_mixin.py:151} INFO - [2023-08-24T04:41:14.928+0000] {dagbag.py:539} INFO - Filling up the DagBag from /usr/local/lib/python3.8/dist-packages/airflow/example_dags/example_dynamic_task_mapping.py
[2023-08-24T04:41:14.934+0000] {processor.py:839} INFO - DAG(s) dict_keys(['example_dynamic_task_mapping']) retrieved from /usr/local/lib/python3.8/dist-packages/airflow/example_dags/example_dynamic_task_mapping.py
[2023-08-24T04:41:14.949+0000] {logging_mixin.py:151} INFO - [2023-08-24T04:41:14.949+0000] {dag.py:2907} INFO - Sync 1 DAGs
[2023-08-24T04:41:14.965+0000] {logging_mixin.py:151} INFO - [2023-08-24T04:41:14.965+0000] {dag.py:3677} INFO - Setting next_dagrun for example_dynamic_task_mapping to 2022-03-04T00:00:00+00:00, run_after=2022-03-05T00:00:00+00:00
[2023-08-24T04:41:14.982+0000] {processor.py:179} INFO - Processing /usr/local/lib/python3.8/dist-packages/airflow/example_dags/example_dynamic_task_mapping.py took 0.060 seconds
[2023-08-24T04:42:14.978+0000] {processor.py:157} INFO - Started process (PID=43563) to work on /usr/local/lib/python3.8/dist-packages/airflow/example_dags/example_dynamic_task_mapping.py
[2023-08-24T04:42:14.979+0000] {processor.py:829} INFO - Processing file /usr/local/lib/python3.8/dist-packages/airflow/example_dags/example_dynamic_task_mapping.py for tasks to queue
[2023-08-24T04:42:14.980+0000] {logging_mixin.py:151} INFO - [2023-08-24T04:42:14.980+0000] {dagbag.py:539} INFO - Filling up the DagBag from /usr/local/lib/python3.8/dist-packages/airflow/example_dags/example_dynamic_task_mapping.py
[2023-08-24T04:42:14.986+0000] {processor.py:839} INFO - DAG(s) dict_keys(['example_dynamic_task_mapping']) retrieved from /usr/local/lib/python3.8/dist-packages/airflow/example_dags/example_dynamic_task_mapping.py
[2023-08-24T04:42:15.002+0000] {logging_mixin.py:151} INFO - [2023-08-24T04:42:15.002+0000] {dag.py:2907} INFO - Sync 1 DAGs
[2023-08-24T04:42:15.017+0000] {logging_mixin.py:151} INFO - [2023-08-24T04:42:15.017+0000] {dag.py:3677} INFO - Setting next_dagrun for example_dynamic_task_mapping to 2022-03-04T00:00:00+00:00, run_after=2022-03-05T00:00:00+00:00
[2023-08-24T04:42:15.034+0000] {processor.py:179} INFO - Processing /usr/local/lib/python3.8/dist-packages/airflow/example_dags/example_dynamic_task_mapping.py took 0.060 seconds
[2023-08-24T04:43:14.272+0000] {processor.py:157} INFO - Started process (PID=43750) to work on /usr/local/lib/python3.8/dist-packages/airflow/example_dags/example_dynamic_task_mapping.py
[2023-08-24T04:43:14.274+0000] {processor.py:829} INFO - Processing file /usr/local/lib/python3.8/dist-packages/airflow/example_dags/example_dynamic_task_mapping.py for tasks to queue
[2023-08-24T04:43:14.275+0000] {logging_mixin.py:151} INFO - [2023-08-24T04:43:14.274+0000] {dagbag.py:539} INFO - Filling up the DagBag from /usr/local/lib/python3.8/dist-packages/airflow/example_dags/example_dynamic_task_mapping.py
[2023-08-24T04:43:14.281+0000] {processor.py:839} INFO - DAG(s) dict_keys(['example_dynamic_task_mapping']) retrieved from /usr/local/lib/python3.8/dist-packages/airflow/example_dags/example_dynamic_task_mapping.py
[2023-08-24T04:43:14.296+0000] {logging_mixin.py:151} INFO - [2023-08-24T04:43:14.296+0000] {dag.py:2907} INFO - Sync 1 DAGs
[2023-08-24T04:43:14.312+0000] {logging_mixin.py:151} INFO - [2023-08-24T04:43:14.312+0000] {dag.py:3677} INFO - Setting next_dagrun for example_dynamic_task_mapping to 2022-03-04T00:00:00+00:00, run_after=2022-03-05T00:00:00+00:00
[2023-08-24T04:43:14.329+0000] {processor.py:179} INFO - Processing /usr/local/lib/python3.8/dist-packages/airflow/example_dags/example_dynamic_task_mapping.py took 0.060 seconds
[2023-08-24T04:44:15.155+0000] {processor.py:157} INFO - Started process (PID=43934) to work on /usr/local/lib/python3.8/dist-packages/airflow/example_dags/example_dynamic_task_mapping.py
[2023-08-24T04:44:15.156+0000] {processor.py:829} INFO - Processing file /usr/local/lib/python3.8/dist-packages/airflow/example_dags/example_dynamic_task_mapping.py for tasks to queue
[2023-08-24T04:44:15.157+0000] {logging_mixin.py:151} INFO - [2023-08-24T04:44:15.157+0000] {dagbag.py:539} INFO - Filling up the DagBag from /usr/local/lib/python3.8/dist-packages/airflow/example_dags/example_dynamic_task_mapping.py
[2023-08-24T04:44:15.164+0000] {processor.py:839} INFO - DAG(s) dict_keys(['example_dynamic_task_mapping']) retrieved from /usr/local/lib/python3.8/dist-packages/airflow/example_dags/example_dynamic_task_mapping.py
[2023-08-24T04:44:15.180+0000] {logging_mixin.py:151} INFO - [2023-08-24T04:44:15.180+0000] {dag.py:2907} INFO - Sync 1 DAGs
[2023-08-24T04:44:15.196+0000] {logging_mixin.py:151} INFO - [2023-08-24T04:44:15.196+0000] {dag.py:3677} INFO - Setting next_dagrun for example_dynamic_task_mapping to 2022-03-04T00:00:00+00:00, run_after=2022-03-05T00:00:00+00:00
[2023-08-24T04:44:15.213+0000] {processor.py:179} INFO - Processing /usr/local/lib/python3.8/dist-packages/airflow/example_dags/example_dynamic_task_mapping.py took 0.062 seconds
[2023-08-24T04:45:16.217+0000] {processor.py:157} INFO - Started process (PID=44119) to work on /usr/local/lib/python3.8/dist-packages/airflow/example_dags/example_dynamic_task_mapping.py
[2023-08-24T04:45:16.219+0000] {processor.py:829} INFO - Processing file /usr/local/lib/python3.8/dist-packages/airflow/example_dags/example_dynamic_task_mapping.py for tasks to queue
[2023-08-24T04:45:16.219+0000] {logging_mixin.py:151} INFO - [2023-08-24T04:45:16.219+0000] {dagbag.py:539} INFO - Filling up the DagBag from /usr/local/lib/python3.8/dist-packages/airflow/example_dags/example_dynamic_task_mapping.py
[2023-08-24T04:45:16.226+0000] {processor.py:839} INFO - DAG(s) dict_keys(['example_dynamic_task_mapping']) retrieved from /usr/local/lib/python3.8/dist-packages/airflow/example_dags/example_dynamic_task_mapping.py
[2023-08-24T04:45:16.242+0000] {logging_mixin.py:151} INFO - [2023-08-24T04:45:16.242+0000] {dag.py:2907} INFO - Sync 1 DAGs
[2023-08-24T04:45:16.257+0000] {logging_mixin.py:151} INFO - [2023-08-24T04:45:16.257+0000] {dag.py:3677} INFO - Setting next_dagrun for example_dynamic_task_mapping to 2022-03-04T00:00:00+00:00, run_after=2022-03-05T00:00:00+00:00
[2023-08-24T04:45:16.275+0000] {processor.py:179} INFO - Processing /usr/local/lib/python3.8/dist-packages/airflow/example_dags/example_dynamic_task_mapping.py took 0.062 seconds
[2023-08-24T04:46:17.697+0000] {processor.py:157} INFO - Started process (PID=44302) to work on /usr/local/lib/python3.8/dist-packages/airflow/example_dags/example_dynamic_task_mapping.py
[2023-08-24T04:46:17.699+0000] {processor.py:829} INFO - Processing file /usr/local/lib/python3.8/dist-packages/airflow/example_dags/example_dynamic_task_mapping.py for tasks to queue
[2023-08-24T04:46:17.700+0000] {logging_mixin.py:151} INFO - [2023-08-24T04:46:17.699+0000] {dagbag.py:539} INFO - Filling up the DagBag from /usr/local/lib/python3.8/dist-packages/airflow/example_dags/example_dynamic_task_mapping.py
[2023-08-24T04:46:17.706+0000] {processor.py:839} INFO - DAG(s) dict_keys(['example_dynamic_task_mapping']) retrieved from /usr/local/lib/python3.8/dist-packages/airflow/example_dags/example_dynamic_task_mapping.py
[2023-08-24T04:46:17.722+0000] {logging_mixin.py:151} INFO - [2023-08-24T04:46:17.722+0000] {dag.py:2907} INFO - Sync 1 DAGs
[2023-08-24T04:46:17.738+0000] {logging_mixin.py:151} INFO - [2023-08-24T04:46:17.738+0000] {dag.py:3677} INFO - Setting next_dagrun for example_dynamic_task_mapping to 2022-03-04T00:00:00+00:00, run_after=2022-03-05T00:00:00+00:00
[2023-08-24T04:46:17.756+0000] {processor.py:179} INFO - Processing /usr/local/lib/python3.8/dist-packages/airflow/example_dags/example_dynamic_task_mapping.py took 0.062 seconds
[2023-08-24T04:47:19.740+0000] {processor.py:157} INFO - Started process (PID=44485) to work on /usr/local/lib/python3.8/dist-packages/airflow/example_dags/example_dynamic_task_mapping.py
[2023-08-24T04:47:19.742+0000] {processor.py:829} INFO - Processing file /usr/local/lib/python3.8/dist-packages/airflow/example_dags/example_dynamic_task_mapping.py for tasks to queue
[2023-08-24T04:47:19.742+0000] {logging_mixin.py:151} INFO - [2023-08-24T04:47:19.742+0000] {dagbag.py:539} INFO - Filling up the DagBag from /usr/local/lib/python3.8/dist-packages/airflow/example_dags/example_dynamic_task_mapping.py
[2023-08-24T04:47:19.749+0000] {processor.py:839} INFO - DAG(s) dict_keys(['example_dynamic_task_mapping']) retrieved from /usr/local/lib/python3.8/dist-packages/airflow/example_dags/example_dynamic_task_mapping.py
[2023-08-24T04:47:19.764+0000] {logging_mixin.py:151} INFO - [2023-08-24T04:47:19.764+0000] {dag.py:2907} INFO - Sync 1 DAGs
[2023-08-24T04:47:19.780+0000] {logging_mixin.py:151} INFO - [2023-08-24T04:47:19.780+0000] {dag.py:3677} INFO - Setting next_dagrun for example_dynamic_task_mapping to 2022-03-04T00:00:00+00:00, run_after=2022-03-05T00:00:00+00:00
[2023-08-24T04:47:19.797+0000] {processor.py:179} INFO - Processing /usr/local/lib/python3.8/dist-packages/airflow/example_dags/example_dynamic_task_mapping.py took 0.060 seconds
[2023-08-24T04:48:20.718+0000] {processor.py:157} INFO - Started process (PID=44669) to work on /usr/local/lib/python3.8/dist-packages/airflow/example_dags/example_dynamic_task_mapping.py
[2023-08-24T04:48:20.720+0000] {processor.py:829} INFO - Processing file /usr/local/lib/python3.8/dist-packages/airflow/example_dags/example_dynamic_task_mapping.py for tasks to queue
[2023-08-24T04:48:20.721+0000] {logging_mixin.py:151} INFO - [2023-08-24T04:48:20.720+0000] {dagbag.py:539} INFO - Filling up the DagBag from /usr/local/lib/python3.8/dist-packages/airflow/example_dags/example_dynamic_task_mapping.py
[2023-08-24T04:48:20.727+0000] {processor.py:839} INFO - DAG(s) dict_keys(['example_dynamic_task_mapping']) retrieved from /usr/local/lib/python3.8/dist-packages/airflow/example_dags/example_dynamic_task_mapping.py
[2023-08-24T04:48:20.743+0000] {logging_mixin.py:151} INFO - [2023-08-24T04:48:20.743+0000] {dag.py:2907} INFO - Sync 1 DAGs
[2023-08-24T04:48:20.760+0000] {logging_mixin.py:151} INFO - [2023-08-24T04:48:20.760+0000] {dag.py:3677} INFO - Setting next_dagrun for example_dynamic_task_mapping to 2022-03-04T00:00:00+00:00, run_after=2022-03-05T00:00:00+00:00
[2023-08-24T04:48:20.778+0000] {processor.py:179} INFO - Processing /usr/local/lib/python3.8/dist-packages/airflow/example_dags/example_dynamic_task_mapping.py took 0.063 seconds
[2023-08-24T04:49:23.389+0000] {processor.py:157} INFO - Started process (PID=44853) to work on /usr/local/lib/python3.8/dist-packages/airflow/example_dags/example_dynamic_task_mapping.py
[2023-08-24T04:49:23.390+0000] {processor.py:829} INFO - Processing file /usr/local/lib/python3.8/dist-packages/airflow/example_dags/example_dynamic_task_mapping.py for tasks to queue
[2023-08-24T04:49:23.391+0000] {logging_mixin.py:151} INFO - [2023-08-24T04:49:23.391+0000] {dagbag.py:539} INFO - Filling up the DagBag from /usr/local/lib/python3.8/dist-packages/airflow/example_dags/example_dynamic_task_mapping.py
[2023-08-24T04:49:23.398+0000] {processor.py:839} INFO - DAG(s) dict_keys(['example_dynamic_task_mapping']) retrieved from /usr/local/lib/python3.8/dist-packages/airflow/example_dags/example_dynamic_task_mapping.py
[2023-08-24T04:49:23.414+0000] {logging_mixin.py:151} INFO - [2023-08-24T04:49:23.414+0000] {dag.py:2907} INFO - Sync 1 DAGs
[2023-08-24T04:49:23.431+0000] {logging_mixin.py:151} INFO - [2023-08-24T04:49:23.431+0000] {dag.py:3677} INFO - Setting next_dagrun for example_dynamic_task_mapping to 2022-03-04T00:00:00+00:00, run_after=2022-03-05T00:00:00+00:00
[2023-08-24T04:49:23.450+0000] {processor.py:179} INFO - Processing /usr/local/lib/python3.8/dist-packages/airflow/example_dags/example_dynamic_task_mapping.py took 0.065 seconds
[2023-08-24T04:50:21.816+0000] {processor.py:157} INFO - Started process (PID=45037) to work on /usr/local/lib/python3.8/dist-packages/airflow/example_dags/example_dynamic_task_mapping.py
[2023-08-24T04:50:21.818+0000] {processor.py:829} INFO - Processing file /usr/local/lib/python3.8/dist-packages/airflow/example_dags/example_dynamic_task_mapping.py for tasks to queue
[2023-08-24T04:50:21.819+0000] {logging_mixin.py:151} INFO - [2023-08-24T04:50:21.819+0000] {dagbag.py:539} INFO - Filling up the DagBag from /usr/local/lib/python3.8/dist-packages/airflow/example_dags/example_dynamic_task_mapping.py
[2023-08-24T04:50:21.825+0000] {processor.py:839} INFO - DAG(s) dict_keys(['example_dynamic_task_mapping']) retrieved from /usr/local/lib/python3.8/dist-packages/airflow/example_dags/example_dynamic_task_mapping.py
[2023-08-24T04:50:21.842+0000] {logging_mixin.py:151} INFO - [2023-08-24T04:50:21.841+0000] {dag.py:2907} INFO - Sync 1 DAGs
[2023-08-24T04:50:21.858+0000] {logging_mixin.py:151} INFO - [2023-08-24T04:50:21.858+0000] {dag.py:3677} INFO - Setting next_dagrun for example_dynamic_task_mapping to 2022-03-04T00:00:00+00:00, run_after=2022-03-05T00:00:00+00:00
[2023-08-24T04:50:21.876+0000] {processor.py:179} INFO - Processing /usr/local/lib/python3.8/dist-packages/airflow/example_dags/example_dynamic_task_mapping.py took 0.063 seconds
[2023-08-24T04:51:20.242+0000] {processor.py:157} INFO - Started process (PID=45219) to work on /usr/local/lib/python3.8/dist-packages/airflow/example_dags/example_dynamic_task_mapping.py
[2023-08-24T04:51:20.244+0000] {processor.py:829} INFO - Processing file /usr/local/lib/python3.8/dist-packages/airflow/example_dags/example_dynamic_task_mapping.py for tasks to queue
[2023-08-24T04:51:20.245+0000] {logging_mixin.py:151} INFO - [2023-08-24T04:51:20.244+0000] {dagbag.py:539} INFO - Filling up the DagBag from /usr/local/lib/python3.8/dist-packages/airflow/example_dags/example_dynamic_task_mapping.py
[2023-08-24T04:51:20.251+0000] {processor.py:839} INFO - DAG(s) dict_keys(['example_dynamic_task_mapping']) retrieved from /usr/local/lib/python3.8/dist-packages/airflow/example_dags/example_dynamic_task_mapping.py
[2023-08-24T04:51:20.267+0000] {logging_mixin.py:151} INFO - [2023-08-24T04:51:20.267+0000] {dag.py:2907} INFO - Sync 1 DAGs
[2023-08-24T04:51:20.283+0000] {logging_mixin.py:151} INFO - [2023-08-24T04:51:20.282+0000] {dag.py:3677} INFO - Setting next_dagrun for example_dynamic_task_mapping to 2022-03-04T00:00:00+00:00, run_after=2022-03-05T00:00:00+00:00
[2023-08-24T04:51:20.300+0000] {processor.py:179} INFO - Processing /usr/local/lib/python3.8/dist-packages/airflow/example_dags/example_dynamic_task_mapping.py took 0.061 seconds
[2023-08-24T04:52:22.454+0000] {processor.py:157} INFO - Started process (PID=45402) to work on /usr/local/lib/python3.8/dist-packages/airflow/example_dags/example_dynamic_task_mapping.py
[2023-08-24T04:52:22.456+0000] {processor.py:829} INFO - Processing file /usr/local/lib/python3.8/dist-packages/airflow/example_dags/example_dynamic_task_mapping.py for tasks to queue
[2023-08-24T04:52:22.457+0000] {logging_mixin.py:151} INFO - [2023-08-24T04:52:22.456+0000] {dagbag.py:539} INFO - Filling up the DagBag from /usr/local/lib/python3.8/dist-packages/airflow/example_dags/example_dynamic_task_mapping.py
[2023-08-24T04:52:22.463+0000] {processor.py:839} INFO - DAG(s) dict_keys(['example_dynamic_task_mapping']) retrieved from /usr/local/lib/python3.8/dist-packages/airflow/example_dags/example_dynamic_task_mapping.py
[2023-08-24T04:52:22.479+0000] {logging_mixin.py:151} INFO - [2023-08-24T04:52:22.478+0000] {dag.py:2907} INFO - Sync 1 DAGs
[2023-08-24T04:52:22.494+0000] {logging_mixin.py:151} INFO - [2023-08-24T04:52:22.494+0000] {dag.py:3677} INFO - Setting next_dagrun for example_dynamic_task_mapping to 2022-03-04T00:00:00+00:00, run_after=2022-03-05T00:00:00+00:00
[2023-08-24T04:52:22.512+0000] {processor.py:179} INFO - Processing /usr/local/lib/python3.8/dist-packages/airflow/example_dags/example_dynamic_task_mapping.py took 0.061 seconds
[2023-08-24T04:53:25.037+0000] {processor.py:157} INFO - Started process (PID=45591) to work on /usr/local/lib/python3.8/dist-packages/airflow/example_dags/example_dynamic_task_mapping.py
[2023-08-24T04:53:25.039+0000] {processor.py:829} INFO - Processing file /usr/local/lib/python3.8/dist-packages/airflow/example_dags/example_dynamic_task_mapping.py for tasks to queue
[2023-08-24T04:53:25.040+0000] {logging_mixin.py:151} INFO - [2023-08-24T04:53:25.039+0000] {dagbag.py:539} INFO - Filling up the DagBag from /usr/local/lib/python3.8/dist-packages/airflow/example_dags/example_dynamic_task_mapping.py
[2023-08-24T04:53:25.046+0000] {processor.py:839} INFO - DAG(s) dict_keys(['example_dynamic_task_mapping']) retrieved from /usr/local/lib/python3.8/dist-packages/airflow/example_dags/example_dynamic_task_mapping.py
[2023-08-24T04:53:25.061+0000] {logging_mixin.py:151} INFO - [2023-08-24T04:53:25.061+0000] {dag.py:2907} INFO - Sync 1 DAGs
[2023-08-24T04:53:25.077+0000] {logging_mixin.py:151} INFO - [2023-08-24T04:53:25.077+0000] {dag.py:3677} INFO - Setting next_dagrun for example_dynamic_task_mapping to 2022-03-04T00:00:00+00:00, run_after=2022-03-05T00:00:00+00:00
[2023-08-24T04:53:25.094+0000] {processor.py:179} INFO - Processing /usr/local/lib/python3.8/dist-packages/airflow/example_dags/example_dynamic_task_mapping.py took 0.060 seconds
[2023-08-24T04:54:25.260+0000] {processor.py:157} INFO - Started process (PID=45774) to work on /usr/local/lib/python3.8/dist-packages/airflow/example_dags/example_dynamic_task_mapping.py
[2023-08-24T04:54:25.262+0000] {processor.py:829} INFO - Processing file /usr/local/lib/python3.8/dist-packages/airflow/example_dags/example_dynamic_task_mapping.py for tasks to queue
[2023-08-24T04:54:25.263+0000] {logging_mixin.py:151} INFO - [2023-08-24T04:54:25.262+0000] {dagbag.py:539} INFO - Filling up the DagBag from /usr/local/lib/python3.8/dist-packages/airflow/example_dags/example_dynamic_task_mapping.py
[2023-08-24T04:54:25.269+0000] {processor.py:839} INFO - DAG(s) dict_keys(['example_dynamic_task_mapping']) retrieved from /usr/local/lib/python3.8/dist-packages/airflow/example_dags/example_dynamic_task_mapping.py
[2023-08-24T04:54:25.285+0000] {logging_mixin.py:151} INFO - [2023-08-24T04:54:25.285+0000] {dag.py:2907} INFO - Sync 1 DAGs
[2023-08-24T04:54:25.301+0000] {logging_mixin.py:151} INFO - [2023-08-24T04:54:25.301+0000] {dag.py:3677} INFO - Setting next_dagrun for example_dynamic_task_mapping to 2022-03-04T00:00:00+00:00, run_after=2022-03-05T00:00:00+00:00
[2023-08-24T04:54:25.318+0000] {processor.py:179} INFO - Processing /usr/local/lib/python3.8/dist-packages/airflow/example_dags/example_dynamic_task_mapping.py took 0.061 seconds
[2023-08-24T04:55:25.734+0000] {processor.py:157} INFO - Started process (PID=45957) to work on /usr/local/lib/python3.8/dist-packages/airflow/example_dags/example_dynamic_task_mapping.py
[2023-08-24T04:55:25.735+0000] {processor.py:829} INFO - Processing file /usr/local/lib/python3.8/dist-packages/airflow/example_dags/example_dynamic_task_mapping.py for tasks to queue
[2023-08-24T04:55:25.736+0000] {logging_mixin.py:151} INFO - [2023-08-24T04:55:25.736+0000] {dagbag.py:539} INFO - Filling up the DagBag from /usr/local/lib/python3.8/dist-packages/airflow/example_dags/example_dynamic_task_mapping.py
[2023-08-24T04:55:25.742+0000] {processor.py:839} INFO - DAG(s) dict_keys(['example_dynamic_task_mapping']) retrieved from /usr/local/lib/python3.8/dist-packages/airflow/example_dags/example_dynamic_task_mapping.py
[2023-08-24T04:55:25.758+0000] {logging_mixin.py:151} INFO - [2023-08-24T04:55:25.758+0000] {dag.py:2907} INFO - Sync 1 DAGs
[2023-08-24T04:55:25.775+0000] {logging_mixin.py:151} INFO - [2023-08-24T04:55:25.774+0000] {dag.py:3677} INFO - Setting next_dagrun for example_dynamic_task_mapping to 2022-03-04T00:00:00+00:00, run_after=2022-03-05T00:00:00+00:00
[2023-08-24T04:55:25.792+0000] {processor.py:179} INFO - Processing /usr/local/lib/python3.8/dist-packages/airflow/example_dags/example_dynamic_task_mapping.py took 0.062 seconds
[2023-08-24T04:56:30.207+0000] {processor.py:157} INFO - Started process (PID=46145) to work on /usr/local/lib/python3.8/dist-packages/airflow/example_dags/example_dynamic_task_mapping.py
[2023-08-24T04:56:30.209+0000] {processor.py:829} INFO - Processing file /usr/local/lib/python3.8/dist-packages/airflow/example_dags/example_dynamic_task_mapping.py for tasks to queue
[2023-08-24T04:56:30.210+0000] {logging_mixin.py:151} INFO - [2023-08-24T04:56:30.210+0000] {dagbag.py:539} INFO - Filling up the DagBag from /usr/local/lib/python3.8/dist-packages/airflow/example_dags/example_dynamic_task_mapping.py
[2023-08-24T04:56:30.216+0000] {processor.py:839} INFO - DAG(s) dict_keys(['example_dynamic_task_mapping']) retrieved from /usr/local/lib/python3.8/dist-packages/airflow/example_dags/example_dynamic_task_mapping.py
[2023-08-24T04:56:30.233+0000] {logging_mixin.py:151} INFO - [2023-08-24T04:56:30.232+0000] {dag.py:2907} INFO - Sync 1 DAGs
[2023-08-24T04:56:30.249+0000] {logging_mixin.py:151} INFO - [2023-08-24T04:56:30.248+0000] {dag.py:3677} INFO - Setting next_dagrun for example_dynamic_task_mapping to 2022-03-04T00:00:00+00:00, run_after=2022-03-05T00:00:00+00:00
[2023-08-24T04:56:30.266+0000] {processor.py:179} INFO - Processing /usr/local/lib/python3.8/dist-packages/airflow/example_dags/example_dynamic_task_mapping.py took 0.063 seconds
[2023-08-24T04:57:33.404+0000] {processor.py:157} INFO - Started process (PID=46341) to work on /usr/local/lib/python3.8/dist-packages/airflow/example_dags/example_dynamic_task_mapping.py
[2023-08-24T04:57:33.405+0000] {processor.py:829} INFO - Processing file /usr/local/lib/python3.8/dist-packages/airflow/example_dags/example_dynamic_task_mapping.py for tasks to queue
[2023-08-24T04:57:33.406+0000] {logging_mixin.py:151} INFO - [2023-08-24T04:57:33.406+0000] {dagbag.py:539} INFO - Filling up the DagBag from /usr/local/lib/python3.8/dist-packages/airflow/example_dags/example_dynamic_task_mapping.py
[2023-08-24T04:57:33.412+0000] {processor.py:839} INFO - DAG(s) dict_keys(['example_dynamic_task_mapping']) retrieved from /usr/local/lib/python3.8/dist-packages/airflow/example_dags/example_dynamic_task_mapping.py
[2023-08-24T04:57:33.428+0000] {logging_mixin.py:151} INFO - [2023-08-24T04:57:33.428+0000] {dag.py:2907} INFO - Sync 1 DAGs
[2023-08-24T04:57:33.554+0000] {logging_mixin.py:151} INFO - [2023-08-24T04:57:33.553+0000] {dag.py:3677} INFO - Setting next_dagrun for example_dynamic_task_mapping to 2022-03-04T00:00:00+00:00, run_after=2022-03-05T00:00:00+00:00
[2023-08-24T04:57:33.570+0000] {processor.py:179} INFO - Processing /usr/local/lib/python3.8/dist-packages/airflow/example_dags/example_dynamic_task_mapping.py took 0.169 seconds
[2023-08-24T04:58:35.720+0000] {processor.py:157} INFO - Started process (PID=46525) to work on /usr/local/lib/python3.8/dist-packages/airflow/example_dags/example_dynamic_task_mapping.py
[2023-08-24T04:58:35.721+0000] {processor.py:829} INFO - Processing file /usr/local/lib/python3.8/dist-packages/airflow/example_dags/example_dynamic_task_mapping.py for tasks to queue
[2023-08-24T04:58:35.722+0000] {logging_mixin.py:151} INFO - [2023-08-24T04:58:35.722+0000] {dagbag.py:539} INFO - Filling up the DagBag from /usr/local/lib/python3.8/dist-packages/airflow/example_dags/example_dynamic_task_mapping.py
[2023-08-24T04:58:35.729+0000] {processor.py:839} INFO - DAG(s) dict_keys(['example_dynamic_task_mapping']) retrieved from /usr/local/lib/python3.8/dist-packages/airflow/example_dags/example_dynamic_task_mapping.py
[2023-08-24T04:58:35.744+0000] {logging_mixin.py:151} INFO - [2023-08-24T04:58:35.744+0000] {dag.py:2907} INFO - Sync 1 DAGs
[2023-08-24T04:58:35.759+0000] {logging_mixin.py:151} INFO - [2023-08-24T04:58:35.759+0000] {dag.py:3677} INFO - Setting next_dagrun for example_dynamic_task_mapping to 2022-03-04T00:00:00+00:00, run_after=2022-03-05T00:00:00+00:00
[2023-08-24T04:58:35.776+0000] {processor.py:179} INFO - Processing /usr/local/lib/python3.8/dist-packages/airflow/example_dags/example_dynamic_task_mapping.py took 0.060 seconds
[2023-08-24T04:59:40.752+0000] {processor.py:157} INFO - Started process (PID=46708) to work on /usr/local/lib/python3.8/dist-packages/airflow/example_dags/example_dynamic_task_mapping.py
[2023-08-24T04:59:40.754+0000] {processor.py:829} INFO - Processing file /usr/local/lib/python3.8/dist-packages/airflow/example_dags/example_dynamic_task_mapping.py for tasks to queue
[2023-08-24T04:59:40.755+0000] {logging_mixin.py:151} INFO - [2023-08-24T04:59:40.754+0000] {dagbag.py:539} INFO - Filling up the DagBag from /usr/local/lib/python3.8/dist-packages/airflow/example_dags/example_dynamic_task_mapping.py
[2023-08-24T04:59:40.761+0000] {processor.py:839} INFO - DAG(s) dict_keys(['example_dynamic_task_mapping']) retrieved from /usr/local/lib/python3.8/dist-packages/airflow/example_dags/example_dynamic_task_mapping.py
[2023-08-24T04:59:40.777+0000] {logging_mixin.py:151} INFO - [2023-08-24T04:59:40.777+0000] {dag.py:2907} INFO - Sync 1 DAGs
[2023-08-24T04:59:40.792+0000] {logging_mixin.py:151} INFO - [2023-08-24T04:59:40.792+0000] {dag.py:3677} INFO - Setting next_dagrun for example_dynamic_task_mapping to 2022-03-04T00:00:00+00:00, run_after=2022-03-05T00:00:00+00:00
[2023-08-24T04:59:40.809+0000] {processor.py:179} INFO - Processing /usr/local/lib/python3.8/dist-packages/airflow/example_dags/example_dynamic_task_mapping.py took 0.060 seconds
[2023-08-24T05:00:40.277+0000] {processor.py:157} INFO - Started process (PID=46892) to work on /usr/local/lib/python3.8/dist-packages/airflow/example_dags/example_dynamic_task_mapping.py
[2023-08-24T05:00:40.281+0000] {processor.py:829} INFO - Processing file /usr/local/lib/python3.8/dist-packages/airflow/example_dags/example_dynamic_task_mapping.py for tasks to queue
[2023-08-24T05:00:40.282+0000] {logging_mixin.py:151} INFO - [2023-08-24T05:00:40.282+0000] {dagbag.py:539} INFO - Filling up the DagBag from /usr/local/lib/python3.8/dist-packages/airflow/example_dags/example_dynamic_task_mapping.py
[2023-08-24T05:00:40.288+0000] {processor.py:839} INFO - DAG(s) dict_keys(['example_dynamic_task_mapping']) retrieved from /usr/local/lib/python3.8/dist-packages/airflow/example_dags/example_dynamic_task_mapping.py
[2023-08-24T05:00:40.304+0000] {logging_mixin.py:151} INFO - [2023-08-24T05:00:40.304+0000] {dag.py:2907} INFO - Sync 1 DAGs
[2023-08-24T05:00:40.320+0000] {logging_mixin.py:151} INFO - [2023-08-24T05:00:40.320+0000] {dag.py:3677} INFO - Setting next_dagrun for example_dynamic_task_mapping to 2022-03-04T00:00:00+00:00, run_after=2022-03-05T00:00:00+00:00
[2023-08-24T05:00:40.337+0000] {processor.py:179} INFO - Processing /usr/local/lib/python3.8/dist-packages/airflow/example_dags/example_dynamic_task_mapping.py took 0.063 seconds
[2023-08-24T05:01:40.528+0000] {processor.py:157} INFO - Started process (PID=47089) to work on /usr/local/lib/python3.8/dist-packages/airflow/example_dags/example_dynamic_task_mapping.py
[2023-08-24T05:01:40.529+0000] {processor.py:829} INFO - Processing file /usr/local/lib/python3.8/dist-packages/airflow/example_dags/example_dynamic_task_mapping.py for tasks to queue
[2023-08-24T05:01:40.530+0000] {logging_mixin.py:151} INFO - [2023-08-24T05:01:40.530+0000] {dagbag.py:539} INFO - Filling up the DagBag from /usr/local/lib/python3.8/dist-packages/airflow/example_dags/example_dynamic_task_mapping.py
[2023-08-24T05:01:40.536+0000] {processor.py:839} INFO - DAG(s) dict_keys(['example_dynamic_task_mapping']) retrieved from /usr/local/lib/python3.8/dist-packages/airflow/example_dags/example_dynamic_task_mapping.py
[2023-08-24T05:01:40.552+0000] {logging_mixin.py:151} INFO - [2023-08-24T05:01:40.552+0000] {dag.py:2907} INFO - Sync 1 DAGs
[2023-08-24T05:01:40.568+0000] {logging_mixin.py:151} INFO - [2023-08-24T05:01:40.568+0000] {dag.py:3677} INFO - Setting next_dagrun for example_dynamic_task_mapping to 2022-03-04T00:00:00+00:00, run_after=2022-03-05T00:00:00+00:00
[2023-08-24T05:01:40.585+0000] {processor.py:179} INFO - Processing /usr/local/lib/python3.8/dist-packages/airflow/example_dags/example_dynamic_task_mapping.py took 0.061 seconds
[2023-08-24T05:02:40.113+0000] {processor.py:157} INFO - Started process (PID=47275) to work on /usr/local/lib/python3.8/dist-packages/airflow/example_dags/example_dynamic_task_mapping.py
[2023-08-24T05:02:40.115+0000] {processor.py:829} INFO - Processing file /usr/local/lib/python3.8/dist-packages/airflow/example_dags/example_dynamic_task_mapping.py for tasks to queue
[2023-08-24T05:02:40.116+0000] {logging_mixin.py:151} INFO - [2023-08-24T05:02:40.116+0000] {dagbag.py:539} INFO - Filling up the DagBag from /usr/local/lib/python3.8/dist-packages/airflow/example_dags/example_dynamic_task_mapping.py
[2023-08-24T05:02:40.122+0000] {processor.py:839} INFO - DAG(s) dict_keys(['example_dynamic_task_mapping']) retrieved from /usr/local/lib/python3.8/dist-packages/airflow/example_dags/example_dynamic_task_mapping.py
[2023-08-24T05:02:40.138+0000] {logging_mixin.py:151} INFO - [2023-08-24T05:02:40.138+0000] {dag.py:2907} INFO - Sync 1 DAGs
[2023-08-24T05:02:40.154+0000] {logging_mixin.py:151} INFO - [2023-08-24T05:02:40.154+0000] {dag.py:3677} INFO - Setting next_dagrun for example_dynamic_task_mapping to 2022-03-04T00:00:00+00:00, run_after=2022-03-05T00:00:00+00:00
[2023-08-24T05:02:40.171+0000] {processor.py:179} INFO - Processing /usr/local/lib/python3.8/dist-packages/airflow/example_dags/example_dynamic_task_mapping.py took 0.061 seconds
[2023-08-24T05:03:40.920+0000] {processor.py:157} INFO - Started process (PID=47464) to work on /usr/local/lib/python3.8/dist-packages/airflow/example_dags/example_dynamic_task_mapping.py
[2023-08-24T05:03:40.923+0000] {processor.py:829} INFO - Processing file /usr/local/lib/python3.8/dist-packages/airflow/example_dags/example_dynamic_task_mapping.py for tasks to queue
[2023-08-24T05:03:40.924+0000] {logging_mixin.py:151} INFO - [2023-08-24T05:03:40.924+0000] {dagbag.py:539} INFO - Filling up the DagBag from /usr/local/lib/python3.8/dist-packages/airflow/example_dags/example_dynamic_task_mapping.py
[2023-08-24T05:03:40.931+0000] {processor.py:839} INFO - DAG(s) dict_keys(['example_dynamic_task_mapping']) retrieved from /usr/local/lib/python3.8/dist-packages/airflow/example_dags/example_dynamic_task_mapping.py
[2023-08-24T05:03:40.947+0000] {logging_mixin.py:151} INFO - [2023-08-24T05:03:40.947+0000] {dag.py:2907} INFO - Sync 1 DAGs
[2023-08-24T05:03:40.963+0000] {logging_mixin.py:151} INFO - [2023-08-24T05:03:40.963+0000] {dag.py:3677} INFO - Setting next_dagrun for example_dynamic_task_mapping to 2022-03-04T00:00:00+00:00, run_after=2022-03-05T00:00:00+00:00
[2023-08-24T05:03:40.980+0000] {processor.py:179} INFO - Processing /usr/local/lib/python3.8/dist-packages/airflow/example_dags/example_dynamic_task_mapping.py took 0.064 seconds
[2023-08-24T05:04:38.776+0000] {processor.py:157} INFO - Started process (PID=47646) to work on /usr/local/lib/python3.8/dist-packages/airflow/example_dags/example_dynamic_task_mapping.py
[2023-08-24T05:04:38.778+0000] {processor.py:829} INFO - Processing file /usr/local/lib/python3.8/dist-packages/airflow/example_dags/example_dynamic_task_mapping.py for tasks to queue
[2023-08-24T05:04:38.779+0000] {logging_mixin.py:151} INFO - [2023-08-24T05:04:38.778+0000] {dagbag.py:539} INFO - Filling up the DagBag from /usr/local/lib/python3.8/dist-packages/airflow/example_dags/example_dynamic_task_mapping.py
[2023-08-24T05:04:38.786+0000] {processor.py:839} INFO - DAG(s) dict_keys(['example_dynamic_task_mapping']) retrieved from /usr/local/lib/python3.8/dist-packages/airflow/example_dags/example_dynamic_task_mapping.py
[2023-08-24T05:04:38.801+0000] {logging_mixin.py:151} INFO - [2023-08-24T05:04:38.801+0000] {dag.py:2907} INFO - Sync 1 DAGs
[2023-08-24T05:04:38.817+0000] {logging_mixin.py:151} INFO - [2023-08-24T05:04:38.817+0000] {dag.py:3677} INFO - Setting next_dagrun for example_dynamic_task_mapping to 2022-03-04T00:00:00+00:00, run_after=2022-03-05T00:00:00+00:00
[2023-08-24T05:04:38.834+0000] {processor.py:179} INFO - Processing /usr/local/lib/python3.8/dist-packages/airflow/example_dags/example_dynamic_task_mapping.py took 0.061 seconds
[2023-08-24T05:05:38.907+0000] {processor.py:157} INFO - Started process (PID=47842) to work on /usr/local/lib/python3.8/dist-packages/airflow/example_dags/example_dynamic_task_mapping.py
[2023-08-24T05:05:38.909+0000] {processor.py:829} INFO - Processing file /usr/local/lib/python3.8/dist-packages/airflow/example_dags/example_dynamic_task_mapping.py for tasks to queue
[2023-08-24T05:05:38.910+0000] {logging_mixin.py:151} INFO - [2023-08-24T05:05:38.910+0000] {dagbag.py:539} INFO - Filling up the DagBag from /usr/local/lib/python3.8/dist-packages/airflow/example_dags/example_dynamic_task_mapping.py
[2023-08-24T05:05:38.916+0000] {processor.py:839} INFO - DAG(s) dict_keys(['example_dynamic_task_mapping']) retrieved from /usr/local/lib/python3.8/dist-packages/airflow/example_dags/example_dynamic_task_mapping.py
[2023-08-24T05:05:38.932+0000] {logging_mixin.py:151} INFO - [2023-08-24T05:05:38.932+0000] {dag.py:2907} INFO - Sync 1 DAGs
[2023-08-24T05:05:38.948+0000] {logging_mixin.py:151} INFO - [2023-08-24T05:05:38.947+0000] {dag.py:3677} INFO - Setting next_dagrun for example_dynamic_task_mapping to 2022-03-04T00:00:00+00:00, run_after=2022-03-05T00:00:00+00:00
[2023-08-24T05:05:38.964+0000] {processor.py:179} INFO - Processing /usr/local/lib/python3.8/dist-packages/airflow/example_dags/example_dynamic_task_mapping.py took 0.060 seconds
[2023-08-24T05:06:36.652+0000] {processor.py:157} INFO - Started process (PID=48038) to work on /usr/local/lib/python3.8/dist-packages/airflow/example_dags/example_dynamic_task_mapping.py
[2023-08-24T05:06:36.654+0000] {processor.py:829} INFO - Processing file /usr/local/lib/python3.8/dist-packages/airflow/example_dags/example_dynamic_task_mapping.py for tasks to queue
[2023-08-24T05:06:36.655+0000] {logging_mixin.py:151} INFO - [2023-08-24T05:06:36.654+0000] {dagbag.py:539} INFO - Filling up the DagBag from /usr/local/lib/python3.8/dist-packages/airflow/example_dags/example_dynamic_task_mapping.py
[2023-08-24T05:06:36.661+0000] {processor.py:839} INFO - DAG(s) dict_keys(['example_dynamic_task_mapping']) retrieved from /usr/local/lib/python3.8/dist-packages/airflow/example_dags/example_dynamic_task_mapping.py
[2023-08-24T05:06:36.676+0000] {logging_mixin.py:151} INFO - [2023-08-24T05:06:36.676+0000] {dag.py:2907} INFO - Sync 1 DAGs
[2023-08-24T05:06:36.693+0000] {logging_mixin.py:151} INFO - [2023-08-24T05:06:36.693+0000] {dag.py:3677} INFO - Setting next_dagrun for example_dynamic_task_mapping to 2022-03-04T00:00:00+00:00, run_after=2022-03-05T00:00:00+00:00
[2023-08-24T05:06:36.709+0000] {processor.py:179} INFO - Processing /usr/local/lib/python3.8/dist-packages/airflow/example_dags/example_dynamic_task_mapping.py took 0.061 seconds
[2023-08-24T05:07:34.811+0000] {processor.py:157} INFO - Started process (PID=48224) to work on /usr/local/lib/python3.8/dist-packages/airflow/example_dags/example_dynamic_task_mapping.py
[2023-08-24T05:07:34.812+0000] {processor.py:829} INFO - Processing file /usr/local/lib/python3.8/dist-packages/airflow/example_dags/example_dynamic_task_mapping.py for tasks to queue
[2023-08-24T05:07:34.813+0000] {logging_mixin.py:151} INFO - [2023-08-24T05:07:34.813+0000] {dagbag.py:539} INFO - Filling up the DagBag from /usr/local/lib/python3.8/dist-packages/airflow/example_dags/example_dynamic_task_mapping.py
[2023-08-24T05:07:34.820+0000] {processor.py:839} INFO - DAG(s) dict_keys(['example_dynamic_task_mapping']) retrieved from /usr/local/lib/python3.8/dist-packages/airflow/example_dags/example_dynamic_task_mapping.py
[2023-08-24T05:07:34.836+0000] {logging_mixin.py:151} INFO - [2023-08-24T05:07:34.835+0000] {dag.py:2907} INFO - Sync 1 DAGs
[2023-08-24T05:07:34.852+0000] {logging_mixin.py:151} INFO - [2023-08-24T05:07:34.852+0000] {dag.py:3677} INFO - Setting next_dagrun for example_dynamic_task_mapping to 2022-03-04T00:00:00+00:00, run_after=2022-03-05T00:00:00+00:00
[2023-08-24T05:07:34.869+0000] {processor.py:179} INFO - Processing /usr/local/lib/python3.8/dist-packages/airflow/example_dags/example_dynamic_task_mapping.py took 0.062 seconds
[2023-08-24T05:08:35.283+0000] {processor.py:157} INFO - Started process (PID=48408) to work on /usr/local/lib/python3.8/dist-packages/airflow/example_dags/example_dynamic_task_mapping.py
[2023-08-24T05:08:35.285+0000] {processor.py:829} INFO - Processing file /usr/local/lib/python3.8/dist-packages/airflow/example_dags/example_dynamic_task_mapping.py for tasks to queue
[2023-08-24T05:08:35.286+0000] {logging_mixin.py:151} INFO - [2023-08-24T05:08:35.285+0000] {dagbag.py:539} INFO - Filling up the DagBag from /usr/local/lib/python3.8/dist-packages/airflow/example_dags/example_dynamic_task_mapping.py
[2023-08-24T05:08:35.292+0000] {processor.py:839} INFO - DAG(s) dict_keys(['example_dynamic_task_mapping']) retrieved from /usr/local/lib/python3.8/dist-packages/airflow/example_dags/example_dynamic_task_mapping.py
[2023-08-24T05:08:35.311+0000] {logging_mixin.py:151} INFO - [2023-08-24T05:08:35.311+0000] {dag.py:2907} INFO - Sync 1 DAGs
[2023-08-24T05:08:35.329+0000] {logging_mixin.py:151} INFO - [2023-08-24T05:08:35.329+0000] {dag.py:3677} INFO - Setting next_dagrun for example_dynamic_task_mapping to 2022-03-04T00:00:00+00:00, run_after=2022-03-05T00:00:00+00:00
[2023-08-24T05:08:35.347+0000] {processor.py:179} INFO - Processing /usr/local/lib/python3.8/dist-packages/airflow/example_dags/example_dynamic_task_mapping.py took 0.068 seconds
[2023-08-24T05:09:35.886+0000] {processor.py:157} INFO - Started process (PID=48604) to work on /usr/local/lib/python3.8/dist-packages/airflow/example_dags/example_dynamic_task_mapping.py
[2023-08-24T05:09:35.889+0000] {processor.py:829} INFO - Processing file /usr/local/lib/python3.8/dist-packages/airflow/example_dags/example_dynamic_task_mapping.py for tasks to queue
[2023-08-24T05:09:35.890+0000] {logging_mixin.py:151} INFO - [2023-08-24T05:09:35.890+0000] {dagbag.py:539} INFO - Filling up the DagBag from /usr/local/lib/python3.8/dist-packages/airflow/example_dags/example_dynamic_task_mapping.py
[2023-08-24T05:09:35.897+0000] {processor.py:839} INFO - DAG(s) dict_keys(['example_dynamic_task_mapping']) retrieved from /usr/local/lib/python3.8/dist-packages/airflow/example_dags/example_dynamic_task_mapping.py
[2023-08-24T05:09:35.914+0000] {logging_mixin.py:151} INFO - [2023-08-24T05:09:35.914+0000] {dag.py:2907} INFO - Sync 1 DAGs
[2023-08-24T05:09:35.932+0000] {logging_mixin.py:151} INFO - [2023-08-24T05:09:35.931+0000] {dag.py:3677} INFO - Setting next_dagrun for example_dynamic_task_mapping to 2022-03-04T00:00:00+00:00, run_after=2022-03-05T00:00:00+00:00
[2023-08-24T05:09:35.949+0000] {processor.py:179} INFO - Processing /usr/local/lib/python3.8/dist-packages/airflow/example_dags/example_dynamic_task_mapping.py took 0.067 seconds
[2023-08-24T05:10:32.571+0000] {processor.py:157} INFO - Started process (PID=48785) to work on /usr/local/lib/python3.8/dist-packages/airflow/example_dags/example_dynamic_task_mapping.py
[2023-08-24T05:10:32.572+0000] {processor.py:829} INFO - Processing file /usr/local/lib/python3.8/dist-packages/airflow/example_dags/example_dynamic_task_mapping.py for tasks to queue
[2023-08-24T05:10:32.573+0000] {logging_mixin.py:151} INFO - [2023-08-24T05:10:32.573+0000] {dagbag.py:539} INFO - Filling up the DagBag from /usr/local/lib/python3.8/dist-packages/airflow/example_dags/example_dynamic_task_mapping.py
[2023-08-24T05:10:32.580+0000] {processor.py:839} INFO - DAG(s) dict_keys(['example_dynamic_task_mapping']) retrieved from /usr/local/lib/python3.8/dist-packages/airflow/example_dags/example_dynamic_task_mapping.py
[2023-08-24T05:10:32.596+0000] {logging_mixin.py:151} INFO - [2023-08-24T05:10:32.596+0000] {dag.py:2907} INFO - Sync 1 DAGs
[2023-08-24T05:10:32.612+0000] {logging_mixin.py:151} INFO - [2023-08-24T05:10:32.612+0000] {dag.py:3677} INFO - Setting next_dagrun for example_dynamic_task_mapping to 2022-03-04T00:00:00+00:00, run_after=2022-03-05T00:00:00+00:00
[2023-08-24T05:10:32.630+0000] {processor.py:179} INFO - Processing /usr/local/lib/python3.8/dist-packages/airflow/example_dags/example_dynamic_task_mapping.py took 0.062 seconds
[2023-08-24T05:11:49.419+0000] {processor.py:157} INFO - Started process (PID=48941) to work on /usr/local/lib/python3.8/dist-packages/airflow/example_dags/example_dynamic_task_mapping.py
[2023-08-24T05:11:49.421+0000] {processor.py:829} INFO - Processing file /usr/local/lib/python3.8/dist-packages/airflow/example_dags/example_dynamic_task_mapping.py for tasks to queue
[2023-08-24T05:11:49.422+0000] {logging_mixin.py:151} INFO - [2023-08-24T05:11:49.422+0000] {dagbag.py:539} INFO - Filling up the DagBag from /usr/local/lib/python3.8/dist-packages/airflow/example_dags/example_dynamic_task_mapping.py
[2023-08-24T05:11:49.430+0000] {processor.py:839} INFO - DAG(s) dict_keys(['example_dynamic_task_mapping']) retrieved from /usr/local/lib/python3.8/dist-packages/airflow/example_dags/example_dynamic_task_mapping.py
[2023-08-24T05:11:49.448+0000] {logging_mixin.py:151} INFO - [2023-08-24T05:11:49.448+0000] {dag.py:2907} INFO - Sync 1 DAGs
[2023-08-24T05:11:49.466+0000] {logging_mixin.py:151} INFO - [2023-08-24T05:11:49.466+0000] {dag.py:3677} INFO - Setting next_dagrun for example_dynamic_task_mapping to 2022-03-04T00:00:00+00:00, run_after=2022-03-05T00:00:00+00:00
[2023-08-24T05:11:49.485+0000] {processor.py:179} INFO - Processing /usr/local/lib/python3.8/dist-packages/airflow/example_dags/example_dynamic_task_mapping.py took 0.071 seconds
[2023-08-24T05:12:51.218+0000] {processor.py:157} INFO - Started process (PID=49138) to work on /usr/local/lib/python3.8/dist-packages/airflow/example_dags/example_dynamic_task_mapping.py
[2023-08-24T05:12:51.219+0000] {processor.py:829} INFO - Processing file /usr/local/lib/python3.8/dist-packages/airflow/example_dags/example_dynamic_task_mapping.py for tasks to queue
[2023-08-24T05:12:51.220+0000] {logging_mixin.py:151} INFO - [2023-08-24T05:12:51.220+0000] {dagbag.py:539} INFO - Filling up the DagBag from /usr/local/lib/python3.8/dist-packages/airflow/example_dags/example_dynamic_task_mapping.py
[2023-08-24T05:12:51.227+0000] {processor.py:839} INFO - DAG(s) dict_keys(['example_dynamic_task_mapping']) retrieved from /usr/local/lib/python3.8/dist-packages/airflow/example_dags/example_dynamic_task_mapping.py
[2023-08-24T05:12:51.243+0000] {logging_mixin.py:151} INFO - [2023-08-24T05:12:51.243+0000] {dag.py:2907} INFO - Sync 1 DAGs
[2023-08-24T05:12:51.260+0000] {logging_mixin.py:151} INFO - [2023-08-24T05:12:51.260+0000] {dag.py:3677} INFO - Setting next_dagrun for example_dynamic_task_mapping to 2022-03-04T00:00:00+00:00, run_after=2022-03-05T00:00:00+00:00
[2023-08-24T05:12:51.278+0000] {processor.py:179} INFO - Processing /usr/local/lib/python3.8/dist-packages/airflow/example_dags/example_dynamic_task_mapping.py took 0.064 seconds
[2023-08-24T05:13:50.356+0000] {processor.py:157} INFO - Started process (PID=49342) to work on /usr/local/lib/python3.8/dist-packages/airflow/example_dags/example_dynamic_task_mapping.py
[2023-08-24T05:13:50.358+0000] {processor.py:829} INFO - Processing file /usr/local/lib/python3.8/dist-packages/airflow/example_dags/example_dynamic_task_mapping.py for tasks to queue
[2023-08-24T05:13:50.359+0000] {logging_mixin.py:151} INFO - [2023-08-24T05:13:50.358+0000] {dagbag.py:539} INFO - Filling up the DagBag from /usr/local/lib/python3.8/dist-packages/airflow/example_dags/example_dynamic_task_mapping.py
[2023-08-24T05:13:50.365+0000] {processor.py:839} INFO - DAG(s) dict_keys(['example_dynamic_task_mapping']) retrieved from /usr/local/lib/python3.8/dist-packages/airflow/example_dags/example_dynamic_task_mapping.py
[2023-08-24T05:13:50.381+0000] {logging_mixin.py:151} INFO - [2023-08-24T05:13:50.381+0000] {dag.py:2907} INFO - Sync 1 DAGs
[2023-08-24T05:13:50.398+0000] {logging_mixin.py:151} INFO - [2023-08-24T05:13:50.398+0000] {dag.py:3677} INFO - Setting next_dagrun for example_dynamic_task_mapping to 2022-03-04T00:00:00+00:00, run_after=2022-03-05T00:00:00+00:00
[2023-08-24T05:13:50.415+0000] {processor.py:179} INFO - Processing /usr/local/lib/python3.8/dist-packages/airflow/example_dags/example_dynamic_task_mapping.py took 0.063 seconds
