[2023-08-24T04:21:48.009+0000] {processor.py:157} INFO - Started process (PID=37588) to work on /usr/local/lib/python3.8/dist-packages/airflow/example_dags/example_branch_python_dop_operator_3.py
[2023-08-24T04:21:48.010+0000] {processor.py:829} INFO - Processing file /usr/local/lib/python3.8/dist-packages/airflow/example_dags/example_branch_python_dop_operator_3.py for tasks to queue
[2023-08-24T04:21:48.011+0000] {logging_mixin.py:151} INFO - [2023-08-24T04:21:48.011+0000] {dagbag.py:539} INFO - Filling up the DagBag from /usr/local/lib/python3.8/dist-packages/airflow/example_dags/example_branch_python_dop_operator_3.py
[2023-08-24T04:21:48.019+0000] {processor.py:839} INFO - DAG(s) dict_keys(['example_branch_dop_operator_v3']) retrieved from /usr/local/lib/python3.8/dist-packages/airflow/example_dags/example_branch_python_dop_operator_3.py
[2023-08-24T04:21:48.040+0000] {logging_mixin.py:151} INFO - [2023-08-24T04:21:48.040+0000] {dag.py:2907} INFO - Sync 1 DAGs
[2023-08-24T04:21:48.058+0000] {logging_mixin.py:151} INFO - [2023-08-24T04:21:48.058+0000] {dag.py:3677} INFO - Setting next_dagrun for example_branch_dop_operator_v3 to 2023-08-24T04:20:00+00:00, run_after=2023-08-24T04:21:00+00:00
[2023-08-24T04:21:48.076+0000] {processor.py:179} INFO - Processing /usr/local/lib/python3.8/dist-packages/airflow/example_dags/example_branch_python_dop_operator_3.py took 0.070 seconds
[2023-08-24T04:31:02.226+0000] {processor.py:157} INFO - Started process (PID=41463) to work on /usr/local/lib/python3.8/dist-packages/airflow/example_dags/example_branch_python_dop_operator_3.py
[2023-08-24T04:31:02.228+0000] {processor.py:829} INFO - Processing file /usr/local/lib/python3.8/dist-packages/airflow/example_dags/example_branch_python_dop_operator_3.py for tasks to queue
[2023-08-24T04:31:02.229+0000] {logging_mixin.py:151} INFO - [2023-08-24T04:31:02.228+0000] {dagbag.py:539} INFO - Filling up the DagBag from /usr/local/lib/python3.8/dist-packages/airflow/example_dags/example_branch_python_dop_operator_3.py
[2023-08-24T04:31:02.237+0000] {processor.py:839} INFO - DAG(s) dict_keys(['example_branch_dop_operator_v3']) retrieved from /usr/local/lib/python3.8/dist-packages/airflow/example_dags/example_branch_python_dop_operator_3.py
[2023-08-24T04:31:02.258+0000] {logging_mixin.py:151} INFO - [2023-08-24T04:31:02.258+0000] {dag.py:2907} INFO - Sync 1 DAGs
[2023-08-24T04:31:02.277+0000] {logging_mixin.py:151} INFO - [2023-08-24T04:31:02.277+0000] {dag.py:3677} INFO - Setting next_dagrun for example_branch_dop_operator_v3 to 2023-08-24T04:30:00+00:00, run_after=2023-08-24T04:31:00+00:00
[2023-08-24T04:31:02.294+0000] {processor.py:179} INFO - Processing /usr/local/lib/python3.8/dist-packages/airflow/example_dags/example_branch_python_dop_operator_3.py took 0.071 seconds
[2023-08-24T04:32:03.069+0000] {processor.py:157} INFO - Started process (PID=41661) to work on /usr/local/lib/python3.8/dist-packages/airflow/example_dags/example_branch_python_dop_operator_3.py
[2023-08-24T04:32:03.071+0000] {processor.py:829} INFO - Processing file /usr/local/lib/python3.8/dist-packages/airflow/example_dags/example_branch_python_dop_operator_3.py for tasks to queue
[2023-08-24T04:32:03.072+0000] {logging_mixin.py:151} INFO - [2023-08-24T04:32:03.071+0000] {dagbag.py:539} INFO - Filling up the DagBag from /usr/local/lib/python3.8/dist-packages/airflow/example_dags/example_branch_python_dop_operator_3.py
[2023-08-24T04:32:03.080+0000] {processor.py:839} INFO - DAG(s) dict_keys(['example_branch_dop_operator_v3']) retrieved from /usr/local/lib/python3.8/dist-packages/airflow/example_dags/example_branch_python_dop_operator_3.py
[2023-08-24T04:32:03.096+0000] {logging_mixin.py:151} INFO - [2023-08-24T04:32:03.096+0000] {dag.py:2907} INFO - Sync 1 DAGs
[2023-08-24T04:32:03.116+0000] {logging_mixin.py:151} INFO - [2023-08-24T04:32:03.115+0000] {dag.py:3677} INFO - Setting next_dagrun for example_branch_dop_operator_v3 to 2023-08-24T04:31:00+00:00, run_after=2023-08-24T04:32:00+00:00
[2023-08-24T04:32:03.133+0000] {processor.py:179} INFO - Processing /usr/local/lib/python3.8/dist-packages/airflow/example_dags/example_branch_python_dop_operator_3.py took 0.068 seconds
[2023-08-24T04:33:04.348+0000] {processor.py:157} INFO - Started process (PID=41852) to work on /usr/local/lib/python3.8/dist-packages/airflow/example_dags/example_branch_python_dop_operator_3.py
[2023-08-24T04:33:04.350+0000] {processor.py:829} INFO - Processing file /usr/local/lib/python3.8/dist-packages/airflow/example_dags/example_branch_python_dop_operator_3.py for tasks to queue
[2023-08-24T04:33:04.351+0000] {logging_mixin.py:151} INFO - [2023-08-24T04:33:04.350+0000] {dagbag.py:539} INFO - Filling up the DagBag from /usr/local/lib/python3.8/dist-packages/airflow/example_dags/example_branch_python_dop_operator_3.py
[2023-08-24T04:33:04.359+0000] {processor.py:839} INFO - DAG(s) dict_keys(['example_branch_dop_operator_v3']) retrieved from /usr/local/lib/python3.8/dist-packages/airflow/example_dags/example_branch_python_dop_operator_3.py
[2023-08-24T04:33:04.374+0000] {logging_mixin.py:151} INFO - [2023-08-24T04:33:04.374+0000] {dag.py:2907} INFO - Sync 1 DAGs
[2023-08-24T04:33:04.395+0000] {logging_mixin.py:151} INFO - [2023-08-24T04:33:04.395+0000] {dag.py:3677} INFO - Setting next_dagrun for example_branch_dop_operator_v3 to 2023-08-24T04:32:00+00:00, run_after=2023-08-24T04:33:00+00:00
[2023-08-24T04:33:04.413+0000] {processor.py:179} INFO - Processing /usr/local/lib/python3.8/dist-packages/airflow/example_dags/example_branch_python_dop_operator_3.py took 0.068 seconds
[2023-08-24T04:34:03.343+0000] {processor.py:157} INFO - Started process (PID=42035) to work on /usr/local/lib/python3.8/dist-packages/airflow/example_dags/example_branch_python_dop_operator_3.py
[2023-08-24T04:34:03.345+0000] {processor.py:829} INFO - Processing file /usr/local/lib/python3.8/dist-packages/airflow/example_dags/example_branch_python_dop_operator_3.py for tasks to queue
[2023-08-24T04:34:03.346+0000] {logging_mixin.py:151} INFO - [2023-08-24T04:34:03.345+0000] {dagbag.py:539} INFO - Filling up the DagBag from /usr/local/lib/python3.8/dist-packages/airflow/example_dags/example_branch_python_dop_operator_3.py
[2023-08-24T04:34:03.354+0000] {processor.py:839} INFO - DAG(s) dict_keys(['example_branch_dop_operator_v3']) retrieved from /usr/local/lib/python3.8/dist-packages/airflow/example_dags/example_branch_python_dop_operator_3.py
[2023-08-24T04:34:03.370+0000] {logging_mixin.py:151} INFO - [2023-08-24T04:34:03.370+0000] {dag.py:2907} INFO - Sync 1 DAGs
[2023-08-24T04:34:03.392+0000] {logging_mixin.py:151} INFO - [2023-08-24T04:34:03.392+0000] {dag.py:3677} INFO - Setting next_dagrun for example_branch_dop_operator_v3 to 2023-08-24T04:33:00+00:00, run_after=2023-08-24T04:34:00+00:00
[2023-08-24T04:34:03.412+0000] {processor.py:179} INFO - Processing /usr/local/lib/python3.8/dist-packages/airflow/example_dags/example_branch_python_dop_operator_3.py took 0.072 seconds
[2023-08-24T04:35:02.558+0000] {processor.py:157} INFO - Started process (PID=42231) to work on /usr/local/lib/python3.8/dist-packages/airflow/example_dags/example_branch_python_dop_operator_3.py
[2023-08-24T04:35:02.560+0000] {processor.py:829} INFO - Processing file /usr/local/lib/python3.8/dist-packages/airflow/example_dags/example_branch_python_dop_operator_3.py for tasks to queue
[2023-08-24T04:35:02.561+0000] {logging_mixin.py:151} INFO - [2023-08-24T04:35:02.561+0000] {dagbag.py:539} INFO - Filling up the DagBag from /usr/local/lib/python3.8/dist-packages/airflow/example_dags/example_branch_python_dop_operator_3.py
[2023-08-24T04:35:02.569+0000] {processor.py:839} INFO - DAG(s) dict_keys(['example_branch_dop_operator_v3']) retrieved from /usr/local/lib/python3.8/dist-packages/airflow/example_dags/example_branch_python_dop_operator_3.py
[2023-08-24T04:35:02.586+0000] {logging_mixin.py:151} INFO - [2023-08-24T04:35:02.586+0000] {dag.py:2907} INFO - Sync 1 DAGs
[2023-08-24T04:35:02.609+0000] {logging_mixin.py:151} INFO - [2023-08-24T04:35:02.609+0000] {dag.py:3677} INFO - Setting next_dagrun for example_branch_dop_operator_v3 to 2023-08-24T04:34:00+00:00, run_after=2023-08-24T04:35:00+00:00
[2023-08-24T04:35:02.627+0000] {processor.py:179} INFO - Processing /usr/local/lib/python3.8/dist-packages/airflow/example_dags/example_branch_python_dop_operator_3.py took 0.072 seconds
[2023-08-24T04:36:01.978+0000] {processor.py:157} INFO - Started process (PID=42427) to work on /usr/local/lib/python3.8/dist-packages/airflow/example_dags/example_branch_python_dop_operator_3.py
[2023-08-24T04:36:01.980+0000] {processor.py:829} INFO - Processing file /usr/local/lib/python3.8/dist-packages/airflow/example_dags/example_branch_python_dop_operator_3.py for tasks to queue
[2023-08-24T04:36:01.981+0000] {logging_mixin.py:151} INFO - [2023-08-24T04:36:01.980+0000] {dagbag.py:539} INFO - Filling up the DagBag from /usr/local/lib/python3.8/dist-packages/airflow/example_dags/example_branch_python_dop_operator_3.py
[2023-08-24T04:36:01.989+0000] {processor.py:839} INFO - DAG(s) dict_keys(['example_branch_dop_operator_v3']) retrieved from /usr/local/lib/python3.8/dist-packages/airflow/example_dags/example_branch_python_dop_operator_3.py
[2023-08-24T04:36:02.004+0000] {logging_mixin.py:151} INFO - [2023-08-24T04:36:02.004+0000] {dag.py:2907} INFO - Sync 1 DAGs
[2023-08-24T04:36:02.024+0000] {logging_mixin.py:151} INFO - [2023-08-24T04:36:02.024+0000] {dag.py:3677} INFO - Setting next_dagrun for example_branch_dop_operator_v3 to 2023-08-24T04:35:00+00:00, run_after=2023-08-24T04:36:00+00:00
[2023-08-24T04:36:02.041+0000] {processor.py:179} INFO - Processing /usr/local/lib/python3.8/dist-packages/airflow/example_dags/example_branch_python_dop_operator_3.py took 0.066 seconds
[2023-08-24T04:36:57.333+0000] {processor.py:157} INFO - Started process (PID=42609) to work on /usr/local/lib/python3.8/dist-packages/airflow/example_dags/example_branch_python_dop_operator_3.py
[2023-08-24T04:36:57.335+0000] {processor.py:829} INFO - Processing file /usr/local/lib/python3.8/dist-packages/airflow/example_dags/example_branch_python_dop_operator_3.py for tasks to queue
[2023-08-24T04:36:57.336+0000] {logging_mixin.py:151} INFO - [2023-08-24T04:36:57.335+0000] {dagbag.py:539} INFO - Filling up the DagBag from /usr/local/lib/python3.8/dist-packages/airflow/example_dags/example_branch_python_dop_operator_3.py
[2023-08-24T04:36:57.343+0000] {processor.py:839} INFO - DAG(s) dict_keys(['example_branch_dop_operator_v3']) retrieved from /usr/local/lib/python3.8/dist-packages/airflow/example_dags/example_branch_python_dop_operator_3.py
[2023-08-24T04:36:57.359+0000] {logging_mixin.py:151} INFO - [2023-08-24T04:36:57.359+0000] {dag.py:2907} INFO - Sync 1 DAGs
[2023-08-24T04:36:57.378+0000] {logging_mixin.py:151} INFO - [2023-08-24T04:36:57.378+0000] {dag.py:3677} INFO - Setting next_dagrun for example_branch_dop_operator_v3 to 2023-08-24T04:35:00+00:00, run_after=2023-08-24T04:36:00+00:00
[2023-08-24T04:36:57.396+0000] {processor.py:179} INFO - Processing /usr/local/lib/python3.8/dist-packages/airflow/example_dags/example_branch_python_dop_operator_3.py took 0.066 seconds
[2023-08-24T04:37:52.474+0000] {processor.py:157} INFO - Started process (PID=42790) to work on /usr/local/lib/python3.8/dist-packages/airflow/example_dags/example_branch_python_dop_operator_3.py
[2023-08-24T04:37:52.476+0000] {processor.py:829} INFO - Processing file /usr/local/lib/python3.8/dist-packages/airflow/example_dags/example_branch_python_dop_operator_3.py for tasks to queue
[2023-08-24T04:37:52.477+0000] {logging_mixin.py:151} INFO - [2023-08-24T04:37:52.476+0000] {dagbag.py:539} INFO - Filling up the DagBag from /usr/local/lib/python3.8/dist-packages/airflow/example_dags/example_branch_python_dop_operator_3.py
[2023-08-24T04:37:52.485+0000] {processor.py:839} INFO - DAG(s) dict_keys(['example_branch_dop_operator_v3']) retrieved from /usr/local/lib/python3.8/dist-packages/airflow/example_dags/example_branch_python_dop_operator_3.py
[2023-08-24T04:37:52.500+0000] {logging_mixin.py:151} INFO - [2023-08-24T04:37:52.500+0000] {dag.py:2907} INFO - Sync 1 DAGs
[2023-08-24T04:37:52.520+0000] {logging_mixin.py:151} INFO - [2023-08-24T04:37:52.520+0000] {dag.py:3677} INFO - Setting next_dagrun for example_branch_dop_operator_v3 to 2023-08-24T04:36:00+00:00, run_after=2023-08-24T04:37:00+00:00
[2023-08-24T04:37:52.538+0000] {processor.py:179} INFO - Processing /usr/local/lib/python3.8/dist-packages/airflow/example_dags/example_branch_python_dop_operator_3.py took 0.067 seconds
[2023-08-24T04:38:50.968+0000] {processor.py:157} INFO - Started process (PID=42974) to work on /usr/local/lib/python3.8/dist-packages/airflow/example_dags/example_branch_python_dop_operator_3.py
[2023-08-24T04:38:50.970+0000] {processor.py:829} INFO - Processing file /usr/local/lib/python3.8/dist-packages/airflow/example_dags/example_branch_python_dop_operator_3.py for tasks to queue
[2023-08-24T04:38:50.971+0000] {logging_mixin.py:151} INFO - [2023-08-24T04:38:50.970+0000] {dagbag.py:539} INFO - Filling up the DagBag from /usr/local/lib/python3.8/dist-packages/airflow/example_dags/example_branch_python_dop_operator_3.py
[2023-08-24T04:38:50.979+0000] {processor.py:839} INFO - DAG(s) dict_keys(['example_branch_dop_operator_v3']) retrieved from /usr/local/lib/python3.8/dist-packages/airflow/example_dags/example_branch_python_dop_operator_3.py
[2023-08-24T04:38:50.994+0000] {logging_mixin.py:151} INFO - [2023-08-24T04:38:50.994+0000] {dag.py:2907} INFO - Sync 1 DAGs
[2023-08-24T04:38:51.013+0000] {logging_mixin.py:151} INFO - [2023-08-24T04:38:51.013+0000] {dag.py:3677} INFO - Setting next_dagrun for example_branch_dop_operator_v3 to 2023-08-24T04:37:00+00:00, run_after=2023-08-24T04:38:00+00:00
[2023-08-24T04:38:51.030+0000] {processor.py:179} INFO - Processing /usr/local/lib/python3.8/dist-packages/airflow/example_dags/example_branch_python_dop_operator_3.py took 0.066 seconds
[2023-08-24T04:39:51.242+0000] {processor.py:157} INFO - Started process (PID=43170) to work on /usr/local/lib/python3.8/dist-packages/airflow/example_dags/example_branch_python_dop_operator_3.py
[2023-08-24T04:39:51.244+0000] {processor.py:829} INFO - Processing file /usr/local/lib/python3.8/dist-packages/airflow/example_dags/example_branch_python_dop_operator_3.py for tasks to queue
[2023-08-24T04:39:51.245+0000] {logging_mixin.py:151} INFO - [2023-08-24T04:39:51.245+0000] {dagbag.py:539} INFO - Filling up the DagBag from /usr/local/lib/python3.8/dist-packages/airflow/example_dags/example_branch_python_dop_operator_3.py
[2023-08-24T04:39:51.253+0000] {processor.py:839} INFO - DAG(s) dict_keys(['example_branch_dop_operator_v3']) retrieved from /usr/local/lib/python3.8/dist-packages/airflow/example_dags/example_branch_python_dop_operator_3.py
[2023-08-24T04:39:51.268+0000] {logging_mixin.py:151} INFO - [2023-08-24T04:39:51.268+0000] {dag.py:2907} INFO - Sync 1 DAGs
[2023-08-24T04:39:51.288+0000] {logging_mixin.py:151} INFO - [2023-08-24T04:39:51.287+0000] {dag.py:3677} INFO - Setting next_dagrun for example_branch_dop_operator_v3 to 2023-08-24T04:38:00+00:00, run_after=2023-08-24T04:39:00+00:00
[2023-08-24T04:39:51.305+0000] {processor.py:179} INFO - Processing /usr/local/lib/python3.8/dist-packages/airflow/example_dags/example_branch_python_dop_operator_3.py took 0.066 seconds
[2023-08-24T04:40:51.923+0000] {processor.py:157} INFO - Started process (PID=43353) to work on /usr/local/lib/python3.8/dist-packages/airflow/example_dags/example_branch_python_dop_operator_3.py
[2023-08-24T04:40:51.925+0000] {processor.py:829} INFO - Processing file /usr/local/lib/python3.8/dist-packages/airflow/example_dags/example_branch_python_dop_operator_3.py for tasks to queue
[2023-08-24T04:40:51.925+0000] {logging_mixin.py:151} INFO - [2023-08-24T04:40:51.925+0000] {dagbag.py:539} INFO - Filling up the DagBag from /usr/local/lib/python3.8/dist-packages/airflow/example_dags/example_branch_python_dop_operator_3.py
[2023-08-24T04:40:51.933+0000] {processor.py:839} INFO - DAG(s) dict_keys(['example_branch_dop_operator_v3']) retrieved from /usr/local/lib/python3.8/dist-packages/airflow/example_dags/example_branch_python_dop_operator_3.py
[2023-08-24T04:40:51.949+0000] {logging_mixin.py:151} INFO - [2023-08-24T04:40:51.949+0000] {dag.py:2907} INFO - Sync 1 DAGs
[2023-08-24T04:40:51.969+0000] {logging_mixin.py:151} INFO - [2023-08-24T04:40:51.969+0000] {dag.py:3677} INFO - Setting next_dagrun for example_branch_dop_operator_v3 to 2023-08-24T04:39:00+00:00, run_after=2023-08-24T04:40:00+00:00
[2023-08-24T04:40:51.987+0000] {processor.py:179} INFO - Processing /usr/local/lib/python3.8/dist-packages/airflow/example_dags/example_branch_python_dop_operator_3.py took 0.067 seconds
[2023-08-24T04:41:52.120+0000] {processor.py:157} INFO - Started process (PID=43537) to work on /usr/local/lib/python3.8/dist-packages/airflow/example_dags/example_branch_python_dop_operator_3.py
[2023-08-24T04:41:52.123+0000] {processor.py:829} INFO - Processing file /usr/local/lib/python3.8/dist-packages/airflow/example_dags/example_branch_python_dop_operator_3.py for tasks to queue
[2023-08-24T04:41:52.124+0000] {logging_mixin.py:151} INFO - [2023-08-24T04:41:52.123+0000] {dagbag.py:539} INFO - Filling up the DagBag from /usr/local/lib/python3.8/dist-packages/airflow/example_dags/example_branch_python_dop_operator_3.py
[2023-08-24T04:41:52.132+0000] {processor.py:839} INFO - DAG(s) dict_keys(['example_branch_dop_operator_v3']) retrieved from /usr/local/lib/python3.8/dist-packages/airflow/example_dags/example_branch_python_dop_operator_3.py
[2023-08-24T04:41:52.149+0000] {logging_mixin.py:151} INFO - [2023-08-24T04:41:52.149+0000] {dag.py:2907} INFO - Sync 1 DAGs
[2023-08-24T04:41:52.169+0000] {logging_mixin.py:151} INFO - [2023-08-24T04:41:52.169+0000] {dag.py:3677} INFO - Setting next_dagrun for example_branch_dop_operator_v3 to 2023-08-24T04:40:00+00:00, run_after=2023-08-24T04:41:00+00:00
[2023-08-24T04:41:52.186+0000] {processor.py:179} INFO - Processing /usr/local/lib/python3.8/dist-packages/airflow/example_dags/example_branch_python_dop_operator_3.py took 0.069 seconds
[2023-08-24T04:42:51.416+0000] {processor.py:157} INFO - Started process (PID=43727) to work on /usr/local/lib/python3.8/dist-packages/airflow/example_dags/example_branch_python_dop_operator_3.py
[2023-08-24T04:42:51.417+0000] {processor.py:829} INFO - Processing file /usr/local/lib/python3.8/dist-packages/airflow/example_dags/example_branch_python_dop_operator_3.py for tasks to queue
[2023-08-24T04:42:51.418+0000] {logging_mixin.py:151} INFO - [2023-08-24T04:42:51.418+0000] {dagbag.py:539} INFO - Filling up the DagBag from /usr/local/lib/python3.8/dist-packages/airflow/example_dags/example_branch_python_dop_operator_3.py
[2023-08-24T04:42:51.426+0000] {processor.py:839} INFO - DAG(s) dict_keys(['example_branch_dop_operator_v3']) retrieved from /usr/local/lib/python3.8/dist-packages/airflow/example_dags/example_branch_python_dop_operator_3.py
[2023-08-24T04:42:51.441+0000] {logging_mixin.py:151} INFO - [2023-08-24T04:42:51.441+0000] {dag.py:2907} INFO - Sync 1 DAGs
[2023-08-24T04:42:51.460+0000] {logging_mixin.py:151} INFO - [2023-08-24T04:42:51.460+0000] {dag.py:3677} INFO - Setting next_dagrun for example_branch_dop_operator_v3 to 2023-08-24T04:41:00+00:00, run_after=2023-08-24T04:42:00+00:00
[2023-08-24T04:42:51.479+0000] {processor.py:179} INFO - Processing /usr/local/lib/python3.8/dist-packages/airflow/example_dags/example_branch_python_dop_operator_3.py took 0.066 seconds
[2023-08-24T04:43:52.285+0000] {processor.py:157} INFO - Started process (PID=43911) to work on /usr/local/lib/python3.8/dist-packages/airflow/example_dags/example_branch_python_dop_operator_3.py
[2023-08-24T04:43:52.286+0000] {processor.py:829} INFO - Processing file /usr/local/lib/python3.8/dist-packages/airflow/example_dags/example_branch_python_dop_operator_3.py for tasks to queue
[2023-08-24T04:43:52.288+0000] {logging_mixin.py:151} INFO - [2023-08-24T04:43:52.287+0000] {dagbag.py:539} INFO - Filling up the DagBag from /usr/local/lib/python3.8/dist-packages/airflow/example_dags/example_branch_python_dop_operator_3.py
[2023-08-24T04:43:52.296+0000] {processor.py:839} INFO - DAG(s) dict_keys(['example_branch_dop_operator_v3']) retrieved from /usr/local/lib/python3.8/dist-packages/airflow/example_dags/example_branch_python_dop_operator_3.py
[2023-08-24T04:43:52.314+0000] {logging_mixin.py:151} INFO - [2023-08-24T04:43:52.314+0000] {dag.py:2907} INFO - Sync 1 DAGs
[2023-08-24T04:43:52.335+0000] {logging_mixin.py:151} INFO - [2023-08-24T04:43:52.335+0000] {dag.py:3677} INFO - Setting next_dagrun for example_branch_dop_operator_v3 to 2023-08-24T04:42:00+00:00, run_after=2023-08-24T04:43:00+00:00
[2023-08-24T04:43:52.353+0000] {processor.py:179} INFO - Processing /usr/local/lib/python3.8/dist-packages/airflow/example_dags/example_branch_python_dop_operator_3.py took 0.073 seconds
[2023-08-24T04:44:53.346+0000] {processor.py:157} INFO - Started process (PID=44096) to work on /usr/local/lib/python3.8/dist-packages/airflow/example_dags/example_branch_python_dop_operator_3.py
[2023-08-24T04:44:53.348+0000] {processor.py:829} INFO - Processing file /usr/local/lib/python3.8/dist-packages/airflow/example_dags/example_branch_python_dop_operator_3.py for tasks to queue
[2023-08-24T04:44:53.349+0000] {logging_mixin.py:151} INFO - [2023-08-24T04:44:53.348+0000] {dagbag.py:539} INFO - Filling up the DagBag from /usr/local/lib/python3.8/dist-packages/airflow/example_dags/example_branch_python_dop_operator_3.py
[2023-08-24T04:44:53.356+0000] {processor.py:839} INFO - DAG(s) dict_keys(['example_branch_dop_operator_v3']) retrieved from /usr/local/lib/python3.8/dist-packages/airflow/example_dags/example_branch_python_dop_operator_3.py
[2023-08-24T04:44:53.372+0000] {logging_mixin.py:151} INFO - [2023-08-24T04:44:53.372+0000] {dag.py:2907} INFO - Sync 1 DAGs
[2023-08-24T04:44:53.393+0000] {logging_mixin.py:151} INFO - [2023-08-24T04:44:53.393+0000] {dag.py:3677} INFO - Setting next_dagrun for example_branch_dop_operator_v3 to 2023-08-24T04:43:00+00:00, run_after=2023-08-24T04:44:00+00:00
[2023-08-24T04:44:53.411+0000] {processor.py:179} INFO - Processing /usr/local/lib/python3.8/dist-packages/airflow/example_dags/example_branch_python_dop_operator_3.py took 0.068 seconds
[2023-08-24T04:45:54.825+0000] {processor.py:157} INFO - Started process (PID=44279) to work on /usr/local/lib/python3.8/dist-packages/airflow/example_dags/example_branch_python_dop_operator_3.py
[2023-08-24T04:45:54.826+0000] {processor.py:829} INFO - Processing file /usr/local/lib/python3.8/dist-packages/airflow/example_dags/example_branch_python_dop_operator_3.py for tasks to queue
[2023-08-24T04:45:54.827+0000] {logging_mixin.py:151} INFO - [2023-08-24T04:45:54.827+0000] {dagbag.py:539} INFO - Filling up the DagBag from /usr/local/lib/python3.8/dist-packages/airflow/example_dags/example_branch_python_dop_operator_3.py
[2023-08-24T04:45:54.835+0000] {processor.py:839} INFO - DAG(s) dict_keys(['example_branch_dop_operator_v3']) retrieved from /usr/local/lib/python3.8/dist-packages/airflow/example_dags/example_branch_python_dop_operator_3.py
[2023-08-24T04:45:54.852+0000] {logging_mixin.py:151} INFO - [2023-08-24T04:45:54.852+0000] {dag.py:2907} INFO - Sync 1 DAGs
[2023-08-24T04:45:54.872+0000] {logging_mixin.py:151} INFO - [2023-08-24T04:45:54.872+0000] {dag.py:3677} INFO - Setting next_dagrun for example_branch_dop_operator_v3 to 2023-08-24T04:44:00+00:00, run_after=2023-08-24T04:45:00+00:00
[2023-08-24T04:45:54.891+0000] {processor.py:179} INFO - Processing /usr/local/lib/python3.8/dist-packages/airflow/example_dags/example_branch_python_dop_operator_3.py took 0.070 seconds
[2023-08-24T04:46:56.586+0000] {processor.py:157} INFO - Started process (PID=44462) to work on /usr/local/lib/python3.8/dist-packages/airflow/example_dags/example_branch_python_dop_operator_3.py
[2023-08-24T04:46:56.588+0000] {processor.py:829} INFO - Processing file /usr/local/lib/python3.8/dist-packages/airflow/example_dags/example_branch_python_dop_operator_3.py for tasks to queue
[2023-08-24T04:46:56.588+0000] {logging_mixin.py:151} INFO - [2023-08-24T04:46:56.588+0000] {dagbag.py:539} INFO - Filling up the DagBag from /usr/local/lib/python3.8/dist-packages/airflow/example_dags/example_branch_python_dop_operator_3.py
[2023-08-24T04:46:56.596+0000] {processor.py:839} INFO - DAG(s) dict_keys(['example_branch_dop_operator_v3']) retrieved from /usr/local/lib/python3.8/dist-packages/airflow/example_dags/example_branch_python_dop_operator_3.py
[2023-08-24T04:46:56.612+0000] {logging_mixin.py:151} INFO - [2023-08-24T04:46:56.612+0000] {dag.py:2907} INFO - Sync 1 DAGs
[2023-08-24T04:46:56.632+0000] {logging_mixin.py:151} INFO - [2023-08-24T04:46:56.632+0000] {dag.py:3677} INFO - Setting next_dagrun for example_branch_dop_operator_v3 to 2023-08-24T04:45:00+00:00, run_after=2023-08-24T04:46:00+00:00
[2023-08-24T04:46:56.651+0000] {processor.py:179} INFO - Processing /usr/local/lib/python3.8/dist-packages/airflow/example_dags/example_branch_python_dop_operator_3.py took 0.069 seconds
[2023-08-24T04:47:58.913+0000] {processor.py:157} INFO - Started process (PID=44646) to work on /usr/local/lib/python3.8/dist-packages/airflow/example_dags/example_branch_python_dop_operator_3.py
[2023-08-24T04:47:58.915+0000] {processor.py:829} INFO - Processing file /usr/local/lib/python3.8/dist-packages/airflow/example_dags/example_branch_python_dop_operator_3.py for tasks to queue
[2023-08-24T04:47:58.916+0000] {logging_mixin.py:151} INFO - [2023-08-24T04:47:58.915+0000] {dagbag.py:539} INFO - Filling up the DagBag from /usr/local/lib/python3.8/dist-packages/airflow/example_dags/example_branch_python_dop_operator_3.py
[2023-08-24T04:47:58.924+0000] {processor.py:839} INFO - DAG(s) dict_keys(['example_branch_dop_operator_v3']) retrieved from /usr/local/lib/python3.8/dist-packages/airflow/example_dags/example_branch_python_dop_operator_3.py
[2023-08-24T04:47:58.940+0000] {logging_mixin.py:151} INFO - [2023-08-24T04:47:58.940+0000] {dag.py:2907} INFO - Sync 1 DAGs
[2023-08-24T04:47:58.959+0000] {logging_mixin.py:151} INFO - [2023-08-24T04:47:58.959+0000] {dag.py:3677} INFO - Setting next_dagrun for example_branch_dop_operator_v3 to 2023-08-24T04:46:00+00:00, run_after=2023-08-24T04:47:00+00:00
[2023-08-24T04:47:58.978+0000] {processor.py:179} INFO - Processing /usr/local/lib/python3.8/dist-packages/airflow/example_dags/example_branch_python_dop_operator_3.py took 0.068 seconds
[2023-08-24T04:49:00.380+0000] {processor.py:157} INFO - Started process (PID=44829) to work on /usr/local/lib/python3.8/dist-packages/airflow/example_dags/example_branch_python_dop_operator_3.py
[2023-08-24T04:49:00.385+0000] {processor.py:829} INFO - Processing file /usr/local/lib/python3.8/dist-packages/airflow/example_dags/example_branch_python_dop_operator_3.py for tasks to queue
[2023-08-24T04:49:00.386+0000] {logging_mixin.py:151} INFO - [2023-08-24T04:49:00.385+0000] {dagbag.py:539} INFO - Filling up the DagBag from /usr/local/lib/python3.8/dist-packages/airflow/example_dags/example_branch_python_dop_operator_3.py
[2023-08-24T04:49:00.395+0000] {processor.py:839} INFO - DAG(s) dict_keys(['example_branch_dop_operator_v3']) retrieved from /usr/local/lib/python3.8/dist-packages/airflow/example_dags/example_branch_python_dop_operator_3.py
[2023-08-24T04:49:00.414+0000] {logging_mixin.py:151} INFO - [2023-08-24T04:49:00.414+0000] {dag.py:2907} INFO - Sync 1 DAGs
[2023-08-24T04:49:00.435+0000] {logging_mixin.py:151} INFO - [2023-08-24T04:49:00.435+0000] {dag.py:3677} INFO - Setting next_dagrun for example_branch_dop_operator_v3 to 2023-08-24T04:48:00+00:00, run_after=2023-08-24T04:49:00+00:00
[2023-08-24T04:49:00.454+0000] {processor.py:179} INFO - Processing /usr/local/lib/python3.8/dist-packages/airflow/example_dags/example_branch_python_dop_operator_3.py took 0.079 seconds
[2023-08-24T04:50:02.510+0000] {processor.py:157} INFO - Started process (PID=45013) to work on /usr/local/lib/python3.8/dist-packages/airflow/example_dags/example_branch_python_dop_operator_3.py
[2023-08-24T04:50:02.513+0000] {processor.py:829} INFO - Processing file /usr/local/lib/python3.8/dist-packages/airflow/example_dags/example_branch_python_dop_operator_3.py for tasks to queue
[2023-08-24T04:50:02.514+0000] {logging_mixin.py:151} INFO - [2023-08-24T04:50:02.514+0000] {dagbag.py:539} INFO - Filling up the DagBag from /usr/local/lib/python3.8/dist-packages/airflow/example_dags/example_branch_python_dop_operator_3.py
[2023-08-24T04:50:02.522+0000] {processor.py:839} INFO - DAG(s) dict_keys(['example_branch_dop_operator_v3']) retrieved from /usr/local/lib/python3.8/dist-packages/airflow/example_dags/example_branch_python_dop_operator_3.py
[2023-08-24T04:50:02.538+0000] {logging_mixin.py:151} INFO - [2023-08-24T04:50:02.538+0000] {dag.py:2907} INFO - Sync 1 DAGs
[2023-08-24T04:50:02.558+0000] {logging_mixin.py:151} INFO - [2023-08-24T04:50:02.558+0000] {dag.py:3677} INFO - Setting next_dagrun for example_branch_dop_operator_v3 to 2023-08-24T04:49:00+00:00, run_after=2023-08-24T04:50:00+00:00
[2023-08-24T04:50:02.579+0000] {processor.py:179} INFO - Processing /usr/local/lib/python3.8/dist-packages/airflow/example_dags/example_branch_python_dop_operator_3.py took 0.072 seconds
[2023-08-24T04:51:00.809+0000] {processor.py:157} INFO - Started process (PID=45198) to work on /usr/local/lib/python3.8/dist-packages/airflow/example_dags/example_branch_python_dop_operator_3.py
[2023-08-24T04:51:00.810+0000] {processor.py:829} INFO - Processing file /usr/local/lib/python3.8/dist-packages/airflow/example_dags/example_branch_python_dop_operator_3.py for tasks to queue
[2023-08-24T04:51:00.811+0000] {logging_mixin.py:151} INFO - [2023-08-24T04:51:00.811+0000] {dagbag.py:539} INFO - Filling up the DagBag from /usr/local/lib/python3.8/dist-packages/airflow/example_dags/example_branch_python_dop_operator_3.py
[2023-08-24T04:51:00.819+0000] {processor.py:839} INFO - DAG(s) dict_keys(['example_branch_dop_operator_v3']) retrieved from /usr/local/lib/python3.8/dist-packages/airflow/example_dags/example_branch_python_dop_operator_3.py
[2023-08-24T04:51:00.835+0000] {logging_mixin.py:151} INFO - [2023-08-24T04:51:00.835+0000] {dag.py:2907} INFO - Sync 1 DAGs
[2023-08-24T04:51:00.855+0000] {logging_mixin.py:151} INFO - [2023-08-24T04:51:00.855+0000] {dag.py:3677} INFO - Setting next_dagrun for example_branch_dop_operator_v3 to 2023-08-24T04:50:00+00:00, run_after=2023-08-24T04:51:00+00:00
[2023-08-24T04:51:00.873+0000] {processor.py:179} INFO - Processing /usr/local/lib/python3.8/dist-packages/airflow/example_dags/example_branch_python_dop_operator_3.py took 0.068 seconds
[2023-08-24T04:52:01.688+0000] {processor.py:157} INFO - Started process (PID=45380) to work on /usr/local/lib/python3.8/dist-packages/airflow/example_dags/example_branch_python_dop_operator_3.py
[2023-08-24T04:52:01.690+0000] {processor.py:829} INFO - Processing file /usr/local/lib/python3.8/dist-packages/airflow/example_dags/example_branch_python_dop_operator_3.py for tasks to queue
[2023-08-24T04:52:01.691+0000] {logging_mixin.py:151} INFO - [2023-08-24T04:52:01.690+0000] {dagbag.py:539} INFO - Filling up the DagBag from /usr/local/lib/python3.8/dist-packages/airflow/example_dags/example_branch_python_dop_operator_3.py
[2023-08-24T04:52:01.698+0000] {processor.py:839} INFO - DAG(s) dict_keys(['example_branch_dop_operator_v3']) retrieved from /usr/local/lib/python3.8/dist-packages/airflow/example_dags/example_branch_python_dop_operator_3.py
[2023-08-24T04:52:01.714+0000] {logging_mixin.py:151} INFO - [2023-08-24T04:52:01.714+0000] {dag.py:2907} INFO - Sync 1 DAGs
[2023-08-24T04:52:01.733+0000] {logging_mixin.py:151} INFO - [2023-08-24T04:52:01.733+0000] {dag.py:3677} INFO - Setting next_dagrun for example_branch_dop_operator_v3 to 2023-08-24T04:51:00+00:00, run_after=2023-08-24T04:52:00+00:00
[2023-08-24T04:52:01.751+0000] {processor.py:179} INFO - Processing /usr/local/lib/python3.8/dist-packages/airflow/example_dags/example_branch_python_dop_operator_3.py took 0.066 seconds
[2023-08-24T04:53:03.226+0000] {processor.py:157} INFO - Started process (PID=45569) to work on /usr/local/lib/python3.8/dist-packages/airflow/example_dags/example_branch_python_dop_operator_3.py
[2023-08-24T04:53:03.228+0000] {processor.py:829} INFO - Processing file /usr/local/lib/python3.8/dist-packages/airflow/example_dags/example_branch_python_dop_operator_3.py for tasks to queue
[2023-08-24T04:53:03.229+0000] {logging_mixin.py:151} INFO - [2023-08-24T04:53:03.228+0000] {dagbag.py:539} INFO - Filling up the DagBag from /usr/local/lib/python3.8/dist-packages/airflow/example_dags/example_branch_python_dop_operator_3.py
[2023-08-24T04:53:03.237+0000] {processor.py:839} INFO - DAG(s) dict_keys(['example_branch_dop_operator_v3']) retrieved from /usr/local/lib/python3.8/dist-packages/airflow/example_dags/example_branch_python_dop_operator_3.py
[2023-08-24T04:53:03.252+0000] {logging_mixin.py:151} INFO - [2023-08-24T04:53:03.252+0000] {dag.py:2907} INFO - Sync 1 DAGs
[2023-08-24T04:53:03.272+0000] {logging_mixin.py:151} INFO - [2023-08-24T04:53:03.272+0000] {dag.py:3677} INFO - Setting next_dagrun for example_branch_dop_operator_v3 to 2023-08-24T04:52:00+00:00, run_after=2023-08-24T04:53:00+00:00
[2023-08-24T04:53:03.290+0000] {processor.py:179} INFO - Processing /usr/local/lib/python3.8/dist-packages/airflow/example_dags/example_branch_python_dop_operator_3.py took 0.068 seconds
[2023-08-24T04:54:05.603+0000] {processor.py:157} INFO - Started process (PID=45752) to work on /usr/local/lib/python3.8/dist-packages/airflow/example_dags/example_branch_python_dop_operator_3.py
[2023-08-24T04:54:05.605+0000] {processor.py:829} INFO - Processing file /usr/local/lib/python3.8/dist-packages/airflow/example_dags/example_branch_python_dop_operator_3.py for tasks to queue
[2023-08-24T04:54:05.606+0000] {logging_mixin.py:151} INFO - [2023-08-24T04:54:05.605+0000] {dagbag.py:539} INFO - Filling up the DagBag from /usr/local/lib/python3.8/dist-packages/airflow/example_dags/example_branch_python_dop_operator_3.py
[2023-08-24T04:54:05.613+0000] {processor.py:839} INFO - DAG(s) dict_keys(['example_branch_dop_operator_v3']) retrieved from /usr/local/lib/python3.8/dist-packages/airflow/example_dags/example_branch_python_dop_operator_3.py
[2023-08-24T04:54:05.629+0000] {logging_mixin.py:151} INFO - [2023-08-24T04:54:05.629+0000] {dag.py:2907} INFO - Sync 1 DAGs
[2023-08-24T04:54:05.648+0000] {logging_mixin.py:151} INFO - [2023-08-24T04:54:05.648+0000] {dag.py:3677} INFO - Setting next_dagrun for example_branch_dop_operator_v3 to 2023-08-24T04:53:00+00:00, run_after=2023-08-24T04:54:00+00:00
[2023-08-24T04:54:05.665+0000] {processor.py:179} INFO - Processing /usr/local/lib/python3.8/dist-packages/airflow/example_dags/example_branch_python_dop_operator_3.py took 0.065 seconds
[2023-08-24T04:55:06.123+0000] {processor.py:157} INFO - Started process (PID=45935) to work on /usr/local/lib/python3.8/dist-packages/airflow/example_dags/example_branch_python_dop_operator_3.py
[2023-08-24T04:55:06.124+0000] {processor.py:829} INFO - Processing file /usr/local/lib/python3.8/dist-packages/airflow/example_dags/example_branch_python_dop_operator_3.py for tasks to queue
[2023-08-24T04:55:06.125+0000] {logging_mixin.py:151} INFO - [2023-08-24T04:55:06.125+0000] {dagbag.py:539} INFO - Filling up the DagBag from /usr/local/lib/python3.8/dist-packages/airflow/example_dags/example_branch_python_dop_operator_3.py
[2023-08-24T04:55:06.133+0000] {processor.py:839} INFO - DAG(s) dict_keys(['example_branch_dop_operator_v3']) retrieved from /usr/local/lib/python3.8/dist-packages/airflow/example_dags/example_branch_python_dop_operator_3.py
[2023-08-24T04:55:06.148+0000] {logging_mixin.py:151} INFO - [2023-08-24T04:55:06.148+0000] {dag.py:2907} INFO - Sync 1 DAGs
[2023-08-24T04:55:06.168+0000] {logging_mixin.py:151} INFO - [2023-08-24T04:55:06.168+0000] {dag.py:3677} INFO - Setting next_dagrun for example_branch_dop_operator_v3 to 2023-08-24T04:54:00+00:00, run_after=2023-08-24T04:55:00+00:00
[2023-08-24T04:55:06.186+0000] {processor.py:179} INFO - Processing /usr/local/lib/python3.8/dist-packages/airflow/example_dags/example_branch_python_dop_operator_3.py took 0.067 seconds
[2023-08-24T04:56:06.260+0000] {processor.py:157} INFO - Started process (PID=46123) to work on /usr/local/lib/python3.8/dist-packages/airflow/example_dags/example_branch_python_dop_operator_3.py
[2023-08-24T04:56:06.262+0000] {processor.py:829} INFO - Processing file /usr/local/lib/python3.8/dist-packages/airflow/example_dags/example_branch_python_dop_operator_3.py for tasks to queue
[2023-08-24T04:56:06.262+0000] {logging_mixin.py:151} INFO - [2023-08-24T04:56:06.262+0000] {dagbag.py:539} INFO - Filling up the DagBag from /usr/local/lib/python3.8/dist-packages/airflow/example_dags/example_branch_python_dop_operator_3.py
[2023-08-24T04:56:06.270+0000] {processor.py:839} INFO - DAG(s) dict_keys(['example_branch_dop_operator_v3']) retrieved from /usr/local/lib/python3.8/dist-packages/airflow/example_dags/example_branch_python_dop_operator_3.py
[2023-08-24T04:56:06.286+0000] {logging_mixin.py:151} INFO - [2023-08-24T04:56:06.286+0000] {dag.py:2907} INFO - Sync 1 DAGs
[2023-08-24T04:56:06.309+0000] {logging_mixin.py:151} INFO - [2023-08-24T04:56:06.309+0000] {dag.py:3677} INFO - Setting next_dagrun for example_branch_dop_operator_v3 to 2023-08-24T04:55:00+00:00, run_after=2023-08-24T04:56:00+00:00
[2023-08-24T04:56:06.327+0000] {processor.py:179} INFO - Processing /usr/local/lib/python3.8/dist-packages/airflow/example_dags/example_branch_python_dop_operator_3.py took 0.071 seconds
[2023-08-24T04:57:12.534+0000] {processor.py:157} INFO - Started process (PID=46320) to work on /usr/local/lib/python3.8/dist-packages/airflow/example_dags/example_branch_python_dop_operator_3.py
[2023-08-24T04:57:12.536+0000] {processor.py:829} INFO - Processing file /usr/local/lib/python3.8/dist-packages/airflow/example_dags/example_branch_python_dop_operator_3.py for tasks to queue
[2023-08-24T04:57:12.536+0000] {logging_mixin.py:151} INFO - [2023-08-24T04:57:12.536+0000] {dagbag.py:539} INFO - Filling up the DagBag from /usr/local/lib/python3.8/dist-packages/airflow/example_dags/example_branch_python_dop_operator_3.py
[2023-08-24T04:57:12.544+0000] {processor.py:839} INFO - DAG(s) dict_keys(['example_branch_dop_operator_v3']) retrieved from /usr/local/lib/python3.8/dist-packages/airflow/example_dags/example_branch_python_dop_operator_3.py
[2023-08-24T04:57:12.560+0000] {logging_mixin.py:151} INFO - [2023-08-24T04:57:12.560+0000] {dag.py:2907} INFO - Sync 1 DAGs
[2023-08-24T04:57:12.580+0000] {logging_mixin.py:151} INFO - [2023-08-24T04:57:12.580+0000] {dag.py:3677} INFO - Setting next_dagrun for example_branch_dop_operator_v3 to 2023-08-24T04:56:00+00:00, run_after=2023-08-24T04:57:00+00:00
[2023-08-24T04:57:12.598+0000] {processor.py:179} INFO - Processing /usr/local/lib/python3.8/dist-packages/airflow/example_dags/example_branch_python_dop_operator_3.py took 0.068 seconds
[2023-08-24T04:58:16.290+0000] {processor.py:157} INFO - Started process (PID=46504) to work on /usr/local/lib/python3.8/dist-packages/airflow/example_dags/example_branch_python_dop_operator_3.py
[2023-08-24T04:58:16.291+0000] {processor.py:829} INFO - Processing file /usr/local/lib/python3.8/dist-packages/airflow/example_dags/example_branch_python_dop_operator_3.py for tasks to queue
[2023-08-24T04:58:16.292+0000] {logging_mixin.py:151} INFO - [2023-08-24T04:58:16.292+0000] {dagbag.py:539} INFO - Filling up the DagBag from /usr/local/lib/python3.8/dist-packages/airflow/example_dags/example_branch_python_dop_operator_3.py
[2023-08-24T04:58:16.300+0000] {processor.py:839} INFO - DAG(s) dict_keys(['example_branch_dop_operator_v3']) retrieved from /usr/local/lib/python3.8/dist-packages/airflow/example_dags/example_branch_python_dop_operator_3.py
[2023-08-24T04:58:16.315+0000] {logging_mixin.py:151} INFO - [2023-08-24T04:58:16.315+0000] {dag.py:2907} INFO - Sync 1 DAGs
[2023-08-24T04:58:16.334+0000] {logging_mixin.py:151} INFO - [2023-08-24T04:58:16.334+0000] {dag.py:3677} INFO - Setting next_dagrun for example_branch_dop_operator_v3 to 2023-08-24T04:57:00+00:00, run_after=2023-08-24T04:58:00+00:00
[2023-08-24T04:58:16.352+0000] {processor.py:179} INFO - Processing /usr/local/lib/python3.8/dist-packages/airflow/example_dags/example_branch_python_dop_operator_3.py took 0.065 seconds
[2023-08-24T04:59:17.750+0000] {processor.py:157} INFO - Started process (PID=46687) to work on /usr/local/lib/python3.8/dist-packages/airflow/example_dags/example_branch_python_dop_operator_3.py
[2023-08-24T04:59:17.752+0000] {processor.py:829} INFO - Processing file /usr/local/lib/python3.8/dist-packages/airflow/example_dags/example_branch_python_dop_operator_3.py for tasks to queue
[2023-08-24T04:59:17.753+0000] {logging_mixin.py:151} INFO - [2023-08-24T04:59:17.752+0000] {dagbag.py:539} INFO - Filling up the DagBag from /usr/local/lib/python3.8/dist-packages/airflow/example_dags/example_branch_python_dop_operator_3.py
[2023-08-24T04:59:17.761+0000] {processor.py:839} INFO - DAG(s) dict_keys(['example_branch_dop_operator_v3']) retrieved from /usr/local/lib/python3.8/dist-packages/airflow/example_dags/example_branch_python_dop_operator_3.py
[2023-08-24T04:59:17.776+0000] {logging_mixin.py:151} INFO - [2023-08-24T04:59:17.776+0000] {dag.py:2907} INFO - Sync 1 DAGs
[2023-08-24T04:59:17.911+0000] {logging_mixin.py:151} INFO - [2023-08-24T04:59:17.911+0000] {dag.py:3677} INFO - Setting next_dagrun for example_branch_dop_operator_v3 to 2023-08-24T04:58:00+00:00, run_after=2023-08-24T04:59:00+00:00
[2023-08-24T04:59:17.928+0000] {processor.py:179} INFO - Processing /usr/local/lib/python3.8/dist-packages/airflow/example_dags/example_branch_python_dop_operator_3.py took 0.182 seconds
[2023-08-24T05:00:21.992+0000] {processor.py:157} INFO - Started process (PID=46871) to work on /usr/local/lib/python3.8/dist-packages/airflow/example_dags/example_branch_python_dop_operator_3.py
[2023-08-24T05:00:21.994+0000] {processor.py:829} INFO - Processing file /usr/local/lib/python3.8/dist-packages/airflow/example_dags/example_branch_python_dop_operator_3.py for tasks to queue
[2023-08-24T05:00:21.995+0000] {logging_mixin.py:151} INFO - [2023-08-24T05:00:21.994+0000] {dagbag.py:539} INFO - Filling up the DagBag from /usr/local/lib/python3.8/dist-packages/airflow/example_dags/example_branch_python_dop_operator_3.py
[2023-08-24T05:00:22.003+0000] {processor.py:839} INFO - DAG(s) dict_keys(['example_branch_dop_operator_v3']) retrieved from /usr/local/lib/python3.8/dist-packages/airflow/example_dags/example_branch_python_dop_operator_3.py
[2023-08-24T05:00:22.018+0000] {logging_mixin.py:151} INFO - [2023-08-24T05:00:22.018+0000] {dag.py:2907} INFO - Sync 1 DAGs
[2023-08-24T05:00:22.037+0000] {logging_mixin.py:151} INFO - [2023-08-24T05:00:22.037+0000] {dag.py:3677} INFO - Setting next_dagrun for example_branch_dop_operator_v3 to 2023-08-24T04:59:00+00:00, run_after=2023-08-24T05:00:00+00:00
[2023-08-24T05:00:22.055+0000] {processor.py:179} INFO - Processing /usr/local/lib/python3.8/dist-packages/airflow/example_dags/example_branch_python_dop_operator_3.py took 0.066 seconds
[2023-08-24T05:01:21.231+0000] {processor.py:157} INFO - Started process (PID=47068) to work on /usr/local/lib/python3.8/dist-packages/airflow/example_dags/example_branch_python_dop_operator_3.py
[2023-08-24T05:01:21.233+0000] {processor.py:829} INFO - Processing file /usr/local/lib/python3.8/dist-packages/airflow/example_dags/example_branch_python_dop_operator_3.py for tasks to queue
[2023-08-24T05:01:21.234+0000] {logging_mixin.py:151} INFO - [2023-08-24T05:01:21.233+0000] {dagbag.py:539} INFO - Filling up the DagBag from /usr/local/lib/python3.8/dist-packages/airflow/example_dags/example_branch_python_dop_operator_3.py
[2023-08-24T05:01:21.243+0000] {processor.py:839} INFO - DAG(s) dict_keys(['example_branch_dop_operator_v3']) retrieved from /usr/local/lib/python3.8/dist-packages/airflow/example_dags/example_branch_python_dop_operator_3.py
[2023-08-24T05:01:21.261+0000] {logging_mixin.py:151} INFO - [2023-08-24T05:01:21.261+0000] {dag.py:2907} INFO - Sync 1 DAGs
[2023-08-24T05:01:21.282+0000] {logging_mixin.py:151} INFO - [2023-08-24T05:01:21.282+0000] {dag.py:3677} INFO - Setting next_dagrun for example_branch_dop_operator_v3 to 2023-08-24T05:00:00+00:00, run_after=2023-08-24T05:01:00+00:00
[2023-08-24T05:01:21.301+0000] {processor.py:179} INFO - Processing /usr/local/lib/python3.8/dist-packages/airflow/example_dags/example_branch_python_dop_operator_3.py took 0.074 seconds
[2023-08-24T05:02:19.623+0000] {processor.py:157} INFO - Started process (PID=47254) to work on /usr/local/lib/python3.8/dist-packages/airflow/example_dags/example_branch_python_dop_operator_3.py
[2023-08-24T05:02:19.626+0000] {processor.py:829} INFO - Processing file /usr/local/lib/python3.8/dist-packages/airflow/example_dags/example_branch_python_dop_operator_3.py for tasks to queue
[2023-08-24T05:02:19.627+0000] {logging_mixin.py:151} INFO - [2023-08-24T05:02:19.627+0000] {dagbag.py:539} INFO - Filling up the DagBag from /usr/local/lib/python3.8/dist-packages/airflow/example_dags/example_branch_python_dop_operator_3.py
[2023-08-24T05:02:19.636+0000] {processor.py:839} INFO - DAG(s) dict_keys(['example_branch_dop_operator_v3']) retrieved from /usr/local/lib/python3.8/dist-packages/airflow/example_dags/example_branch_python_dop_operator_3.py
[2023-08-24T05:02:19.654+0000] {logging_mixin.py:151} INFO - [2023-08-24T05:02:19.654+0000] {dag.py:2907} INFO - Sync 1 DAGs
[2023-08-24T05:02:19.673+0000] {logging_mixin.py:151} INFO - [2023-08-24T05:02:19.673+0000] {dag.py:3677} INFO - Setting next_dagrun for example_branch_dop_operator_v3 to 2023-08-24T05:01:00+00:00, run_after=2023-08-24T05:02:00+00:00
[2023-08-24T05:02:19.691+0000] {processor.py:179} INFO - Processing /usr/local/lib/python3.8/dist-packages/airflow/example_dags/example_branch_python_dop_operator_3.py took 0.072 seconds
[2023-08-24T05:03:20.389+0000] {processor.py:157} INFO - Started process (PID=47442) to work on /usr/local/lib/python3.8/dist-packages/airflow/example_dags/example_branch_python_dop_operator_3.py
[2023-08-24T05:03:20.391+0000] {processor.py:829} INFO - Processing file /usr/local/lib/python3.8/dist-packages/airflow/example_dags/example_branch_python_dop_operator_3.py for tasks to queue
[2023-08-24T05:03:20.392+0000] {logging_mixin.py:151} INFO - [2023-08-24T05:03:20.391+0000] {dagbag.py:539} INFO - Filling up the DagBag from /usr/local/lib/python3.8/dist-packages/airflow/example_dags/example_branch_python_dop_operator_3.py
[2023-08-24T05:03:20.401+0000] {processor.py:839} INFO - DAG(s) dict_keys(['example_branch_dop_operator_v3']) retrieved from /usr/local/lib/python3.8/dist-packages/airflow/example_dags/example_branch_python_dop_operator_3.py
[2023-08-24T05:03:20.419+0000] {logging_mixin.py:151} INFO - [2023-08-24T05:03:20.419+0000] {dag.py:2907} INFO - Sync 1 DAGs
[2023-08-24T05:03:20.441+0000] {logging_mixin.py:151} INFO - [2023-08-24T05:03:20.441+0000] {dag.py:3677} INFO - Setting next_dagrun for example_branch_dop_operator_v3 to 2023-08-24T05:02:00+00:00, run_after=2023-08-24T05:03:00+00:00
[2023-08-24T05:03:20.460+0000] {processor.py:179} INFO - Processing /usr/local/lib/python3.8/dist-packages/airflow/example_dags/example_branch_python_dop_operator_3.py took 0.075 seconds
[2023-08-24T05:04:19.384+0000] {processor.py:157} INFO - Started process (PID=47625) to work on /usr/local/lib/python3.8/dist-packages/airflow/example_dags/example_branch_python_dop_operator_3.py
[2023-08-24T05:04:19.385+0000] {processor.py:829} INFO - Processing file /usr/local/lib/python3.8/dist-packages/airflow/example_dags/example_branch_python_dop_operator_3.py for tasks to queue
[2023-08-24T05:04:19.386+0000] {logging_mixin.py:151} INFO - [2023-08-24T05:04:19.386+0000] {dagbag.py:539} INFO - Filling up the DagBag from /usr/local/lib/python3.8/dist-packages/airflow/example_dags/example_branch_python_dop_operator_3.py
[2023-08-24T05:04:19.394+0000] {processor.py:839} INFO - DAG(s) dict_keys(['example_branch_dop_operator_v3']) retrieved from /usr/local/lib/python3.8/dist-packages/airflow/example_dags/example_branch_python_dop_operator_3.py
[2023-08-24T05:04:19.410+0000] {logging_mixin.py:151} INFO - [2023-08-24T05:04:19.410+0000] {dag.py:2907} INFO - Sync 1 DAGs
[2023-08-24T05:04:19.430+0000] {logging_mixin.py:151} INFO - [2023-08-24T05:04:19.430+0000] {dag.py:3677} INFO - Setting next_dagrun for example_branch_dop_operator_v3 to 2023-08-24T05:03:00+00:00, run_after=2023-08-24T05:04:00+00:00
[2023-08-24T05:04:19.448+0000] {processor.py:179} INFO - Processing /usr/local/lib/python3.8/dist-packages/airflow/example_dags/example_branch_python_dop_operator_3.py took 0.069 seconds
[2023-08-24T05:05:19.614+0000] {processor.py:157} INFO - Started process (PID=47821) to work on /usr/local/lib/python3.8/dist-packages/airflow/example_dags/example_branch_python_dop_operator_3.py
[2023-08-24T05:05:19.615+0000] {processor.py:829} INFO - Processing file /usr/local/lib/python3.8/dist-packages/airflow/example_dags/example_branch_python_dop_operator_3.py for tasks to queue
[2023-08-24T05:05:19.616+0000] {logging_mixin.py:151} INFO - [2023-08-24T05:05:19.616+0000] {dagbag.py:539} INFO - Filling up the DagBag from /usr/local/lib/python3.8/dist-packages/airflow/example_dags/example_branch_python_dop_operator_3.py
[2023-08-24T05:05:19.624+0000] {processor.py:839} INFO - DAG(s) dict_keys(['example_branch_dop_operator_v3']) retrieved from /usr/local/lib/python3.8/dist-packages/airflow/example_dags/example_branch_python_dop_operator_3.py
[2023-08-24T05:05:19.640+0000] {logging_mixin.py:151} INFO - [2023-08-24T05:05:19.640+0000] {dag.py:2907} INFO - Sync 1 DAGs
[2023-08-24T05:05:19.659+0000] {logging_mixin.py:151} INFO - [2023-08-24T05:05:19.659+0000] {dag.py:3677} INFO - Setting next_dagrun for example_branch_dop_operator_v3 to 2023-08-24T05:04:00+00:00, run_after=2023-08-24T05:05:00+00:00
[2023-08-24T05:05:19.677+0000] {processor.py:179} INFO - Processing /usr/local/lib/python3.8/dist-packages/airflow/example_dags/example_branch_python_dop_operator_3.py took 0.067 seconds
[2023-08-24T05:06:17.361+0000] {processor.py:157} INFO - Started process (PID=48017) to work on /usr/local/lib/python3.8/dist-packages/airflow/example_dags/example_branch_python_dop_operator_3.py
[2023-08-24T05:06:17.363+0000] {processor.py:829} INFO - Processing file /usr/local/lib/python3.8/dist-packages/airflow/example_dags/example_branch_python_dop_operator_3.py for tasks to queue
[2023-08-24T05:06:17.363+0000] {logging_mixin.py:151} INFO - [2023-08-24T05:06:17.363+0000] {dagbag.py:539} INFO - Filling up the DagBag from /usr/local/lib/python3.8/dist-packages/airflow/example_dags/example_branch_python_dop_operator_3.py
[2023-08-24T05:06:17.371+0000] {processor.py:839} INFO - DAG(s) dict_keys(['example_branch_dop_operator_v3']) retrieved from /usr/local/lib/python3.8/dist-packages/airflow/example_dags/example_branch_python_dop_operator_3.py
[2023-08-24T05:06:17.387+0000] {logging_mixin.py:151} INFO - [2023-08-24T05:06:17.387+0000] {dag.py:2907} INFO - Sync 1 DAGs
[2023-08-24T05:06:17.406+0000] {logging_mixin.py:151} INFO - [2023-08-24T05:06:17.406+0000] {dag.py:3677} INFO - Setting next_dagrun for example_branch_dop_operator_v3 to 2023-08-24T05:05:00+00:00, run_after=2023-08-24T05:06:00+00:00
[2023-08-24T05:06:17.424+0000] {processor.py:179} INFO - Processing /usr/local/lib/python3.8/dist-packages/airflow/example_dags/example_branch_python_dop_operator_3.py took 0.067 seconds
[2023-08-24T05:07:14.142+0000] {processor.py:157} INFO - Started process (PID=48199) to work on /usr/local/lib/python3.8/dist-packages/airflow/example_dags/example_branch_python_dop_operator_3.py
[2023-08-24T05:07:14.144+0000] {processor.py:829} INFO - Processing file /usr/local/lib/python3.8/dist-packages/airflow/example_dags/example_branch_python_dop_operator_3.py for tasks to queue
[2023-08-24T05:07:14.145+0000] {logging_mixin.py:151} INFO - [2023-08-24T05:07:14.145+0000] {dagbag.py:539} INFO - Filling up the DagBag from /usr/local/lib/python3.8/dist-packages/airflow/example_dags/example_branch_python_dop_operator_3.py
[2023-08-24T05:07:14.155+0000] {processor.py:839} INFO - DAG(s) dict_keys(['example_branch_dop_operator_v3']) retrieved from /usr/local/lib/python3.8/dist-packages/airflow/example_dags/example_branch_python_dop_operator_3.py
[2023-08-24T05:07:14.171+0000] {logging_mixin.py:151} INFO - [2023-08-24T05:07:14.171+0000] {dag.py:2907} INFO - Sync 1 DAGs
[2023-08-24T05:07:14.190+0000] {logging_mixin.py:151} INFO - [2023-08-24T05:07:14.190+0000] {dag.py:3677} INFO - Setting next_dagrun for example_branch_dop_operator_v3 to 2023-08-24T05:06:00+00:00, run_after=2023-08-24T05:07:00+00:00
[2023-08-24T05:07:14.209+0000] {processor.py:179} INFO - Processing /usr/local/lib/python3.8/dist-packages/airflow/example_dags/example_branch_python_dop_operator_3.py took 0.070 seconds
[2023-08-24T05:08:12.428+0000] {processor.py:157} INFO - Started process (PID=48383) to work on /usr/local/lib/python3.8/dist-packages/airflow/example_dags/example_branch_python_dop_operator_3.py
[2023-08-24T05:08:12.430+0000] {processor.py:829} INFO - Processing file /usr/local/lib/python3.8/dist-packages/airflow/example_dags/example_branch_python_dop_operator_3.py for tasks to queue
[2023-08-24T05:08:12.431+0000] {logging_mixin.py:151} INFO - [2023-08-24T05:08:12.430+0000] {dagbag.py:539} INFO - Filling up the DagBag from /usr/local/lib/python3.8/dist-packages/airflow/example_dags/example_branch_python_dop_operator_3.py
[2023-08-24T05:08:12.439+0000] {processor.py:839} INFO - DAG(s) dict_keys(['example_branch_dop_operator_v3']) retrieved from /usr/local/lib/python3.8/dist-packages/airflow/example_dags/example_branch_python_dop_operator_3.py
[2023-08-24T05:08:12.456+0000] {logging_mixin.py:151} INFO - [2023-08-24T05:08:12.455+0000] {dag.py:2907} INFO - Sync 1 DAGs
[2023-08-24T05:08:12.475+0000] {logging_mixin.py:151} INFO - [2023-08-24T05:08:12.475+0000] {dag.py:3677} INFO - Setting next_dagrun for example_branch_dop_operator_v3 to 2023-08-24T05:07:00+00:00, run_after=2023-08-24T05:08:00+00:00
[2023-08-24T05:08:12.494+0000] {processor.py:179} INFO - Processing /usr/local/lib/python3.8/dist-packages/airflow/example_dags/example_branch_python_dop_operator_3.py took 0.070 seconds
[2023-08-24T05:09:13.031+0000] {processor.py:157} INFO - Started process (PID=48579) to work on /usr/local/lib/python3.8/dist-packages/airflow/example_dags/example_branch_python_dop_operator_3.py
[2023-08-24T05:09:13.033+0000] {processor.py:829} INFO - Processing file /usr/local/lib/python3.8/dist-packages/airflow/example_dags/example_branch_python_dop_operator_3.py for tasks to queue
[2023-08-24T05:09:13.034+0000] {logging_mixin.py:151} INFO - [2023-08-24T05:09:13.034+0000] {dagbag.py:539} INFO - Filling up the DagBag from /usr/local/lib/python3.8/dist-packages/airflow/example_dags/example_branch_python_dop_operator_3.py
[2023-08-24T05:09:13.042+0000] {processor.py:839} INFO - DAG(s) dict_keys(['example_branch_dop_operator_v3']) retrieved from /usr/local/lib/python3.8/dist-packages/airflow/example_dags/example_branch_python_dop_operator_3.py
[2023-08-24T05:09:13.060+0000] {logging_mixin.py:151} INFO - [2023-08-24T05:09:13.059+0000] {dag.py:2907} INFO - Sync 1 DAGs
[2023-08-24T05:09:13.080+0000] {logging_mixin.py:151} INFO - [2023-08-24T05:09:13.080+0000] {dag.py:3677} INFO - Setting next_dagrun for example_branch_dop_operator_v3 to 2023-08-24T05:08:00+00:00, run_after=2023-08-24T05:09:00+00:00
[2023-08-24T05:09:13.100+0000] {processor.py:179} INFO - Processing /usr/local/lib/python3.8/dist-packages/airflow/example_dags/example_branch_python_dop_operator_3.py took 0.072 seconds
[2023-08-24T05:10:12.037+0000] {processor.py:157} INFO - Started process (PID=48762) to work on /usr/local/lib/python3.8/dist-packages/airflow/example_dags/example_branch_python_dop_operator_3.py
[2023-08-24T05:10:12.039+0000] {processor.py:829} INFO - Processing file /usr/local/lib/python3.8/dist-packages/airflow/example_dags/example_branch_python_dop_operator_3.py for tasks to queue
[2023-08-24T05:10:12.040+0000] {logging_mixin.py:151} INFO - [2023-08-24T05:10:12.039+0000] {dagbag.py:539} INFO - Filling up the DagBag from /usr/local/lib/python3.8/dist-packages/airflow/example_dags/example_branch_python_dop_operator_3.py
[2023-08-24T05:10:12.048+0000] {processor.py:839} INFO - DAG(s) dict_keys(['example_branch_dop_operator_v3']) retrieved from /usr/local/lib/python3.8/dist-packages/airflow/example_dags/example_branch_python_dop_operator_3.py
[2023-08-24T05:10:12.064+0000] {logging_mixin.py:151} INFO - [2023-08-24T05:10:12.064+0000] {dag.py:2907} INFO - Sync 1 DAGs
[2023-08-24T05:10:12.084+0000] {logging_mixin.py:151} INFO - [2023-08-24T05:10:12.083+0000] {dag.py:3677} INFO - Setting next_dagrun for example_branch_dop_operator_v3 to 2023-08-24T05:09:00+00:00, run_after=2023-08-24T05:10:00+00:00
[2023-08-24T05:10:12.102+0000] {processor.py:179} INFO - Processing /usr/local/lib/python3.8/dist-packages/airflow/example_dags/example_branch_python_dop_operator_3.py took 0.068 seconds
[2023-08-24T05:11:26.557+0000] {processor.py:157} INFO - Started process (PID=48918) to work on /usr/local/lib/python3.8/dist-packages/airflow/example_dags/example_branch_python_dop_operator_3.py
[2023-08-24T05:11:26.559+0000] {processor.py:829} INFO - Processing file /usr/local/lib/python3.8/dist-packages/airflow/example_dags/example_branch_python_dop_operator_3.py for tasks to queue
[2023-08-24T05:11:26.560+0000] {logging_mixin.py:151} INFO - [2023-08-24T05:11:26.559+0000] {dagbag.py:539} INFO - Filling up the DagBag from /usr/local/lib/python3.8/dist-packages/airflow/example_dags/example_branch_python_dop_operator_3.py
[2023-08-24T05:11:26.568+0000] {processor.py:839} INFO - DAG(s) dict_keys(['example_branch_dop_operator_v3']) retrieved from /usr/local/lib/python3.8/dist-packages/airflow/example_dags/example_branch_python_dop_operator_3.py
[2023-08-24T05:11:26.585+0000] {logging_mixin.py:151} INFO - [2023-08-24T05:11:26.585+0000] {dag.py:2907} INFO - Sync 1 DAGs
[2023-08-24T05:11:26.605+0000] {logging_mixin.py:151} INFO - [2023-08-24T05:11:26.605+0000] {dag.py:3677} INFO - Setting next_dagrun for example_branch_dop_operator_v3 to 2023-08-24T05:10:00+00:00, run_after=2023-08-24T05:11:00+00:00
[2023-08-24T05:11:26.626+0000] {processor.py:179} INFO - Processing /usr/local/lib/python3.8/dist-packages/airflow/example_dags/example_branch_python_dop_operator_3.py took 0.073 seconds
[2023-08-24T05:12:28.055+0000] {processor.py:157} INFO - Started process (PID=49114) to work on /usr/local/lib/python3.8/dist-packages/airflow/example_dags/example_branch_python_dop_operator_3.py
[2023-08-24T05:12:28.056+0000] {processor.py:829} INFO - Processing file /usr/local/lib/python3.8/dist-packages/airflow/example_dags/example_branch_python_dop_operator_3.py for tasks to queue
[2023-08-24T05:12:28.057+0000] {logging_mixin.py:151} INFO - [2023-08-24T05:12:28.057+0000] {dagbag.py:539} INFO - Filling up the DagBag from /usr/local/lib/python3.8/dist-packages/airflow/example_dags/example_branch_python_dop_operator_3.py
[2023-08-24T05:12:28.065+0000] {processor.py:839} INFO - DAG(s) dict_keys(['example_branch_dop_operator_v3']) retrieved from /usr/local/lib/python3.8/dist-packages/airflow/example_dags/example_branch_python_dop_operator_3.py
[2023-08-24T05:12:28.081+0000] {logging_mixin.py:151} INFO - [2023-08-24T05:12:28.081+0000] {dag.py:2907} INFO - Sync 1 DAGs
[2023-08-24T05:12:28.100+0000] {logging_mixin.py:151} INFO - [2023-08-24T05:12:28.100+0000] {dag.py:3677} INFO - Setting next_dagrun for example_branch_dop_operator_v3 to 2023-08-24T05:11:00+00:00, run_after=2023-08-24T05:12:00+00:00
[2023-08-24T05:12:28.117+0000] {processor.py:179} INFO - Processing /usr/local/lib/python3.8/dist-packages/airflow/example_dags/example_branch_python_dop_operator_3.py took 0.066 seconds
[2023-08-24T05:13:29.686+0000] {processor.py:157} INFO - Started process (PID=49319) to work on /usr/local/lib/python3.8/dist-packages/airflow/example_dags/example_branch_python_dop_operator_3.py
[2023-08-24T05:13:29.688+0000] {processor.py:829} INFO - Processing file /usr/local/lib/python3.8/dist-packages/airflow/example_dags/example_branch_python_dop_operator_3.py for tasks to queue
[2023-08-24T05:13:29.689+0000] {logging_mixin.py:151} INFO - [2023-08-24T05:13:29.688+0000] {dagbag.py:539} INFO - Filling up the DagBag from /usr/local/lib/python3.8/dist-packages/airflow/example_dags/example_branch_python_dop_operator_3.py
[2023-08-24T05:13:29.697+0000] {processor.py:839} INFO - DAG(s) dict_keys(['example_branch_dop_operator_v3']) retrieved from /usr/local/lib/python3.8/dist-packages/airflow/example_dags/example_branch_python_dop_operator_3.py
[2023-08-24T05:13:29.713+0000] {logging_mixin.py:151} INFO - [2023-08-24T05:13:29.713+0000] {dag.py:2907} INFO - Sync 1 DAGs
[2023-08-24T05:13:29.734+0000] {logging_mixin.py:151} INFO - [2023-08-24T05:13:29.733+0000] {dag.py:3677} INFO - Setting next_dagrun for example_branch_dop_operator_v3 to 2023-08-24T05:12:00+00:00, run_after=2023-08-24T05:13:00+00:00
[2023-08-24T05:13:29.752+0000] {processor.py:179} INFO - Processing /usr/local/lib/python3.8/dist-packages/airflow/example_dags/example_branch_python_dop_operator_3.py took 0.070 seconds
