[2023-08-24T04:21:59.262+0000] {processor.py:157} INFO - Started process (PID=37599) to work on /usr/local/lib/python3.8/dist-packages/airflow/example_dags/example_latest_only.py
[2023-08-24T04:21:59.263+0000] {processor.py:829} INFO - Processing file /usr/local/lib/python3.8/dist-packages/airflow/example_dags/example_latest_only.py for tasks to queue
[2023-08-24T04:21:59.264+0000] {logging_mixin.py:151} INFO - [2023-08-24T04:21:59.263+0000] {dagbag.py:539} INFO - Filling up the DagBag from /usr/local/lib/python3.8/dist-packages/airflow/example_dags/example_latest_only.py
[2023-08-24T04:21:59.270+0000] {processor.py:839} INFO - DAG(s) dict_keys(['latest_only']) retrieved from /usr/local/lib/python3.8/dist-packages/airflow/example_dags/example_latest_only.py
[2023-08-24T04:21:59.287+0000] {logging_mixin.py:151} INFO - [2023-08-24T04:21:59.287+0000] {dag.py:2907} INFO - Sync 1 DAGs
[2023-08-24T04:21:59.302+0000] {logging_mixin.py:151} INFO - [2023-08-24T04:21:59.302+0000] {dag.py:3677} INFO - Setting next_dagrun for latest_only to 2023-08-24T00:21:59.302525+00:00, run_after=2023-08-24T04:21:59.302525+00:00
[2023-08-24T04:21:59.320+0000] {processor.py:179} INFO - Processing /usr/local/lib/python3.8/dist-packages/airflow/example_dags/example_latest_only.py took 0.062 seconds
[2023-08-24T04:31:13.379+0000] {processor.py:157} INFO - Started process (PID=41474) to work on /usr/local/lib/python3.8/dist-packages/airflow/example_dags/example_latest_only.py
[2023-08-24T04:31:13.381+0000] {processor.py:829} INFO - Processing file /usr/local/lib/python3.8/dist-packages/airflow/example_dags/example_latest_only.py for tasks to queue
[2023-08-24T04:31:13.382+0000] {logging_mixin.py:151} INFO - [2023-08-24T04:31:13.381+0000] {dagbag.py:539} INFO - Filling up the DagBag from /usr/local/lib/python3.8/dist-packages/airflow/example_dags/example_latest_only.py
[2023-08-24T04:31:13.388+0000] {processor.py:839} INFO - DAG(s) dict_keys(['latest_only']) retrieved from /usr/local/lib/python3.8/dist-packages/airflow/example_dags/example_latest_only.py
[2023-08-24T04:31:13.406+0000] {logging_mixin.py:151} INFO - [2023-08-24T04:31:13.405+0000] {dag.py:2907} INFO - Sync 1 DAGs
[2023-08-24T04:31:13.422+0000] {logging_mixin.py:151} INFO - [2023-08-24T04:31:13.422+0000] {dag.py:3677} INFO - Setting next_dagrun for latest_only to 2023-08-24T00:31:13.422375+00:00, run_after=2023-08-24T04:31:13.422375+00:00
[2023-08-24T04:31:13.440+0000] {processor.py:179} INFO - Processing /usr/local/lib/python3.8/dist-packages/airflow/example_dags/example_latest_only.py took 0.064 seconds
[2023-08-24T04:32:14.275+0000] {processor.py:157} INFO - Started process (PID=41672) to work on /usr/local/lib/python3.8/dist-packages/airflow/example_dags/example_latest_only.py
[2023-08-24T04:32:14.277+0000] {processor.py:829} INFO - Processing file /usr/local/lib/python3.8/dist-packages/airflow/example_dags/example_latest_only.py for tasks to queue
[2023-08-24T04:32:14.278+0000] {logging_mixin.py:151} INFO - [2023-08-24T04:32:14.278+0000] {dagbag.py:539} INFO - Filling up the DagBag from /usr/local/lib/python3.8/dist-packages/airflow/example_dags/example_latest_only.py
[2023-08-24T04:32:14.285+0000] {processor.py:839} INFO - DAG(s) dict_keys(['latest_only']) retrieved from /usr/local/lib/python3.8/dist-packages/airflow/example_dags/example_latest_only.py
[2023-08-24T04:32:14.301+0000] {logging_mixin.py:151} INFO - [2023-08-24T04:32:14.301+0000] {dag.py:2907} INFO - Sync 1 DAGs
[2023-08-24T04:32:14.319+0000] {logging_mixin.py:151} INFO - [2023-08-24T04:32:14.319+0000] {dag.py:3677} INFO - Setting next_dagrun for latest_only to 2023-08-24T00:32:14.319431+00:00, run_after=2023-08-24T04:32:14.319431+00:00
[2023-08-24T04:32:14.338+0000] {processor.py:179} INFO - Processing /usr/local/lib/python3.8/dist-packages/airflow/example_dags/example_latest_only.py took 0.067 seconds
[2023-08-24T04:33:13.268+0000] {processor.py:157} INFO - Started process (PID=41863) to work on /usr/local/lib/python3.8/dist-packages/airflow/example_dags/example_latest_only.py
[2023-08-24T04:33:13.269+0000] {processor.py:829} INFO - Processing file /usr/local/lib/python3.8/dist-packages/airflow/example_dags/example_latest_only.py for tasks to queue
[2023-08-24T04:33:13.270+0000] {logging_mixin.py:151} INFO - [2023-08-24T04:33:13.270+0000] {dagbag.py:539} INFO - Filling up the DagBag from /usr/local/lib/python3.8/dist-packages/airflow/example_dags/example_latest_only.py
[2023-08-24T04:33:13.277+0000] {processor.py:839} INFO - DAG(s) dict_keys(['latest_only']) retrieved from /usr/local/lib/python3.8/dist-packages/airflow/example_dags/example_latest_only.py
[2023-08-24T04:33:13.292+0000] {logging_mixin.py:151} INFO - [2023-08-24T04:33:13.292+0000] {dag.py:2907} INFO - Sync 1 DAGs
[2023-08-24T04:33:13.308+0000] {logging_mixin.py:151} INFO - [2023-08-24T04:33:13.307+0000] {dag.py:3677} INFO - Setting next_dagrun for latest_only to 2023-08-24T00:33:13.307603+00:00, run_after=2023-08-24T04:33:13.307603+00:00
[2023-08-24T04:33:13.324+0000] {processor.py:179} INFO - Processing /usr/local/lib/python3.8/dist-packages/airflow/example_dags/example_latest_only.py took 0.060 seconds
[2023-08-24T04:34:12.384+0000] {processor.py:157} INFO - Started process (PID=42046) to work on /usr/local/lib/python3.8/dist-packages/airflow/example_dags/example_latest_only.py
[2023-08-24T04:34:12.386+0000] {processor.py:829} INFO - Processing file /usr/local/lib/python3.8/dist-packages/airflow/example_dags/example_latest_only.py for tasks to queue
[2023-08-24T04:34:12.387+0000] {logging_mixin.py:151} INFO - [2023-08-24T04:34:12.386+0000] {dagbag.py:539} INFO - Filling up the DagBag from /usr/local/lib/python3.8/dist-packages/airflow/example_dags/example_latest_only.py
[2023-08-24T04:34:12.394+0000] {processor.py:839} INFO - DAG(s) dict_keys(['latest_only']) retrieved from /usr/local/lib/python3.8/dist-packages/airflow/example_dags/example_latest_only.py
[2023-08-24T04:34:12.409+0000] {logging_mixin.py:151} INFO - [2023-08-24T04:34:12.409+0000] {dag.py:2907} INFO - Sync 1 DAGs
[2023-08-24T04:34:12.425+0000] {logging_mixin.py:151} INFO - [2023-08-24T04:34:12.425+0000] {dag.py:3677} INFO - Setting next_dagrun for latest_only to 2023-08-24T00:34:12.425135+00:00, run_after=2023-08-24T04:34:12.425135+00:00
[2023-08-24T04:34:12.442+0000] {processor.py:179} INFO - Processing /usr/local/lib/python3.8/dist-packages/airflow/example_dags/example_latest_only.py took 0.061 seconds
[2023-08-24T04:35:12.713+0000] {processor.py:157} INFO - Started process (PID=42242) to work on /usr/local/lib/python3.8/dist-packages/airflow/example_dags/example_latest_only.py
[2023-08-24T04:35:12.715+0000] {processor.py:829} INFO - Processing file /usr/local/lib/python3.8/dist-packages/airflow/example_dags/example_latest_only.py for tasks to queue
[2023-08-24T04:35:12.715+0000] {logging_mixin.py:151} INFO - [2023-08-24T04:35:12.715+0000] {dagbag.py:539} INFO - Filling up the DagBag from /usr/local/lib/python3.8/dist-packages/airflow/example_dags/example_latest_only.py
[2023-08-24T04:35:12.723+0000] {processor.py:839} INFO - DAG(s) dict_keys(['latest_only']) retrieved from /usr/local/lib/python3.8/dist-packages/airflow/example_dags/example_latest_only.py
[2023-08-24T04:35:12.738+0000] {logging_mixin.py:151} INFO - [2023-08-24T04:35:12.738+0000] {dag.py:2907} INFO - Sync 1 DAGs
[2023-08-24T04:35:12.755+0000] {logging_mixin.py:151} INFO - [2023-08-24T04:35:12.755+0000] {dag.py:3677} INFO - Setting next_dagrun for latest_only to 2023-08-24T00:35:12.754905+00:00, run_after=2023-08-24T04:35:12.754905+00:00
[2023-08-24T04:35:12.773+0000] {processor.py:179} INFO - Processing /usr/local/lib/python3.8/dist-packages/airflow/example_dags/example_latest_only.py took 0.063 seconds
[2023-08-24T04:36:10.990+0000] {processor.py:157} INFO - Started process (PID=42438) to work on /usr/local/lib/python3.8/dist-packages/airflow/example_dags/example_latest_only.py
[2023-08-24T04:36:10.992+0000] {processor.py:829} INFO - Processing file /usr/local/lib/python3.8/dist-packages/airflow/example_dags/example_latest_only.py for tasks to queue
[2023-08-24T04:36:10.993+0000] {logging_mixin.py:151} INFO - [2023-08-24T04:36:10.992+0000] {dagbag.py:539} INFO - Filling up the DagBag from /usr/local/lib/python3.8/dist-packages/airflow/example_dags/example_latest_only.py
[2023-08-24T04:36:11.000+0000] {processor.py:839} INFO - DAG(s) dict_keys(['latest_only']) retrieved from /usr/local/lib/python3.8/dist-packages/airflow/example_dags/example_latest_only.py
[2023-08-24T04:36:11.015+0000] {logging_mixin.py:151} INFO - [2023-08-24T04:36:11.015+0000] {dag.py:2907} INFO - Sync 1 DAGs
[2023-08-24T04:36:11.031+0000] {logging_mixin.py:151} INFO - [2023-08-24T04:36:11.031+0000] {dag.py:3677} INFO - Setting next_dagrun for latest_only to 2023-08-24T00:36:11.030846+00:00, run_after=2023-08-24T04:36:11.030846+00:00
[2023-08-24T04:36:11.048+0000] {processor.py:179} INFO - Processing /usr/local/lib/python3.8/dist-packages/airflow/example_dags/example_latest_only.py took 0.061 seconds
[2023-08-24T04:37:07.479+0000] {processor.py:157} INFO - Started process (PID=42621) to work on /usr/local/lib/python3.8/dist-packages/airflow/example_dags/example_latest_only.py
[2023-08-24T04:37:07.481+0000] {processor.py:829} INFO - Processing file /usr/local/lib/python3.8/dist-packages/airflow/example_dags/example_latest_only.py for tasks to queue
[2023-08-24T04:37:07.482+0000] {logging_mixin.py:151} INFO - [2023-08-24T04:37:07.482+0000] {dagbag.py:539} INFO - Filling up the DagBag from /usr/local/lib/python3.8/dist-packages/airflow/example_dags/example_latest_only.py
[2023-08-24T04:37:07.489+0000] {processor.py:839} INFO - DAG(s) dict_keys(['latest_only']) retrieved from /usr/local/lib/python3.8/dist-packages/airflow/example_dags/example_latest_only.py
[2023-08-24T04:37:07.504+0000] {logging_mixin.py:151} INFO - [2023-08-24T04:37:07.504+0000] {dag.py:2907} INFO - Sync 1 DAGs
[2023-08-24T04:37:07.520+0000] {logging_mixin.py:151} INFO - [2023-08-24T04:37:07.520+0000] {dag.py:3677} INFO - Setting next_dagrun for latest_only to 2023-08-24T00:37:07.520116+00:00, run_after=2023-08-24T04:37:07.520116+00:00
[2023-08-24T04:37:07.538+0000] {processor.py:179} INFO - Processing /usr/local/lib/python3.8/dist-packages/airflow/example_dags/example_latest_only.py took 0.063 seconds
[2023-08-24T04:38:03.915+0000] {processor.py:157} INFO - Started process (PID=42804) to work on /usr/local/lib/python3.8/dist-packages/airflow/example_dags/example_latest_only.py
[2023-08-24T04:38:03.917+0000] {processor.py:829} INFO - Processing file /usr/local/lib/python3.8/dist-packages/airflow/example_dags/example_latest_only.py for tasks to queue
[2023-08-24T04:38:03.918+0000] {logging_mixin.py:151} INFO - [2023-08-24T04:38:03.917+0000] {dagbag.py:539} INFO - Filling up the DagBag from /usr/local/lib/python3.8/dist-packages/airflow/example_dags/example_latest_only.py
[2023-08-24T04:38:03.926+0000] {processor.py:839} INFO - DAG(s) dict_keys(['latest_only']) retrieved from /usr/local/lib/python3.8/dist-packages/airflow/example_dags/example_latest_only.py
[2023-08-24T04:38:03.943+0000] {logging_mixin.py:151} INFO - [2023-08-24T04:38:03.942+0000] {dag.py:2907} INFO - Sync 1 DAGs
[2023-08-24T04:38:03.958+0000] {logging_mixin.py:151} INFO - [2023-08-24T04:38:03.958+0000] {dag.py:3677} INFO - Setting next_dagrun for latest_only to 2023-08-24T00:38:03.958592+00:00, run_after=2023-08-24T04:38:03.958592+00:00
[2023-08-24T04:38:03.976+0000] {processor.py:179} INFO - Processing /usr/local/lib/python3.8/dist-packages/airflow/example_dags/example_latest_only.py took 0.065 seconds
[2023-08-24T04:39:03.977+0000] {processor.py:157} INFO - Started process (PID=42989) to work on /usr/local/lib/python3.8/dist-packages/airflow/example_dags/example_latest_only.py
[2023-08-24T04:39:03.978+0000] {processor.py:829} INFO - Processing file /usr/local/lib/python3.8/dist-packages/airflow/example_dags/example_latest_only.py for tasks to queue
[2023-08-24T04:39:03.979+0000] {logging_mixin.py:151} INFO - [2023-08-24T04:39:03.979+0000] {dagbag.py:539} INFO - Filling up the DagBag from /usr/local/lib/python3.8/dist-packages/airflow/example_dags/example_latest_only.py
[2023-08-24T04:39:03.986+0000] {processor.py:839} INFO - DAG(s) dict_keys(['latest_only']) retrieved from /usr/local/lib/python3.8/dist-packages/airflow/example_dags/example_latest_only.py
[2023-08-24T04:39:04.002+0000] {logging_mixin.py:151} INFO - [2023-08-24T04:39:04.002+0000] {dag.py:2907} INFO - Sync 1 DAGs
[2023-08-24T04:39:04.019+0000] {logging_mixin.py:151} INFO - [2023-08-24T04:39:04.019+0000] {dag.py:3677} INFO - Setting next_dagrun for latest_only to 2023-08-24T00:39:04.018881+00:00, run_after=2023-08-24T04:39:04.018881+00:00
[2023-08-24T04:39:04.037+0000] {processor.py:179} INFO - Processing /usr/local/lib/python3.8/dist-packages/airflow/example_dags/example_latest_only.py took 0.064 seconds
[2023-08-24T04:40:04.249+0000] {processor.py:157} INFO - Started process (PID=43185) to work on /usr/local/lib/python3.8/dist-packages/airflow/example_dags/example_latest_only.py
[2023-08-24T04:40:04.251+0000] {processor.py:829} INFO - Processing file /usr/local/lib/python3.8/dist-packages/airflow/example_dags/example_latest_only.py for tasks to queue
[2023-08-24T04:40:04.252+0000] {logging_mixin.py:151} INFO - [2023-08-24T04:40:04.251+0000] {dagbag.py:539} INFO - Filling up the DagBag from /usr/local/lib/python3.8/dist-packages/airflow/example_dags/example_latest_only.py
[2023-08-24T04:40:04.259+0000] {processor.py:839} INFO - DAG(s) dict_keys(['latest_only']) retrieved from /usr/local/lib/python3.8/dist-packages/airflow/example_dags/example_latest_only.py
[2023-08-24T04:40:04.275+0000] {logging_mixin.py:151} INFO - [2023-08-24T04:40:04.275+0000] {dag.py:2907} INFO - Sync 1 DAGs
[2023-08-24T04:40:04.291+0000] {logging_mixin.py:151} INFO - [2023-08-24T04:40:04.291+0000] {dag.py:3677} INFO - Setting next_dagrun for latest_only to 2023-08-24T00:40:04.291408+00:00, run_after=2023-08-24T04:40:04.291408+00:00
[2023-08-24T04:40:04.309+0000] {processor.py:179} INFO - Processing /usr/local/lib/python3.8/dist-packages/airflow/example_dags/example_latest_only.py took 0.064 seconds
[2023-08-24T04:41:04.933+0000] {processor.py:157} INFO - Started process (PID=43369) to work on /usr/local/lib/python3.8/dist-packages/airflow/example_dags/example_latest_only.py
[2023-08-24T04:41:04.934+0000] {processor.py:829} INFO - Processing file /usr/local/lib/python3.8/dist-packages/airflow/example_dags/example_latest_only.py for tasks to queue
[2023-08-24T04:41:04.935+0000] {logging_mixin.py:151} INFO - [2023-08-24T04:41:04.935+0000] {dagbag.py:539} INFO - Filling up the DagBag from /usr/local/lib/python3.8/dist-packages/airflow/example_dags/example_latest_only.py
[2023-08-24T04:41:04.942+0000] {processor.py:839} INFO - DAG(s) dict_keys(['latest_only']) retrieved from /usr/local/lib/python3.8/dist-packages/airflow/example_dags/example_latest_only.py
[2023-08-24T04:41:04.957+0000] {logging_mixin.py:151} INFO - [2023-08-24T04:41:04.957+0000] {dag.py:2907} INFO - Sync 1 DAGs
[2023-08-24T04:41:04.973+0000] {logging_mixin.py:151} INFO - [2023-08-24T04:41:04.973+0000] {dag.py:3677} INFO - Setting next_dagrun for latest_only to 2023-08-24T00:41:04.973294+00:00, run_after=2023-08-24T04:41:04.973294+00:00
[2023-08-24T04:41:04.990+0000] {processor.py:179} INFO - Processing /usr/local/lib/python3.8/dist-packages/airflow/example_dags/example_latest_only.py took 0.061 seconds
[2023-08-24T04:42:04.988+0000] {processor.py:157} INFO - Started process (PID=43552) to work on /usr/local/lib/python3.8/dist-packages/airflow/example_dags/example_latest_only.py
[2023-08-24T04:42:04.990+0000] {processor.py:829} INFO - Processing file /usr/local/lib/python3.8/dist-packages/airflow/example_dags/example_latest_only.py for tasks to queue
[2023-08-24T04:42:04.990+0000] {logging_mixin.py:151} INFO - [2023-08-24T04:42:04.990+0000] {dagbag.py:539} INFO - Filling up the DagBag from /usr/local/lib/python3.8/dist-packages/airflow/example_dags/example_latest_only.py
[2023-08-24T04:42:04.997+0000] {processor.py:839} INFO - DAG(s) dict_keys(['latest_only']) retrieved from /usr/local/lib/python3.8/dist-packages/airflow/example_dags/example_latest_only.py
[2023-08-24T04:42:05.013+0000] {logging_mixin.py:151} INFO - [2023-08-24T04:42:05.012+0000] {dag.py:2907} INFO - Sync 1 DAGs
[2023-08-24T04:42:05.029+0000] {logging_mixin.py:151} INFO - [2023-08-24T04:42:05.028+0000] {dag.py:3677} INFO - Setting next_dagrun for latest_only to 2023-08-24T00:42:05.028728+00:00, run_after=2023-08-24T04:42:05.028728+00:00
[2023-08-24T04:42:05.046+0000] {processor.py:179} INFO - Processing /usr/local/lib/python3.8/dist-packages/airflow/example_dags/example_latest_only.py took 0.061 seconds
[2023-08-24T04:43:03.835+0000] {processor.py:157} INFO - Started process (PID=43740) to work on /usr/local/lib/python3.8/dist-packages/airflow/example_dags/example_latest_only.py
[2023-08-24T04:43:03.837+0000] {processor.py:829} INFO - Processing file /usr/local/lib/python3.8/dist-packages/airflow/example_dags/example_latest_only.py for tasks to queue
[2023-08-24T04:43:03.838+0000] {logging_mixin.py:151} INFO - [2023-08-24T04:43:03.838+0000] {dagbag.py:539} INFO - Filling up the DagBag from /usr/local/lib/python3.8/dist-packages/airflow/example_dags/example_latest_only.py
[2023-08-24T04:43:03.845+0000] {processor.py:839} INFO - DAG(s) dict_keys(['latest_only']) retrieved from /usr/local/lib/python3.8/dist-packages/airflow/example_dags/example_latest_only.py
[2023-08-24T04:43:03.861+0000] {logging_mixin.py:151} INFO - [2023-08-24T04:43:03.860+0000] {dag.py:2907} INFO - Sync 1 DAGs
[2023-08-24T04:43:03.878+0000] {logging_mixin.py:151} INFO - [2023-08-24T04:43:03.878+0000] {dag.py:3677} INFO - Setting next_dagrun for latest_only to 2023-08-24T00:43:03.878207+00:00, run_after=2023-08-24T04:43:03.878207+00:00
[2023-08-24T04:43:03.896+0000] {processor.py:179} INFO - Processing /usr/local/lib/python3.8/dist-packages/airflow/example_dags/example_latest_only.py took 0.065 seconds
[2023-08-24T04:44:04.634+0000] {processor.py:157} INFO - Started process (PID=43924) to work on /usr/local/lib/python3.8/dist-packages/airflow/example_dags/example_latest_only.py
[2023-08-24T04:44:04.635+0000] {processor.py:829} INFO - Processing file /usr/local/lib/python3.8/dist-packages/airflow/example_dags/example_latest_only.py for tasks to queue
[2023-08-24T04:44:04.636+0000] {logging_mixin.py:151} INFO - [2023-08-24T04:44:04.636+0000] {dagbag.py:539} INFO - Filling up the DagBag from /usr/local/lib/python3.8/dist-packages/airflow/example_dags/example_latest_only.py
[2023-08-24T04:44:04.643+0000] {processor.py:839} INFO - DAG(s) dict_keys(['latest_only']) retrieved from /usr/local/lib/python3.8/dist-packages/airflow/example_dags/example_latest_only.py
[2023-08-24T04:44:04.659+0000] {logging_mixin.py:151} INFO - [2023-08-24T04:44:04.658+0000] {dag.py:2907} INFO - Sync 1 DAGs
[2023-08-24T04:44:04.675+0000] {logging_mixin.py:151} INFO - [2023-08-24T04:44:04.675+0000] {dag.py:3677} INFO - Setting next_dagrun for latest_only to 2023-08-24T00:44:04.674875+00:00, run_after=2023-08-24T04:44:04.674875+00:00
[2023-08-24T04:44:04.692+0000] {processor.py:179} INFO - Processing /usr/local/lib/python3.8/dist-packages/airflow/example_dags/example_latest_only.py took 0.062 seconds
[2023-08-24T04:45:05.909+0000] {processor.py:157} INFO - Started process (PID=44109) to work on /usr/local/lib/python3.8/dist-packages/airflow/example_dags/example_latest_only.py
[2023-08-24T04:45:05.911+0000] {processor.py:829} INFO - Processing file /usr/local/lib/python3.8/dist-packages/airflow/example_dags/example_latest_only.py for tasks to queue
[2023-08-24T04:45:05.912+0000] {logging_mixin.py:151} INFO - [2023-08-24T04:45:05.912+0000] {dagbag.py:539} INFO - Filling up the DagBag from /usr/local/lib/python3.8/dist-packages/airflow/example_dags/example_latest_only.py
[2023-08-24T04:45:05.920+0000] {processor.py:839} INFO - DAG(s) dict_keys(['latest_only']) retrieved from /usr/local/lib/python3.8/dist-packages/airflow/example_dags/example_latest_only.py
[2023-08-24T04:45:05.935+0000] {logging_mixin.py:151} INFO - [2023-08-24T04:45:05.935+0000] {dag.py:2907} INFO - Sync 1 DAGs
[2023-08-24T04:45:05.952+0000] {logging_mixin.py:151} INFO - [2023-08-24T04:45:05.951+0000] {dag.py:3677} INFO - Setting next_dagrun for latest_only to 2023-08-24T00:45:05.951640+00:00, run_after=2023-08-24T04:45:05.951640+00:00
[2023-08-24T04:45:05.969+0000] {processor.py:179} INFO - Processing /usr/local/lib/python3.8/dist-packages/airflow/example_dags/example_latest_only.py took 0.064 seconds
[2023-08-24T04:46:07.181+0000] {processor.py:157} INFO - Started process (PID=44292) to work on /usr/local/lib/python3.8/dist-packages/airflow/example_dags/example_latest_only.py
[2023-08-24T04:46:07.183+0000] {processor.py:829} INFO - Processing file /usr/local/lib/python3.8/dist-packages/airflow/example_dags/example_latest_only.py for tasks to queue
[2023-08-24T04:46:07.184+0000] {logging_mixin.py:151} INFO - [2023-08-24T04:46:07.183+0000] {dagbag.py:539} INFO - Filling up the DagBag from /usr/local/lib/python3.8/dist-packages/airflow/example_dags/example_latest_only.py
[2023-08-24T04:46:07.191+0000] {processor.py:839} INFO - DAG(s) dict_keys(['latest_only']) retrieved from /usr/local/lib/python3.8/dist-packages/airflow/example_dags/example_latest_only.py
[2023-08-24T04:46:07.206+0000] {logging_mixin.py:151} INFO - [2023-08-24T04:46:07.206+0000] {dag.py:2907} INFO - Sync 1 DAGs
[2023-08-24T04:46:07.222+0000] {logging_mixin.py:151} INFO - [2023-08-24T04:46:07.222+0000] {dag.py:3677} INFO - Setting next_dagrun for latest_only to 2023-08-24T00:46:07.222477+00:00, run_after=2023-08-24T04:46:07.222477+00:00
[2023-08-24T04:46:07.241+0000] {processor.py:179} INFO - Processing /usr/local/lib/python3.8/dist-packages/airflow/example_dags/example_latest_only.py took 0.064 seconds
[2023-08-24T04:47:09.455+0000] {processor.py:157} INFO - Started process (PID=44475) to work on /usr/local/lib/python3.8/dist-packages/airflow/example_dags/example_latest_only.py
[2023-08-24T04:47:09.457+0000] {processor.py:829} INFO - Processing file /usr/local/lib/python3.8/dist-packages/airflow/example_dags/example_latest_only.py for tasks to queue
[2023-08-24T04:47:09.458+0000] {logging_mixin.py:151} INFO - [2023-08-24T04:47:09.457+0000] {dagbag.py:539} INFO - Filling up the DagBag from /usr/local/lib/python3.8/dist-packages/airflow/example_dags/example_latest_only.py
[2023-08-24T04:47:09.465+0000] {processor.py:839} INFO - DAG(s) dict_keys(['latest_only']) retrieved from /usr/local/lib/python3.8/dist-packages/airflow/example_dags/example_latest_only.py
[2023-08-24T04:47:09.480+0000] {logging_mixin.py:151} INFO - [2023-08-24T04:47:09.479+0000] {dag.py:2907} INFO - Sync 1 DAGs
[2023-08-24T04:47:09.496+0000] {logging_mixin.py:151} INFO - [2023-08-24T04:47:09.495+0000] {dag.py:3677} INFO - Setting next_dagrun for latest_only to 2023-08-24T00:47:09.495667+00:00, run_after=2023-08-24T04:47:09.495667+00:00
[2023-08-24T04:47:09.513+0000] {processor.py:179} INFO - Processing /usr/local/lib/python3.8/dist-packages/airflow/example_dags/example_latest_only.py took 0.061 seconds
[2023-08-24T04:48:10.336+0000] {processor.py:157} INFO - Started process (PID=44659) to work on /usr/local/lib/python3.8/dist-packages/airflow/example_dags/example_latest_only.py
[2023-08-24T04:48:10.338+0000] {processor.py:829} INFO - Processing file /usr/local/lib/python3.8/dist-packages/airflow/example_dags/example_latest_only.py for tasks to queue
[2023-08-24T04:48:10.339+0000] {logging_mixin.py:151} INFO - [2023-08-24T04:48:10.338+0000] {dagbag.py:539} INFO - Filling up the DagBag from /usr/local/lib/python3.8/dist-packages/airflow/example_dags/example_latest_only.py
[2023-08-24T04:48:10.346+0000] {processor.py:839} INFO - DAG(s) dict_keys(['latest_only']) retrieved from /usr/local/lib/python3.8/dist-packages/airflow/example_dags/example_latest_only.py
[2023-08-24T04:48:10.362+0000] {logging_mixin.py:151} INFO - [2023-08-24T04:48:10.361+0000] {dag.py:2907} INFO - Sync 1 DAGs
[2023-08-24T04:48:10.378+0000] {logging_mixin.py:151} INFO - [2023-08-24T04:48:10.378+0000] {dag.py:3677} INFO - Setting next_dagrun for latest_only to 2023-08-24T00:48:10.377854+00:00, run_after=2023-08-24T04:48:10.377854+00:00
[2023-08-24T04:48:10.396+0000] {processor.py:179} INFO - Processing /usr/local/lib/python3.8/dist-packages/airflow/example_dags/example_latest_only.py took 0.064 seconds
[2023-08-24T04:49:13.245+0000] {processor.py:157} INFO - Started process (PID=44842) to work on /usr/local/lib/python3.8/dist-packages/airflow/example_dags/example_latest_only.py
[2023-08-24T04:49:13.247+0000] {processor.py:829} INFO - Processing file /usr/local/lib/python3.8/dist-packages/airflow/example_dags/example_latest_only.py for tasks to queue
[2023-08-24T04:49:13.248+0000] {logging_mixin.py:151} INFO - [2023-08-24T04:49:13.247+0000] {dagbag.py:539} INFO - Filling up the DagBag from /usr/local/lib/python3.8/dist-packages/airflow/example_dags/example_latest_only.py
[2023-08-24T04:49:13.255+0000] {processor.py:839} INFO - DAG(s) dict_keys(['latest_only']) retrieved from /usr/local/lib/python3.8/dist-packages/airflow/example_dags/example_latest_only.py
[2023-08-24T04:49:13.271+0000] {logging_mixin.py:151} INFO - [2023-08-24T04:49:13.271+0000] {dag.py:2907} INFO - Sync 1 DAGs
[2023-08-24T04:49:13.287+0000] {logging_mixin.py:151} INFO - [2023-08-24T04:49:13.287+0000] {dag.py:3677} INFO - Setting next_dagrun for latest_only to 2023-08-24T00:49:13.287320+00:00, run_after=2023-08-24T04:49:13.287320+00:00
[2023-08-24T04:49:13.306+0000] {processor.py:179} INFO - Processing /usr/local/lib/python3.8/dist-packages/airflow/example_dags/example_latest_only.py took 0.064 seconds
[2023-08-24T04:50:12.670+0000] {processor.py:157} INFO - Started process (PID=45027) to work on /usr/local/lib/python3.8/dist-packages/airflow/example_dags/example_latest_only.py
[2023-08-24T04:50:12.672+0000] {processor.py:829} INFO - Processing file /usr/local/lib/python3.8/dist-packages/airflow/example_dags/example_latest_only.py for tasks to queue
[2023-08-24T04:50:12.673+0000] {logging_mixin.py:151} INFO - [2023-08-24T04:50:12.672+0000] {dagbag.py:539} INFO - Filling up the DagBag from /usr/local/lib/python3.8/dist-packages/airflow/example_dags/example_latest_only.py
[2023-08-24T04:50:12.680+0000] {processor.py:839} INFO - DAG(s) dict_keys(['latest_only']) retrieved from /usr/local/lib/python3.8/dist-packages/airflow/example_dags/example_latest_only.py
[2023-08-24T04:50:12.695+0000] {logging_mixin.py:151} INFO - [2023-08-24T04:50:12.695+0000] {dag.py:2907} INFO - Sync 1 DAGs
[2023-08-24T04:50:12.711+0000] {logging_mixin.py:151} INFO - [2023-08-24T04:50:12.711+0000] {dag.py:3677} INFO - Setting next_dagrun for latest_only to 2023-08-24T00:50:12.710980+00:00, run_after=2023-08-24T04:50:12.710980+00:00
[2023-08-24T04:50:12.729+0000] {processor.py:179} INFO - Processing /usr/local/lib/python3.8/dist-packages/airflow/example_dags/example_latest_only.py took 0.062 seconds
[2023-08-24T04:51:09.958+0000] {processor.py:157} INFO - Started process (PID=45209) to work on /usr/local/lib/python3.8/dist-packages/airflow/example_dags/example_latest_only.py
[2023-08-24T04:51:09.962+0000] {processor.py:829} INFO - Processing file /usr/local/lib/python3.8/dist-packages/airflow/example_dags/example_latest_only.py for tasks to queue
[2023-08-24T04:51:09.963+0000] {logging_mixin.py:151} INFO - [2023-08-24T04:51:09.962+0000] {dagbag.py:539} INFO - Filling up the DagBag from /usr/local/lib/python3.8/dist-packages/airflow/example_dags/example_latest_only.py
[2023-08-24T04:51:09.970+0000] {processor.py:839} INFO - DAG(s) dict_keys(['latest_only']) retrieved from /usr/local/lib/python3.8/dist-packages/airflow/example_dags/example_latest_only.py
[2023-08-24T04:51:09.985+0000] {logging_mixin.py:151} INFO - [2023-08-24T04:51:09.985+0000] {dag.py:2907} INFO - Sync 1 DAGs
[2023-08-24T04:51:10.001+0000] {logging_mixin.py:151} INFO - [2023-08-24T04:51:10.001+0000] {dag.py:3677} INFO - Setting next_dagrun for latest_only to 2023-08-24T00:51:10.001550+00:00, run_after=2023-08-24T04:51:10.001550+00:00
[2023-08-24T04:51:10.019+0000] {processor.py:179} INFO - Processing /usr/local/lib/python3.8/dist-packages/airflow/example_dags/example_latest_only.py took 0.064 seconds
[2023-08-24T04:52:12.070+0000] {processor.py:157} INFO - Started process (PID=45392) to work on /usr/local/lib/python3.8/dist-packages/airflow/example_dags/example_latest_only.py
[2023-08-24T04:52:12.072+0000] {processor.py:829} INFO - Processing file /usr/local/lib/python3.8/dist-packages/airflow/example_dags/example_latest_only.py for tasks to queue
[2023-08-24T04:52:12.073+0000] {logging_mixin.py:151} INFO - [2023-08-24T04:52:12.072+0000] {dagbag.py:539} INFO - Filling up the DagBag from /usr/local/lib/python3.8/dist-packages/airflow/example_dags/example_latest_only.py
[2023-08-24T04:52:12.080+0000] {processor.py:839} INFO - DAG(s) dict_keys(['latest_only']) retrieved from /usr/local/lib/python3.8/dist-packages/airflow/example_dags/example_latest_only.py
[2023-08-24T04:52:12.095+0000] {logging_mixin.py:151} INFO - [2023-08-24T04:52:12.095+0000] {dag.py:2907} INFO - Sync 1 DAGs
[2023-08-24T04:52:12.111+0000] {logging_mixin.py:151} INFO - [2023-08-24T04:52:12.111+0000] {dag.py:3677} INFO - Setting next_dagrun for latest_only to 2023-08-24T00:52:12.110892+00:00, run_after=2023-08-24T04:52:12.110892+00:00
[2023-08-24T04:52:12.128+0000] {processor.py:179} INFO - Processing /usr/local/lib/python3.8/dist-packages/airflow/example_dags/example_latest_only.py took 0.061 seconds
[2023-08-24T04:53:13.512+0000] {processor.py:157} INFO - Started process (PID=45581) to work on /usr/local/lib/python3.8/dist-packages/airflow/example_dags/example_latest_only.py
[2023-08-24T04:53:13.514+0000] {processor.py:829} INFO - Processing file /usr/local/lib/python3.8/dist-packages/airflow/example_dags/example_latest_only.py for tasks to queue
[2023-08-24T04:53:13.515+0000] {logging_mixin.py:151} INFO - [2023-08-24T04:53:13.514+0000] {dagbag.py:539} INFO - Filling up the DagBag from /usr/local/lib/python3.8/dist-packages/airflow/example_dags/example_latest_only.py
[2023-08-24T04:53:13.522+0000] {processor.py:839} INFO - DAG(s) dict_keys(['latest_only']) retrieved from /usr/local/lib/python3.8/dist-packages/airflow/example_dags/example_latest_only.py
[2023-08-24T04:53:13.537+0000] {logging_mixin.py:151} INFO - [2023-08-24T04:53:13.537+0000] {dag.py:2907} INFO - Sync 1 DAGs
[2023-08-24T04:53:13.552+0000] {logging_mixin.py:151} INFO - [2023-08-24T04:53:13.552+0000] {dag.py:3677} INFO - Setting next_dagrun for latest_only to 2023-08-24T00:53:13.552534+00:00, run_after=2023-08-24T04:53:13.552534+00:00
[2023-08-24T04:53:13.569+0000] {processor.py:179} INFO - Processing /usr/local/lib/python3.8/dist-packages/airflow/example_dags/example_latest_only.py took 0.061 seconds
[2023-08-24T04:54:14.977+0000] {processor.py:157} INFO - Started process (PID=45764) to work on /usr/local/lib/python3.8/dist-packages/airflow/example_dags/example_latest_only.py
[2023-08-24T04:54:14.978+0000] {processor.py:829} INFO - Processing file /usr/local/lib/python3.8/dist-packages/airflow/example_dags/example_latest_only.py for tasks to queue
[2023-08-24T04:54:14.979+0000] {logging_mixin.py:151} INFO - [2023-08-24T04:54:14.979+0000] {dagbag.py:539} INFO - Filling up the DagBag from /usr/local/lib/python3.8/dist-packages/airflow/example_dags/example_latest_only.py
[2023-08-24T04:54:14.986+0000] {processor.py:839} INFO - DAG(s) dict_keys(['latest_only']) retrieved from /usr/local/lib/python3.8/dist-packages/airflow/example_dags/example_latest_only.py
[2023-08-24T04:54:15.001+0000] {logging_mixin.py:151} INFO - [2023-08-24T04:54:15.001+0000] {dag.py:2907} INFO - Sync 1 DAGs
[2023-08-24T04:54:15.018+0000] {logging_mixin.py:151} INFO - [2023-08-24T04:54:15.018+0000] {dag.py:3677} INFO - Setting next_dagrun for latest_only to 2023-08-24T00:54:15.017821+00:00, run_after=2023-08-24T04:54:15.017821+00:00
[2023-08-24T04:54:15.035+0000] {processor.py:179} INFO - Processing /usr/local/lib/python3.8/dist-packages/airflow/example_dags/example_latest_only.py took 0.062 seconds
[2023-08-24T04:55:15.449+0000] {processor.py:157} INFO - Started process (PID=45947) to work on /usr/local/lib/python3.8/dist-packages/airflow/example_dags/example_latest_only.py
[2023-08-24T04:55:15.451+0000] {processor.py:829} INFO - Processing file /usr/local/lib/python3.8/dist-packages/airflow/example_dags/example_latest_only.py for tasks to queue
[2023-08-24T04:55:15.452+0000] {logging_mixin.py:151} INFO - [2023-08-24T04:55:15.452+0000] {dagbag.py:539} INFO - Filling up the DagBag from /usr/local/lib/python3.8/dist-packages/airflow/example_dags/example_latest_only.py
[2023-08-24T04:55:15.459+0000] {processor.py:839} INFO - DAG(s) dict_keys(['latest_only']) retrieved from /usr/local/lib/python3.8/dist-packages/airflow/example_dags/example_latest_only.py
[2023-08-24T04:55:15.475+0000] {logging_mixin.py:151} INFO - [2023-08-24T04:55:15.475+0000] {dag.py:2907} INFO - Sync 1 DAGs
[2023-08-24T04:55:15.491+0000] {logging_mixin.py:151} INFO - [2023-08-24T04:55:15.491+0000] {dag.py:3677} INFO - Setting next_dagrun for latest_only to 2023-08-24T00:55:15.491377+00:00, run_after=2023-08-24T04:55:15.491377+00:00
[2023-08-24T04:55:15.509+0000] {processor.py:179} INFO - Processing /usr/local/lib/python3.8/dist-packages/airflow/example_dags/example_latest_only.py took 0.064 seconds
[2023-08-24T04:56:18.680+0000] {processor.py:157} INFO - Started process (PID=46134) to work on /usr/local/lib/python3.8/dist-packages/airflow/example_dags/example_latest_only.py
[2023-08-24T04:56:18.682+0000] {processor.py:829} INFO - Processing file /usr/local/lib/python3.8/dist-packages/airflow/example_dags/example_latest_only.py for tasks to queue
[2023-08-24T04:56:18.682+0000] {logging_mixin.py:151} INFO - [2023-08-24T04:56:18.682+0000] {dagbag.py:539} INFO - Filling up the DagBag from /usr/local/lib/python3.8/dist-packages/airflow/example_dags/example_latest_only.py
[2023-08-24T04:56:18.689+0000] {processor.py:839} INFO - DAG(s) dict_keys(['latest_only']) retrieved from /usr/local/lib/python3.8/dist-packages/airflow/example_dags/example_latest_only.py
[2023-08-24T04:56:18.705+0000] {logging_mixin.py:151} INFO - [2023-08-24T04:56:18.705+0000] {dag.py:2907} INFO - Sync 1 DAGs
[2023-08-24T04:56:18.850+0000] {logging_mixin.py:151} INFO - [2023-08-24T04:56:18.849+0000] {dag.py:3677} INFO - Setting next_dagrun for latest_only to 2023-08-24T00:56:18.849671+00:00, run_after=2023-08-24T04:56:18.849671+00:00
[2023-08-24T04:56:18.867+0000] {processor.py:179} INFO - Processing /usr/local/lib/python3.8/dist-packages/airflow/example_dags/example_latest_only.py took 0.191 seconds
[2023-08-24T04:57:21.682+0000] {processor.py:157} INFO - Started process (PID=46331) to work on /usr/local/lib/python3.8/dist-packages/airflow/example_dags/example_latest_only.py
[2023-08-24T04:57:21.684+0000] {processor.py:829} INFO - Processing file /usr/local/lib/python3.8/dist-packages/airflow/example_dags/example_latest_only.py for tasks to queue
[2023-08-24T04:57:21.685+0000] {logging_mixin.py:151} INFO - [2023-08-24T04:57:21.685+0000] {dagbag.py:539} INFO - Filling up the DagBag from /usr/local/lib/python3.8/dist-packages/airflow/example_dags/example_latest_only.py
[2023-08-24T04:57:21.692+0000] {processor.py:839} INFO - DAG(s) dict_keys(['latest_only']) retrieved from /usr/local/lib/python3.8/dist-packages/airflow/example_dags/example_latest_only.py
[2023-08-24T04:57:21.708+0000] {logging_mixin.py:151} INFO - [2023-08-24T04:57:21.708+0000] {dag.py:2907} INFO - Sync 1 DAGs
[2023-08-24T04:57:21.724+0000] {logging_mixin.py:151} INFO - [2023-08-24T04:57:21.724+0000] {dag.py:3677} INFO - Setting next_dagrun for latest_only to 2023-08-24T00:57:21.724356+00:00, run_after=2023-08-24T04:57:21.724356+00:00
[2023-08-24T04:57:21.743+0000] {processor.py:179} INFO - Processing /usr/local/lib/python3.8/dist-packages/airflow/example_dags/example_latest_only.py took 0.064 seconds
[2023-08-24T04:58:25.434+0000] {processor.py:157} INFO - Started process (PID=46515) to work on /usr/local/lib/python3.8/dist-packages/airflow/example_dags/example_latest_only.py
[2023-08-24T04:58:25.436+0000] {processor.py:829} INFO - Processing file /usr/local/lib/python3.8/dist-packages/airflow/example_dags/example_latest_only.py for tasks to queue
[2023-08-24T04:58:25.437+0000] {logging_mixin.py:151} INFO - [2023-08-24T04:58:25.436+0000] {dagbag.py:539} INFO - Filling up the DagBag from /usr/local/lib/python3.8/dist-packages/airflow/example_dags/example_latest_only.py
[2023-08-24T04:58:25.444+0000] {processor.py:839} INFO - DAG(s) dict_keys(['latest_only']) retrieved from /usr/local/lib/python3.8/dist-packages/airflow/example_dags/example_latest_only.py
[2023-08-24T04:58:25.459+0000] {logging_mixin.py:151} INFO - [2023-08-24T04:58:25.458+0000] {dag.py:2907} INFO - Sync 1 DAGs
[2023-08-24T04:58:25.475+0000] {logging_mixin.py:151} INFO - [2023-08-24T04:58:25.475+0000] {dag.py:3677} INFO - Setting next_dagrun for latest_only to 2023-08-24T00:58:25.474752+00:00, run_after=2023-08-24T04:58:25.474752+00:00
[2023-08-24T04:58:25.492+0000] {processor.py:179} INFO - Processing /usr/local/lib/python3.8/dist-packages/airflow/example_dags/example_latest_only.py took 0.061 seconds
[2023-08-24T04:59:30.518+0000] {processor.py:157} INFO - Started process (PID=46698) to work on /usr/local/lib/python3.8/dist-packages/airflow/example_dags/example_latest_only.py
[2023-08-24T04:59:30.519+0000] {processor.py:829} INFO - Processing file /usr/local/lib/python3.8/dist-packages/airflow/example_dags/example_latest_only.py for tasks to queue
[2023-08-24T04:59:30.520+0000] {logging_mixin.py:151} INFO - [2023-08-24T04:59:30.520+0000] {dagbag.py:539} INFO - Filling up the DagBag from /usr/local/lib/python3.8/dist-packages/airflow/example_dags/example_latest_only.py
[2023-08-24T04:59:30.529+0000] {processor.py:839} INFO - DAG(s) dict_keys(['latest_only']) retrieved from /usr/local/lib/python3.8/dist-packages/airflow/example_dags/example_latest_only.py
[2023-08-24T04:59:30.670+0000] {logging_mixin.py:151} INFO - [2023-08-24T04:59:30.669+0000] {dag.py:2907} INFO - Sync 1 DAGs
[2023-08-24T04:59:30.683+0000] {logging_mixin.py:151} INFO - [2023-08-24T04:59:30.682+0000] {dag.py:3677} INFO - Setting next_dagrun for latest_only to 2023-08-24T00:59:30.682796+00:00, run_after=2023-08-24T04:59:30.682796+00:00
[2023-08-24T04:59:30.699+0000] {processor.py:179} INFO - Processing /usr/local/lib/python3.8/dist-packages/airflow/example_dags/example_latest_only.py took 0.185 seconds
[2023-08-24T05:00:31.137+0000] {processor.py:157} INFO - Started process (PID=46882) to work on /usr/local/lib/python3.8/dist-packages/airflow/example_dags/example_latest_only.py
[2023-08-24T05:00:31.141+0000] {processor.py:829} INFO - Processing file /usr/local/lib/python3.8/dist-packages/airflow/example_dags/example_latest_only.py for tasks to queue
[2023-08-24T05:00:31.142+0000] {logging_mixin.py:151} INFO - [2023-08-24T05:00:31.141+0000] {dagbag.py:539} INFO - Filling up the DagBag from /usr/local/lib/python3.8/dist-packages/airflow/example_dags/example_latest_only.py
[2023-08-24T05:00:31.149+0000] {processor.py:839} INFO - DAG(s) dict_keys(['latest_only']) retrieved from /usr/local/lib/python3.8/dist-packages/airflow/example_dags/example_latest_only.py
[2023-08-24T05:00:31.164+0000] {logging_mixin.py:151} INFO - [2023-08-24T05:00:31.164+0000] {dag.py:2907} INFO - Sync 1 DAGs
[2023-08-24T05:00:31.180+0000] {logging_mixin.py:151} INFO - [2023-08-24T05:00:31.180+0000] {dag.py:3677} INFO - Setting next_dagrun for latest_only to 2023-08-24T01:00:31.179893+00:00, run_after=2023-08-24T05:00:31.179893+00:00
[2023-08-24T05:00:31.197+0000] {processor.py:179} INFO - Processing /usr/local/lib/python3.8/dist-packages/airflow/example_dags/example_latest_only.py took 0.063 seconds
[2023-08-24T05:01:31.381+0000] {processor.py:157} INFO - Started process (PID=47079) to work on /usr/local/lib/python3.8/dist-packages/airflow/example_dags/example_latest_only.py
[2023-08-24T05:01:31.382+0000] {processor.py:829} INFO - Processing file /usr/local/lib/python3.8/dist-packages/airflow/example_dags/example_latest_only.py for tasks to queue
[2023-08-24T05:01:31.384+0000] {logging_mixin.py:151} INFO - [2023-08-24T05:01:31.383+0000] {dagbag.py:539} INFO - Filling up the DagBag from /usr/local/lib/python3.8/dist-packages/airflow/example_dags/example_latest_only.py
[2023-08-24T05:01:31.391+0000] {processor.py:839} INFO - DAG(s) dict_keys(['latest_only']) retrieved from /usr/local/lib/python3.8/dist-packages/airflow/example_dags/example_latest_only.py
[2023-08-24T05:01:31.407+0000] {logging_mixin.py:151} INFO - [2023-08-24T05:01:31.407+0000] {dag.py:2907} INFO - Sync 1 DAGs
[2023-08-24T05:01:31.423+0000] {logging_mixin.py:151} INFO - [2023-08-24T05:01:31.423+0000] {dag.py:3677} INFO - Setting next_dagrun for latest_only to 2023-08-24T01:01:31.422915+00:00, run_after=2023-08-24T05:01:31.422915+00:00
[2023-08-24T05:01:31.441+0000] {processor.py:179} INFO - Processing /usr/local/lib/python3.8/dist-packages/airflow/example_dags/example_latest_only.py took 0.065 seconds
[2023-08-24T05:02:29.861+0000] {processor.py:157} INFO - Started process (PID=47265) to work on /usr/local/lib/python3.8/dist-packages/airflow/example_dags/example_latest_only.py
[2023-08-24T05:02:29.863+0000] {processor.py:829} INFO - Processing file /usr/local/lib/python3.8/dist-packages/airflow/example_dags/example_latest_only.py for tasks to queue
[2023-08-24T05:02:29.864+0000] {logging_mixin.py:151} INFO - [2023-08-24T05:02:29.864+0000] {dagbag.py:539} INFO - Filling up the DagBag from /usr/local/lib/python3.8/dist-packages/airflow/example_dags/example_latest_only.py
[2023-08-24T05:02:29.871+0000] {processor.py:839} INFO - DAG(s) dict_keys(['latest_only']) retrieved from /usr/local/lib/python3.8/dist-packages/airflow/example_dags/example_latest_only.py
[2023-08-24T05:02:29.886+0000] {logging_mixin.py:151} INFO - [2023-08-24T05:02:29.886+0000] {dag.py:2907} INFO - Sync 1 DAGs
[2023-08-24T05:02:29.902+0000] {logging_mixin.py:151} INFO - [2023-08-24T05:02:29.902+0000] {dag.py:3677} INFO - Setting next_dagrun for latest_only to 2023-08-24T01:02:29.902540+00:00, run_after=2023-08-24T05:02:29.902540+00:00
[2023-08-24T05:02:29.920+0000] {processor.py:179} INFO - Processing /usr/local/lib/python3.8/dist-packages/airflow/example_dags/example_latest_only.py took 0.062 seconds
[2023-08-24T05:03:31.670+0000] {processor.py:157} INFO - Started process (PID=47454) to work on /usr/local/lib/python3.8/dist-packages/airflow/example_dags/example_latest_only.py
[2023-08-24T05:03:31.674+0000] {processor.py:829} INFO - Processing file /usr/local/lib/python3.8/dist-packages/airflow/example_dags/example_latest_only.py for tasks to queue
[2023-08-24T05:03:31.675+0000] {logging_mixin.py:151} INFO - [2023-08-24T05:03:31.675+0000] {dagbag.py:539} INFO - Filling up the DagBag from /usr/local/lib/python3.8/dist-packages/airflow/example_dags/example_latest_only.py
[2023-08-24T05:03:31.682+0000] {processor.py:839} INFO - DAG(s) dict_keys(['latest_only']) retrieved from /usr/local/lib/python3.8/dist-packages/airflow/example_dags/example_latest_only.py
[2023-08-24T05:03:31.698+0000] {logging_mixin.py:151} INFO - [2023-08-24T05:03:31.698+0000] {dag.py:2907} INFO - Sync 1 DAGs
[2023-08-24T05:03:31.714+0000] {logging_mixin.py:151} INFO - [2023-08-24T05:03:31.714+0000] {dag.py:3677} INFO - Setting next_dagrun for latest_only to 2023-08-24T01:03:31.714547+00:00, run_after=2023-08-24T05:03:31.714547+00:00
[2023-08-24T05:03:31.732+0000] {processor.py:179} INFO - Processing /usr/local/lib/python3.8/dist-packages/airflow/example_dags/example_latest_only.py took 0.066 seconds
[2023-08-24T05:04:29.531+0000] {processor.py:157} INFO - Started process (PID=47636) to work on /usr/local/lib/python3.8/dist-packages/airflow/example_dags/example_latest_only.py
[2023-08-24T05:04:29.533+0000] {processor.py:829} INFO - Processing file /usr/local/lib/python3.8/dist-packages/airflow/example_dags/example_latest_only.py for tasks to queue
[2023-08-24T05:04:29.534+0000] {logging_mixin.py:151} INFO - [2023-08-24T05:04:29.533+0000] {dagbag.py:539} INFO - Filling up the DagBag from /usr/local/lib/python3.8/dist-packages/airflow/example_dags/example_latest_only.py
[2023-08-24T05:04:29.542+0000] {processor.py:839} INFO - DAG(s) dict_keys(['latest_only']) retrieved from /usr/local/lib/python3.8/dist-packages/airflow/example_dags/example_latest_only.py
[2023-08-24T05:04:29.560+0000] {logging_mixin.py:151} INFO - [2023-08-24T05:04:29.560+0000] {dag.py:2907} INFO - Sync 1 DAGs
[2023-08-24T05:04:29.578+0000] {logging_mixin.py:151} INFO - [2023-08-24T05:04:29.578+0000] {dag.py:3677} INFO - Setting next_dagrun for latest_only to 2023-08-24T01:04:29.577927+00:00, run_after=2023-08-24T05:04:29.577927+00:00
[2023-08-24T05:04:29.596+0000] {processor.py:179} INFO - Processing /usr/local/lib/python3.8/dist-packages/airflow/example_dags/example_latest_only.py took 0.069 seconds
[2023-08-24T05:05:29.760+0000] {processor.py:157} INFO - Started process (PID=47832) to work on /usr/local/lib/python3.8/dist-packages/airflow/example_dags/example_latest_only.py
[2023-08-24T05:05:29.762+0000] {processor.py:829} INFO - Processing file /usr/local/lib/python3.8/dist-packages/airflow/example_dags/example_latest_only.py for tasks to queue
[2023-08-24T05:05:29.762+0000] {logging_mixin.py:151} INFO - [2023-08-24T05:05:29.762+0000] {dagbag.py:539} INFO - Filling up the DagBag from /usr/local/lib/python3.8/dist-packages/airflow/example_dags/example_latest_only.py
[2023-08-24T05:05:29.770+0000] {processor.py:839} INFO - DAG(s) dict_keys(['latest_only']) retrieved from /usr/local/lib/python3.8/dist-packages/airflow/example_dags/example_latest_only.py
[2023-08-24T05:05:29.785+0000] {logging_mixin.py:151} INFO - [2023-08-24T05:05:29.785+0000] {dag.py:2907} INFO - Sync 1 DAGs
[2023-08-24T05:05:29.801+0000] {logging_mixin.py:151} INFO - [2023-08-24T05:05:29.801+0000] {dag.py:3677} INFO - Setting next_dagrun for latest_only to 2023-08-24T01:05:29.800907+00:00, run_after=2023-08-24T05:05:29.800907+00:00
[2023-08-24T05:05:29.818+0000] {processor.py:179} INFO - Processing /usr/local/lib/python3.8/dist-packages/airflow/example_dags/example_latest_only.py took 0.062 seconds
[2023-08-24T05:06:27.513+0000] {processor.py:157} INFO - Started process (PID=48028) to work on /usr/local/lib/python3.8/dist-packages/airflow/example_dags/example_latest_only.py
[2023-08-24T05:06:27.514+0000] {processor.py:829} INFO - Processing file /usr/local/lib/python3.8/dist-packages/airflow/example_dags/example_latest_only.py for tasks to queue
[2023-08-24T05:06:27.515+0000] {logging_mixin.py:151} INFO - [2023-08-24T05:06:27.515+0000] {dagbag.py:539} INFO - Filling up the DagBag from /usr/local/lib/python3.8/dist-packages/airflow/example_dags/example_latest_only.py
[2023-08-24T05:06:27.523+0000] {processor.py:839} INFO - DAG(s) dict_keys(['latest_only']) retrieved from /usr/local/lib/python3.8/dist-packages/airflow/example_dags/example_latest_only.py
[2023-08-24T05:06:27.539+0000] {logging_mixin.py:151} INFO - [2023-08-24T05:06:27.539+0000] {dag.py:2907} INFO - Sync 1 DAGs
[2023-08-24T05:06:27.556+0000] {logging_mixin.py:151} INFO - [2023-08-24T05:06:27.556+0000] {dag.py:3677} INFO - Setting next_dagrun for latest_only to 2023-08-24T01:06:27.555754+00:00, run_after=2023-08-24T05:06:27.555754+00:00
[2023-08-24T05:06:27.574+0000] {processor.py:179} INFO - Processing /usr/local/lib/python3.8/dist-packages/airflow/example_dags/example_latest_only.py took 0.065 seconds
[2023-08-24T05:07:25.561+0000] {processor.py:157} INFO - Started process (PID=48212) to work on /usr/local/lib/python3.8/dist-packages/airflow/example_dags/example_latest_only.py
[2023-08-24T05:07:25.562+0000] {processor.py:829} INFO - Processing file /usr/local/lib/python3.8/dist-packages/airflow/example_dags/example_latest_only.py for tasks to queue
[2023-08-24T05:07:25.563+0000] {logging_mixin.py:151} INFO - [2023-08-24T05:07:25.563+0000] {dagbag.py:539} INFO - Filling up the DagBag from /usr/local/lib/python3.8/dist-packages/airflow/example_dags/example_latest_only.py
[2023-08-24T05:07:25.571+0000] {processor.py:839} INFO - DAG(s) dict_keys(['latest_only']) retrieved from /usr/local/lib/python3.8/dist-packages/airflow/example_dags/example_latest_only.py
[2023-08-24T05:07:25.586+0000] {logging_mixin.py:151} INFO - [2023-08-24T05:07:25.586+0000] {dag.py:2907} INFO - Sync 1 DAGs
[2023-08-24T05:07:25.602+0000] {logging_mixin.py:151} INFO - [2023-08-24T05:07:25.602+0000] {dag.py:3677} INFO - Setting next_dagrun for latest_only to 2023-08-24T01:07:25.602262+00:00, run_after=2023-08-24T05:07:25.602262+00:00
[2023-08-24T05:07:25.620+0000] {processor.py:179} INFO - Processing /usr/local/lib/python3.8/dist-packages/airflow/example_dags/example_latest_only.py took 0.063 seconds
[2023-08-24T05:08:25.267+0000] {processor.py:157} INFO - Started process (PID=48398) to work on /usr/local/lib/python3.8/dist-packages/airflow/example_dags/example_latest_only.py
[2023-08-24T05:08:25.269+0000] {processor.py:829} INFO - Processing file /usr/local/lib/python3.8/dist-packages/airflow/example_dags/example_latest_only.py for tasks to queue
[2023-08-24T05:08:25.270+0000] {logging_mixin.py:151} INFO - [2023-08-24T05:08:25.270+0000] {dagbag.py:539} INFO - Filling up the DagBag from /usr/local/lib/python3.8/dist-packages/airflow/example_dags/example_latest_only.py
[2023-08-24T05:08:25.277+0000] {processor.py:839} INFO - DAG(s) dict_keys(['latest_only']) retrieved from /usr/local/lib/python3.8/dist-packages/airflow/example_dags/example_latest_only.py
[2023-08-24T05:08:25.292+0000] {logging_mixin.py:151} INFO - [2023-08-24T05:08:25.292+0000] {dag.py:2907} INFO - Sync 1 DAGs
[2023-08-24T05:08:25.309+0000] {logging_mixin.py:151} INFO - [2023-08-24T05:08:25.309+0000] {dag.py:3677} INFO - Setting next_dagrun for latest_only to 2023-08-24T01:08:25.309054+00:00, run_after=2023-08-24T05:08:25.309054+00:00
[2023-08-24T05:08:25.327+0000] {processor.py:179} INFO - Processing /usr/local/lib/python3.8/dist-packages/airflow/example_dags/example_latest_only.py took 0.063 seconds
[2023-08-24T05:09:25.900+0000] {processor.py:157} INFO - Started process (PID=48594) to work on /usr/local/lib/python3.8/dist-packages/airflow/example_dags/example_latest_only.py
[2023-08-24T05:09:25.902+0000] {processor.py:829} INFO - Processing file /usr/local/lib/python3.8/dist-packages/airflow/example_dags/example_latest_only.py for tasks to queue
[2023-08-24T05:09:25.903+0000] {logging_mixin.py:151} INFO - [2023-08-24T05:09:25.903+0000] {dagbag.py:539} INFO - Filling up the DagBag from /usr/local/lib/python3.8/dist-packages/airflow/example_dags/example_latest_only.py
[2023-08-24T05:09:25.910+0000] {processor.py:839} INFO - DAG(s) dict_keys(['latest_only']) retrieved from /usr/local/lib/python3.8/dist-packages/airflow/example_dags/example_latest_only.py
[2023-08-24T05:09:25.926+0000] {logging_mixin.py:151} INFO - [2023-08-24T05:09:25.926+0000] {dag.py:2907} INFO - Sync 1 DAGs
[2023-08-24T05:09:25.943+0000] {logging_mixin.py:151} INFO - [2023-08-24T05:09:25.943+0000] {dag.py:3677} INFO - Setting next_dagrun for latest_only to 2023-08-24T01:09:25.943270+00:00, run_after=2023-08-24T05:09:25.943270+00:00
[2023-08-24T05:09:25.961+0000] {processor.py:179} INFO - Processing /usr/local/lib/python3.8/dist-packages/airflow/example_dags/example_latest_only.py took 0.066 seconds
[2023-08-24T05:10:23.319+0000] {processor.py:157} INFO - Started process (PID=48775) to work on /usr/local/lib/python3.8/dist-packages/airflow/example_dags/example_latest_only.py
[2023-08-24T05:10:23.321+0000] {processor.py:829} INFO - Processing file /usr/local/lib/python3.8/dist-packages/airflow/example_dags/example_latest_only.py for tasks to queue
[2023-08-24T05:10:23.322+0000] {logging_mixin.py:151} INFO - [2023-08-24T05:10:23.322+0000] {dagbag.py:539} INFO - Filling up the DagBag from /usr/local/lib/python3.8/dist-packages/airflow/example_dags/example_latest_only.py
[2023-08-24T05:10:23.329+0000] {processor.py:839} INFO - DAG(s) dict_keys(['latest_only']) retrieved from /usr/local/lib/python3.8/dist-packages/airflow/example_dags/example_latest_only.py
[2023-08-24T05:10:23.346+0000] {logging_mixin.py:151} INFO - [2023-08-24T05:10:23.346+0000] {dag.py:2907} INFO - Sync 1 DAGs
[2023-08-24T05:10:23.364+0000] {logging_mixin.py:151} INFO - [2023-08-24T05:10:23.364+0000] {dag.py:3677} INFO - Setting next_dagrun for latest_only to 2023-08-24T01:10:23.363760+00:00, run_after=2023-08-24T05:10:23.363760+00:00
[2023-08-24T05:10:23.383+0000] {processor.py:179} INFO - Processing /usr/local/lib/python3.8/dist-packages/airflow/example_dags/example_latest_only.py took 0.068 seconds
[2023-08-24T05:11:38.978+0000] {processor.py:157} INFO - Started process (PID=48931) to work on /usr/local/lib/python3.8/dist-packages/airflow/example_dags/example_latest_only.py
[2023-08-24T05:11:38.980+0000] {processor.py:829} INFO - Processing file /usr/local/lib/python3.8/dist-packages/airflow/example_dags/example_latest_only.py for tasks to queue
[2023-08-24T05:11:38.981+0000] {logging_mixin.py:151} INFO - [2023-08-24T05:11:38.981+0000] {dagbag.py:539} INFO - Filling up the DagBag from /usr/local/lib/python3.8/dist-packages/airflow/example_dags/example_latest_only.py
[2023-08-24T05:11:38.989+0000] {processor.py:839} INFO - DAG(s) dict_keys(['latest_only']) retrieved from /usr/local/lib/python3.8/dist-packages/airflow/example_dags/example_latest_only.py
[2023-08-24T05:11:39.005+0000] {logging_mixin.py:151} INFO - [2023-08-24T05:11:39.005+0000] {dag.py:2907} INFO - Sync 1 DAGs
[2023-08-24T05:11:39.022+0000] {logging_mixin.py:151} INFO - [2023-08-24T05:11:39.022+0000] {dag.py:3677} INFO - Setting next_dagrun for latest_only to 2023-08-24T01:11:39.021997+00:00, run_after=2023-08-24T05:11:39.021997+00:00
[2023-08-24T05:11:39.041+0000] {processor.py:179} INFO - Processing /usr/local/lib/python3.8/dist-packages/airflow/example_dags/example_latest_only.py took 0.067 seconds
[2023-08-24T05:12:40.926+0000] {processor.py:157} INFO - Started process (PID=49128) to work on /usr/local/lib/python3.8/dist-packages/airflow/example_dags/example_latest_only.py
[2023-08-24T05:12:40.928+0000] {processor.py:829} INFO - Processing file /usr/local/lib/python3.8/dist-packages/airflow/example_dags/example_latest_only.py for tasks to queue
[2023-08-24T05:12:40.929+0000] {logging_mixin.py:151} INFO - [2023-08-24T05:12:40.928+0000] {dagbag.py:539} INFO - Filling up the DagBag from /usr/local/lib/python3.8/dist-packages/airflow/example_dags/example_latest_only.py
[2023-08-24T05:12:40.936+0000] {processor.py:839} INFO - DAG(s) dict_keys(['latest_only']) retrieved from /usr/local/lib/python3.8/dist-packages/airflow/example_dags/example_latest_only.py
[2023-08-24T05:12:40.952+0000] {logging_mixin.py:151} INFO - [2023-08-24T05:12:40.952+0000] {dag.py:2907} INFO - Sync 1 DAGs
[2023-08-24T05:12:40.968+0000] {logging_mixin.py:151} INFO - [2023-08-24T05:12:40.968+0000] {dag.py:3677} INFO - Setting next_dagrun for latest_only to 2023-08-24T01:12:40.968511+00:00, run_after=2023-08-24T05:12:40.968511+00:00
[2023-08-24T05:12:40.987+0000] {processor.py:179} INFO - Processing /usr/local/lib/python3.8/dist-packages/airflow/example_dags/example_latest_only.py took 0.065 seconds
[2023-08-24T05:13:41.105+0000] {processor.py:157} INFO - Started process (PID=49332) to work on /usr/local/lib/python3.8/dist-packages/airflow/example_dags/example_latest_only.py
[2023-08-24T05:13:41.106+0000] {processor.py:829} INFO - Processing file /usr/local/lib/python3.8/dist-packages/airflow/example_dags/example_latest_only.py for tasks to queue
[2023-08-24T05:13:41.107+0000] {logging_mixin.py:151} INFO - [2023-08-24T05:13:41.107+0000] {dagbag.py:539} INFO - Filling up the DagBag from /usr/local/lib/python3.8/dist-packages/airflow/example_dags/example_latest_only.py
[2023-08-24T05:13:41.114+0000] {processor.py:839} INFO - DAG(s) dict_keys(['latest_only']) retrieved from /usr/local/lib/python3.8/dist-packages/airflow/example_dags/example_latest_only.py
[2023-08-24T05:13:41.130+0000] {logging_mixin.py:151} INFO - [2023-08-24T05:13:41.130+0000] {dag.py:2907} INFO - Sync 1 DAGs
[2023-08-24T05:13:41.146+0000] {logging_mixin.py:151} INFO - [2023-08-24T05:13:41.146+0000] {dag.py:3677} INFO - Setting next_dagrun for latest_only to 2023-08-24T01:13:41.146358+00:00, run_after=2023-08-24T05:13:41.146358+00:00
[2023-08-24T05:13:41.164+0000] {processor.py:179} INFO - Processing /usr/local/lib/python3.8/dist-packages/airflow/example_dags/example_latest_only.py took 0.063 seconds
