[2023-08-24T04:22:12.305+0000] {processor.py:157} INFO - Started process (PID=37613) to work on /usr/local/lib/python3.8/dist-packages/airflow/example_dags/example_time_delta_sensor_async.py
[2023-08-24T04:22:12.306+0000] {processor.py:829} INFO - Processing file /usr/local/lib/python3.8/dist-packages/airflow/example_dags/example_time_delta_sensor_async.py for tasks to queue
[2023-08-24T04:22:12.307+0000] {logging_mixin.py:151} INFO - [2023-08-24T04:22:12.307+0000] {dagbag.py:539} INFO - Filling up the DagBag from /usr/local/lib/python3.8/dist-packages/airflow/example_dags/example_time_delta_sensor_async.py
[2023-08-24T04:22:12.314+0000] {processor.py:839} INFO - DAG(s) dict_keys(['example_time_delta_sensor_async']) retrieved from /usr/local/lib/python3.8/dist-packages/airflow/example_dags/example_time_delta_sensor_async.py
[2023-08-24T04:22:12.331+0000] {logging_mixin.py:151} INFO - [2023-08-24T04:22:12.331+0000] {dag.py:2907} INFO - Sync 1 DAGs
[2023-08-24T04:22:12.343+0000] {logging_mixin.py:151} INFO - [2023-08-24T04:22:12.343+0000] {dag.py:3677} INFO - Setting next_dagrun for example_time_delta_sensor_async to None, run_after=None
[2023-08-24T04:22:12.362+0000] {processor.py:179} INFO - Processing /usr/local/lib/python3.8/dist-packages/airflow/example_dags/example_time_delta_sensor_async.py took 0.061 seconds
[2023-08-24T04:31:25.388+0000] {processor.py:157} INFO - Started process (PID=41488) to work on /usr/local/lib/python3.8/dist-packages/airflow/example_dags/example_time_delta_sensor_async.py
[2023-08-24T04:31:25.389+0000] {processor.py:829} INFO - Processing file /usr/local/lib/python3.8/dist-packages/airflow/example_dags/example_time_delta_sensor_async.py for tasks to queue
[2023-08-24T04:31:25.390+0000] {logging_mixin.py:151} INFO - [2023-08-24T04:31:25.390+0000] {dagbag.py:539} INFO - Filling up the DagBag from /usr/local/lib/python3.8/dist-packages/airflow/example_dags/example_time_delta_sensor_async.py
[2023-08-24T04:31:25.397+0000] {processor.py:839} INFO - DAG(s) dict_keys(['example_time_delta_sensor_async']) retrieved from /usr/local/lib/python3.8/dist-packages/airflow/example_dags/example_time_delta_sensor_async.py
[2023-08-24T04:31:25.413+0000] {logging_mixin.py:151} INFO - [2023-08-24T04:31:25.413+0000] {dag.py:2907} INFO - Sync 1 DAGs
[2023-08-24T04:31:25.423+0000] {logging_mixin.py:151} INFO - [2023-08-24T04:31:25.423+0000] {dag.py:3677} INFO - Setting next_dagrun for example_time_delta_sensor_async to None, run_after=None
[2023-08-24T04:31:25.441+0000] {processor.py:179} INFO - Processing /usr/local/lib/python3.8/dist-packages/airflow/example_dags/example_time_delta_sensor_async.py took 0.057 seconds
[2023-08-24T04:32:27.409+0000] {processor.py:157} INFO - Started process (PID=41686) to work on /usr/local/lib/python3.8/dist-packages/airflow/example_dags/example_time_delta_sensor_async.py
[2023-08-24T04:32:27.411+0000] {processor.py:829} INFO - Processing file /usr/local/lib/python3.8/dist-packages/airflow/example_dags/example_time_delta_sensor_async.py for tasks to queue
[2023-08-24T04:32:27.412+0000] {logging_mixin.py:151} INFO - [2023-08-24T04:32:27.411+0000] {dagbag.py:539} INFO - Filling up the DagBag from /usr/local/lib/python3.8/dist-packages/airflow/example_dags/example_time_delta_sensor_async.py
[2023-08-24T04:32:27.417+0000] {processor.py:839} INFO - DAG(s) dict_keys(['example_time_delta_sensor_async']) retrieved from /usr/local/lib/python3.8/dist-packages/airflow/example_dags/example_time_delta_sensor_async.py
[2023-08-24T04:32:27.433+0000] {logging_mixin.py:151} INFO - [2023-08-24T04:32:27.432+0000] {dag.py:2907} INFO - Sync 1 DAGs
[2023-08-24T04:32:27.443+0000] {logging_mixin.py:151} INFO - [2023-08-24T04:32:27.443+0000] {dag.py:3677} INFO - Setting next_dagrun for example_time_delta_sensor_async to None, run_after=None
[2023-08-24T04:32:27.461+0000] {processor.py:179} INFO - Processing /usr/local/lib/python3.8/dist-packages/airflow/example_dags/example_time_delta_sensor_async.py took 0.055 seconds
[2023-08-24T04:33:27.276+0000] {processor.py:157} INFO - Started process (PID=41877) to work on /usr/local/lib/python3.8/dist-packages/airflow/example_dags/example_time_delta_sensor_async.py
[2023-08-24T04:33:27.281+0000] {processor.py:829} INFO - Processing file /usr/local/lib/python3.8/dist-packages/airflow/example_dags/example_time_delta_sensor_async.py for tasks to queue
[2023-08-24T04:33:27.282+0000] {logging_mixin.py:151} INFO - [2023-08-24T04:33:27.281+0000] {dagbag.py:539} INFO - Filling up the DagBag from /usr/local/lib/python3.8/dist-packages/airflow/example_dags/example_time_delta_sensor_async.py
[2023-08-24T04:33:27.287+0000] {processor.py:839} INFO - DAG(s) dict_keys(['example_time_delta_sensor_async']) retrieved from /usr/local/lib/python3.8/dist-packages/airflow/example_dags/example_time_delta_sensor_async.py
[2023-08-24T04:33:27.303+0000] {logging_mixin.py:151} INFO - [2023-08-24T04:33:27.303+0000] {dag.py:2907} INFO - Sync 1 DAGs
[2023-08-24T04:33:27.313+0000] {logging_mixin.py:151} INFO - [2023-08-24T04:33:27.313+0000] {dag.py:3677} INFO - Setting next_dagrun for example_time_delta_sensor_async to None, run_after=None
[2023-08-24T04:33:27.332+0000] {processor.py:179} INFO - Processing /usr/local/lib/python3.8/dist-packages/airflow/example_dags/example_time_delta_sensor_async.py took 0.060 seconds
[2023-08-24T04:34:26.380+0000] {processor.py:157} INFO - Started process (PID=42060) to work on /usr/local/lib/python3.8/dist-packages/airflow/example_dags/example_time_delta_sensor_async.py
[2023-08-24T04:34:26.382+0000] {processor.py:829} INFO - Processing file /usr/local/lib/python3.8/dist-packages/airflow/example_dags/example_time_delta_sensor_async.py for tasks to queue
[2023-08-24T04:34:26.383+0000] {logging_mixin.py:151} INFO - [2023-08-24T04:34:26.382+0000] {dagbag.py:539} INFO - Filling up the DagBag from /usr/local/lib/python3.8/dist-packages/airflow/example_dags/example_time_delta_sensor_async.py
[2023-08-24T04:34:26.388+0000] {processor.py:839} INFO - DAG(s) dict_keys(['example_time_delta_sensor_async']) retrieved from /usr/local/lib/python3.8/dist-packages/airflow/example_dags/example_time_delta_sensor_async.py
[2023-08-24T04:34:26.404+0000] {logging_mixin.py:151} INFO - [2023-08-24T04:34:26.404+0000] {dag.py:2907} INFO - Sync 1 DAGs
[2023-08-24T04:34:26.415+0000] {logging_mixin.py:151} INFO - [2023-08-24T04:34:26.415+0000] {dag.py:3677} INFO - Setting next_dagrun for example_time_delta_sensor_async to None, run_after=None
[2023-08-24T04:34:26.433+0000] {processor.py:179} INFO - Processing /usr/local/lib/python3.8/dist-packages/airflow/example_dags/example_time_delta_sensor_async.py took 0.056 seconds
[2023-08-24T04:35:25.416+0000] {processor.py:157} INFO - Started process (PID=42256) to work on /usr/local/lib/python3.8/dist-packages/airflow/example_dags/example_time_delta_sensor_async.py
[2023-08-24T04:35:25.420+0000] {processor.py:829} INFO - Processing file /usr/local/lib/python3.8/dist-packages/airflow/example_dags/example_time_delta_sensor_async.py for tasks to queue
[2023-08-24T04:35:25.420+0000] {logging_mixin.py:151} INFO - [2023-08-24T04:35:25.420+0000] {dagbag.py:539} INFO - Filling up the DagBag from /usr/local/lib/python3.8/dist-packages/airflow/example_dags/example_time_delta_sensor_async.py
[2023-08-24T04:35:25.426+0000] {processor.py:839} INFO - DAG(s) dict_keys(['example_time_delta_sensor_async']) retrieved from /usr/local/lib/python3.8/dist-packages/airflow/example_dags/example_time_delta_sensor_async.py
[2023-08-24T04:35:25.442+0000] {logging_mixin.py:151} INFO - [2023-08-24T04:35:25.442+0000] {dag.py:2907} INFO - Sync 1 DAGs
[2023-08-24T04:35:25.453+0000] {logging_mixin.py:151} INFO - [2023-08-24T04:35:25.453+0000] {dag.py:3677} INFO - Setting next_dagrun for example_time_delta_sensor_async to None, run_after=None
[2023-08-24T04:35:25.472+0000] {processor.py:179} INFO - Processing /usr/local/lib/python3.8/dist-packages/airflow/example_dags/example_time_delta_sensor_async.py took 0.059 seconds
[2023-08-24T04:36:24.677+0000] {processor.py:157} INFO - Started process (PID=42452) to work on /usr/local/lib/python3.8/dist-packages/airflow/example_dags/example_time_delta_sensor_async.py
[2023-08-24T04:36:24.678+0000] {processor.py:829} INFO - Processing file /usr/local/lib/python3.8/dist-packages/airflow/example_dags/example_time_delta_sensor_async.py for tasks to queue
[2023-08-24T04:36:24.679+0000] {logging_mixin.py:151} INFO - [2023-08-24T04:36:24.679+0000] {dagbag.py:539} INFO - Filling up the DagBag from /usr/local/lib/python3.8/dist-packages/airflow/example_dags/example_time_delta_sensor_async.py
[2023-08-24T04:36:24.684+0000] {processor.py:839} INFO - DAG(s) dict_keys(['example_time_delta_sensor_async']) retrieved from /usr/local/lib/python3.8/dist-packages/airflow/example_dags/example_time_delta_sensor_async.py
[2023-08-24T04:36:24.700+0000] {logging_mixin.py:151} INFO - [2023-08-24T04:36:24.700+0000] {dag.py:2907} INFO - Sync 1 DAGs
[2023-08-24T04:36:24.711+0000] {logging_mixin.py:151} INFO - [2023-08-24T04:36:24.711+0000] {dag.py:3677} INFO - Setting next_dagrun for example_time_delta_sensor_async to None, run_after=None
[2023-08-24T04:36:24.728+0000] {processor.py:179} INFO - Processing /usr/local/lib/python3.8/dist-packages/airflow/example_dags/example_time_delta_sensor_async.py took 0.055 seconds
[2023-08-24T04:37:20.193+0000] {processor.py:157} INFO - Started process (PID=42635) to work on /usr/local/lib/python3.8/dist-packages/airflow/example_dags/example_time_delta_sensor_async.py
[2023-08-24T04:37:20.195+0000] {processor.py:829} INFO - Processing file /usr/local/lib/python3.8/dist-packages/airflow/example_dags/example_time_delta_sensor_async.py for tasks to queue
[2023-08-24T04:37:20.196+0000] {logging_mixin.py:151} INFO - [2023-08-24T04:37:20.196+0000] {dagbag.py:539} INFO - Filling up the DagBag from /usr/local/lib/python3.8/dist-packages/airflow/example_dags/example_time_delta_sensor_async.py
[2023-08-24T04:37:20.201+0000] {processor.py:839} INFO - DAG(s) dict_keys(['example_time_delta_sensor_async']) retrieved from /usr/local/lib/python3.8/dist-packages/airflow/example_dags/example_time_delta_sensor_async.py
[2023-08-24T04:37:20.218+0000] {logging_mixin.py:151} INFO - [2023-08-24T04:37:20.218+0000] {dag.py:2907} INFO - Sync 1 DAGs
[2023-08-24T04:37:20.230+0000] {logging_mixin.py:151} INFO - [2023-08-24T04:37:20.229+0000] {dag.py:3677} INFO - Setting next_dagrun for example_time_delta_sensor_async to None, run_after=None
[2023-08-24T04:37:20.248+0000] {processor.py:179} INFO - Processing /usr/local/lib/python3.8/dist-packages/airflow/example_dags/example_time_delta_sensor_async.py took 0.059 seconds
[2023-08-24T04:38:17.146+0000] {processor.py:157} INFO - Started process (PID=42818) to work on /usr/local/lib/python3.8/dist-packages/airflow/example_dags/example_time_delta_sensor_async.py
[2023-08-24T04:38:17.148+0000] {processor.py:829} INFO - Processing file /usr/local/lib/python3.8/dist-packages/airflow/example_dags/example_time_delta_sensor_async.py for tasks to queue
[2023-08-24T04:38:17.148+0000] {logging_mixin.py:151} INFO - [2023-08-24T04:38:17.148+0000] {dagbag.py:539} INFO - Filling up the DagBag from /usr/local/lib/python3.8/dist-packages/airflow/example_dags/example_time_delta_sensor_async.py
[2023-08-24T04:38:17.154+0000] {processor.py:839} INFO - DAG(s) dict_keys(['example_time_delta_sensor_async']) retrieved from /usr/local/lib/python3.8/dist-packages/airflow/example_dags/example_time_delta_sensor_async.py
[2023-08-24T04:38:17.169+0000] {logging_mixin.py:151} INFO - [2023-08-24T04:38:17.169+0000] {dag.py:2907} INFO - Sync 1 DAGs
[2023-08-24T04:38:17.180+0000] {logging_mixin.py:151} INFO - [2023-08-24T04:38:17.180+0000] {dag.py:3677} INFO - Setting next_dagrun for example_time_delta_sensor_async to None, run_after=None
[2023-08-24T04:38:17.198+0000] {processor.py:179} INFO - Processing /usr/local/lib/python3.8/dist-packages/airflow/example_dags/example_time_delta_sensor_async.py took 0.055 seconds
[2023-08-24T04:39:17.675+0000] {processor.py:157} INFO - Started process (PID=43003) to work on /usr/local/lib/python3.8/dist-packages/airflow/example_dags/example_time_delta_sensor_async.py
[2023-08-24T04:39:17.677+0000] {processor.py:829} INFO - Processing file /usr/local/lib/python3.8/dist-packages/airflow/example_dags/example_time_delta_sensor_async.py for tasks to queue
[2023-08-24T04:39:17.678+0000] {logging_mixin.py:151} INFO - [2023-08-24T04:39:17.678+0000] {dagbag.py:539} INFO - Filling up the DagBag from /usr/local/lib/python3.8/dist-packages/airflow/example_dags/example_time_delta_sensor_async.py
[2023-08-24T04:39:17.683+0000] {processor.py:839} INFO - DAG(s) dict_keys(['example_time_delta_sensor_async']) retrieved from /usr/local/lib/python3.8/dist-packages/airflow/example_dags/example_time_delta_sensor_async.py
[2023-08-24T04:39:17.699+0000] {logging_mixin.py:151} INFO - [2023-08-24T04:39:17.699+0000] {dag.py:2907} INFO - Sync 1 DAGs
[2023-08-24T04:39:17.710+0000] {logging_mixin.py:151} INFO - [2023-08-24T04:39:17.709+0000] {dag.py:3677} INFO - Setting next_dagrun for example_time_delta_sensor_async to None, run_after=None
[2023-08-24T04:39:17.727+0000] {processor.py:179} INFO - Processing /usr/local/lib/python3.8/dist-packages/airflow/example_dags/example_time_delta_sensor_async.py took 0.056 seconds
[2023-08-24T04:40:17.948+0000] {processor.py:157} INFO - Started process (PID=43199) to work on /usr/local/lib/python3.8/dist-packages/airflow/example_dags/example_time_delta_sensor_async.py
[2023-08-24T04:40:17.950+0000] {processor.py:829} INFO - Processing file /usr/local/lib/python3.8/dist-packages/airflow/example_dags/example_time_delta_sensor_async.py for tasks to queue
[2023-08-24T04:40:17.951+0000] {logging_mixin.py:151} INFO - [2023-08-24T04:40:17.950+0000] {dagbag.py:539} INFO - Filling up the DagBag from /usr/local/lib/python3.8/dist-packages/airflow/example_dags/example_time_delta_sensor_async.py
[2023-08-24T04:40:17.956+0000] {processor.py:839} INFO - DAG(s) dict_keys(['example_time_delta_sensor_async']) retrieved from /usr/local/lib/python3.8/dist-packages/airflow/example_dags/example_time_delta_sensor_async.py
[2023-08-24T04:40:17.972+0000] {logging_mixin.py:151} INFO - [2023-08-24T04:40:17.972+0000] {dag.py:2907} INFO - Sync 1 DAGs
[2023-08-24T04:40:17.983+0000] {logging_mixin.py:151} INFO - [2023-08-24T04:40:17.983+0000] {dag.py:3677} INFO - Setting next_dagrun for example_time_delta_sensor_async to None, run_after=None
[2023-08-24T04:40:18.001+0000] {processor.py:179} INFO - Processing /usr/local/lib/python3.8/dist-packages/airflow/example_dags/example_time_delta_sensor_async.py took 0.056 seconds
[2023-08-24T04:41:18.629+0000] {processor.py:157} INFO - Started process (PID=43383) to work on /usr/local/lib/python3.8/dist-packages/airflow/example_dags/example_time_delta_sensor_async.py
[2023-08-24T04:41:18.632+0000] {processor.py:829} INFO - Processing file /usr/local/lib/python3.8/dist-packages/airflow/example_dags/example_time_delta_sensor_async.py for tasks to queue
[2023-08-24T04:41:18.633+0000] {logging_mixin.py:151} INFO - [2023-08-24T04:41:18.632+0000] {dagbag.py:539} INFO - Filling up the DagBag from /usr/local/lib/python3.8/dist-packages/airflow/example_dags/example_time_delta_sensor_async.py
[2023-08-24T04:41:18.638+0000] {processor.py:839} INFO - DAG(s) dict_keys(['example_time_delta_sensor_async']) retrieved from /usr/local/lib/python3.8/dist-packages/airflow/example_dags/example_time_delta_sensor_async.py
[2023-08-24T04:41:18.653+0000] {logging_mixin.py:151} INFO - [2023-08-24T04:41:18.653+0000] {dag.py:2907} INFO - Sync 1 DAGs
[2023-08-24T04:41:18.663+0000] {logging_mixin.py:151} INFO - [2023-08-24T04:41:18.663+0000] {dag.py:3677} INFO - Setting next_dagrun for example_time_delta_sensor_async to None, run_after=None
[2023-08-24T04:41:18.680+0000] {processor.py:179} INFO - Processing /usr/local/lib/python3.8/dist-packages/airflow/example_dags/example_time_delta_sensor_async.py took 0.055 seconds
[2023-08-24T04:42:18.091+0000] {processor.py:157} INFO - Started process (PID=43567) to work on /usr/local/lib/python3.8/dist-packages/airflow/example_dags/example_time_delta_sensor_async.py
[2023-08-24T04:42:18.092+0000] {processor.py:829} INFO - Processing file /usr/local/lib/python3.8/dist-packages/airflow/example_dags/example_time_delta_sensor_async.py for tasks to queue
[2023-08-24T04:42:18.093+0000] {logging_mixin.py:151} INFO - [2023-08-24T04:42:18.093+0000] {dagbag.py:539} INFO - Filling up the DagBag from /usr/local/lib/python3.8/dist-packages/airflow/example_dags/example_time_delta_sensor_async.py
[2023-08-24T04:42:18.098+0000] {processor.py:839} INFO - DAG(s) dict_keys(['example_time_delta_sensor_async']) retrieved from /usr/local/lib/python3.8/dist-packages/airflow/example_dags/example_time_delta_sensor_async.py
[2023-08-24T04:42:18.114+0000] {logging_mixin.py:151} INFO - [2023-08-24T04:42:18.114+0000] {dag.py:2907} INFO - Sync 1 DAGs
[2023-08-24T04:42:18.125+0000] {logging_mixin.py:151} INFO - [2023-08-24T04:42:18.124+0000] {dag.py:3677} INFO - Setting next_dagrun for example_time_delta_sensor_async to None, run_after=None
[2023-08-24T04:42:18.142+0000] {processor.py:179} INFO - Processing /usr/local/lib/python3.8/dist-packages/airflow/example_dags/example_time_delta_sensor_async.py took 0.055 seconds
[2023-08-24T04:43:17.352+0000] {processor.py:157} INFO - Started process (PID=43754) to work on /usr/local/lib/python3.8/dist-packages/airflow/example_dags/example_time_delta_sensor_async.py
[2023-08-24T04:43:17.355+0000] {processor.py:829} INFO - Processing file /usr/local/lib/python3.8/dist-packages/airflow/example_dags/example_time_delta_sensor_async.py for tasks to queue
[2023-08-24T04:43:17.356+0000] {logging_mixin.py:151} INFO - [2023-08-24T04:43:17.356+0000] {dagbag.py:539} INFO - Filling up the DagBag from /usr/local/lib/python3.8/dist-packages/airflow/example_dags/example_time_delta_sensor_async.py
[2023-08-24T04:43:17.361+0000] {processor.py:839} INFO - DAG(s) dict_keys(['example_time_delta_sensor_async']) retrieved from /usr/local/lib/python3.8/dist-packages/airflow/example_dags/example_time_delta_sensor_async.py
[2023-08-24T04:43:17.377+0000] {logging_mixin.py:151} INFO - [2023-08-24T04:43:17.377+0000] {dag.py:2907} INFO - Sync 1 DAGs
[2023-08-24T04:43:17.388+0000] {logging_mixin.py:151} INFO - [2023-08-24T04:43:17.388+0000] {dag.py:3677} INFO - Setting next_dagrun for example_time_delta_sensor_async to None, run_after=None
[2023-08-24T04:43:17.406+0000] {processor.py:179} INFO - Processing /usr/local/lib/python3.8/dist-packages/airflow/example_dags/example_time_delta_sensor_async.py took 0.057 seconds
[2023-08-24T04:44:18.118+0000] {processor.py:157} INFO - Started process (PID=43938) to work on /usr/local/lib/python3.8/dist-packages/airflow/example_dags/example_time_delta_sensor_async.py
[2023-08-24T04:44:18.120+0000] {processor.py:829} INFO - Processing file /usr/local/lib/python3.8/dist-packages/airflow/example_dags/example_time_delta_sensor_async.py for tasks to queue
[2023-08-24T04:44:18.121+0000] {logging_mixin.py:151} INFO - [2023-08-24T04:44:18.120+0000] {dagbag.py:539} INFO - Filling up the DagBag from /usr/local/lib/python3.8/dist-packages/airflow/example_dags/example_time_delta_sensor_async.py
[2023-08-24T04:44:18.126+0000] {processor.py:839} INFO - DAG(s) dict_keys(['example_time_delta_sensor_async']) retrieved from /usr/local/lib/python3.8/dist-packages/airflow/example_dags/example_time_delta_sensor_async.py
[2023-08-24T04:44:18.141+0000] {logging_mixin.py:151} INFO - [2023-08-24T04:44:18.141+0000] {dag.py:2907} INFO - Sync 1 DAGs
[2023-08-24T04:44:18.152+0000] {logging_mixin.py:151} INFO - [2023-08-24T04:44:18.152+0000] {dag.py:3677} INFO - Setting next_dagrun for example_time_delta_sensor_async to None, run_after=None
[2023-08-24T04:44:18.169+0000] {processor.py:179} INFO - Processing /usr/local/lib/python3.8/dist-packages/airflow/example_dags/example_time_delta_sensor_async.py took 0.055 seconds
[2023-08-24T04:45:19.180+0000] {processor.py:157} INFO - Started process (PID=44123) to work on /usr/local/lib/python3.8/dist-packages/airflow/example_dags/example_time_delta_sensor_async.py
[2023-08-24T04:45:19.183+0000] {processor.py:829} INFO - Processing file /usr/local/lib/python3.8/dist-packages/airflow/example_dags/example_time_delta_sensor_async.py for tasks to queue
[2023-08-24T04:45:19.184+0000] {logging_mixin.py:151} INFO - [2023-08-24T04:45:19.184+0000] {dagbag.py:539} INFO - Filling up the DagBag from /usr/local/lib/python3.8/dist-packages/airflow/example_dags/example_time_delta_sensor_async.py
[2023-08-24T04:45:19.190+0000] {processor.py:839} INFO - DAG(s) dict_keys(['example_time_delta_sensor_async']) retrieved from /usr/local/lib/python3.8/dist-packages/airflow/example_dags/example_time_delta_sensor_async.py
[2023-08-24T04:45:19.206+0000] {logging_mixin.py:151} INFO - [2023-08-24T04:45:19.206+0000] {dag.py:2907} INFO - Sync 1 DAGs
[2023-08-24T04:45:19.217+0000] {logging_mixin.py:151} INFO - [2023-08-24T04:45:19.217+0000] {dag.py:3677} INFO - Setting next_dagrun for example_time_delta_sensor_async to None, run_after=None
[2023-08-24T04:45:19.236+0000] {processor.py:179} INFO - Processing /usr/local/lib/python3.8/dist-packages/airflow/example_dags/example_time_delta_sensor_async.py took 0.060 seconds
[2023-08-24T04:46:20.760+0000] {processor.py:157} INFO - Started process (PID=44306) to work on /usr/local/lib/python3.8/dist-packages/airflow/example_dags/example_time_delta_sensor_async.py
[2023-08-24T04:46:20.762+0000] {processor.py:829} INFO - Processing file /usr/local/lib/python3.8/dist-packages/airflow/example_dags/example_time_delta_sensor_async.py for tasks to queue
[2023-08-24T04:46:20.762+0000] {logging_mixin.py:151} INFO - [2023-08-24T04:46:20.762+0000] {dagbag.py:539} INFO - Filling up the DagBag from /usr/local/lib/python3.8/dist-packages/airflow/example_dags/example_time_delta_sensor_async.py
[2023-08-24T04:46:20.768+0000] {processor.py:839} INFO - DAG(s) dict_keys(['example_time_delta_sensor_async']) retrieved from /usr/local/lib/python3.8/dist-packages/airflow/example_dags/example_time_delta_sensor_async.py
[2023-08-24T04:46:20.784+0000] {logging_mixin.py:151} INFO - [2023-08-24T04:46:20.784+0000] {dag.py:2907} INFO - Sync 1 DAGs
[2023-08-24T04:46:20.795+0000] {logging_mixin.py:151} INFO - [2023-08-24T04:46:20.795+0000] {dag.py:3677} INFO - Setting next_dagrun for example_time_delta_sensor_async to None, run_after=None
[2023-08-24T04:46:20.813+0000] {processor.py:179} INFO - Processing /usr/local/lib/python3.8/dist-packages/airflow/example_dags/example_time_delta_sensor_async.py took 0.057 seconds
[2023-08-24T04:47:24.285+0000] {processor.py:157} INFO - Started process (PID=44489) to work on /usr/local/lib/python3.8/dist-packages/airflow/example_dags/example_time_delta_sensor_async.py
[2023-08-24T04:47:24.287+0000] {processor.py:829} INFO - Processing file /usr/local/lib/python3.8/dist-packages/airflow/example_dags/example_time_delta_sensor_async.py for tasks to queue
[2023-08-24T04:47:24.288+0000] {logging_mixin.py:151} INFO - [2023-08-24T04:47:24.287+0000] {dagbag.py:539} INFO - Filling up the DagBag from /usr/local/lib/python3.8/dist-packages/airflow/example_dags/example_time_delta_sensor_async.py
[2023-08-24T04:47:24.293+0000] {processor.py:839} INFO - DAG(s) dict_keys(['example_time_delta_sensor_async']) retrieved from /usr/local/lib/python3.8/dist-packages/airflow/example_dags/example_time_delta_sensor_async.py
[2023-08-24T04:47:24.309+0000] {logging_mixin.py:151} INFO - [2023-08-24T04:47:24.309+0000] {dag.py:2907} INFO - Sync 1 DAGs
[2023-08-24T04:47:24.320+0000] {logging_mixin.py:151} INFO - [2023-08-24T04:47:24.320+0000] {dag.py:3677} INFO - Setting next_dagrun for example_time_delta_sensor_async to None, run_after=None
[2023-08-24T04:47:24.338+0000] {processor.py:179} INFO - Processing /usr/local/lib/python3.8/dist-packages/airflow/example_dags/example_time_delta_sensor_async.py took 0.056 seconds
[2023-08-24T04:48:24.625+0000] {processor.py:157} INFO - Started process (PID=44673) to work on /usr/local/lib/python3.8/dist-packages/airflow/example_dags/example_time_delta_sensor_async.py
[2023-08-24T04:48:24.626+0000] {processor.py:829} INFO - Processing file /usr/local/lib/python3.8/dist-packages/airflow/example_dags/example_time_delta_sensor_async.py for tasks to queue
[2023-08-24T04:48:24.627+0000] {logging_mixin.py:151} INFO - [2023-08-24T04:48:24.627+0000] {dagbag.py:539} INFO - Filling up the DagBag from /usr/local/lib/python3.8/dist-packages/airflow/example_dags/example_time_delta_sensor_async.py
[2023-08-24T04:48:24.632+0000] {processor.py:839} INFO - DAG(s) dict_keys(['example_time_delta_sensor_async']) retrieved from /usr/local/lib/python3.8/dist-packages/airflow/example_dags/example_time_delta_sensor_async.py
[2023-08-24T04:48:24.649+0000] {logging_mixin.py:151} INFO - [2023-08-24T04:48:24.649+0000] {dag.py:2907} INFO - Sync 1 DAGs
[2023-08-24T04:48:24.659+0000] {logging_mixin.py:151} INFO - [2023-08-24T04:48:24.659+0000] {dag.py:3677} INFO - Setting next_dagrun for example_time_delta_sensor_async to None, run_after=None
[2023-08-24T04:48:24.677+0000] {processor.py:179} INFO - Processing /usr/local/lib/python3.8/dist-packages/airflow/example_dags/example_time_delta_sensor_async.py took 0.056 seconds
[2023-08-24T04:49:26.954+0000] {processor.py:157} INFO - Started process (PID=44857) to work on /usr/local/lib/python3.8/dist-packages/airflow/example_dags/example_time_delta_sensor_async.py
[2023-08-24T04:49:26.956+0000] {processor.py:829} INFO - Processing file /usr/local/lib/python3.8/dist-packages/airflow/example_dags/example_time_delta_sensor_async.py for tasks to queue
[2023-08-24T04:49:26.956+0000] {logging_mixin.py:151} INFO - [2023-08-24T04:49:26.956+0000] {dagbag.py:539} INFO - Filling up the DagBag from /usr/local/lib/python3.8/dist-packages/airflow/example_dags/example_time_delta_sensor_async.py
[2023-08-24T04:49:26.962+0000] {processor.py:839} INFO - DAG(s) dict_keys(['example_time_delta_sensor_async']) retrieved from /usr/local/lib/python3.8/dist-packages/airflow/example_dags/example_time_delta_sensor_async.py
[2023-08-24T04:49:26.978+0000] {logging_mixin.py:151} INFO - [2023-08-24T04:49:26.978+0000] {dag.py:2907} INFO - Sync 1 DAGs
[2023-08-24T04:49:26.989+0000] {logging_mixin.py:151} INFO - [2023-08-24T04:49:26.989+0000] {dag.py:3677} INFO - Setting next_dagrun for example_time_delta_sensor_async to None, run_after=None
[2023-08-24T04:49:27.008+0000] {processor.py:179} INFO - Processing /usr/local/lib/python3.8/dist-packages/airflow/example_dags/example_time_delta_sensor_async.py took 0.057 seconds
[2023-08-24T04:50:25.370+0000] {processor.py:157} INFO - Started process (PID=45041) to work on /usr/local/lib/python3.8/dist-packages/airflow/example_dags/example_time_delta_sensor_async.py
[2023-08-24T04:50:25.371+0000] {processor.py:829} INFO - Processing file /usr/local/lib/python3.8/dist-packages/airflow/example_dags/example_time_delta_sensor_async.py for tasks to queue
[2023-08-24T04:50:25.372+0000] {logging_mixin.py:151} INFO - [2023-08-24T04:50:25.372+0000] {dagbag.py:539} INFO - Filling up the DagBag from /usr/local/lib/python3.8/dist-packages/airflow/example_dags/example_time_delta_sensor_async.py
[2023-08-24T04:50:25.378+0000] {processor.py:839} INFO - DAG(s) dict_keys(['example_time_delta_sensor_async']) retrieved from /usr/local/lib/python3.8/dist-packages/airflow/example_dags/example_time_delta_sensor_async.py
[2023-08-24T04:50:25.394+0000] {logging_mixin.py:151} INFO - [2023-08-24T04:50:25.394+0000] {dag.py:2907} INFO - Sync 1 DAGs
[2023-08-24T04:50:25.405+0000] {logging_mixin.py:151} INFO - [2023-08-24T04:50:25.405+0000] {dag.py:3677} INFO - Setting next_dagrun for example_time_delta_sensor_async to None, run_after=None
[2023-08-24T04:50:25.424+0000] {processor.py:179} INFO - Processing /usr/local/lib/python3.8/dist-packages/airflow/example_dags/example_time_delta_sensor_async.py took 0.058 seconds
[2023-08-24T04:51:24.242+0000] {processor.py:157} INFO - Started process (PID=45223) to work on /usr/local/lib/python3.8/dist-packages/airflow/example_dags/example_time_delta_sensor_async.py
[2023-08-24T04:51:24.244+0000] {processor.py:829} INFO - Processing file /usr/local/lib/python3.8/dist-packages/airflow/example_dags/example_time_delta_sensor_async.py for tasks to queue
[2023-08-24T04:51:24.245+0000] {logging_mixin.py:151} INFO - [2023-08-24T04:51:24.244+0000] {dagbag.py:539} INFO - Filling up the DagBag from /usr/local/lib/python3.8/dist-packages/airflow/example_dags/example_time_delta_sensor_async.py
[2023-08-24T04:51:24.250+0000] {processor.py:839} INFO - DAG(s) dict_keys(['example_time_delta_sensor_async']) retrieved from /usr/local/lib/python3.8/dist-packages/airflow/example_dags/example_time_delta_sensor_async.py
[2023-08-24T04:51:24.266+0000] {logging_mixin.py:151} INFO - [2023-08-24T04:51:24.266+0000] {dag.py:2907} INFO - Sync 1 DAGs
[2023-08-24T04:51:24.277+0000] {logging_mixin.py:151} INFO - [2023-08-24T04:51:24.277+0000] {dag.py:3677} INFO - Setting next_dagrun for example_time_delta_sensor_async to None, run_after=None
[2023-08-24T04:51:24.296+0000] {processor.py:179} INFO - Processing /usr/local/lib/python3.8/dist-packages/airflow/example_dags/example_time_delta_sensor_async.py took 0.058 seconds
[2023-08-24T04:52:26.462+0000] {processor.py:157} INFO - Started process (PID=45406) to work on /usr/local/lib/python3.8/dist-packages/airflow/example_dags/example_time_delta_sensor_async.py
[2023-08-24T04:52:26.465+0000] {processor.py:829} INFO - Processing file /usr/local/lib/python3.8/dist-packages/airflow/example_dags/example_time_delta_sensor_async.py for tasks to queue
[2023-08-24T04:52:26.466+0000] {logging_mixin.py:151} INFO - [2023-08-24T04:52:26.465+0000] {dagbag.py:539} INFO - Filling up the DagBag from /usr/local/lib/python3.8/dist-packages/airflow/example_dags/example_time_delta_sensor_async.py
[2023-08-24T04:52:26.471+0000] {processor.py:839} INFO - DAG(s) dict_keys(['example_time_delta_sensor_async']) retrieved from /usr/local/lib/python3.8/dist-packages/airflow/example_dags/example_time_delta_sensor_async.py
[2023-08-24T04:52:26.487+0000] {logging_mixin.py:151} INFO - [2023-08-24T04:52:26.486+0000] {dag.py:2907} INFO - Sync 1 DAGs
[2023-08-24T04:52:26.497+0000] {logging_mixin.py:151} INFO - [2023-08-24T04:52:26.497+0000] {dag.py:3677} INFO - Setting next_dagrun for example_time_delta_sensor_async to None, run_after=None
[2023-08-24T04:52:26.514+0000] {processor.py:179} INFO - Processing /usr/local/lib/python3.8/dist-packages/airflow/example_dags/example_time_delta_sensor_async.py took 0.056 seconds
[2023-08-24T04:53:28.844+0000] {processor.py:157} INFO - Started process (PID=45595) to work on /usr/local/lib/python3.8/dist-packages/airflow/example_dags/example_time_delta_sensor_async.py
[2023-08-24T04:53:28.846+0000] {processor.py:829} INFO - Processing file /usr/local/lib/python3.8/dist-packages/airflow/example_dags/example_time_delta_sensor_async.py for tasks to queue
[2023-08-24T04:53:28.847+0000] {logging_mixin.py:151} INFO - [2023-08-24T04:53:28.847+0000] {dagbag.py:539} INFO - Filling up the DagBag from /usr/local/lib/python3.8/dist-packages/airflow/example_dags/example_time_delta_sensor_async.py
[2023-08-24T04:53:28.853+0000] {processor.py:839} INFO - DAG(s) dict_keys(['example_time_delta_sensor_async']) retrieved from /usr/local/lib/python3.8/dist-packages/airflow/example_dags/example_time_delta_sensor_async.py
[2023-08-24T04:53:28.870+0000] {logging_mixin.py:151} INFO - [2023-08-24T04:53:28.870+0000] {dag.py:2907} INFO - Sync 1 DAGs
[2023-08-24T04:53:28.882+0000] {logging_mixin.py:151} INFO - [2023-08-24T04:53:28.882+0000] {dag.py:3677} INFO - Setting next_dagrun for example_time_delta_sensor_async to None, run_after=None
[2023-08-24T04:53:28.900+0000] {processor.py:179} INFO - Processing /usr/local/lib/python3.8/dist-packages/airflow/example_dags/example_time_delta_sensor_async.py took 0.060 seconds
[2023-08-24T04:54:29.260+0000] {processor.py:157} INFO - Started process (PID=45778) to work on /usr/local/lib/python3.8/dist-packages/airflow/example_dags/example_time_delta_sensor_async.py
[2023-08-24T04:54:29.261+0000] {processor.py:829} INFO - Processing file /usr/local/lib/python3.8/dist-packages/airflow/example_dags/example_time_delta_sensor_async.py for tasks to queue
[2023-08-24T04:54:29.262+0000] {logging_mixin.py:151} INFO - [2023-08-24T04:54:29.262+0000] {dagbag.py:539} INFO - Filling up the DagBag from /usr/local/lib/python3.8/dist-packages/airflow/example_dags/example_time_delta_sensor_async.py
[2023-08-24T04:54:29.268+0000] {processor.py:839} INFO - DAG(s) dict_keys(['example_time_delta_sensor_async']) retrieved from /usr/local/lib/python3.8/dist-packages/airflow/example_dags/example_time_delta_sensor_async.py
[2023-08-24T04:54:29.284+0000] {logging_mixin.py:151} INFO - [2023-08-24T04:54:29.284+0000] {dag.py:2907} INFO - Sync 1 DAGs
[2023-08-24T04:54:29.295+0000] {logging_mixin.py:151} INFO - [2023-08-24T04:54:29.294+0000] {dag.py:3677} INFO - Setting next_dagrun for example_time_delta_sensor_async to None, run_after=None
[2023-08-24T04:54:29.312+0000] {processor.py:179} INFO - Processing /usr/local/lib/python3.8/dist-packages/airflow/example_dags/example_time_delta_sensor_async.py took 0.056 seconds
[2023-08-24T04:55:29.193+0000] {processor.py:157} INFO - Started process (PID=45961) to work on /usr/local/lib/python3.8/dist-packages/airflow/example_dags/example_time_delta_sensor_async.py
[2023-08-24T04:55:29.194+0000] {processor.py:829} INFO - Processing file /usr/local/lib/python3.8/dist-packages/airflow/example_dags/example_time_delta_sensor_async.py for tasks to queue
[2023-08-24T04:55:29.195+0000] {logging_mixin.py:151} INFO - [2023-08-24T04:55:29.195+0000] {dagbag.py:539} INFO - Filling up the DagBag from /usr/local/lib/python3.8/dist-packages/airflow/example_dags/example_time_delta_sensor_async.py
[2023-08-24T04:55:29.201+0000] {processor.py:839} INFO - DAG(s) dict_keys(['example_time_delta_sensor_async']) retrieved from /usr/local/lib/python3.8/dist-packages/airflow/example_dags/example_time_delta_sensor_async.py
[2023-08-24T04:55:29.217+0000] {logging_mixin.py:151} INFO - [2023-08-24T04:55:29.217+0000] {dag.py:2907} INFO - Sync 1 DAGs
[2023-08-24T04:55:29.228+0000] {logging_mixin.py:151} INFO - [2023-08-24T04:55:29.228+0000] {dag.py:3677} INFO - Setting next_dagrun for example_time_delta_sensor_async to None, run_after=None
[2023-08-24T04:55:29.247+0000] {processor.py:179} INFO - Processing /usr/local/lib/python3.8/dist-packages/airflow/example_dags/example_time_delta_sensor_async.py took 0.058 seconds
[2023-08-24T04:56:34.760+0000] {processor.py:157} INFO - Started process (PID=46149) to work on /usr/local/lib/python3.8/dist-packages/airflow/example_dags/example_time_delta_sensor_async.py
[2023-08-24T04:56:34.761+0000] {processor.py:829} INFO - Processing file /usr/local/lib/python3.8/dist-packages/airflow/example_dags/example_time_delta_sensor_async.py for tasks to queue
[2023-08-24T04:56:34.762+0000] {logging_mixin.py:151} INFO - [2023-08-24T04:56:34.762+0000] {dagbag.py:539} INFO - Filling up the DagBag from /usr/local/lib/python3.8/dist-packages/airflow/example_dags/example_time_delta_sensor_async.py
[2023-08-24T04:56:34.768+0000] {processor.py:839} INFO - DAG(s) dict_keys(['example_time_delta_sensor_async']) retrieved from /usr/local/lib/python3.8/dist-packages/airflow/example_dags/example_time_delta_sensor_async.py
[2023-08-24T04:56:34.784+0000] {logging_mixin.py:151} INFO - [2023-08-24T04:56:34.783+0000] {dag.py:2907} INFO - Sync 1 DAGs
[2023-08-24T04:56:34.795+0000] {logging_mixin.py:151} INFO - [2023-08-24T04:56:34.794+0000] {dag.py:3677} INFO - Setting next_dagrun for example_time_delta_sensor_async to None, run_after=None
[2023-08-24T04:56:34.814+0000] {processor.py:179} INFO - Processing /usr/local/lib/python3.8/dist-packages/airflow/example_dags/example_time_delta_sensor_async.py took 0.057 seconds
[2023-08-24T04:57:37.410+0000] {processor.py:157} INFO - Started process (PID=46345) to work on /usr/local/lib/python3.8/dist-packages/airflow/example_dags/example_time_delta_sensor_async.py
[2023-08-24T04:57:37.411+0000] {processor.py:829} INFO - Processing file /usr/local/lib/python3.8/dist-packages/airflow/example_dags/example_time_delta_sensor_async.py for tasks to queue
[2023-08-24T04:57:37.412+0000] {logging_mixin.py:151} INFO - [2023-08-24T04:57:37.412+0000] {dagbag.py:539} INFO - Filling up the DagBag from /usr/local/lib/python3.8/dist-packages/airflow/example_dags/example_time_delta_sensor_async.py
[2023-08-24T04:57:37.418+0000] {processor.py:839} INFO - DAG(s) dict_keys(['example_time_delta_sensor_async']) retrieved from /usr/local/lib/python3.8/dist-packages/airflow/example_dags/example_time_delta_sensor_async.py
[2023-08-24T04:57:37.436+0000] {logging_mixin.py:151} INFO - [2023-08-24T04:57:37.436+0000] {dag.py:2907} INFO - Sync 1 DAGs
[2023-08-24T04:57:37.448+0000] {logging_mixin.py:151} INFO - [2023-08-24T04:57:37.448+0000] {dag.py:3677} INFO - Setting next_dagrun for example_time_delta_sensor_async to None, run_after=None
[2023-08-24T04:57:37.588+0000] {processor.py:179} INFO - Processing /usr/local/lib/python3.8/dist-packages/airflow/example_dags/example_time_delta_sensor_async.py took 0.182 seconds
[2023-08-24T04:58:39.720+0000] {processor.py:157} INFO - Started process (PID=46529) to work on /usr/local/lib/python3.8/dist-packages/airflow/example_dags/example_time_delta_sensor_async.py
[2023-08-24T04:58:39.724+0000] {processor.py:829} INFO - Processing file /usr/local/lib/python3.8/dist-packages/airflow/example_dags/example_time_delta_sensor_async.py for tasks to queue
[2023-08-24T04:58:39.725+0000] {logging_mixin.py:151} INFO - [2023-08-24T04:58:39.725+0000] {dagbag.py:539} INFO - Filling up the DagBag from /usr/local/lib/python3.8/dist-packages/airflow/example_dags/example_time_delta_sensor_async.py
[2023-08-24T04:58:39.730+0000] {processor.py:839} INFO - DAG(s) dict_keys(['example_time_delta_sensor_async']) retrieved from /usr/local/lib/python3.8/dist-packages/airflow/example_dags/example_time_delta_sensor_async.py
[2023-08-24T04:58:39.747+0000] {logging_mixin.py:151} INFO - [2023-08-24T04:58:39.746+0000] {dag.py:2907} INFO - Sync 1 DAGs
[2023-08-24T04:58:39.757+0000] {logging_mixin.py:151} INFO - [2023-08-24T04:58:39.757+0000] {dag.py:3677} INFO - Setting next_dagrun for example_time_delta_sensor_async to None, run_after=None
[2023-08-24T04:58:39.775+0000] {processor.py:179} INFO - Processing /usr/local/lib/python3.8/dist-packages/airflow/example_dags/example_time_delta_sensor_async.py took 0.059 seconds
[2023-08-24T04:59:44.615+0000] {processor.py:157} INFO - Started process (PID=46712) to work on /usr/local/lib/python3.8/dist-packages/airflow/example_dags/example_time_delta_sensor_async.py
[2023-08-24T04:59:44.617+0000] {processor.py:829} INFO - Processing file /usr/local/lib/python3.8/dist-packages/airflow/example_dags/example_time_delta_sensor_async.py for tasks to queue
[2023-08-24T04:59:44.618+0000] {logging_mixin.py:151} INFO - [2023-08-24T04:59:44.617+0000] {dagbag.py:539} INFO - Filling up the DagBag from /usr/local/lib/python3.8/dist-packages/airflow/example_dags/example_time_delta_sensor_async.py
[2023-08-24T04:59:44.623+0000] {processor.py:839} INFO - DAG(s) dict_keys(['example_time_delta_sensor_async']) retrieved from /usr/local/lib/python3.8/dist-packages/airflow/example_dags/example_time_delta_sensor_async.py
[2023-08-24T04:59:44.639+0000] {logging_mixin.py:151} INFO - [2023-08-24T04:59:44.639+0000] {dag.py:2907} INFO - Sync 1 DAGs
[2023-08-24T04:59:44.650+0000] {logging_mixin.py:151} INFO - [2023-08-24T04:59:44.650+0000] {dag.py:3677} INFO - Setting next_dagrun for example_time_delta_sensor_async to None, run_after=None
[2023-08-24T04:59:44.668+0000] {processor.py:179} INFO - Processing /usr/local/lib/python3.8/dist-packages/airflow/example_dags/example_time_delta_sensor_async.py took 0.056 seconds
[2023-08-24T05:00:44.825+0000] {processor.py:157} INFO - Started process (PID=46896) to work on /usr/local/lib/python3.8/dist-packages/airflow/example_dags/example_time_delta_sensor_async.py
[2023-08-24T05:00:44.827+0000] {processor.py:829} INFO - Processing file /usr/local/lib/python3.8/dist-packages/airflow/example_dags/example_time_delta_sensor_async.py for tasks to queue
[2023-08-24T05:00:44.828+0000] {logging_mixin.py:151} INFO - [2023-08-24T05:00:44.827+0000] {dagbag.py:539} INFO - Filling up the DagBag from /usr/local/lib/python3.8/dist-packages/airflow/example_dags/example_time_delta_sensor_async.py
[2023-08-24T05:00:44.833+0000] {processor.py:839} INFO - DAG(s) dict_keys(['example_time_delta_sensor_async']) retrieved from /usr/local/lib/python3.8/dist-packages/airflow/example_dags/example_time_delta_sensor_async.py
[2023-08-24T05:00:44.849+0000] {logging_mixin.py:151} INFO - [2023-08-24T05:00:44.849+0000] {dag.py:2907} INFO - Sync 1 DAGs
[2023-08-24T05:00:44.860+0000] {logging_mixin.py:151} INFO - [2023-08-24T05:00:44.860+0000] {dag.py:3677} INFO - Setting next_dagrun for example_time_delta_sensor_async to None, run_after=None
[2023-08-24T05:00:44.878+0000] {processor.py:179} INFO - Processing /usr/local/lib/python3.8/dist-packages/airflow/example_dags/example_time_delta_sensor_async.py took 0.056 seconds
[2023-08-24T05:01:44.085+0000] {processor.py:157} INFO - Started process (PID=47093) to work on /usr/local/lib/python3.8/dist-packages/airflow/example_dags/example_time_delta_sensor_async.py
[2023-08-24T05:01:44.087+0000] {processor.py:829} INFO - Processing file /usr/local/lib/python3.8/dist-packages/airflow/example_dags/example_time_delta_sensor_async.py for tasks to queue
[2023-08-24T05:01:44.088+0000] {logging_mixin.py:151} INFO - [2023-08-24T05:01:44.087+0000] {dagbag.py:539} INFO - Filling up the DagBag from /usr/local/lib/python3.8/dist-packages/airflow/example_dags/example_time_delta_sensor_async.py
[2023-08-24T05:01:44.093+0000] {processor.py:839} INFO - DAG(s) dict_keys(['example_time_delta_sensor_async']) retrieved from /usr/local/lib/python3.8/dist-packages/airflow/example_dags/example_time_delta_sensor_async.py
[2023-08-24T05:01:44.109+0000] {logging_mixin.py:151} INFO - [2023-08-24T05:01:44.109+0000] {dag.py:2907} INFO - Sync 1 DAGs
[2023-08-24T05:01:44.120+0000] {logging_mixin.py:151} INFO - [2023-08-24T05:01:44.120+0000] {dag.py:3677} INFO - Setting next_dagrun for example_time_delta_sensor_async to None, run_after=None
[2023-08-24T05:01:44.137+0000] {processor.py:179} INFO - Processing /usr/local/lib/python3.8/dist-packages/airflow/example_dags/example_time_delta_sensor_async.py took 0.056 seconds
[2023-08-24T05:02:42.977+0000] {processor.py:157} INFO - Started process (PID=47279) to work on /usr/local/lib/python3.8/dist-packages/airflow/example_dags/example_time_delta_sensor_async.py
[2023-08-24T05:02:42.978+0000] {processor.py:829} INFO - Processing file /usr/local/lib/python3.8/dist-packages/airflow/example_dags/example_time_delta_sensor_async.py for tasks to queue
[2023-08-24T05:02:42.979+0000] {logging_mixin.py:151} INFO - [2023-08-24T05:02:42.979+0000] {dagbag.py:539} INFO - Filling up the DagBag from /usr/local/lib/python3.8/dist-packages/airflow/example_dags/example_time_delta_sensor_async.py
[2023-08-24T05:02:42.985+0000] {processor.py:839} INFO - DAG(s) dict_keys(['example_time_delta_sensor_async']) retrieved from /usr/local/lib/python3.8/dist-packages/airflow/example_dags/example_time_delta_sensor_async.py
[2023-08-24T05:02:43.001+0000] {logging_mixin.py:151} INFO - [2023-08-24T05:02:43.001+0000] {dag.py:2907} INFO - Sync 1 DAGs
[2023-08-24T05:02:43.012+0000] {logging_mixin.py:151} INFO - [2023-08-24T05:02:43.011+0000] {dag.py:3677} INFO - Setting next_dagrun for example_time_delta_sensor_async to None, run_after=None
[2023-08-24T05:02:43.029+0000] {processor.py:179} INFO - Processing /usr/local/lib/python3.8/dist-packages/airflow/example_dags/example_time_delta_sensor_async.py took 0.056 seconds
[2023-08-24T05:03:43.783+0000] {processor.py:157} INFO - Started process (PID=47468) to work on /usr/local/lib/python3.8/dist-packages/airflow/example_dags/example_time_delta_sensor_async.py
[2023-08-24T05:03:43.784+0000] {processor.py:829} INFO - Processing file /usr/local/lib/python3.8/dist-packages/airflow/example_dags/example_time_delta_sensor_async.py for tasks to queue
[2023-08-24T05:03:43.785+0000] {logging_mixin.py:151} INFO - [2023-08-24T05:03:43.785+0000] {dagbag.py:539} INFO - Filling up the DagBag from /usr/local/lib/python3.8/dist-packages/airflow/example_dags/example_time_delta_sensor_async.py
[2023-08-24T05:03:43.791+0000] {processor.py:839} INFO - DAG(s) dict_keys(['example_time_delta_sensor_async']) retrieved from /usr/local/lib/python3.8/dist-packages/airflow/example_dags/example_time_delta_sensor_async.py
[2023-08-24T05:03:43.807+0000] {logging_mixin.py:151} INFO - [2023-08-24T05:03:43.807+0000] {dag.py:2907} INFO - Sync 1 DAGs
[2023-08-24T05:03:43.818+0000] {logging_mixin.py:151} INFO - [2023-08-24T05:03:43.818+0000] {dag.py:3677} INFO - Setting next_dagrun for example_time_delta_sensor_async to None, run_after=None
[2023-08-24T05:03:43.835+0000] {processor.py:179} INFO - Processing /usr/local/lib/python3.8/dist-packages/airflow/example_dags/example_time_delta_sensor_async.py took 0.056 seconds
[2023-08-24T05:04:43.324+0000] {processor.py:157} INFO - Started process (PID=47650) to work on /usr/local/lib/python3.8/dist-packages/airflow/example_dags/example_time_delta_sensor_async.py
[2023-08-24T05:04:43.326+0000] {processor.py:829} INFO - Processing file /usr/local/lib/python3.8/dist-packages/airflow/example_dags/example_time_delta_sensor_async.py for tasks to queue
[2023-08-24T05:04:43.326+0000] {logging_mixin.py:151} INFO - [2023-08-24T05:04:43.326+0000] {dagbag.py:539} INFO - Filling up the DagBag from /usr/local/lib/python3.8/dist-packages/airflow/example_dags/example_time_delta_sensor_async.py
[2023-08-24T05:04:43.332+0000] {processor.py:839} INFO - DAG(s) dict_keys(['example_time_delta_sensor_async']) retrieved from /usr/local/lib/python3.8/dist-packages/airflow/example_dags/example_time_delta_sensor_async.py
[2023-08-24T05:04:43.348+0000] {logging_mixin.py:151} INFO - [2023-08-24T05:04:43.348+0000] {dag.py:2907} INFO - Sync 1 DAGs
[2023-08-24T05:04:43.359+0000] {logging_mixin.py:151} INFO - [2023-08-24T05:04:43.359+0000] {dag.py:3677} INFO - Setting next_dagrun for example_time_delta_sensor_async to None, run_after=None
[2023-08-24T05:04:43.376+0000] {processor.py:179} INFO - Processing /usr/local/lib/python3.8/dist-packages/airflow/example_dags/example_time_delta_sensor_async.py took 0.055 seconds
[2023-08-24T05:05:42.469+0000] {processor.py:157} INFO - Started process (PID=47846) to work on /usr/local/lib/python3.8/dist-packages/airflow/example_dags/example_time_delta_sensor_async.py
[2023-08-24T05:05:42.472+0000] {processor.py:829} INFO - Processing file /usr/local/lib/python3.8/dist-packages/airflow/example_dags/example_time_delta_sensor_async.py for tasks to queue
[2023-08-24T05:05:42.473+0000] {logging_mixin.py:151} INFO - [2023-08-24T05:05:42.473+0000] {dagbag.py:539} INFO - Filling up the DagBag from /usr/local/lib/python3.8/dist-packages/airflow/example_dags/example_time_delta_sensor_async.py
[2023-08-24T05:05:42.479+0000] {processor.py:839} INFO - DAG(s) dict_keys(['example_time_delta_sensor_async']) retrieved from /usr/local/lib/python3.8/dist-packages/airflow/example_dags/example_time_delta_sensor_async.py
[2023-08-24T05:05:42.494+0000] {logging_mixin.py:151} INFO - [2023-08-24T05:05:42.494+0000] {dag.py:2907} INFO - Sync 1 DAGs
[2023-08-24T05:05:42.505+0000] {logging_mixin.py:151} INFO - [2023-08-24T05:05:42.505+0000] {dag.py:3677} INFO - Setting next_dagrun for example_time_delta_sensor_async to None, run_after=None
[2023-08-24T05:05:42.522+0000] {processor.py:179} INFO - Processing /usr/local/lib/python3.8/dist-packages/airflow/example_dags/example_time_delta_sensor_async.py took 0.056 seconds
[2023-08-24T05:06:41.200+0000] {processor.py:157} INFO - Started process (PID=48042) to work on /usr/local/lib/python3.8/dist-packages/airflow/example_dags/example_time_delta_sensor_async.py
[2023-08-24T05:06:41.202+0000] {processor.py:829} INFO - Processing file /usr/local/lib/python3.8/dist-packages/airflow/example_dags/example_time_delta_sensor_async.py for tasks to queue
[2023-08-24T05:06:41.203+0000] {logging_mixin.py:151} INFO - [2023-08-24T05:06:41.202+0000] {dagbag.py:539} INFO - Filling up the DagBag from /usr/local/lib/python3.8/dist-packages/airflow/example_dags/example_time_delta_sensor_async.py
[2023-08-24T05:06:41.208+0000] {processor.py:839} INFO - DAG(s) dict_keys(['example_time_delta_sensor_async']) retrieved from /usr/local/lib/python3.8/dist-packages/airflow/example_dags/example_time_delta_sensor_async.py
[2023-08-24T05:06:41.224+0000] {logging_mixin.py:151} INFO - [2023-08-24T05:06:41.224+0000] {dag.py:2907} INFO - Sync 1 DAGs
[2023-08-24T05:06:41.235+0000] {logging_mixin.py:151} INFO - [2023-08-24T05:06:41.235+0000] {dag.py:3677} INFO - Setting next_dagrun for example_time_delta_sensor_async to None, run_after=None
[2023-08-24T05:06:41.253+0000] {processor.py:179} INFO - Processing /usr/local/lib/python3.8/dist-packages/airflow/example_dags/example_time_delta_sensor_async.py took 0.056 seconds
[2023-08-24T05:07:38.817+0000] {processor.py:157} INFO - Started process (PID=48228) to work on /usr/local/lib/python3.8/dist-packages/airflow/example_dags/example_time_delta_sensor_async.py
[2023-08-24T05:07:38.818+0000] {processor.py:829} INFO - Processing file /usr/local/lib/python3.8/dist-packages/airflow/example_dags/example_time_delta_sensor_async.py for tasks to queue
[2023-08-24T05:07:38.819+0000] {logging_mixin.py:151} INFO - [2023-08-24T05:07:38.819+0000] {dagbag.py:539} INFO - Filling up the DagBag from /usr/local/lib/python3.8/dist-packages/airflow/example_dags/example_time_delta_sensor_async.py
[2023-08-24T05:07:38.824+0000] {processor.py:839} INFO - DAG(s) dict_keys(['example_time_delta_sensor_async']) retrieved from /usr/local/lib/python3.8/dist-packages/airflow/example_dags/example_time_delta_sensor_async.py
[2023-08-24T05:07:38.841+0000] {logging_mixin.py:151} INFO - [2023-08-24T05:07:38.841+0000] {dag.py:2907} INFO - Sync 1 DAGs
[2023-08-24T05:07:38.852+0000] {logging_mixin.py:151} INFO - [2023-08-24T05:07:38.852+0000] {dag.py:3677} INFO - Setting next_dagrun for example_time_delta_sensor_async to None, run_after=None
[2023-08-24T05:07:38.869+0000] {processor.py:179} INFO - Processing /usr/local/lib/python3.8/dist-packages/airflow/example_dags/example_time_delta_sensor_async.py took 0.056 seconds
[2023-08-24T05:08:39.583+0000] {processor.py:157} INFO - Started process (PID=48412) to work on /usr/local/lib/python3.8/dist-packages/airflow/example_dags/example_time_delta_sensor_async.py
[2023-08-24T05:08:39.585+0000] {processor.py:829} INFO - Processing file /usr/local/lib/python3.8/dist-packages/airflow/example_dags/example_time_delta_sensor_async.py for tasks to queue
[2023-08-24T05:08:39.586+0000] {logging_mixin.py:151} INFO - [2023-08-24T05:08:39.586+0000] {dagbag.py:539} INFO - Filling up the DagBag from /usr/local/lib/python3.8/dist-packages/airflow/example_dags/example_time_delta_sensor_async.py
[2023-08-24T05:08:39.591+0000] {processor.py:839} INFO - DAG(s) dict_keys(['example_time_delta_sensor_async']) retrieved from /usr/local/lib/python3.8/dist-packages/airflow/example_dags/example_time_delta_sensor_async.py
[2023-08-24T05:08:39.608+0000] {logging_mixin.py:151} INFO - [2023-08-24T05:08:39.608+0000] {dag.py:2907} INFO - Sync 1 DAGs
[2023-08-24T05:08:39.619+0000] {logging_mixin.py:151} INFO - [2023-08-24T05:08:39.619+0000] {dag.py:3677} INFO - Setting next_dagrun for example_time_delta_sensor_async to None, run_after=None
[2023-08-24T05:08:39.637+0000] {processor.py:179} INFO - Processing /usr/local/lib/python3.8/dist-packages/airflow/example_dags/example_time_delta_sensor_async.py took 0.058 seconds
[2023-08-24T05:09:38.915+0000] {processor.py:157} INFO - Started process (PID=48608) to work on /usr/local/lib/python3.8/dist-packages/airflow/example_dags/example_time_delta_sensor_async.py
[2023-08-24T05:09:38.918+0000] {processor.py:829} INFO - Processing file /usr/local/lib/python3.8/dist-packages/airflow/example_dags/example_time_delta_sensor_async.py for tasks to queue
[2023-08-24T05:09:38.919+0000] {logging_mixin.py:151} INFO - [2023-08-24T05:09:38.918+0000] {dagbag.py:539} INFO - Filling up the DagBag from /usr/local/lib/python3.8/dist-packages/airflow/example_dags/example_time_delta_sensor_async.py
[2023-08-24T05:09:38.924+0000] {processor.py:839} INFO - DAG(s) dict_keys(['example_time_delta_sensor_async']) retrieved from /usr/local/lib/python3.8/dist-packages/airflow/example_dags/example_time_delta_sensor_async.py
[2023-08-24T05:09:38.942+0000] {logging_mixin.py:151} INFO - [2023-08-24T05:09:38.942+0000] {dag.py:2907} INFO - Sync 1 DAGs
[2023-08-24T05:09:38.955+0000] {logging_mixin.py:151} INFO - [2023-08-24T05:09:38.955+0000] {dag.py:3677} INFO - Setting next_dagrun for example_time_delta_sensor_async to None, run_after=None
[2023-08-24T05:09:38.976+0000] {processor.py:179} INFO - Processing /usr/local/lib/python3.8/dist-packages/airflow/example_dags/example_time_delta_sensor_async.py took 0.064 seconds
[2023-08-24T05:10:35.434+0000] {processor.py:157} INFO - Started process (PID=48789) to work on /usr/local/lib/python3.8/dist-packages/airflow/example_dags/example_time_delta_sensor_async.py
[2023-08-24T05:10:35.435+0000] {processor.py:829} INFO - Processing file /usr/local/lib/python3.8/dist-packages/airflow/example_dags/example_time_delta_sensor_async.py for tasks to queue
[2023-08-24T05:10:35.436+0000] {logging_mixin.py:151} INFO - [2023-08-24T05:10:35.436+0000] {dagbag.py:539} INFO - Filling up the DagBag from /usr/local/lib/python3.8/dist-packages/airflow/example_dags/example_time_delta_sensor_async.py
[2023-08-24T05:10:35.441+0000] {processor.py:839} INFO - DAG(s) dict_keys(['example_time_delta_sensor_async']) retrieved from /usr/local/lib/python3.8/dist-packages/airflow/example_dags/example_time_delta_sensor_async.py
[2023-08-24T05:10:35.459+0000] {logging_mixin.py:151} INFO - [2023-08-24T05:10:35.458+0000] {dag.py:2907} INFO - Sync 1 DAGs
[2023-08-24T05:10:35.470+0000] {logging_mixin.py:151} INFO - [2023-08-24T05:10:35.470+0000] {dag.py:3677} INFO - Setting next_dagrun for example_time_delta_sensor_async to None, run_after=None
[2023-08-24T05:10:35.489+0000] {processor.py:179} INFO - Processing /usr/local/lib/python3.8/dist-packages/airflow/example_dags/example_time_delta_sensor_async.py took 0.059 seconds
[2023-08-24T05:11:52.293+0000] {processor.py:157} INFO - Started process (PID=48945) to work on /usr/local/lib/python3.8/dist-packages/airflow/example_dags/example_time_delta_sensor_async.py
[2023-08-24T05:11:52.294+0000] {processor.py:829} INFO - Processing file /usr/local/lib/python3.8/dist-packages/airflow/example_dags/example_time_delta_sensor_async.py for tasks to queue
[2023-08-24T05:11:52.295+0000] {logging_mixin.py:151} INFO - [2023-08-24T05:11:52.295+0000] {dagbag.py:539} INFO - Filling up the DagBag from /usr/local/lib/python3.8/dist-packages/airflow/example_dags/example_time_delta_sensor_async.py
[2023-08-24T05:11:52.301+0000] {processor.py:839} INFO - DAG(s) dict_keys(['example_time_delta_sensor_async']) retrieved from /usr/local/lib/python3.8/dist-packages/airflow/example_dags/example_time_delta_sensor_async.py
[2023-08-24T05:11:52.316+0000] {logging_mixin.py:151} INFO - [2023-08-24T05:11:52.316+0000] {dag.py:2907} INFO - Sync 1 DAGs
[2023-08-24T05:11:52.327+0000] {logging_mixin.py:151} INFO - [2023-08-24T05:11:52.327+0000] {dag.py:3677} INFO - Setting next_dagrun for example_time_delta_sensor_async to None, run_after=None
[2023-08-24T05:11:52.345+0000] {processor.py:179} INFO - Processing /usr/local/lib/python3.8/dist-packages/airflow/example_dags/example_time_delta_sensor_async.py took 0.056 seconds
[2023-08-24T05:12:55.770+0000] {processor.py:157} INFO - Started process (PID=49142) to work on /usr/local/lib/python3.8/dist-packages/airflow/example_dags/example_time_delta_sensor_async.py
[2023-08-24T05:12:55.773+0000] {processor.py:829} INFO - Processing file /usr/local/lib/python3.8/dist-packages/airflow/example_dags/example_time_delta_sensor_async.py for tasks to queue
[2023-08-24T05:12:55.774+0000] {logging_mixin.py:151} INFO - [2023-08-24T05:12:55.774+0000] {dagbag.py:539} INFO - Filling up the DagBag from /usr/local/lib/python3.8/dist-packages/airflow/example_dags/example_time_delta_sensor_async.py
[2023-08-24T05:12:55.779+0000] {processor.py:839} INFO - DAG(s) dict_keys(['example_time_delta_sensor_async']) retrieved from /usr/local/lib/python3.8/dist-packages/airflow/example_dags/example_time_delta_sensor_async.py
[2023-08-24T05:12:55.796+0000] {logging_mixin.py:151} INFO - [2023-08-24T05:12:55.796+0000] {dag.py:2907} INFO - Sync 1 DAGs
[2023-08-24T05:12:55.807+0000] {logging_mixin.py:151} INFO - [2023-08-24T05:12:55.807+0000] {dag.py:3677} INFO - Setting next_dagrun for example_time_delta_sensor_async to None, run_after=None
[2023-08-24T05:12:55.826+0000] {processor.py:179} INFO - Processing /usr/local/lib/python3.8/dist-packages/airflow/example_dags/example_time_delta_sensor_async.py took 0.059 seconds
[2023-08-24T05:13:54.364+0000] {processor.py:157} INFO - Started process (PID=49346) to work on /usr/local/lib/python3.8/dist-packages/airflow/example_dags/example_time_delta_sensor_async.py
[2023-08-24T05:13:54.365+0000] {processor.py:829} INFO - Processing file /usr/local/lib/python3.8/dist-packages/airflow/example_dags/example_time_delta_sensor_async.py for tasks to queue
[2023-08-24T05:13:54.366+0000] {logging_mixin.py:151} INFO - [2023-08-24T05:13:54.366+0000] {dagbag.py:539} INFO - Filling up the DagBag from /usr/local/lib/python3.8/dist-packages/airflow/example_dags/example_time_delta_sensor_async.py
[2023-08-24T05:13:54.372+0000] {processor.py:839} INFO - DAG(s) dict_keys(['example_time_delta_sensor_async']) retrieved from /usr/local/lib/python3.8/dist-packages/airflow/example_dags/example_time_delta_sensor_async.py
[2023-08-24T05:13:54.388+0000] {logging_mixin.py:151} INFO - [2023-08-24T05:13:54.388+0000] {dag.py:2907} INFO - Sync 1 DAGs
[2023-08-24T05:13:54.399+0000] {logging_mixin.py:151} INFO - [2023-08-24T05:13:54.399+0000] {dag.py:3677} INFO - Setting next_dagrun for example_time_delta_sensor_async to None, run_after=None
[2023-08-24T05:13:54.418+0000] {processor.py:179} INFO - Processing /usr/local/lib/python3.8/dist-packages/airflow/example_dags/example_time_delta_sensor_async.py took 0.058 seconds
