[2023-08-24T04:21:50.280+0000] {processor.py:157} INFO - Started process (PID=37590) to work on /usr/local/lib/python3.8/dist-packages/airflow/example_dags/example_params_trigger_ui.py
[2023-08-24T04:21:50.281+0000] {processor.py:829} INFO - Processing file /usr/local/lib/python3.8/dist-packages/airflow/example_dags/example_params_trigger_ui.py for tasks to queue
[2023-08-24T04:21:50.282+0000] {logging_mixin.py:151} INFO - [2023-08-24T04:21:50.282+0000] {dagbag.py:539} INFO - Filling up the DagBag from /usr/local/lib/python3.8/dist-packages/airflow/example_dags/example_params_trigger_ui.py
[2023-08-24T04:21:50.299+0000] {processor.py:839} INFO - DAG(s) dict_keys(['example_params_trigger_ui']) retrieved from /usr/local/lib/python3.8/dist-packages/airflow/example_dags/example_params_trigger_ui.py
[2023-08-24T04:21:50.342+0000] {logging_mixin.py:151} INFO - [2023-08-24T04:21:50.342+0000] {dag.py:2907} INFO - Sync 1 DAGs
[2023-08-24T04:21:50.353+0000] {logging_mixin.py:151} INFO - [2023-08-24T04:21:50.353+0000] {dag.py:3677} INFO - Setting next_dagrun for example_params_trigger_ui to None, run_after=None
[2023-08-24T04:21:50.370+0000] {processor.py:179} INFO - Processing /usr/local/lib/python3.8/dist-packages/airflow/example_dags/example_params_trigger_ui.py took 0.094 seconds
[2023-08-24T04:31:04.146+0000] {processor.py:157} INFO - Started process (PID=41465) to work on /usr/local/lib/python3.8/dist-packages/airflow/example_dags/example_params_trigger_ui.py
[2023-08-24T04:31:04.147+0000] {processor.py:829} INFO - Processing file /usr/local/lib/python3.8/dist-packages/airflow/example_dags/example_params_trigger_ui.py for tasks to queue
[2023-08-24T04:31:04.148+0000] {logging_mixin.py:151} INFO - [2023-08-24T04:31:04.147+0000] {dagbag.py:539} INFO - Filling up the DagBag from /usr/local/lib/python3.8/dist-packages/airflow/example_dags/example_params_trigger_ui.py
[2023-08-24T04:31:04.165+0000] {processor.py:839} INFO - DAG(s) dict_keys(['example_params_trigger_ui']) retrieved from /usr/local/lib/python3.8/dist-packages/airflow/example_dags/example_params_trigger_ui.py
[2023-08-24T04:31:04.208+0000] {logging_mixin.py:151} INFO - [2023-08-24T04:31:04.208+0000] {dag.py:2907} INFO - Sync 1 DAGs
[2023-08-24T04:31:04.219+0000] {logging_mixin.py:151} INFO - [2023-08-24T04:31:04.218+0000] {dag.py:3677} INFO - Setting next_dagrun for example_params_trigger_ui to None, run_after=None
[2023-08-24T04:31:04.236+0000] {processor.py:179} INFO - Processing /usr/local/lib/python3.8/dist-packages/airflow/example_dags/example_params_trigger_ui.py took 0.094 seconds
[2023-08-24T04:32:05.347+0000] {processor.py:157} INFO - Started process (PID=41663) to work on /usr/local/lib/python3.8/dist-packages/airflow/example_dags/example_params_trigger_ui.py
[2023-08-24T04:32:05.349+0000] {processor.py:829} INFO - Processing file /usr/local/lib/python3.8/dist-packages/airflow/example_dags/example_params_trigger_ui.py for tasks to queue
[2023-08-24T04:32:05.350+0000] {logging_mixin.py:151} INFO - [2023-08-24T04:32:05.349+0000] {dagbag.py:539} INFO - Filling up the DagBag from /usr/local/lib/python3.8/dist-packages/airflow/example_dags/example_params_trigger_ui.py
[2023-08-24T04:32:05.367+0000] {processor.py:839} INFO - DAG(s) dict_keys(['example_params_trigger_ui']) retrieved from /usr/local/lib/python3.8/dist-packages/airflow/example_dags/example_params_trigger_ui.py
[2023-08-24T04:32:05.405+0000] {logging_mixin.py:151} INFO - [2023-08-24T04:32:05.405+0000] {dag.py:2907} INFO - Sync 1 DAGs
[2023-08-24T04:32:05.416+0000] {logging_mixin.py:151} INFO - [2023-08-24T04:32:05.415+0000] {dag.py:3677} INFO - Setting next_dagrun for example_params_trigger_ui to None, run_after=None
[2023-08-24T04:32:05.433+0000] {processor.py:179} INFO - Processing /usr/local/lib/python3.8/dist-packages/airflow/example_dags/example_params_trigger_ui.py took 0.090 seconds
[2023-08-24T04:33:06.620+0000] {processor.py:157} INFO - Started process (PID=41854) to work on /usr/local/lib/python3.8/dist-packages/airflow/example_dags/example_params_trigger_ui.py
[2023-08-24T04:33:06.623+0000] {processor.py:829} INFO - Processing file /usr/local/lib/python3.8/dist-packages/airflow/example_dags/example_params_trigger_ui.py for tasks to queue
[2023-08-24T04:33:06.623+0000] {logging_mixin.py:151} INFO - [2023-08-24T04:33:06.623+0000] {dagbag.py:539} INFO - Filling up the DagBag from /usr/local/lib/python3.8/dist-packages/airflow/example_dags/example_params_trigger_ui.py
[2023-08-24T04:33:06.642+0000] {processor.py:839} INFO - DAG(s) dict_keys(['example_params_trigger_ui']) retrieved from /usr/local/lib/python3.8/dist-packages/airflow/example_dags/example_params_trigger_ui.py
[2023-08-24T04:33:06.681+0000] {logging_mixin.py:151} INFO - [2023-08-24T04:33:06.681+0000] {dag.py:2907} INFO - Sync 1 DAGs
[2023-08-24T04:33:06.692+0000] {logging_mixin.py:151} INFO - [2023-08-24T04:33:06.692+0000] {dag.py:3677} INFO - Setting next_dagrun for example_params_trigger_ui to None, run_after=None
[2023-08-24T04:33:06.710+0000] {processor.py:179} INFO - Processing /usr/local/lib/python3.8/dist-packages/airflow/example_dags/example_params_trigger_ui.py took 0.095 seconds
[2023-08-24T04:34:05.623+0000] {processor.py:157} INFO - Started process (PID=42037) to work on /usr/local/lib/python3.8/dist-packages/airflow/example_dags/example_params_trigger_ui.py
[2023-08-24T04:34:05.624+0000] {processor.py:829} INFO - Processing file /usr/local/lib/python3.8/dist-packages/airflow/example_dags/example_params_trigger_ui.py for tasks to queue
[2023-08-24T04:34:05.625+0000] {logging_mixin.py:151} INFO - [2023-08-24T04:34:05.625+0000] {dagbag.py:539} INFO - Filling up the DagBag from /usr/local/lib/python3.8/dist-packages/airflow/example_dags/example_params_trigger_ui.py
[2023-08-24T04:34:05.645+0000] {processor.py:839} INFO - DAG(s) dict_keys(['example_params_trigger_ui']) retrieved from /usr/local/lib/python3.8/dist-packages/airflow/example_dags/example_params_trigger_ui.py
[2023-08-24T04:34:05.686+0000] {logging_mixin.py:151} INFO - [2023-08-24T04:34:05.686+0000] {dag.py:2907} INFO - Sync 1 DAGs
[2023-08-24T04:34:05.696+0000] {logging_mixin.py:151} INFO - [2023-08-24T04:34:05.696+0000] {dag.py:3677} INFO - Setting next_dagrun for example_params_trigger_ui to None, run_after=None
[2023-08-24T04:34:05.714+0000] {processor.py:179} INFO - Processing /usr/local/lib/python3.8/dist-packages/airflow/example_dags/example_params_trigger_ui.py took 0.096 seconds
[2023-08-24T04:35:04.646+0000] {processor.py:157} INFO - Started process (PID=42233) to work on /usr/local/lib/python3.8/dist-packages/airflow/example_dags/example_params_trigger_ui.py
[2023-08-24T04:35:04.650+0000] {processor.py:829} INFO - Processing file /usr/local/lib/python3.8/dist-packages/airflow/example_dags/example_params_trigger_ui.py for tasks to queue
[2023-08-24T04:35:04.651+0000] {logging_mixin.py:151} INFO - [2023-08-24T04:35:04.650+0000] {dagbag.py:539} INFO - Filling up the DagBag from /usr/local/lib/python3.8/dist-packages/airflow/example_dags/example_params_trigger_ui.py
[2023-08-24T04:35:04.668+0000] {processor.py:839} INFO - DAG(s) dict_keys(['example_params_trigger_ui']) retrieved from /usr/local/lib/python3.8/dist-packages/airflow/example_dags/example_params_trigger_ui.py
[2023-08-24T04:35:04.707+0000] {logging_mixin.py:151} INFO - [2023-08-24T04:35:04.706+0000] {dag.py:2907} INFO - Sync 1 DAGs
[2023-08-24T04:35:04.718+0000] {logging_mixin.py:151} INFO - [2023-08-24T04:35:04.718+0000] {dag.py:3677} INFO - Setting next_dagrun for example_params_trigger_ui to None, run_after=None
[2023-08-24T04:35:04.736+0000] {processor.py:179} INFO - Processing /usr/local/lib/python3.8/dist-packages/airflow/example_dags/example_params_trigger_ui.py took 0.093 seconds
[2023-08-24T04:36:03.343+0000] {processor.py:157} INFO - Started process (PID=42429) to work on /usr/local/lib/python3.8/dist-packages/airflow/example_dags/example_params_trigger_ui.py
[2023-08-24T04:36:03.344+0000] {processor.py:829} INFO - Processing file /usr/local/lib/python3.8/dist-packages/airflow/example_dags/example_params_trigger_ui.py for tasks to queue
[2023-08-24T04:36:03.345+0000] {logging_mixin.py:151} INFO - [2023-08-24T04:36:03.345+0000] {dagbag.py:539} INFO - Filling up the DagBag from /usr/local/lib/python3.8/dist-packages/airflow/example_dags/example_params_trigger_ui.py
[2023-08-24T04:36:03.363+0000] {processor.py:839} INFO - DAG(s) dict_keys(['example_params_trigger_ui']) retrieved from /usr/local/lib/python3.8/dist-packages/airflow/example_dags/example_params_trigger_ui.py
[2023-08-24T04:36:03.402+0000] {logging_mixin.py:151} INFO - [2023-08-24T04:36:03.402+0000] {dag.py:2907} INFO - Sync 1 DAGs
[2023-08-24T04:36:03.412+0000] {logging_mixin.py:151} INFO - [2023-08-24T04:36:03.412+0000] {dag.py:3677} INFO - Setting next_dagrun for example_params_trigger_ui to None, run_after=None
[2023-08-24T04:36:03.430+0000] {processor.py:179} INFO - Processing /usr/local/lib/python3.8/dist-packages/airflow/example_dags/example_params_trigger_ui.py took 0.091 seconds
[2023-08-24T04:36:59.603+0000] {processor.py:157} INFO - Started process (PID=42611) to work on /usr/local/lib/python3.8/dist-packages/airflow/example_dags/example_params_trigger_ui.py
[2023-08-24T04:36:59.605+0000] {processor.py:829} INFO - Processing file /usr/local/lib/python3.8/dist-packages/airflow/example_dags/example_params_trigger_ui.py for tasks to queue
[2023-08-24T04:36:59.606+0000] {logging_mixin.py:151} INFO - [2023-08-24T04:36:59.605+0000] {dagbag.py:539} INFO - Filling up the DagBag from /usr/local/lib/python3.8/dist-packages/airflow/example_dags/example_params_trigger_ui.py
[2023-08-24T04:36:59.625+0000] {processor.py:839} INFO - DAG(s) dict_keys(['example_params_trigger_ui']) retrieved from /usr/local/lib/python3.8/dist-packages/airflow/example_dags/example_params_trigger_ui.py
[2023-08-24T04:36:59.662+0000] {logging_mixin.py:151} INFO - [2023-08-24T04:36:59.662+0000] {dag.py:2907} INFO - Sync 1 DAGs
[2023-08-24T04:36:59.673+0000] {logging_mixin.py:151} INFO - [2023-08-24T04:36:59.672+0000] {dag.py:3677} INFO - Setting next_dagrun for example_params_trigger_ui to None, run_after=None
[2023-08-24T04:36:59.690+0000] {processor.py:179} INFO - Processing /usr/local/lib/python3.8/dist-packages/airflow/example_dags/example_params_trigger_ui.py took 0.090 seconds
[2023-08-24T04:37:54.745+0000] {processor.py:157} INFO - Started process (PID=42792) to work on /usr/local/lib/python3.8/dist-packages/airflow/example_dags/example_params_trigger_ui.py
[2023-08-24T04:37:54.746+0000] {processor.py:829} INFO - Processing file /usr/local/lib/python3.8/dist-packages/airflow/example_dags/example_params_trigger_ui.py for tasks to queue
[2023-08-24T04:37:54.747+0000] {logging_mixin.py:151} INFO - [2023-08-24T04:37:54.747+0000] {dagbag.py:539} INFO - Filling up the DagBag from /usr/local/lib/python3.8/dist-packages/airflow/example_dags/example_params_trigger_ui.py
[2023-08-24T04:37:54.764+0000] {processor.py:839} INFO - DAG(s) dict_keys(['example_params_trigger_ui']) retrieved from /usr/local/lib/python3.8/dist-packages/airflow/example_dags/example_params_trigger_ui.py
[2023-08-24T04:37:54.802+0000] {logging_mixin.py:151} INFO - [2023-08-24T04:37:54.802+0000] {dag.py:2907} INFO - Sync 1 DAGs
[2023-08-24T04:37:54.813+0000] {logging_mixin.py:151} INFO - [2023-08-24T04:37:54.812+0000] {dag.py:3677} INFO - Setting next_dagrun for example_params_trigger_ui to None, run_after=None
[2023-08-24T04:37:54.830+0000] {processor.py:179} INFO - Processing /usr/local/lib/python3.8/dist-packages/airflow/example_dags/example_params_trigger_ui.py took 0.089 seconds
[2023-08-24T04:38:53.239+0000] {processor.py:157} INFO - Started process (PID=42976) to work on /usr/local/lib/python3.8/dist-packages/airflow/example_dags/example_params_trigger_ui.py
[2023-08-24T04:38:53.240+0000] {processor.py:829} INFO - Processing file /usr/local/lib/python3.8/dist-packages/airflow/example_dags/example_params_trigger_ui.py for tasks to queue
[2023-08-24T04:38:53.241+0000] {logging_mixin.py:151} INFO - [2023-08-24T04:38:53.241+0000] {dagbag.py:539} INFO - Filling up the DagBag from /usr/local/lib/python3.8/dist-packages/airflow/example_dags/example_params_trigger_ui.py
[2023-08-24T04:38:53.258+0000] {processor.py:839} INFO - DAG(s) dict_keys(['example_params_trigger_ui']) retrieved from /usr/local/lib/python3.8/dist-packages/airflow/example_dags/example_params_trigger_ui.py
[2023-08-24T04:38:53.296+0000] {logging_mixin.py:151} INFO - [2023-08-24T04:38:53.296+0000] {dag.py:2907} INFO - Sync 1 DAGs
[2023-08-24T04:38:53.306+0000] {logging_mixin.py:151} INFO - [2023-08-24T04:38:53.306+0000] {dag.py:3677} INFO - Setting next_dagrun for example_params_trigger_ui to None, run_after=None
[2023-08-24T04:38:53.324+0000] {processor.py:179} INFO - Processing /usr/local/lib/python3.8/dist-packages/airflow/example_dags/example_params_trigger_ui.py took 0.089 seconds
[2023-08-24T04:39:53.514+0000] {processor.py:157} INFO - Started process (PID=43172) to work on /usr/local/lib/python3.8/dist-packages/airflow/example_dags/example_params_trigger_ui.py
[2023-08-24T04:39:53.515+0000] {processor.py:829} INFO - Processing file /usr/local/lib/python3.8/dist-packages/airflow/example_dags/example_params_trigger_ui.py for tasks to queue
[2023-08-24T04:39:53.516+0000] {logging_mixin.py:151} INFO - [2023-08-24T04:39:53.516+0000] {dagbag.py:539} INFO - Filling up the DagBag from /usr/local/lib/python3.8/dist-packages/airflow/example_dags/example_params_trigger_ui.py
[2023-08-24T04:39:53.533+0000] {processor.py:839} INFO - DAG(s) dict_keys(['example_params_trigger_ui']) retrieved from /usr/local/lib/python3.8/dist-packages/airflow/example_dags/example_params_trigger_ui.py
[2023-08-24T04:39:53.572+0000] {logging_mixin.py:151} INFO - [2023-08-24T04:39:53.571+0000] {dag.py:2907} INFO - Sync 1 DAGs
[2023-08-24T04:39:53.582+0000] {logging_mixin.py:151} INFO - [2023-08-24T04:39:53.582+0000] {dag.py:3677} INFO - Setting next_dagrun for example_params_trigger_ui to None, run_after=None
[2023-08-24T04:39:53.600+0000] {processor.py:179} INFO - Processing /usr/local/lib/python3.8/dist-packages/airflow/example_dags/example_params_trigger_ui.py took 0.090 seconds
[2023-08-24T04:40:54.194+0000] {processor.py:157} INFO - Started process (PID=43356) to work on /usr/local/lib/python3.8/dist-packages/airflow/example_dags/example_params_trigger_ui.py
[2023-08-24T04:40:54.196+0000] {processor.py:829} INFO - Processing file /usr/local/lib/python3.8/dist-packages/airflow/example_dags/example_params_trigger_ui.py for tasks to queue
[2023-08-24T04:40:54.197+0000] {logging_mixin.py:151} INFO - [2023-08-24T04:40:54.197+0000] {dagbag.py:539} INFO - Filling up the DagBag from /usr/local/lib/python3.8/dist-packages/airflow/example_dags/example_params_trigger_ui.py
[2023-08-24T04:40:54.214+0000] {processor.py:839} INFO - DAG(s) dict_keys(['example_params_trigger_ui']) retrieved from /usr/local/lib/python3.8/dist-packages/airflow/example_dags/example_params_trigger_ui.py
[2023-08-24T04:40:54.253+0000] {logging_mixin.py:151} INFO - [2023-08-24T04:40:54.253+0000] {dag.py:2907} INFO - Sync 1 DAGs
[2023-08-24T04:40:54.264+0000] {logging_mixin.py:151} INFO - [2023-08-24T04:40:54.264+0000] {dag.py:3677} INFO - Setting next_dagrun for example_params_trigger_ui to None, run_after=None
[2023-08-24T04:40:54.282+0000] {processor.py:179} INFO - Processing /usr/local/lib/python3.8/dist-packages/airflow/example_dags/example_params_trigger_ui.py took 0.091 seconds
[2023-08-24T04:41:54.391+0000] {processor.py:157} INFO - Started process (PID=43539) to work on /usr/local/lib/python3.8/dist-packages/airflow/example_dags/example_params_trigger_ui.py
[2023-08-24T04:41:54.392+0000] {processor.py:829} INFO - Processing file /usr/local/lib/python3.8/dist-packages/airflow/example_dags/example_params_trigger_ui.py for tasks to queue
[2023-08-24T04:41:54.393+0000] {logging_mixin.py:151} INFO - [2023-08-24T04:41:54.393+0000] {dagbag.py:539} INFO - Filling up the DagBag from /usr/local/lib/python3.8/dist-packages/airflow/example_dags/example_params_trigger_ui.py
[2023-08-24T04:41:54.411+0000] {processor.py:839} INFO - DAG(s) dict_keys(['example_params_trigger_ui']) retrieved from /usr/local/lib/python3.8/dist-packages/airflow/example_dags/example_params_trigger_ui.py
[2023-08-24T04:41:54.449+0000] {logging_mixin.py:151} INFO - [2023-08-24T04:41:54.448+0000] {dag.py:2907} INFO - Sync 1 DAGs
[2023-08-24T04:41:54.459+0000] {logging_mixin.py:151} INFO - [2023-08-24T04:41:54.459+0000] {dag.py:3677} INFO - Setting next_dagrun for example_params_trigger_ui to None, run_after=None
[2023-08-24T04:41:54.477+0000] {processor.py:179} INFO - Processing /usr/local/lib/python3.8/dist-packages/airflow/example_dags/example_params_trigger_ui.py took 0.089 seconds
[2023-08-24T04:42:53.692+0000] {processor.py:157} INFO - Started process (PID=43729) to work on /usr/local/lib/python3.8/dist-packages/airflow/example_dags/example_params_trigger_ui.py
[2023-08-24T04:42:53.693+0000] {processor.py:829} INFO - Processing file /usr/local/lib/python3.8/dist-packages/airflow/example_dags/example_params_trigger_ui.py for tasks to queue
[2023-08-24T04:42:53.694+0000] {logging_mixin.py:151} INFO - [2023-08-24T04:42:53.694+0000] {dagbag.py:539} INFO - Filling up the DagBag from /usr/local/lib/python3.8/dist-packages/airflow/example_dags/example_params_trigger_ui.py
[2023-08-24T04:42:53.711+0000] {processor.py:839} INFO - DAG(s) dict_keys(['example_params_trigger_ui']) retrieved from /usr/local/lib/python3.8/dist-packages/airflow/example_dags/example_params_trigger_ui.py
[2023-08-24T04:42:53.749+0000] {logging_mixin.py:151} INFO - [2023-08-24T04:42:53.748+0000] {dag.py:2907} INFO - Sync 1 DAGs
[2023-08-24T04:42:53.759+0000] {logging_mixin.py:151} INFO - [2023-08-24T04:42:53.759+0000] {dag.py:3677} INFO - Setting next_dagrun for example_params_trigger_ui to None, run_after=None
[2023-08-24T04:42:53.777+0000] {processor.py:179} INFO - Processing /usr/local/lib/python3.8/dist-packages/airflow/example_dags/example_params_trigger_ui.py took 0.088 seconds
[2023-08-24T04:43:54.558+0000] {processor.py:157} INFO - Started process (PID=43913) to work on /usr/local/lib/python3.8/dist-packages/airflow/example_dags/example_params_trigger_ui.py
[2023-08-24T04:43:54.560+0000] {processor.py:829} INFO - Processing file /usr/local/lib/python3.8/dist-packages/airflow/example_dags/example_params_trigger_ui.py for tasks to queue
[2023-08-24T04:43:54.561+0000] {logging_mixin.py:151} INFO - [2023-08-24T04:43:54.560+0000] {dagbag.py:539} INFO - Filling up the DagBag from /usr/local/lib/python3.8/dist-packages/airflow/example_dags/example_params_trigger_ui.py
[2023-08-24T04:43:54.580+0000] {processor.py:839} INFO - DAG(s) dict_keys(['example_params_trigger_ui']) retrieved from /usr/local/lib/python3.8/dist-packages/airflow/example_dags/example_params_trigger_ui.py
[2023-08-24T04:43:54.621+0000] {logging_mixin.py:151} INFO - [2023-08-24T04:43:54.621+0000] {dag.py:2907} INFO - Sync 1 DAGs
[2023-08-24T04:43:54.633+0000] {logging_mixin.py:151} INFO - [2023-08-24T04:43:54.633+0000] {dag.py:3677} INFO - Setting next_dagrun for example_params_trigger_ui to None, run_after=None
[2023-08-24T04:43:54.652+0000] {processor.py:179} INFO - Processing /usr/local/lib/python3.8/dist-packages/airflow/example_dags/example_params_trigger_ui.py took 0.098 seconds
[2023-08-24T04:44:55.621+0000] {processor.py:157} INFO - Started process (PID=44098) to work on /usr/local/lib/python3.8/dist-packages/airflow/example_dags/example_params_trigger_ui.py
[2023-08-24T04:44:55.623+0000] {processor.py:829} INFO - Processing file /usr/local/lib/python3.8/dist-packages/airflow/example_dags/example_params_trigger_ui.py for tasks to queue
[2023-08-24T04:44:55.624+0000] {logging_mixin.py:151} INFO - [2023-08-24T04:44:55.623+0000] {dagbag.py:539} INFO - Filling up the DagBag from /usr/local/lib/python3.8/dist-packages/airflow/example_dags/example_params_trigger_ui.py
[2023-08-24T04:44:55.643+0000] {processor.py:839} INFO - DAG(s) dict_keys(['example_params_trigger_ui']) retrieved from /usr/local/lib/python3.8/dist-packages/airflow/example_dags/example_params_trigger_ui.py
[2023-08-24T04:44:55.684+0000] {logging_mixin.py:151} INFO - [2023-08-24T04:44:55.684+0000] {dag.py:2907} INFO - Sync 1 DAGs
[2023-08-24T04:44:55.696+0000] {logging_mixin.py:151} INFO - [2023-08-24T04:44:55.695+0000] {dag.py:3677} INFO - Setting next_dagrun for example_params_trigger_ui to None, run_after=None
[2023-08-24T04:44:55.717+0000] {processor.py:179} INFO - Processing /usr/local/lib/python3.8/dist-packages/airflow/example_dags/example_params_trigger_ui.py took 0.100 seconds
[2023-08-24T04:45:57.099+0000] {processor.py:157} INFO - Started process (PID=44281) to work on /usr/local/lib/python3.8/dist-packages/airflow/example_dags/example_params_trigger_ui.py
[2023-08-24T04:45:57.101+0000] {processor.py:829} INFO - Processing file /usr/local/lib/python3.8/dist-packages/airflow/example_dags/example_params_trigger_ui.py for tasks to queue
[2023-08-24T04:45:57.102+0000] {logging_mixin.py:151} INFO - [2023-08-24T04:45:57.102+0000] {dagbag.py:539} INFO - Filling up the DagBag from /usr/local/lib/python3.8/dist-packages/airflow/example_dags/example_params_trigger_ui.py
[2023-08-24T04:45:57.120+0000] {processor.py:839} INFO - DAG(s) dict_keys(['example_params_trigger_ui']) retrieved from /usr/local/lib/python3.8/dist-packages/airflow/example_dags/example_params_trigger_ui.py
[2023-08-24T04:45:57.159+0000] {logging_mixin.py:151} INFO - [2023-08-24T04:45:57.158+0000] {dag.py:2907} INFO - Sync 1 DAGs
[2023-08-24T04:45:57.170+0000] {logging_mixin.py:151} INFO - [2023-08-24T04:45:57.170+0000] {dag.py:3677} INFO - Setting next_dagrun for example_params_trigger_ui to None, run_after=None
[2023-08-24T04:45:57.189+0000] {processor.py:179} INFO - Processing /usr/local/lib/python3.8/dist-packages/airflow/example_dags/example_params_trigger_ui.py took 0.093 seconds
[2023-08-24T04:46:58.859+0000] {processor.py:157} INFO - Started process (PID=44464) to work on /usr/local/lib/python3.8/dist-packages/airflow/example_dags/example_params_trigger_ui.py
[2023-08-24T04:46:58.861+0000] {processor.py:829} INFO - Processing file /usr/local/lib/python3.8/dist-packages/airflow/example_dags/example_params_trigger_ui.py for tasks to queue
[2023-08-24T04:46:58.862+0000] {logging_mixin.py:151} INFO - [2023-08-24T04:46:58.861+0000] {dagbag.py:539} INFO - Filling up the DagBag from /usr/local/lib/python3.8/dist-packages/airflow/example_dags/example_params_trigger_ui.py
[2023-08-24T04:46:58.879+0000] {processor.py:839} INFO - DAG(s) dict_keys(['example_params_trigger_ui']) retrieved from /usr/local/lib/python3.8/dist-packages/airflow/example_dags/example_params_trigger_ui.py
[2023-08-24T04:46:58.917+0000] {logging_mixin.py:151} INFO - [2023-08-24T04:46:58.917+0000] {dag.py:2907} INFO - Sync 1 DAGs
[2023-08-24T04:46:58.928+0000] {logging_mixin.py:151} INFO - [2023-08-24T04:46:58.928+0000] {dag.py:3677} INFO - Setting next_dagrun for example_params_trigger_ui to None, run_after=None
[2023-08-24T04:46:58.946+0000] {processor.py:179} INFO - Processing /usr/local/lib/python3.8/dist-packages/airflow/example_dags/example_params_trigger_ui.py took 0.090 seconds
[2023-08-24T04:48:01.187+0000] {processor.py:157} INFO - Started process (PID=44648) to work on /usr/local/lib/python3.8/dist-packages/airflow/example_dags/example_params_trigger_ui.py
[2023-08-24T04:48:01.188+0000] {processor.py:829} INFO - Processing file /usr/local/lib/python3.8/dist-packages/airflow/example_dags/example_params_trigger_ui.py for tasks to queue
[2023-08-24T04:48:01.189+0000] {logging_mixin.py:151} INFO - [2023-08-24T04:48:01.189+0000] {dagbag.py:539} INFO - Filling up the DagBag from /usr/local/lib/python3.8/dist-packages/airflow/example_dags/example_params_trigger_ui.py
[2023-08-24T04:48:01.207+0000] {processor.py:839} INFO - DAG(s) dict_keys(['example_params_trigger_ui']) retrieved from /usr/local/lib/python3.8/dist-packages/airflow/example_dags/example_params_trigger_ui.py
[2023-08-24T04:48:01.248+0000] {logging_mixin.py:151} INFO - [2023-08-24T04:48:01.248+0000] {dag.py:2907} INFO - Sync 1 DAGs
[2023-08-24T04:48:01.259+0000] {logging_mixin.py:151} INFO - [2023-08-24T04:48:01.259+0000] {dag.py:3677} INFO - Setting next_dagrun for example_params_trigger_ui to None, run_after=None
[2023-08-24T04:48:01.278+0000] {processor.py:179} INFO - Processing /usr/local/lib/python3.8/dist-packages/airflow/example_dags/example_params_trigger_ui.py took 0.095 seconds
[2023-08-24T04:49:02.652+0000] {processor.py:157} INFO - Started process (PID=44831) to work on /usr/local/lib/python3.8/dist-packages/airflow/example_dags/example_params_trigger_ui.py
[2023-08-24T04:49:02.653+0000] {processor.py:829} INFO - Processing file /usr/local/lib/python3.8/dist-packages/airflow/example_dags/example_params_trigger_ui.py for tasks to queue
[2023-08-24T04:49:02.654+0000] {logging_mixin.py:151} INFO - [2023-08-24T04:49:02.654+0000] {dagbag.py:539} INFO - Filling up the DagBag from /usr/local/lib/python3.8/dist-packages/airflow/example_dags/example_params_trigger_ui.py
[2023-08-24T04:49:02.672+0000] {processor.py:839} INFO - DAG(s) dict_keys(['example_params_trigger_ui']) retrieved from /usr/local/lib/python3.8/dist-packages/airflow/example_dags/example_params_trigger_ui.py
[2023-08-24T04:49:02.712+0000] {logging_mixin.py:151} INFO - [2023-08-24T04:49:02.711+0000] {dag.py:2907} INFO - Sync 1 DAGs
[2023-08-24T04:49:02.723+0000] {logging_mixin.py:151} INFO - [2023-08-24T04:49:02.722+0000] {dag.py:3677} INFO - Setting next_dagrun for example_params_trigger_ui to None, run_after=None
[2023-08-24T04:49:02.741+0000] {processor.py:179} INFO - Processing /usr/local/lib/python3.8/dist-packages/airflow/example_dags/example_params_trigger_ui.py took 0.093 seconds
[2023-08-24T04:50:04.194+0000] {processor.py:157} INFO - Started process (PID=45015) to work on /usr/local/lib/python3.8/dist-packages/airflow/example_dags/example_params_trigger_ui.py
[2023-08-24T04:50:04.195+0000] {processor.py:829} INFO - Processing file /usr/local/lib/python3.8/dist-packages/airflow/example_dags/example_params_trigger_ui.py for tasks to queue
[2023-08-24T04:50:04.196+0000] {logging_mixin.py:151} INFO - [2023-08-24T04:50:04.196+0000] {dagbag.py:539} INFO - Filling up the DagBag from /usr/local/lib/python3.8/dist-packages/airflow/example_dags/example_params_trigger_ui.py
[2023-08-24T04:50:04.214+0000] {processor.py:839} INFO - DAG(s) dict_keys(['example_params_trigger_ui']) retrieved from /usr/local/lib/python3.8/dist-packages/airflow/example_dags/example_params_trigger_ui.py
[2023-08-24T04:50:04.252+0000] {logging_mixin.py:151} INFO - [2023-08-24T04:50:04.252+0000] {dag.py:2907} INFO - Sync 1 DAGs
[2023-08-24T04:50:04.263+0000] {logging_mixin.py:151} INFO - [2023-08-24T04:50:04.262+0000] {dag.py:3677} INFO - Setting next_dagrun for example_params_trigger_ui to None, run_after=None
[2023-08-24T04:50:04.284+0000] {processor.py:179} INFO - Processing /usr/local/lib/python3.8/dist-packages/airflow/example_dags/example_params_trigger_ui.py took 0.094 seconds
[2023-08-24T04:51:03.079+0000] {processor.py:157} INFO - Started process (PID=45200) to work on /usr/local/lib/python3.8/dist-packages/airflow/example_dags/example_params_trigger_ui.py
[2023-08-24T04:51:03.081+0000] {processor.py:829} INFO - Processing file /usr/local/lib/python3.8/dist-packages/airflow/example_dags/example_params_trigger_ui.py for tasks to queue
[2023-08-24T04:51:03.082+0000] {logging_mixin.py:151} INFO - [2023-08-24T04:51:03.082+0000] {dagbag.py:539} INFO - Filling up the DagBag from /usr/local/lib/python3.8/dist-packages/airflow/example_dags/example_params_trigger_ui.py
[2023-08-24T04:51:03.100+0000] {processor.py:839} INFO - DAG(s) dict_keys(['example_params_trigger_ui']) retrieved from /usr/local/lib/python3.8/dist-packages/airflow/example_dags/example_params_trigger_ui.py
[2023-08-24T04:51:03.138+0000] {logging_mixin.py:151} INFO - [2023-08-24T04:51:03.138+0000] {dag.py:2907} INFO - Sync 1 DAGs
[2023-08-24T04:51:03.149+0000] {logging_mixin.py:151} INFO - [2023-08-24T04:51:03.149+0000] {dag.py:3677} INFO - Setting next_dagrun for example_params_trigger_ui to None, run_after=None
[2023-08-24T04:51:03.168+0000] {processor.py:179} INFO - Processing /usr/local/lib/python3.8/dist-packages/airflow/example_dags/example_params_trigger_ui.py took 0.092 seconds
[2023-08-24T04:52:03.959+0000] {processor.py:157} INFO - Started process (PID=45382) to work on /usr/local/lib/python3.8/dist-packages/airflow/example_dags/example_params_trigger_ui.py
[2023-08-24T04:52:03.960+0000] {processor.py:829} INFO - Processing file /usr/local/lib/python3.8/dist-packages/airflow/example_dags/example_params_trigger_ui.py for tasks to queue
[2023-08-24T04:52:03.961+0000] {logging_mixin.py:151} INFO - [2023-08-24T04:52:03.961+0000] {dagbag.py:539} INFO - Filling up the DagBag from /usr/local/lib/python3.8/dist-packages/airflow/example_dags/example_params_trigger_ui.py
[2023-08-24T04:52:03.979+0000] {processor.py:839} INFO - DAG(s) dict_keys(['example_params_trigger_ui']) retrieved from /usr/local/lib/python3.8/dist-packages/airflow/example_dags/example_params_trigger_ui.py
[2023-08-24T04:52:04.016+0000] {logging_mixin.py:151} INFO - [2023-08-24T04:52:04.016+0000] {dag.py:2907} INFO - Sync 1 DAGs
[2023-08-24T04:52:04.027+0000] {logging_mixin.py:151} INFO - [2023-08-24T04:52:04.027+0000] {dag.py:3677} INFO - Setting next_dagrun for example_params_trigger_ui to None, run_after=None
[2023-08-24T04:52:04.045+0000] {processor.py:179} INFO - Processing /usr/local/lib/python3.8/dist-packages/airflow/example_dags/example_params_trigger_ui.py took 0.089 seconds
[2023-08-24T04:53:05.499+0000] {processor.py:157} INFO - Started process (PID=45571) to work on /usr/local/lib/python3.8/dist-packages/airflow/example_dags/example_params_trigger_ui.py
[2023-08-24T04:53:05.500+0000] {processor.py:829} INFO - Processing file /usr/local/lib/python3.8/dist-packages/airflow/example_dags/example_params_trigger_ui.py for tasks to queue
[2023-08-24T04:53:05.501+0000] {logging_mixin.py:151} INFO - [2023-08-24T04:53:05.501+0000] {dagbag.py:539} INFO - Filling up the DagBag from /usr/local/lib/python3.8/dist-packages/airflow/example_dags/example_params_trigger_ui.py
[2023-08-24T04:53:05.518+0000] {processor.py:839} INFO - DAG(s) dict_keys(['example_params_trigger_ui']) retrieved from /usr/local/lib/python3.8/dist-packages/airflow/example_dags/example_params_trigger_ui.py
[2023-08-24T04:53:05.555+0000] {logging_mixin.py:151} INFO - [2023-08-24T04:53:05.555+0000] {dag.py:2907} INFO - Sync 1 DAGs
[2023-08-24T04:53:05.566+0000] {logging_mixin.py:151} INFO - [2023-08-24T04:53:05.566+0000] {dag.py:3677} INFO - Setting next_dagrun for example_params_trigger_ui to None, run_after=None
[2023-08-24T04:53:05.583+0000] {processor.py:179} INFO - Processing /usr/local/lib/python3.8/dist-packages/airflow/example_dags/example_params_trigger_ui.py took 0.088 seconds
[2023-08-24T04:54:07.106+0000] {processor.py:157} INFO - Started process (PID=45754) to work on /usr/local/lib/python3.8/dist-packages/airflow/example_dags/example_params_trigger_ui.py
[2023-08-24T04:54:07.107+0000] {processor.py:829} INFO - Processing file /usr/local/lib/python3.8/dist-packages/airflow/example_dags/example_params_trigger_ui.py for tasks to queue
[2023-08-24T04:54:07.108+0000] {logging_mixin.py:151} INFO - [2023-08-24T04:54:07.108+0000] {dagbag.py:539} INFO - Filling up the DagBag from /usr/local/lib/python3.8/dist-packages/airflow/example_dags/example_params_trigger_ui.py
[2023-08-24T04:54:07.125+0000] {processor.py:839} INFO - DAG(s) dict_keys(['example_params_trigger_ui']) retrieved from /usr/local/lib/python3.8/dist-packages/airflow/example_dags/example_params_trigger_ui.py
[2023-08-24T04:54:07.163+0000] {logging_mixin.py:151} INFO - [2023-08-24T04:54:07.163+0000] {dag.py:2907} INFO - Sync 1 DAGs
[2023-08-24T04:54:07.173+0000] {logging_mixin.py:151} INFO - [2023-08-24T04:54:07.173+0000] {dag.py:3677} INFO - Setting next_dagrun for example_params_trigger_ui to None, run_after=None
[2023-08-24T04:54:07.191+0000] {processor.py:179} INFO - Processing /usr/local/lib/python3.8/dist-packages/airflow/example_dags/example_params_trigger_ui.py took 0.089 seconds
[2023-08-24T04:55:08.400+0000] {processor.py:157} INFO - Started process (PID=45938) to work on /usr/local/lib/python3.8/dist-packages/airflow/example_dags/example_params_trigger_ui.py
[2023-08-24T04:55:08.401+0000] {processor.py:829} INFO - Processing file /usr/local/lib/python3.8/dist-packages/airflow/example_dags/example_params_trigger_ui.py for tasks to queue
[2023-08-24T04:55:08.402+0000] {logging_mixin.py:151} INFO - [2023-08-24T04:55:08.402+0000] {dagbag.py:539} INFO - Filling up the DagBag from /usr/local/lib/python3.8/dist-packages/airflow/example_dags/example_params_trigger_ui.py
[2023-08-24T04:55:08.420+0000] {processor.py:839} INFO - DAG(s) dict_keys(['example_params_trigger_ui']) retrieved from /usr/local/lib/python3.8/dist-packages/airflow/example_dags/example_params_trigger_ui.py
[2023-08-24T04:55:08.459+0000] {logging_mixin.py:151} INFO - [2023-08-24T04:55:08.459+0000] {dag.py:2907} INFO - Sync 1 DAGs
[2023-08-24T04:55:08.470+0000] {logging_mixin.py:151} INFO - [2023-08-24T04:55:08.470+0000] {dag.py:3677} INFO - Setting next_dagrun for example_params_trigger_ui to None, run_after=None
[2023-08-24T04:55:08.489+0000] {processor.py:179} INFO - Processing /usr/local/lib/python3.8/dist-packages/airflow/example_dags/example_params_trigger_ui.py took 0.092 seconds
[2023-08-24T04:56:08.535+0000] {processor.py:157} INFO - Started process (PID=46125) to work on /usr/local/lib/python3.8/dist-packages/airflow/example_dags/example_params_trigger_ui.py
[2023-08-24T04:56:08.537+0000] {processor.py:829} INFO - Processing file /usr/local/lib/python3.8/dist-packages/airflow/example_dags/example_params_trigger_ui.py for tasks to queue
[2023-08-24T04:56:08.538+0000] {logging_mixin.py:151} INFO - [2023-08-24T04:56:08.537+0000] {dagbag.py:539} INFO - Filling up the DagBag from /usr/local/lib/python3.8/dist-packages/airflow/example_dags/example_params_trigger_ui.py
[2023-08-24T04:56:08.555+0000] {processor.py:839} INFO - DAG(s) dict_keys(['example_params_trigger_ui']) retrieved from /usr/local/lib/python3.8/dist-packages/airflow/example_dags/example_params_trigger_ui.py
[2023-08-24T04:56:08.594+0000] {logging_mixin.py:151} INFO - [2023-08-24T04:56:08.594+0000] {dag.py:2907} INFO - Sync 1 DAGs
[2023-08-24T04:56:08.605+0000] {logging_mixin.py:151} INFO - [2023-08-24T04:56:08.605+0000] {dag.py:3677} INFO - Setting next_dagrun for example_params_trigger_ui to None, run_after=None
[2023-08-24T04:56:08.749+0000] {processor.py:179} INFO - Processing /usr/local/lib/python3.8/dist-packages/airflow/example_dags/example_params_trigger_ui.py took 0.218 seconds
[2023-08-24T04:57:14.807+0000] {processor.py:157} INFO - Started process (PID=46322) to work on /usr/local/lib/python3.8/dist-packages/airflow/example_dags/example_params_trigger_ui.py
[2023-08-24T04:57:14.809+0000] {processor.py:829} INFO - Processing file /usr/local/lib/python3.8/dist-packages/airflow/example_dags/example_params_trigger_ui.py for tasks to queue
[2023-08-24T04:57:14.810+0000] {logging_mixin.py:151} INFO - [2023-08-24T04:57:14.809+0000] {dagbag.py:539} INFO - Filling up the DagBag from /usr/local/lib/python3.8/dist-packages/airflow/example_dags/example_params_trigger_ui.py
[2023-08-24T04:57:14.827+0000] {processor.py:839} INFO - DAG(s) dict_keys(['example_params_trigger_ui']) retrieved from /usr/local/lib/python3.8/dist-packages/airflow/example_dags/example_params_trigger_ui.py
[2023-08-24T04:57:14.868+0000] {logging_mixin.py:151} INFO - [2023-08-24T04:57:14.867+0000] {dag.py:2907} INFO - Sync 1 DAGs
[2023-08-24T04:57:14.878+0000] {logging_mixin.py:151} INFO - [2023-08-24T04:57:14.878+0000] {dag.py:3677} INFO - Setting next_dagrun for example_params_trigger_ui to None, run_after=None
[2023-08-24T04:57:14.899+0000] {processor.py:179} INFO - Processing /usr/local/lib/python3.8/dist-packages/airflow/example_dags/example_params_trigger_ui.py took 0.096 seconds
[2023-08-24T04:58:18.561+0000] {processor.py:157} INFO - Started process (PID=46506) to work on /usr/local/lib/python3.8/dist-packages/airflow/example_dags/example_params_trigger_ui.py
[2023-08-24T04:58:18.562+0000] {processor.py:829} INFO - Processing file /usr/local/lib/python3.8/dist-packages/airflow/example_dags/example_params_trigger_ui.py for tasks to queue
[2023-08-24T04:58:18.563+0000] {logging_mixin.py:151} INFO - [2023-08-24T04:58:18.563+0000] {dagbag.py:539} INFO - Filling up the DagBag from /usr/local/lib/python3.8/dist-packages/airflow/example_dags/example_params_trigger_ui.py
[2023-08-24T04:58:18.580+0000] {processor.py:839} INFO - DAG(s) dict_keys(['example_params_trigger_ui']) retrieved from /usr/local/lib/python3.8/dist-packages/airflow/example_dags/example_params_trigger_ui.py
[2023-08-24T04:58:18.617+0000] {logging_mixin.py:151} INFO - [2023-08-24T04:58:18.617+0000] {dag.py:2907} INFO - Sync 1 DAGs
[2023-08-24T04:58:18.628+0000] {logging_mixin.py:151} INFO - [2023-08-24T04:58:18.628+0000] {dag.py:3677} INFO - Setting next_dagrun for example_params_trigger_ui to None, run_after=None
[2023-08-24T04:58:18.645+0000] {processor.py:179} INFO - Processing /usr/local/lib/python3.8/dist-packages/airflow/example_dags/example_params_trigger_ui.py took 0.088 seconds
[2023-08-24T04:59:20.221+0000] {processor.py:157} INFO - Started process (PID=46689) to work on /usr/local/lib/python3.8/dist-packages/airflow/example_dags/example_params_trigger_ui.py
[2023-08-24T04:59:20.222+0000] {processor.py:829} INFO - Processing file /usr/local/lib/python3.8/dist-packages/airflow/example_dags/example_params_trigger_ui.py for tasks to queue
[2023-08-24T04:59:20.223+0000] {logging_mixin.py:151} INFO - [2023-08-24T04:59:20.223+0000] {dagbag.py:539} INFO - Filling up the DagBag from /usr/local/lib/python3.8/dist-packages/airflow/example_dags/example_params_trigger_ui.py
[2023-08-24T04:59:20.240+0000] {processor.py:839} INFO - DAG(s) dict_keys(['example_params_trigger_ui']) retrieved from /usr/local/lib/python3.8/dist-packages/airflow/example_dags/example_params_trigger_ui.py
[2023-08-24T04:59:20.396+0000] {logging_mixin.py:151} INFO - [2023-08-24T04:59:20.395+0000] {dag.py:2907} INFO - Sync 1 DAGs
[2023-08-24T04:59:20.404+0000] {logging_mixin.py:151} INFO - [2023-08-24T04:59:20.404+0000] {dag.py:3677} INFO - Setting next_dagrun for example_params_trigger_ui to None, run_after=None
[2023-08-24T04:59:20.420+0000] {processor.py:179} INFO - Processing /usr/local/lib/python3.8/dist-packages/airflow/example_dags/example_params_trigger_ui.py took 0.203 seconds
[2023-08-24T05:00:24.265+0000] {processor.py:157} INFO - Started process (PID=46873) to work on /usr/local/lib/python3.8/dist-packages/airflow/example_dags/example_params_trigger_ui.py
[2023-08-24T05:00:24.267+0000] {processor.py:829} INFO - Processing file /usr/local/lib/python3.8/dist-packages/airflow/example_dags/example_params_trigger_ui.py for tasks to queue
[2023-08-24T05:00:24.268+0000] {logging_mixin.py:151} INFO - [2023-08-24T05:00:24.268+0000] {dagbag.py:539} INFO - Filling up the DagBag from /usr/local/lib/python3.8/dist-packages/airflow/example_dags/example_params_trigger_ui.py
[2023-08-24T05:00:24.286+0000] {processor.py:839} INFO - DAG(s) dict_keys(['example_params_trigger_ui']) retrieved from /usr/local/lib/python3.8/dist-packages/airflow/example_dags/example_params_trigger_ui.py
[2023-08-24T05:00:24.324+0000] {logging_mixin.py:151} INFO - [2023-08-24T05:00:24.324+0000] {dag.py:2907} INFO - Sync 1 DAGs
[2023-08-24T05:00:24.334+0000] {logging_mixin.py:151} INFO - [2023-08-24T05:00:24.334+0000] {dag.py:3677} INFO - Setting next_dagrun for example_params_trigger_ui to None, run_after=None
[2023-08-24T05:00:24.352+0000] {processor.py:179} INFO - Processing /usr/local/lib/python3.8/dist-packages/airflow/example_dags/example_params_trigger_ui.py took 0.091 seconds
[2023-08-24T05:01:23.501+0000] {processor.py:157} INFO - Started process (PID=47070) to work on /usr/local/lib/python3.8/dist-packages/airflow/example_dags/example_params_trigger_ui.py
[2023-08-24T05:01:23.502+0000] {processor.py:829} INFO - Processing file /usr/local/lib/python3.8/dist-packages/airflow/example_dags/example_params_trigger_ui.py for tasks to queue
[2023-08-24T05:01:23.503+0000] {logging_mixin.py:151} INFO - [2023-08-24T05:01:23.503+0000] {dagbag.py:539} INFO - Filling up the DagBag from /usr/local/lib/python3.8/dist-packages/airflow/example_dags/example_params_trigger_ui.py
[2023-08-24T05:01:23.521+0000] {processor.py:839} INFO - DAG(s) dict_keys(['example_params_trigger_ui']) retrieved from /usr/local/lib/python3.8/dist-packages/airflow/example_dags/example_params_trigger_ui.py
[2023-08-24T05:01:23.559+0000] {logging_mixin.py:151} INFO - [2023-08-24T05:01:23.559+0000] {dag.py:2907} INFO - Sync 1 DAGs
[2023-08-24T05:01:23.569+0000] {logging_mixin.py:151} INFO - [2023-08-24T05:01:23.569+0000] {dag.py:3677} INFO - Setting next_dagrun for example_params_trigger_ui to None, run_after=None
[2023-08-24T05:01:23.587+0000] {processor.py:179} INFO - Processing /usr/local/lib/python3.8/dist-packages/airflow/example_dags/example_params_trigger_ui.py took 0.090 seconds
[2023-08-24T05:02:21.893+0000] {processor.py:157} INFO - Started process (PID=47256) to work on /usr/local/lib/python3.8/dist-packages/airflow/example_dags/example_params_trigger_ui.py
[2023-08-24T05:02:21.895+0000] {processor.py:829} INFO - Processing file /usr/local/lib/python3.8/dist-packages/airflow/example_dags/example_params_trigger_ui.py for tasks to queue
[2023-08-24T05:02:21.896+0000] {logging_mixin.py:151} INFO - [2023-08-24T05:02:21.895+0000] {dagbag.py:539} INFO - Filling up the DagBag from /usr/local/lib/python3.8/dist-packages/airflow/example_dags/example_params_trigger_ui.py
[2023-08-24T05:02:21.913+0000] {processor.py:839} INFO - DAG(s) dict_keys(['example_params_trigger_ui']) retrieved from /usr/local/lib/python3.8/dist-packages/airflow/example_dags/example_params_trigger_ui.py
[2023-08-24T05:02:21.950+0000] {logging_mixin.py:151} INFO - [2023-08-24T05:02:21.950+0000] {dag.py:2907} INFO - Sync 1 DAGs
[2023-08-24T05:02:21.961+0000] {logging_mixin.py:151} INFO - [2023-08-24T05:02:21.961+0000] {dag.py:3677} INFO - Setting next_dagrun for example_params_trigger_ui to None, run_after=None
[2023-08-24T05:02:21.978+0000] {processor.py:179} INFO - Processing /usr/local/lib/python3.8/dist-packages/airflow/example_dags/example_params_trigger_ui.py took 0.088 seconds
[2023-08-24T05:03:22.661+0000] {processor.py:157} INFO - Started process (PID=47444) to work on /usr/local/lib/python3.8/dist-packages/airflow/example_dags/example_params_trigger_ui.py
[2023-08-24T05:03:22.663+0000] {processor.py:829} INFO - Processing file /usr/local/lib/python3.8/dist-packages/airflow/example_dags/example_params_trigger_ui.py for tasks to queue
[2023-08-24T05:03:22.664+0000] {logging_mixin.py:151} INFO - [2023-08-24T05:03:22.663+0000] {dagbag.py:539} INFO - Filling up the DagBag from /usr/local/lib/python3.8/dist-packages/airflow/example_dags/example_params_trigger_ui.py
[2023-08-24T05:03:22.684+0000] {processor.py:839} INFO - DAG(s) dict_keys(['example_params_trigger_ui']) retrieved from /usr/local/lib/python3.8/dist-packages/airflow/example_dags/example_params_trigger_ui.py
[2023-08-24T05:03:22.725+0000] {logging_mixin.py:151} INFO - [2023-08-24T05:03:22.725+0000] {dag.py:2907} INFO - Sync 1 DAGs
[2023-08-24T05:03:22.737+0000] {logging_mixin.py:151} INFO - [2023-08-24T05:03:22.736+0000] {dag.py:3677} INFO - Setting next_dagrun for example_params_trigger_ui to None, run_after=None
[2023-08-24T05:03:22.755+0000] {processor.py:179} INFO - Processing /usr/local/lib/python3.8/dist-packages/airflow/example_dags/example_params_trigger_ui.py took 0.098 seconds
[2023-08-24T05:04:21.658+0000] {processor.py:157} INFO - Started process (PID=47627) to work on /usr/local/lib/python3.8/dist-packages/airflow/example_dags/example_params_trigger_ui.py
[2023-08-24T05:04:21.660+0000] {processor.py:829} INFO - Processing file /usr/local/lib/python3.8/dist-packages/airflow/example_dags/example_params_trigger_ui.py for tasks to queue
[2023-08-24T05:04:21.661+0000] {logging_mixin.py:151} INFO - [2023-08-24T05:04:21.660+0000] {dagbag.py:539} INFO - Filling up the DagBag from /usr/local/lib/python3.8/dist-packages/airflow/example_dags/example_params_trigger_ui.py
[2023-08-24T05:04:21.678+0000] {processor.py:839} INFO - DAG(s) dict_keys(['example_params_trigger_ui']) retrieved from /usr/local/lib/python3.8/dist-packages/airflow/example_dags/example_params_trigger_ui.py
[2023-08-24T05:04:21.716+0000] {logging_mixin.py:151} INFO - [2023-08-24T05:04:21.716+0000] {dag.py:2907} INFO - Sync 1 DAGs
[2023-08-24T05:04:21.726+0000] {logging_mixin.py:151} INFO - [2023-08-24T05:04:21.726+0000] {dag.py:3677} INFO - Setting next_dagrun for example_params_trigger_ui to None, run_after=None
[2023-08-24T05:04:21.744+0000] {processor.py:179} INFO - Processing /usr/local/lib/python3.8/dist-packages/airflow/example_dags/example_params_trigger_ui.py took 0.089 seconds
[2023-08-24T05:05:21.888+0000] {processor.py:157} INFO - Started process (PID=47823) to work on /usr/local/lib/python3.8/dist-packages/airflow/example_dags/example_params_trigger_ui.py
[2023-08-24T05:05:21.889+0000] {processor.py:829} INFO - Processing file /usr/local/lib/python3.8/dist-packages/airflow/example_dags/example_params_trigger_ui.py for tasks to queue
[2023-08-24T05:05:21.890+0000] {logging_mixin.py:151} INFO - [2023-08-24T05:05:21.890+0000] {dagbag.py:539} INFO - Filling up the DagBag from /usr/local/lib/python3.8/dist-packages/airflow/example_dags/example_params_trigger_ui.py
[2023-08-24T05:05:21.908+0000] {processor.py:839} INFO - DAG(s) dict_keys(['example_params_trigger_ui']) retrieved from /usr/local/lib/python3.8/dist-packages/airflow/example_dags/example_params_trigger_ui.py
[2023-08-24T05:05:21.947+0000] {logging_mixin.py:151} INFO - [2023-08-24T05:05:21.946+0000] {dag.py:2907} INFO - Sync 1 DAGs
[2023-08-24T05:05:21.958+0000] {logging_mixin.py:151} INFO - [2023-08-24T05:05:21.958+0000] {dag.py:3677} INFO - Setting next_dagrun for example_params_trigger_ui to None, run_after=None
[2023-08-24T05:05:21.977+0000] {processor.py:179} INFO - Processing /usr/local/lib/python3.8/dist-packages/airflow/example_dags/example_params_trigger_ui.py took 0.093 seconds
[2023-08-24T05:06:19.632+0000] {processor.py:157} INFO - Started process (PID=48019) to work on /usr/local/lib/python3.8/dist-packages/airflow/example_dags/example_params_trigger_ui.py
[2023-08-24T05:06:19.634+0000] {processor.py:829} INFO - Processing file /usr/local/lib/python3.8/dist-packages/airflow/example_dags/example_params_trigger_ui.py for tasks to queue
[2023-08-24T05:06:19.635+0000] {logging_mixin.py:151} INFO - [2023-08-24T05:06:19.635+0000] {dagbag.py:539} INFO - Filling up the DagBag from /usr/local/lib/python3.8/dist-packages/airflow/example_dags/example_params_trigger_ui.py
[2023-08-24T05:06:19.653+0000] {processor.py:839} INFO - DAG(s) dict_keys(['example_params_trigger_ui']) retrieved from /usr/local/lib/python3.8/dist-packages/airflow/example_dags/example_params_trigger_ui.py
[2023-08-24T05:06:19.696+0000] {logging_mixin.py:151} INFO - [2023-08-24T05:06:19.696+0000] {dag.py:2907} INFO - Sync 1 DAGs
[2023-08-24T05:06:19.707+0000] {logging_mixin.py:151} INFO - [2023-08-24T05:06:19.707+0000] {dag.py:3677} INFO - Setting next_dagrun for example_params_trigger_ui to None, run_after=None
[2023-08-24T05:06:19.725+0000] {processor.py:179} INFO - Processing /usr/local/lib/python3.8/dist-packages/airflow/example_dags/example_params_trigger_ui.py took 0.096 seconds
[2023-08-24T05:07:15.749+0000] {processor.py:157} INFO - Started process (PID=48201) to work on /usr/local/lib/python3.8/dist-packages/airflow/example_dags/example_params_trigger_ui.py
[2023-08-24T05:07:15.751+0000] {processor.py:829} INFO - Processing file /usr/local/lib/python3.8/dist-packages/airflow/example_dags/example_params_trigger_ui.py for tasks to queue
[2023-08-24T05:07:15.752+0000] {logging_mixin.py:151} INFO - [2023-08-24T05:07:15.752+0000] {dagbag.py:539} INFO - Filling up the DagBag from /usr/local/lib/python3.8/dist-packages/airflow/example_dags/example_params_trigger_ui.py
[2023-08-24T05:07:15.770+0000] {processor.py:839} INFO - DAG(s) dict_keys(['example_params_trigger_ui']) retrieved from /usr/local/lib/python3.8/dist-packages/airflow/example_dags/example_params_trigger_ui.py
[2023-08-24T05:07:15.808+0000] {logging_mixin.py:151} INFO - [2023-08-24T05:07:15.808+0000] {dag.py:2907} INFO - Sync 1 DAGs
[2023-08-24T05:07:15.819+0000] {logging_mixin.py:151} INFO - [2023-08-24T05:07:15.818+0000] {dag.py:3677} INFO - Setting next_dagrun for example_params_trigger_ui to None, run_after=None
[2023-08-24T05:07:15.836+0000] {processor.py:179} INFO - Processing /usr/local/lib/python3.8/dist-packages/airflow/example_dags/example_params_trigger_ui.py took 0.090 seconds
[2023-08-24T05:08:14.701+0000] {processor.py:157} INFO - Started process (PID=48385) to work on /usr/local/lib/python3.8/dist-packages/airflow/example_dags/example_params_trigger_ui.py
[2023-08-24T05:08:14.702+0000] {processor.py:829} INFO - Processing file /usr/local/lib/python3.8/dist-packages/airflow/example_dags/example_params_trigger_ui.py for tasks to queue
[2023-08-24T05:08:14.703+0000] {logging_mixin.py:151} INFO - [2023-08-24T05:08:14.703+0000] {dagbag.py:539} INFO - Filling up the DagBag from /usr/local/lib/python3.8/dist-packages/airflow/example_dags/example_params_trigger_ui.py
[2023-08-24T05:08:14.721+0000] {processor.py:839} INFO - DAG(s) dict_keys(['example_params_trigger_ui']) retrieved from /usr/local/lib/python3.8/dist-packages/airflow/example_dags/example_params_trigger_ui.py
[2023-08-24T05:08:14.760+0000] {logging_mixin.py:151} INFO - [2023-08-24T05:08:14.760+0000] {dag.py:2907} INFO - Sync 1 DAGs
[2023-08-24T05:08:14.771+0000] {logging_mixin.py:151} INFO - [2023-08-24T05:08:14.771+0000] {dag.py:3677} INFO - Setting next_dagrun for example_params_trigger_ui to None, run_after=None
[2023-08-24T05:08:14.790+0000] {processor.py:179} INFO - Processing /usr/local/lib/python3.8/dist-packages/airflow/example_dags/example_params_trigger_ui.py took 0.093 seconds
[2023-08-24T05:09:15.305+0000] {processor.py:157} INFO - Started process (PID=48581) to work on /usr/local/lib/python3.8/dist-packages/airflow/example_dags/example_params_trigger_ui.py
[2023-08-24T05:09:15.307+0000] {processor.py:829} INFO - Processing file /usr/local/lib/python3.8/dist-packages/airflow/example_dags/example_params_trigger_ui.py for tasks to queue
[2023-08-24T05:09:15.308+0000] {logging_mixin.py:151} INFO - [2023-08-24T05:09:15.307+0000] {dagbag.py:539} INFO - Filling up the DagBag from /usr/local/lib/python3.8/dist-packages/airflow/example_dags/example_params_trigger_ui.py
[2023-08-24T05:09:15.326+0000] {processor.py:839} INFO - DAG(s) dict_keys(['example_params_trigger_ui']) retrieved from /usr/local/lib/python3.8/dist-packages/airflow/example_dags/example_params_trigger_ui.py
[2023-08-24T05:09:15.365+0000] {logging_mixin.py:151} INFO - [2023-08-24T05:09:15.365+0000] {dag.py:2907} INFO - Sync 1 DAGs
[2023-08-24T05:09:15.376+0000] {logging_mixin.py:151} INFO - [2023-08-24T05:09:15.376+0000] {dag.py:3677} INFO - Setting next_dagrun for example_params_trigger_ui to None, run_after=None
[2023-08-24T05:09:15.395+0000] {processor.py:179} INFO - Processing /usr/local/lib/python3.8/dist-packages/airflow/example_dags/example_params_trigger_ui.py took 0.094 seconds
[2023-08-24T05:10:14.310+0000] {processor.py:157} INFO - Started process (PID=48764) to work on /usr/local/lib/python3.8/dist-packages/airflow/example_dags/example_params_trigger_ui.py
[2023-08-24T05:10:14.312+0000] {processor.py:829} INFO - Processing file /usr/local/lib/python3.8/dist-packages/airflow/example_dags/example_params_trigger_ui.py for tasks to queue
[2023-08-24T05:10:14.313+0000] {logging_mixin.py:151} INFO - [2023-08-24T05:10:14.313+0000] {dagbag.py:539} INFO - Filling up the DagBag from /usr/local/lib/python3.8/dist-packages/airflow/example_dags/example_params_trigger_ui.py
[2023-08-24T05:10:14.332+0000] {processor.py:839} INFO - DAG(s) dict_keys(['example_params_trigger_ui']) retrieved from /usr/local/lib/python3.8/dist-packages/airflow/example_dags/example_params_trigger_ui.py
[2023-08-24T05:10:14.371+0000] {logging_mixin.py:151} INFO - [2023-08-24T05:10:14.371+0000] {dag.py:2907} INFO - Sync 1 DAGs
[2023-08-24T05:10:14.382+0000] {logging_mixin.py:151} INFO - [2023-08-24T05:10:14.382+0000] {dag.py:3677} INFO - Setting next_dagrun for example_params_trigger_ui to None, run_after=None
[2023-08-24T05:10:14.402+0000] {processor.py:179} INFO - Processing /usr/local/lib/python3.8/dist-packages/airflow/example_dags/example_params_trigger_ui.py took 0.095 seconds
[2023-08-24T05:11:28.829+0000] {processor.py:157} INFO - Started process (PID=48920) to work on /usr/local/lib/python3.8/dist-packages/airflow/example_dags/example_params_trigger_ui.py
[2023-08-24T05:11:28.831+0000] {processor.py:829} INFO - Processing file /usr/local/lib/python3.8/dist-packages/airflow/example_dags/example_params_trigger_ui.py for tasks to queue
[2023-08-24T05:11:28.832+0000] {logging_mixin.py:151} INFO - [2023-08-24T05:11:28.832+0000] {dagbag.py:539} INFO - Filling up the DagBag from /usr/local/lib/python3.8/dist-packages/airflow/example_dags/example_params_trigger_ui.py
[2023-08-24T05:11:28.850+0000] {processor.py:839} INFO - DAG(s) dict_keys(['example_params_trigger_ui']) retrieved from /usr/local/lib/python3.8/dist-packages/airflow/example_dags/example_params_trigger_ui.py
[2023-08-24T05:11:28.889+0000] {logging_mixin.py:151} INFO - [2023-08-24T05:11:28.888+0000] {dag.py:2907} INFO - Sync 1 DAGs
[2023-08-24T05:11:28.900+0000] {logging_mixin.py:151} INFO - [2023-08-24T05:11:28.900+0000] {dag.py:3677} INFO - Setting next_dagrun for example_params_trigger_ui to None, run_after=None
[2023-08-24T05:11:28.919+0000] {processor.py:179} INFO - Processing /usr/local/lib/python3.8/dist-packages/airflow/example_dags/example_params_trigger_ui.py took 0.093 seconds
[2023-08-24T05:12:30.327+0000] {processor.py:157} INFO - Started process (PID=49116) to work on /usr/local/lib/python3.8/dist-packages/airflow/example_dags/example_params_trigger_ui.py
[2023-08-24T05:12:30.328+0000] {processor.py:829} INFO - Processing file /usr/local/lib/python3.8/dist-packages/airflow/example_dags/example_params_trigger_ui.py for tasks to queue
[2023-08-24T05:12:30.329+0000] {logging_mixin.py:151} INFO - [2023-08-24T05:12:30.329+0000] {dagbag.py:539} INFO - Filling up the DagBag from /usr/local/lib/python3.8/dist-packages/airflow/example_dags/example_params_trigger_ui.py
[2023-08-24T05:12:30.347+0000] {processor.py:839} INFO - DAG(s) dict_keys(['example_params_trigger_ui']) retrieved from /usr/local/lib/python3.8/dist-packages/airflow/example_dags/example_params_trigger_ui.py
[2023-08-24T05:12:30.386+0000] {logging_mixin.py:151} INFO - [2023-08-24T05:12:30.385+0000] {dag.py:2907} INFO - Sync 1 DAGs
[2023-08-24T05:12:30.397+0000] {logging_mixin.py:151} INFO - [2023-08-24T05:12:30.396+0000] {dag.py:3677} INFO - Setting next_dagrun for example_params_trigger_ui to None, run_after=None
[2023-08-24T05:12:30.415+0000] {processor.py:179} INFO - Processing /usr/local/lib/python3.8/dist-packages/airflow/example_dags/example_params_trigger_ui.py took 0.092 seconds
[2023-08-24T05:13:31.959+0000] {processor.py:157} INFO - Started process (PID=49321) to work on /usr/local/lib/python3.8/dist-packages/airflow/example_dags/example_params_trigger_ui.py
[2023-08-24T05:13:31.961+0000] {processor.py:829} INFO - Processing file /usr/local/lib/python3.8/dist-packages/airflow/example_dags/example_params_trigger_ui.py for tasks to queue
[2023-08-24T05:13:31.962+0000] {logging_mixin.py:151} INFO - [2023-08-24T05:13:31.961+0000] {dagbag.py:539} INFO - Filling up the DagBag from /usr/local/lib/python3.8/dist-packages/airflow/example_dags/example_params_trigger_ui.py
[2023-08-24T05:13:31.980+0000] {processor.py:839} INFO - DAG(s) dict_keys(['example_params_trigger_ui']) retrieved from /usr/local/lib/python3.8/dist-packages/airflow/example_dags/example_params_trigger_ui.py
[2023-08-24T05:13:32.018+0000] {logging_mixin.py:151} INFO - [2023-08-24T05:13:32.017+0000] {dag.py:2907} INFO - Sync 1 DAGs
[2023-08-24T05:13:32.028+0000] {logging_mixin.py:151} INFO - [2023-08-24T05:13:32.028+0000] {dag.py:3677} INFO - Setting next_dagrun for example_params_trigger_ui to None, run_after=None
[2023-08-24T05:13:32.049+0000] {processor.py:179} INFO - Processing /usr/local/lib/python3.8/dist-packages/airflow/example_dags/example_params_trigger_ui.py took 0.093 seconds
