[2023-08-24T04:31:37.955+0000] {processor.py:157} INFO - Started process (PID=41500) to work on /usr/local/lib/python3.8/dist-packages/airflow/example_dags/example_bash_operator.py
[2023-08-24T04:31:37.956+0000] {processor.py:829} INFO - Processing file /usr/local/lib/python3.8/dist-packages/airflow/example_dags/example_bash_operator.py for tasks to queue
[2023-08-24T04:31:37.957+0000] {logging_mixin.py:151} INFO - [2023-08-24T04:31:37.957+0000] {dagbag.py:539} INFO - Filling up the DagBag from /usr/local/lib/python3.8/dist-packages/airflow/example_dags/example_bash_operator.py
[2023-08-24T04:31:37.968+0000] {processor.py:839} INFO - DAG(s) dict_keys(['example_bash_operator']) retrieved from /usr/local/lib/python3.8/dist-packages/airflow/example_dags/example_bash_operator.py
[2023-08-24T04:31:37.991+0000] {logging_mixin.py:151} INFO - [2023-08-24T04:31:37.991+0000] {dag.py:2907} INFO - Sync 1 DAGs
[2023-08-24T04:31:38.008+0000] {logging_mixin.py:151} INFO - [2023-08-24T04:31:38.008+0000] {dag.py:3677} INFO - Setting next_dagrun for example_bash_operator to 2023-08-23T00:00:00+00:00, run_after=2023-08-24T00:00:00+00:00
[2023-08-24T04:31:38.026+0000] {processor.py:179} INFO - Processing /usr/local/lib/python3.8/dist-packages/airflow/example_dags/example_bash_operator.py took 0.075 seconds
[2023-08-24T04:32:39.962+0000] {processor.py:157} INFO - Started process (PID=41698) to work on /usr/local/lib/python3.8/dist-packages/airflow/example_dags/example_bash_operator.py
[2023-08-24T04:32:39.964+0000] {processor.py:829} INFO - Processing file /usr/local/lib/python3.8/dist-packages/airflow/example_dags/example_bash_operator.py for tasks to queue
[2023-08-24T04:32:39.965+0000] {logging_mixin.py:151} INFO - [2023-08-24T04:32:39.964+0000] {dagbag.py:539} INFO - Filling up the DagBag from /usr/local/lib/python3.8/dist-packages/airflow/example_dags/example_bash_operator.py
[2023-08-24T04:32:39.976+0000] {processor.py:839} INFO - DAG(s) dict_keys(['example_bash_operator']) retrieved from /usr/local/lib/python3.8/dist-packages/airflow/example_dags/example_bash_operator.py
[2023-08-24T04:32:39.997+0000] {logging_mixin.py:151} INFO - [2023-08-24T04:32:39.997+0000] {dag.py:2907} INFO - Sync 1 DAGs
[2023-08-24T04:32:40.014+0000] {logging_mixin.py:151} INFO - [2023-08-24T04:32:40.014+0000] {dag.py:3677} INFO - Setting next_dagrun for example_bash_operator to 2023-08-23T00:00:00+00:00, run_after=2023-08-24T00:00:00+00:00
[2023-08-24T04:32:40.031+0000] {processor.py:179} INFO - Processing /usr/local/lib/python3.8/dist-packages/airflow/example_dags/example_bash_operator.py took 0.073 seconds
[2023-08-24T04:33:39.405+0000] {processor.py:157} INFO - Started process (PID=41889) to work on /usr/local/lib/python3.8/dist-packages/airflow/example_dags/example_bash_operator.py
[2023-08-24T04:33:39.408+0000] {processor.py:829} INFO - Processing file /usr/local/lib/python3.8/dist-packages/airflow/example_dags/example_bash_operator.py for tasks to queue
[2023-08-24T04:33:39.409+0000] {logging_mixin.py:151} INFO - [2023-08-24T04:33:39.409+0000] {dagbag.py:539} INFO - Filling up the DagBag from /usr/local/lib/python3.8/dist-packages/airflow/example_dags/example_bash_operator.py
[2023-08-24T04:33:39.421+0000] {processor.py:839} INFO - DAG(s) dict_keys(['example_bash_operator']) retrieved from /usr/local/lib/python3.8/dist-packages/airflow/example_dags/example_bash_operator.py
[2023-08-24T04:33:39.443+0000] {logging_mixin.py:151} INFO - [2023-08-24T04:33:39.442+0000] {dag.py:2907} INFO - Sync 1 DAGs
[2023-08-24T04:33:39.459+0000] {logging_mixin.py:151} INFO - [2023-08-24T04:33:39.459+0000] {dag.py:3677} INFO - Setting next_dagrun for example_bash_operator to 2023-08-23T00:00:00+00:00, run_after=2023-08-24T00:00:00+00:00
[2023-08-24T04:33:39.477+0000] {processor.py:179} INFO - Processing /usr/local/lib/python3.8/dist-packages/airflow/example_dags/example_bash_operator.py took 0.075 seconds
[2023-08-24T04:34:37.511+0000] {processor.py:157} INFO - Started process (PID=42072) to work on /usr/local/lib/python3.8/dist-packages/airflow/example_dags/example_bash_operator.py
[2023-08-24T04:34:37.515+0000] {processor.py:829} INFO - Processing file /usr/local/lib/python3.8/dist-packages/airflow/example_dags/example_bash_operator.py for tasks to queue
[2023-08-24T04:34:37.516+0000] {logging_mixin.py:151} INFO - [2023-08-24T04:34:37.515+0000] {dagbag.py:539} INFO - Filling up the DagBag from /usr/local/lib/python3.8/dist-packages/airflow/example_dags/example_bash_operator.py
[2023-08-24T04:34:37.526+0000] {processor.py:839} INFO - DAG(s) dict_keys(['example_bash_operator']) retrieved from /usr/local/lib/python3.8/dist-packages/airflow/example_dags/example_bash_operator.py
[2023-08-24T04:34:37.548+0000] {logging_mixin.py:151} INFO - [2023-08-24T04:34:37.548+0000] {dag.py:2907} INFO - Sync 1 DAGs
[2023-08-24T04:34:37.565+0000] {logging_mixin.py:151} INFO - [2023-08-24T04:34:37.565+0000] {dag.py:3677} INFO - Setting next_dagrun for example_bash_operator to 2023-08-23T00:00:00+00:00, run_after=2023-08-24T00:00:00+00:00
[2023-08-24T04:34:37.582+0000] {processor.py:179} INFO - Processing /usr/local/lib/python3.8/dist-packages/airflow/example_dags/example_bash_operator.py took 0.074 seconds
[2023-08-24T04:35:36.450+0000] {processor.py:157} INFO - Started process (PID=42268) to work on /usr/local/lib/python3.8/dist-packages/airflow/example_dags/example_bash_operator.py
[2023-08-24T04:35:36.452+0000] {processor.py:829} INFO - Processing file /usr/local/lib/python3.8/dist-packages/airflow/example_dags/example_bash_operator.py for tasks to queue
[2023-08-24T04:35:36.452+0000] {logging_mixin.py:151} INFO - [2023-08-24T04:35:36.452+0000] {dagbag.py:539} INFO - Filling up the DagBag from /usr/local/lib/python3.8/dist-packages/airflow/example_dags/example_bash_operator.py
[2023-08-24T04:35:36.463+0000] {processor.py:839} INFO - DAG(s) dict_keys(['example_bash_operator']) retrieved from /usr/local/lib/python3.8/dist-packages/airflow/example_dags/example_bash_operator.py
[2023-08-24T04:35:36.486+0000] {logging_mixin.py:151} INFO - [2023-08-24T04:35:36.485+0000] {dag.py:2907} INFO - Sync 1 DAGs
[2023-08-24T04:35:36.503+0000] {logging_mixin.py:151} INFO - [2023-08-24T04:35:36.503+0000] {dag.py:3677} INFO - Setting next_dagrun for example_bash_operator to 2023-08-23T00:00:00+00:00, run_after=2023-08-24T00:00:00+00:00
[2023-08-24T04:35:36.521+0000] {processor.py:179} INFO - Processing /usr/local/lib/python3.8/dist-packages/airflow/example_dags/example_bash_operator.py took 0.074 seconds
[2023-08-24T04:36:34.962+0000] {processor.py:157} INFO - Started process (PID=42464) to work on /usr/local/lib/python3.8/dist-packages/airflow/example_dags/example_bash_operator.py
[2023-08-24T04:36:34.965+0000] {processor.py:829} INFO - Processing file /usr/local/lib/python3.8/dist-packages/airflow/example_dags/example_bash_operator.py for tasks to queue
[2023-08-24T04:36:34.966+0000] {logging_mixin.py:151} INFO - [2023-08-24T04:36:34.966+0000] {dagbag.py:539} INFO - Filling up the DagBag from /usr/local/lib/python3.8/dist-packages/airflow/example_dags/example_bash_operator.py
[2023-08-24T04:36:34.977+0000] {processor.py:839} INFO - DAG(s) dict_keys(['example_bash_operator']) retrieved from /usr/local/lib/python3.8/dist-packages/airflow/example_dags/example_bash_operator.py
[2023-08-24T04:36:34.999+0000] {logging_mixin.py:151} INFO - [2023-08-24T04:36:34.999+0000] {dag.py:2907} INFO - Sync 1 DAGs
[2023-08-24T04:36:35.017+0000] {logging_mixin.py:151} INFO - [2023-08-24T04:36:35.016+0000] {dag.py:3677} INFO - Setting next_dagrun for example_bash_operator to 2023-08-23T00:00:00+00:00, run_after=2023-08-24T00:00:00+00:00
[2023-08-24T04:36:35.034+0000] {processor.py:179} INFO - Processing /usr/local/lib/python3.8/dist-packages/airflow/example_dags/example_bash_operator.py took 0.076 seconds
[2023-08-24T04:37:56.480+0000] {processor.py:157} INFO - Started process (PID=42795) to work on /usr/local/lib/python3.8/dist-packages/airflow/example_dags/example_bash_operator.py
[2023-08-24T04:37:56.482+0000] {processor.py:829} INFO - Processing file /usr/local/lib/python3.8/dist-packages/airflow/example_dags/example_bash_operator.py for tasks to queue
[2023-08-24T04:37:56.483+0000] {logging_mixin.py:151} INFO - [2023-08-24T04:37:56.482+0000] {dagbag.py:539} INFO - Filling up the DagBag from /usr/local/lib/python3.8/dist-packages/airflow/example_dags/example_bash_operator.py
[2023-08-24T04:37:56.493+0000] {processor.py:839} INFO - DAG(s) dict_keys(['example_bash_operator']) retrieved from /usr/local/lib/python3.8/dist-packages/airflow/example_dags/example_bash_operator.py
[2023-08-24T04:37:56.516+0000] {logging_mixin.py:151} INFO - [2023-08-24T04:37:56.516+0000] {dag.py:2907} INFO - Sync 1 DAGs
[2023-08-24T04:37:56.533+0000] {logging_mixin.py:151} INFO - [2023-08-24T04:37:56.533+0000] {dag.py:3677} INFO - Setting next_dagrun for example_bash_operator to 2023-08-23T00:00:00+00:00, run_after=2023-08-24T00:00:00+00:00
[2023-08-24T04:37:56.549+0000] {processor.py:179} INFO - Processing /usr/local/lib/python3.8/dist-packages/airflow/example_dags/example_bash_operator.py took 0.073 seconds
[2023-08-24T04:38:57.108+0000] {processor.py:157} INFO - Started process (PID=42980) to work on /usr/local/lib/python3.8/dist-packages/airflow/example_dags/example_bash_operator.py
[2023-08-24T04:38:57.110+0000] {processor.py:829} INFO - Processing file /usr/local/lib/python3.8/dist-packages/airflow/example_dags/example_bash_operator.py for tasks to queue
[2023-08-24T04:38:57.110+0000] {logging_mixin.py:151} INFO - [2023-08-24T04:38:57.110+0000] {dagbag.py:539} INFO - Filling up the DagBag from /usr/local/lib/python3.8/dist-packages/airflow/example_dags/example_bash_operator.py
[2023-08-24T04:38:57.121+0000] {processor.py:839} INFO - DAG(s) dict_keys(['example_bash_operator']) retrieved from /usr/local/lib/python3.8/dist-packages/airflow/example_dags/example_bash_operator.py
[2023-08-24T04:38:57.143+0000] {logging_mixin.py:151} INFO - [2023-08-24T04:38:57.143+0000] {dag.py:2907} INFO - Sync 1 DAGs
[2023-08-24T04:38:57.160+0000] {logging_mixin.py:151} INFO - [2023-08-24T04:38:57.160+0000] {dag.py:3677} INFO - Setting next_dagrun for example_bash_operator to 2023-08-23T00:00:00+00:00, run_after=2023-08-24T00:00:00+00:00
[2023-08-24T04:38:57.177+0000] {processor.py:179} INFO - Processing /usr/local/lib/python3.8/dist-packages/airflow/example_dags/example_bash_operator.py took 0.073 seconds
[2023-08-24T04:39:58.953+0000] {processor.py:157} INFO - Started process (PID=43178) to work on /usr/local/lib/python3.8/dist-packages/airflow/example_dags/example_bash_operator.py
[2023-08-24T04:39:58.955+0000] {processor.py:829} INFO - Processing file /usr/local/lib/python3.8/dist-packages/airflow/example_dags/example_bash_operator.py for tasks to queue
[2023-08-24T04:39:58.956+0000] {logging_mixin.py:151} INFO - [2023-08-24T04:39:58.955+0000] {dagbag.py:539} INFO - Filling up the DagBag from /usr/local/lib/python3.8/dist-packages/airflow/example_dags/example_bash_operator.py
[2023-08-24T04:39:58.966+0000] {processor.py:839} INFO - DAG(s) dict_keys(['example_bash_operator']) retrieved from /usr/local/lib/python3.8/dist-packages/airflow/example_dags/example_bash_operator.py
[2023-08-24T04:39:58.989+0000] {logging_mixin.py:151} INFO - [2023-08-24T04:39:58.989+0000] {dag.py:2907} INFO - Sync 1 DAGs
[2023-08-24T04:39:59.006+0000] {logging_mixin.py:151} INFO - [2023-08-24T04:39:59.006+0000] {dag.py:3677} INFO - Setting next_dagrun for example_bash_operator to 2023-08-23T00:00:00+00:00, run_after=2023-08-24T00:00:00+00:00
[2023-08-24T04:39:59.024+0000] {processor.py:179} INFO - Processing /usr/local/lib/python3.8/dist-packages/airflow/example_dags/example_bash_operator.py took 0.074 seconds
[2023-08-24T04:40:59.643+0000] {processor.py:157} INFO - Started process (PID=43362) to work on /usr/local/lib/python3.8/dist-packages/airflow/example_dags/example_bash_operator.py
[2023-08-24T04:40:59.645+0000] {processor.py:829} INFO - Processing file /usr/local/lib/python3.8/dist-packages/airflow/example_dags/example_bash_operator.py for tasks to queue
[2023-08-24T04:40:59.646+0000] {logging_mixin.py:151} INFO - [2023-08-24T04:40:59.645+0000] {dagbag.py:539} INFO - Filling up the DagBag from /usr/local/lib/python3.8/dist-packages/airflow/example_dags/example_bash_operator.py
[2023-08-24T04:40:59.657+0000] {processor.py:839} INFO - DAG(s) dict_keys(['example_bash_operator']) retrieved from /usr/local/lib/python3.8/dist-packages/airflow/example_dags/example_bash_operator.py
[2023-08-24T04:40:59.680+0000] {logging_mixin.py:151} INFO - [2023-08-24T04:40:59.680+0000] {dag.py:2907} INFO - Sync 1 DAGs
[2023-08-24T04:40:59.701+0000] {logging_mixin.py:151} INFO - [2023-08-24T04:40:59.701+0000] {dag.py:3677} INFO - Setting next_dagrun for example_bash_operator to 2023-08-23T00:00:00+00:00, run_after=2023-08-24T00:00:00+00:00
[2023-08-24T04:40:59.719+0000] {processor.py:179} INFO - Processing /usr/local/lib/python3.8/dist-packages/airflow/example_dags/example_bash_operator.py took 0.080 seconds
[2023-08-24T04:41:59.842+0000] {processor.py:157} INFO - Started process (PID=43545) to work on /usr/local/lib/python3.8/dist-packages/airflow/example_dags/example_bash_operator.py
[2023-08-24T04:41:59.843+0000] {processor.py:829} INFO - Processing file /usr/local/lib/python3.8/dist-packages/airflow/example_dags/example_bash_operator.py for tasks to queue
[2023-08-24T04:41:59.844+0000] {logging_mixin.py:151} INFO - [2023-08-24T04:41:59.844+0000] {dagbag.py:539} INFO - Filling up the DagBag from /usr/local/lib/python3.8/dist-packages/airflow/example_dags/example_bash_operator.py
[2023-08-24T04:41:59.855+0000] {processor.py:839} INFO - DAG(s) dict_keys(['example_bash_operator']) retrieved from /usr/local/lib/python3.8/dist-packages/airflow/example_dags/example_bash_operator.py
[2023-08-24T04:41:59.877+0000] {logging_mixin.py:151} INFO - [2023-08-24T04:41:59.877+0000] {dag.py:2907} INFO - Sync 1 DAGs
[2023-08-24T04:41:59.894+0000] {logging_mixin.py:151} INFO - [2023-08-24T04:41:59.894+0000] {dag.py:3677} INFO - Setting next_dagrun for example_bash_operator to 2023-08-23T00:00:00+00:00, run_after=2023-08-24T00:00:00+00:00
[2023-08-24T04:41:59.911+0000] {processor.py:179} INFO - Processing /usr/local/lib/python3.8/dist-packages/airflow/example_dags/example_bash_operator.py took 0.073 seconds
[2023-08-24T04:43:27.637+0000] {processor.py:157} INFO - Started process (PID=43764) to work on /usr/local/lib/python3.8/dist-packages/airflow/example_dags/example_bash_operator.py
[2023-08-24T04:43:27.639+0000] {processor.py:829} INFO - Processing file /usr/local/lib/python3.8/dist-packages/airflow/example_dags/example_bash_operator.py for tasks to queue
[2023-08-24T04:43:27.640+0000] {logging_mixin.py:151} INFO - [2023-08-24T04:43:27.640+0000] {dagbag.py:539} INFO - Filling up the DagBag from /usr/local/lib/python3.8/dist-packages/airflow/example_dags/example_bash_operator.py
[2023-08-24T04:43:27.651+0000] {processor.py:839} INFO - DAG(s) dict_keys(['example_bash_operator']) retrieved from /usr/local/lib/python3.8/dist-packages/airflow/example_dags/example_bash_operator.py
[2023-08-24T04:43:27.673+0000] {logging_mixin.py:151} INFO - [2023-08-24T04:43:27.673+0000] {dag.py:2907} INFO - Sync 1 DAGs
[2023-08-24T04:43:27.690+0000] {logging_mixin.py:151} INFO - [2023-08-24T04:43:27.690+0000] {dag.py:3677} INFO - Setting next_dagrun for example_bash_operator to 2023-08-23T00:00:00+00:00, run_after=2023-08-24T00:00:00+00:00
[2023-08-24T04:43:27.707+0000] {processor.py:179} INFO - Processing /usr/local/lib/python3.8/dist-packages/airflow/example_dags/example_bash_operator.py took 0.074 seconds
[2023-08-24T04:44:28.402+0000] {processor.py:157} INFO - Started process (PID=43950) to work on /usr/local/lib/python3.8/dist-packages/airflow/example_dags/example_bash_operator.py
[2023-08-24T04:44:28.405+0000] {processor.py:829} INFO - Processing file /usr/local/lib/python3.8/dist-packages/airflow/example_dags/example_bash_operator.py for tasks to queue
[2023-08-24T04:44:28.406+0000] {logging_mixin.py:151} INFO - [2023-08-24T04:44:28.405+0000] {dagbag.py:539} INFO - Filling up the DagBag from /usr/local/lib/python3.8/dist-packages/airflow/example_dags/example_bash_operator.py
[2023-08-24T04:44:28.418+0000] {processor.py:839} INFO - DAG(s) dict_keys(['example_bash_operator']) retrieved from /usr/local/lib/python3.8/dist-packages/airflow/example_dags/example_bash_operator.py
[2023-08-24T04:44:28.445+0000] {logging_mixin.py:151} INFO - [2023-08-24T04:44:28.445+0000] {dag.py:2907} INFO - Sync 1 DAGs
[2023-08-24T04:44:28.464+0000] {logging_mixin.py:151} INFO - [2023-08-24T04:44:28.464+0000] {dag.py:3677} INFO - Setting next_dagrun for example_bash_operator to 2023-08-23T00:00:00+00:00, run_after=2023-08-24T00:00:00+00:00
[2023-08-24T04:44:28.482+0000] {processor.py:179} INFO - Processing /usr/local/lib/python3.8/dist-packages/airflow/example_dags/example_bash_operator.py took 0.084 seconds
[2023-08-24T04:45:29.462+0000] {processor.py:157} INFO - Started process (PID=44133) to work on /usr/local/lib/python3.8/dist-packages/airflow/example_dags/example_bash_operator.py
[2023-08-24T04:45:29.464+0000] {processor.py:829} INFO - Processing file /usr/local/lib/python3.8/dist-packages/airflow/example_dags/example_bash_operator.py for tasks to queue
[2023-08-24T04:45:29.465+0000] {logging_mixin.py:151} INFO - [2023-08-24T04:45:29.464+0000] {dagbag.py:539} INFO - Filling up the DagBag from /usr/local/lib/python3.8/dist-packages/airflow/example_dags/example_bash_operator.py
[2023-08-24T04:45:29.475+0000] {processor.py:839} INFO - DAG(s) dict_keys(['example_bash_operator']) retrieved from /usr/local/lib/python3.8/dist-packages/airflow/example_dags/example_bash_operator.py
[2023-08-24T04:45:29.498+0000] {logging_mixin.py:151} INFO - [2023-08-24T04:45:29.498+0000] {dag.py:2907} INFO - Sync 1 DAGs
[2023-08-24T04:45:29.515+0000] {logging_mixin.py:151} INFO - [2023-08-24T04:45:29.515+0000] {dag.py:3677} INFO - Setting next_dagrun for example_bash_operator to 2023-08-23T00:00:00+00:00, run_after=2023-08-24T00:00:00+00:00
[2023-08-24T04:45:29.532+0000] {processor.py:179} INFO - Processing /usr/local/lib/python3.8/dist-packages/airflow/example_dags/example_bash_operator.py took 0.074 seconds
[2023-08-24T04:46:31.045+0000] {processor.py:157} INFO - Started process (PID=44316) to work on /usr/local/lib/python3.8/dist-packages/airflow/example_dags/example_bash_operator.py
[2023-08-24T04:46:31.047+0000] {processor.py:829} INFO - Processing file /usr/local/lib/python3.8/dist-packages/airflow/example_dags/example_bash_operator.py for tasks to queue
[2023-08-24T04:46:31.048+0000] {logging_mixin.py:151} INFO - [2023-08-24T04:46:31.047+0000] {dagbag.py:539} INFO - Filling up the DagBag from /usr/local/lib/python3.8/dist-packages/airflow/example_dags/example_bash_operator.py
[2023-08-24T04:46:31.059+0000] {processor.py:839} INFO - DAG(s) dict_keys(['example_bash_operator']) retrieved from /usr/local/lib/python3.8/dist-packages/airflow/example_dags/example_bash_operator.py
[2023-08-24T04:46:31.081+0000] {logging_mixin.py:151} INFO - [2023-08-24T04:46:31.081+0000] {dag.py:2907} INFO - Sync 1 DAGs
[2023-08-24T04:46:31.099+0000] {logging_mixin.py:151} INFO - [2023-08-24T04:46:31.099+0000] {dag.py:3677} INFO - Setting next_dagrun for example_bash_operator to 2023-08-23T00:00:00+00:00, run_after=2023-08-24T00:00:00+00:00
[2023-08-24T04:46:31.118+0000] {processor.py:179} INFO - Processing /usr/local/lib/python3.8/dist-packages/airflow/example_dags/example_bash_operator.py took 0.076 seconds
[2023-08-24T04:47:33.738+0000] {processor.py:157} INFO - Started process (PID=44500) to work on /usr/local/lib/python3.8/dist-packages/airflow/example_dags/example_bash_operator.py
[2023-08-24T04:47:33.740+0000] {processor.py:829} INFO - Processing file /usr/local/lib/python3.8/dist-packages/airflow/example_dags/example_bash_operator.py for tasks to queue
[2023-08-24T04:47:33.741+0000] {logging_mixin.py:151} INFO - [2023-08-24T04:47:33.740+0000] {dagbag.py:539} INFO - Filling up the DagBag from /usr/local/lib/python3.8/dist-packages/airflow/example_dags/example_bash_operator.py
[2023-08-24T04:47:33.752+0000] {processor.py:839} INFO - DAG(s) dict_keys(['example_bash_operator']) retrieved from /usr/local/lib/python3.8/dist-packages/airflow/example_dags/example_bash_operator.py
[2023-08-24T04:47:33.776+0000] {logging_mixin.py:151} INFO - [2023-08-24T04:47:33.776+0000] {dag.py:2907} INFO - Sync 1 DAGs
[2023-08-24T04:47:33.795+0000] {logging_mixin.py:151} INFO - [2023-08-24T04:47:33.794+0000] {dag.py:3677} INFO - Setting next_dagrun for example_bash_operator to 2023-08-23T00:00:00+00:00, run_after=2023-08-24T00:00:00+00:00
[2023-08-24T04:47:33.813+0000] {processor.py:179} INFO - Processing /usr/local/lib/python3.8/dist-packages/airflow/example_dags/example_bash_operator.py took 0.078 seconds
[2023-08-24T04:48:34.910+0000] {processor.py:157} INFO - Started process (PID=44683) to work on /usr/local/lib/python3.8/dist-packages/airflow/example_dags/example_bash_operator.py
[2023-08-24T04:48:34.912+0000] {processor.py:829} INFO - Processing file /usr/local/lib/python3.8/dist-packages/airflow/example_dags/example_bash_operator.py for tasks to queue
[2023-08-24T04:48:34.913+0000] {logging_mixin.py:151} INFO - [2023-08-24T04:48:34.913+0000] {dagbag.py:539} INFO - Filling up the DagBag from /usr/local/lib/python3.8/dist-packages/airflow/example_dags/example_bash_operator.py
[2023-08-24T04:48:34.924+0000] {processor.py:839} INFO - DAG(s) dict_keys(['example_bash_operator']) retrieved from /usr/local/lib/python3.8/dist-packages/airflow/example_dags/example_bash_operator.py
[2023-08-24T04:48:34.946+0000] {logging_mixin.py:151} INFO - [2023-08-24T04:48:34.946+0000] {dag.py:2907} INFO - Sync 1 DAGs
[2023-08-24T04:48:34.964+0000] {logging_mixin.py:151} INFO - [2023-08-24T04:48:34.963+0000] {dag.py:3677} INFO - Setting next_dagrun for example_bash_operator to 2023-08-23T00:00:00+00:00, run_after=2023-08-24T00:00:00+00:00
[2023-08-24T04:48:34.981+0000] {processor.py:179} INFO - Processing /usr/local/lib/python3.8/dist-packages/airflow/example_dags/example_bash_operator.py took 0.074 seconds
[2023-08-24T04:49:37.242+0000] {processor.py:157} INFO - Started process (PID=44867) to work on /usr/local/lib/python3.8/dist-packages/airflow/example_dags/example_bash_operator.py
[2023-08-24T04:49:37.244+0000] {processor.py:829} INFO - Processing file /usr/local/lib/python3.8/dist-packages/airflow/example_dags/example_bash_operator.py for tasks to queue
[2023-08-24T04:49:37.245+0000] {logging_mixin.py:151} INFO - [2023-08-24T04:49:37.244+0000] {dagbag.py:539} INFO - Filling up the DagBag from /usr/local/lib/python3.8/dist-packages/airflow/example_dags/example_bash_operator.py
[2023-08-24T04:49:37.256+0000] {processor.py:839} INFO - DAG(s) dict_keys(['example_bash_operator']) retrieved from /usr/local/lib/python3.8/dist-packages/airflow/example_dags/example_bash_operator.py
[2023-08-24T04:49:37.279+0000] {logging_mixin.py:151} INFO - [2023-08-24T04:49:37.279+0000] {dag.py:2907} INFO - Sync 1 DAGs
[2023-08-24T04:49:37.297+0000] {logging_mixin.py:151} INFO - [2023-08-24T04:49:37.297+0000] {dag.py:3677} INFO - Setting next_dagrun for example_bash_operator to 2023-08-23T00:00:00+00:00, run_after=2023-08-24T00:00:00+00:00
[2023-08-24T04:49:37.316+0000] {processor.py:179} INFO - Processing /usr/local/lib/python3.8/dist-packages/airflow/example_dags/example_bash_operator.py took 0.077 seconds
[2023-08-24T04:50:35.661+0000] {processor.py:157} INFO - Started process (PID=45052) to work on /usr/local/lib/python3.8/dist-packages/airflow/example_dags/example_bash_operator.py
[2023-08-24T04:50:35.663+0000] {processor.py:829} INFO - Processing file /usr/local/lib/python3.8/dist-packages/airflow/example_dags/example_bash_operator.py for tasks to queue
[2023-08-24T04:50:35.664+0000] {logging_mixin.py:151} INFO - [2023-08-24T04:50:35.664+0000] {dagbag.py:539} INFO - Filling up the DagBag from /usr/local/lib/python3.8/dist-packages/airflow/example_dags/example_bash_operator.py
[2023-08-24T04:50:35.676+0000] {processor.py:839} INFO - DAG(s) dict_keys(['example_bash_operator']) retrieved from /usr/local/lib/python3.8/dist-packages/airflow/example_dags/example_bash_operator.py
[2023-08-24T04:50:35.698+0000] {logging_mixin.py:151} INFO - [2023-08-24T04:50:35.698+0000] {dag.py:2907} INFO - Sync 1 DAGs
[2023-08-24T04:50:35.715+0000] {logging_mixin.py:151} INFO - [2023-08-24T04:50:35.715+0000] {dag.py:3677} INFO - Setting next_dagrun for example_bash_operator to 2023-08-23T00:00:00+00:00, run_after=2023-08-24T00:00:00+00:00
[2023-08-24T04:50:35.734+0000] {processor.py:179} INFO - Processing /usr/local/lib/python3.8/dist-packages/airflow/example_dags/example_bash_operator.py took 0.076 seconds
[2023-08-24T04:51:36.806+0000] {processor.py:157} INFO - Started process (PID=45235) to work on /usr/local/lib/python3.8/dist-packages/airflow/example_dags/example_bash_operator.py
[2023-08-24T04:51:36.808+0000] {processor.py:829} INFO - Processing file /usr/local/lib/python3.8/dist-packages/airflow/example_dags/example_bash_operator.py for tasks to queue
[2023-08-24T04:51:36.809+0000] {logging_mixin.py:151} INFO - [2023-08-24T04:51:36.808+0000] {dagbag.py:539} INFO - Filling up the DagBag from /usr/local/lib/python3.8/dist-packages/airflow/example_dags/example_bash_operator.py
[2023-08-24T04:51:36.820+0000] {processor.py:839} INFO - DAG(s) dict_keys(['example_bash_operator']) retrieved from /usr/local/lib/python3.8/dist-packages/airflow/example_dags/example_bash_operator.py
[2023-08-24T04:51:36.842+0000] {logging_mixin.py:151} INFO - [2023-08-24T04:51:36.842+0000] {dag.py:2907} INFO - Sync 1 DAGs
[2023-08-24T04:51:36.859+0000] {logging_mixin.py:151} INFO - [2023-08-24T04:51:36.859+0000] {dag.py:3677} INFO - Setting next_dagrun for example_bash_operator to 2023-08-23T00:00:00+00:00, run_after=2023-08-24T00:00:00+00:00
[2023-08-24T04:51:36.877+0000] {processor.py:179} INFO - Processing /usr/local/lib/python3.8/dist-packages/airflow/example_dags/example_bash_operator.py took 0.074 seconds
[2023-08-24T04:52:39.013+0000] {processor.py:157} INFO - Started process (PID=45418) to work on /usr/local/lib/python3.8/dist-packages/airflow/example_dags/example_bash_operator.py
[2023-08-24T04:52:39.015+0000] {processor.py:829} INFO - Processing file /usr/local/lib/python3.8/dist-packages/airflow/example_dags/example_bash_operator.py for tasks to queue
[2023-08-24T04:52:39.016+0000] {logging_mixin.py:151} INFO - [2023-08-24T04:52:39.016+0000] {dagbag.py:539} INFO - Filling up the DagBag from /usr/local/lib/python3.8/dist-packages/airflow/example_dags/example_bash_operator.py
[2023-08-24T04:52:39.027+0000] {processor.py:839} INFO - DAG(s) dict_keys(['example_bash_operator']) retrieved from /usr/local/lib/python3.8/dist-packages/airflow/example_dags/example_bash_operator.py
[2023-08-24T04:52:39.049+0000] {logging_mixin.py:151} INFO - [2023-08-24T04:52:39.049+0000] {dag.py:2907} INFO - Sync 1 DAGs
[2023-08-24T04:52:39.065+0000] {logging_mixin.py:151} INFO - [2023-08-24T04:52:39.065+0000] {dag.py:3677} INFO - Setting next_dagrun for example_bash_operator to 2023-08-23T00:00:00+00:00, run_after=2023-08-24T00:00:00+00:00
[2023-08-24T04:52:39.082+0000] {processor.py:179} INFO - Processing /usr/local/lib/python3.8/dist-packages/airflow/example_dags/example_bash_operator.py took 0.072 seconds
[2023-08-24T04:53:41.231+0000] {processor.py:157} INFO - Started process (PID=45607) to work on /usr/local/lib/python3.8/dist-packages/airflow/example_dags/example_bash_operator.py
[2023-08-24T04:53:41.233+0000] {processor.py:829} INFO - Processing file /usr/local/lib/python3.8/dist-packages/airflow/example_dags/example_bash_operator.py for tasks to queue
[2023-08-24T04:53:41.233+0000] {logging_mixin.py:151} INFO - [2023-08-24T04:53:41.233+0000] {dagbag.py:539} INFO - Filling up the DagBag from /usr/local/lib/python3.8/dist-packages/airflow/example_dags/example_bash_operator.py
[2023-08-24T04:53:41.244+0000] {processor.py:839} INFO - DAG(s) dict_keys(['example_bash_operator']) retrieved from /usr/local/lib/python3.8/dist-packages/airflow/example_dags/example_bash_operator.py
[2023-08-24T04:53:41.267+0000] {logging_mixin.py:151} INFO - [2023-08-24T04:53:41.267+0000] {dag.py:2907} INFO - Sync 1 DAGs
[2023-08-24T04:53:41.284+0000] {logging_mixin.py:151} INFO - [2023-08-24T04:53:41.284+0000] {dag.py:3677} INFO - Setting next_dagrun for example_bash_operator to 2023-08-23T00:00:00+00:00, run_after=2023-08-24T00:00:00+00:00
[2023-08-24T04:53:41.302+0000] {processor.py:179} INFO - Processing /usr/local/lib/python3.8/dist-packages/airflow/example_dags/example_bash_operator.py took 0.074 seconds
[2023-08-24T04:54:41.824+0000] {processor.py:157} INFO - Started process (PID=45790) to work on /usr/local/lib/python3.8/dist-packages/airflow/example_dags/example_bash_operator.py
[2023-08-24T04:54:41.825+0000] {processor.py:829} INFO - Processing file /usr/local/lib/python3.8/dist-packages/airflow/example_dags/example_bash_operator.py for tasks to queue
[2023-08-24T04:54:41.826+0000] {logging_mixin.py:151} INFO - [2023-08-24T04:54:41.826+0000] {dagbag.py:539} INFO - Filling up the DagBag from /usr/local/lib/python3.8/dist-packages/airflow/example_dags/example_bash_operator.py
[2023-08-24T04:54:41.837+0000] {processor.py:839} INFO - DAG(s) dict_keys(['example_bash_operator']) retrieved from /usr/local/lib/python3.8/dist-packages/airflow/example_dags/example_bash_operator.py
[2023-08-24T04:54:41.859+0000] {logging_mixin.py:151} INFO - [2023-08-24T04:54:41.859+0000] {dag.py:2907} INFO - Sync 1 DAGs
[2023-08-24T04:54:41.876+0000] {logging_mixin.py:151} INFO - [2023-08-24T04:54:41.876+0000] {dag.py:3677} INFO - Setting next_dagrun for example_bash_operator to 2023-08-23T00:00:00+00:00, run_after=2023-08-24T00:00:00+00:00
[2023-08-24T04:54:41.894+0000] {processor.py:179} INFO - Processing /usr/local/lib/python3.8/dist-packages/airflow/example_dags/example_bash_operator.py took 0.074 seconds
[2023-08-24T04:55:41.163+0000] {processor.py:157} INFO - Started process (PID=45973) to work on /usr/local/lib/python3.8/dist-packages/airflow/example_dags/example_bash_operator.py
[2023-08-24T04:55:41.165+0000] {processor.py:829} INFO - Processing file /usr/local/lib/python3.8/dist-packages/airflow/example_dags/example_bash_operator.py for tasks to queue
[2023-08-24T04:55:41.165+0000] {logging_mixin.py:151} INFO - [2023-08-24T04:55:41.165+0000] {dagbag.py:539} INFO - Filling up the DagBag from /usr/local/lib/python3.8/dist-packages/airflow/example_dags/example_bash_operator.py
[2023-08-24T04:55:41.177+0000] {processor.py:839} INFO - DAG(s) dict_keys(['example_bash_operator']) retrieved from /usr/local/lib/python3.8/dist-packages/airflow/example_dags/example_bash_operator.py
[2023-08-24T04:55:41.199+0000] {logging_mixin.py:151} INFO - [2023-08-24T04:55:41.199+0000] {dag.py:2907} INFO - Sync 1 DAGs
[2023-08-24T04:55:41.217+0000] {logging_mixin.py:151} INFO - [2023-08-24T04:55:41.217+0000] {dag.py:3677} INFO - Setting next_dagrun for example_bash_operator to 2023-08-23T00:00:00+00:00, run_after=2023-08-24T00:00:00+00:00
[2023-08-24T04:55:41.235+0000] {processor.py:179} INFO - Processing /usr/local/lib/python3.8/dist-packages/airflow/example_dags/example_bash_operator.py took 0.075 seconds
[2023-08-24T04:56:45.926+0000] {processor.py:157} INFO - Started process (PID=46161) to work on /usr/local/lib/python3.8/dist-packages/airflow/example_dags/example_bash_operator.py
[2023-08-24T04:56:45.927+0000] {processor.py:829} INFO - Processing file /usr/local/lib/python3.8/dist-packages/airflow/example_dags/example_bash_operator.py for tasks to queue
[2023-08-24T04:56:45.928+0000] {logging_mixin.py:151} INFO - [2023-08-24T04:56:45.928+0000] {dagbag.py:539} INFO - Filling up the DagBag from /usr/local/lib/python3.8/dist-packages/airflow/example_dags/example_bash_operator.py
[2023-08-24T04:56:45.939+0000] {processor.py:839} INFO - DAG(s) dict_keys(['example_bash_operator']) retrieved from /usr/local/lib/python3.8/dist-packages/airflow/example_dags/example_bash_operator.py
[2023-08-24T04:56:45.962+0000] {logging_mixin.py:151} INFO - [2023-08-24T04:56:45.962+0000] {dag.py:2907} INFO - Sync 1 DAGs
[2023-08-24T04:56:45.979+0000] {logging_mixin.py:151} INFO - [2023-08-24T04:56:45.979+0000] {dag.py:3677} INFO - Setting next_dagrun for example_bash_operator to 2023-08-23T00:00:00+00:00, run_after=2023-08-24T00:00:00+00:00
[2023-08-24T04:56:45.997+0000] {processor.py:179} INFO - Processing /usr/local/lib/python3.8/dist-packages/airflow/example_dags/example_bash_operator.py took 0.075 seconds
[2023-08-24T04:57:50.370+0000] {processor.py:157} INFO - Started process (PID=46357) to work on /usr/local/lib/python3.8/dist-packages/airflow/example_dags/example_bash_operator.py
[2023-08-24T04:57:50.371+0000] {processor.py:829} INFO - Processing file /usr/local/lib/python3.8/dist-packages/airflow/example_dags/example_bash_operator.py for tasks to queue
[2023-08-24T04:57:50.372+0000] {logging_mixin.py:151} INFO - [2023-08-24T04:57:50.372+0000] {dagbag.py:539} INFO - Filling up the DagBag from /usr/local/lib/python3.8/dist-packages/airflow/example_dags/example_bash_operator.py
[2023-08-24T04:57:50.385+0000] {processor.py:839} INFO - DAG(s) dict_keys(['example_bash_operator']) retrieved from /usr/local/lib/python3.8/dist-packages/airflow/example_dags/example_bash_operator.py
[2023-08-24T04:57:50.545+0000] {logging_mixin.py:151} INFO - [2023-08-24T04:57:50.545+0000] {dag.py:2907} INFO - Sync 1 DAGs
[2023-08-24T04:57:50.560+0000] {logging_mixin.py:151} INFO - [2023-08-24T04:57:50.559+0000] {dag.py:3677} INFO - Setting next_dagrun for example_bash_operator to 2023-08-23T00:00:00+00:00, run_after=2023-08-24T00:00:00+00:00
[2023-08-24T04:57:50.576+0000] {processor.py:179} INFO - Processing /usr/local/lib/python3.8/dist-packages/airflow/example_dags/example_bash_operator.py took 0.211 seconds
[2023-08-24T04:58:52.584+0000] {processor.py:157} INFO - Started process (PID=46541) to work on /usr/local/lib/python3.8/dist-packages/airflow/example_dags/example_bash_operator.py
[2023-08-24T04:58:52.586+0000] {processor.py:829} INFO - Processing file /usr/local/lib/python3.8/dist-packages/airflow/example_dags/example_bash_operator.py for tasks to queue
[2023-08-24T04:58:52.587+0000] {logging_mixin.py:151} INFO - [2023-08-24T04:58:52.586+0000] {dagbag.py:539} INFO - Filling up the DagBag from /usr/local/lib/python3.8/dist-packages/airflow/example_dags/example_bash_operator.py
[2023-08-24T04:58:52.599+0000] {processor.py:839} INFO - DAG(s) dict_keys(['example_bash_operator']) retrieved from /usr/local/lib/python3.8/dist-packages/airflow/example_dags/example_bash_operator.py
[2023-08-24T04:58:52.624+0000] {logging_mixin.py:151} INFO - [2023-08-24T04:58:52.624+0000] {dag.py:2907} INFO - Sync 1 DAGs
[2023-08-24T04:58:52.643+0000] {logging_mixin.py:151} INFO - [2023-08-24T04:58:52.643+0000] {dag.py:3677} INFO - Setting next_dagrun for example_bash_operator to 2023-08-23T00:00:00+00:00, run_after=2023-08-24T00:00:00+00:00
[2023-08-24T04:58:52.787+0000] {processor.py:179} INFO - Processing /usr/local/lib/python3.8/dist-packages/airflow/example_dags/example_bash_operator.py took 0.207 seconds
[2023-08-24T04:59:56.785+0000] {processor.py:157} INFO - Started process (PID=46724) to work on /usr/local/lib/python3.8/dist-packages/airflow/example_dags/example_bash_operator.py
[2023-08-24T04:59:56.786+0000] {processor.py:829} INFO - Processing file /usr/local/lib/python3.8/dist-packages/airflow/example_dags/example_bash_operator.py for tasks to queue
[2023-08-24T04:59:56.787+0000] {logging_mixin.py:151} INFO - [2023-08-24T04:59:56.786+0000] {dagbag.py:539} INFO - Filling up the DagBag from /usr/local/lib/python3.8/dist-packages/airflow/example_dags/example_bash_operator.py
[2023-08-24T04:59:56.798+0000] {processor.py:839} INFO - DAG(s) dict_keys(['example_bash_operator']) retrieved from /usr/local/lib/python3.8/dist-packages/airflow/example_dags/example_bash_operator.py
[2023-08-24T04:59:56.820+0000] {logging_mixin.py:151} INFO - [2023-08-24T04:59:56.820+0000] {dag.py:2907} INFO - Sync 1 DAGs
[2023-08-24T04:59:56.837+0000] {logging_mixin.py:151} INFO - [2023-08-24T04:59:56.837+0000] {dag.py:3677} INFO - Setting next_dagrun for example_bash_operator to 2023-08-23T00:00:00+00:00, run_after=2023-08-24T00:00:00+00:00
[2023-08-24T04:59:56.854+0000] {processor.py:179} INFO - Processing /usr/local/lib/python3.8/dist-packages/airflow/example_dags/example_bash_operator.py took 0.073 seconds
[2023-08-24T05:00:55.905+0000] {processor.py:157} INFO - Started process (PID=46909) to work on /usr/local/lib/python3.8/dist-packages/airflow/example_dags/example_bash_operator.py
[2023-08-24T05:00:55.907+0000] {processor.py:829} INFO - Processing file /usr/local/lib/python3.8/dist-packages/airflow/example_dags/example_bash_operator.py for tasks to queue
[2023-08-24T05:00:55.908+0000] {logging_mixin.py:151} INFO - [2023-08-24T05:00:55.907+0000] {dagbag.py:539} INFO - Filling up the DagBag from /usr/local/lib/python3.8/dist-packages/airflow/example_dags/example_bash_operator.py
[2023-08-24T05:00:55.919+0000] {processor.py:839} INFO - DAG(s) dict_keys(['example_bash_operator']) retrieved from /usr/local/lib/python3.8/dist-packages/airflow/example_dags/example_bash_operator.py
[2023-08-24T05:00:55.941+0000] {logging_mixin.py:151} INFO - [2023-08-24T05:00:55.941+0000] {dag.py:2907} INFO - Sync 1 DAGs
[2023-08-24T05:00:55.958+0000] {logging_mixin.py:151} INFO - [2023-08-24T05:00:55.958+0000] {dag.py:3677} INFO - Setting next_dagrun for example_bash_operator to 2023-08-23T00:00:00+00:00, run_after=2023-08-24T00:00:00+00:00
[2023-08-24T05:00:55.975+0000] {processor.py:179} INFO - Processing /usr/local/lib/python3.8/dist-packages/airflow/example_dags/example_bash_operator.py took 0.074 seconds
[2023-08-24T05:01:55.013+0000] {processor.py:157} INFO - Started process (PID=47107) to work on /usr/local/lib/python3.8/dist-packages/airflow/example_dags/example_bash_operator.py
[2023-08-24T05:01:55.015+0000] {processor.py:829} INFO - Processing file /usr/local/lib/python3.8/dist-packages/airflow/example_dags/example_bash_operator.py for tasks to queue
[2023-08-24T05:01:55.016+0000] {logging_mixin.py:151} INFO - [2023-08-24T05:01:55.016+0000] {dagbag.py:539} INFO - Filling up the DagBag from /usr/local/lib/python3.8/dist-packages/airflow/example_dags/example_bash_operator.py
[2023-08-24T05:01:55.027+0000] {processor.py:839} INFO - DAG(s) dict_keys(['example_bash_operator']) retrieved from /usr/local/lib/python3.8/dist-packages/airflow/example_dags/example_bash_operator.py
[2023-08-24T05:01:55.050+0000] {logging_mixin.py:151} INFO - [2023-08-24T05:01:55.050+0000] {dag.py:2907} INFO - Sync 1 DAGs
[2023-08-24T05:01:55.067+0000] {logging_mixin.py:151} INFO - [2023-08-24T05:01:55.067+0000] {dag.py:3677} INFO - Setting next_dagrun for example_bash_operator to 2023-08-23T00:00:00+00:00, run_after=2023-08-24T00:00:00+00:00
[2023-08-24T05:01:55.085+0000] {processor.py:179} INFO - Processing /usr/local/lib/python3.8/dist-packages/airflow/example_dags/example_bash_operator.py took 0.075 seconds
[2023-08-24T05:02:55.540+0000] {processor.py:157} INFO - Started process (PID=47291) to work on /usr/local/lib/python3.8/dist-packages/airflow/example_dags/example_bash_operator.py
[2023-08-24T05:02:55.542+0000] {processor.py:829} INFO - Processing file /usr/local/lib/python3.8/dist-packages/airflow/example_dags/example_bash_operator.py for tasks to queue
[2023-08-24T05:02:55.543+0000] {logging_mixin.py:151} INFO - [2023-08-24T05:02:55.542+0000] {dagbag.py:539} INFO - Filling up the DagBag from /usr/local/lib/python3.8/dist-packages/airflow/example_dags/example_bash_operator.py
[2023-08-24T05:02:55.554+0000] {processor.py:839} INFO - DAG(s) dict_keys(['example_bash_operator']) retrieved from /usr/local/lib/python3.8/dist-packages/airflow/example_dags/example_bash_operator.py
[2023-08-24T05:02:55.576+0000] {logging_mixin.py:151} INFO - [2023-08-24T05:02:55.576+0000] {dag.py:2907} INFO - Sync 1 DAGs
[2023-08-24T05:02:55.594+0000] {logging_mixin.py:151} INFO - [2023-08-24T05:02:55.593+0000] {dag.py:3677} INFO - Setting next_dagrun for example_bash_operator to 2023-08-23T00:00:00+00:00, run_after=2023-08-24T00:00:00+00:00
[2023-08-24T05:02:55.612+0000] {processor.py:179} INFO - Processing /usr/local/lib/python3.8/dist-packages/airflow/example_dags/example_bash_operator.py took 0.075 seconds
[2023-08-24T05:03:56.344+0000] {processor.py:157} INFO - Started process (PID=47480) to work on /usr/local/lib/python3.8/dist-packages/airflow/example_dags/example_bash_operator.py
[2023-08-24T05:03:56.346+0000] {processor.py:829} INFO - Processing file /usr/local/lib/python3.8/dist-packages/airflow/example_dags/example_bash_operator.py for tasks to queue
[2023-08-24T05:03:56.347+0000] {logging_mixin.py:151} INFO - [2023-08-24T05:03:56.346+0000] {dagbag.py:539} INFO - Filling up the DagBag from /usr/local/lib/python3.8/dist-packages/airflow/example_dags/example_bash_operator.py
[2023-08-24T05:03:56.361+0000] {processor.py:839} INFO - DAG(s) dict_keys(['example_bash_operator']) retrieved from /usr/local/lib/python3.8/dist-packages/airflow/example_dags/example_bash_operator.py
[2023-08-24T05:03:56.387+0000] {logging_mixin.py:151} INFO - [2023-08-24T05:03:56.387+0000] {dag.py:2907} INFO - Sync 1 DAGs
[2023-08-24T05:03:56.405+0000] {logging_mixin.py:151} INFO - [2023-08-24T05:03:56.404+0000] {dag.py:3677} INFO - Setting next_dagrun for example_bash_operator to 2023-08-23T00:00:00+00:00, run_after=2023-08-24T00:00:00+00:00
[2023-08-24T05:03:56.423+0000] {processor.py:179} INFO - Processing /usr/local/lib/python3.8/dist-packages/airflow/example_dags/example_bash_operator.py took 0.083 seconds
[2023-08-24T05:04:54.405+0000] {processor.py:157} INFO - Started process (PID=47662) to work on /usr/local/lib/python3.8/dist-packages/airflow/example_dags/example_bash_operator.py
[2023-08-24T05:04:54.410+0000] {processor.py:829} INFO - Processing file /usr/local/lib/python3.8/dist-packages/airflow/example_dags/example_bash_operator.py for tasks to queue
[2023-08-24T05:04:54.410+0000] {logging_mixin.py:151} INFO - [2023-08-24T05:04:54.410+0000] {dagbag.py:539} INFO - Filling up the DagBag from /usr/local/lib/python3.8/dist-packages/airflow/example_dags/example_bash_operator.py
[2023-08-24T05:04:54.422+0000] {processor.py:839} INFO - DAG(s) dict_keys(['example_bash_operator']) retrieved from /usr/local/lib/python3.8/dist-packages/airflow/example_dags/example_bash_operator.py
[2023-08-24T05:04:54.445+0000] {logging_mixin.py:151} INFO - [2023-08-24T05:04:54.445+0000] {dag.py:2907} INFO - Sync 1 DAGs
[2023-08-24T05:04:54.464+0000] {logging_mixin.py:151} INFO - [2023-08-24T05:04:54.464+0000] {dag.py:3677} INFO - Setting next_dagrun for example_bash_operator to 2023-08-23T00:00:00+00:00, run_after=2023-08-24T00:00:00+00:00
[2023-08-24T05:04:54.483+0000] {processor.py:179} INFO - Processing /usr/local/lib/python3.8/dist-packages/airflow/example_dags/example_bash_operator.py took 0.082 seconds
[2023-08-24T05:05:53.399+0000] {processor.py:157} INFO - Started process (PID=47858) to work on /usr/local/lib/python3.8/dist-packages/airflow/example_dags/example_bash_operator.py
[2023-08-24T05:05:53.401+0000] {processor.py:829} INFO - Processing file /usr/local/lib/python3.8/dist-packages/airflow/example_dags/example_bash_operator.py for tasks to queue
[2023-08-24T05:05:53.402+0000] {logging_mixin.py:151} INFO - [2023-08-24T05:05:53.401+0000] {dagbag.py:539} INFO - Filling up the DagBag from /usr/local/lib/python3.8/dist-packages/airflow/example_dags/example_bash_operator.py
[2023-08-24T05:05:53.413+0000] {processor.py:839} INFO - DAG(s) dict_keys(['example_bash_operator']) retrieved from /usr/local/lib/python3.8/dist-packages/airflow/example_dags/example_bash_operator.py
[2023-08-24T05:05:53.435+0000] {logging_mixin.py:151} INFO - [2023-08-24T05:05:53.435+0000] {dag.py:2907} INFO - Sync 1 DAGs
[2023-08-24T05:05:53.451+0000] {logging_mixin.py:151} INFO - [2023-08-24T05:05:53.451+0000] {dag.py:3677} INFO - Setting next_dagrun for example_bash_operator to 2023-08-23T00:00:00+00:00, run_after=2023-08-24T00:00:00+00:00
[2023-08-24T05:05:53.469+0000] {processor.py:179} INFO - Processing /usr/local/lib/python3.8/dist-packages/airflow/example_dags/example_bash_operator.py took 0.074 seconds
[2023-08-24T05:06:51.487+0000] {processor.py:157} INFO - Started process (PID=48055) to work on /usr/local/lib/python3.8/dist-packages/airflow/example_dags/example_bash_operator.py
[2023-08-24T05:06:51.489+0000] {processor.py:829} INFO - Processing file /usr/local/lib/python3.8/dist-packages/airflow/example_dags/example_bash_operator.py for tasks to queue
[2023-08-24T05:06:51.490+0000] {logging_mixin.py:151} INFO - [2023-08-24T05:06:51.490+0000] {dagbag.py:539} INFO - Filling up the DagBag from /usr/local/lib/python3.8/dist-packages/airflow/example_dags/example_bash_operator.py
[2023-08-24T05:06:51.501+0000] {processor.py:839} INFO - DAG(s) dict_keys(['example_bash_operator']) retrieved from /usr/local/lib/python3.8/dist-packages/airflow/example_dags/example_bash_operator.py
[2023-08-24T05:06:51.524+0000] {logging_mixin.py:151} INFO - [2023-08-24T05:06:51.523+0000] {dag.py:2907} INFO - Sync 1 DAGs
[2023-08-24T05:06:51.541+0000] {logging_mixin.py:151} INFO - [2023-08-24T05:06:51.540+0000] {dag.py:3677} INFO - Setting next_dagrun for example_bash_operator to 2023-08-23T00:00:00+00:00, run_after=2023-08-24T00:00:00+00:00
[2023-08-24T05:06:51.558+0000] {processor.py:179} INFO - Processing /usr/local/lib/python3.8/dist-packages/airflow/example_dags/example_bash_operator.py took 0.075 seconds
[2023-08-24T05:08:17.026+0000] {processor.py:157} INFO - Started process (PID=48389) to work on /usr/local/lib/python3.8/dist-packages/airflow/example_dags/example_bash_operator.py
[2023-08-24T05:08:17.028+0000] {processor.py:829} INFO - Processing file /usr/local/lib/python3.8/dist-packages/airflow/example_dags/example_bash_operator.py for tasks to queue
[2023-08-24T05:08:17.028+0000] {logging_mixin.py:151} INFO - [2023-08-24T05:08:17.028+0000] {dagbag.py:539} INFO - Filling up the DagBag from /usr/local/lib/python3.8/dist-packages/airflow/example_dags/example_bash_operator.py
[2023-08-24T05:08:17.040+0000] {processor.py:839} INFO - DAG(s) dict_keys(['example_bash_operator']) retrieved from /usr/local/lib/python3.8/dist-packages/airflow/example_dags/example_bash_operator.py
[2023-08-24T05:08:17.062+0000] {logging_mixin.py:151} INFO - [2023-08-24T05:08:17.062+0000] {dag.py:2907} INFO - Sync 1 DAGs
[2023-08-24T05:08:17.080+0000] {logging_mixin.py:151} INFO - [2023-08-24T05:08:17.080+0000] {dag.py:3677} INFO - Setting next_dagrun for example_bash_operator to 2023-08-23T00:00:00+00:00, run_after=2023-08-24T00:00:00+00:00
[2023-08-24T05:08:17.098+0000] {processor.py:179} INFO - Processing /usr/local/lib/python3.8/dist-packages/airflow/example_dags/example_bash_operator.py took 0.076 seconds
[2023-08-24T05:09:19.438+0000] {processor.py:157} INFO - Started process (PID=48586) to work on /usr/local/lib/python3.8/dist-packages/airflow/example_dags/example_bash_operator.py
[2023-08-24T05:09:19.440+0000] {processor.py:829} INFO - Processing file /usr/local/lib/python3.8/dist-packages/airflow/example_dags/example_bash_operator.py for tasks to queue
[2023-08-24T05:09:19.441+0000] {logging_mixin.py:151} INFO - [2023-08-24T05:09:19.440+0000] {dagbag.py:539} INFO - Filling up the DagBag from /usr/local/lib/python3.8/dist-packages/airflow/example_dags/example_bash_operator.py
[2023-08-24T05:09:19.452+0000] {processor.py:839} INFO - DAG(s) dict_keys(['example_bash_operator']) retrieved from /usr/local/lib/python3.8/dist-packages/airflow/example_dags/example_bash_operator.py
[2023-08-24T05:09:19.475+0000] {logging_mixin.py:151} INFO - [2023-08-24T05:09:19.475+0000] {dag.py:2907} INFO - Sync 1 DAGs
[2023-08-24T05:09:19.494+0000] {logging_mixin.py:151} INFO - [2023-08-24T05:09:19.494+0000] {dag.py:3677} INFO - Setting next_dagrun for example_bash_operator to 2023-08-23T00:00:00+00:00, run_after=2023-08-24T00:00:00+00:00
[2023-08-24T05:09:19.512+0000] {processor.py:179} INFO - Processing /usr/local/lib/python3.8/dist-packages/airflow/example_dags/example_bash_operator.py took 0.078 seconds
[2023-08-24T05:10:18.460+0000] {processor.py:157} INFO - Started process (PID=48769) to work on /usr/local/lib/python3.8/dist-packages/airflow/example_dags/example_bash_operator.py
[2023-08-24T05:10:18.462+0000] {processor.py:829} INFO - Processing file /usr/local/lib/python3.8/dist-packages/airflow/example_dags/example_bash_operator.py for tasks to queue
[2023-08-24T05:10:18.462+0000] {logging_mixin.py:151} INFO - [2023-08-24T05:10:18.462+0000] {dagbag.py:539} INFO - Filling up the DagBag from /usr/local/lib/python3.8/dist-packages/airflow/example_dags/example_bash_operator.py
[2023-08-24T05:10:18.474+0000] {processor.py:839} INFO - DAG(s) dict_keys(['example_bash_operator']) retrieved from /usr/local/lib/python3.8/dist-packages/airflow/example_dags/example_bash_operator.py
[2023-08-24T05:10:18.497+0000] {logging_mixin.py:151} INFO - [2023-08-24T05:10:18.497+0000] {dag.py:2907} INFO - Sync 1 DAGs
[2023-08-24T05:10:18.516+0000] {logging_mixin.py:151} INFO - [2023-08-24T05:10:18.516+0000] {dag.py:3677} INFO - Setting next_dagrun for example_bash_operator to 2023-08-23T00:00:00+00:00, run_after=2023-08-24T00:00:00+00:00
[2023-08-24T05:10:18.534+0000] {processor.py:179} INFO - Processing /usr/local/lib/python3.8/dist-packages/airflow/example_dags/example_bash_operator.py took 0.078 seconds
[2023-08-24T05:11:33.833+0000] {processor.py:157} INFO - Started process (PID=48925) to work on /usr/local/lib/python3.8/dist-packages/airflow/example_dags/example_bash_operator.py
[2023-08-24T05:11:33.835+0000] {processor.py:829} INFO - Processing file /usr/local/lib/python3.8/dist-packages/airflow/example_dags/example_bash_operator.py for tasks to queue
[2023-08-24T05:11:33.836+0000] {logging_mixin.py:151} INFO - [2023-08-24T05:11:33.836+0000] {dagbag.py:539} INFO - Filling up the DagBag from /usr/local/lib/python3.8/dist-packages/airflow/example_dags/example_bash_operator.py
[2023-08-24T05:11:33.848+0000] {processor.py:839} INFO - DAG(s) dict_keys(['example_bash_operator']) retrieved from /usr/local/lib/python3.8/dist-packages/airflow/example_dags/example_bash_operator.py
[2023-08-24T05:11:33.872+0000] {logging_mixin.py:151} INFO - [2023-08-24T05:11:33.871+0000] {dag.py:2907} INFO - Sync 1 DAGs
[2023-08-24T05:11:33.890+0000] {logging_mixin.py:151} INFO - [2023-08-24T05:11:33.890+0000] {dag.py:3677} INFO - Setting next_dagrun for example_bash_operator to 2023-08-23T00:00:00+00:00, run_after=2023-08-24T00:00:00+00:00
[2023-08-24T05:11:33.909+0000] {processor.py:179} INFO - Processing /usr/local/lib/python3.8/dist-packages/airflow/example_dags/example_bash_operator.py took 0.079 seconds
[2023-08-24T05:12:36.950+0000] {processor.py:157} INFO - Started process (PID=49124) to work on /usr/local/lib/python3.8/dist-packages/airflow/example_dags/example_bash_operator.py
[2023-08-24T05:12:36.951+0000] {processor.py:829} INFO - Processing file /usr/local/lib/python3.8/dist-packages/airflow/example_dags/example_bash_operator.py for tasks to queue
[2023-08-24T05:12:36.952+0000] {logging_mixin.py:151} INFO - [2023-08-24T05:12:36.952+0000] {dagbag.py:539} INFO - Filling up the DagBag from /usr/local/lib/python3.8/dist-packages/airflow/example_dags/example_bash_operator.py
[2023-08-24T05:12:36.964+0000] {processor.py:839} INFO - DAG(s) dict_keys(['example_bash_operator']) retrieved from /usr/local/lib/python3.8/dist-packages/airflow/example_dags/example_bash_operator.py
[2023-08-24T05:12:36.987+0000] {logging_mixin.py:151} INFO - [2023-08-24T05:12:36.987+0000] {dag.py:2907} INFO - Sync 1 DAGs
[2023-08-24T05:12:37.005+0000] {logging_mixin.py:151} INFO - [2023-08-24T05:12:37.005+0000] {dag.py:3677} INFO - Setting next_dagrun for example_bash_operator to 2023-08-23T00:00:00+00:00, run_after=2023-08-24T00:00:00+00:00
[2023-08-24T05:12:37.024+0000] {processor.py:179} INFO - Processing /usr/local/lib/python3.8/dist-packages/airflow/example_dags/example_bash_operator.py took 0.079 seconds
[2023-08-24T05:13:37.416+0000] {processor.py:157} INFO - Started process (PID=49328) to work on /usr/local/lib/python3.8/dist-packages/airflow/example_dags/example_bash_operator.py
[2023-08-24T05:13:37.417+0000] {processor.py:829} INFO - Processing file /usr/local/lib/python3.8/dist-packages/airflow/example_dags/example_bash_operator.py for tasks to queue
[2023-08-24T05:13:37.418+0000] {logging_mixin.py:151} INFO - [2023-08-24T05:13:37.418+0000] {dagbag.py:539} INFO - Filling up the DagBag from /usr/local/lib/python3.8/dist-packages/airflow/example_dags/example_bash_operator.py
[2023-08-24T05:13:37.430+0000] {processor.py:839} INFO - DAG(s) dict_keys(['example_bash_operator']) retrieved from /usr/local/lib/python3.8/dist-packages/airflow/example_dags/example_bash_operator.py
[2023-08-24T05:13:37.452+0000] {logging_mixin.py:151} INFO - [2023-08-24T05:13:37.452+0000] {dag.py:2907} INFO - Sync 1 DAGs
[2023-08-24T05:13:37.470+0000] {logging_mixin.py:151} INFO - [2023-08-24T05:13:37.470+0000] {dag.py:3677} INFO - Setting next_dagrun for example_bash_operator to 2023-08-23T00:00:00+00:00, run_after=2023-08-24T00:00:00+00:00
[2023-08-24T05:13:37.487+0000] {processor.py:179} INFO - Processing /usr/local/lib/python3.8/dist-packages/airflow/example_dags/example_bash_operator.py took 0.075 seconds
