[2023-08-24T04:21:56.992+0000] {processor.py:157} INFO - Started process (PID=37597) to work on /usr/local/lib/python3.8/dist-packages/airflow/example_dags/example_trigger_controller_dag.py
[2023-08-24T04:21:56.993+0000] {processor.py:829} INFO - Processing file /usr/local/lib/python3.8/dist-packages/airflow/example_dags/example_trigger_controller_dag.py for tasks to queue
[2023-08-24T04:21:56.994+0000] {logging_mixin.py:151} INFO - [2023-08-24T04:21:56.994+0000] {dagbag.py:539} INFO - Filling up the DagBag from /usr/local/lib/python3.8/dist-packages/airflow/example_dags/example_trigger_controller_dag.py
[2023-08-24T04:21:56.999+0000] {processor.py:839} INFO - DAG(s) dict_keys(['example_trigger_controller_dag']) retrieved from /usr/local/lib/python3.8/dist-packages/airflow/example_dags/example_trigger_controller_dag.py
[2023-08-24T04:21:57.016+0000] {logging_mixin.py:151} INFO - [2023-08-24T04:21:57.016+0000] {dag.py:2907} INFO - Sync 1 DAGs
[2023-08-24T04:21:57.031+0000] {logging_mixin.py:151} INFO - [2023-08-24T04:21:57.031+0000] {dag.py:3677} INFO - Setting next_dagrun for example_trigger_controller_dag to 2021-01-01T00:00:00+00:00, run_after=2021-01-01T00:00:00+00:00
[2023-08-24T04:21:57.048+0000] {processor.py:179} INFO - Processing /usr/local/lib/python3.8/dist-packages/airflow/example_dags/example_trigger_controller_dag.py took 0.060 seconds
[2023-08-24T04:31:11.109+0000] {processor.py:157} INFO - Started process (PID=41472) to work on /usr/local/lib/python3.8/dist-packages/airflow/example_dags/example_trigger_controller_dag.py
[2023-08-24T04:31:11.111+0000] {processor.py:829} INFO - Processing file /usr/local/lib/python3.8/dist-packages/airflow/example_dags/example_trigger_controller_dag.py for tasks to queue
[2023-08-24T04:31:11.112+0000] {logging_mixin.py:151} INFO - [2023-08-24T04:31:11.112+0000] {dagbag.py:539} INFO - Filling up the DagBag from /usr/local/lib/python3.8/dist-packages/airflow/example_dags/example_trigger_controller_dag.py
[2023-08-24T04:31:11.117+0000] {processor.py:839} INFO - DAG(s) dict_keys(['example_trigger_controller_dag']) retrieved from /usr/local/lib/python3.8/dist-packages/airflow/example_dags/example_trigger_controller_dag.py
[2023-08-24T04:31:11.134+0000] {logging_mixin.py:151} INFO - [2023-08-24T04:31:11.134+0000] {dag.py:2907} INFO - Sync 1 DAGs
[2023-08-24T04:31:11.150+0000] {logging_mixin.py:151} INFO - [2023-08-24T04:31:11.149+0000] {dag.py:3677} INFO - Setting next_dagrun for example_trigger_controller_dag to 2021-01-01T00:00:00+00:00, run_after=2021-01-01T00:00:00+00:00
[2023-08-24T04:31:11.168+0000] {processor.py:179} INFO - Processing /usr/local/lib/python3.8/dist-packages/airflow/example_dags/example_trigger_controller_dag.py took 0.062 seconds
[2023-08-24T04:32:12.001+0000] {processor.py:157} INFO - Started process (PID=41670) to work on /usr/local/lib/python3.8/dist-packages/airflow/example_dags/example_trigger_controller_dag.py
[2023-08-24T04:32:12.003+0000] {processor.py:829} INFO - Processing file /usr/local/lib/python3.8/dist-packages/airflow/example_dags/example_trigger_controller_dag.py for tasks to queue
[2023-08-24T04:32:12.004+0000] {logging_mixin.py:151} INFO - [2023-08-24T04:32:12.003+0000] {dagbag.py:539} INFO - Filling up the DagBag from /usr/local/lib/python3.8/dist-packages/airflow/example_dags/example_trigger_controller_dag.py
[2023-08-24T04:32:12.009+0000] {processor.py:839} INFO - DAG(s) dict_keys(['example_trigger_controller_dag']) retrieved from /usr/local/lib/python3.8/dist-packages/airflow/example_dags/example_trigger_controller_dag.py
[2023-08-24T04:32:12.024+0000] {logging_mixin.py:151} INFO - [2023-08-24T04:32:12.024+0000] {dag.py:2907} INFO - Sync 1 DAGs
[2023-08-24T04:32:12.040+0000] {logging_mixin.py:151} INFO - [2023-08-24T04:32:12.040+0000] {dag.py:3677} INFO - Setting next_dagrun for example_trigger_controller_dag to 2021-01-01T00:00:00+00:00, run_after=2021-01-01T00:00:00+00:00
[2023-08-24T04:32:12.057+0000] {processor.py:179} INFO - Processing /usr/local/lib/python3.8/dist-packages/airflow/example_dags/example_trigger_controller_dag.py took 0.060 seconds
[2023-08-24T04:33:12.679+0000] {processor.py:157} INFO - Started process (PID=41861) to work on /usr/local/lib/python3.8/dist-packages/airflow/example_dags/example_trigger_controller_dag.py
[2023-08-24T04:33:12.681+0000] {processor.py:829} INFO - Processing file /usr/local/lib/python3.8/dist-packages/airflow/example_dags/example_trigger_controller_dag.py for tasks to queue
[2023-08-24T04:33:12.682+0000] {logging_mixin.py:151} INFO - [2023-08-24T04:33:12.681+0000] {dagbag.py:539} INFO - Filling up the DagBag from /usr/local/lib/python3.8/dist-packages/airflow/example_dags/example_trigger_controller_dag.py
[2023-08-24T04:33:12.688+0000] {processor.py:839} INFO - DAG(s) dict_keys(['example_trigger_controller_dag']) retrieved from /usr/local/lib/python3.8/dist-packages/airflow/example_dags/example_trigger_controller_dag.py
[2023-08-24T04:33:12.705+0000] {logging_mixin.py:151} INFO - [2023-08-24T04:33:12.705+0000] {dag.py:2907} INFO - Sync 1 DAGs
[2023-08-24T04:33:12.722+0000] {logging_mixin.py:151} INFO - [2023-08-24T04:33:12.722+0000] {dag.py:3677} INFO - Setting next_dagrun for example_trigger_controller_dag to 2021-01-01T00:00:00+00:00, run_after=2021-01-01T00:00:00+00:00
[2023-08-24T04:33:12.741+0000] {processor.py:179} INFO - Processing /usr/local/lib/python3.8/dist-packages/airflow/example_dags/example_trigger_controller_dag.py took 0.066 seconds
[2023-08-24T04:34:11.791+0000] {processor.py:157} INFO - Started process (PID=42044) to work on /usr/local/lib/python3.8/dist-packages/airflow/example_dags/example_trigger_controller_dag.py
[2023-08-24T04:34:11.793+0000] {processor.py:829} INFO - Processing file /usr/local/lib/python3.8/dist-packages/airflow/example_dags/example_trigger_controller_dag.py for tasks to queue
[2023-08-24T04:34:11.793+0000] {logging_mixin.py:151} INFO - [2023-08-24T04:34:11.793+0000] {dagbag.py:539} INFO - Filling up the DagBag from /usr/local/lib/python3.8/dist-packages/airflow/example_dags/example_trigger_controller_dag.py
[2023-08-24T04:34:11.798+0000] {processor.py:839} INFO - DAG(s) dict_keys(['example_trigger_controller_dag']) retrieved from /usr/local/lib/python3.8/dist-packages/airflow/example_dags/example_trigger_controller_dag.py
[2023-08-24T04:34:11.814+0000] {logging_mixin.py:151} INFO - [2023-08-24T04:34:11.814+0000] {dag.py:2907} INFO - Sync 1 DAGs
[2023-08-24T04:34:11.829+0000] {logging_mixin.py:151} INFO - [2023-08-24T04:34:11.829+0000] {dag.py:3677} INFO - Setting next_dagrun for example_trigger_controller_dag to 2021-01-01T00:00:00+00:00, run_after=2021-01-01T00:00:00+00:00
[2023-08-24T04:34:11.847+0000] {processor.py:179} INFO - Processing /usr/local/lib/python3.8/dist-packages/airflow/example_dags/example_trigger_controller_dag.py took 0.059 seconds
[2023-08-24T04:35:10.434+0000] {processor.py:157} INFO - Started process (PID=42240) to work on /usr/local/lib/python3.8/dist-packages/airflow/example_dags/example_trigger_controller_dag.py
[2023-08-24T04:35:10.436+0000] {processor.py:829} INFO - Processing file /usr/local/lib/python3.8/dist-packages/airflow/example_dags/example_trigger_controller_dag.py for tasks to queue
[2023-08-24T04:35:10.437+0000] {logging_mixin.py:151} INFO - [2023-08-24T04:35:10.436+0000] {dagbag.py:539} INFO - Filling up the DagBag from /usr/local/lib/python3.8/dist-packages/airflow/example_dags/example_trigger_controller_dag.py
[2023-08-24T04:35:10.442+0000] {processor.py:839} INFO - DAG(s) dict_keys(['example_trigger_controller_dag']) retrieved from /usr/local/lib/python3.8/dist-packages/airflow/example_dags/example_trigger_controller_dag.py
[2023-08-24T04:35:10.458+0000] {logging_mixin.py:151} INFO - [2023-08-24T04:35:10.458+0000] {dag.py:2907} INFO - Sync 1 DAGs
[2023-08-24T04:35:10.474+0000] {logging_mixin.py:151} INFO - [2023-08-24T04:35:10.474+0000] {dag.py:3677} INFO - Setting next_dagrun for example_trigger_controller_dag to 2021-01-01T00:00:00+00:00, run_after=2021-01-01T00:00:00+00:00
[2023-08-24T04:35:10.492+0000] {processor.py:179} INFO - Processing /usr/local/lib/python3.8/dist-packages/airflow/example_dags/example_trigger_controller_dag.py took 0.062 seconds
[2023-08-24T04:36:09.690+0000] {processor.py:157} INFO - Started process (PID=42436) to work on /usr/local/lib/python3.8/dist-packages/airflow/example_dags/example_trigger_controller_dag.py
[2023-08-24T04:36:09.691+0000] {processor.py:829} INFO - Processing file /usr/local/lib/python3.8/dist-packages/airflow/example_dags/example_trigger_controller_dag.py for tasks to queue
[2023-08-24T04:36:09.692+0000] {logging_mixin.py:151} INFO - [2023-08-24T04:36:09.692+0000] {dagbag.py:539} INFO - Filling up the DagBag from /usr/local/lib/python3.8/dist-packages/airflow/example_dags/example_trigger_controller_dag.py
[2023-08-24T04:36:09.697+0000] {processor.py:839} INFO - DAG(s) dict_keys(['example_trigger_controller_dag']) retrieved from /usr/local/lib/python3.8/dist-packages/airflow/example_dags/example_trigger_controller_dag.py
[2023-08-24T04:36:09.713+0000] {logging_mixin.py:151} INFO - [2023-08-24T04:36:09.712+0000] {dag.py:2907} INFO - Sync 1 DAGs
[2023-08-24T04:36:09.728+0000] {logging_mixin.py:151} INFO - [2023-08-24T04:36:09.728+0000] {dag.py:3677} INFO - Setting next_dagrun for example_trigger_controller_dag to 2021-01-01T00:00:00+00:00, run_after=2021-01-01T00:00:00+00:00
[2023-08-24T04:36:09.745+0000] {processor.py:179} INFO - Processing /usr/local/lib/python3.8/dist-packages/airflow/example_dags/example_trigger_controller_dag.py took 0.059 seconds
[2023-08-24T04:37:05.202+0000] {processor.py:157} INFO - Started process (PID=42619) to work on /usr/local/lib/python3.8/dist-packages/airflow/example_dags/example_trigger_controller_dag.py
[2023-08-24T04:37:05.204+0000] {processor.py:829} INFO - Processing file /usr/local/lib/python3.8/dist-packages/airflow/example_dags/example_trigger_controller_dag.py for tasks to queue
[2023-08-24T04:37:05.205+0000] {logging_mixin.py:151} INFO - [2023-08-24T04:37:05.205+0000] {dagbag.py:539} INFO - Filling up the DagBag from /usr/local/lib/python3.8/dist-packages/airflow/example_dags/example_trigger_controller_dag.py
[2023-08-24T04:37:05.210+0000] {processor.py:839} INFO - DAG(s) dict_keys(['example_trigger_controller_dag']) retrieved from /usr/local/lib/python3.8/dist-packages/airflow/example_dags/example_trigger_controller_dag.py
[2023-08-24T04:37:05.225+0000] {logging_mixin.py:151} INFO - [2023-08-24T04:37:05.225+0000] {dag.py:2907} INFO - Sync 1 DAGs
[2023-08-24T04:37:05.241+0000] {logging_mixin.py:151} INFO - [2023-08-24T04:37:05.241+0000] {dag.py:3677} INFO - Setting next_dagrun for example_trigger_controller_dag to 2021-01-01T00:00:00+00:00, run_after=2021-01-01T00:00:00+00:00
[2023-08-24T04:37:05.258+0000] {processor.py:179} INFO - Processing /usr/local/lib/python3.8/dist-packages/airflow/example_dags/example_trigger_controller_dag.py took 0.060 seconds
[2023-08-24T04:38:02.756+0000] {processor.py:157} INFO - Started process (PID=42802) to work on /usr/local/lib/python3.8/dist-packages/airflow/example_dags/example_trigger_controller_dag.py
[2023-08-24T04:38:02.757+0000] {processor.py:829} INFO - Processing file /usr/local/lib/python3.8/dist-packages/airflow/example_dags/example_trigger_controller_dag.py for tasks to queue
[2023-08-24T04:38:02.758+0000] {logging_mixin.py:151} INFO - [2023-08-24T04:38:02.758+0000] {dagbag.py:539} INFO - Filling up the DagBag from /usr/local/lib/python3.8/dist-packages/airflow/example_dags/example_trigger_controller_dag.py
[2023-08-24T04:38:02.763+0000] {processor.py:839} INFO - DAG(s) dict_keys(['example_trigger_controller_dag']) retrieved from /usr/local/lib/python3.8/dist-packages/airflow/example_dags/example_trigger_controller_dag.py
[2023-08-24T04:38:02.779+0000] {logging_mixin.py:151} INFO - [2023-08-24T04:38:02.779+0000] {dag.py:2907} INFO - Sync 1 DAGs
[2023-08-24T04:38:02.795+0000] {logging_mixin.py:151} INFO - [2023-08-24T04:38:02.795+0000] {dag.py:3677} INFO - Setting next_dagrun for example_trigger_controller_dag to 2021-01-01T00:00:00+00:00, run_after=2021-01-01T00:00:00+00:00
[2023-08-24T04:38:02.813+0000] {processor.py:179} INFO - Processing /usr/local/lib/python3.8/dist-packages/airflow/example_dags/example_trigger_controller_dag.py took 0.060 seconds
[2023-08-24T04:39:03.386+0000] {processor.py:157} INFO - Started process (PID=42987) to work on /usr/local/lib/python3.8/dist-packages/airflow/example_dags/example_trigger_controller_dag.py
[2023-08-24T04:39:03.387+0000] {processor.py:829} INFO - Processing file /usr/local/lib/python3.8/dist-packages/airflow/example_dags/example_trigger_controller_dag.py for tasks to queue
[2023-08-24T04:39:03.388+0000] {logging_mixin.py:151} INFO - [2023-08-24T04:39:03.388+0000] {dagbag.py:539} INFO - Filling up the DagBag from /usr/local/lib/python3.8/dist-packages/airflow/example_dags/example_trigger_controller_dag.py
[2023-08-24T04:39:03.394+0000] {processor.py:839} INFO - DAG(s) dict_keys(['example_trigger_controller_dag']) retrieved from /usr/local/lib/python3.8/dist-packages/airflow/example_dags/example_trigger_controller_dag.py
[2023-08-24T04:39:03.412+0000] {logging_mixin.py:151} INFO - [2023-08-24T04:39:03.412+0000] {dag.py:2907} INFO - Sync 1 DAGs
[2023-08-24T04:39:03.428+0000] {logging_mixin.py:151} INFO - [2023-08-24T04:39:03.428+0000] {dag.py:3677} INFO - Setting next_dagrun for example_trigger_controller_dag to 2021-01-01T00:00:00+00:00, run_after=2021-01-01T00:00:00+00:00
[2023-08-24T04:39:03.446+0000] {processor.py:179} INFO - Processing /usr/local/lib/python3.8/dist-packages/airflow/example_dags/example_trigger_controller_dag.py took 0.065 seconds
[2023-08-24T04:40:03.636+0000] {processor.py:157} INFO - Started process (PID=43183) to work on /usr/local/lib/python3.8/dist-packages/airflow/example_dags/example_trigger_controller_dag.py
[2023-08-24T04:40:03.638+0000] {processor.py:829} INFO - Processing file /usr/local/lib/python3.8/dist-packages/airflow/example_dags/example_trigger_controller_dag.py for tasks to queue
[2023-08-24T04:40:03.639+0000] {logging_mixin.py:151} INFO - [2023-08-24T04:40:03.638+0000] {dagbag.py:539} INFO - Filling up the DagBag from /usr/local/lib/python3.8/dist-packages/airflow/example_dags/example_trigger_controller_dag.py
[2023-08-24T04:40:03.644+0000] {processor.py:839} INFO - DAG(s) dict_keys(['example_trigger_controller_dag']) retrieved from /usr/local/lib/python3.8/dist-packages/airflow/example_dags/example_trigger_controller_dag.py
[2023-08-24T04:40:03.660+0000] {logging_mixin.py:151} INFO - [2023-08-24T04:40:03.659+0000] {dag.py:2907} INFO - Sync 1 DAGs
[2023-08-24T04:40:03.676+0000] {logging_mixin.py:151} INFO - [2023-08-24T04:40:03.676+0000] {dag.py:3677} INFO - Setting next_dagrun for example_trigger_controller_dag to 2021-01-01T00:00:00+00:00, run_after=2021-01-01T00:00:00+00:00
[2023-08-24T04:40:03.694+0000] {processor.py:179} INFO - Processing /usr/local/lib/python3.8/dist-packages/airflow/example_dags/example_trigger_controller_dag.py took 0.062 seconds
[2023-08-24T04:41:04.246+0000] {processor.py:157} INFO - Started process (PID=43367) to work on /usr/local/lib/python3.8/dist-packages/airflow/example_dags/example_trigger_controller_dag.py
[2023-08-24T04:41:04.248+0000] {processor.py:829} INFO - Processing file /usr/local/lib/python3.8/dist-packages/airflow/example_dags/example_trigger_controller_dag.py for tasks to queue
[2023-08-24T04:41:04.249+0000] {logging_mixin.py:151} INFO - [2023-08-24T04:41:04.248+0000] {dagbag.py:539} INFO - Filling up the DagBag from /usr/local/lib/python3.8/dist-packages/airflow/example_dags/example_trigger_controller_dag.py
[2023-08-24T04:41:04.254+0000] {processor.py:839} INFO - DAG(s) dict_keys(['example_trigger_controller_dag']) retrieved from /usr/local/lib/python3.8/dist-packages/airflow/example_dags/example_trigger_controller_dag.py
[2023-08-24T04:41:04.269+0000] {logging_mixin.py:151} INFO - [2023-08-24T04:41:04.269+0000] {dag.py:2907} INFO - Sync 1 DAGs
[2023-08-24T04:41:04.285+0000] {logging_mixin.py:151} INFO - [2023-08-24T04:41:04.285+0000] {dag.py:3677} INFO - Setting next_dagrun for example_trigger_controller_dag to 2021-01-01T00:00:00+00:00, run_after=2021-01-01T00:00:00+00:00
[2023-08-24T04:41:04.302+0000] {processor.py:179} INFO - Processing /usr/local/lib/python3.8/dist-packages/airflow/example_dags/example_trigger_controller_dag.py took 0.059 seconds
[2023-08-24T04:42:03.772+0000] {processor.py:157} INFO - Started process (PID=43550) to work on /usr/local/lib/python3.8/dist-packages/airflow/example_dags/example_trigger_controller_dag.py
[2023-08-24T04:42:03.776+0000] {processor.py:829} INFO - Processing file /usr/local/lib/python3.8/dist-packages/airflow/example_dags/example_trigger_controller_dag.py for tasks to queue
[2023-08-24T04:42:03.777+0000] {logging_mixin.py:151} INFO - [2023-08-24T04:42:03.777+0000] {dagbag.py:539} INFO - Filling up the DagBag from /usr/local/lib/python3.8/dist-packages/airflow/example_dags/example_trigger_controller_dag.py
[2023-08-24T04:42:03.782+0000] {processor.py:839} INFO - DAG(s) dict_keys(['example_trigger_controller_dag']) retrieved from /usr/local/lib/python3.8/dist-packages/airflow/example_dags/example_trigger_controller_dag.py
[2023-08-24T04:42:03.798+0000] {logging_mixin.py:151} INFO - [2023-08-24T04:42:03.798+0000] {dag.py:2907} INFO - Sync 1 DAGs
[2023-08-24T04:42:03.814+0000] {logging_mixin.py:151} INFO - [2023-08-24T04:42:03.813+0000] {dag.py:3677} INFO - Setting next_dagrun for example_trigger_controller_dag to 2021-01-01T00:00:00+00:00, run_after=2021-01-01T00:00:00+00:00
[2023-08-24T04:42:03.831+0000] {processor.py:179} INFO - Processing /usr/local/lib/python3.8/dist-packages/airflow/example_dags/example_trigger_controller_dag.py took 0.062 seconds
[2023-08-24T04:43:01.564+0000] {processor.py:157} INFO - Started process (PID=43738) to work on /usr/local/lib/python3.8/dist-packages/airflow/example_dags/example_trigger_controller_dag.py
[2023-08-24T04:43:01.565+0000] {processor.py:829} INFO - Processing file /usr/local/lib/python3.8/dist-packages/airflow/example_dags/example_trigger_controller_dag.py for tasks to queue
[2023-08-24T04:43:01.566+0000] {logging_mixin.py:151} INFO - [2023-08-24T04:43:01.566+0000] {dagbag.py:539} INFO - Filling up the DagBag from /usr/local/lib/python3.8/dist-packages/airflow/example_dags/example_trigger_controller_dag.py
[2023-08-24T04:43:01.571+0000] {processor.py:839} INFO - DAG(s) dict_keys(['example_trigger_controller_dag']) retrieved from /usr/local/lib/python3.8/dist-packages/airflow/example_dags/example_trigger_controller_dag.py
[2023-08-24T04:43:01.587+0000] {logging_mixin.py:151} INFO - [2023-08-24T04:43:01.587+0000] {dag.py:2907} INFO - Sync 1 DAGs
[2023-08-24T04:43:01.602+0000] {logging_mixin.py:151} INFO - [2023-08-24T04:43:01.602+0000] {dag.py:3677} INFO - Setting next_dagrun for example_trigger_controller_dag to 2021-01-01T00:00:00+00:00, run_after=2021-01-01T00:00:00+00:00
[2023-08-24T04:43:01.620+0000] {processor.py:179} INFO - Processing /usr/local/lib/python3.8/dist-packages/airflow/example_dags/example_trigger_controller_dag.py took 0.060 seconds
[2023-08-24T04:44:03.429+0000] {processor.py:157} INFO - Started process (PID=43922) to work on /usr/local/lib/python3.8/dist-packages/airflow/example_dags/example_trigger_controller_dag.py
[2023-08-24T04:44:03.430+0000] {processor.py:829} INFO - Processing file /usr/local/lib/python3.8/dist-packages/airflow/example_dags/example_trigger_controller_dag.py for tasks to queue
[2023-08-24T04:44:03.431+0000] {logging_mixin.py:151} INFO - [2023-08-24T04:44:03.431+0000] {dagbag.py:539} INFO - Filling up the DagBag from /usr/local/lib/python3.8/dist-packages/airflow/example_dags/example_trigger_controller_dag.py
[2023-08-24T04:44:03.436+0000] {processor.py:839} INFO - DAG(s) dict_keys(['example_trigger_controller_dag']) retrieved from /usr/local/lib/python3.8/dist-packages/airflow/example_dags/example_trigger_controller_dag.py
[2023-08-24T04:44:03.452+0000] {logging_mixin.py:151} INFO - [2023-08-24T04:44:03.451+0000] {dag.py:2907} INFO - Sync 1 DAGs
[2023-08-24T04:44:03.467+0000] {logging_mixin.py:151} INFO - [2023-08-24T04:44:03.467+0000] {dag.py:3677} INFO - Setting next_dagrun for example_trigger_controller_dag to 2021-01-01T00:00:00+00:00, run_after=2021-01-01T00:00:00+00:00
[2023-08-24T04:44:03.486+0000] {processor.py:179} INFO - Processing /usr/local/lib/python3.8/dist-packages/airflow/example_dags/example_trigger_controller_dag.py took 0.060 seconds
[2023-08-24T04:45:04.511+0000] {processor.py:157} INFO - Started process (PID=44107) to work on /usr/local/lib/python3.8/dist-packages/airflow/example_dags/example_trigger_controller_dag.py
[2023-08-24T04:45:04.513+0000] {processor.py:829} INFO - Processing file /usr/local/lib/python3.8/dist-packages/airflow/example_dags/example_trigger_controller_dag.py for tasks to queue
[2023-08-24T04:45:04.514+0000] {logging_mixin.py:151} INFO - [2023-08-24T04:45:04.514+0000] {dagbag.py:539} INFO - Filling up the DagBag from /usr/local/lib/python3.8/dist-packages/airflow/example_dags/example_trigger_controller_dag.py
[2023-08-24T04:45:04.520+0000] {processor.py:839} INFO - DAG(s) dict_keys(['example_trigger_controller_dag']) retrieved from /usr/local/lib/python3.8/dist-packages/airflow/example_dags/example_trigger_controller_dag.py
[2023-08-24T04:45:04.538+0000] {logging_mixin.py:151} INFO - [2023-08-24T04:45:04.538+0000] {dag.py:2907} INFO - Sync 1 DAGs
[2023-08-24T04:45:04.556+0000] {logging_mixin.py:151} INFO - [2023-08-24T04:45:04.556+0000] {dag.py:3677} INFO - Setting next_dagrun for example_trigger_controller_dag to 2021-01-01T00:00:00+00:00, run_after=2021-01-01T00:00:00+00:00
[2023-08-24T04:45:04.575+0000] {processor.py:179} INFO - Processing /usr/local/lib/python3.8/dist-packages/airflow/example_dags/example_trigger_controller_dag.py took 0.068 seconds
[2023-08-24T04:46:04.907+0000] {processor.py:157} INFO - Started process (PID=44290) to work on /usr/local/lib/python3.8/dist-packages/airflow/example_dags/example_trigger_controller_dag.py
[2023-08-24T04:46:04.908+0000] {processor.py:829} INFO - Processing file /usr/local/lib/python3.8/dist-packages/airflow/example_dags/example_trigger_controller_dag.py for tasks to queue
[2023-08-24T04:46:04.909+0000] {logging_mixin.py:151} INFO - [2023-08-24T04:46:04.909+0000] {dagbag.py:539} INFO - Filling up the DagBag from /usr/local/lib/python3.8/dist-packages/airflow/example_dags/example_trigger_controller_dag.py
[2023-08-24T04:46:04.914+0000] {processor.py:839} INFO - DAG(s) dict_keys(['example_trigger_controller_dag']) retrieved from /usr/local/lib/python3.8/dist-packages/airflow/example_dags/example_trigger_controller_dag.py
[2023-08-24T04:46:04.930+0000] {logging_mixin.py:151} INFO - [2023-08-24T04:46:04.930+0000] {dag.py:2907} INFO - Sync 1 DAGs
[2023-08-24T04:46:04.946+0000] {logging_mixin.py:151} INFO - [2023-08-24T04:46:04.946+0000] {dag.py:3677} INFO - Setting next_dagrun for example_trigger_controller_dag to 2021-01-01T00:00:00+00:00, run_after=2021-01-01T00:00:00+00:00
[2023-08-24T04:46:04.964+0000] {processor.py:179} INFO - Processing /usr/local/lib/python3.8/dist-packages/airflow/example_dags/example_trigger_controller_dag.py took 0.061 seconds
[2023-08-24T04:47:07.318+0000] {processor.py:157} INFO - Started process (PID=44473) to work on /usr/local/lib/python3.8/dist-packages/airflow/example_dags/example_trigger_controller_dag.py
[2023-08-24T04:47:07.320+0000] {processor.py:829} INFO - Processing file /usr/local/lib/python3.8/dist-packages/airflow/example_dags/example_trigger_controller_dag.py for tasks to queue
[2023-08-24T04:47:07.321+0000] {logging_mixin.py:151} INFO - [2023-08-24T04:47:07.320+0000] {dagbag.py:539} INFO - Filling up the DagBag from /usr/local/lib/python3.8/dist-packages/airflow/example_dags/example_trigger_controller_dag.py
[2023-08-24T04:47:07.326+0000] {processor.py:839} INFO - DAG(s) dict_keys(['example_trigger_controller_dag']) retrieved from /usr/local/lib/python3.8/dist-packages/airflow/example_dags/example_trigger_controller_dag.py
[2023-08-24T04:47:07.341+0000] {logging_mixin.py:151} INFO - [2023-08-24T04:47:07.341+0000] {dag.py:2907} INFO - Sync 1 DAGs
[2023-08-24T04:47:07.357+0000] {logging_mixin.py:151} INFO - [2023-08-24T04:47:07.357+0000] {dag.py:3677} INFO - Setting next_dagrun for example_trigger_controller_dag to 2021-01-01T00:00:00+00:00, run_after=2021-01-01T00:00:00+00:00
[2023-08-24T04:47:07.375+0000] {processor.py:179} INFO - Processing /usr/local/lib/python3.8/dist-packages/airflow/example_dags/example_trigger_controller_dag.py took 0.060 seconds
[2023-08-24T04:48:08.062+0000] {processor.py:157} INFO - Started process (PID=44657) to work on /usr/local/lib/python3.8/dist-packages/airflow/example_dags/example_trigger_controller_dag.py
[2023-08-24T04:48:08.064+0000] {processor.py:829} INFO - Processing file /usr/local/lib/python3.8/dist-packages/airflow/example_dags/example_trigger_controller_dag.py for tasks to queue
[2023-08-24T04:48:08.065+0000] {logging_mixin.py:151} INFO - [2023-08-24T04:48:08.064+0000] {dagbag.py:539} INFO - Filling up the DagBag from /usr/local/lib/python3.8/dist-packages/airflow/example_dags/example_trigger_controller_dag.py
[2023-08-24T04:48:08.070+0000] {processor.py:839} INFO - DAG(s) dict_keys(['example_trigger_controller_dag']) retrieved from /usr/local/lib/python3.8/dist-packages/airflow/example_dags/example_trigger_controller_dag.py
[2023-08-24T04:48:08.086+0000] {logging_mixin.py:151} INFO - [2023-08-24T04:48:08.086+0000] {dag.py:2907} INFO - Sync 1 DAGs
[2023-08-24T04:48:08.102+0000] {logging_mixin.py:151} INFO - [2023-08-24T04:48:08.102+0000] {dag.py:3677} INFO - Setting next_dagrun for example_trigger_controller_dag to 2021-01-01T00:00:00+00:00, run_after=2021-01-01T00:00:00+00:00
[2023-08-24T04:48:08.120+0000] {processor.py:179} INFO - Processing /usr/local/lib/python3.8/dist-packages/airflow/example_dags/example_trigger_controller_dag.py took 0.062 seconds
[2023-08-24T04:49:11.526+0000] {processor.py:157} INFO - Started process (PID=44840) to work on /usr/local/lib/python3.8/dist-packages/airflow/example_dags/example_trigger_controller_dag.py
[2023-08-24T04:49:11.528+0000] {processor.py:829} INFO - Processing file /usr/local/lib/python3.8/dist-packages/airflow/example_dags/example_trigger_controller_dag.py for tasks to queue
[2023-08-24T04:49:11.529+0000] {logging_mixin.py:151} INFO - [2023-08-24T04:49:11.528+0000] {dagbag.py:539} INFO - Filling up the DagBag from /usr/local/lib/python3.8/dist-packages/airflow/example_dags/example_trigger_controller_dag.py
[2023-08-24T04:49:11.534+0000] {processor.py:839} INFO - DAG(s) dict_keys(['example_trigger_controller_dag']) retrieved from /usr/local/lib/python3.8/dist-packages/airflow/example_dags/example_trigger_controller_dag.py
[2023-08-24T04:49:11.550+0000] {logging_mixin.py:151} INFO - [2023-08-24T04:49:11.550+0000] {dag.py:2907} INFO - Sync 1 DAGs
[2023-08-24T04:49:11.566+0000] {logging_mixin.py:151} INFO - [2023-08-24T04:49:11.566+0000] {dag.py:3677} INFO - Setting next_dagrun for example_trigger_controller_dag to 2021-01-01T00:00:00+00:00, run_after=2021-01-01T00:00:00+00:00
[2023-08-24T04:49:11.584+0000] {processor.py:179} INFO - Processing /usr/local/lib/python3.8/dist-packages/airflow/example_dags/example_trigger_controller_dag.py took 0.062 seconds
[2023-08-24T04:50:10.391+0000] {processor.py:157} INFO - Started process (PID=45025) to work on /usr/local/lib/python3.8/dist-packages/airflow/example_dags/example_trigger_controller_dag.py
[2023-08-24T04:50:10.393+0000] {processor.py:829} INFO - Processing file /usr/local/lib/python3.8/dist-packages/airflow/example_dags/example_trigger_controller_dag.py for tasks to queue
[2023-08-24T04:50:10.394+0000] {logging_mixin.py:151} INFO - [2023-08-24T04:50:10.393+0000] {dagbag.py:539} INFO - Filling up the DagBag from /usr/local/lib/python3.8/dist-packages/airflow/example_dags/example_trigger_controller_dag.py
[2023-08-24T04:50:10.400+0000] {processor.py:839} INFO - DAG(s) dict_keys(['example_trigger_controller_dag']) retrieved from /usr/local/lib/python3.8/dist-packages/airflow/example_dags/example_trigger_controller_dag.py
[2023-08-24T04:50:10.418+0000] {logging_mixin.py:151} INFO - [2023-08-24T04:50:10.418+0000] {dag.py:2907} INFO - Sync 1 DAGs
[2023-08-24T04:50:10.436+0000] {logging_mixin.py:151} INFO - [2023-08-24T04:50:10.436+0000] {dag.py:3677} INFO - Setting next_dagrun for example_trigger_controller_dag to 2021-01-01T00:00:00+00:00, run_after=2021-01-01T00:00:00+00:00
[2023-08-24T04:50:10.454+0000] {processor.py:179} INFO - Processing /usr/local/lib/python3.8/dist-packages/airflow/example_dags/example_trigger_controller_dag.py took 0.067 seconds
[2023-08-24T04:51:08.520+0000] {processor.py:157} INFO - Started process (PID=45207) to work on /usr/local/lib/python3.8/dist-packages/airflow/example_dags/example_trigger_controller_dag.py
[2023-08-24T04:51:08.522+0000] {processor.py:829} INFO - Processing file /usr/local/lib/python3.8/dist-packages/airflow/example_dags/example_trigger_controller_dag.py for tasks to queue
[2023-08-24T04:51:08.523+0000] {logging_mixin.py:151} INFO - [2023-08-24T04:51:08.522+0000] {dagbag.py:539} INFO - Filling up the DagBag from /usr/local/lib/python3.8/dist-packages/airflow/example_dags/example_trigger_controller_dag.py
[2023-08-24T04:51:08.527+0000] {processor.py:839} INFO - DAG(s) dict_keys(['example_trigger_controller_dag']) retrieved from /usr/local/lib/python3.8/dist-packages/airflow/example_dags/example_trigger_controller_dag.py
[2023-08-24T04:51:08.544+0000] {logging_mixin.py:151} INFO - [2023-08-24T04:51:08.543+0000] {dag.py:2907} INFO - Sync 1 DAGs
[2023-08-24T04:51:08.560+0000] {logging_mixin.py:151} INFO - [2023-08-24T04:51:08.559+0000] {dag.py:3677} INFO - Setting next_dagrun for example_trigger_controller_dag to 2021-01-01T00:00:00+00:00, run_after=2021-01-01T00:00:00+00:00
[2023-08-24T04:51:08.578+0000] {processor.py:179} INFO - Processing /usr/local/lib/python3.8/dist-packages/airflow/example_dags/example_trigger_controller_dag.py took 0.061 seconds
[2023-08-24T04:52:09.408+0000] {processor.py:157} INFO - Started process (PID=45389) to work on /usr/local/lib/python3.8/dist-packages/airflow/example_dags/example_trigger_controller_dag.py
[2023-08-24T04:52:09.409+0000] {processor.py:829} INFO - Processing file /usr/local/lib/python3.8/dist-packages/airflow/example_dags/example_trigger_controller_dag.py for tasks to queue
[2023-08-24T04:52:09.410+0000] {logging_mixin.py:151} INFO - [2023-08-24T04:52:09.410+0000] {dagbag.py:539} INFO - Filling up the DagBag from /usr/local/lib/python3.8/dist-packages/airflow/example_dags/example_trigger_controller_dag.py
[2023-08-24T04:52:09.415+0000] {processor.py:839} INFO - DAG(s) dict_keys(['example_trigger_controller_dag']) retrieved from /usr/local/lib/python3.8/dist-packages/airflow/example_dags/example_trigger_controller_dag.py
[2023-08-24T04:52:09.431+0000] {logging_mixin.py:151} INFO - [2023-08-24T04:52:09.431+0000] {dag.py:2907} INFO - Sync 1 DAGs
[2023-08-24T04:52:09.446+0000] {logging_mixin.py:151} INFO - [2023-08-24T04:52:09.446+0000] {dag.py:3677} INFO - Setting next_dagrun for example_trigger_controller_dag to 2021-01-01T00:00:00+00:00, run_after=2021-01-01T00:00:00+00:00
[2023-08-24T04:52:09.464+0000] {processor.py:179} INFO - Processing /usr/local/lib/python3.8/dist-packages/airflow/example_dags/example_trigger_controller_dag.py took 0.060 seconds
[2023-08-24T04:53:10.958+0000] {processor.py:157} INFO - Started process (PID=45578) to work on /usr/local/lib/python3.8/dist-packages/airflow/example_dags/example_trigger_controller_dag.py
[2023-08-24T04:53:10.959+0000] {processor.py:829} INFO - Processing file /usr/local/lib/python3.8/dist-packages/airflow/example_dags/example_trigger_controller_dag.py for tasks to queue
[2023-08-24T04:53:10.960+0000] {logging_mixin.py:151} INFO - [2023-08-24T04:53:10.960+0000] {dagbag.py:539} INFO - Filling up the DagBag from /usr/local/lib/python3.8/dist-packages/airflow/example_dags/example_trigger_controller_dag.py
[2023-08-24T04:53:10.965+0000] {processor.py:839} INFO - DAG(s) dict_keys(['example_trigger_controller_dag']) retrieved from /usr/local/lib/python3.8/dist-packages/airflow/example_dags/example_trigger_controller_dag.py
[2023-08-24T04:53:10.981+0000] {logging_mixin.py:151} INFO - [2023-08-24T04:53:10.981+0000] {dag.py:2907} INFO - Sync 1 DAGs
[2023-08-24T04:53:10.997+0000] {logging_mixin.py:151} INFO - [2023-08-24T04:53:10.997+0000] {dag.py:3677} INFO - Setting next_dagrun for example_trigger_controller_dag to 2021-01-01T00:00:00+00:00, run_after=2021-01-01T00:00:00+00:00
[2023-08-24T04:53:11.015+0000] {processor.py:179} INFO - Processing /usr/local/lib/python3.8/dist-packages/airflow/example_dags/example_trigger_controller_dag.py took 0.060 seconds
[2023-08-24T04:54:13.240+0000] {processor.py:157} INFO - Started process (PID=45761) to work on /usr/local/lib/python3.8/dist-packages/airflow/example_dags/example_trigger_controller_dag.py
[2023-08-24T04:54:13.242+0000] {processor.py:829} INFO - Processing file /usr/local/lib/python3.8/dist-packages/airflow/example_dags/example_trigger_controller_dag.py for tasks to queue
[2023-08-24T04:54:13.243+0000] {logging_mixin.py:151} INFO - [2023-08-24T04:54:13.242+0000] {dagbag.py:539} INFO - Filling up the DagBag from /usr/local/lib/python3.8/dist-packages/airflow/example_dags/example_trigger_controller_dag.py
[2023-08-24T04:54:13.247+0000] {processor.py:839} INFO - DAG(s) dict_keys(['example_trigger_controller_dag']) retrieved from /usr/local/lib/python3.8/dist-packages/airflow/example_dags/example_trigger_controller_dag.py
[2023-08-24T04:54:13.263+0000] {logging_mixin.py:151} INFO - [2023-08-24T04:54:13.263+0000] {dag.py:2907} INFO - Sync 1 DAGs
[2023-08-24T04:54:13.278+0000] {logging_mixin.py:151} INFO - [2023-08-24T04:54:13.278+0000] {dag.py:3677} INFO - Setting next_dagrun for example_trigger_controller_dag to 2021-01-01T00:00:00+00:00, run_after=2021-01-01T00:00:00+00:00
[2023-08-24T04:54:13.296+0000] {processor.py:179} INFO - Processing /usr/local/lib/python3.8/dist-packages/airflow/example_dags/example_trigger_controller_dag.py took 0.059 seconds
[2023-08-24T04:55:13.917+0000] {processor.py:157} INFO - Started process (PID=45945) to work on /usr/local/lib/python3.8/dist-packages/airflow/example_dags/example_trigger_controller_dag.py
[2023-08-24T04:55:13.919+0000] {processor.py:829} INFO - Processing file /usr/local/lib/python3.8/dist-packages/airflow/example_dags/example_trigger_controller_dag.py for tasks to queue
[2023-08-24T04:55:13.920+0000] {logging_mixin.py:151} INFO - [2023-08-24T04:55:13.919+0000] {dagbag.py:539} INFO - Filling up the DagBag from /usr/local/lib/python3.8/dist-packages/airflow/example_dags/example_trigger_controller_dag.py
[2023-08-24T04:55:13.925+0000] {processor.py:839} INFO - DAG(s) dict_keys(['example_trigger_controller_dag']) retrieved from /usr/local/lib/python3.8/dist-packages/airflow/example_dags/example_trigger_controller_dag.py
[2023-08-24T04:55:13.941+0000] {logging_mixin.py:151} INFO - [2023-08-24T04:55:13.941+0000] {dag.py:2907} INFO - Sync 1 DAGs
[2023-08-24T04:55:13.957+0000] {logging_mixin.py:151} INFO - [2023-08-24T04:55:13.956+0000] {dag.py:3677} INFO - Setting next_dagrun for example_trigger_controller_dag to 2021-01-01T00:00:00+00:00, run_after=2021-01-01T00:00:00+00:00
[2023-08-24T04:55:13.975+0000] {processor.py:179} INFO - Processing /usr/local/lib/python3.8/dist-packages/airflow/example_dags/example_trigger_controller_dag.py took 0.061 seconds
[2023-08-24T04:56:16.108+0000] {processor.py:157} INFO - Started process (PID=46132) to work on /usr/local/lib/python3.8/dist-packages/airflow/example_dags/example_trigger_controller_dag.py
[2023-08-24T04:56:16.110+0000] {processor.py:829} INFO - Processing file /usr/local/lib/python3.8/dist-packages/airflow/example_dags/example_trigger_controller_dag.py for tasks to queue
[2023-08-24T04:56:16.111+0000] {logging_mixin.py:151} INFO - [2023-08-24T04:56:16.110+0000] {dagbag.py:539} INFO - Filling up the DagBag from /usr/local/lib/python3.8/dist-packages/airflow/example_dags/example_trigger_controller_dag.py
[2023-08-24T04:56:16.115+0000] {processor.py:839} INFO - DAG(s) dict_keys(['example_trigger_controller_dag']) retrieved from /usr/local/lib/python3.8/dist-packages/airflow/example_dags/example_trigger_controller_dag.py
[2023-08-24T04:56:16.132+0000] {logging_mixin.py:151} INFO - [2023-08-24T04:56:16.131+0000] {dag.py:2907} INFO - Sync 1 DAGs
[2023-08-24T04:56:16.148+0000] {logging_mixin.py:151} INFO - [2023-08-24T04:56:16.148+0000] {dag.py:3677} INFO - Setting next_dagrun for example_trigger_controller_dag to 2021-01-01T00:00:00+00:00, run_after=2021-01-01T00:00:00+00:00
[2023-08-24T04:56:16.292+0000] {processor.py:179} INFO - Processing /usr/local/lib/python3.8/dist-packages/airflow/example_dags/example_trigger_controller_dag.py took 0.188 seconds
[2023-08-24T04:57:20.258+0000] {processor.py:157} INFO - Started process (PID=46329) to work on /usr/local/lib/python3.8/dist-packages/airflow/example_dags/example_trigger_controller_dag.py
[2023-08-24T04:57:20.260+0000] {processor.py:829} INFO - Processing file /usr/local/lib/python3.8/dist-packages/airflow/example_dags/example_trigger_controller_dag.py for tasks to queue
[2023-08-24T04:57:20.261+0000] {logging_mixin.py:151} INFO - [2023-08-24T04:57:20.261+0000] {dagbag.py:539} INFO - Filling up the DagBag from /usr/local/lib/python3.8/dist-packages/airflow/example_dags/example_trigger_controller_dag.py
[2023-08-24T04:57:20.266+0000] {processor.py:839} INFO - DAG(s) dict_keys(['example_trigger_controller_dag']) retrieved from /usr/local/lib/python3.8/dist-packages/airflow/example_dags/example_trigger_controller_dag.py
[2023-08-24T04:57:20.282+0000] {logging_mixin.py:151} INFO - [2023-08-24T04:57:20.282+0000] {dag.py:2907} INFO - Sync 1 DAGs
[2023-08-24T04:57:20.300+0000] {logging_mixin.py:151} INFO - [2023-08-24T04:57:20.300+0000] {dag.py:3677} INFO - Setting next_dagrun for example_trigger_controller_dag to 2021-01-01T00:00:00+00:00, run_after=2021-01-01T00:00:00+00:00
[2023-08-24T04:57:20.319+0000] {processor.py:179} INFO - Processing /usr/local/lib/python3.8/dist-packages/airflow/example_dags/example_trigger_controller_dag.py took 0.064 seconds
[2023-08-24T04:58:24.018+0000] {processor.py:157} INFO - Started process (PID=46513) to work on /usr/local/lib/python3.8/dist-packages/airflow/example_dags/example_trigger_controller_dag.py
[2023-08-24T04:58:24.020+0000] {processor.py:829} INFO - Processing file /usr/local/lib/python3.8/dist-packages/airflow/example_dags/example_trigger_controller_dag.py for tasks to queue
[2023-08-24T04:58:24.020+0000] {logging_mixin.py:151} INFO - [2023-08-24T04:58:24.020+0000] {dagbag.py:539} INFO - Filling up the DagBag from /usr/local/lib/python3.8/dist-packages/airflow/example_dags/example_trigger_controller_dag.py
[2023-08-24T04:58:24.025+0000] {processor.py:839} INFO - DAG(s) dict_keys(['example_trigger_controller_dag']) retrieved from /usr/local/lib/python3.8/dist-packages/airflow/example_dags/example_trigger_controller_dag.py
[2023-08-24T04:58:24.041+0000] {logging_mixin.py:151} INFO - [2023-08-24T04:58:24.041+0000] {dag.py:2907} INFO - Sync 1 DAGs
[2023-08-24T04:58:24.057+0000] {logging_mixin.py:151} INFO - [2023-08-24T04:58:24.056+0000] {dag.py:3677} INFO - Setting next_dagrun for example_trigger_controller_dag to 2021-01-01T00:00:00+00:00, run_after=2021-01-01T00:00:00+00:00
[2023-08-24T04:58:24.074+0000] {processor.py:179} INFO - Processing /usr/local/lib/python3.8/dist-packages/airflow/example_dags/example_trigger_controller_dag.py took 0.059 seconds
[2023-08-24T04:59:28.042+0000] {processor.py:157} INFO - Started process (PID=46696) to work on /usr/local/lib/python3.8/dist-packages/airflow/example_dags/example_trigger_controller_dag.py
[2023-08-24T04:59:28.043+0000] {processor.py:829} INFO - Processing file /usr/local/lib/python3.8/dist-packages/airflow/example_dags/example_trigger_controller_dag.py for tasks to queue
[2023-08-24T04:59:28.044+0000] {logging_mixin.py:151} INFO - [2023-08-24T04:59:28.044+0000] {dagbag.py:539} INFO - Filling up the DagBag from /usr/local/lib/python3.8/dist-packages/airflow/example_dags/example_trigger_controller_dag.py
[2023-08-24T04:59:28.049+0000] {processor.py:839} INFO - DAG(s) dict_keys(['example_trigger_controller_dag']) retrieved from /usr/local/lib/python3.8/dist-packages/airflow/example_dags/example_trigger_controller_dag.py
[2023-08-24T04:59:28.185+0000] {logging_mixin.py:151} INFO - [2023-08-24T04:59:28.185+0000] {dag.py:2907} INFO - Sync 1 DAGs
[2023-08-24T04:59:28.198+0000] {logging_mixin.py:151} INFO - [2023-08-24T04:59:28.198+0000] {dag.py:3677} INFO - Setting next_dagrun for example_trigger_controller_dag to 2021-01-01T00:00:00+00:00, run_after=2021-01-01T00:00:00+00:00
[2023-08-24T04:59:28.214+0000] {processor.py:179} INFO - Processing /usr/local/lib/python3.8/dist-packages/airflow/example_dags/example_trigger_controller_dag.py took 0.176 seconds
[2023-08-24T05:00:29.739+0000] {processor.py:157} INFO - Started process (PID=46880) to work on /usr/local/lib/python3.8/dist-packages/airflow/example_dags/example_trigger_controller_dag.py
[2023-08-24T05:00:29.741+0000] {processor.py:829} INFO - Processing file /usr/local/lib/python3.8/dist-packages/airflow/example_dags/example_trigger_controller_dag.py for tasks to queue
[2023-08-24T05:00:29.742+0000] {logging_mixin.py:151} INFO - [2023-08-24T05:00:29.742+0000] {dagbag.py:539} INFO - Filling up the DagBag from /usr/local/lib/python3.8/dist-packages/airflow/example_dags/example_trigger_controller_dag.py
[2023-08-24T05:00:29.747+0000] {processor.py:839} INFO - DAG(s) dict_keys(['example_trigger_controller_dag']) retrieved from /usr/local/lib/python3.8/dist-packages/airflow/example_dags/example_trigger_controller_dag.py
[2023-08-24T05:00:29.763+0000] {logging_mixin.py:151} INFO - [2023-08-24T05:00:29.763+0000] {dag.py:2907} INFO - Sync 1 DAGs
[2023-08-24T05:00:29.779+0000] {logging_mixin.py:151} INFO - [2023-08-24T05:00:29.779+0000] {dag.py:3677} INFO - Setting next_dagrun for example_trigger_controller_dag to 2021-01-01T00:00:00+00:00, run_after=2021-01-01T00:00:00+00:00
[2023-08-24T05:00:29.796+0000] {processor.py:179} INFO - Processing /usr/local/lib/python3.8/dist-packages/airflow/example_dags/example_trigger_controller_dag.py took 0.060 seconds
[2023-08-24T05:01:29.101+0000] {processor.py:157} INFO - Started process (PID=47077) to work on /usr/local/lib/python3.8/dist-packages/airflow/example_dags/example_trigger_controller_dag.py
[2023-08-24T05:01:29.103+0000] {processor.py:829} INFO - Processing file /usr/local/lib/python3.8/dist-packages/airflow/example_dags/example_trigger_controller_dag.py for tasks to queue
[2023-08-24T05:01:29.104+0000] {logging_mixin.py:151} INFO - [2023-08-24T05:01:29.104+0000] {dagbag.py:539} INFO - Filling up the DagBag from /usr/local/lib/python3.8/dist-packages/airflow/example_dags/example_trigger_controller_dag.py
[2023-08-24T05:01:29.109+0000] {processor.py:839} INFO - DAG(s) dict_keys(['example_trigger_controller_dag']) retrieved from /usr/local/lib/python3.8/dist-packages/airflow/example_dags/example_trigger_controller_dag.py
[2023-08-24T05:01:29.125+0000] {logging_mixin.py:151} INFO - [2023-08-24T05:01:29.125+0000] {dag.py:2907} INFO - Sync 1 DAGs
[2023-08-24T05:01:29.144+0000] {logging_mixin.py:151} INFO - [2023-08-24T05:01:29.144+0000] {dag.py:3677} INFO - Setting next_dagrun for example_trigger_controller_dag to 2021-01-01T00:00:00+00:00, run_after=2021-01-01T00:00:00+00:00
[2023-08-24T05:01:29.161+0000] {processor.py:179} INFO - Processing /usr/local/lib/python3.8/dist-packages/airflow/example_dags/example_trigger_controller_dag.py took 0.063 seconds
[2023-08-24T05:02:27.584+0000] {processor.py:157} INFO - Started process (PID=47263) to work on /usr/local/lib/python3.8/dist-packages/airflow/example_dags/example_trigger_controller_dag.py
[2023-08-24T05:02:27.585+0000] {processor.py:829} INFO - Processing file /usr/local/lib/python3.8/dist-packages/airflow/example_dags/example_trigger_controller_dag.py for tasks to queue
[2023-08-24T05:02:27.586+0000] {logging_mixin.py:151} INFO - [2023-08-24T05:02:27.586+0000] {dagbag.py:539} INFO - Filling up the DagBag from /usr/local/lib/python3.8/dist-packages/airflow/example_dags/example_trigger_controller_dag.py
[2023-08-24T05:02:27.591+0000] {processor.py:839} INFO - DAG(s) dict_keys(['example_trigger_controller_dag']) retrieved from /usr/local/lib/python3.8/dist-packages/airflow/example_dags/example_trigger_controller_dag.py
[2023-08-24T05:02:27.606+0000] {logging_mixin.py:151} INFO - [2023-08-24T05:02:27.606+0000] {dag.py:2907} INFO - Sync 1 DAGs
[2023-08-24T05:02:27.622+0000] {logging_mixin.py:151} INFO - [2023-08-24T05:02:27.622+0000] {dag.py:3677} INFO - Setting next_dagrun for example_trigger_controller_dag to 2021-01-01T00:00:00+00:00, run_after=2021-01-01T00:00:00+00:00
[2023-08-24T05:02:27.639+0000] {processor.py:179} INFO - Processing /usr/local/lib/python3.8/dist-packages/airflow/example_dags/example_trigger_controller_dag.py took 0.059 seconds
[2023-08-24T05:03:28.255+0000] {processor.py:157} INFO - Started process (PID=47451) to work on /usr/local/lib/python3.8/dist-packages/airflow/example_dags/example_trigger_controller_dag.py
[2023-08-24T05:03:28.256+0000] {processor.py:829} INFO - Processing file /usr/local/lib/python3.8/dist-packages/airflow/example_dags/example_trigger_controller_dag.py for tasks to queue
[2023-08-24T05:03:28.257+0000] {logging_mixin.py:151} INFO - [2023-08-24T05:03:28.257+0000] {dagbag.py:539} INFO - Filling up the DagBag from /usr/local/lib/python3.8/dist-packages/airflow/example_dags/example_trigger_controller_dag.py
[2023-08-24T05:03:28.262+0000] {processor.py:839} INFO - DAG(s) dict_keys(['example_trigger_controller_dag']) retrieved from /usr/local/lib/python3.8/dist-packages/airflow/example_dags/example_trigger_controller_dag.py
[2023-08-24T05:03:28.278+0000] {logging_mixin.py:151} INFO - [2023-08-24T05:03:28.278+0000] {dag.py:2907} INFO - Sync 1 DAGs
[2023-08-24T05:03:28.295+0000] {logging_mixin.py:151} INFO - [2023-08-24T05:03:28.295+0000] {dag.py:3677} INFO - Setting next_dagrun for example_trigger_controller_dag to 2021-01-01T00:00:00+00:00, run_after=2021-01-01T00:00:00+00:00
[2023-08-24T05:03:28.312+0000] {processor.py:179} INFO - Processing /usr/local/lib/python3.8/dist-packages/airflow/example_dags/example_trigger_controller_dag.py took 0.061 seconds
[2023-08-24T05:04:28.237+0000] {processor.py:157} INFO - Started process (PID=47634) to work on /usr/local/lib/python3.8/dist-packages/airflow/example_dags/example_trigger_controller_dag.py
[2023-08-24T05:04:28.239+0000] {processor.py:829} INFO - Processing file /usr/local/lib/python3.8/dist-packages/airflow/example_dags/example_trigger_controller_dag.py for tasks to queue
[2023-08-24T05:04:28.240+0000] {logging_mixin.py:151} INFO - [2023-08-24T05:04:28.239+0000] {dagbag.py:539} INFO - Filling up the DagBag from /usr/local/lib/python3.8/dist-packages/airflow/example_dags/example_trigger_controller_dag.py
[2023-08-24T05:04:28.245+0000] {processor.py:839} INFO - DAG(s) dict_keys(['example_trigger_controller_dag']) retrieved from /usr/local/lib/python3.8/dist-packages/airflow/example_dags/example_trigger_controller_dag.py
[2023-08-24T05:04:28.261+0000] {logging_mixin.py:151} INFO - [2023-08-24T05:04:28.261+0000] {dag.py:2907} INFO - Sync 1 DAGs
[2023-08-24T05:04:28.277+0000] {logging_mixin.py:151} INFO - [2023-08-24T05:04:28.277+0000] {dag.py:3677} INFO - Setting next_dagrun for example_trigger_controller_dag to 2021-01-01T00:00:00+00:00, run_after=2021-01-01T00:00:00+00:00
[2023-08-24T05:04:28.294+0000] {processor.py:179} INFO - Processing /usr/local/lib/python3.8/dist-packages/airflow/example_dags/example_trigger_controller_dag.py took 0.060 seconds
[2023-08-24T05:05:27.483+0000] {processor.py:157} INFO - Started process (PID=47830) to work on /usr/local/lib/python3.8/dist-packages/airflow/example_dags/example_trigger_controller_dag.py
[2023-08-24T05:05:27.485+0000] {processor.py:829} INFO - Processing file /usr/local/lib/python3.8/dist-packages/airflow/example_dags/example_trigger_controller_dag.py for tasks to queue
[2023-08-24T05:05:27.485+0000] {logging_mixin.py:151} INFO - [2023-08-24T05:05:27.485+0000] {dagbag.py:539} INFO - Filling up the DagBag from /usr/local/lib/python3.8/dist-packages/airflow/example_dags/example_trigger_controller_dag.py
[2023-08-24T05:05:27.490+0000] {processor.py:839} INFO - DAG(s) dict_keys(['example_trigger_controller_dag']) retrieved from /usr/local/lib/python3.8/dist-packages/airflow/example_dags/example_trigger_controller_dag.py
[2023-08-24T05:05:27.506+0000] {logging_mixin.py:151} INFO - [2023-08-24T05:05:27.505+0000] {dag.py:2907} INFO - Sync 1 DAGs
[2023-08-24T05:05:27.521+0000] {logging_mixin.py:151} INFO - [2023-08-24T05:05:27.521+0000] {dag.py:3677} INFO - Setting next_dagrun for example_trigger_controller_dag to 2021-01-01T00:00:00+00:00, run_after=2021-01-01T00:00:00+00:00
[2023-08-24T05:05:27.539+0000] {processor.py:179} INFO - Processing /usr/local/lib/python3.8/dist-packages/airflow/example_dags/example_trigger_controller_dag.py took 0.059 seconds
[2023-08-24T05:06:26.215+0000] {processor.py:157} INFO - Started process (PID=48026) to work on /usr/local/lib/python3.8/dist-packages/airflow/example_dags/example_trigger_controller_dag.py
[2023-08-24T05:06:26.217+0000] {processor.py:829} INFO - Processing file /usr/local/lib/python3.8/dist-packages/airflow/example_dags/example_trigger_controller_dag.py for tasks to queue
[2023-08-24T05:06:26.218+0000] {logging_mixin.py:151} INFO - [2023-08-24T05:06:26.217+0000] {dagbag.py:539} INFO - Filling up the DagBag from /usr/local/lib/python3.8/dist-packages/airflow/example_dags/example_trigger_controller_dag.py
[2023-08-24T05:06:26.223+0000] {processor.py:839} INFO - DAG(s) dict_keys(['example_trigger_controller_dag']) retrieved from /usr/local/lib/python3.8/dist-packages/airflow/example_dags/example_trigger_controller_dag.py
[2023-08-24T05:06:26.239+0000] {logging_mixin.py:151} INFO - [2023-08-24T05:06:26.239+0000] {dag.py:2907} INFO - Sync 1 DAGs
[2023-08-24T05:06:26.256+0000] {logging_mixin.py:151} INFO - [2023-08-24T05:06:26.255+0000] {dag.py:3677} INFO - Setting next_dagrun for example_trigger_controller_dag to 2021-01-01T00:00:00+00:00, run_after=2021-01-01T00:00:00+00:00
[2023-08-24T05:06:26.274+0000] {processor.py:179} INFO - Processing /usr/local/lib/python3.8/dist-packages/airflow/example_dags/example_trigger_controller_dag.py took 0.064 seconds
[2023-08-24T05:07:23.291+0000] {processor.py:157} INFO - Started process (PID=48210) to work on /usr/local/lib/python3.8/dist-packages/airflow/example_dags/example_trigger_controller_dag.py
[2023-08-24T05:07:23.294+0000] {processor.py:829} INFO - Processing file /usr/local/lib/python3.8/dist-packages/airflow/example_dags/example_trigger_controller_dag.py for tasks to queue
[2023-08-24T05:07:23.295+0000] {logging_mixin.py:151} INFO - [2023-08-24T05:07:23.294+0000] {dagbag.py:539} INFO - Filling up the DagBag from /usr/local/lib/python3.8/dist-packages/airflow/example_dags/example_trigger_controller_dag.py
[2023-08-24T05:07:23.300+0000] {processor.py:839} INFO - DAG(s) dict_keys(['example_trigger_controller_dag']) retrieved from /usr/local/lib/python3.8/dist-packages/airflow/example_dags/example_trigger_controller_dag.py
[2023-08-24T05:07:23.316+0000] {logging_mixin.py:151} INFO - [2023-08-24T05:07:23.316+0000] {dag.py:2907} INFO - Sync 1 DAGs
[2023-08-24T05:07:23.332+0000] {logging_mixin.py:151} INFO - [2023-08-24T05:07:23.332+0000] {dag.py:3677} INFO - Setting next_dagrun for example_trigger_controller_dag to 2021-01-01T00:00:00+00:00, run_after=2021-01-01T00:00:00+00:00
[2023-08-24T05:07:23.350+0000] {processor.py:179} INFO - Processing /usr/local/lib/python3.8/dist-packages/airflow/example_dags/example_trigger_controller_dag.py took 0.063 seconds
[2023-08-24T05:08:23.849+0000] {processor.py:157} INFO - Started process (PID=48396) to work on /usr/local/lib/python3.8/dist-packages/airflow/example_dags/example_trigger_controller_dag.py
[2023-08-24T05:08:23.850+0000] {processor.py:829} INFO - Processing file /usr/local/lib/python3.8/dist-packages/airflow/example_dags/example_trigger_controller_dag.py for tasks to queue
[2023-08-24T05:08:23.851+0000] {logging_mixin.py:151} INFO - [2023-08-24T05:08:23.851+0000] {dagbag.py:539} INFO - Filling up the DagBag from /usr/local/lib/python3.8/dist-packages/airflow/example_dags/example_trigger_controller_dag.py
[2023-08-24T05:08:23.856+0000] {processor.py:839} INFO - DAG(s) dict_keys(['example_trigger_controller_dag']) retrieved from /usr/local/lib/python3.8/dist-packages/airflow/example_dags/example_trigger_controller_dag.py
[2023-08-24T05:08:23.872+0000] {logging_mixin.py:151} INFO - [2023-08-24T05:08:23.872+0000] {dag.py:2907} INFO - Sync 1 DAGs
[2023-08-24T05:08:23.888+0000] {logging_mixin.py:151} INFO - [2023-08-24T05:08:23.888+0000] {dag.py:3677} INFO - Setting next_dagrun for example_trigger_controller_dag to 2021-01-01T00:00:00+00:00, run_after=2021-01-01T00:00:00+00:00
[2023-08-24T05:08:23.906+0000] {processor.py:179} INFO - Processing /usr/local/lib/python3.8/dist-packages/airflow/example_dags/example_trigger_controller_dag.py took 0.061 seconds
[2023-08-24T05:09:24.317+0000] {processor.py:157} INFO - Started process (PID=48592) to work on /usr/local/lib/python3.8/dist-packages/airflow/example_dags/example_trigger_controller_dag.py
[2023-08-24T05:09:24.319+0000] {processor.py:829} INFO - Processing file /usr/local/lib/python3.8/dist-packages/airflow/example_dags/example_trigger_controller_dag.py for tasks to queue
[2023-08-24T05:09:24.320+0000] {logging_mixin.py:151} INFO - [2023-08-24T05:09:24.319+0000] {dagbag.py:539} INFO - Filling up the DagBag from /usr/local/lib/python3.8/dist-packages/airflow/example_dags/example_trigger_controller_dag.py
[2023-08-24T05:09:24.325+0000] {processor.py:839} INFO - DAG(s) dict_keys(['example_trigger_controller_dag']) retrieved from /usr/local/lib/python3.8/dist-packages/airflow/example_dags/example_trigger_controller_dag.py
[2023-08-24T05:09:24.341+0000] {logging_mixin.py:151} INFO - [2023-08-24T05:09:24.341+0000] {dag.py:2907} INFO - Sync 1 DAGs
[2023-08-24T05:09:24.358+0000] {logging_mixin.py:151} INFO - [2023-08-24T05:09:24.358+0000] {dag.py:3677} INFO - Setting next_dagrun for example_trigger_controller_dag to 2021-01-01T00:00:00+00:00, run_after=2021-01-01T00:00:00+00:00
[2023-08-24T05:09:24.376+0000] {processor.py:179} INFO - Processing /usr/local/lib/python3.8/dist-packages/airflow/example_dags/example_trigger_controller_dag.py took 0.063 seconds
[2023-08-24T05:10:21.047+0000] {processor.py:157} INFO - Started process (PID=48773) to work on /usr/local/lib/python3.8/dist-packages/airflow/example_dags/example_trigger_controller_dag.py
[2023-08-24T05:10:21.051+0000] {processor.py:829} INFO - Processing file /usr/local/lib/python3.8/dist-packages/airflow/example_dags/example_trigger_controller_dag.py for tasks to queue
[2023-08-24T05:10:21.052+0000] {logging_mixin.py:151} INFO - [2023-08-24T05:10:21.052+0000] {dagbag.py:539} INFO - Filling up the DagBag from /usr/local/lib/python3.8/dist-packages/airflow/example_dags/example_trigger_controller_dag.py
[2023-08-24T05:10:21.057+0000] {processor.py:839} INFO - DAG(s) dict_keys(['example_trigger_controller_dag']) retrieved from /usr/local/lib/python3.8/dist-packages/airflow/example_dags/example_trigger_controller_dag.py
[2023-08-24T05:10:21.074+0000] {logging_mixin.py:151} INFO - [2023-08-24T05:10:21.073+0000] {dag.py:2907} INFO - Sync 1 DAGs
[2023-08-24T05:10:21.090+0000] {logging_mixin.py:151} INFO - [2023-08-24T05:10:21.090+0000] {dag.py:3677} INFO - Setting next_dagrun for example_trigger_controller_dag to 2021-01-01T00:00:00+00:00, run_after=2021-01-01T00:00:00+00:00
[2023-08-24T05:10:21.108+0000] {processor.py:179} INFO - Processing /usr/local/lib/python3.8/dist-packages/airflow/example_dags/example_trigger_controller_dag.py took 0.064 seconds
[2023-08-24T05:11:36.706+0000] {processor.py:157} INFO - Started process (PID=48929) to work on /usr/local/lib/python3.8/dist-packages/airflow/example_dags/example_trigger_controller_dag.py
[2023-08-24T05:11:36.709+0000] {processor.py:829} INFO - Processing file /usr/local/lib/python3.8/dist-packages/airflow/example_dags/example_trigger_controller_dag.py for tasks to queue
[2023-08-24T05:11:36.710+0000] {logging_mixin.py:151} INFO - [2023-08-24T05:11:36.710+0000] {dagbag.py:539} INFO - Filling up the DagBag from /usr/local/lib/python3.8/dist-packages/airflow/example_dags/example_trigger_controller_dag.py
[2023-08-24T05:11:36.715+0000] {processor.py:839} INFO - DAG(s) dict_keys(['example_trigger_controller_dag']) retrieved from /usr/local/lib/python3.8/dist-packages/airflow/example_dags/example_trigger_controller_dag.py
[2023-08-24T05:11:36.732+0000] {logging_mixin.py:151} INFO - [2023-08-24T05:11:36.732+0000] {dag.py:2907} INFO - Sync 1 DAGs
[2023-08-24T05:11:36.749+0000] {logging_mixin.py:151} INFO - [2023-08-24T05:11:36.749+0000] {dag.py:3677} INFO - Setting next_dagrun for example_trigger_controller_dag to 2021-01-01T00:00:00+00:00, run_after=2021-01-01T00:00:00+00:00
[2023-08-24T05:11:36.768+0000] {processor.py:179} INFO - Processing /usr/local/lib/python3.8/dist-packages/airflow/example_dags/example_trigger_controller_dag.py took 0.066 seconds
[2023-08-24T05:12:39.221+0000] {processor.py:157} INFO - Started process (PID=49126) to work on /usr/local/lib/python3.8/dist-packages/airflow/example_dags/example_trigger_controller_dag.py
[2023-08-24T05:12:39.223+0000] {processor.py:829} INFO - Processing file /usr/local/lib/python3.8/dist-packages/airflow/example_dags/example_trigger_controller_dag.py for tasks to queue
[2023-08-24T05:12:39.224+0000] {logging_mixin.py:151} INFO - [2023-08-24T05:12:39.223+0000] {dagbag.py:539} INFO - Filling up the DagBag from /usr/local/lib/python3.8/dist-packages/airflow/example_dags/example_trigger_controller_dag.py
[2023-08-24T05:12:39.229+0000] {processor.py:839} INFO - DAG(s) dict_keys(['example_trigger_controller_dag']) retrieved from /usr/local/lib/python3.8/dist-packages/airflow/example_dags/example_trigger_controller_dag.py
[2023-08-24T05:12:39.246+0000] {logging_mixin.py:151} INFO - [2023-08-24T05:12:39.246+0000] {dag.py:2907} INFO - Sync 1 DAGs
[2023-08-24T05:12:39.262+0000] {logging_mixin.py:151} INFO - [2023-08-24T05:12:39.262+0000] {dag.py:3677} INFO - Setting next_dagrun for example_trigger_controller_dag to 2021-01-01T00:00:00+00:00, run_after=2021-01-01T00:00:00+00:00
[2023-08-24T05:12:39.281+0000] {processor.py:179} INFO - Processing /usr/local/lib/python3.8/dist-packages/airflow/example_dags/example_trigger_controller_dag.py took 0.063 seconds
[2023-08-24T05:13:38.834+0000] {processor.py:157} INFO - Started process (PID=49330) to work on /usr/local/lib/python3.8/dist-packages/airflow/example_dags/example_trigger_controller_dag.py
[2023-08-24T05:13:38.836+0000] {processor.py:829} INFO - Processing file /usr/local/lib/python3.8/dist-packages/airflow/example_dags/example_trigger_controller_dag.py for tasks to queue
[2023-08-24T05:13:38.837+0000] {logging_mixin.py:151} INFO - [2023-08-24T05:13:38.836+0000] {dagbag.py:539} INFO - Filling up the DagBag from /usr/local/lib/python3.8/dist-packages/airflow/example_dags/example_trigger_controller_dag.py
[2023-08-24T05:13:38.841+0000] {processor.py:839} INFO - DAG(s) dict_keys(['example_trigger_controller_dag']) retrieved from /usr/local/lib/python3.8/dist-packages/airflow/example_dags/example_trigger_controller_dag.py
[2023-08-24T05:13:38.858+0000] {logging_mixin.py:151} INFO - [2023-08-24T05:13:38.858+0000] {dag.py:2907} INFO - Sync 1 DAGs
[2023-08-24T05:13:38.875+0000] {logging_mixin.py:151} INFO - [2023-08-24T05:13:38.875+0000] {dag.py:3677} INFO - Setting next_dagrun for example_trigger_controller_dag to 2021-01-01T00:00:00+00:00, run_after=2021-01-01T00:00:00+00:00
[2023-08-24T05:13:38.894+0000] {processor.py:179} INFO - Processing /usr/local/lib/python3.8/dist-packages/airflow/example_dags/example_trigger_controller_dag.py took 0.063 seconds
