[2023-08-24T04:22:13.440+0000] {processor.py:157} INFO - Started process (PID=37614) to work on /usr/local/lib/python3.8/dist-packages/airflow/example_dags/example_trigger_target_dag.py
[2023-08-24T04:22:13.440+0000] {processor.py:829} INFO - Processing file /usr/local/lib/python3.8/dist-packages/airflow/example_dags/example_trigger_target_dag.py for tasks to queue
[2023-08-24T04:22:13.442+0000] {logging_mixin.py:151} INFO - [2023-08-24T04:22:13.442+0000] {dagbag.py:539} INFO - Filling up the DagBag from /usr/local/lib/python3.8/dist-packages/airflow/example_dags/example_trigger_target_dag.py
[2023-08-24T04:22:13.448+0000] {processor.py:839} INFO - DAG(s) dict_keys(['example_trigger_target_dag']) retrieved from /usr/local/lib/python3.8/dist-packages/airflow/example_dags/example_trigger_target_dag.py
[2023-08-24T04:22:13.463+0000] {logging_mixin.py:151} INFO - [2023-08-24T04:22:13.463+0000] {dag.py:2907} INFO - Sync 1 DAGs
[2023-08-24T04:22:13.474+0000] {logging_mixin.py:151} INFO - [2023-08-24T04:22:13.474+0000] {dag.py:3677} INFO - Setting next_dagrun for example_trigger_target_dag to None, run_after=None
[2023-08-24T04:22:13.491+0000] {processor.py:179} INFO - Processing /usr/local/lib/python3.8/dist-packages/airflow/example_dags/example_trigger_target_dag.py took 0.055 seconds
[2023-08-24T04:31:26.533+0000] {processor.py:157} INFO - Started process (PID=41489) to work on /usr/local/lib/python3.8/dist-packages/airflow/example_dags/example_trigger_target_dag.py
[2023-08-24T04:31:26.535+0000] {processor.py:829} INFO - Processing file /usr/local/lib/python3.8/dist-packages/airflow/example_dags/example_trigger_target_dag.py for tasks to queue
[2023-08-24T04:31:26.536+0000] {logging_mixin.py:151} INFO - [2023-08-24T04:31:26.535+0000] {dagbag.py:539} INFO - Filling up the DagBag from /usr/local/lib/python3.8/dist-packages/airflow/example_dags/example_trigger_target_dag.py
[2023-08-24T04:31:26.544+0000] {processor.py:839} INFO - DAG(s) dict_keys(['example_trigger_target_dag']) retrieved from /usr/local/lib/python3.8/dist-packages/airflow/example_dags/example_trigger_target_dag.py
[2023-08-24T04:31:26.559+0000] {logging_mixin.py:151} INFO - [2023-08-24T04:31:26.559+0000] {dag.py:2907} INFO - Sync 1 DAGs
[2023-08-24T04:31:26.570+0000] {logging_mixin.py:151} INFO - [2023-08-24T04:31:26.570+0000] {dag.py:3677} INFO - Setting next_dagrun for example_trigger_target_dag to None, run_after=None
[2023-08-24T04:31:26.588+0000] {processor.py:179} INFO - Processing /usr/local/lib/python3.8/dist-packages/airflow/example_dags/example_trigger_target_dag.py took 0.058 seconds
[2023-08-24T04:32:28.544+0000] {processor.py:157} INFO - Started process (PID=41687) to work on /usr/local/lib/python3.8/dist-packages/airflow/example_dags/example_trigger_target_dag.py
[2023-08-24T04:32:28.547+0000] {processor.py:829} INFO - Processing file /usr/local/lib/python3.8/dist-packages/airflow/example_dags/example_trigger_target_dag.py for tasks to queue
[2023-08-24T04:32:28.548+0000] {logging_mixin.py:151} INFO - [2023-08-24T04:32:28.548+0000] {dagbag.py:539} INFO - Filling up the DagBag from /usr/local/lib/python3.8/dist-packages/airflow/example_dags/example_trigger_target_dag.py
[2023-08-24T04:32:28.555+0000] {processor.py:839} INFO - DAG(s) dict_keys(['example_trigger_target_dag']) retrieved from /usr/local/lib/python3.8/dist-packages/airflow/example_dags/example_trigger_target_dag.py
[2023-08-24T04:32:28.569+0000] {logging_mixin.py:151} INFO - [2023-08-24T04:32:28.569+0000] {dag.py:2907} INFO - Sync 1 DAGs
[2023-08-24T04:32:28.580+0000] {logging_mixin.py:151} INFO - [2023-08-24T04:32:28.580+0000] {dag.py:3677} INFO - Setting next_dagrun for example_trigger_target_dag to None, run_after=None
[2023-08-24T04:32:28.598+0000] {processor.py:179} INFO - Processing /usr/local/lib/python3.8/dist-packages/airflow/example_dags/example_trigger_target_dag.py took 0.057 seconds
[2023-08-24T04:33:28.126+0000] {processor.py:157} INFO - Started process (PID=41878) to work on /usr/local/lib/python3.8/dist-packages/airflow/example_dags/example_trigger_target_dag.py
[2023-08-24T04:33:28.129+0000] {processor.py:829} INFO - Processing file /usr/local/lib/python3.8/dist-packages/airflow/example_dags/example_trigger_target_dag.py for tasks to queue
[2023-08-24T04:33:28.130+0000] {logging_mixin.py:151} INFO - [2023-08-24T04:33:28.130+0000] {dagbag.py:539} INFO - Filling up the DagBag from /usr/local/lib/python3.8/dist-packages/airflow/example_dags/example_trigger_target_dag.py
[2023-08-24T04:33:28.137+0000] {processor.py:839} INFO - DAG(s) dict_keys(['example_trigger_target_dag']) retrieved from /usr/local/lib/python3.8/dist-packages/airflow/example_dags/example_trigger_target_dag.py
[2023-08-24T04:33:28.151+0000] {logging_mixin.py:151} INFO - [2023-08-24T04:33:28.151+0000] {dag.py:2907} INFO - Sync 1 DAGs
[2023-08-24T04:33:28.162+0000] {logging_mixin.py:151} INFO - [2023-08-24T04:33:28.162+0000] {dag.py:3677} INFO - Setting next_dagrun for example_trigger_target_dag to None, run_after=None
[2023-08-24T04:33:28.179+0000] {processor.py:179} INFO - Processing /usr/local/lib/python3.8/dist-packages/airflow/example_dags/example_trigger_target_dag.py took 0.057 seconds
[2023-08-24T04:34:27.233+0000] {processor.py:157} INFO - Started process (PID=42061) to work on /usr/local/lib/python3.8/dist-packages/airflow/example_dags/example_trigger_target_dag.py
[2023-08-24T04:34:27.235+0000] {processor.py:829} INFO - Processing file /usr/local/lib/python3.8/dist-packages/airflow/example_dags/example_trigger_target_dag.py for tasks to queue
[2023-08-24T04:34:27.236+0000] {logging_mixin.py:151} INFO - [2023-08-24T04:34:27.235+0000] {dagbag.py:539} INFO - Filling up the DagBag from /usr/local/lib/python3.8/dist-packages/airflow/example_dags/example_trigger_target_dag.py
[2023-08-24T04:34:27.242+0000] {processor.py:839} INFO - DAG(s) dict_keys(['example_trigger_target_dag']) retrieved from /usr/local/lib/python3.8/dist-packages/airflow/example_dags/example_trigger_target_dag.py
[2023-08-24T04:34:27.257+0000] {logging_mixin.py:151} INFO - [2023-08-24T04:34:27.257+0000] {dag.py:2907} INFO - Sync 1 DAGs
[2023-08-24T04:34:27.269+0000] {logging_mixin.py:151} INFO - [2023-08-24T04:34:27.268+0000] {dag.py:3677} INFO - Setting next_dagrun for example_trigger_target_dag to None, run_after=None
[2023-08-24T04:34:27.289+0000] {processor.py:179} INFO - Processing /usr/local/lib/python3.8/dist-packages/airflow/example_dags/example_trigger_target_dag.py took 0.060 seconds
[2023-08-24T04:35:25.570+0000] {processor.py:157} INFO - Started process (PID=42257) to work on /usr/local/lib/python3.8/dist-packages/airflow/example_dags/example_trigger_target_dag.py
[2023-08-24T04:35:25.571+0000] {processor.py:829} INFO - Processing file /usr/local/lib/python3.8/dist-packages/airflow/example_dags/example_trigger_target_dag.py for tasks to queue
[2023-08-24T04:35:25.572+0000] {logging_mixin.py:151} INFO - [2023-08-24T04:35:25.572+0000] {dagbag.py:539} INFO - Filling up the DagBag from /usr/local/lib/python3.8/dist-packages/airflow/example_dags/example_trigger_target_dag.py
[2023-08-24T04:35:25.579+0000] {processor.py:839} INFO - DAG(s) dict_keys(['example_trigger_target_dag']) retrieved from /usr/local/lib/python3.8/dist-packages/airflow/example_dags/example_trigger_target_dag.py
[2023-08-24T04:35:25.594+0000] {logging_mixin.py:151} INFO - [2023-08-24T04:35:25.594+0000] {dag.py:2907} INFO - Sync 1 DAGs
[2023-08-24T04:35:25.605+0000] {logging_mixin.py:151} INFO - [2023-08-24T04:35:25.605+0000] {dag.py:3677} INFO - Setting next_dagrun for example_trigger_target_dag to None, run_after=None
[2023-08-24T04:35:25.623+0000] {processor.py:179} INFO - Processing /usr/local/lib/python3.8/dist-packages/airflow/example_dags/example_trigger_target_dag.py took 0.057 seconds
[2023-08-24T04:36:24.824+0000] {processor.py:157} INFO - Started process (PID=42453) to work on /usr/local/lib/python3.8/dist-packages/airflow/example_dags/example_trigger_target_dag.py
[2023-08-24T04:36:24.825+0000] {processor.py:829} INFO - Processing file /usr/local/lib/python3.8/dist-packages/airflow/example_dags/example_trigger_target_dag.py for tasks to queue
[2023-08-24T04:36:24.826+0000] {logging_mixin.py:151} INFO - [2023-08-24T04:36:24.826+0000] {dagbag.py:539} INFO - Filling up the DagBag from /usr/local/lib/python3.8/dist-packages/airflow/example_dags/example_trigger_target_dag.py
[2023-08-24T04:36:24.833+0000] {processor.py:839} INFO - DAG(s) dict_keys(['example_trigger_target_dag']) retrieved from /usr/local/lib/python3.8/dist-packages/airflow/example_dags/example_trigger_target_dag.py
[2023-08-24T04:36:24.847+0000] {logging_mixin.py:151} INFO - [2023-08-24T04:36:24.847+0000] {dag.py:2907} INFO - Sync 1 DAGs
[2023-08-24T04:36:24.858+0000] {logging_mixin.py:151} INFO - [2023-08-24T04:36:24.858+0000] {dag.py:3677} INFO - Setting next_dagrun for example_trigger_target_dag to None, run_after=None
[2023-08-24T04:36:24.875+0000] {processor.py:179} INFO - Processing /usr/local/lib/python3.8/dist-packages/airflow/example_dags/example_trigger_target_dag.py took 0.055 seconds
[2023-08-24T04:37:20.337+0000] {processor.py:157} INFO - Started process (PID=42636) to work on /usr/local/lib/python3.8/dist-packages/airflow/example_dags/example_trigger_target_dag.py
[2023-08-24T04:37:20.338+0000] {processor.py:829} INFO - Processing file /usr/local/lib/python3.8/dist-packages/airflow/example_dags/example_trigger_target_dag.py for tasks to queue
[2023-08-24T04:37:20.339+0000] {logging_mixin.py:151} INFO - [2023-08-24T04:37:20.339+0000] {dagbag.py:539} INFO - Filling up the DagBag from /usr/local/lib/python3.8/dist-packages/airflow/example_dags/example_trigger_target_dag.py
[2023-08-24T04:37:20.346+0000] {processor.py:839} INFO - DAG(s) dict_keys(['example_trigger_target_dag']) retrieved from /usr/local/lib/python3.8/dist-packages/airflow/example_dags/example_trigger_target_dag.py
[2023-08-24T04:37:20.361+0000] {logging_mixin.py:151} INFO - [2023-08-24T04:37:20.360+0000] {dag.py:2907} INFO - Sync 1 DAGs
[2023-08-24T04:37:20.371+0000] {logging_mixin.py:151} INFO - [2023-08-24T04:37:20.371+0000] {dag.py:3677} INFO - Setting next_dagrun for example_trigger_target_dag to None, run_after=None
[2023-08-24T04:37:20.389+0000] {processor.py:179} INFO - Processing /usr/local/lib/python3.8/dist-packages/airflow/example_dags/example_trigger_target_dag.py took 0.056 seconds
[2023-08-24T04:38:18.282+0000] {processor.py:157} INFO - Started process (PID=42819) to work on /usr/local/lib/python3.8/dist-packages/airflow/example_dags/example_trigger_target_dag.py
[2023-08-24T04:38:18.285+0000] {processor.py:829} INFO - Processing file /usr/local/lib/python3.8/dist-packages/airflow/example_dags/example_trigger_target_dag.py for tasks to queue
[2023-08-24T04:38:18.286+0000] {logging_mixin.py:151} INFO - [2023-08-24T04:38:18.286+0000] {dagbag.py:539} INFO - Filling up the DagBag from /usr/local/lib/python3.8/dist-packages/airflow/example_dags/example_trigger_target_dag.py
[2023-08-24T04:38:18.294+0000] {processor.py:839} INFO - DAG(s) dict_keys(['example_trigger_target_dag']) retrieved from /usr/local/lib/python3.8/dist-packages/airflow/example_dags/example_trigger_target_dag.py
[2023-08-24T04:38:18.311+0000] {logging_mixin.py:151} INFO - [2023-08-24T04:38:18.310+0000] {dag.py:2907} INFO - Sync 1 DAGs
[2023-08-24T04:38:18.322+0000] {logging_mixin.py:151} INFO - [2023-08-24T04:38:18.322+0000] {dag.py:3677} INFO - Setting next_dagrun for example_trigger_target_dag to None, run_after=None
[2023-08-24T04:38:18.341+0000] {processor.py:179} INFO - Processing /usr/local/lib/python3.8/dist-packages/airflow/example_dags/example_trigger_target_dag.py took 0.063 seconds
[2023-08-24T04:39:18.809+0000] {processor.py:157} INFO - Started process (PID=43004) to work on /usr/local/lib/python3.8/dist-packages/airflow/example_dags/example_trigger_target_dag.py
[2023-08-24T04:39:18.811+0000] {processor.py:829} INFO - Processing file /usr/local/lib/python3.8/dist-packages/airflow/example_dags/example_trigger_target_dag.py for tasks to queue
[2023-08-24T04:39:18.811+0000] {logging_mixin.py:151} INFO - [2023-08-24T04:39:18.811+0000] {dagbag.py:539} INFO - Filling up the DagBag from /usr/local/lib/python3.8/dist-packages/airflow/example_dags/example_trigger_target_dag.py
[2023-08-24T04:39:18.818+0000] {processor.py:839} INFO - DAG(s) dict_keys(['example_trigger_target_dag']) retrieved from /usr/local/lib/python3.8/dist-packages/airflow/example_dags/example_trigger_target_dag.py
[2023-08-24T04:39:18.833+0000] {logging_mixin.py:151} INFO - [2023-08-24T04:39:18.833+0000] {dag.py:2907} INFO - Sync 1 DAGs
[2023-08-24T04:39:18.844+0000] {logging_mixin.py:151} INFO - [2023-08-24T04:39:18.844+0000] {dag.py:3677} INFO - Setting next_dagrun for example_trigger_target_dag to None, run_after=None
[2023-08-24T04:39:18.861+0000] {processor.py:179} INFO - Processing /usr/local/lib/python3.8/dist-packages/airflow/example_dags/example_trigger_target_dag.py took 0.056 seconds
[2023-08-24T04:40:19.087+0000] {processor.py:157} INFO - Started process (PID=43200) to work on /usr/local/lib/python3.8/dist-packages/airflow/example_dags/example_trigger_target_dag.py
[2023-08-24T04:40:19.089+0000] {processor.py:829} INFO - Processing file /usr/local/lib/python3.8/dist-packages/airflow/example_dags/example_trigger_target_dag.py for tasks to queue
[2023-08-24T04:40:19.090+0000] {logging_mixin.py:151} INFO - [2023-08-24T04:40:19.089+0000] {dagbag.py:539} INFO - Filling up the DagBag from /usr/local/lib/python3.8/dist-packages/airflow/example_dags/example_trigger_target_dag.py
[2023-08-24T04:40:19.098+0000] {processor.py:839} INFO - DAG(s) dict_keys(['example_trigger_target_dag']) retrieved from /usr/local/lib/python3.8/dist-packages/airflow/example_dags/example_trigger_target_dag.py
[2023-08-24T04:40:19.113+0000] {logging_mixin.py:151} INFO - [2023-08-24T04:40:19.113+0000] {dag.py:2907} INFO - Sync 1 DAGs
[2023-08-24T04:40:19.124+0000] {logging_mixin.py:151} INFO - [2023-08-24T04:40:19.124+0000] {dag.py:3677} INFO - Setting next_dagrun for example_trigger_target_dag to None, run_after=None
[2023-08-24T04:40:19.142+0000] {processor.py:179} INFO - Processing /usr/local/lib/python3.8/dist-packages/airflow/example_dags/example_trigger_target_dag.py took 0.058 seconds
[2023-08-24T04:41:19.766+0000] {processor.py:157} INFO - Started process (PID=43384) to work on /usr/local/lib/python3.8/dist-packages/airflow/example_dags/example_trigger_target_dag.py
[2023-08-24T04:41:19.770+0000] {processor.py:829} INFO - Processing file /usr/local/lib/python3.8/dist-packages/airflow/example_dags/example_trigger_target_dag.py for tasks to queue
[2023-08-24T04:41:19.771+0000] {logging_mixin.py:151} INFO - [2023-08-24T04:41:19.771+0000] {dagbag.py:539} INFO - Filling up the DagBag from /usr/local/lib/python3.8/dist-packages/airflow/example_dags/example_trigger_target_dag.py
[2023-08-24T04:41:19.778+0000] {processor.py:839} INFO - DAG(s) dict_keys(['example_trigger_target_dag']) retrieved from /usr/local/lib/python3.8/dist-packages/airflow/example_dags/example_trigger_target_dag.py
[2023-08-24T04:41:19.793+0000] {logging_mixin.py:151} INFO - [2023-08-24T04:41:19.793+0000] {dag.py:2907} INFO - Sync 1 DAGs
[2023-08-24T04:41:19.804+0000] {logging_mixin.py:151} INFO - [2023-08-24T04:41:19.803+0000] {dag.py:3677} INFO - Setting next_dagrun for example_trigger_target_dag to None, run_after=None
[2023-08-24T04:41:19.821+0000] {processor.py:179} INFO - Processing /usr/local/lib/python3.8/dist-packages/airflow/example_dags/example_trigger_target_dag.py took 0.058 seconds
[2023-08-24T04:42:19.226+0000] {processor.py:157} INFO - Started process (PID=43568) to work on /usr/local/lib/python3.8/dist-packages/airflow/example_dags/example_trigger_target_dag.py
[2023-08-24T04:42:19.227+0000] {processor.py:829} INFO - Processing file /usr/local/lib/python3.8/dist-packages/airflow/example_dags/example_trigger_target_dag.py for tasks to queue
[2023-08-24T04:42:19.228+0000] {logging_mixin.py:151} INFO - [2023-08-24T04:42:19.228+0000] {dagbag.py:539} INFO - Filling up the DagBag from /usr/local/lib/python3.8/dist-packages/airflow/example_dags/example_trigger_target_dag.py
[2023-08-24T04:42:19.235+0000] {processor.py:839} INFO - DAG(s) dict_keys(['example_trigger_target_dag']) retrieved from /usr/local/lib/python3.8/dist-packages/airflow/example_dags/example_trigger_target_dag.py
[2023-08-24T04:42:19.250+0000] {logging_mixin.py:151} INFO - [2023-08-24T04:42:19.249+0000] {dag.py:2907} INFO - Sync 1 DAGs
[2023-08-24T04:42:19.260+0000] {logging_mixin.py:151} INFO - [2023-08-24T04:42:19.260+0000] {dag.py:3677} INFO - Setting next_dagrun for example_trigger_target_dag to None, run_after=None
[2023-08-24T04:42:19.278+0000] {processor.py:179} INFO - Processing /usr/local/lib/python3.8/dist-packages/airflow/example_dags/example_trigger_target_dag.py took 0.056 seconds
[2023-08-24T04:43:18.488+0000] {processor.py:157} INFO - Started process (PID=43755) to work on /usr/local/lib/python3.8/dist-packages/airflow/example_dags/example_trigger_target_dag.py
[2023-08-24T04:43:18.489+0000] {processor.py:829} INFO - Processing file /usr/local/lib/python3.8/dist-packages/airflow/example_dags/example_trigger_target_dag.py for tasks to queue
[2023-08-24T04:43:18.490+0000] {logging_mixin.py:151} INFO - [2023-08-24T04:43:18.490+0000] {dagbag.py:539} INFO - Filling up the DagBag from /usr/local/lib/python3.8/dist-packages/airflow/example_dags/example_trigger_target_dag.py
[2023-08-24T04:43:18.497+0000] {processor.py:839} INFO - DAG(s) dict_keys(['example_trigger_target_dag']) retrieved from /usr/local/lib/python3.8/dist-packages/airflow/example_dags/example_trigger_target_dag.py
[2023-08-24T04:43:18.512+0000] {logging_mixin.py:151} INFO - [2023-08-24T04:43:18.512+0000] {dag.py:2907} INFO - Sync 1 DAGs
[2023-08-24T04:43:18.523+0000] {logging_mixin.py:151} INFO - [2023-08-24T04:43:18.522+0000] {dag.py:3677} INFO - Setting next_dagrun for example_trigger_target_dag to None, run_after=None
[2023-08-24T04:43:18.540+0000] {processor.py:179} INFO - Processing /usr/local/lib/python3.8/dist-packages/airflow/example_dags/example_trigger_target_dag.py took 0.056 seconds
[2023-08-24T04:44:19.253+0000] {processor.py:157} INFO - Started process (PID=43941) to work on /usr/local/lib/python3.8/dist-packages/airflow/example_dags/example_trigger_target_dag.py
[2023-08-24T04:44:19.254+0000] {processor.py:829} INFO - Processing file /usr/local/lib/python3.8/dist-packages/airflow/example_dags/example_trigger_target_dag.py for tasks to queue
[2023-08-24T04:44:19.255+0000] {logging_mixin.py:151} INFO - [2023-08-24T04:44:19.255+0000] {dagbag.py:539} INFO - Filling up the DagBag from /usr/local/lib/python3.8/dist-packages/airflow/example_dags/example_trigger_target_dag.py
[2023-08-24T04:44:19.262+0000] {processor.py:839} INFO - DAG(s) dict_keys(['example_trigger_target_dag']) retrieved from /usr/local/lib/python3.8/dist-packages/airflow/example_dags/example_trigger_target_dag.py
[2023-08-24T04:44:19.277+0000] {logging_mixin.py:151} INFO - [2023-08-24T04:44:19.277+0000] {dag.py:2907} INFO - Sync 1 DAGs
[2023-08-24T04:44:19.288+0000] {logging_mixin.py:151} INFO - [2023-08-24T04:44:19.288+0000] {dag.py:3677} INFO - Setting next_dagrun for example_trigger_target_dag to None, run_after=None
[2023-08-24T04:44:19.306+0000] {processor.py:179} INFO - Processing /usr/local/lib/python3.8/dist-packages/airflow/example_dags/example_trigger_target_dag.py took 0.056 seconds
[2023-08-24T04:45:20.316+0000] {processor.py:157} INFO - Started process (PID=44124) to work on /usr/local/lib/python3.8/dist-packages/airflow/example_dags/example_trigger_target_dag.py
[2023-08-24T04:45:20.321+0000] {processor.py:829} INFO - Processing file /usr/local/lib/python3.8/dist-packages/airflow/example_dags/example_trigger_target_dag.py for tasks to queue
[2023-08-24T04:45:20.322+0000] {logging_mixin.py:151} INFO - [2023-08-24T04:45:20.322+0000] {dagbag.py:539} INFO - Filling up the DagBag from /usr/local/lib/python3.8/dist-packages/airflow/example_dags/example_trigger_target_dag.py
[2023-08-24T04:45:20.330+0000] {processor.py:839} INFO - DAG(s) dict_keys(['example_trigger_target_dag']) retrieved from /usr/local/lib/python3.8/dist-packages/airflow/example_dags/example_trigger_target_dag.py
[2023-08-24T04:45:20.345+0000] {logging_mixin.py:151} INFO - [2023-08-24T04:45:20.345+0000] {dag.py:2907} INFO - Sync 1 DAGs
[2023-08-24T04:45:20.356+0000] {logging_mixin.py:151} INFO - [2023-08-24T04:45:20.355+0000] {dag.py:3677} INFO - Setting next_dagrun for example_trigger_target_dag to None, run_after=None
[2023-08-24T04:45:20.374+0000] {processor.py:179} INFO - Processing /usr/local/lib/python3.8/dist-packages/airflow/example_dags/example_trigger_target_dag.py took 0.061 seconds
[2023-08-24T04:46:21.895+0000] {processor.py:157} INFO - Started process (PID=44307) to work on /usr/local/lib/python3.8/dist-packages/airflow/example_dags/example_trigger_target_dag.py
[2023-08-24T04:46:21.901+0000] {processor.py:829} INFO - Processing file /usr/local/lib/python3.8/dist-packages/airflow/example_dags/example_trigger_target_dag.py for tasks to queue
[2023-08-24T04:46:21.902+0000] {logging_mixin.py:151} INFO - [2023-08-24T04:46:21.901+0000] {dagbag.py:539} INFO - Filling up the DagBag from /usr/local/lib/python3.8/dist-packages/airflow/example_dags/example_trigger_target_dag.py
[2023-08-24T04:46:21.909+0000] {processor.py:839} INFO - DAG(s) dict_keys(['example_trigger_target_dag']) retrieved from /usr/local/lib/python3.8/dist-packages/airflow/example_dags/example_trigger_target_dag.py
[2023-08-24T04:46:21.924+0000] {logging_mixin.py:151} INFO - [2023-08-24T04:46:21.923+0000] {dag.py:2907} INFO - Sync 1 DAGs
[2023-08-24T04:46:21.934+0000] {logging_mixin.py:151} INFO - [2023-08-24T04:46:21.934+0000] {dag.py:3677} INFO - Setting next_dagrun for example_trigger_target_dag to None, run_after=None
[2023-08-24T04:46:21.953+0000] {processor.py:179} INFO - Processing /usr/local/lib/python3.8/dist-packages/airflow/example_dags/example_trigger_target_dag.py took 0.061 seconds
[2023-08-24T04:47:24.881+0000] {processor.py:157} INFO - Started process (PID=44490) to work on /usr/local/lib/python3.8/dist-packages/airflow/example_dags/example_trigger_target_dag.py
[2023-08-24T04:47:24.883+0000] {processor.py:829} INFO - Processing file /usr/local/lib/python3.8/dist-packages/airflow/example_dags/example_trigger_target_dag.py for tasks to queue
[2023-08-24T04:47:24.884+0000] {logging_mixin.py:151} INFO - [2023-08-24T04:47:24.884+0000] {dagbag.py:539} INFO - Filling up the DagBag from /usr/local/lib/python3.8/dist-packages/airflow/example_dags/example_trigger_target_dag.py
[2023-08-24T04:47:24.891+0000] {processor.py:839} INFO - DAG(s) dict_keys(['example_trigger_target_dag']) retrieved from /usr/local/lib/python3.8/dist-packages/airflow/example_dags/example_trigger_target_dag.py
[2023-08-24T04:47:24.906+0000] {logging_mixin.py:151} INFO - [2023-08-24T04:47:24.905+0000] {dag.py:2907} INFO - Sync 1 DAGs
[2023-08-24T04:47:24.917+0000] {logging_mixin.py:151} INFO - [2023-08-24T04:47:24.917+0000] {dag.py:3677} INFO - Setting next_dagrun for example_trigger_target_dag to None, run_after=None
[2023-08-24T04:47:24.937+0000] {processor.py:179} INFO - Processing /usr/local/lib/python3.8/dist-packages/airflow/example_dags/example_trigger_target_dag.py took 0.059 seconds
[2023-08-24T04:48:25.760+0000] {processor.py:157} INFO - Started process (PID=44674) to work on /usr/local/lib/python3.8/dist-packages/airflow/example_dags/example_trigger_target_dag.py
[2023-08-24T04:48:25.761+0000] {processor.py:829} INFO - Processing file /usr/local/lib/python3.8/dist-packages/airflow/example_dags/example_trigger_target_dag.py for tasks to queue
[2023-08-24T04:48:25.762+0000] {logging_mixin.py:151} INFO - [2023-08-24T04:48:25.762+0000] {dagbag.py:539} INFO - Filling up the DagBag from /usr/local/lib/python3.8/dist-packages/airflow/example_dags/example_trigger_target_dag.py
[2023-08-24T04:48:25.769+0000] {processor.py:839} INFO - DAG(s) dict_keys(['example_trigger_target_dag']) retrieved from /usr/local/lib/python3.8/dist-packages/airflow/example_dags/example_trigger_target_dag.py
[2023-08-24T04:48:25.784+0000] {logging_mixin.py:151} INFO - [2023-08-24T04:48:25.784+0000] {dag.py:2907} INFO - Sync 1 DAGs
[2023-08-24T04:48:25.795+0000] {logging_mixin.py:151} INFO - [2023-08-24T04:48:25.795+0000] {dag.py:3677} INFO - Setting next_dagrun for example_trigger_target_dag to None, run_after=None
[2023-08-24T04:48:25.812+0000] {processor.py:179} INFO - Processing /usr/local/lib/python3.8/dist-packages/airflow/example_dags/example_trigger_target_dag.py took 0.056 seconds
[2023-08-24T04:49:28.089+0000] {processor.py:157} INFO - Started process (PID=44858) to work on /usr/local/lib/python3.8/dist-packages/airflow/example_dags/example_trigger_target_dag.py
[2023-08-24T04:49:28.091+0000] {processor.py:829} INFO - Processing file /usr/local/lib/python3.8/dist-packages/airflow/example_dags/example_trigger_target_dag.py for tasks to queue
[2023-08-24T04:49:28.092+0000] {logging_mixin.py:151} INFO - [2023-08-24T04:49:28.091+0000] {dagbag.py:539} INFO - Filling up the DagBag from /usr/local/lib/python3.8/dist-packages/airflow/example_dags/example_trigger_target_dag.py
[2023-08-24T04:49:28.099+0000] {processor.py:839} INFO - DAG(s) dict_keys(['example_trigger_target_dag']) retrieved from /usr/local/lib/python3.8/dist-packages/airflow/example_dags/example_trigger_target_dag.py
[2023-08-24T04:49:28.114+0000] {logging_mixin.py:151} INFO - [2023-08-24T04:49:28.114+0000] {dag.py:2907} INFO - Sync 1 DAGs
[2023-08-24T04:49:28.125+0000] {logging_mixin.py:151} INFO - [2023-08-24T04:49:28.125+0000] {dag.py:3677} INFO - Setting next_dagrun for example_trigger_target_dag to None, run_after=None
[2023-08-24T04:49:28.144+0000] {processor.py:179} INFO - Processing /usr/local/lib/python3.8/dist-packages/airflow/example_dags/example_trigger_target_dag.py took 0.058 seconds
[2023-08-24T04:50:25.524+0000] {processor.py:157} INFO - Started process (PID=45042) to work on /usr/local/lib/python3.8/dist-packages/airflow/example_dags/example_trigger_target_dag.py
[2023-08-24T04:50:25.526+0000] {processor.py:829} INFO - Processing file /usr/local/lib/python3.8/dist-packages/airflow/example_dags/example_trigger_target_dag.py for tasks to queue
[2023-08-24T04:50:25.527+0000] {logging_mixin.py:151} INFO - [2023-08-24T04:50:25.526+0000] {dagbag.py:539} INFO - Filling up the DagBag from /usr/local/lib/python3.8/dist-packages/airflow/example_dags/example_trigger_target_dag.py
[2023-08-24T04:50:25.533+0000] {processor.py:839} INFO - DAG(s) dict_keys(['example_trigger_target_dag']) retrieved from /usr/local/lib/python3.8/dist-packages/airflow/example_dags/example_trigger_target_dag.py
[2023-08-24T04:50:25.549+0000] {logging_mixin.py:151} INFO - [2023-08-24T04:50:25.549+0000] {dag.py:2907} INFO - Sync 1 DAGs
[2023-08-24T04:50:25.560+0000] {logging_mixin.py:151} INFO - [2023-08-24T04:50:25.560+0000] {dag.py:3677} INFO - Setting next_dagrun for example_trigger_target_dag to None, run_after=None
[2023-08-24T04:50:25.578+0000] {processor.py:179} INFO - Processing /usr/local/lib/python3.8/dist-packages/airflow/example_dags/example_trigger_target_dag.py took 0.057 seconds
[2023-08-24T04:51:25.386+0000] {processor.py:157} INFO - Started process (PID=45224) to work on /usr/local/lib/python3.8/dist-packages/airflow/example_dags/example_trigger_target_dag.py
[2023-08-24T04:51:25.387+0000] {processor.py:829} INFO - Processing file /usr/local/lib/python3.8/dist-packages/airflow/example_dags/example_trigger_target_dag.py for tasks to queue
[2023-08-24T04:51:25.388+0000] {logging_mixin.py:151} INFO - [2023-08-24T04:51:25.388+0000] {dagbag.py:539} INFO - Filling up the DagBag from /usr/local/lib/python3.8/dist-packages/airflow/example_dags/example_trigger_target_dag.py
[2023-08-24T04:51:25.395+0000] {processor.py:839} INFO - DAG(s) dict_keys(['example_trigger_target_dag']) retrieved from /usr/local/lib/python3.8/dist-packages/airflow/example_dags/example_trigger_target_dag.py
[2023-08-24T04:51:25.411+0000] {logging_mixin.py:151} INFO - [2023-08-24T04:51:25.411+0000] {dag.py:2907} INFO - Sync 1 DAGs
[2023-08-24T04:51:25.422+0000] {logging_mixin.py:151} INFO - [2023-08-24T04:51:25.422+0000] {dag.py:3677} INFO - Setting next_dagrun for example_trigger_target_dag to None, run_after=None
[2023-08-24T04:51:25.440+0000] {processor.py:179} INFO - Processing /usr/local/lib/python3.8/dist-packages/airflow/example_dags/example_trigger_target_dag.py took 0.058 seconds
[2023-08-24T04:52:27.595+0000] {processor.py:157} INFO - Started process (PID=45407) to work on /usr/local/lib/python3.8/dist-packages/airflow/example_dags/example_trigger_target_dag.py
[2023-08-24T04:52:27.597+0000] {processor.py:829} INFO - Processing file /usr/local/lib/python3.8/dist-packages/airflow/example_dags/example_trigger_target_dag.py for tasks to queue
[2023-08-24T04:52:27.598+0000] {logging_mixin.py:151} INFO - [2023-08-24T04:52:27.598+0000] {dagbag.py:539} INFO - Filling up the DagBag from /usr/local/lib/python3.8/dist-packages/airflow/example_dags/example_trigger_target_dag.py
[2023-08-24T04:52:27.605+0000] {processor.py:839} INFO - DAG(s) dict_keys(['example_trigger_target_dag']) retrieved from /usr/local/lib/python3.8/dist-packages/airflow/example_dags/example_trigger_target_dag.py
[2023-08-24T04:52:27.619+0000] {logging_mixin.py:151} INFO - [2023-08-24T04:52:27.619+0000] {dag.py:2907} INFO - Sync 1 DAGs
[2023-08-24T04:52:27.630+0000] {logging_mixin.py:151} INFO - [2023-08-24T04:52:27.630+0000] {dag.py:3677} INFO - Setting next_dagrun for example_trigger_target_dag to None, run_after=None
[2023-08-24T04:52:27.647+0000] {processor.py:179} INFO - Processing /usr/local/lib/python3.8/dist-packages/airflow/example_dags/example_trigger_target_dag.py took 0.055 seconds
[2023-08-24T04:53:29.978+0000] {processor.py:157} INFO - Started process (PID=45596) to work on /usr/local/lib/python3.8/dist-packages/airflow/example_dags/example_trigger_target_dag.py
[2023-08-24T04:53:29.979+0000] {processor.py:829} INFO - Processing file /usr/local/lib/python3.8/dist-packages/airflow/example_dags/example_trigger_target_dag.py for tasks to queue
[2023-08-24T04:53:29.980+0000] {logging_mixin.py:151} INFO - [2023-08-24T04:53:29.980+0000] {dagbag.py:539} INFO - Filling up the DagBag from /usr/local/lib/python3.8/dist-packages/airflow/example_dags/example_trigger_target_dag.py
[2023-08-24T04:53:29.988+0000] {processor.py:839} INFO - DAG(s) dict_keys(['example_trigger_target_dag']) retrieved from /usr/local/lib/python3.8/dist-packages/airflow/example_dags/example_trigger_target_dag.py
[2023-08-24T04:53:30.004+0000] {logging_mixin.py:151} INFO - [2023-08-24T04:53:30.004+0000] {dag.py:2907} INFO - Sync 1 DAGs
[2023-08-24T04:53:30.015+0000] {logging_mixin.py:151} INFO - [2023-08-24T04:53:30.015+0000] {dag.py:3677} INFO - Setting next_dagrun for example_trigger_target_dag to None, run_after=None
[2023-08-24T04:53:30.032+0000] {processor.py:179} INFO - Processing /usr/local/lib/python3.8/dist-packages/airflow/example_dags/example_trigger_target_dag.py took 0.058 seconds
[2023-08-24T04:54:30.404+0000] {processor.py:157} INFO - Started process (PID=45779) to work on /usr/local/lib/python3.8/dist-packages/airflow/example_dags/example_trigger_target_dag.py
[2023-08-24T04:54:30.406+0000] {processor.py:829} INFO - Processing file /usr/local/lib/python3.8/dist-packages/airflow/example_dags/example_trigger_target_dag.py for tasks to queue
[2023-08-24T04:54:30.407+0000] {logging_mixin.py:151} INFO - [2023-08-24T04:54:30.406+0000] {dagbag.py:539} INFO - Filling up the DagBag from /usr/local/lib/python3.8/dist-packages/airflow/example_dags/example_trigger_target_dag.py
[2023-08-24T04:54:30.414+0000] {processor.py:839} INFO - DAG(s) dict_keys(['example_trigger_target_dag']) retrieved from /usr/local/lib/python3.8/dist-packages/airflow/example_dags/example_trigger_target_dag.py
[2023-08-24T04:54:30.432+0000] {logging_mixin.py:151} INFO - [2023-08-24T04:54:30.431+0000] {dag.py:2907} INFO - Sync 1 DAGs
[2023-08-24T04:54:30.443+0000] {logging_mixin.py:151} INFO - [2023-08-24T04:54:30.443+0000] {dag.py:3677} INFO - Setting next_dagrun for example_trigger_target_dag to None, run_after=None
[2023-08-24T04:54:30.462+0000] {processor.py:179} INFO - Processing /usr/local/lib/python3.8/dist-packages/airflow/example_dags/example_trigger_target_dag.py took 0.062 seconds
[2023-08-24T04:55:29.733+0000] {processor.py:157} INFO - Started process (PID=45962) to work on /usr/local/lib/python3.8/dist-packages/airflow/example_dags/example_trigger_target_dag.py
[2023-08-24T04:55:29.735+0000] {processor.py:829} INFO - Processing file /usr/local/lib/python3.8/dist-packages/airflow/example_dags/example_trigger_target_dag.py for tasks to queue
[2023-08-24T04:55:29.736+0000] {logging_mixin.py:151} INFO - [2023-08-24T04:55:29.735+0000] {dagbag.py:539} INFO - Filling up the DagBag from /usr/local/lib/python3.8/dist-packages/airflow/example_dags/example_trigger_target_dag.py
[2023-08-24T04:55:29.743+0000] {processor.py:839} INFO - DAG(s) dict_keys(['example_trigger_target_dag']) retrieved from /usr/local/lib/python3.8/dist-packages/airflow/example_dags/example_trigger_target_dag.py
[2023-08-24T04:55:29.758+0000] {logging_mixin.py:151} INFO - [2023-08-24T04:55:29.758+0000] {dag.py:2907} INFO - Sync 1 DAGs
[2023-08-24T04:55:29.769+0000] {logging_mixin.py:151} INFO - [2023-08-24T04:55:29.769+0000] {dag.py:3677} INFO - Setting next_dagrun for example_trigger_target_dag to None, run_after=None
[2023-08-24T04:55:29.787+0000] {processor.py:179} INFO - Processing /usr/local/lib/python3.8/dist-packages/airflow/example_dags/example_trigger_target_dag.py took 0.057 seconds
[2023-08-24T04:56:35.352+0000] {processor.py:157} INFO - Started process (PID=46150) to work on /usr/local/lib/python3.8/dist-packages/airflow/example_dags/example_trigger_target_dag.py
[2023-08-24T04:56:35.355+0000] {processor.py:829} INFO - Processing file /usr/local/lib/python3.8/dist-packages/airflow/example_dags/example_trigger_target_dag.py for tasks to queue
[2023-08-24T04:56:35.356+0000] {logging_mixin.py:151} INFO - [2023-08-24T04:56:35.356+0000] {dagbag.py:539} INFO - Filling up the DagBag from /usr/local/lib/python3.8/dist-packages/airflow/example_dags/example_trigger_target_dag.py
[2023-08-24T04:56:35.363+0000] {processor.py:839} INFO - DAG(s) dict_keys(['example_trigger_target_dag']) retrieved from /usr/local/lib/python3.8/dist-packages/airflow/example_dags/example_trigger_target_dag.py
[2023-08-24T04:56:35.379+0000] {logging_mixin.py:151} INFO - [2023-08-24T04:56:35.378+0000] {dag.py:2907} INFO - Sync 1 DAGs
[2023-08-24T04:56:35.390+0000] {logging_mixin.py:151} INFO - [2023-08-24T04:56:35.389+0000] {dag.py:3677} INFO - Setting next_dagrun for example_trigger_target_dag to None, run_after=None
[2023-08-24T04:56:35.409+0000] {processor.py:179} INFO - Processing /usr/local/lib/python3.8/dist-packages/airflow/example_dags/example_trigger_target_dag.py took 0.060 seconds
[2023-08-24T04:57:38.645+0000] {processor.py:157} INFO - Started process (PID=46346) to work on /usr/local/lib/python3.8/dist-packages/airflow/example_dags/example_trigger_target_dag.py
[2023-08-24T04:57:38.647+0000] {processor.py:829} INFO - Processing file /usr/local/lib/python3.8/dist-packages/airflow/example_dags/example_trigger_target_dag.py for tasks to queue
[2023-08-24T04:57:38.648+0000] {logging_mixin.py:151} INFO - [2023-08-24T04:57:38.648+0000] {dagbag.py:539} INFO - Filling up the DagBag from /usr/local/lib/python3.8/dist-packages/airflow/example_dags/example_trigger_target_dag.py
[2023-08-24T04:57:38.656+0000] {processor.py:839} INFO - DAG(s) dict_keys(['example_trigger_target_dag']) retrieved from /usr/local/lib/python3.8/dist-packages/airflow/example_dags/example_trigger_target_dag.py
[2023-08-24T04:57:38.673+0000] {logging_mixin.py:151} INFO - [2023-08-24T04:57:38.672+0000] {dag.py:2907} INFO - Sync 1 DAGs
[2023-08-24T04:57:38.806+0000] {logging_mixin.py:151} INFO - [2023-08-24T04:57:38.806+0000] {dag.py:3677} INFO - Setting next_dagrun for example_trigger_target_dag to None, run_after=None
[2023-08-24T04:57:38.824+0000] {processor.py:179} INFO - Processing /usr/local/lib/python3.8/dist-packages/airflow/example_dags/example_trigger_target_dag.py took 0.182 seconds
[2023-08-24T04:58:40.862+0000] {processor.py:157} INFO - Started process (PID=46530) to work on /usr/local/lib/python3.8/dist-packages/airflow/example_dags/example_trigger_target_dag.py
[2023-08-24T04:58:40.864+0000] {processor.py:829} INFO - Processing file /usr/local/lib/python3.8/dist-packages/airflow/example_dags/example_trigger_target_dag.py for tasks to queue
[2023-08-24T04:58:40.865+0000] {logging_mixin.py:151} INFO - [2023-08-24T04:58:40.865+0000] {dagbag.py:539} INFO - Filling up the DagBag from /usr/local/lib/python3.8/dist-packages/airflow/example_dags/example_trigger_target_dag.py
[2023-08-24T04:58:40.872+0000] {processor.py:839} INFO - DAG(s) dict_keys(['example_trigger_target_dag']) retrieved from /usr/local/lib/python3.8/dist-packages/airflow/example_dags/example_trigger_target_dag.py
[2023-08-24T04:58:40.887+0000] {logging_mixin.py:151} INFO - [2023-08-24T04:58:40.886+0000] {dag.py:2907} INFO - Sync 1 DAGs
[2023-08-24T04:58:40.897+0000] {logging_mixin.py:151} INFO - [2023-08-24T04:58:40.897+0000] {dag.py:3677} INFO - Setting next_dagrun for example_trigger_target_dag to None, run_after=None
[2023-08-24T04:58:40.914+0000] {processor.py:179} INFO - Processing /usr/local/lib/python3.8/dist-packages/airflow/example_dags/example_trigger_target_dag.py took 0.056 seconds
[2023-08-24T04:59:45.750+0000] {processor.py:157} INFO - Started process (PID=46713) to work on /usr/local/lib/python3.8/dist-packages/airflow/example_dags/example_trigger_target_dag.py
[2023-08-24T04:59:45.753+0000] {processor.py:829} INFO - Processing file /usr/local/lib/python3.8/dist-packages/airflow/example_dags/example_trigger_target_dag.py for tasks to queue
[2023-08-24T04:59:45.754+0000] {logging_mixin.py:151} INFO - [2023-08-24T04:59:45.754+0000] {dagbag.py:539} INFO - Filling up the DagBag from /usr/local/lib/python3.8/dist-packages/airflow/example_dags/example_trigger_target_dag.py
[2023-08-24T04:59:45.761+0000] {processor.py:839} INFO - DAG(s) dict_keys(['example_trigger_target_dag']) retrieved from /usr/local/lib/python3.8/dist-packages/airflow/example_dags/example_trigger_target_dag.py
[2023-08-24T04:59:45.777+0000] {logging_mixin.py:151} INFO - [2023-08-24T04:59:45.776+0000] {dag.py:2907} INFO - Sync 1 DAGs
[2023-08-24T04:59:45.787+0000] {logging_mixin.py:151} INFO - [2023-08-24T04:59:45.787+0000] {dag.py:3677} INFO - Setting next_dagrun for example_trigger_target_dag to None, run_after=None
[2023-08-24T04:59:45.804+0000] {processor.py:179} INFO - Processing /usr/local/lib/python3.8/dist-packages/airflow/example_dags/example_trigger_target_dag.py took 0.057 seconds
[2023-08-24T05:00:44.980+0000] {processor.py:157} INFO - Started process (PID=46897) to work on /usr/local/lib/python3.8/dist-packages/airflow/example_dags/example_trigger_target_dag.py
[2023-08-24T05:00:44.986+0000] {processor.py:829} INFO - Processing file /usr/local/lib/python3.8/dist-packages/airflow/example_dags/example_trigger_target_dag.py for tasks to queue
[2023-08-24T05:00:44.987+0000] {logging_mixin.py:151} INFO - [2023-08-24T05:00:44.986+0000] {dagbag.py:539} INFO - Filling up the DagBag from /usr/local/lib/python3.8/dist-packages/airflow/example_dags/example_trigger_target_dag.py
[2023-08-24T05:00:44.994+0000] {processor.py:839} INFO - DAG(s) dict_keys(['example_trigger_target_dag']) retrieved from /usr/local/lib/python3.8/dist-packages/airflow/example_dags/example_trigger_target_dag.py
[2023-08-24T05:00:45.009+0000] {logging_mixin.py:151} INFO - [2023-08-24T05:00:45.008+0000] {dag.py:2907} INFO - Sync 1 DAGs
[2023-08-24T05:00:45.019+0000] {logging_mixin.py:151} INFO - [2023-08-24T05:00:45.019+0000] {dag.py:3677} INFO - Setting next_dagrun for example_trigger_target_dag to None, run_after=None
[2023-08-24T05:00:45.036+0000] {processor.py:179} INFO - Processing /usr/local/lib/python3.8/dist-packages/airflow/example_dags/example_trigger_target_dag.py took 0.059 seconds
[2023-08-24T05:01:44.241+0000] {processor.py:157} INFO - Started process (PID=47095) to work on /usr/local/lib/python3.8/dist-packages/airflow/example_dags/example_trigger_target_dag.py
[2023-08-24T05:01:44.243+0000] {processor.py:829} INFO - Processing file /usr/local/lib/python3.8/dist-packages/airflow/example_dags/example_trigger_target_dag.py for tasks to queue
[2023-08-24T05:01:44.244+0000] {logging_mixin.py:151} INFO - [2023-08-24T05:01:44.244+0000] {dagbag.py:539} INFO - Filling up the DagBag from /usr/local/lib/python3.8/dist-packages/airflow/example_dags/example_trigger_target_dag.py
[2023-08-24T05:01:44.251+0000] {processor.py:839} INFO - DAG(s) dict_keys(['example_trigger_target_dag']) retrieved from /usr/local/lib/python3.8/dist-packages/airflow/example_dags/example_trigger_target_dag.py
[2023-08-24T05:01:44.267+0000] {logging_mixin.py:151} INFO - [2023-08-24T05:01:44.267+0000] {dag.py:2907} INFO - Sync 1 DAGs
[2023-08-24T05:01:44.278+0000] {logging_mixin.py:151} INFO - [2023-08-24T05:01:44.278+0000] {dag.py:3677} INFO - Setting next_dagrun for example_trigger_target_dag to None, run_after=None
[2023-08-24T05:01:44.296+0000] {processor.py:179} INFO - Processing /usr/local/lib/python3.8/dist-packages/airflow/example_dags/example_trigger_target_dag.py took 0.059 seconds
[2023-08-24T05:02:44.119+0000] {processor.py:157} INFO - Started process (PID=47280) to work on /usr/local/lib/python3.8/dist-packages/airflow/example_dags/example_trigger_target_dag.py
[2023-08-24T05:02:44.120+0000] {processor.py:829} INFO - Processing file /usr/local/lib/python3.8/dist-packages/airflow/example_dags/example_trigger_target_dag.py for tasks to queue
[2023-08-24T05:02:44.121+0000] {logging_mixin.py:151} INFO - [2023-08-24T05:02:44.121+0000] {dagbag.py:539} INFO - Filling up the DagBag from /usr/local/lib/python3.8/dist-packages/airflow/example_dags/example_trigger_target_dag.py
[2023-08-24T05:02:44.128+0000] {processor.py:839} INFO - DAG(s) dict_keys(['example_trigger_target_dag']) retrieved from /usr/local/lib/python3.8/dist-packages/airflow/example_dags/example_trigger_target_dag.py
[2023-08-24T05:02:44.143+0000] {logging_mixin.py:151} INFO - [2023-08-24T05:02:44.143+0000] {dag.py:2907} INFO - Sync 1 DAGs
[2023-08-24T05:02:44.154+0000] {logging_mixin.py:151} INFO - [2023-08-24T05:02:44.154+0000] {dag.py:3677} INFO - Setting next_dagrun for example_trigger_target_dag to None, run_after=None
[2023-08-24T05:02:44.171+0000] {processor.py:179} INFO - Processing /usr/local/lib/python3.8/dist-packages/airflow/example_dags/example_trigger_target_dag.py took 0.056 seconds
[2023-08-24T05:03:44.926+0000] {processor.py:157} INFO - Started process (PID=47469) to work on /usr/local/lib/python3.8/dist-packages/airflow/example_dags/example_trigger_target_dag.py
[2023-08-24T05:03:44.929+0000] {processor.py:829} INFO - Processing file /usr/local/lib/python3.8/dist-packages/airflow/example_dags/example_trigger_target_dag.py for tasks to queue
[2023-08-24T05:03:44.929+0000] {logging_mixin.py:151} INFO - [2023-08-24T05:03:44.929+0000] {dagbag.py:539} INFO - Filling up the DagBag from /usr/local/lib/python3.8/dist-packages/airflow/example_dags/example_trigger_target_dag.py
[2023-08-24T05:03:44.936+0000] {processor.py:839} INFO - DAG(s) dict_keys(['example_trigger_target_dag']) retrieved from /usr/local/lib/python3.8/dist-packages/airflow/example_dags/example_trigger_target_dag.py
[2023-08-24T05:03:44.952+0000] {logging_mixin.py:151} INFO - [2023-08-24T05:03:44.952+0000] {dag.py:2907} INFO - Sync 1 DAGs
[2023-08-24T05:03:44.963+0000] {logging_mixin.py:151} INFO - [2023-08-24T05:03:44.962+0000] {dag.py:3677} INFO - Setting next_dagrun for example_trigger_target_dag to None, run_after=None
[2023-08-24T05:03:44.981+0000] {processor.py:179} INFO - Processing /usr/local/lib/python3.8/dist-packages/airflow/example_dags/example_trigger_target_dag.py took 0.059 seconds
[2023-08-24T05:04:43.524+0000] {processor.py:157} INFO - Started process (PID=47651) to work on /usr/local/lib/python3.8/dist-packages/airflow/example_dags/example_trigger_target_dag.py
[2023-08-24T05:04:43.526+0000] {processor.py:829} INFO - Processing file /usr/local/lib/python3.8/dist-packages/airflow/example_dags/example_trigger_target_dag.py for tasks to queue
[2023-08-24T05:04:43.527+0000] {logging_mixin.py:151} INFO - [2023-08-24T05:04:43.526+0000] {dagbag.py:539} INFO - Filling up the DagBag from /usr/local/lib/python3.8/dist-packages/airflow/example_dags/example_trigger_target_dag.py
[2023-08-24T05:04:43.533+0000] {processor.py:839} INFO - DAG(s) dict_keys(['example_trigger_target_dag']) retrieved from /usr/local/lib/python3.8/dist-packages/airflow/example_dags/example_trigger_target_dag.py
[2023-08-24T05:04:43.548+0000] {logging_mixin.py:151} INFO - [2023-08-24T05:04:43.548+0000] {dag.py:2907} INFO - Sync 1 DAGs
[2023-08-24T05:04:43.559+0000] {logging_mixin.py:151} INFO - [2023-08-24T05:04:43.559+0000] {dag.py:3677} INFO - Setting next_dagrun for example_trigger_target_dag to None, run_after=None
[2023-08-24T05:04:43.576+0000] {processor.py:179} INFO - Processing /usr/local/lib/python3.8/dist-packages/airflow/example_dags/example_trigger_target_dag.py took 0.055 seconds
[2023-08-24T05:05:42.618+0000] {processor.py:157} INFO - Started process (PID=47847) to work on /usr/local/lib/python3.8/dist-packages/airflow/example_dags/example_trigger_target_dag.py
[2023-08-24T05:05:42.621+0000] {processor.py:829} INFO - Processing file /usr/local/lib/python3.8/dist-packages/airflow/example_dags/example_trigger_target_dag.py for tasks to queue
[2023-08-24T05:05:42.621+0000] {logging_mixin.py:151} INFO - [2023-08-24T05:05:42.621+0000] {dagbag.py:539} INFO - Filling up the DagBag from /usr/local/lib/python3.8/dist-packages/airflow/example_dags/example_trigger_target_dag.py
[2023-08-24T05:05:42.628+0000] {processor.py:839} INFO - DAG(s) dict_keys(['example_trigger_target_dag']) retrieved from /usr/local/lib/python3.8/dist-packages/airflow/example_dags/example_trigger_target_dag.py
[2023-08-24T05:05:42.643+0000] {logging_mixin.py:151} INFO - [2023-08-24T05:05:42.643+0000] {dag.py:2907} INFO - Sync 1 DAGs
[2023-08-24T05:05:42.656+0000] {logging_mixin.py:151} INFO - [2023-08-24T05:05:42.656+0000] {dag.py:3677} INFO - Setting next_dagrun for example_trigger_target_dag to None, run_after=None
[2023-08-24T05:05:42.674+0000] {processor.py:179} INFO - Processing /usr/local/lib/python3.8/dist-packages/airflow/example_dags/example_trigger_target_dag.py took 0.059 seconds
[2023-08-24T05:06:41.350+0000] {processor.py:157} INFO - Started process (PID=48043) to work on /usr/local/lib/python3.8/dist-packages/airflow/example_dags/example_trigger_target_dag.py
[2023-08-24T05:06:41.353+0000] {processor.py:829} INFO - Processing file /usr/local/lib/python3.8/dist-packages/airflow/example_dags/example_trigger_target_dag.py for tasks to queue
[2023-08-24T05:06:41.354+0000] {logging_mixin.py:151} INFO - [2023-08-24T05:06:41.353+0000] {dagbag.py:539} INFO - Filling up the DagBag from /usr/local/lib/python3.8/dist-packages/airflow/example_dags/example_trigger_target_dag.py
[2023-08-24T05:06:41.361+0000] {processor.py:839} INFO - DAG(s) dict_keys(['example_trigger_target_dag']) retrieved from /usr/local/lib/python3.8/dist-packages/airflow/example_dags/example_trigger_target_dag.py
[2023-08-24T05:06:41.376+0000] {logging_mixin.py:151} INFO - [2023-08-24T05:06:41.376+0000] {dag.py:2907} INFO - Sync 1 DAGs
[2023-08-24T05:06:41.387+0000] {logging_mixin.py:151} INFO - [2023-08-24T05:06:41.386+0000] {dag.py:3677} INFO - Setting next_dagrun for example_trigger_target_dag to None, run_after=None
[2023-08-24T05:06:41.405+0000] {processor.py:179} INFO - Processing /usr/local/lib/python3.8/dist-packages/airflow/example_dags/example_trigger_target_dag.py took 0.059 seconds
[2023-08-24T05:07:39.952+0000] {processor.py:157} INFO - Started process (PID=48229) to work on /usr/local/lib/python3.8/dist-packages/airflow/example_dags/example_trigger_target_dag.py
[2023-08-24T05:07:39.953+0000] {processor.py:829} INFO - Processing file /usr/local/lib/python3.8/dist-packages/airflow/example_dags/example_trigger_target_dag.py for tasks to queue
[2023-08-24T05:07:39.954+0000] {logging_mixin.py:151} INFO - [2023-08-24T05:07:39.954+0000] {dagbag.py:539} INFO - Filling up the DagBag from /usr/local/lib/python3.8/dist-packages/airflow/example_dags/example_trigger_target_dag.py
[2023-08-24T05:07:39.961+0000] {processor.py:839} INFO - DAG(s) dict_keys(['example_trigger_target_dag']) retrieved from /usr/local/lib/python3.8/dist-packages/airflow/example_dags/example_trigger_target_dag.py
[2023-08-24T05:07:39.976+0000] {logging_mixin.py:151} INFO - [2023-08-24T05:07:39.976+0000] {dag.py:2907} INFO - Sync 1 DAGs
[2023-08-24T05:07:39.987+0000] {logging_mixin.py:151} INFO - [2023-08-24T05:07:39.987+0000] {dag.py:3677} INFO - Setting next_dagrun for example_trigger_target_dag to None, run_after=None
[2023-08-24T05:07:40.004+0000] {processor.py:179} INFO - Processing /usr/local/lib/python3.8/dist-packages/airflow/example_dags/example_trigger_target_dag.py took 0.056 seconds
[2023-08-24T05:08:40.719+0000] {processor.py:157} INFO - Started process (PID=48413) to work on /usr/local/lib/python3.8/dist-packages/airflow/example_dags/example_trigger_target_dag.py
[2023-08-24T05:08:40.720+0000] {processor.py:829} INFO - Processing file /usr/local/lib/python3.8/dist-packages/airflow/example_dags/example_trigger_target_dag.py for tasks to queue
[2023-08-24T05:08:40.721+0000] {logging_mixin.py:151} INFO - [2023-08-24T05:08:40.721+0000] {dagbag.py:539} INFO - Filling up the DagBag from /usr/local/lib/python3.8/dist-packages/airflow/example_dags/example_trigger_target_dag.py
[2023-08-24T05:08:40.728+0000] {processor.py:839} INFO - DAG(s) dict_keys(['example_trigger_target_dag']) retrieved from /usr/local/lib/python3.8/dist-packages/airflow/example_dags/example_trigger_target_dag.py
[2023-08-24T05:08:40.743+0000] {logging_mixin.py:151} INFO - [2023-08-24T05:08:40.743+0000] {dag.py:2907} INFO - Sync 1 DAGs
[2023-08-24T05:08:40.754+0000] {logging_mixin.py:151} INFO - [2023-08-24T05:08:40.754+0000] {dag.py:3677} INFO - Setting next_dagrun for example_trigger_target_dag to None, run_after=None
[2023-08-24T05:08:40.772+0000] {processor.py:179} INFO - Processing /usr/local/lib/python3.8/dist-packages/airflow/example_dags/example_trigger_target_dag.py took 0.057 seconds
[2023-08-24T05:09:40.051+0000] {processor.py:157} INFO - Started process (PID=48609) to work on /usr/local/lib/python3.8/dist-packages/airflow/example_dags/example_trigger_target_dag.py
[2023-08-24T05:09:40.053+0000] {processor.py:829} INFO - Processing file /usr/local/lib/python3.8/dist-packages/airflow/example_dags/example_trigger_target_dag.py for tasks to queue
[2023-08-24T05:09:40.054+0000] {logging_mixin.py:151} INFO - [2023-08-24T05:09:40.053+0000] {dagbag.py:539} INFO - Filling up the DagBag from /usr/local/lib/python3.8/dist-packages/airflow/example_dags/example_trigger_target_dag.py
[2023-08-24T05:09:40.061+0000] {processor.py:839} INFO - DAG(s) dict_keys(['example_trigger_target_dag']) retrieved from /usr/local/lib/python3.8/dist-packages/airflow/example_dags/example_trigger_target_dag.py
[2023-08-24T05:09:40.077+0000] {logging_mixin.py:151} INFO - [2023-08-24T05:09:40.077+0000] {dag.py:2907} INFO - Sync 1 DAGs
[2023-08-24T05:09:40.089+0000] {logging_mixin.py:151} INFO - [2023-08-24T05:09:40.088+0000] {dag.py:3677} INFO - Setting next_dagrun for example_trigger_target_dag to None, run_after=None
[2023-08-24T05:09:40.108+0000] {processor.py:179} INFO - Processing /usr/local/lib/python3.8/dist-packages/airflow/example_dags/example_trigger_target_dag.py took 0.060 seconds
[2023-08-24T05:10:36.578+0000] {processor.py:157} INFO - Started process (PID=48790) to work on /usr/local/lib/python3.8/dist-packages/airflow/example_dags/example_trigger_target_dag.py
[2023-08-24T05:10:36.579+0000] {processor.py:829} INFO - Processing file /usr/local/lib/python3.8/dist-packages/airflow/example_dags/example_trigger_target_dag.py for tasks to queue
[2023-08-24T05:10:36.580+0000] {logging_mixin.py:151} INFO - [2023-08-24T05:10:36.580+0000] {dagbag.py:539} INFO - Filling up the DagBag from /usr/local/lib/python3.8/dist-packages/airflow/example_dags/example_trigger_target_dag.py
[2023-08-24T05:10:36.587+0000] {processor.py:839} INFO - DAG(s) dict_keys(['example_trigger_target_dag']) retrieved from /usr/local/lib/python3.8/dist-packages/airflow/example_dags/example_trigger_target_dag.py
[2023-08-24T05:10:36.603+0000] {logging_mixin.py:151} INFO - [2023-08-24T05:10:36.603+0000] {dag.py:2907} INFO - Sync 1 DAGs
[2023-08-24T05:10:36.614+0000] {logging_mixin.py:151} INFO - [2023-08-24T05:10:36.614+0000] {dag.py:3677} INFO - Setting next_dagrun for example_trigger_target_dag to None, run_after=None
[2023-08-24T05:10:36.632+0000] {processor.py:179} INFO - Processing /usr/local/lib/python3.8/dist-packages/airflow/example_dags/example_trigger_target_dag.py took 0.058 seconds
[2023-08-24T05:11:53.429+0000] {processor.py:157} INFO - Started process (PID=48946) to work on /usr/local/lib/python3.8/dist-packages/airflow/example_dags/example_trigger_target_dag.py
[2023-08-24T05:11:53.432+0000] {processor.py:829} INFO - Processing file /usr/local/lib/python3.8/dist-packages/airflow/example_dags/example_trigger_target_dag.py for tasks to queue
[2023-08-24T05:11:53.434+0000] {logging_mixin.py:151} INFO - [2023-08-24T05:11:53.433+0000] {dagbag.py:539} INFO - Filling up the DagBag from /usr/local/lib/python3.8/dist-packages/airflow/example_dags/example_trigger_target_dag.py
[2023-08-24T05:11:53.442+0000] {processor.py:839} INFO - DAG(s) dict_keys(['example_trigger_target_dag']) retrieved from /usr/local/lib/python3.8/dist-packages/airflow/example_dags/example_trigger_target_dag.py
[2023-08-24T05:11:53.457+0000] {logging_mixin.py:151} INFO - [2023-08-24T05:11:53.457+0000] {dag.py:2907} INFO - Sync 1 DAGs
[2023-08-24T05:11:53.468+0000] {logging_mixin.py:151} INFO - [2023-08-24T05:11:53.467+0000] {dag.py:3677} INFO - Setting next_dagrun for example_trigger_target_dag to None, run_after=None
[2023-08-24T05:11:53.486+0000] {processor.py:179} INFO - Processing /usr/local/lib/python3.8/dist-packages/airflow/example_dags/example_trigger_target_dag.py took 0.060 seconds
[2023-08-24T05:12:56.362+0000] {processor.py:157} INFO - Started process (PID=49143) to work on /usr/local/lib/python3.8/dist-packages/airflow/example_dags/example_trigger_target_dag.py
[2023-08-24T05:12:56.364+0000] {processor.py:829} INFO - Processing file /usr/local/lib/python3.8/dist-packages/airflow/example_dags/example_trigger_target_dag.py for tasks to queue
[2023-08-24T05:12:56.365+0000] {logging_mixin.py:151} INFO - [2023-08-24T05:12:56.364+0000] {dagbag.py:539} INFO - Filling up the DagBag from /usr/local/lib/python3.8/dist-packages/airflow/example_dags/example_trigger_target_dag.py
[2023-08-24T05:12:56.373+0000] {processor.py:839} INFO - DAG(s) dict_keys(['example_trigger_target_dag']) retrieved from /usr/local/lib/python3.8/dist-packages/airflow/example_dags/example_trigger_target_dag.py
[2023-08-24T05:12:56.391+0000] {logging_mixin.py:151} INFO - [2023-08-24T05:12:56.391+0000] {dag.py:2907} INFO - Sync 1 DAGs
[2023-08-24T05:12:56.404+0000] {logging_mixin.py:151} INFO - [2023-08-24T05:12:56.403+0000] {dag.py:3677} INFO - Setting next_dagrun for example_trigger_target_dag to None, run_after=None
[2023-08-24T05:12:56.423+0000] {processor.py:179} INFO - Processing /usr/local/lib/python3.8/dist-packages/airflow/example_dags/example_trigger_target_dag.py took 0.064 seconds
[2023-08-24T05:13:55.502+0000] {processor.py:157} INFO - Started process (PID=49347) to work on /usr/local/lib/python3.8/dist-packages/airflow/example_dags/example_trigger_target_dag.py
[2023-08-24T05:13:55.504+0000] {processor.py:829} INFO - Processing file /usr/local/lib/python3.8/dist-packages/airflow/example_dags/example_trigger_target_dag.py for tasks to queue
[2023-08-24T05:13:55.505+0000] {logging_mixin.py:151} INFO - [2023-08-24T05:13:55.505+0000] {dagbag.py:539} INFO - Filling up the DagBag from /usr/local/lib/python3.8/dist-packages/airflow/example_dags/example_trigger_target_dag.py
[2023-08-24T05:13:55.512+0000] {processor.py:839} INFO - DAG(s) dict_keys(['example_trigger_target_dag']) retrieved from /usr/local/lib/python3.8/dist-packages/airflow/example_dags/example_trigger_target_dag.py
[2023-08-24T05:13:55.530+0000] {logging_mixin.py:151} INFO - [2023-08-24T05:13:55.530+0000] {dag.py:2907} INFO - Sync 1 DAGs
[2023-08-24T05:13:55.542+0000] {logging_mixin.py:151} INFO - [2023-08-24T05:13:55.542+0000] {dag.py:3677} INFO - Setting next_dagrun for example_trigger_target_dag to None, run_after=None
[2023-08-24T05:13:55.562+0000] {processor.py:179} INFO - Processing /usr/local/lib/python3.8/dist-packages/airflow/example_dags/example_trigger_target_dag.py took 0.063 seconds
