[2023-08-24T04:31:31.676+0000] {processor.py:157} INFO - Started process (PID=41494) to work on /usr/local/lib/python3.8/dist-packages/airflow/example_dags/example_sla_dag.py
[2023-08-24T04:31:31.677+0000] {processor.py:829} INFO - Processing file /usr/local/lib/python3.8/dist-packages/airflow/example_dags/example_sla_dag.py for tasks to queue
[2023-08-24T04:31:31.678+0000] {logging_mixin.py:151} INFO - [2023-08-24T04:31:31.678+0000] {dagbag.py:539} INFO - Filling up the DagBag from /usr/local/lib/python3.8/dist-packages/airflow/example_dags/example_sla_dag.py
[2023-08-24T04:31:31.686+0000] {processor.py:839} INFO - DAG(s) dict_keys(['example_sla_dag']) retrieved from /usr/local/lib/python3.8/dist-packages/airflow/example_dags/example_sla_dag.py
[2023-08-24T04:31:31.701+0000] {logging_mixin.py:151} INFO - [2023-08-24T04:31:31.701+0000] {dag.py:2907} INFO - Sync 1 DAGs
[2023-08-24T04:31:31.720+0000] {logging_mixin.py:151} INFO - [2023-08-24T04:31:31.720+0000] {dag.py:3677} INFO - Setting next_dagrun for example_sla_dag to 2023-08-24T04:28:00+00:00, run_after=2023-08-24T04:30:00+00:00
[2023-08-24T04:31:31.737+0000] {processor.py:179} INFO - Processing /usr/local/lib/python3.8/dist-packages/airflow/example_dags/example_sla_dag.py took 0.064 seconds
[2023-08-24T04:32:33.686+0000] {processor.py:157} INFO - Started process (PID=41692) to work on /usr/local/lib/python3.8/dist-packages/airflow/example_dags/example_sla_dag.py
[2023-08-24T04:32:33.687+0000] {processor.py:829} INFO - Processing file /usr/local/lib/python3.8/dist-packages/airflow/example_dags/example_sla_dag.py for tasks to queue
[2023-08-24T04:32:33.688+0000] {logging_mixin.py:151} INFO - [2023-08-24T04:32:33.688+0000] {dagbag.py:539} INFO - Filling up the DagBag from /usr/local/lib/python3.8/dist-packages/airflow/example_dags/example_sla_dag.py
[2023-08-24T04:32:33.696+0000] {processor.py:839} INFO - DAG(s) dict_keys(['example_sla_dag']) retrieved from /usr/local/lib/python3.8/dist-packages/airflow/example_dags/example_sla_dag.py
[2023-08-24T04:32:33.711+0000] {logging_mixin.py:151} INFO - [2023-08-24T04:32:33.711+0000] {dag.py:2907} INFO - Sync 1 DAGs
[2023-08-24T04:32:33.729+0000] {logging_mixin.py:151} INFO - [2023-08-24T04:32:33.729+0000] {dag.py:3677} INFO - Setting next_dagrun for example_sla_dag to 2023-08-24T04:30:00+00:00, run_after=2023-08-24T04:32:00+00:00
[2023-08-24T04:32:33.746+0000] {processor.py:179} INFO - Processing /usr/local/lib/python3.8/dist-packages/airflow/example_dags/example_sla_dag.py took 0.064 seconds
[2023-08-24T04:33:33.554+0000] {processor.py:157} INFO - Started process (PID=41883) to work on /usr/local/lib/python3.8/dist-packages/airflow/example_dags/example_sla_dag.py
[2023-08-24T04:33:33.558+0000] {processor.py:829} INFO - Processing file /usr/local/lib/python3.8/dist-packages/airflow/example_dags/example_sla_dag.py for tasks to queue
[2023-08-24T04:33:33.559+0000] {logging_mixin.py:151} INFO - [2023-08-24T04:33:33.558+0000] {dagbag.py:539} INFO - Filling up the DagBag from /usr/local/lib/python3.8/dist-packages/airflow/example_dags/example_sla_dag.py
[2023-08-24T04:33:33.568+0000] {processor.py:839} INFO - DAG(s) dict_keys(['example_sla_dag']) retrieved from /usr/local/lib/python3.8/dist-packages/airflow/example_dags/example_sla_dag.py
[2023-08-24T04:33:33.585+0000] {logging_mixin.py:151} INFO - [2023-08-24T04:33:33.585+0000] {dag.py:2907} INFO - Sync 1 DAGs
[2023-08-24T04:33:33.605+0000] {logging_mixin.py:151} INFO - [2023-08-24T04:33:33.604+0000] {dag.py:3677} INFO - Setting next_dagrun for example_sla_dag to 2023-08-24T04:30:00+00:00, run_after=2023-08-24T04:32:00+00:00
[2023-08-24T04:33:33.623+0000] {processor.py:179} INFO - Processing /usr/local/lib/python3.8/dist-packages/airflow/example_dags/example_sla_dag.py took 0.073 seconds
[2023-08-24T04:34:31.525+0000] {processor.py:157} INFO - Started process (PID=42066) to work on /usr/local/lib/python3.8/dist-packages/airflow/example_dags/example_sla_dag.py
[2023-08-24T04:34:31.527+0000] {processor.py:829} INFO - Processing file /usr/local/lib/python3.8/dist-packages/airflow/example_dags/example_sla_dag.py for tasks to queue
[2023-08-24T04:34:31.528+0000] {logging_mixin.py:151} INFO - [2023-08-24T04:34:31.528+0000] {dagbag.py:539} INFO - Filling up the DagBag from /usr/local/lib/python3.8/dist-packages/airflow/example_dags/example_sla_dag.py
[2023-08-24T04:34:31.536+0000] {processor.py:839} INFO - DAG(s) dict_keys(['example_sla_dag']) retrieved from /usr/local/lib/python3.8/dist-packages/airflow/example_dags/example_sla_dag.py
[2023-08-24T04:34:31.551+0000] {logging_mixin.py:151} INFO - [2023-08-24T04:34:31.551+0000] {dag.py:2907} INFO - Sync 1 DAGs
[2023-08-24T04:34:31.569+0000] {logging_mixin.py:151} INFO - [2023-08-24T04:34:31.569+0000] {dag.py:3677} INFO - Setting next_dagrun for example_sla_dag to 2023-08-24T04:32:00+00:00, run_after=2023-08-24T04:34:00+00:00
[2023-08-24T04:34:31.586+0000] {processor.py:179} INFO - Processing /usr/local/lib/python3.8/dist-packages/airflow/example_dags/example_sla_dag.py took 0.064 seconds
[2023-08-24T04:35:30.413+0000] {processor.py:157} INFO - Started process (PID=42262) to work on /usr/local/lib/python3.8/dist-packages/airflow/example_dags/example_sla_dag.py
[2023-08-24T04:35:30.414+0000] {processor.py:829} INFO - Processing file /usr/local/lib/python3.8/dist-packages/airflow/example_dags/example_sla_dag.py for tasks to queue
[2023-08-24T04:35:30.415+0000] {logging_mixin.py:151} INFO - [2023-08-24T04:35:30.415+0000] {dagbag.py:539} INFO - Filling up the DagBag from /usr/local/lib/python3.8/dist-packages/airflow/example_dags/example_sla_dag.py
[2023-08-24T04:35:30.423+0000] {processor.py:839} INFO - DAG(s) dict_keys(['example_sla_dag']) retrieved from /usr/local/lib/python3.8/dist-packages/airflow/example_dags/example_sla_dag.py
[2023-08-24T04:35:30.438+0000] {logging_mixin.py:151} INFO - [2023-08-24T04:35:30.438+0000] {dag.py:2907} INFO - Sync 1 DAGs
[2023-08-24T04:35:30.457+0000] {logging_mixin.py:151} INFO - [2023-08-24T04:35:30.456+0000] {dag.py:3677} INFO - Setting next_dagrun for example_sla_dag to 2023-08-24T04:32:00+00:00, run_after=2023-08-24T04:34:00+00:00
[2023-08-24T04:35:30.474+0000] {processor.py:179} INFO - Processing /usr/local/lib/python3.8/dist-packages/airflow/example_dags/example_sla_dag.py took 0.065 seconds
[2023-08-24T04:36:28.682+0000] {processor.py:157} INFO - Started process (PID=42458) to work on /usr/local/lib/python3.8/dist-packages/airflow/example_dags/example_sla_dag.py
[2023-08-24T04:36:28.683+0000] {processor.py:829} INFO - Processing file /usr/local/lib/python3.8/dist-packages/airflow/example_dags/example_sla_dag.py for tasks to queue
[2023-08-24T04:36:28.684+0000] {logging_mixin.py:151} INFO - [2023-08-24T04:36:28.684+0000] {dagbag.py:539} INFO - Filling up the DagBag from /usr/local/lib/python3.8/dist-packages/airflow/example_dags/example_sla_dag.py
[2023-08-24T04:36:28.692+0000] {processor.py:839} INFO - DAG(s) dict_keys(['example_sla_dag']) retrieved from /usr/local/lib/python3.8/dist-packages/airflow/example_dags/example_sla_dag.py
[2023-08-24T04:36:28.707+0000] {logging_mixin.py:151} INFO - [2023-08-24T04:36:28.707+0000] {dag.py:2907} INFO - Sync 1 DAGs
[2023-08-24T04:36:28.725+0000] {logging_mixin.py:151} INFO - [2023-08-24T04:36:28.725+0000] {dag.py:3677} INFO - Setting next_dagrun for example_sla_dag to 2023-08-24T04:34:00+00:00, run_after=2023-08-24T04:36:00+00:00
[2023-08-24T04:36:28.743+0000] {processor.py:179} INFO - Processing /usr/local/lib/python3.8/dist-packages/airflow/example_dags/example_sla_dag.py took 0.064 seconds
[2023-08-24T04:37:25.173+0000] {processor.py:157} INFO - Started process (PID=42641) to work on /usr/local/lib/python3.8/dist-packages/airflow/example_dags/example_sla_dag.py
[2023-08-24T04:37:25.177+0000] {processor.py:829} INFO - Processing file /usr/local/lib/python3.8/dist-packages/airflow/example_dags/example_sla_dag.py for tasks to queue
[2023-08-24T04:37:25.178+0000] {logging_mixin.py:151} INFO - [2023-08-24T04:37:25.177+0000] {dagbag.py:539} INFO - Filling up the DagBag from /usr/local/lib/python3.8/dist-packages/airflow/example_dags/example_sla_dag.py
[2023-08-24T04:37:25.185+0000] {processor.py:839} INFO - DAG(s) dict_keys(['example_sla_dag']) retrieved from /usr/local/lib/python3.8/dist-packages/airflow/example_dags/example_sla_dag.py
[2023-08-24T04:37:25.200+0000] {logging_mixin.py:151} INFO - [2023-08-24T04:37:25.200+0000] {dag.py:2907} INFO - Sync 1 DAGs
[2023-08-24T04:37:25.218+0000] {logging_mixin.py:151} INFO - [2023-08-24T04:37:25.218+0000] {dag.py:3677} INFO - Setting next_dagrun for example_sla_dag to 2023-08-24T04:34:00+00:00, run_after=2023-08-24T04:36:00+00:00
[2023-08-24T04:37:25.236+0000] {processor.py:179} INFO - Processing /usr/local/lib/python3.8/dist-packages/airflow/example_dags/example_sla_dag.py took 0.066 seconds
[2023-08-24T04:38:23.427+0000] {processor.py:157} INFO - Started process (PID=42824) to work on /usr/local/lib/python3.8/dist-packages/airflow/example_dags/example_sla_dag.py
[2023-08-24T04:38:23.428+0000] {processor.py:829} INFO - Processing file /usr/local/lib/python3.8/dist-packages/airflow/example_dags/example_sla_dag.py for tasks to queue
[2023-08-24T04:38:23.429+0000] {logging_mixin.py:151} INFO - [2023-08-24T04:38:23.429+0000] {dagbag.py:539} INFO - Filling up the DagBag from /usr/local/lib/python3.8/dist-packages/airflow/example_dags/example_sla_dag.py
[2023-08-24T04:38:23.437+0000] {processor.py:839} INFO - DAG(s) dict_keys(['example_sla_dag']) retrieved from /usr/local/lib/python3.8/dist-packages/airflow/example_dags/example_sla_dag.py
[2023-08-24T04:38:23.452+0000] {logging_mixin.py:151} INFO - [2023-08-24T04:38:23.452+0000] {dag.py:2907} INFO - Sync 1 DAGs
[2023-08-24T04:38:23.470+0000] {logging_mixin.py:151} INFO - [2023-08-24T04:38:23.470+0000] {dag.py:3677} INFO - Setting next_dagrun for example_sla_dag to 2023-08-24T04:36:00+00:00, run_after=2023-08-24T04:38:00+00:00
[2023-08-24T04:38:23.488+0000] {processor.py:179} INFO - Processing /usr/local/lib/python3.8/dist-packages/airflow/example_dags/example_sla_dag.py took 0.065 seconds
[2023-08-24T04:39:23.949+0000] {processor.py:157} INFO - Started process (PID=43009) to work on /usr/local/lib/python3.8/dist-packages/airflow/example_dags/example_sla_dag.py
[2023-08-24T04:39:23.953+0000] {processor.py:829} INFO - Processing file /usr/local/lib/python3.8/dist-packages/airflow/example_dags/example_sla_dag.py for tasks to queue
[2023-08-24T04:39:23.954+0000] {logging_mixin.py:151} INFO - [2023-08-24T04:39:23.954+0000] {dagbag.py:539} INFO - Filling up the DagBag from /usr/local/lib/python3.8/dist-packages/airflow/example_dags/example_sla_dag.py
[2023-08-24T04:39:23.961+0000] {processor.py:839} INFO - DAG(s) dict_keys(['example_sla_dag']) retrieved from /usr/local/lib/python3.8/dist-packages/airflow/example_dags/example_sla_dag.py
[2023-08-24T04:39:23.977+0000] {logging_mixin.py:151} INFO - [2023-08-24T04:39:23.977+0000] {dag.py:2907} INFO - Sync 1 DAGs
[2023-08-24T04:39:23.995+0000] {logging_mixin.py:151} INFO - [2023-08-24T04:39:23.995+0000] {dag.py:3677} INFO - Setting next_dagrun for example_sla_dag to 2023-08-24T04:36:00+00:00, run_after=2023-08-24T04:38:00+00:00
[2023-08-24T04:39:24.012+0000] {processor.py:179} INFO - Processing /usr/local/lib/python3.8/dist-packages/airflow/example_dags/example_sla_dag.py took 0.066 seconds
[2023-08-24T04:40:24.225+0000] {processor.py:157} INFO - Started process (PID=43205) to work on /usr/local/lib/python3.8/dist-packages/airflow/example_dags/example_sla_dag.py
[2023-08-24T04:40:24.226+0000] {processor.py:829} INFO - Processing file /usr/local/lib/python3.8/dist-packages/airflow/example_dags/example_sla_dag.py for tasks to queue
[2023-08-24T04:40:24.227+0000] {logging_mixin.py:151} INFO - [2023-08-24T04:40:24.227+0000] {dagbag.py:539} INFO - Filling up the DagBag from /usr/local/lib/python3.8/dist-packages/airflow/example_dags/example_sla_dag.py
[2023-08-24T04:40:24.235+0000] {processor.py:839} INFO - DAG(s) dict_keys(['example_sla_dag']) retrieved from /usr/local/lib/python3.8/dist-packages/airflow/example_dags/example_sla_dag.py
[2023-08-24T04:40:24.253+0000] {logging_mixin.py:151} INFO - [2023-08-24T04:40:24.252+0000] {dag.py:2907} INFO - Sync 1 DAGs
[2023-08-24T04:40:24.273+0000] {logging_mixin.py:151} INFO - [2023-08-24T04:40:24.273+0000] {dag.py:3677} INFO - Setting next_dagrun for example_sla_dag to 2023-08-24T04:38:00+00:00, run_after=2023-08-24T04:40:00+00:00
[2023-08-24T04:40:24.291+0000] {processor.py:179} INFO - Processing /usr/local/lib/python3.8/dist-packages/airflow/example_dags/example_sla_dag.py took 0.070 seconds
[2023-08-24T04:41:24.904+0000] {processor.py:157} INFO - Started process (PID=43389) to work on /usr/local/lib/python3.8/dist-packages/airflow/example_dags/example_sla_dag.py
[2023-08-24T04:41:24.906+0000] {processor.py:829} INFO - Processing file /usr/local/lib/python3.8/dist-packages/airflow/example_dags/example_sla_dag.py for tasks to queue
[2023-08-24T04:41:24.907+0000] {logging_mixin.py:151} INFO - [2023-08-24T04:41:24.906+0000] {dagbag.py:539} INFO - Filling up the DagBag from /usr/local/lib/python3.8/dist-packages/airflow/example_dags/example_sla_dag.py
[2023-08-24T04:41:24.914+0000] {processor.py:839} INFO - DAG(s) dict_keys(['example_sla_dag']) retrieved from /usr/local/lib/python3.8/dist-packages/airflow/example_dags/example_sla_dag.py
[2023-08-24T04:41:24.929+0000] {logging_mixin.py:151} INFO - [2023-08-24T04:41:24.929+0000] {dag.py:2907} INFO - Sync 1 DAGs
[2023-08-24T04:41:24.948+0000] {logging_mixin.py:151} INFO - [2023-08-24T04:41:24.948+0000] {dag.py:3677} INFO - Setting next_dagrun for example_sla_dag to 2023-08-24T04:38:00+00:00, run_after=2023-08-24T04:40:00+00:00
[2023-08-24T04:41:24.965+0000] {processor.py:179} INFO - Processing /usr/local/lib/python3.8/dist-packages/airflow/example_dags/example_sla_dag.py took 0.065 seconds
[2023-08-24T04:42:24.368+0000] {processor.py:157} INFO - Started process (PID=43573) to work on /usr/local/lib/python3.8/dist-packages/airflow/example_dags/example_sla_dag.py
[2023-08-24T04:42:24.370+0000] {processor.py:829} INFO - Processing file /usr/local/lib/python3.8/dist-packages/airflow/example_dags/example_sla_dag.py for tasks to queue
[2023-08-24T04:42:24.371+0000] {logging_mixin.py:151} INFO - [2023-08-24T04:42:24.370+0000] {dagbag.py:539} INFO - Filling up the DagBag from /usr/local/lib/python3.8/dist-packages/airflow/example_dags/example_sla_dag.py
[2023-08-24T04:42:24.379+0000] {processor.py:839} INFO - DAG(s) dict_keys(['example_sla_dag']) retrieved from /usr/local/lib/python3.8/dist-packages/airflow/example_dags/example_sla_dag.py
[2023-08-24T04:42:24.395+0000] {logging_mixin.py:151} INFO - [2023-08-24T04:42:24.394+0000] {dag.py:2907} INFO - Sync 1 DAGs
[2023-08-24T04:42:24.413+0000] {logging_mixin.py:151} INFO - [2023-08-24T04:42:24.413+0000] {dag.py:3677} INFO - Setting next_dagrun for example_sla_dag to 2023-08-24T04:40:00+00:00, run_after=2023-08-24T04:42:00+00:00
[2023-08-24T04:42:24.430+0000] {processor.py:179} INFO - Processing /usr/local/lib/python3.8/dist-packages/airflow/example_dags/example_sla_dag.py took 0.067 seconds
[2023-08-24T04:43:23.633+0000] {processor.py:157} INFO - Started process (PID=43760) to work on /usr/local/lib/python3.8/dist-packages/airflow/example_dags/example_sla_dag.py
[2023-08-24T04:43:23.634+0000] {processor.py:829} INFO - Processing file /usr/local/lib/python3.8/dist-packages/airflow/example_dags/example_sla_dag.py for tasks to queue
[2023-08-24T04:43:23.635+0000] {logging_mixin.py:151} INFO - [2023-08-24T04:43:23.635+0000] {dagbag.py:539} INFO - Filling up the DagBag from /usr/local/lib/python3.8/dist-packages/airflow/example_dags/example_sla_dag.py
[2023-08-24T04:43:23.643+0000] {processor.py:839} INFO - DAG(s) dict_keys(['example_sla_dag']) retrieved from /usr/local/lib/python3.8/dist-packages/airflow/example_dags/example_sla_dag.py
[2023-08-24T04:43:23.658+0000] {logging_mixin.py:151} INFO - [2023-08-24T04:43:23.658+0000] {dag.py:2907} INFO - Sync 1 DAGs
[2023-08-24T04:43:23.677+0000] {logging_mixin.py:151} INFO - [2023-08-24T04:43:23.676+0000] {dag.py:3677} INFO - Setting next_dagrun for example_sla_dag to 2023-08-24T04:40:00+00:00, run_after=2023-08-24T04:42:00+00:00
[2023-08-24T04:43:23.694+0000] {processor.py:179} INFO - Processing /usr/local/lib/python3.8/dist-packages/airflow/example_dags/example_sla_dag.py took 0.065 seconds
[2023-08-24T04:44:24.396+0000] {processor.py:157} INFO - Started process (PID=43946) to work on /usr/local/lib/python3.8/dist-packages/airflow/example_dags/example_sla_dag.py
[2023-08-24T04:44:24.400+0000] {processor.py:829} INFO - Processing file /usr/local/lib/python3.8/dist-packages/airflow/example_dags/example_sla_dag.py for tasks to queue
[2023-08-24T04:44:24.401+0000] {logging_mixin.py:151} INFO - [2023-08-24T04:44:24.400+0000] {dagbag.py:539} INFO - Filling up the DagBag from /usr/local/lib/python3.8/dist-packages/airflow/example_dags/example_sla_dag.py
[2023-08-24T04:44:24.411+0000] {processor.py:839} INFO - DAG(s) dict_keys(['example_sla_dag']) retrieved from /usr/local/lib/python3.8/dist-packages/airflow/example_dags/example_sla_dag.py
[2023-08-24T04:44:24.427+0000] {logging_mixin.py:151} INFO - [2023-08-24T04:44:24.427+0000] {dag.py:2907} INFO - Sync 1 DAGs
[2023-08-24T04:44:24.446+0000] {logging_mixin.py:151} INFO - [2023-08-24T04:44:24.446+0000] {dag.py:3677} INFO - Setting next_dagrun for example_sla_dag to 2023-08-24T04:42:00+00:00, run_after=2023-08-24T04:44:00+00:00
[2023-08-24T04:44:24.464+0000] {processor.py:179} INFO - Processing /usr/local/lib/python3.8/dist-packages/airflow/example_dags/example_sla_dag.py took 0.072 seconds
[2023-08-24T04:45:25.456+0000] {processor.py:157} INFO - Started process (PID=44129) to work on /usr/local/lib/python3.8/dist-packages/airflow/example_dags/example_sla_dag.py
[2023-08-24T04:45:25.458+0000] {processor.py:829} INFO - Processing file /usr/local/lib/python3.8/dist-packages/airflow/example_dags/example_sla_dag.py for tasks to queue
[2023-08-24T04:45:25.459+0000] {logging_mixin.py:151} INFO - [2023-08-24T04:45:25.458+0000] {dagbag.py:539} INFO - Filling up the DagBag from /usr/local/lib/python3.8/dist-packages/airflow/example_dags/example_sla_dag.py
[2023-08-24T04:45:25.466+0000] {processor.py:839} INFO - DAG(s) dict_keys(['example_sla_dag']) retrieved from /usr/local/lib/python3.8/dist-packages/airflow/example_dags/example_sla_dag.py
[2023-08-24T04:45:25.482+0000] {logging_mixin.py:151} INFO - [2023-08-24T04:45:25.482+0000] {dag.py:2907} INFO - Sync 1 DAGs
[2023-08-24T04:45:25.501+0000] {logging_mixin.py:151} INFO - [2023-08-24T04:45:25.500+0000] {dag.py:3677} INFO - Setting next_dagrun for example_sla_dag to 2023-08-24T04:42:00+00:00, run_after=2023-08-24T04:44:00+00:00
[2023-08-24T04:45:25.517+0000] {processor.py:179} INFO - Processing /usr/local/lib/python3.8/dist-packages/airflow/example_dags/example_sla_dag.py took 0.065 seconds
[2023-08-24T04:46:27.037+0000] {processor.py:157} INFO - Started process (PID=44312) to work on /usr/local/lib/python3.8/dist-packages/airflow/example_dags/example_sla_dag.py
[2023-08-24T04:46:27.040+0000] {processor.py:829} INFO - Processing file /usr/local/lib/python3.8/dist-packages/airflow/example_dags/example_sla_dag.py for tasks to queue
[2023-08-24T04:46:27.041+0000] {logging_mixin.py:151} INFO - [2023-08-24T04:46:27.041+0000] {dagbag.py:539} INFO - Filling up the DagBag from /usr/local/lib/python3.8/dist-packages/airflow/example_dags/example_sla_dag.py
[2023-08-24T04:46:27.049+0000] {processor.py:839} INFO - DAG(s) dict_keys(['example_sla_dag']) retrieved from /usr/local/lib/python3.8/dist-packages/airflow/example_dags/example_sla_dag.py
[2023-08-24T04:46:27.065+0000] {logging_mixin.py:151} INFO - [2023-08-24T04:46:27.064+0000] {dag.py:2907} INFO - Sync 1 DAGs
[2023-08-24T04:46:27.083+0000] {logging_mixin.py:151} INFO - [2023-08-24T04:46:27.083+0000] {dag.py:3677} INFO - Setting next_dagrun for example_sla_dag to 2023-08-24T04:44:00+00:00, run_after=2023-08-24T04:46:00+00:00
[2023-08-24T04:46:27.100+0000] {processor.py:179} INFO - Processing /usr/local/lib/python3.8/dist-packages/airflow/example_dags/example_sla_dag.py took 0.067 seconds
[2023-08-24T04:47:29.606+0000] {processor.py:157} INFO - Started process (PID=44496) to work on /usr/local/lib/python3.8/dist-packages/airflow/example_dags/example_sla_dag.py
[2023-08-24T04:47:29.609+0000] {processor.py:829} INFO - Processing file /usr/local/lib/python3.8/dist-packages/airflow/example_dags/example_sla_dag.py for tasks to queue
[2023-08-24T04:47:29.610+0000] {logging_mixin.py:151} INFO - [2023-08-24T04:47:29.609+0000] {dagbag.py:539} INFO - Filling up the DagBag from /usr/local/lib/python3.8/dist-packages/airflow/example_dags/example_sla_dag.py
[2023-08-24T04:47:29.617+0000] {processor.py:839} INFO - DAG(s) dict_keys(['example_sla_dag']) retrieved from /usr/local/lib/python3.8/dist-packages/airflow/example_dags/example_sla_dag.py
[2023-08-24T04:47:29.633+0000] {logging_mixin.py:151} INFO - [2023-08-24T04:47:29.633+0000] {dag.py:2907} INFO - Sync 1 DAGs
[2023-08-24T04:47:29.651+0000] {logging_mixin.py:151} INFO - [2023-08-24T04:47:29.651+0000] {dag.py:3677} INFO - Setting next_dagrun for example_sla_dag to 2023-08-24T04:44:00+00:00, run_after=2023-08-24T04:46:00+00:00
[2023-08-24T04:47:29.669+0000] {processor.py:179} INFO - Processing /usr/local/lib/python3.8/dist-packages/airflow/example_dags/example_sla_dag.py took 0.067 seconds
[2023-08-24T04:48:30.906+0000] {processor.py:157} INFO - Started process (PID=44679) to work on /usr/local/lib/python3.8/dist-packages/airflow/example_dags/example_sla_dag.py
[2023-08-24T04:48:30.910+0000] {processor.py:829} INFO - Processing file /usr/local/lib/python3.8/dist-packages/airflow/example_dags/example_sla_dag.py for tasks to queue
[2023-08-24T04:48:30.911+0000] {logging_mixin.py:151} INFO - [2023-08-24T04:48:30.910+0000] {dagbag.py:539} INFO - Filling up the DagBag from /usr/local/lib/python3.8/dist-packages/airflow/example_dags/example_sla_dag.py
[2023-08-24T04:48:30.918+0000] {processor.py:839} INFO - DAG(s) dict_keys(['example_sla_dag']) retrieved from /usr/local/lib/python3.8/dist-packages/airflow/example_dags/example_sla_dag.py
[2023-08-24T04:48:30.934+0000] {logging_mixin.py:151} INFO - [2023-08-24T04:48:30.934+0000] {dag.py:2907} INFO - Sync 1 DAGs
[2023-08-24T04:48:30.953+0000] {logging_mixin.py:151} INFO - [2023-08-24T04:48:30.953+0000] {dag.py:3677} INFO - Setting next_dagrun for example_sla_dag to 2023-08-24T04:46:00+00:00, run_after=2023-08-24T04:48:00+00:00
[2023-08-24T04:48:30.972+0000] {processor.py:179} INFO - Processing /usr/local/lib/python3.8/dist-packages/airflow/example_dags/example_sla_dag.py took 0.070 seconds
[2023-08-24T04:49:33.232+0000] {processor.py:157} INFO - Started process (PID=44863) to work on /usr/local/lib/python3.8/dist-packages/airflow/example_dags/example_sla_dag.py
[2023-08-24T04:49:33.234+0000] {processor.py:829} INFO - Processing file /usr/local/lib/python3.8/dist-packages/airflow/example_dags/example_sla_dag.py for tasks to queue
[2023-08-24T04:49:33.235+0000] {logging_mixin.py:151} INFO - [2023-08-24T04:49:33.234+0000] {dagbag.py:539} INFO - Filling up the DagBag from /usr/local/lib/python3.8/dist-packages/airflow/example_dags/example_sla_dag.py
[2023-08-24T04:49:33.244+0000] {processor.py:839} INFO - DAG(s) dict_keys(['example_sla_dag']) retrieved from /usr/local/lib/python3.8/dist-packages/airflow/example_dags/example_sla_dag.py
[2023-08-24T04:49:33.262+0000] {logging_mixin.py:151} INFO - [2023-08-24T04:49:33.262+0000] {dag.py:2907} INFO - Sync 1 DAGs
[2023-08-24T04:49:33.283+0000] {logging_mixin.py:151} INFO - [2023-08-24T04:49:33.282+0000] {dag.py:3677} INFO - Setting next_dagrun for example_sla_dag to 2023-08-24T04:46:00+00:00, run_after=2023-08-24T04:48:00+00:00
[2023-08-24T04:49:33.301+0000] {processor.py:179} INFO - Processing /usr/local/lib/python3.8/dist-packages/airflow/example_dags/example_sla_dag.py took 0.073 seconds
[2023-08-24T04:50:30.365+0000] {processor.py:157} INFO - Started process (PID=45047) to work on /usr/local/lib/python3.8/dist-packages/airflow/example_dags/example_sla_dag.py
[2023-08-24T04:50:30.367+0000] {processor.py:829} INFO - Processing file /usr/local/lib/python3.8/dist-packages/airflow/example_dags/example_sla_dag.py for tasks to queue
[2023-08-24T04:50:30.368+0000] {logging_mixin.py:151} INFO - [2023-08-24T04:50:30.367+0000] {dagbag.py:539} INFO - Filling up the DagBag from /usr/local/lib/python3.8/dist-packages/airflow/example_dags/example_sla_dag.py
[2023-08-24T04:50:30.375+0000] {processor.py:839} INFO - DAG(s) dict_keys(['example_sla_dag']) retrieved from /usr/local/lib/python3.8/dist-packages/airflow/example_dags/example_sla_dag.py
[2023-08-24T04:50:30.391+0000] {logging_mixin.py:151} INFO - [2023-08-24T04:50:30.391+0000] {dag.py:2907} INFO - Sync 1 DAGs
[2023-08-24T04:50:30.410+0000] {logging_mixin.py:151} INFO - [2023-08-24T04:50:30.410+0000] {dag.py:3677} INFO - Setting next_dagrun for example_sla_dag to 2023-08-24T04:48:00+00:00, run_after=2023-08-24T04:50:00+00:00
[2023-08-24T04:50:30.429+0000] {processor.py:179} INFO - Processing /usr/local/lib/python3.8/dist-packages/airflow/example_dags/example_sla_dag.py took 0.067 seconds
[2023-08-24T04:51:30.528+0000] {processor.py:157} INFO - Started process (PID=45229) to work on /usr/local/lib/python3.8/dist-packages/airflow/example_dags/example_sla_dag.py
[2023-08-24T04:51:30.529+0000] {processor.py:829} INFO - Processing file /usr/local/lib/python3.8/dist-packages/airflow/example_dags/example_sla_dag.py for tasks to queue
[2023-08-24T04:51:30.530+0000] {logging_mixin.py:151} INFO - [2023-08-24T04:51:30.530+0000] {dagbag.py:539} INFO - Filling up the DagBag from /usr/local/lib/python3.8/dist-packages/airflow/example_dags/example_sla_dag.py
[2023-08-24T04:51:30.538+0000] {processor.py:839} INFO - DAG(s) dict_keys(['example_sla_dag']) retrieved from /usr/local/lib/python3.8/dist-packages/airflow/example_dags/example_sla_dag.py
[2023-08-24T04:51:30.553+0000] {logging_mixin.py:151} INFO - [2023-08-24T04:51:30.553+0000] {dag.py:2907} INFO - Sync 1 DAGs
[2023-08-24T04:51:30.572+0000] {logging_mixin.py:151} INFO - [2023-08-24T04:51:30.571+0000] {dag.py:3677} INFO - Setting next_dagrun for example_sla_dag to 2023-08-24T04:48:00+00:00, run_after=2023-08-24T04:50:00+00:00
[2023-08-24T04:51:30.589+0000] {processor.py:179} INFO - Processing /usr/local/lib/python3.8/dist-packages/airflow/example_dags/example_sla_dag.py took 0.065 seconds
[2023-08-24T04:52:32.737+0000] {processor.py:157} INFO - Started process (PID=45412) to work on /usr/local/lib/python3.8/dist-packages/airflow/example_dags/example_sla_dag.py
[2023-08-24T04:52:32.739+0000] {processor.py:829} INFO - Processing file /usr/local/lib/python3.8/dist-packages/airflow/example_dags/example_sla_dag.py for tasks to queue
[2023-08-24T04:52:32.739+0000] {logging_mixin.py:151} INFO - [2023-08-24T04:52:32.739+0000] {dagbag.py:539} INFO - Filling up the DagBag from /usr/local/lib/python3.8/dist-packages/airflow/example_dags/example_sla_dag.py
[2023-08-24T04:52:32.747+0000] {processor.py:839} INFO - DAG(s) dict_keys(['example_sla_dag']) retrieved from /usr/local/lib/python3.8/dist-packages/airflow/example_dags/example_sla_dag.py
[2023-08-24T04:52:32.762+0000] {logging_mixin.py:151} INFO - [2023-08-24T04:52:32.762+0000] {dag.py:2907} INFO - Sync 1 DAGs
[2023-08-24T04:52:32.780+0000] {logging_mixin.py:151} INFO - [2023-08-24T04:52:32.780+0000] {dag.py:3677} INFO - Setting next_dagrun for example_sla_dag to 2023-08-24T04:50:00+00:00, run_after=2023-08-24T04:52:00+00:00
[2023-08-24T04:52:32.797+0000] {processor.py:179} INFO - Processing /usr/local/lib/python3.8/dist-packages/airflow/example_dags/example_sla_dag.py took 0.063 seconds
[2023-08-24T04:53:35.120+0000] {processor.py:157} INFO - Started process (PID=45601) to work on /usr/local/lib/python3.8/dist-packages/airflow/example_dags/example_sla_dag.py
[2023-08-24T04:53:35.122+0000] {processor.py:829} INFO - Processing file /usr/local/lib/python3.8/dist-packages/airflow/example_dags/example_sla_dag.py for tasks to queue
[2023-08-24T04:53:35.123+0000] {logging_mixin.py:151} INFO - [2023-08-24T04:53:35.122+0000] {dagbag.py:539} INFO - Filling up the DagBag from /usr/local/lib/python3.8/dist-packages/airflow/example_dags/example_sla_dag.py
[2023-08-24T04:53:35.130+0000] {processor.py:839} INFO - DAG(s) dict_keys(['example_sla_dag']) retrieved from /usr/local/lib/python3.8/dist-packages/airflow/example_dags/example_sla_dag.py
[2023-08-24T04:53:35.146+0000] {logging_mixin.py:151} INFO - [2023-08-24T04:53:35.146+0000] {dag.py:2907} INFO - Sync 1 DAGs
[2023-08-24T04:53:35.164+0000] {logging_mixin.py:151} INFO - [2023-08-24T04:53:35.164+0000] {dag.py:3677} INFO - Setting next_dagrun for example_sla_dag to 2023-08-24T04:50:00+00:00, run_after=2023-08-24T04:52:00+00:00
[2023-08-24T04:53:35.182+0000] {processor.py:179} INFO - Processing /usr/local/lib/python3.8/dist-packages/airflow/example_dags/example_sla_dag.py took 0.065 seconds
[2023-08-24T04:54:35.546+0000] {processor.py:157} INFO - Started process (PID=45784) to work on /usr/local/lib/python3.8/dist-packages/airflow/example_dags/example_sla_dag.py
[2023-08-24T04:54:35.550+0000] {processor.py:829} INFO - Processing file /usr/local/lib/python3.8/dist-packages/airflow/example_dags/example_sla_dag.py for tasks to queue
[2023-08-24T04:54:35.551+0000] {logging_mixin.py:151} INFO - [2023-08-24T04:54:35.550+0000] {dagbag.py:539} INFO - Filling up the DagBag from /usr/local/lib/python3.8/dist-packages/airflow/example_dags/example_sla_dag.py
[2023-08-24T04:54:35.558+0000] {processor.py:839} INFO - DAG(s) dict_keys(['example_sla_dag']) retrieved from /usr/local/lib/python3.8/dist-packages/airflow/example_dags/example_sla_dag.py
[2023-08-24T04:54:35.574+0000] {logging_mixin.py:151} INFO - [2023-08-24T04:54:35.574+0000] {dag.py:2907} INFO - Sync 1 DAGs
[2023-08-24T04:54:35.592+0000] {logging_mixin.py:151} INFO - [2023-08-24T04:54:35.592+0000] {dag.py:3677} INFO - Setting next_dagrun for example_sla_dag to 2023-08-24T04:52:00+00:00, run_after=2023-08-24T04:54:00+00:00
[2023-08-24T04:54:35.610+0000] {processor.py:179} INFO - Processing /usr/local/lib/python3.8/dist-packages/airflow/example_dags/example_sla_dag.py took 0.067 seconds
[2023-08-24T04:55:34.875+0000] {processor.py:157} INFO - Started process (PID=45967) to work on /usr/local/lib/python3.8/dist-packages/airflow/example_dags/example_sla_dag.py
[2023-08-24T04:55:34.877+0000] {processor.py:829} INFO - Processing file /usr/local/lib/python3.8/dist-packages/airflow/example_dags/example_sla_dag.py for tasks to queue
[2023-08-24T04:55:34.878+0000] {logging_mixin.py:151} INFO - [2023-08-24T04:55:34.878+0000] {dagbag.py:539} INFO - Filling up the DagBag from /usr/local/lib/python3.8/dist-packages/airflow/example_dags/example_sla_dag.py
[2023-08-24T04:55:34.886+0000] {processor.py:839} INFO - DAG(s) dict_keys(['example_sla_dag']) retrieved from /usr/local/lib/python3.8/dist-packages/airflow/example_dags/example_sla_dag.py
[2023-08-24T04:55:34.902+0000] {logging_mixin.py:151} INFO - [2023-08-24T04:55:34.901+0000] {dag.py:2907} INFO - Sync 1 DAGs
[2023-08-24T04:55:34.920+0000] {logging_mixin.py:151} INFO - [2023-08-24T04:55:34.920+0000] {dag.py:3677} INFO - Setting next_dagrun for example_sla_dag to 2023-08-24T04:52:00+00:00, run_after=2023-08-24T04:54:00+00:00
[2023-08-24T04:55:34.937+0000] {processor.py:179} INFO - Processing /usr/local/lib/python3.8/dist-packages/airflow/example_dags/example_sla_dag.py took 0.066 seconds
[2023-08-24T04:56:40.350+0000] {processor.py:157} INFO - Started process (PID=46155) to work on /usr/local/lib/python3.8/dist-packages/airflow/example_dags/example_sla_dag.py
[2023-08-24T04:56:40.354+0000] {processor.py:829} INFO - Processing file /usr/local/lib/python3.8/dist-packages/airflow/example_dags/example_sla_dag.py for tasks to queue
[2023-08-24T04:56:40.355+0000] {logging_mixin.py:151} INFO - [2023-08-24T04:56:40.355+0000] {dagbag.py:539} INFO - Filling up the DagBag from /usr/local/lib/python3.8/dist-packages/airflow/example_dags/example_sla_dag.py
[2023-08-24T04:56:40.363+0000] {processor.py:839} INFO - DAG(s) dict_keys(['example_sla_dag']) retrieved from /usr/local/lib/python3.8/dist-packages/airflow/example_dags/example_sla_dag.py
[2023-08-24T04:56:40.379+0000] {logging_mixin.py:151} INFO - [2023-08-24T04:56:40.378+0000] {dag.py:2907} INFO - Sync 1 DAGs
[2023-08-24T04:56:40.397+0000] {logging_mixin.py:151} INFO - [2023-08-24T04:56:40.397+0000] {dag.py:3677} INFO - Setting next_dagrun for example_sla_dag to 2023-08-24T04:54:00+00:00, run_after=2023-08-24T04:56:00+00:00
[2023-08-24T04:56:40.415+0000] {processor.py:179} INFO - Processing /usr/local/lib/python3.8/dist-packages/airflow/example_dags/example_sla_dag.py took 0.069 seconds
[2023-08-24T04:57:43.886+0000] {processor.py:157} INFO - Started process (PID=46351) to work on /usr/local/lib/python3.8/dist-packages/airflow/example_dags/example_sla_dag.py
[2023-08-24T04:57:43.888+0000] {processor.py:829} INFO - Processing file /usr/local/lib/python3.8/dist-packages/airflow/example_dags/example_sla_dag.py for tasks to queue
[2023-08-24T04:57:43.889+0000] {logging_mixin.py:151} INFO - [2023-08-24T04:57:43.889+0000] {dagbag.py:539} INFO - Filling up the DagBag from /usr/local/lib/python3.8/dist-packages/airflow/example_dags/example_sla_dag.py
[2023-08-24T04:57:43.897+0000] {processor.py:839} INFO - DAG(s) dict_keys(['example_sla_dag']) retrieved from /usr/local/lib/python3.8/dist-packages/airflow/example_dags/example_sla_dag.py
[2023-08-24T04:57:43.912+0000] {logging_mixin.py:151} INFO - [2023-08-24T04:57:43.912+0000] {dag.py:2907} INFO - Sync 1 DAGs
[2023-08-24T04:57:44.049+0000] {logging_mixin.py:151} INFO - [2023-08-24T04:57:44.049+0000] {dag.py:3677} INFO - Setting next_dagrun for example_sla_dag to 2023-08-24T04:54:00+00:00, run_after=2023-08-24T04:56:00+00:00
[2023-08-24T04:57:44.065+0000] {processor.py:179} INFO - Processing /usr/local/lib/python3.8/dist-packages/airflow/example_dags/example_sla_dag.py took 0.182 seconds
[2023-08-24T04:58:46.206+0000] {processor.py:157} INFO - Started process (PID=46535) to work on /usr/local/lib/python3.8/dist-packages/airflow/example_dags/example_sla_dag.py
[2023-08-24T04:58:46.210+0000] {processor.py:829} INFO - Processing file /usr/local/lib/python3.8/dist-packages/airflow/example_dags/example_sla_dag.py for tasks to queue
[2023-08-24T04:58:46.211+0000] {logging_mixin.py:151} INFO - [2023-08-24T04:58:46.211+0000] {dagbag.py:539} INFO - Filling up the DagBag from /usr/local/lib/python3.8/dist-packages/airflow/example_dags/example_sla_dag.py
[2023-08-24T04:58:46.219+0000] {processor.py:839} INFO - DAG(s) dict_keys(['example_sla_dag']) retrieved from /usr/local/lib/python3.8/dist-packages/airflow/example_dags/example_sla_dag.py
[2023-08-24T04:58:46.235+0000] {logging_mixin.py:151} INFO - [2023-08-24T04:58:46.235+0000] {dag.py:2907} INFO - Sync 1 DAGs
[2023-08-24T04:58:46.253+0000] {logging_mixin.py:151} INFO - [2023-08-24T04:58:46.253+0000] {dag.py:3677} INFO - Setting next_dagrun for example_sla_dag to 2023-08-24T04:56:00+00:00, run_after=2023-08-24T04:58:00+00:00
[2023-08-24T04:58:46.400+0000] {processor.py:179} INFO - Processing /usr/local/lib/python3.8/dist-packages/airflow/example_dags/example_sla_dag.py took 0.198 seconds
[2023-08-24T04:59:50.891+0000] {processor.py:157} INFO - Started process (PID=46718) to work on /usr/local/lib/python3.8/dist-packages/airflow/example_dags/example_sla_dag.py
[2023-08-24T04:59:50.893+0000] {processor.py:829} INFO - Processing file /usr/local/lib/python3.8/dist-packages/airflow/example_dags/example_sla_dag.py for tasks to queue
[2023-08-24T04:59:50.894+0000] {logging_mixin.py:151} INFO - [2023-08-24T04:59:50.894+0000] {dagbag.py:539} INFO - Filling up the DagBag from /usr/local/lib/python3.8/dist-packages/airflow/example_dags/example_sla_dag.py
[2023-08-24T04:59:50.902+0000] {processor.py:839} INFO - DAG(s) dict_keys(['example_sla_dag']) retrieved from /usr/local/lib/python3.8/dist-packages/airflow/example_dags/example_sla_dag.py
[2023-08-24T04:59:50.918+0000] {logging_mixin.py:151} INFO - [2023-08-24T04:59:50.918+0000] {dag.py:2907} INFO - Sync 1 DAGs
[2023-08-24T04:59:50.937+0000] {logging_mixin.py:151} INFO - [2023-08-24T04:59:50.937+0000] {dag.py:3677} INFO - Setting next_dagrun for example_sla_dag to 2023-08-24T04:56:00+00:00, run_after=2023-08-24T04:58:00+00:00
[2023-08-24T04:59:50.954+0000] {processor.py:179} INFO - Processing /usr/local/lib/python3.8/dist-packages/airflow/example_dags/example_sla_dag.py took 0.067 seconds
[2023-08-24T05:00:49.968+0000] {processor.py:157} INFO - Started process (PID=46903) to work on /usr/local/lib/python3.8/dist-packages/airflow/example_dags/example_sla_dag.py
[2023-08-24T05:00:49.972+0000] {processor.py:829} INFO - Processing file /usr/local/lib/python3.8/dist-packages/airflow/example_dags/example_sla_dag.py for tasks to queue
[2023-08-24T05:00:49.973+0000] {logging_mixin.py:151} INFO - [2023-08-24T05:00:49.972+0000] {dagbag.py:539} INFO - Filling up the DagBag from /usr/local/lib/python3.8/dist-packages/airflow/example_dags/example_sla_dag.py
[2023-08-24T05:00:49.980+0000] {processor.py:839} INFO - DAG(s) dict_keys(['example_sla_dag']) retrieved from /usr/local/lib/python3.8/dist-packages/airflow/example_dags/example_sla_dag.py
[2023-08-24T05:00:49.996+0000] {logging_mixin.py:151} INFO - [2023-08-24T05:00:49.996+0000] {dag.py:2907} INFO - Sync 1 DAGs
[2023-08-24T05:00:50.014+0000] {logging_mixin.py:151} INFO - [2023-08-24T05:00:50.014+0000] {dag.py:3677} INFO - Setting next_dagrun for example_sla_dag to 2023-08-24T04:58:00+00:00, run_after=2023-08-24T05:00:00+00:00
[2023-08-24T05:00:50.031+0000] {processor.py:179} INFO - Processing /usr/local/lib/python3.8/dist-packages/airflow/example_dags/example_sla_dag.py took 0.067 seconds
[2023-08-24T05:01:49.080+0000] {processor.py:157} INFO - Started process (PID=47101) to work on /usr/local/lib/python3.8/dist-packages/airflow/example_dags/example_sla_dag.py
[2023-08-24T05:01:49.081+0000] {processor.py:829} INFO - Processing file /usr/local/lib/python3.8/dist-packages/airflow/example_dags/example_sla_dag.py for tasks to queue
[2023-08-24T05:01:49.082+0000] {logging_mixin.py:151} INFO - [2023-08-24T05:01:49.082+0000] {dagbag.py:539} INFO - Filling up the DagBag from /usr/local/lib/python3.8/dist-packages/airflow/example_dags/example_sla_dag.py
[2023-08-24T05:01:49.090+0000] {processor.py:839} INFO - DAG(s) dict_keys(['example_sla_dag']) retrieved from /usr/local/lib/python3.8/dist-packages/airflow/example_dags/example_sla_dag.py
[2023-08-24T05:01:49.105+0000] {logging_mixin.py:151} INFO - [2023-08-24T05:01:49.105+0000] {dag.py:2907} INFO - Sync 1 DAGs
[2023-08-24T05:01:49.124+0000] {logging_mixin.py:151} INFO - [2023-08-24T05:01:49.123+0000] {dag.py:3677} INFO - Setting next_dagrun for example_sla_dag to 2023-08-24T04:58:00+00:00, run_after=2023-08-24T05:00:00+00:00
[2023-08-24T05:01:49.140+0000] {processor.py:179} INFO - Processing /usr/local/lib/python3.8/dist-packages/airflow/example_dags/example_sla_dag.py took 0.064 seconds
[2023-08-24T05:02:49.261+0000] {processor.py:157} INFO - Started process (PID=47285) to work on /usr/local/lib/python3.8/dist-packages/airflow/example_dags/example_sla_dag.py
[2023-08-24T05:02:49.266+0000] {processor.py:829} INFO - Processing file /usr/local/lib/python3.8/dist-packages/airflow/example_dags/example_sla_dag.py for tasks to queue
[2023-08-24T05:02:49.267+0000] {logging_mixin.py:151} INFO - [2023-08-24T05:02:49.267+0000] {dagbag.py:539} INFO - Filling up the DagBag from /usr/local/lib/python3.8/dist-packages/airflow/example_dags/example_sla_dag.py
[2023-08-24T05:02:49.275+0000] {processor.py:839} INFO - DAG(s) dict_keys(['example_sla_dag']) retrieved from /usr/local/lib/python3.8/dist-packages/airflow/example_dags/example_sla_dag.py
[2023-08-24T05:02:49.290+0000] {logging_mixin.py:151} INFO - [2023-08-24T05:02:49.290+0000] {dag.py:2907} INFO - Sync 1 DAGs
[2023-08-24T05:02:49.309+0000] {logging_mixin.py:151} INFO - [2023-08-24T05:02:49.309+0000] {dag.py:3677} INFO - Setting next_dagrun for example_sla_dag to 2023-08-24T05:00:00+00:00, run_after=2023-08-24T05:02:00+00:00
[2023-08-24T05:02:49.326+0000] {processor.py:179} INFO - Processing /usr/local/lib/python3.8/dist-packages/airflow/example_dags/example_sla_dag.py took 0.068 seconds
[2023-08-24T05:03:50.067+0000] {processor.py:157} INFO - Started process (PID=47474) to work on /usr/local/lib/python3.8/dist-packages/airflow/example_dags/example_sla_dag.py
[2023-08-24T05:03:50.068+0000] {processor.py:829} INFO - Processing file /usr/local/lib/python3.8/dist-packages/airflow/example_dags/example_sla_dag.py for tasks to queue
[2023-08-24T05:03:50.069+0000] {logging_mixin.py:151} INFO - [2023-08-24T05:03:50.069+0000] {dagbag.py:539} INFO - Filling up the DagBag from /usr/local/lib/python3.8/dist-packages/airflow/example_dags/example_sla_dag.py
[2023-08-24T05:03:50.077+0000] {processor.py:839} INFO - DAG(s) dict_keys(['example_sla_dag']) retrieved from /usr/local/lib/python3.8/dist-packages/airflow/example_dags/example_sla_dag.py
[2023-08-24T05:03:50.092+0000] {logging_mixin.py:151} INFO - [2023-08-24T05:03:50.092+0000] {dag.py:2907} INFO - Sync 1 DAGs
[2023-08-24T05:03:50.111+0000] {logging_mixin.py:151} INFO - [2023-08-24T05:03:50.111+0000] {dag.py:3677} INFO - Setting next_dagrun for example_sla_dag to 2023-08-24T05:00:00+00:00, run_after=2023-08-24T05:02:00+00:00
[2023-08-24T05:03:50.129+0000] {processor.py:179} INFO - Processing /usr/local/lib/python3.8/dist-packages/airflow/example_dags/example_sla_dag.py took 0.066 seconds
[2023-08-24T05:04:48.466+0000] {processor.py:157} INFO - Started process (PID=47656) to work on /usr/local/lib/python3.8/dist-packages/airflow/example_dags/example_sla_dag.py
[2023-08-24T05:04:48.467+0000] {processor.py:829} INFO - Processing file /usr/local/lib/python3.8/dist-packages/airflow/example_dags/example_sla_dag.py for tasks to queue
[2023-08-24T05:04:48.468+0000] {logging_mixin.py:151} INFO - [2023-08-24T05:04:48.468+0000] {dagbag.py:539} INFO - Filling up the DagBag from /usr/local/lib/python3.8/dist-packages/airflow/example_dags/example_sla_dag.py
[2023-08-24T05:04:48.476+0000] {processor.py:839} INFO - DAG(s) dict_keys(['example_sla_dag']) retrieved from /usr/local/lib/python3.8/dist-packages/airflow/example_dags/example_sla_dag.py
[2023-08-24T05:04:48.491+0000] {logging_mixin.py:151} INFO - [2023-08-24T05:04:48.491+0000] {dag.py:2907} INFO - Sync 1 DAGs
[2023-08-24T05:04:48.510+0000] {logging_mixin.py:151} INFO - [2023-08-24T05:04:48.510+0000] {dag.py:3677} INFO - Setting next_dagrun for example_sla_dag to 2023-08-24T05:02:00+00:00, run_after=2023-08-24T05:04:00+00:00
[2023-08-24T05:04:48.527+0000] {processor.py:179} INFO - Processing /usr/local/lib/python3.8/dist-packages/airflow/example_dags/example_sla_dag.py took 0.065 seconds
[2023-08-24T05:05:47.456+0000] {processor.py:157} INFO - Started process (PID=47852) to work on /usr/local/lib/python3.8/dist-packages/airflow/example_dags/example_sla_dag.py
[2023-08-24T05:05:47.457+0000] {processor.py:829} INFO - Processing file /usr/local/lib/python3.8/dist-packages/airflow/example_dags/example_sla_dag.py for tasks to queue
[2023-08-24T05:05:47.458+0000] {logging_mixin.py:151} INFO - [2023-08-24T05:05:47.458+0000] {dagbag.py:539} INFO - Filling up the DagBag from /usr/local/lib/python3.8/dist-packages/airflow/example_dags/example_sla_dag.py
[2023-08-24T05:05:47.467+0000] {processor.py:839} INFO - DAG(s) dict_keys(['example_sla_dag']) retrieved from /usr/local/lib/python3.8/dist-packages/airflow/example_dags/example_sla_dag.py
[2023-08-24T05:05:47.485+0000] {logging_mixin.py:151} INFO - [2023-08-24T05:05:47.485+0000] {dag.py:2907} INFO - Sync 1 DAGs
[2023-08-24T05:05:47.504+0000] {logging_mixin.py:151} INFO - [2023-08-24T05:05:47.504+0000] {dag.py:3677} INFO - Setting next_dagrun for example_sla_dag to 2023-08-24T05:02:00+00:00, run_after=2023-08-24T05:04:00+00:00
[2023-08-24T05:05:47.521+0000] {processor.py:179} INFO - Processing /usr/local/lib/python3.8/dist-packages/airflow/example_dags/example_sla_dag.py took 0.069 seconds
[2023-08-24T05:06:45.207+0000] {processor.py:157} INFO - Started process (PID=48049) to work on /usr/local/lib/python3.8/dist-packages/airflow/example_dags/example_sla_dag.py
[2023-08-24T05:06:45.208+0000] {processor.py:829} INFO - Processing file /usr/local/lib/python3.8/dist-packages/airflow/example_dags/example_sla_dag.py for tasks to queue
[2023-08-24T05:06:45.209+0000] {logging_mixin.py:151} INFO - [2023-08-24T05:06:45.209+0000] {dagbag.py:539} INFO - Filling up the DagBag from /usr/local/lib/python3.8/dist-packages/airflow/example_dags/example_sla_dag.py
[2023-08-24T05:06:45.217+0000] {processor.py:839} INFO - DAG(s) dict_keys(['example_sla_dag']) retrieved from /usr/local/lib/python3.8/dist-packages/airflow/example_dags/example_sla_dag.py
[2023-08-24T05:06:45.232+0000] {logging_mixin.py:151} INFO - [2023-08-24T05:06:45.232+0000] {dag.py:2907} INFO - Sync 1 DAGs
[2023-08-24T05:06:45.251+0000] {logging_mixin.py:151} INFO - [2023-08-24T05:06:45.251+0000] {dag.py:3677} INFO - Setting next_dagrun for example_sla_dag to 2023-08-24T05:04:00+00:00, run_after=2023-08-24T05:06:00+00:00
[2023-08-24T05:06:45.267+0000] {processor.py:179} INFO - Processing /usr/local/lib/python3.8/dist-packages/airflow/example_dags/example_sla_dag.py took 0.064 seconds
[2023-08-24T05:07:45.094+0000] {processor.py:157} INFO - Started process (PID=48234) to work on /usr/local/lib/python3.8/dist-packages/airflow/example_dags/example_sla_dag.py
[2023-08-24T05:07:45.096+0000] {processor.py:829} INFO - Processing file /usr/local/lib/python3.8/dist-packages/airflow/example_dags/example_sla_dag.py for tasks to queue
[2023-08-24T05:07:45.097+0000] {logging_mixin.py:151} INFO - [2023-08-24T05:07:45.096+0000] {dagbag.py:539} INFO - Filling up the DagBag from /usr/local/lib/python3.8/dist-packages/airflow/example_dags/example_sla_dag.py
[2023-08-24T05:07:45.104+0000] {processor.py:839} INFO - DAG(s) dict_keys(['example_sla_dag']) retrieved from /usr/local/lib/python3.8/dist-packages/airflow/example_dags/example_sla_dag.py
[2023-08-24T05:07:45.120+0000] {logging_mixin.py:151} INFO - [2023-08-24T05:07:45.120+0000] {dag.py:2907} INFO - Sync 1 DAGs
[2023-08-24T05:07:45.138+0000] {logging_mixin.py:151} INFO - [2023-08-24T05:07:45.138+0000] {dag.py:3677} INFO - Setting next_dagrun for example_sla_dag to 2023-08-24T05:04:00+00:00, run_after=2023-08-24T05:06:00+00:00
[2023-08-24T05:07:45.155+0000] {processor.py:179} INFO - Processing /usr/local/lib/python3.8/dist-packages/airflow/example_dags/example_sla_dag.py took 0.065 seconds
[2023-08-24T05:08:45.423+0000] {processor.py:157} INFO - Started process (PID=48418) to work on /usr/local/lib/python3.8/dist-packages/airflow/example_dags/example_sla_dag.py
[2023-08-24T05:08:45.424+0000] {processor.py:829} INFO - Processing file /usr/local/lib/python3.8/dist-packages/airflow/example_dags/example_sla_dag.py for tasks to queue
[2023-08-24T05:08:45.425+0000] {logging_mixin.py:151} INFO - [2023-08-24T05:08:45.425+0000] {dagbag.py:539} INFO - Filling up the DagBag from /usr/local/lib/python3.8/dist-packages/airflow/example_dags/example_sla_dag.py
[2023-08-24T05:08:45.433+0000] {processor.py:839} INFO - DAG(s) dict_keys(['example_sla_dag']) retrieved from /usr/local/lib/python3.8/dist-packages/airflow/example_dags/example_sla_dag.py
[2023-08-24T05:08:45.450+0000] {logging_mixin.py:151} INFO - [2023-08-24T05:08:45.450+0000] {dag.py:2907} INFO - Sync 1 DAGs
[2023-08-24T05:08:45.469+0000] {logging_mixin.py:151} INFO - [2023-08-24T05:08:45.469+0000] {dag.py:3677} INFO - Setting next_dagrun for example_sla_dag to 2023-08-24T05:06:00+00:00, run_after=2023-08-24T05:08:00+00:00
[2023-08-24T05:08:45.487+0000] {processor.py:179} INFO - Processing /usr/local/lib/python3.8/dist-packages/airflow/example_dags/example_sla_dag.py took 0.068 seconds
[2023-08-24T05:09:45.193+0000] {processor.py:157} INFO - Started process (PID=48614) to work on /usr/local/lib/python3.8/dist-packages/airflow/example_dags/example_sla_dag.py
[2023-08-24T05:09:45.195+0000] {processor.py:829} INFO - Processing file /usr/local/lib/python3.8/dist-packages/airflow/example_dags/example_sla_dag.py for tasks to queue
[2023-08-24T05:09:45.196+0000] {logging_mixin.py:151} INFO - [2023-08-24T05:09:45.195+0000] {dagbag.py:539} INFO - Filling up the DagBag from /usr/local/lib/python3.8/dist-packages/airflow/example_dags/example_sla_dag.py
[2023-08-24T05:09:45.203+0000] {processor.py:839} INFO - DAG(s) dict_keys(['example_sla_dag']) retrieved from /usr/local/lib/python3.8/dist-packages/airflow/example_dags/example_sla_dag.py
[2023-08-24T05:09:45.220+0000] {logging_mixin.py:151} INFO - [2023-08-24T05:09:45.219+0000] {dag.py:2907} INFO - Sync 1 DAGs
[2023-08-24T05:09:45.239+0000] {logging_mixin.py:151} INFO - [2023-08-24T05:09:45.239+0000] {dag.py:3677} INFO - Setting next_dagrun for example_sla_dag to 2023-08-24T05:06:00+00:00, run_after=2023-08-24T05:08:00+00:00
[2023-08-24T05:09:45.256+0000] {processor.py:179} INFO - Processing /usr/local/lib/python3.8/dist-packages/airflow/example_dags/example_sla_dag.py took 0.067 seconds
[2023-08-24T05:10:41.722+0000] {processor.py:157} INFO - Started process (PID=48795) to work on /usr/local/lib/python3.8/dist-packages/airflow/example_dags/example_sla_dag.py
[2023-08-24T05:10:41.725+0000] {processor.py:829} INFO - Processing file /usr/local/lib/python3.8/dist-packages/airflow/example_dags/example_sla_dag.py for tasks to queue
[2023-08-24T05:10:41.726+0000] {logging_mixin.py:151} INFO - [2023-08-24T05:10:41.726+0000] {dagbag.py:539} INFO - Filling up the DagBag from /usr/local/lib/python3.8/dist-packages/airflow/example_dags/example_sla_dag.py
[2023-08-24T05:10:41.734+0000] {processor.py:839} INFO - DAG(s) dict_keys(['example_sla_dag']) retrieved from /usr/local/lib/python3.8/dist-packages/airflow/example_dags/example_sla_dag.py
[2023-08-24T05:10:41.750+0000] {logging_mixin.py:151} INFO - [2023-08-24T05:10:41.750+0000] {dag.py:2907} INFO - Sync 1 DAGs
[2023-08-24T05:10:41.769+0000] {logging_mixin.py:151} INFO - [2023-08-24T05:10:41.769+0000] {dag.py:3677} INFO - Setting next_dagrun for example_sla_dag to 2023-08-24T05:08:00+00:00, run_after=2023-08-24T05:10:00+00:00
[2023-08-24T05:10:41.787+0000] {processor.py:179} INFO - Processing /usr/local/lib/python3.8/dist-packages/airflow/example_dags/example_sla_dag.py took 0.070 seconds
[2023-08-24T05:11:58.570+0000] {processor.py:157} INFO - Started process (PID=48951) to work on /usr/local/lib/python3.8/dist-packages/airflow/example_dags/example_sla_dag.py
[2023-08-24T05:11:58.572+0000] {processor.py:829} INFO - Processing file /usr/local/lib/python3.8/dist-packages/airflow/example_dags/example_sla_dag.py for tasks to queue
[2023-08-24T05:11:58.573+0000] {logging_mixin.py:151} INFO - [2023-08-24T05:11:58.572+0000] {dagbag.py:539} INFO - Filling up the DagBag from /usr/local/lib/python3.8/dist-packages/airflow/example_dags/example_sla_dag.py
[2023-08-24T05:11:58.580+0000] {processor.py:839} INFO - DAG(s) dict_keys(['example_sla_dag']) retrieved from /usr/local/lib/python3.8/dist-packages/airflow/example_dags/example_sla_dag.py
[2023-08-24T05:11:58.596+0000] {logging_mixin.py:151} INFO - [2023-08-24T05:11:58.596+0000] {dag.py:2907} INFO - Sync 1 DAGs
[2023-08-24T05:11:58.614+0000] {logging_mixin.py:151} INFO - [2023-08-24T05:11:58.614+0000] {dag.py:3677} INFO - Setting next_dagrun for example_sla_dag to 2023-08-24T05:08:00+00:00, run_after=2023-08-24T05:10:00+00:00
[2023-08-24T05:11:58.631+0000] {processor.py:179} INFO - Processing /usr/local/lib/python3.8/dist-packages/airflow/example_dags/example_sla_dag.py took 0.064 seconds
[2023-08-24T05:13:01.072+0000] {processor.py:157} INFO - Started process (PID=49148) to work on /usr/local/lib/python3.8/dist-packages/airflow/example_dags/example_sla_dag.py
[2023-08-24T05:13:01.075+0000] {processor.py:829} INFO - Processing file /usr/local/lib/python3.8/dist-packages/airflow/example_dags/example_sla_dag.py for tasks to queue
[2023-08-24T05:13:01.076+0000] {logging_mixin.py:151} INFO - [2023-08-24T05:13:01.076+0000] {dagbag.py:539} INFO - Filling up the DagBag from /usr/local/lib/python3.8/dist-packages/airflow/example_dags/example_sla_dag.py
[2023-08-24T05:13:01.084+0000] {processor.py:839} INFO - DAG(s) dict_keys(['example_sla_dag']) retrieved from /usr/local/lib/python3.8/dist-packages/airflow/example_dags/example_sla_dag.py
[2023-08-24T05:13:01.100+0000] {logging_mixin.py:151} INFO - [2023-08-24T05:13:01.100+0000] {dag.py:2907} INFO - Sync 1 DAGs
[2023-08-24T05:13:01.119+0000] {logging_mixin.py:151} INFO - [2023-08-24T05:13:01.119+0000] {dag.py:3677} INFO - Setting next_dagrun for example_sla_dag to 2023-08-24T05:10:00+00:00, run_after=2023-08-24T05:12:00+00:00
[2023-08-24T05:13:01.137+0000] {processor.py:179} INFO - Processing /usr/local/lib/python3.8/dist-packages/airflow/example_dags/example_sla_dag.py took 0.069 seconds
