[2023-08-24T04:22:03.155+0000] {processor.py:157} INFO - Started process (PID=37603) to work on /usr/local/lib/python3.8/dist-packages/airflow/example_dags/example_short_circuit_decorator.py
[2023-08-24T04:22:03.156+0000] {processor.py:829} INFO - Processing file /usr/local/lib/python3.8/dist-packages/airflow/example_dags/example_short_circuit_decorator.py for tasks to queue
[2023-08-24T04:22:03.157+0000] {logging_mixin.py:151} INFO - [2023-08-24T04:22:03.156+0000] {dagbag.py:539} INFO - Filling up the DagBag from /usr/local/lib/python3.8/dist-packages/airflow/example_dags/example_short_circuit_decorator.py
[2023-08-24T04:22:03.166+0000] {processor.py:839} INFO - DAG(s) dict_keys(['example_short_circuit_decorator']) retrieved from /usr/local/lib/python3.8/dist-packages/airflow/example_dags/example_short_circuit_decorator.py
[2023-08-24T04:22:03.185+0000] {logging_mixin.py:151} INFO - [2023-08-24T04:22:03.185+0000] {dag.py:2907} INFO - Sync 1 DAGs
[2023-08-24T04:22:03.201+0000] {logging_mixin.py:151} INFO - [2023-08-24T04:22:03.201+0000] {dag.py:3677} INFO - Setting next_dagrun for example_short_circuit_decorator to 2023-08-23T04:22:03.200899+00:00, run_after=2023-08-24T04:22:03.200899+00:00
[2023-08-24T04:22:03.218+0000] {processor.py:179} INFO - Processing /usr/local/lib/python3.8/dist-packages/airflow/example_dags/example_short_circuit_decorator.py took 0.067 seconds
[2023-08-24T04:31:17.382+0000] {processor.py:157} INFO - Started process (PID=41478) to work on /usr/local/lib/python3.8/dist-packages/airflow/example_dags/example_short_circuit_decorator.py
[2023-08-24T04:31:17.384+0000] {processor.py:829} INFO - Processing file /usr/local/lib/python3.8/dist-packages/airflow/example_dags/example_short_circuit_decorator.py for tasks to queue
[2023-08-24T04:31:17.385+0000] {logging_mixin.py:151} INFO - [2023-08-24T04:31:17.384+0000] {dagbag.py:539} INFO - Filling up the DagBag from /usr/local/lib/python3.8/dist-packages/airflow/example_dags/example_short_circuit_decorator.py
[2023-08-24T04:31:17.394+0000] {processor.py:839} INFO - DAG(s) dict_keys(['example_short_circuit_decorator']) retrieved from /usr/local/lib/python3.8/dist-packages/airflow/example_dags/example_short_circuit_decorator.py
[2023-08-24T04:31:17.414+0000] {logging_mixin.py:151} INFO - [2023-08-24T04:31:17.413+0000] {dag.py:2907} INFO - Sync 1 DAGs
[2023-08-24T04:31:17.431+0000] {logging_mixin.py:151} INFO - [2023-08-24T04:31:17.431+0000] {dag.py:3677} INFO - Setting next_dagrun for example_short_circuit_decorator to 2023-08-23T04:31:17.431275+00:00, run_after=2023-08-24T04:31:17.431275+00:00
[2023-08-24T04:31:17.449+0000] {processor.py:179} INFO - Processing /usr/local/lib/python3.8/dist-packages/airflow/example_dags/example_short_circuit_decorator.py took 0.070 seconds
[2023-08-24T04:32:18.264+0000] {processor.py:157} INFO - Started process (PID=41676) to work on /usr/local/lib/python3.8/dist-packages/airflow/example_dags/example_short_circuit_decorator.py
[2023-08-24T04:32:18.267+0000] {processor.py:829} INFO - Processing file /usr/local/lib/python3.8/dist-packages/airflow/example_dags/example_short_circuit_decorator.py for tasks to queue
[2023-08-24T04:32:18.268+0000] {logging_mixin.py:151} INFO - [2023-08-24T04:32:18.267+0000] {dagbag.py:539} INFO - Filling up the DagBag from /usr/local/lib/python3.8/dist-packages/airflow/example_dags/example_short_circuit_decorator.py
[2023-08-24T04:32:18.278+0000] {processor.py:839} INFO - DAG(s) dict_keys(['example_short_circuit_decorator']) retrieved from /usr/local/lib/python3.8/dist-packages/airflow/example_dags/example_short_circuit_decorator.py
[2023-08-24T04:32:18.297+0000] {logging_mixin.py:151} INFO - [2023-08-24T04:32:18.297+0000] {dag.py:2907} INFO - Sync 1 DAGs
[2023-08-24T04:32:18.313+0000] {logging_mixin.py:151} INFO - [2023-08-24T04:32:18.313+0000] {dag.py:3677} INFO - Setting next_dagrun for example_short_circuit_decorator to 2023-08-23T04:32:18.312834+00:00, run_after=2023-08-24T04:32:18.312834+00:00
[2023-08-24T04:32:18.330+0000] {processor.py:179} INFO - Processing /usr/local/lib/python3.8/dist-packages/airflow/example_dags/example_short_circuit_decorator.py took 0.070 seconds
[2023-08-24T04:33:17.916+0000] {processor.py:157} INFO - Started process (PID=41867) to work on /usr/local/lib/python3.8/dist-packages/airflow/example_dags/example_short_circuit_decorator.py
[2023-08-24T04:33:17.918+0000] {processor.py:829} INFO - Processing file /usr/local/lib/python3.8/dist-packages/airflow/example_dags/example_short_circuit_decorator.py for tasks to queue
[2023-08-24T04:33:17.919+0000] {logging_mixin.py:151} INFO - [2023-08-24T04:33:17.919+0000] {dagbag.py:539} INFO - Filling up the DagBag from /usr/local/lib/python3.8/dist-packages/airflow/example_dags/example_short_circuit_decorator.py
[2023-08-24T04:33:17.929+0000] {processor.py:839} INFO - DAG(s) dict_keys(['example_short_circuit_decorator']) retrieved from /usr/local/lib/python3.8/dist-packages/airflow/example_dags/example_short_circuit_decorator.py
[2023-08-24T04:33:17.946+0000] {logging_mixin.py:151} INFO - [2023-08-24T04:33:17.946+0000] {dag.py:2907} INFO - Sync 1 DAGs
[2023-08-24T04:33:17.962+0000] {logging_mixin.py:151} INFO - [2023-08-24T04:33:17.961+0000] {dag.py:3677} INFO - Setting next_dagrun for example_short_circuit_decorator to 2023-08-23T04:33:17.961725+00:00, run_after=2023-08-24T04:33:17.961725+00:00
[2023-08-24T04:33:17.979+0000] {processor.py:179} INFO - Processing /usr/local/lib/python3.8/dist-packages/airflow/example_dags/example_short_circuit_decorator.py took 0.067 seconds
[2023-08-24T04:34:17.032+0000] {processor.py:157} INFO - Started process (PID=42050) to work on /usr/local/lib/python3.8/dist-packages/airflow/example_dags/example_short_circuit_decorator.py
[2023-08-24T04:34:17.033+0000] {processor.py:829} INFO - Processing file /usr/local/lib/python3.8/dist-packages/airflow/example_dags/example_short_circuit_decorator.py for tasks to queue
[2023-08-24T04:34:17.034+0000] {logging_mixin.py:151} INFO - [2023-08-24T04:34:17.033+0000] {dagbag.py:539} INFO - Filling up the DagBag from /usr/local/lib/python3.8/dist-packages/airflow/example_dags/example_short_circuit_decorator.py
[2023-08-24T04:34:17.043+0000] {processor.py:839} INFO - DAG(s) dict_keys(['example_short_circuit_decorator']) retrieved from /usr/local/lib/python3.8/dist-packages/airflow/example_dags/example_short_circuit_decorator.py
[2023-08-24T04:34:17.060+0000] {logging_mixin.py:151} INFO - [2023-08-24T04:34:17.060+0000] {dag.py:2907} INFO - Sync 1 DAGs
[2023-08-24T04:34:17.076+0000] {logging_mixin.py:151} INFO - [2023-08-24T04:34:17.076+0000] {dag.py:3677} INFO - Setting next_dagrun for example_short_circuit_decorator to 2023-08-23T04:34:17.075864+00:00, run_after=2023-08-24T04:34:17.075864+00:00
[2023-08-24T04:34:17.093+0000] {processor.py:179} INFO - Processing /usr/local/lib/python3.8/dist-packages/airflow/example_dags/example_short_circuit_decorator.py took 0.064 seconds
[2023-08-24T04:35:15.576+0000] {processor.py:157} INFO - Started process (PID=42246) to work on /usr/local/lib/python3.8/dist-packages/airflow/example_dags/example_short_circuit_decorator.py
[2023-08-24T04:35:15.579+0000] {processor.py:829} INFO - Processing file /usr/local/lib/python3.8/dist-packages/airflow/example_dags/example_short_circuit_decorator.py for tasks to queue
[2023-08-24T04:35:15.580+0000] {logging_mixin.py:151} INFO - [2023-08-24T04:35:15.579+0000] {dagbag.py:539} INFO - Filling up the DagBag from /usr/local/lib/python3.8/dist-packages/airflow/example_dags/example_short_circuit_decorator.py
[2023-08-24T04:35:15.589+0000] {processor.py:839} INFO - DAG(s) dict_keys(['example_short_circuit_decorator']) retrieved from /usr/local/lib/python3.8/dist-packages/airflow/example_dags/example_short_circuit_decorator.py
[2023-08-24T04:35:15.607+0000] {logging_mixin.py:151} INFO - [2023-08-24T04:35:15.606+0000] {dag.py:2907} INFO - Sync 1 DAGs
[2023-08-24T04:35:15.624+0000] {logging_mixin.py:151} INFO - [2023-08-24T04:35:15.623+0000] {dag.py:3677} INFO - Setting next_dagrun for example_short_circuit_decorator to 2023-08-23T04:35:15.623601+00:00, run_after=2023-08-24T04:35:15.623601+00:00
[2023-08-24T04:35:15.642+0000] {processor.py:179} INFO - Processing /usr/local/lib/python3.8/dist-packages/airflow/example_dags/example_short_circuit_decorator.py took 0.069 seconds
[2023-08-24T04:36:14.848+0000] {processor.py:157} INFO - Started process (PID=42442) to work on /usr/local/lib/python3.8/dist-packages/airflow/example_dags/example_short_circuit_decorator.py
[2023-08-24T04:36:14.849+0000] {processor.py:829} INFO - Processing file /usr/local/lib/python3.8/dist-packages/airflow/example_dags/example_short_circuit_decorator.py for tasks to queue
[2023-08-24T04:36:14.850+0000] {logging_mixin.py:151} INFO - [2023-08-24T04:36:14.850+0000] {dagbag.py:539} INFO - Filling up the DagBag from /usr/local/lib/python3.8/dist-packages/airflow/example_dags/example_short_circuit_decorator.py
[2023-08-24T04:36:14.860+0000] {processor.py:839} INFO - DAG(s) dict_keys(['example_short_circuit_decorator']) retrieved from /usr/local/lib/python3.8/dist-packages/airflow/example_dags/example_short_circuit_decorator.py
[2023-08-24T04:36:14.877+0000] {logging_mixin.py:151} INFO - [2023-08-24T04:36:14.877+0000] {dag.py:2907} INFO - Sync 1 DAGs
[2023-08-24T04:36:14.893+0000] {logging_mixin.py:151} INFO - [2023-08-24T04:36:14.892+0000] {dag.py:3677} INFO - Setting next_dagrun for example_short_circuit_decorator to 2023-08-23T04:36:14.892719+00:00, run_after=2023-08-24T04:36:14.892719+00:00
[2023-08-24T04:36:14.910+0000] {processor.py:179} INFO - Processing /usr/local/lib/python3.8/dist-packages/airflow/example_dags/example_short_circuit_decorator.py took 0.066 seconds
[2023-08-24T04:37:10.342+0000] {processor.py:157} INFO - Started process (PID=42625) to work on /usr/local/lib/python3.8/dist-packages/airflow/example_dags/example_short_circuit_decorator.py
[2023-08-24T04:37:10.343+0000] {processor.py:829} INFO - Processing file /usr/local/lib/python3.8/dist-packages/airflow/example_dags/example_short_circuit_decorator.py for tasks to queue
[2023-08-24T04:37:10.344+0000] {logging_mixin.py:151} INFO - [2023-08-24T04:37:10.344+0000] {dagbag.py:539} INFO - Filling up the DagBag from /usr/local/lib/python3.8/dist-packages/airflow/example_dags/example_short_circuit_decorator.py
[2023-08-24T04:37:10.353+0000] {processor.py:839} INFO - DAG(s) dict_keys(['example_short_circuit_decorator']) retrieved from /usr/local/lib/python3.8/dist-packages/airflow/example_dags/example_short_circuit_decorator.py
[2023-08-24T04:37:10.370+0000] {logging_mixin.py:151} INFO - [2023-08-24T04:37:10.370+0000] {dag.py:2907} INFO - Sync 1 DAGs
[2023-08-24T04:37:10.387+0000] {logging_mixin.py:151} INFO - [2023-08-24T04:37:10.387+0000] {dag.py:3677} INFO - Setting next_dagrun for example_short_circuit_decorator to 2023-08-23T04:37:10.386882+00:00, run_after=2023-08-24T04:37:10.386882+00:00
[2023-08-24T04:37:10.405+0000] {processor.py:179} INFO - Processing /usr/local/lib/python3.8/dist-packages/airflow/example_dags/example_short_circuit_decorator.py took 0.067 seconds
[2023-08-24T04:38:06.762+0000] {processor.py:157} INFO - Started process (PID=42808) to work on /usr/local/lib/python3.8/dist-packages/airflow/example_dags/example_short_circuit_decorator.py
[2023-08-24T04:38:06.763+0000] {processor.py:829} INFO - Processing file /usr/local/lib/python3.8/dist-packages/airflow/example_dags/example_short_circuit_decorator.py for tasks to queue
[2023-08-24T04:38:06.764+0000] {logging_mixin.py:151} INFO - [2023-08-24T04:38:06.764+0000] {dagbag.py:539} INFO - Filling up the DagBag from /usr/local/lib/python3.8/dist-packages/airflow/example_dags/example_short_circuit_decorator.py
[2023-08-24T04:38:06.775+0000] {processor.py:839} INFO - DAG(s) dict_keys(['example_short_circuit_decorator']) retrieved from /usr/local/lib/python3.8/dist-packages/airflow/example_dags/example_short_circuit_decorator.py
[2023-08-24T04:38:06.792+0000] {logging_mixin.py:151} INFO - [2023-08-24T04:38:06.792+0000] {dag.py:2907} INFO - Sync 1 DAGs
[2023-08-24T04:38:06.808+0000] {logging_mixin.py:151} INFO - [2023-08-24T04:38:06.807+0000] {dag.py:3677} INFO - Setting next_dagrun for example_short_circuit_decorator to 2023-08-23T04:38:06.807636+00:00, run_after=2023-08-24T04:38:06.807636+00:00
[2023-08-24T04:38:06.825+0000] {processor.py:179} INFO - Processing /usr/local/lib/python3.8/dist-packages/airflow/example_dags/example_short_circuit_decorator.py took 0.066 seconds
[2023-08-24T04:39:08.631+0000] {processor.py:157} INFO - Started process (PID=42993) to work on /usr/local/lib/python3.8/dist-packages/airflow/example_dags/example_short_circuit_decorator.py
[2023-08-24T04:39:08.632+0000] {processor.py:829} INFO - Processing file /usr/local/lib/python3.8/dist-packages/airflow/example_dags/example_short_circuit_decorator.py for tasks to queue
[2023-08-24T04:39:08.633+0000] {logging_mixin.py:151} INFO - [2023-08-24T04:39:08.633+0000] {dagbag.py:539} INFO - Filling up the DagBag from /usr/local/lib/python3.8/dist-packages/airflow/example_dags/example_short_circuit_decorator.py
[2023-08-24T04:39:08.643+0000] {processor.py:839} INFO - DAG(s) dict_keys(['example_short_circuit_decorator']) retrieved from /usr/local/lib/python3.8/dist-packages/airflow/example_dags/example_short_circuit_decorator.py
[2023-08-24T04:39:08.661+0000] {logging_mixin.py:151} INFO - [2023-08-24T04:39:08.661+0000] {dag.py:2907} INFO - Sync 1 DAGs
[2023-08-24T04:39:08.680+0000] {logging_mixin.py:151} INFO - [2023-08-24T04:39:08.679+0000] {dag.py:3677} INFO - Setting next_dagrun for example_short_circuit_decorator to 2023-08-23T04:39:08.679469+00:00, run_after=2023-08-24T04:39:08.679469+00:00
[2023-08-24T04:39:08.698+0000] {processor.py:179} INFO - Processing /usr/local/lib/python3.8/dist-packages/airflow/example_dags/example_short_circuit_decorator.py took 0.071 seconds
[2023-08-24T04:40:08.901+0000] {processor.py:157} INFO - Started process (PID=43189) to work on /usr/local/lib/python3.8/dist-packages/airflow/example_dags/example_short_circuit_decorator.py
[2023-08-24T04:40:08.903+0000] {processor.py:829} INFO - Processing file /usr/local/lib/python3.8/dist-packages/airflow/example_dags/example_short_circuit_decorator.py for tasks to queue
[2023-08-24T04:40:08.903+0000] {logging_mixin.py:151} INFO - [2023-08-24T04:40:08.903+0000] {dagbag.py:539} INFO - Filling up the DagBag from /usr/local/lib/python3.8/dist-packages/airflow/example_dags/example_short_circuit_decorator.py
[2023-08-24T04:40:08.913+0000] {processor.py:839} INFO - DAG(s) dict_keys(['example_short_circuit_decorator']) retrieved from /usr/local/lib/python3.8/dist-packages/airflow/example_dags/example_short_circuit_decorator.py
[2023-08-24T04:40:08.931+0000] {logging_mixin.py:151} INFO - [2023-08-24T04:40:08.931+0000] {dag.py:2907} INFO - Sync 1 DAGs
[2023-08-24T04:40:08.947+0000] {logging_mixin.py:151} INFO - [2023-08-24T04:40:08.947+0000] {dag.py:3677} INFO - Setting next_dagrun for example_short_circuit_decorator to 2023-08-23T04:40:08.946790+00:00, run_after=2023-08-24T04:40:08.946790+00:00
[2023-08-24T04:40:08.964+0000] {processor.py:179} INFO - Processing /usr/local/lib/python3.8/dist-packages/airflow/example_dags/example_short_circuit_decorator.py took 0.067 seconds
[2023-08-24T04:41:09.584+0000] {processor.py:157} INFO - Started process (PID=43373) to work on /usr/local/lib/python3.8/dist-packages/airflow/example_dags/example_short_circuit_decorator.py
[2023-08-24T04:41:09.585+0000] {processor.py:829} INFO - Processing file /usr/local/lib/python3.8/dist-packages/airflow/example_dags/example_short_circuit_decorator.py for tasks to queue
[2023-08-24T04:41:09.586+0000] {logging_mixin.py:151} INFO - [2023-08-24T04:41:09.586+0000] {dagbag.py:539} INFO - Filling up the DagBag from /usr/local/lib/python3.8/dist-packages/airflow/example_dags/example_short_circuit_decorator.py
[2023-08-24T04:41:09.595+0000] {processor.py:839} INFO - DAG(s) dict_keys(['example_short_circuit_decorator']) retrieved from /usr/local/lib/python3.8/dist-packages/airflow/example_dags/example_short_circuit_decorator.py
[2023-08-24T04:41:09.613+0000] {logging_mixin.py:151} INFO - [2023-08-24T04:41:09.613+0000] {dag.py:2907} INFO - Sync 1 DAGs
[2023-08-24T04:41:09.629+0000] {logging_mixin.py:151} INFO - [2023-08-24T04:41:09.628+0000] {dag.py:3677} INFO - Setting next_dagrun for example_short_circuit_decorator to 2023-08-23T04:41:09.628705+00:00, run_after=2023-08-24T04:41:09.628705+00:00
[2023-08-24T04:41:09.646+0000] {processor.py:179} INFO - Processing /usr/local/lib/python3.8/dist-packages/airflow/example_dags/example_short_circuit_decorator.py took 0.066 seconds
[2023-08-24T04:42:08.644+0000] {processor.py:157} INFO - Started process (PID=43556) to work on /usr/local/lib/python3.8/dist-packages/airflow/example_dags/example_short_circuit_decorator.py
[2023-08-24T04:42:08.646+0000] {processor.py:829} INFO - Processing file /usr/local/lib/python3.8/dist-packages/airflow/example_dags/example_short_circuit_decorator.py for tasks to queue
[2023-08-24T04:42:08.647+0000] {logging_mixin.py:151} INFO - [2023-08-24T04:42:08.647+0000] {dagbag.py:539} INFO - Filling up the DagBag from /usr/local/lib/python3.8/dist-packages/airflow/example_dags/example_short_circuit_decorator.py
[2023-08-24T04:42:08.656+0000] {processor.py:839} INFO - DAG(s) dict_keys(['example_short_circuit_decorator']) retrieved from /usr/local/lib/python3.8/dist-packages/airflow/example_dags/example_short_circuit_decorator.py
[2023-08-24T04:42:08.674+0000] {logging_mixin.py:151} INFO - [2023-08-24T04:42:08.674+0000] {dag.py:2907} INFO - Sync 1 DAGs
[2023-08-24T04:42:08.689+0000] {logging_mixin.py:151} INFO - [2023-08-24T04:42:08.689+0000] {dag.py:3677} INFO - Setting next_dagrun for example_short_circuit_decorator to 2023-08-23T04:42:08.689540+00:00, run_after=2023-08-24T04:42:08.689540+00:00
[2023-08-24T04:42:08.706+0000] {processor.py:179} INFO - Processing /usr/local/lib/python3.8/dist-packages/airflow/example_dags/example_short_circuit_decorator.py took 0.066 seconds
[2023-08-24T04:43:07.910+0000] {processor.py:157} INFO - Started process (PID=43744) to work on /usr/local/lib/python3.8/dist-packages/airflow/example_dags/example_short_circuit_decorator.py
[2023-08-24T04:43:07.911+0000] {processor.py:829} INFO - Processing file /usr/local/lib/python3.8/dist-packages/airflow/example_dags/example_short_circuit_decorator.py for tasks to queue
[2023-08-24T04:43:07.912+0000] {logging_mixin.py:151} INFO - [2023-08-24T04:43:07.912+0000] {dagbag.py:539} INFO - Filling up the DagBag from /usr/local/lib/python3.8/dist-packages/airflow/example_dags/example_short_circuit_decorator.py
[2023-08-24T04:43:07.921+0000] {processor.py:839} INFO - DAG(s) dict_keys(['example_short_circuit_decorator']) retrieved from /usr/local/lib/python3.8/dist-packages/airflow/example_dags/example_short_circuit_decorator.py
[2023-08-24T04:43:07.939+0000] {logging_mixin.py:151} INFO - [2023-08-24T04:43:07.938+0000] {dag.py:2907} INFO - Sync 1 DAGs
[2023-08-24T04:43:07.955+0000] {logging_mixin.py:151} INFO - [2023-08-24T04:43:07.954+0000] {dag.py:3677} INFO - Setting next_dagrun for example_short_circuit_decorator to 2023-08-23T04:43:07.954614+00:00, run_after=2023-08-24T04:43:07.954614+00:00
[2023-08-24T04:43:07.972+0000] {processor.py:179} INFO - Processing /usr/local/lib/python3.8/dist-packages/airflow/example_dags/example_short_circuit_decorator.py took 0.066 seconds
[2023-08-24T04:44:08.669+0000] {processor.py:157} INFO - Started process (PID=43928) to work on /usr/local/lib/python3.8/dist-packages/airflow/example_dags/example_short_circuit_decorator.py
[2023-08-24T04:44:08.673+0000] {processor.py:829} INFO - Processing file /usr/local/lib/python3.8/dist-packages/airflow/example_dags/example_short_circuit_decorator.py for tasks to queue
[2023-08-24T04:44:08.674+0000] {logging_mixin.py:151} INFO - [2023-08-24T04:44:08.674+0000] {dagbag.py:539} INFO - Filling up the DagBag from /usr/local/lib/python3.8/dist-packages/airflow/example_dags/example_short_circuit_decorator.py
[2023-08-24T04:44:08.683+0000] {processor.py:839} INFO - DAG(s) dict_keys(['example_short_circuit_decorator']) retrieved from /usr/local/lib/python3.8/dist-packages/airflow/example_dags/example_short_circuit_decorator.py
[2023-08-24T04:44:08.701+0000] {logging_mixin.py:151} INFO - [2023-08-24T04:44:08.701+0000] {dag.py:2907} INFO - Sync 1 DAGs
[2023-08-24T04:44:08.717+0000] {logging_mixin.py:151} INFO - [2023-08-24T04:44:08.716+0000] {dag.py:3677} INFO - Setting next_dagrun for example_short_circuit_decorator to 2023-08-23T04:44:08.716729+00:00, run_after=2023-08-24T04:44:08.716729+00:00
[2023-08-24T04:44:08.734+0000] {processor.py:179} INFO - Processing /usr/local/lib/python3.8/dist-packages/airflow/example_dags/example_short_circuit_decorator.py took 0.069 seconds
[2023-08-24T04:45:09.731+0000] {processor.py:157} INFO - Started process (PID=44113) to work on /usr/local/lib/python3.8/dist-packages/airflow/example_dags/example_short_circuit_decorator.py
[2023-08-24T04:45:09.734+0000] {processor.py:829} INFO - Processing file /usr/local/lib/python3.8/dist-packages/airflow/example_dags/example_short_circuit_decorator.py for tasks to queue
[2023-08-24T04:45:09.735+0000] {logging_mixin.py:151} INFO - [2023-08-24T04:45:09.734+0000] {dagbag.py:539} INFO - Filling up the DagBag from /usr/local/lib/python3.8/dist-packages/airflow/example_dags/example_short_circuit_decorator.py
[2023-08-24T04:45:09.744+0000] {processor.py:839} INFO - DAG(s) dict_keys(['example_short_circuit_decorator']) retrieved from /usr/local/lib/python3.8/dist-packages/airflow/example_dags/example_short_circuit_decorator.py
[2023-08-24T04:45:09.761+0000] {logging_mixin.py:151} INFO - [2023-08-24T04:45:09.761+0000] {dag.py:2907} INFO - Sync 1 DAGs
[2023-08-24T04:45:09.778+0000] {logging_mixin.py:151} INFO - [2023-08-24T04:45:09.777+0000] {dag.py:3677} INFO - Setting next_dagrun for example_short_circuit_decorator to 2023-08-23T04:45:09.777617+00:00, run_after=2023-08-24T04:45:09.777617+00:00
[2023-08-24T04:45:09.795+0000] {processor.py:179} INFO - Processing /usr/local/lib/python3.8/dist-packages/airflow/example_dags/example_short_circuit_decorator.py took 0.068 seconds
[2023-08-24T04:46:11.313+0000] {processor.py:157} INFO - Started process (PID=44296) to work on /usr/local/lib/python3.8/dist-packages/airflow/example_dags/example_short_circuit_decorator.py
[2023-08-24T04:46:11.317+0000] {processor.py:829} INFO - Processing file /usr/local/lib/python3.8/dist-packages/airflow/example_dags/example_short_circuit_decorator.py for tasks to queue
[2023-08-24T04:46:11.318+0000] {logging_mixin.py:151} INFO - [2023-08-24T04:46:11.318+0000] {dagbag.py:539} INFO - Filling up the DagBag from /usr/local/lib/python3.8/dist-packages/airflow/example_dags/example_short_circuit_decorator.py
[2023-08-24T04:46:11.328+0000] {processor.py:839} INFO - DAG(s) dict_keys(['example_short_circuit_decorator']) retrieved from /usr/local/lib/python3.8/dist-packages/airflow/example_dags/example_short_circuit_decorator.py
[2023-08-24T04:46:11.347+0000] {logging_mixin.py:151} INFO - [2023-08-24T04:46:11.347+0000] {dag.py:2907} INFO - Sync 1 DAGs
[2023-08-24T04:46:11.364+0000] {logging_mixin.py:151} INFO - [2023-08-24T04:46:11.363+0000] {dag.py:3677} INFO - Setting next_dagrun for example_short_circuit_decorator to 2023-08-23T04:46:11.363555+00:00, run_after=2023-08-24T04:46:11.363555+00:00
[2023-08-24T04:46:11.382+0000] {processor.py:179} INFO - Processing /usr/local/lib/python3.8/dist-packages/airflow/example_dags/example_short_circuit_decorator.py took 0.073 seconds
[2023-08-24T04:47:14.204+0000] {processor.py:157} INFO - Started process (PID=44479) to work on /usr/local/lib/python3.8/dist-packages/airflow/example_dags/example_short_circuit_decorator.py
[2023-08-24T04:47:14.209+0000] {processor.py:829} INFO - Processing file /usr/local/lib/python3.8/dist-packages/airflow/example_dags/example_short_circuit_decorator.py for tasks to queue
[2023-08-24T04:47:14.210+0000] {logging_mixin.py:151} INFO - [2023-08-24T04:47:14.209+0000] {dagbag.py:539} INFO - Filling up the DagBag from /usr/local/lib/python3.8/dist-packages/airflow/example_dags/example_short_circuit_decorator.py
[2023-08-24T04:47:14.219+0000] {processor.py:839} INFO - DAG(s) dict_keys(['example_short_circuit_decorator']) retrieved from /usr/local/lib/python3.8/dist-packages/airflow/example_dags/example_short_circuit_decorator.py
[2023-08-24T04:47:14.236+0000] {logging_mixin.py:151} INFO - [2023-08-24T04:47:14.236+0000] {dag.py:2907} INFO - Sync 1 DAGs
[2023-08-24T04:47:14.252+0000] {logging_mixin.py:151} INFO - [2023-08-24T04:47:14.252+0000] {dag.py:3677} INFO - Setting next_dagrun for example_short_circuit_decorator to 2023-08-23T04:47:14.252399+00:00, run_after=2023-08-24T04:47:14.252399+00:00
[2023-08-24T04:47:14.269+0000] {processor.py:179} INFO - Processing /usr/local/lib/python3.8/dist-packages/airflow/example_dags/example_short_circuit_decorator.py took 0.068 seconds
[2023-08-24T04:48:14.341+0000] {processor.py:157} INFO - Started process (PID=44663) to work on /usr/local/lib/python3.8/dist-packages/airflow/example_dags/example_short_circuit_decorator.py
[2023-08-24T04:48:14.344+0000] {processor.py:829} INFO - Processing file /usr/local/lib/python3.8/dist-packages/airflow/example_dags/example_short_circuit_decorator.py for tasks to queue
[2023-08-24T04:48:14.345+0000] {logging_mixin.py:151} INFO - [2023-08-24T04:48:14.345+0000] {dagbag.py:539} INFO - Filling up the DagBag from /usr/local/lib/python3.8/dist-packages/airflow/example_dags/example_short_circuit_decorator.py
[2023-08-24T04:48:14.356+0000] {processor.py:839} INFO - DAG(s) dict_keys(['example_short_circuit_decorator']) retrieved from /usr/local/lib/python3.8/dist-packages/airflow/example_dags/example_short_circuit_decorator.py
[2023-08-24T04:48:14.374+0000] {logging_mixin.py:151} INFO - [2023-08-24T04:48:14.374+0000] {dag.py:2907} INFO - Sync 1 DAGs
[2023-08-24T04:48:14.390+0000] {logging_mixin.py:151} INFO - [2023-08-24T04:48:14.390+0000] {dag.py:3677} INFO - Setting next_dagrun for example_short_circuit_decorator to 2023-08-23T04:48:14.390032+00:00, run_after=2023-08-24T04:48:14.390032+00:00
[2023-08-24T04:48:14.409+0000] {processor.py:179} INFO - Processing /usr/local/lib/python3.8/dist-packages/airflow/example_dags/example_short_circuit_decorator.py took 0.072 seconds
[2023-08-24T04:49:17.904+0000] {processor.py:157} INFO - Started process (PID=44846) to work on /usr/local/lib/python3.8/dist-packages/airflow/example_dags/example_short_circuit_decorator.py
[2023-08-24T04:49:17.905+0000] {processor.py:829} INFO - Processing file /usr/local/lib/python3.8/dist-packages/airflow/example_dags/example_short_circuit_decorator.py for tasks to queue
[2023-08-24T04:49:17.906+0000] {logging_mixin.py:151} INFO - [2023-08-24T04:49:17.906+0000] {dagbag.py:539} INFO - Filling up the DagBag from /usr/local/lib/python3.8/dist-packages/airflow/example_dags/example_short_circuit_decorator.py
[2023-08-24T04:49:17.917+0000] {processor.py:839} INFO - DAG(s) dict_keys(['example_short_circuit_decorator']) retrieved from /usr/local/lib/python3.8/dist-packages/airflow/example_dags/example_short_circuit_decorator.py
[2023-08-24T04:49:17.938+0000] {logging_mixin.py:151} INFO - [2023-08-24T04:49:17.938+0000] {dag.py:2907} INFO - Sync 1 DAGs
[2023-08-24T04:49:17.957+0000] {logging_mixin.py:151} INFO - [2023-08-24T04:49:17.956+0000] {dag.py:3677} INFO - Setting next_dagrun for example_short_circuit_decorator to 2023-08-23T04:49:17.956561+00:00, run_after=2023-08-24T04:49:17.956561+00:00
[2023-08-24T04:49:17.975+0000] {processor.py:179} INFO - Processing /usr/local/lib/python3.8/dist-packages/airflow/example_dags/example_short_circuit_decorator.py took 0.076 seconds
[2023-08-24T04:50:15.531+0000] {processor.py:157} INFO - Started process (PID=45031) to work on /usr/local/lib/python3.8/dist-packages/airflow/example_dags/example_short_circuit_decorator.py
[2023-08-24T04:50:15.535+0000] {processor.py:829} INFO - Processing file /usr/local/lib/python3.8/dist-packages/airflow/example_dags/example_short_circuit_decorator.py for tasks to queue
[2023-08-24T04:50:15.535+0000] {logging_mixin.py:151} INFO - [2023-08-24T04:50:15.535+0000] {dagbag.py:539} INFO - Filling up the DagBag from /usr/local/lib/python3.8/dist-packages/airflow/example_dags/example_short_circuit_decorator.py
[2023-08-24T04:50:15.545+0000] {processor.py:839} INFO - DAG(s) dict_keys(['example_short_circuit_decorator']) retrieved from /usr/local/lib/python3.8/dist-packages/airflow/example_dags/example_short_circuit_decorator.py
[2023-08-24T04:50:15.562+0000] {logging_mixin.py:151} INFO - [2023-08-24T04:50:15.562+0000] {dag.py:2907} INFO - Sync 1 DAGs
[2023-08-24T04:50:15.579+0000] {logging_mixin.py:151} INFO - [2023-08-24T04:50:15.579+0000] {dag.py:3677} INFO - Setting next_dagrun for example_short_circuit_decorator to 2023-08-23T04:50:15.578750+00:00, run_after=2023-08-24T04:50:15.578750+00:00
[2023-08-24T04:50:15.597+0000] {processor.py:179} INFO - Processing /usr/local/lib/python3.8/dist-packages/airflow/example_dags/example_short_circuit_decorator.py took 0.069 seconds
[2023-08-24T04:51:13.958+0000] {processor.py:157} INFO - Started process (PID=45213) to work on /usr/local/lib/python3.8/dist-packages/airflow/example_dags/example_short_circuit_decorator.py
[2023-08-24T04:51:13.959+0000] {processor.py:829} INFO - Processing file /usr/local/lib/python3.8/dist-packages/airflow/example_dags/example_short_circuit_decorator.py for tasks to queue
[2023-08-24T04:51:13.960+0000] {logging_mixin.py:151} INFO - [2023-08-24T04:51:13.960+0000] {dagbag.py:539} INFO - Filling up the DagBag from /usr/local/lib/python3.8/dist-packages/airflow/example_dags/example_short_circuit_decorator.py
[2023-08-24T04:51:13.969+0000] {processor.py:839} INFO - DAG(s) dict_keys(['example_short_circuit_decorator']) retrieved from /usr/local/lib/python3.8/dist-packages/airflow/example_dags/example_short_circuit_decorator.py
[2023-08-24T04:51:13.987+0000] {logging_mixin.py:151} INFO - [2023-08-24T04:51:13.987+0000] {dag.py:2907} INFO - Sync 1 DAGs
[2023-08-24T04:51:14.003+0000] {logging_mixin.py:151} INFO - [2023-08-24T04:51:14.003+0000] {dag.py:3677} INFO - Setting next_dagrun for example_short_circuit_decorator to 2023-08-23T04:51:14.003410+00:00, run_after=2023-08-24T04:51:14.003410+00:00
[2023-08-24T04:51:14.021+0000] {processor.py:179} INFO - Processing /usr/local/lib/python3.8/dist-packages/airflow/example_dags/example_short_circuit_decorator.py took 0.067 seconds
[2023-08-24T04:52:16.076+0000] {processor.py:157} INFO - Started process (PID=45396) to work on /usr/local/lib/python3.8/dist-packages/airflow/example_dags/example_short_circuit_decorator.py
[2023-08-24T04:52:16.079+0000] {processor.py:829} INFO - Processing file /usr/local/lib/python3.8/dist-packages/airflow/example_dags/example_short_circuit_decorator.py for tasks to queue
[2023-08-24T04:52:16.080+0000] {logging_mixin.py:151} INFO - [2023-08-24T04:52:16.080+0000] {dagbag.py:539} INFO - Filling up the DagBag from /usr/local/lib/python3.8/dist-packages/airflow/example_dags/example_short_circuit_decorator.py
[2023-08-24T04:52:16.089+0000] {processor.py:839} INFO - DAG(s) dict_keys(['example_short_circuit_decorator']) retrieved from /usr/local/lib/python3.8/dist-packages/airflow/example_dags/example_short_circuit_decorator.py
[2023-08-24T04:52:16.107+0000] {logging_mixin.py:151} INFO - [2023-08-24T04:52:16.106+0000] {dag.py:2907} INFO - Sync 1 DAGs
[2023-08-24T04:52:16.123+0000] {logging_mixin.py:151} INFO - [2023-08-24T04:52:16.123+0000] {dag.py:3677} INFO - Setting next_dagrun for example_short_circuit_decorator to 2023-08-23T04:52:16.122853+00:00, run_after=2023-08-24T04:52:16.122853+00:00
[2023-08-24T04:52:16.140+0000] {processor.py:179} INFO - Processing /usr/local/lib/python3.8/dist-packages/airflow/example_dags/example_short_circuit_decorator.py took 0.067 seconds
[2023-08-24T04:53:17.515+0000] {processor.py:157} INFO - Started process (PID=45585) to work on /usr/local/lib/python3.8/dist-packages/airflow/example_dags/example_short_circuit_decorator.py
[2023-08-24T04:53:17.517+0000] {processor.py:829} INFO - Processing file /usr/local/lib/python3.8/dist-packages/airflow/example_dags/example_short_circuit_decorator.py for tasks to queue
[2023-08-24T04:53:17.518+0000] {logging_mixin.py:151} INFO - [2023-08-24T04:53:17.518+0000] {dagbag.py:539} INFO - Filling up the DagBag from /usr/local/lib/python3.8/dist-packages/airflow/example_dags/example_short_circuit_decorator.py
[2023-08-24T04:53:17.527+0000] {processor.py:839} INFO - DAG(s) dict_keys(['example_short_circuit_decorator']) retrieved from /usr/local/lib/python3.8/dist-packages/airflow/example_dags/example_short_circuit_decorator.py
[2023-08-24T04:53:17.544+0000] {logging_mixin.py:151} INFO - [2023-08-24T04:53:17.544+0000] {dag.py:2907} INFO - Sync 1 DAGs
[2023-08-24T04:53:17.560+0000] {logging_mixin.py:151} INFO - [2023-08-24T04:53:17.560+0000] {dag.py:3677} INFO - Setting next_dagrun for example_short_circuit_decorator to 2023-08-23T04:53:17.560108+00:00, run_after=2023-08-24T04:53:17.560108+00:00
[2023-08-24T04:53:17.577+0000] {processor.py:179} INFO - Processing /usr/local/lib/python3.8/dist-packages/airflow/example_dags/example_short_circuit_decorator.py took 0.065 seconds
[2023-08-24T04:54:18.976+0000] {processor.py:157} INFO - Started process (PID=45768) to work on /usr/local/lib/python3.8/dist-packages/airflow/example_dags/example_short_circuit_decorator.py
[2023-08-24T04:54:18.979+0000] {processor.py:829} INFO - Processing file /usr/local/lib/python3.8/dist-packages/airflow/example_dags/example_short_circuit_decorator.py for tasks to queue
[2023-08-24T04:54:18.980+0000] {logging_mixin.py:151} INFO - [2023-08-24T04:54:18.979+0000] {dagbag.py:539} INFO - Filling up the DagBag from /usr/local/lib/python3.8/dist-packages/airflow/example_dags/example_short_circuit_decorator.py
[2023-08-24T04:54:18.989+0000] {processor.py:839} INFO - DAG(s) dict_keys(['example_short_circuit_decorator']) retrieved from /usr/local/lib/python3.8/dist-packages/airflow/example_dags/example_short_circuit_decorator.py
[2023-08-24T04:54:19.007+0000] {logging_mixin.py:151} INFO - [2023-08-24T04:54:19.007+0000] {dag.py:2907} INFO - Sync 1 DAGs
[2023-08-24T04:54:19.023+0000] {logging_mixin.py:151} INFO - [2023-08-24T04:54:19.023+0000] {dag.py:3677} INFO - Setting next_dagrun for example_short_circuit_decorator to 2023-08-23T04:54:19.023203+00:00, run_after=2023-08-24T04:54:19.023203+00:00
[2023-08-24T04:54:19.041+0000] {processor.py:179} INFO - Processing /usr/local/lib/python3.8/dist-packages/airflow/example_dags/example_short_circuit_decorator.py took 0.068 seconds
[2023-08-24T04:55:19.449+0000] {processor.py:157} INFO - Started process (PID=45951) to work on /usr/local/lib/python3.8/dist-packages/airflow/example_dags/example_short_circuit_decorator.py
[2023-08-24T04:55:19.452+0000] {processor.py:829} INFO - Processing file /usr/local/lib/python3.8/dist-packages/airflow/example_dags/example_short_circuit_decorator.py for tasks to queue
[2023-08-24T04:55:19.453+0000] {logging_mixin.py:151} INFO - [2023-08-24T04:55:19.452+0000] {dagbag.py:539} INFO - Filling up the DagBag from /usr/local/lib/python3.8/dist-packages/airflow/example_dags/example_short_circuit_decorator.py
[2023-08-24T04:55:19.462+0000] {processor.py:839} INFO - DAG(s) dict_keys(['example_short_circuit_decorator']) retrieved from /usr/local/lib/python3.8/dist-packages/airflow/example_dags/example_short_circuit_decorator.py
[2023-08-24T04:55:19.481+0000] {logging_mixin.py:151} INFO - [2023-08-24T04:55:19.481+0000] {dag.py:2907} INFO - Sync 1 DAGs
[2023-08-24T04:55:19.498+0000] {logging_mixin.py:151} INFO - [2023-08-24T04:55:19.498+0000] {dag.py:3677} INFO - Setting next_dagrun for example_short_circuit_decorator to 2023-08-23T04:55:19.498195+00:00, run_after=2023-08-24T04:55:19.498195+00:00
[2023-08-24T04:55:19.517+0000] {processor.py:179} INFO - Processing /usr/local/lib/python3.8/dist-packages/airflow/example_dags/example_short_circuit_decorator.py took 0.072 seconds
[2023-08-24T04:56:23.686+0000] {processor.py:157} INFO - Started process (PID=46139) to work on /usr/local/lib/python3.8/dist-packages/airflow/example_dags/example_short_circuit_decorator.py
[2023-08-24T04:56:23.687+0000] {processor.py:829} INFO - Processing file /usr/local/lib/python3.8/dist-packages/airflow/example_dags/example_short_circuit_decorator.py for tasks to queue
[2023-08-24T04:56:23.688+0000] {logging_mixin.py:151} INFO - [2023-08-24T04:56:23.688+0000] {dagbag.py:539} INFO - Filling up the DagBag from /usr/local/lib/python3.8/dist-packages/airflow/example_dags/example_short_circuit_decorator.py
[2023-08-24T04:56:23.697+0000] {processor.py:839} INFO - DAG(s) dict_keys(['example_short_circuit_decorator']) retrieved from /usr/local/lib/python3.8/dist-packages/airflow/example_dags/example_short_circuit_decorator.py
[2023-08-24T04:56:23.716+0000] {logging_mixin.py:151} INFO - [2023-08-24T04:56:23.715+0000] {dag.py:2907} INFO - Sync 1 DAGs
[2023-08-24T04:56:23.861+0000] {logging_mixin.py:151} INFO - [2023-08-24T04:56:23.860+0000] {dag.py:3677} INFO - Setting next_dagrun for example_short_circuit_decorator to 2023-08-23T04:56:23.860616+00:00, run_after=2023-08-24T04:56:23.860616+00:00
[2023-08-24T04:56:23.878+0000] {processor.py:179} INFO - Processing /usr/local/lib/python3.8/dist-packages/airflow/example_dags/example_short_circuit_decorator.py took 0.195 seconds
[2023-08-24T04:57:25.680+0000] {processor.py:157} INFO - Started process (PID=46335) to work on /usr/local/lib/python3.8/dist-packages/airflow/example_dags/example_short_circuit_decorator.py
[2023-08-24T04:57:25.682+0000] {processor.py:829} INFO - Processing file /usr/local/lib/python3.8/dist-packages/airflow/example_dags/example_short_circuit_decorator.py for tasks to queue
[2023-08-24T04:57:25.683+0000] {logging_mixin.py:151} INFO - [2023-08-24T04:57:25.682+0000] {dagbag.py:539} INFO - Filling up the DagBag from /usr/local/lib/python3.8/dist-packages/airflow/example_dags/example_short_circuit_decorator.py
[2023-08-24T04:57:25.692+0000] {processor.py:839} INFO - DAG(s) dict_keys(['example_short_circuit_decorator']) retrieved from /usr/local/lib/python3.8/dist-packages/airflow/example_dags/example_short_circuit_decorator.py
[2023-08-24T04:57:25.711+0000] {logging_mixin.py:151} INFO - [2023-08-24T04:57:25.711+0000] {dag.py:2907} INFO - Sync 1 DAGs
[2023-08-24T04:57:25.727+0000] {logging_mixin.py:151} INFO - [2023-08-24T04:57:25.727+0000] {dag.py:3677} INFO - Setting next_dagrun for example_short_circuit_decorator to 2023-08-23T04:57:25.727360+00:00, run_after=2023-08-24T04:57:25.727360+00:00
[2023-08-24T04:57:25.745+0000] {processor.py:179} INFO - Processing /usr/local/lib/python3.8/dist-packages/airflow/example_dags/example_short_circuit_decorator.py took 0.068 seconds
[2023-08-24T04:58:29.435+0000] {processor.py:157} INFO - Started process (PID=46519) to work on /usr/local/lib/python3.8/dist-packages/airflow/example_dags/example_short_circuit_decorator.py
[2023-08-24T04:58:29.436+0000] {processor.py:829} INFO - Processing file /usr/local/lib/python3.8/dist-packages/airflow/example_dags/example_short_circuit_decorator.py for tasks to queue
[2023-08-24T04:58:29.438+0000] {logging_mixin.py:151} INFO - [2023-08-24T04:58:29.437+0000] {dagbag.py:539} INFO - Filling up the DagBag from /usr/local/lib/python3.8/dist-packages/airflow/example_dags/example_short_circuit_decorator.py
[2023-08-24T04:58:29.447+0000] {processor.py:839} INFO - DAG(s) dict_keys(['example_short_circuit_decorator']) retrieved from /usr/local/lib/python3.8/dist-packages/airflow/example_dags/example_short_circuit_decorator.py
[2023-08-24T04:58:29.464+0000] {logging_mixin.py:151} INFO - [2023-08-24T04:58:29.464+0000] {dag.py:2907} INFO - Sync 1 DAGs
[2023-08-24T04:58:29.480+0000] {logging_mixin.py:151} INFO - [2023-08-24T04:58:29.480+0000] {dag.py:3677} INFO - Setting next_dagrun for example_short_circuit_decorator to 2023-08-23T04:58:29.480046+00:00, run_after=2023-08-24T04:58:29.480046+00:00
[2023-08-24T04:58:29.497+0000] {processor.py:179} INFO - Processing /usr/local/lib/python3.8/dist-packages/airflow/example_dags/example_short_circuit_decorator.py took 0.066 seconds
[2023-08-24T04:59:34.622+0000] {processor.py:157} INFO - Started process (PID=46702) to work on /usr/local/lib/python3.8/dist-packages/airflow/example_dags/example_short_circuit_decorator.py
[2023-08-24T04:59:34.624+0000] {processor.py:829} INFO - Processing file /usr/local/lib/python3.8/dist-packages/airflow/example_dags/example_short_circuit_decorator.py for tasks to queue
[2023-08-24T04:59:34.625+0000] {logging_mixin.py:151} INFO - [2023-08-24T04:59:34.624+0000] {dagbag.py:539} INFO - Filling up the DagBag from /usr/local/lib/python3.8/dist-packages/airflow/example_dags/example_short_circuit_decorator.py
[2023-08-24T04:59:34.634+0000] {processor.py:839} INFO - DAG(s) dict_keys(['example_short_circuit_decorator']) retrieved from /usr/local/lib/python3.8/dist-packages/airflow/example_dags/example_short_circuit_decorator.py
[2023-08-24T04:59:34.772+0000] {logging_mixin.py:151} INFO - [2023-08-24T04:59:34.772+0000] {dag.py:2907} INFO - Sync 1 DAGs
[2023-08-24T04:59:34.786+0000] {logging_mixin.py:151} INFO - [2023-08-24T04:59:34.785+0000] {dag.py:3677} INFO - Setting next_dagrun for example_short_circuit_decorator to 2023-08-23T04:59:34.785629+00:00, run_after=2023-08-24T04:59:34.785629+00:00
[2023-08-24T04:59:34.802+0000] {processor.py:179} INFO - Processing /usr/local/lib/python3.8/dist-packages/airflow/example_dags/example_short_circuit_decorator.py took 0.185 seconds
[2023-08-24T05:00:34.845+0000] {processor.py:157} INFO - Started process (PID=46886) to work on /usr/local/lib/python3.8/dist-packages/airflow/example_dags/example_short_circuit_decorator.py
[2023-08-24T05:00:34.847+0000] {processor.py:829} INFO - Processing file /usr/local/lib/python3.8/dist-packages/airflow/example_dags/example_short_circuit_decorator.py for tasks to queue
[2023-08-24T05:00:34.848+0000] {logging_mixin.py:151} INFO - [2023-08-24T05:00:34.847+0000] {dagbag.py:539} INFO - Filling up the DagBag from /usr/local/lib/python3.8/dist-packages/airflow/example_dags/example_short_circuit_decorator.py
[2023-08-24T05:00:34.857+0000] {processor.py:839} INFO - DAG(s) dict_keys(['example_short_circuit_decorator']) retrieved from /usr/local/lib/python3.8/dist-packages/airflow/example_dags/example_short_circuit_decorator.py
[2023-08-24T05:00:34.875+0000] {logging_mixin.py:151} INFO - [2023-08-24T05:00:34.874+0000] {dag.py:2907} INFO - Sync 1 DAGs
[2023-08-24T05:00:34.891+0000] {logging_mixin.py:151} INFO - [2023-08-24T05:00:34.890+0000] {dag.py:3677} INFO - Setting next_dagrun for example_short_circuit_decorator to 2023-08-23T05:00:34.890646+00:00, run_after=2023-08-24T05:00:34.890646+00:00
[2023-08-24T05:00:34.908+0000] {processor.py:179} INFO - Processing /usr/local/lib/python3.8/dist-packages/airflow/example_dags/example_short_circuit_decorator.py took 0.066 seconds
[2023-08-24T05:01:34.243+0000] {processor.py:157} INFO - Started process (PID=47083) to work on /usr/local/lib/python3.8/dist-packages/airflow/example_dags/example_short_circuit_decorator.py
[2023-08-24T05:01:34.244+0000] {processor.py:829} INFO - Processing file /usr/local/lib/python3.8/dist-packages/airflow/example_dags/example_short_circuit_decorator.py for tasks to queue
[2023-08-24T05:01:34.245+0000] {logging_mixin.py:151} INFO - [2023-08-24T05:01:34.245+0000] {dagbag.py:539} INFO - Filling up the DagBag from /usr/local/lib/python3.8/dist-packages/airflow/example_dags/example_short_circuit_decorator.py
[2023-08-24T05:01:34.254+0000] {processor.py:839} INFO - DAG(s) dict_keys(['example_short_circuit_decorator']) retrieved from /usr/local/lib/python3.8/dist-packages/airflow/example_dags/example_short_circuit_decorator.py
[2023-08-24T05:01:34.272+0000] {logging_mixin.py:151} INFO - [2023-08-24T05:01:34.272+0000] {dag.py:2907} INFO - Sync 1 DAGs
[2023-08-24T05:01:34.289+0000] {logging_mixin.py:151} INFO - [2023-08-24T05:01:34.289+0000] {dag.py:3677} INFO - Setting next_dagrun for example_short_circuit_decorator to 2023-08-23T05:01:34.288774+00:00, run_after=2023-08-24T05:01:34.288774+00:00
[2023-08-24T05:01:34.307+0000] {processor.py:179} INFO - Processing /usr/local/lib/python3.8/dist-packages/airflow/example_dags/example_short_circuit_decorator.py took 0.068 seconds
[2023-08-24T05:02:33.734+0000] {processor.py:157} INFO - Started process (PID=47269) to work on /usr/local/lib/python3.8/dist-packages/airflow/example_dags/example_short_circuit_decorator.py
[2023-08-24T05:02:33.736+0000] {processor.py:829} INFO - Processing file /usr/local/lib/python3.8/dist-packages/airflow/example_dags/example_short_circuit_decorator.py for tasks to queue
[2023-08-24T05:02:33.737+0000] {logging_mixin.py:151} INFO - [2023-08-24T05:02:33.736+0000] {dagbag.py:539} INFO - Filling up the DagBag from /usr/local/lib/python3.8/dist-packages/airflow/example_dags/example_short_circuit_decorator.py
[2023-08-24T05:02:33.747+0000] {processor.py:839} INFO - DAG(s) dict_keys(['example_short_circuit_decorator']) retrieved from /usr/local/lib/python3.8/dist-packages/airflow/example_dags/example_short_circuit_decorator.py
[2023-08-24T05:02:33.767+0000] {logging_mixin.py:151} INFO - [2023-08-24T05:02:33.767+0000] {dag.py:2907} INFO - Sync 1 DAGs
[2023-08-24T05:02:33.785+0000] {logging_mixin.py:151} INFO - [2023-08-24T05:02:33.785+0000] {dag.py:3677} INFO - Setting next_dagrun for example_short_circuit_decorator to 2023-08-23T05:02:33.785130+00:00, run_after=2023-08-24T05:02:33.785130+00:00
[2023-08-24T05:02:33.804+0000] {processor.py:179} INFO - Processing /usr/local/lib/python3.8/dist-packages/airflow/example_dags/example_short_circuit_decorator.py took 0.074 seconds
[2023-08-24T05:03:34.540+0000] {processor.py:157} INFO - Started process (PID=47458) to work on /usr/local/lib/python3.8/dist-packages/airflow/example_dags/example_short_circuit_decorator.py
[2023-08-24T05:03:34.541+0000] {processor.py:829} INFO - Processing file /usr/local/lib/python3.8/dist-packages/airflow/example_dags/example_short_circuit_decorator.py for tasks to queue
[2023-08-24T05:03:34.542+0000] {logging_mixin.py:151} INFO - [2023-08-24T05:03:34.542+0000] {dagbag.py:539} INFO - Filling up the DagBag from /usr/local/lib/python3.8/dist-packages/airflow/example_dags/example_short_circuit_decorator.py
[2023-08-24T05:03:34.552+0000] {processor.py:839} INFO - DAG(s) dict_keys(['example_short_circuit_decorator']) retrieved from /usr/local/lib/python3.8/dist-packages/airflow/example_dags/example_short_circuit_decorator.py
[2023-08-24T05:03:34.570+0000] {logging_mixin.py:151} INFO - [2023-08-24T05:03:34.570+0000] {dag.py:2907} INFO - Sync 1 DAGs
[2023-08-24T05:03:34.586+0000] {logging_mixin.py:151} INFO - [2023-08-24T05:03:34.586+0000] {dag.py:3677} INFO - Setting next_dagrun for example_short_circuit_decorator to 2023-08-23T05:03:34.586472+00:00, run_after=2023-08-24T05:03:34.586472+00:00
[2023-08-24T05:03:34.605+0000] {processor.py:179} INFO - Processing /usr/local/lib/python3.8/dist-packages/airflow/example_dags/example_short_circuit_decorator.py took 0.069 seconds
[2023-08-24T05:04:33.389+0000] {processor.py:157} INFO - Started process (PID=47640) to work on /usr/local/lib/python3.8/dist-packages/airflow/example_dags/example_short_circuit_decorator.py
[2023-08-24T05:04:33.390+0000] {processor.py:829} INFO - Processing file /usr/local/lib/python3.8/dist-packages/airflow/example_dags/example_short_circuit_decorator.py for tasks to queue
[2023-08-24T05:04:33.391+0000] {logging_mixin.py:151} INFO - [2023-08-24T05:04:33.391+0000] {dagbag.py:539} INFO - Filling up the DagBag from /usr/local/lib/python3.8/dist-packages/airflow/example_dags/example_short_circuit_decorator.py
[2023-08-24T05:04:33.402+0000] {processor.py:839} INFO - DAG(s) dict_keys(['example_short_circuit_decorator']) retrieved from /usr/local/lib/python3.8/dist-packages/airflow/example_dags/example_short_circuit_decorator.py
[2023-08-24T05:04:33.422+0000] {logging_mixin.py:151} INFO - [2023-08-24T05:04:33.421+0000] {dag.py:2907} INFO - Sync 1 DAGs
[2023-08-24T05:04:33.440+0000] {logging_mixin.py:151} INFO - [2023-08-24T05:04:33.440+0000] {dag.py:3677} INFO - Setting next_dagrun for example_short_circuit_decorator to 2023-08-23T05:04:33.439955+00:00, run_after=2023-08-24T05:04:33.439955+00:00
[2023-08-24T05:04:33.459+0000] {processor.py:179} INFO - Processing /usr/local/lib/python3.8/dist-packages/airflow/example_dags/example_short_circuit_decorator.py took 0.074 seconds
[2023-08-24T05:05:32.623+0000] {processor.py:157} INFO - Started process (PID=47836) to work on /usr/local/lib/python3.8/dist-packages/airflow/example_dags/example_short_circuit_decorator.py
[2023-08-24T05:05:32.625+0000] {processor.py:829} INFO - Processing file /usr/local/lib/python3.8/dist-packages/airflow/example_dags/example_short_circuit_decorator.py for tasks to queue
[2023-08-24T05:05:32.626+0000] {logging_mixin.py:151} INFO - [2023-08-24T05:05:32.625+0000] {dagbag.py:539} INFO - Filling up the DagBag from /usr/local/lib/python3.8/dist-packages/airflow/example_dags/example_short_circuit_decorator.py
[2023-08-24T05:05:32.635+0000] {processor.py:839} INFO - DAG(s) dict_keys(['example_short_circuit_decorator']) retrieved from /usr/local/lib/python3.8/dist-packages/airflow/example_dags/example_short_circuit_decorator.py
[2023-08-24T05:05:32.652+0000] {logging_mixin.py:151} INFO - [2023-08-24T05:05:32.652+0000] {dag.py:2907} INFO - Sync 1 DAGs
[2023-08-24T05:05:32.668+0000] {logging_mixin.py:151} INFO - [2023-08-24T05:05:32.668+0000] {dag.py:3677} INFO - Setting next_dagrun for example_short_circuit_decorator to 2023-08-23T05:05:32.668184+00:00, run_after=2023-08-24T05:05:32.668184+00:00
[2023-08-24T05:05:32.686+0000] {processor.py:179} INFO - Processing /usr/local/lib/python3.8/dist-packages/airflow/example_dags/example_short_circuit_decorator.py took 0.066 seconds
[2023-08-24T05:06:31.367+0000] {processor.py:157} INFO - Started process (PID=48032) to work on /usr/local/lib/python3.8/dist-packages/airflow/example_dags/example_short_circuit_decorator.py
[2023-08-24T05:06:31.369+0000] {processor.py:829} INFO - Processing file /usr/local/lib/python3.8/dist-packages/airflow/example_dags/example_short_circuit_decorator.py for tasks to queue
[2023-08-24T05:06:31.369+0000] {logging_mixin.py:151} INFO - [2023-08-24T05:06:31.369+0000] {dagbag.py:539} INFO - Filling up the DagBag from /usr/local/lib/python3.8/dist-packages/airflow/example_dags/example_short_circuit_decorator.py
[2023-08-24T05:06:31.379+0000] {processor.py:839} INFO - DAG(s) dict_keys(['example_short_circuit_decorator']) retrieved from /usr/local/lib/python3.8/dist-packages/airflow/example_dags/example_short_circuit_decorator.py
[2023-08-24T05:06:31.396+0000] {logging_mixin.py:151} INFO - [2023-08-24T05:06:31.396+0000] {dag.py:2907} INFO - Sync 1 DAGs
[2023-08-24T05:06:31.412+0000] {logging_mixin.py:151} INFO - [2023-08-24T05:06:31.412+0000] {dag.py:3677} INFO - Setting next_dagrun for example_short_circuit_decorator to 2023-08-23T05:06:31.412415+00:00, run_after=2023-08-24T05:06:31.412415+00:00
[2023-08-24T05:06:31.430+0000] {processor.py:179} INFO - Processing /usr/local/lib/python3.8/dist-packages/airflow/example_dags/example_short_circuit_decorator.py took 0.067 seconds
[2023-08-24T05:07:28.432+0000] {processor.py:157} INFO - Started process (PID=48216) to work on /usr/local/lib/python3.8/dist-packages/airflow/example_dags/example_short_circuit_decorator.py
[2023-08-24T05:07:28.434+0000] {processor.py:829} INFO - Processing file /usr/local/lib/python3.8/dist-packages/airflow/example_dags/example_short_circuit_decorator.py for tasks to queue
[2023-08-24T05:07:28.435+0000] {logging_mixin.py:151} INFO - [2023-08-24T05:07:28.434+0000] {dagbag.py:539} INFO - Filling up the DagBag from /usr/local/lib/python3.8/dist-packages/airflow/example_dags/example_short_circuit_decorator.py
[2023-08-24T05:07:28.444+0000] {processor.py:839} INFO - DAG(s) dict_keys(['example_short_circuit_decorator']) retrieved from /usr/local/lib/python3.8/dist-packages/airflow/example_dags/example_short_circuit_decorator.py
[2023-08-24T05:07:28.462+0000] {logging_mixin.py:151} INFO - [2023-08-24T05:07:28.462+0000] {dag.py:2907} INFO - Sync 1 DAGs
[2023-08-24T05:07:28.477+0000] {logging_mixin.py:151} INFO - [2023-08-24T05:07:28.477+0000] {dag.py:3677} INFO - Setting next_dagrun for example_short_circuit_decorator to 2023-08-23T05:07:28.477522+00:00, run_after=2023-08-24T05:07:28.477522+00:00
[2023-08-24T05:07:28.495+0000] {processor.py:179} INFO - Processing /usr/local/lib/python3.8/dist-packages/airflow/example_dags/example_short_circuit_decorator.py took 0.066 seconds
[2023-08-24T05:08:29.090+0000] {processor.py:157} INFO - Started process (PID=48402) to work on /usr/local/lib/python3.8/dist-packages/airflow/example_dags/example_short_circuit_decorator.py
[2023-08-24T05:08:29.092+0000] {processor.py:829} INFO - Processing file /usr/local/lib/python3.8/dist-packages/airflow/example_dags/example_short_circuit_decorator.py for tasks to queue
[2023-08-24T05:08:29.093+0000] {logging_mixin.py:151} INFO - [2023-08-24T05:08:29.093+0000] {dagbag.py:539} INFO - Filling up the DagBag from /usr/local/lib/python3.8/dist-packages/airflow/example_dags/example_short_circuit_decorator.py
[2023-08-24T05:08:29.103+0000] {processor.py:839} INFO - DAG(s) dict_keys(['example_short_circuit_decorator']) retrieved from /usr/local/lib/python3.8/dist-packages/airflow/example_dags/example_short_circuit_decorator.py
[2023-08-24T05:08:29.121+0000] {logging_mixin.py:151} INFO - [2023-08-24T05:08:29.121+0000] {dag.py:2907} INFO - Sync 1 DAGs
[2023-08-24T05:08:29.138+0000] {logging_mixin.py:151} INFO - [2023-08-24T05:08:29.138+0000] {dag.py:3677} INFO - Setting next_dagrun for example_short_circuit_decorator to 2023-08-23T05:08:29.138100+00:00, run_after=2023-08-24T05:08:29.138100+00:00
[2023-08-24T05:08:29.156+0000] {processor.py:179} INFO - Processing /usr/local/lib/python3.8/dist-packages/airflow/example_dags/example_short_circuit_decorator.py took 0.070 seconds
[2023-08-24T05:09:29.560+0000] {processor.py:157} INFO - Started process (PID=48598) to work on /usr/local/lib/python3.8/dist-packages/airflow/example_dags/example_short_circuit_decorator.py
[2023-08-24T05:09:29.562+0000] {processor.py:829} INFO - Processing file /usr/local/lib/python3.8/dist-packages/airflow/example_dags/example_short_circuit_decorator.py for tasks to queue
[2023-08-24T05:09:29.563+0000] {logging_mixin.py:151} INFO - [2023-08-24T05:09:29.562+0000] {dagbag.py:539} INFO - Filling up the DagBag from /usr/local/lib/python3.8/dist-packages/airflow/example_dags/example_short_circuit_decorator.py
[2023-08-24T05:09:29.572+0000] {processor.py:839} INFO - DAG(s) dict_keys(['example_short_circuit_decorator']) retrieved from /usr/local/lib/python3.8/dist-packages/airflow/example_dags/example_short_circuit_decorator.py
[2023-08-24T05:09:29.591+0000] {logging_mixin.py:151} INFO - [2023-08-24T05:09:29.591+0000] {dag.py:2907} INFO - Sync 1 DAGs
[2023-08-24T05:09:29.608+0000] {logging_mixin.py:151} INFO - [2023-08-24T05:09:29.607+0000] {dag.py:3677} INFO - Setting next_dagrun for example_short_circuit_decorator to 2023-08-23T05:09:29.607591+00:00, run_after=2023-08-24T05:09:29.607591+00:00
[2023-08-24T05:09:29.626+0000] {processor.py:179} INFO - Processing /usr/local/lib/python3.8/dist-packages/airflow/example_dags/example_short_circuit_decorator.py took 0.070 seconds
[2023-08-24T05:10:26.191+0000] {processor.py:157} INFO - Started process (PID=48779) to work on /usr/local/lib/python3.8/dist-packages/airflow/example_dags/example_short_circuit_decorator.py
[2023-08-24T05:10:26.194+0000] {processor.py:829} INFO - Processing file /usr/local/lib/python3.8/dist-packages/airflow/example_dags/example_short_circuit_decorator.py for tasks to queue
[2023-08-24T05:10:26.195+0000] {logging_mixin.py:151} INFO - [2023-08-24T05:10:26.194+0000] {dagbag.py:539} INFO - Filling up the DagBag from /usr/local/lib/python3.8/dist-packages/airflow/example_dags/example_short_circuit_decorator.py
[2023-08-24T05:10:26.204+0000] {processor.py:839} INFO - DAG(s) dict_keys(['example_short_circuit_decorator']) retrieved from /usr/local/lib/python3.8/dist-packages/airflow/example_dags/example_short_circuit_decorator.py
[2023-08-24T05:10:26.223+0000] {logging_mixin.py:151} INFO - [2023-08-24T05:10:26.222+0000] {dag.py:2907} INFO - Sync 1 DAGs
[2023-08-24T05:10:26.239+0000] {logging_mixin.py:151} INFO - [2023-08-24T05:10:26.239+0000] {dag.py:3677} INFO - Setting next_dagrun for example_short_circuit_decorator to 2023-08-23T05:10:26.238814+00:00, run_after=2023-08-24T05:10:26.238814+00:00
[2023-08-24T05:10:26.258+0000] {processor.py:179} INFO - Processing /usr/local/lib/python3.8/dist-packages/airflow/example_dags/example_short_circuit_decorator.py took 0.071 seconds
[2023-08-24T05:11:42.940+0000] {processor.py:157} INFO - Started process (PID=48935) to work on /usr/local/lib/python3.8/dist-packages/airflow/example_dags/example_short_circuit_decorator.py
[2023-08-24T05:11:42.944+0000] {processor.py:829} INFO - Processing file /usr/local/lib/python3.8/dist-packages/airflow/example_dags/example_short_circuit_decorator.py for tasks to queue
[2023-08-24T05:11:42.946+0000] {logging_mixin.py:151} INFO - [2023-08-24T05:11:42.945+0000] {dagbag.py:539} INFO - Filling up the DagBag from /usr/local/lib/python3.8/dist-packages/airflow/example_dags/example_short_circuit_decorator.py
[2023-08-24T05:11:42.955+0000] {processor.py:839} INFO - DAG(s) dict_keys(['example_short_circuit_decorator']) retrieved from /usr/local/lib/python3.8/dist-packages/airflow/example_dags/example_short_circuit_decorator.py
[2023-08-24T05:11:42.974+0000] {logging_mixin.py:151} INFO - [2023-08-24T05:11:42.973+0000] {dag.py:2907} INFO - Sync 1 DAGs
[2023-08-24T05:11:42.990+0000] {logging_mixin.py:151} INFO - [2023-08-24T05:11:42.990+0000] {dag.py:3677} INFO - Setting next_dagrun for example_short_circuit_decorator to 2023-08-23T05:11:42.990355+00:00, run_after=2023-08-24T05:11:42.990355+00:00
[2023-08-24T05:11:43.009+0000] {processor.py:179} INFO - Processing /usr/local/lib/python3.8/dist-packages/airflow/example_dags/example_short_circuit_decorator.py took 0.072 seconds
[2023-08-24T05:12:45.582+0000] {processor.py:157} INFO - Started process (PID=49132) to work on /usr/local/lib/python3.8/dist-packages/airflow/example_dags/example_short_circuit_decorator.py
[2023-08-24T05:12:45.586+0000] {processor.py:829} INFO - Processing file /usr/local/lib/python3.8/dist-packages/airflow/example_dags/example_short_circuit_decorator.py for tasks to queue
[2023-08-24T05:12:45.587+0000] {logging_mixin.py:151} INFO - [2023-08-24T05:12:45.586+0000] {dagbag.py:539} INFO - Filling up the DagBag from /usr/local/lib/python3.8/dist-packages/airflow/example_dags/example_short_circuit_decorator.py
[2023-08-24T05:12:45.596+0000] {processor.py:839} INFO - DAG(s) dict_keys(['example_short_circuit_decorator']) retrieved from /usr/local/lib/python3.8/dist-packages/airflow/example_dags/example_short_circuit_decorator.py
[2023-08-24T05:12:45.614+0000] {logging_mixin.py:151} INFO - [2023-08-24T05:12:45.614+0000] {dag.py:2907} INFO - Sync 1 DAGs
[2023-08-24T05:12:45.631+0000] {logging_mixin.py:151} INFO - [2023-08-24T05:12:45.630+0000] {dag.py:3677} INFO - Setting next_dagrun for example_short_circuit_decorator to 2023-08-23T05:12:45.630687+00:00, run_after=2023-08-24T05:12:45.630687+00:00
[2023-08-24T05:12:45.649+0000] {processor.py:179} INFO - Processing /usr/local/lib/python3.8/dist-packages/airflow/example_dags/example_short_circuit_decorator.py took 0.070 seconds
[2023-08-24T05:13:43.976+0000] {processor.py:157} INFO - Started process (PID=49336) to work on /usr/local/lib/python3.8/dist-packages/airflow/example_dags/example_short_circuit_decorator.py
[2023-08-24T05:13:43.979+0000] {processor.py:829} INFO - Processing file /usr/local/lib/python3.8/dist-packages/airflow/example_dags/example_short_circuit_decorator.py for tasks to queue
[2023-08-24T05:13:43.979+0000] {logging_mixin.py:151} INFO - [2023-08-24T05:13:43.979+0000] {dagbag.py:539} INFO - Filling up the DagBag from /usr/local/lib/python3.8/dist-packages/airflow/example_dags/example_short_circuit_decorator.py
[2023-08-24T05:13:43.989+0000] {processor.py:839} INFO - DAG(s) dict_keys(['example_short_circuit_decorator']) retrieved from /usr/local/lib/python3.8/dist-packages/airflow/example_dags/example_short_circuit_decorator.py
[2023-08-24T05:13:44.007+0000] {logging_mixin.py:151} INFO - [2023-08-24T05:13:44.007+0000] {dag.py:2907} INFO - Sync 1 DAGs
[2023-08-24T05:13:44.024+0000] {logging_mixin.py:151} INFO - [2023-08-24T05:13:44.024+0000] {dag.py:3677} INFO - Setting next_dagrun for example_short_circuit_decorator to 2023-08-23T05:13:44.023866+00:00, run_after=2023-08-24T05:13:44.023866+00:00
[2023-08-24T05:13:44.042+0000] {processor.py:179} INFO - Processing /usr/local/lib/python3.8/dist-packages/airflow/example_dags/example_short_circuit_decorator.py took 0.069 seconds
