[2023-08-24T04:21:45.733+0000] {processor.py:157} INFO - Started process (PID=37586) to work on /usr/local/lib/python3.8/dist-packages/airflow/example_dags/example_branch_operator_decorator.py
[2023-08-24T04:21:45.734+0000] {processor.py:829} INFO - Processing file /usr/local/lib/python3.8/dist-packages/airflow/example_dags/example_branch_operator_decorator.py for tasks to queue
[2023-08-24T04:21:45.735+0000] {logging_mixin.py:151} INFO - [2023-08-24T04:21:45.735+0000] {dagbag.py:539} INFO - Filling up the DagBag from /usr/local/lib/python3.8/dist-packages/airflow/example_dags/example_branch_operator_decorator.py
[2023-08-24T04:21:45.744+0000] {processor.py:839} INFO - DAG(s) dict_keys(['example_branch_python_operator_decorator']) retrieved from /usr/local/lib/python3.8/dist-packages/airflow/example_dags/example_branch_operator_decorator.py
[2023-08-24T04:21:45.766+0000] {logging_mixin.py:151} INFO - [2023-08-24T04:21:45.766+0000] {dag.py:2907} INFO - Sync 1 DAGs
[2023-08-24T04:21:45.782+0000] {logging_mixin.py:151} INFO - [2023-08-24T04:21:45.782+0000] {dag.py:3677} INFO - Setting next_dagrun for example_branch_python_operator_decorator to 2023-08-23T00:00:00+00:00, run_after=2023-08-24T00:00:00+00:00
[2023-08-24T04:21:45.799+0000] {processor.py:179} INFO - Processing /usr/local/lib/python3.8/dist-packages/airflow/example_dags/example_branch_operator_decorator.py took 0.070 seconds
[2023-08-24T04:30:59.949+0000] {processor.py:157} INFO - Started process (PID=41461) to work on /usr/local/lib/python3.8/dist-packages/airflow/example_dags/example_branch_operator_decorator.py
[2023-08-24T04:30:59.951+0000] {processor.py:829} INFO - Processing file /usr/local/lib/python3.8/dist-packages/airflow/example_dags/example_branch_operator_decorator.py for tasks to queue
[2023-08-24T04:30:59.952+0000] {logging_mixin.py:151} INFO - [2023-08-24T04:30:59.951+0000] {dagbag.py:539} INFO - Filling up the DagBag from /usr/local/lib/python3.8/dist-packages/airflow/example_dags/example_branch_operator_decorator.py
[2023-08-24T04:30:59.961+0000] {processor.py:839} INFO - DAG(s) dict_keys(['example_branch_python_operator_decorator']) retrieved from /usr/local/lib/python3.8/dist-packages/airflow/example_dags/example_branch_operator_decorator.py
[2023-08-24T04:30:59.983+0000] {logging_mixin.py:151} INFO - [2023-08-24T04:30:59.983+0000] {dag.py:2907} INFO - Sync 1 DAGs
[2023-08-24T04:30:59.999+0000] {logging_mixin.py:151} INFO - [2023-08-24T04:30:59.999+0000] {dag.py:3677} INFO - Setting next_dagrun for example_branch_python_operator_decorator to 2023-08-23T00:00:00+00:00, run_after=2023-08-24T00:00:00+00:00
[2023-08-24T04:31:00.017+0000] {processor.py:179} INFO - Processing /usr/local/lib/python3.8/dist-packages/airflow/example_dags/example_branch_operator_decorator.py took 0.071 seconds
[2023-08-24T04:32:00.837+0000] {processor.py:157} INFO - Started process (PID=41659) to work on /usr/local/lib/python3.8/dist-packages/airflow/example_dags/example_branch_operator_decorator.py
[2023-08-24T04:32:00.840+0000] {processor.py:829} INFO - Processing file /usr/local/lib/python3.8/dist-packages/airflow/example_dags/example_branch_operator_decorator.py for tasks to queue
[2023-08-24T04:32:00.840+0000] {logging_mixin.py:151} INFO - [2023-08-24T04:32:00.840+0000] {dagbag.py:539} INFO - Filling up the DagBag from /usr/local/lib/python3.8/dist-packages/airflow/example_dags/example_branch_operator_decorator.py
[2023-08-24T04:32:00.850+0000] {processor.py:839} INFO - DAG(s) dict_keys(['example_branch_python_operator_decorator']) retrieved from /usr/local/lib/python3.8/dist-packages/airflow/example_dags/example_branch_operator_decorator.py
[2023-08-24T04:32:00.867+0000] {logging_mixin.py:151} INFO - [2023-08-24T04:32:00.866+0000] {dag.py:2907} INFO - Sync 1 DAGs
[2023-08-24T04:32:00.884+0000] {logging_mixin.py:151} INFO - [2023-08-24T04:32:00.883+0000] {dag.py:3677} INFO - Setting next_dagrun for example_branch_python_operator_decorator to 2023-08-23T00:00:00+00:00, run_after=2023-08-24T00:00:00+00:00
[2023-08-24T04:32:00.901+0000] {processor.py:179} INFO - Processing /usr/local/lib/python3.8/dist-packages/airflow/example_dags/example_branch_operator_decorator.py took 0.068 seconds
[2023-08-24T04:33:02.985+0000] {processor.py:157} INFO - Started process (PID=41850) to work on /usr/local/lib/python3.8/dist-packages/airflow/example_dags/example_branch_operator_decorator.py
[2023-08-24T04:33:02.987+0000] {processor.py:829} INFO - Processing file /usr/local/lib/python3.8/dist-packages/airflow/example_dags/example_branch_operator_decorator.py for tasks to queue
[2023-08-24T04:33:02.988+0000] {logging_mixin.py:151} INFO - [2023-08-24T04:33:02.987+0000] {dagbag.py:539} INFO - Filling up the DagBag from /usr/local/lib/python3.8/dist-packages/airflow/example_dags/example_branch_operator_decorator.py
[2023-08-24T04:33:02.998+0000] {processor.py:839} INFO - DAG(s) dict_keys(['example_branch_python_operator_decorator']) retrieved from /usr/local/lib/python3.8/dist-packages/airflow/example_dags/example_branch_operator_decorator.py
[2023-08-24T04:33:03.015+0000] {logging_mixin.py:151} INFO - [2023-08-24T04:33:03.014+0000] {dag.py:2907} INFO - Sync 1 DAGs
[2023-08-24T04:33:03.031+0000] {logging_mixin.py:151} INFO - [2023-08-24T04:33:03.031+0000] {dag.py:3677} INFO - Setting next_dagrun for example_branch_python_operator_decorator to 2023-08-23T00:00:00+00:00, run_after=2023-08-24T00:00:00+00:00
[2023-08-24T04:33:03.049+0000] {processor.py:179} INFO - Processing /usr/local/lib/python3.8/dist-packages/airflow/example_dags/example_branch_operator_decorator.py took 0.068 seconds
[2023-08-24T04:34:02.102+0000] {processor.py:157} INFO - Started process (PID=42033) to work on /usr/local/lib/python3.8/dist-packages/airflow/example_dags/example_branch_operator_decorator.py
[2023-08-24T04:34:02.104+0000] {processor.py:829} INFO - Processing file /usr/local/lib/python3.8/dist-packages/airflow/example_dags/example_branch_operator_decorator.py for tasks to queue
[2023-08-24T04:34:02.105+0000] {logging_mixin.py:151} INFO - [2023-08-24T04:34:02.105+0000] {dagbag.py:539} INFO - Filling up the DagBag from /usr/local/lib/python3.8/dist-packages/airflow/example_dags/example_branch_operator_decorator.py
[2023-08-24T04:34:02.115+0000] {processor.py:839} INFO - DAG(s) dict_keys(['example_branch_python_operator_decorator']) retrieved from /usr/local/lib/python3.8/dist-packages/airflow/example_dags/example_branch_operator_decorator.py
[2023-08-24T04:34:02.132+0000] {logging_mixin.py:151} INFO - [2023-08-24T04:34:02.132+0000] {dag.py:2907} INFO - Sync 1 DAGs
[2023-08-24T04:34:02.150+0000] {logging_mixin.py:151} INFO - [2023-08-24T04:34:02.149+0000] {dag.py:3677} INFO - Setting next_dagrun for example_branch_python_operator_decorator to 2023-08-23T00:00:00+00:00, run_after=2023-08-24T00:00:00+00:00
[2023-08-24T04:34:02.168+0000] {processor.py:179} INFO - Processing /usr/local/lib/python3.8/dist-packages/airflow/example_dags/example_branch_operator_decorator.py took 0.069 seconds
[2023-08-24T04:35:00.281+0000] {processor.py:157} INFO - Started process (PID=42229) to work on /usr/local/lib/python3.8/dist-packages/airflow/example_dags/example_branch_operator_decorator.py
[2023-08-24T04:35:00.283+0000] {processor.py:829} INFO - Processing file /usr/local/lib/python3.8/dist-packages/airflow/example_dags/example_branch_operator_decorator.py for tasks to queue
[2023-08-24T04:35:00.284+0000] {logging_mixin.py:151} INFO - [2023-08-24T04:35:00.284+0000] {dagbag.py:539} INFO - Filling up the DagBag from /usr/local/lib/python3.8/dist-packages/airflow/example_dags/example_branch_operator_decorator.py
[2023-08-24T04:35:00.294+0000] {processor.py:839} INFO - DAG(s) dict_keys(['example_branch_python_operator_decorator']) retrieved from /usr/local/lib/python3.8/dist-packages/airflow/example_dags/example_branch_operator_decorator.py
[2023-08-24T04:35:00.310+0000] {logging_mixin.py:151} INFO - [2023-08-24T04:35:00.310+0000] {dag.py:2907} INFO - Sync 1 DAGs
[2023-08-24T04:35:00.327+0000] {logging_mixin.py:151} INFO - [2023-08-24T04:35:00.327+0000] {dag.py:3677} INFO - Setting next_dagrun for example_branch_python_operator_decorator to 2023-08-23T00:00:00+00:00, run_after=2023-08-24T00:00:00+00:00
[2023-08-24T04:35:00.345+0000] {processor.py:179} INFO - Processing /usr/local/lib/python3.8/dist-packages/airflow/example_dags/example_branch_operator_decorator.py took 0.067 seconds
[2023-08-24T04:35:59.699+0000] {processor.py:157} INFO - Started process (PID=42425) to work on /usr/local/lib/python3.8/dist-packages/airflow/example_dags/example_branch_operator_decorator.py
[2023-08-24T04:35:59.701+0000] {processor.py:829} INFO - Processing file /usr/local/lib/python3.8/dist-packages/airflow/example_dags/example_branch_operator_decorator.py for tasks to queue
[2023-08-24T04:35:59.702+0000] {logging_mixin.py:151} INFO - [2023-08-24T04:35:59.701+0000] {dagbag.py:539} INFO - Filling up the DagBag from /usr/local/lib/python3.8/dist-packages/airflow/example_dags/example_branch_operator_decorator.py
[2023-08-24T04:35:59.712+0000] {processor.py:839} INFO - DAG(s) dict_keys(['example_branch_python_operator_decorator']) retrieved from /usr/local/lib/python3.8/dist-packages/airflow/example_dags/example_branch_operator_decorator.py
[2023-08-24T04:35:59.728+0000] {logging_mixin.py:151} INFO - [2023-08-24T04:35:59.728+0000] {dag.py:2907} INFO - Sync 1 DAGs
[2023-08-24T04:35:59.745+0000] {logging_mixin.py:151} INFO - [2023-08-24T04:35:59.745+0000] {dag.py:3677} INFO - Setting next_dagrun for example_branch_python_operator_decorator to 2023-08-23T00:00:00+00:00, run_after=2023-08-24T00:00:00+00:00
[2023-08-24T04:35:59.762+0000] {processor.py:179} INFO - Processing /usr/local/lib/python3.8/dist-packages/airflow/example_dags/example_branch_operator_decorator.py took 0.067 seconds
[2023-08-24T04:36:55.055+0000] {processor.py:157} INFO - Started process (PID=42607) to work on /usr/local/lib/python3.8/dist-packages/airflow/example_dags/example_branch_operator_decorator.py
[2023-08-24T04:36:55.058+0000] {processor.py:829} INFO - Processing file /usr/local/lib/python3.8/dist-packages/airflow/example_dags/example_branch_operator_decorator.py for tasks to queue
[2023-08-24T04:36:55.058+0000] {logging_mixin.py:151} INFO - [2023-08-24T04:36:55.058+0000] {dagbag.py:539} INFO - Filling up the DagBag from /usr/local/lib/python3.8/dist-packages/airflow/example_dags/example_branch_operator_decorator.py
[2023-08-24T04:36:55.068+0000] {processor.py:839} INFO - DAG(s) dict_keys(['example_branch_python_operator_decorator']) retrieved from /usr/local/lib/python3.8/dist-packages/airflow/example_dags/example_branch_operator_decorator.py
[2023-08-24T04:36:55.084+0000] {logging_mixin.py:151} INFO - [2023-08-24T04:36:55.084+0000] {dag.py:2907} INFO - Sync 1 DAGs
[2023-08-24T04:36:55.101+0000] {logging_mixin.py:151} INFO - [2023-08-24T04:36:55.101+0000] {dag.py:3677} INFO - Setting next_dagrun for example_branch_python_operator_decorator to 2023-08-23T00:00:00+00:00, run_after=2023-08-24T00:00:00+00:00
[2023-08-24T04:36:55.119+0000] {processor.py:179} INFO - Processing /usr/local/lib/python3.8/dist-packages/airflow/example_dags/example_branch_operator_decorator.py took 0.067 seconds
[2023-08-24T04:37:50.197+0000] {processor.py:157} INFO - Started process (PID=42788) to work on /usr/local/lib/python3.8/dist-packages/airflow/example_dags/example_branch_operator_decorator.py
[2023-08-24T04:37:50.199+0000] {processor.py:829} INFO - Processing file /usr/local/lib/python3.8/dist-packages/airflow/example_dags/example_branch_operator_decorator.py for tasks to queue
[2023-08-24T04:37:50.200+0000] {logging_mixin.py:151} INFO - [2023-08-24T04:37:50.200+0000] {dagbag.py:539} INFO - Filling up the DagBag from /usr/local/lib/python3.8/dist-packages/airflow/example_dags/example_branch_operator_decorator.py
[2023-08-24T04:37:50.210+0000] {processor.py:839} INFO - DAG(s) dict_keys(['example_branch_python_operator_decorator']) retrieved from /usr/local/lib/python3.8/dist-packages/airflow/example_dags/example_branch_operator_decorator.py
[2023-08-24T04:37:50.226+0000] {logging_mixin.py:151} INFO - [2023-08-24T04:37:50.226+0000] {dag.py:2907} INFO - Sync 1 DAGs
[2023-08-24T04:37:50.243+0000] {logging_mixin.py:151} INFO - [2023-08-24T04:37:50.243+0000] {dag.py:3677} INFO - Setting next_dagrun for example_branch_python_operator_decorator to 2023-08-23T00:00:00+00:00, run_after=2023-08-24T00:00:00+00:00
[2023-08-24T04:37:50.261+0000] {processor.py:179} INFO - Processing /usr/local/lib/python3.8/dist-packages/airflow/example_dags/example_branch_operator_decorator.py took 0.067 seconds
[2023-08-24T04:38:48.692+0000] {processor.py:157} INFO - Started process (PID=42972) to work on /usr/local/lib/python3.8/dist-packages/airflow/example_dags/example_branch_operator_decorator.py
[2023-08-24T04:38:48.694+0000] {processor.py:829} INFO - Processing file /usr/local/lib/python3.8/dist-packages/airflow/example_dags/example_branch_operator_decorator.py for tasks to queue
[2023-08-24T04:38:48.695+0000] {logging_mixin.py:151} INFO - [2023-08-24T04:38:48.694+0000] {dagbag.py:539} INFO - Filling up the DagBag from /usr/local/lib/python3.8/dist-packages/airflow/example_dags/example_branch_operator_decorator.py
[2023-08-24T04:38:48.704+0000] {processor.py:839} INFO - DAG(s) dict_keys(['example_branch_python_operator_decorator']) retrieved from /usr/local/lib/python3.8/dist-packages/airflow/example_dags/example_branch_operator_decorator.py
[2023-08-24T04:38:48.721+0000] {logging_mixin.py:151} INFO - [2023-08-24T04:38:48.721+0000] {dag.py:2907} INFO - Sync 1 DAGs
[2023-08-24T04:38:48.738+0000] {logging_mixin.py:151} INFO - [2023-08-24T04:38:48.738+0000] {dag.py:3677} INFO - Setting next_dagrun for example_branch_python_operator_decorator to 2023-08-23T00:00:00+00:00, run_after=2023-08-24T00:00:00+00:00
[2023-08-24T04:38:48.756+0000] {processor.py:179} INFO - Processing /usr/local/lib/python3.8/dist-packages/airflow/example_dags/example_branch_operator_decorator.py took 0.067 seconds
[2023-08-24T04:39:48.960+0000] {processor.py:157} INFO - Started process (PID=43168) to work on /usr/local/lib/python3.8/dist-packages/airflow/example_dags/example_branch_operator_decorator.py
[2023-08-24T04:39:48.962+0000] {processor.py:829} INFO - Processing file /usr/local/lib/python3.8/dist-packages/airflow/example_dags/example_branch_operator_decorator.py for tasks to queue
[2023-08-24T04:39:48.963+0000] {logging_mixin.py:151} INFO - [2023-08-24T04:39:48.962+0000] {dagbag.py:539} INFO - Filling up the DagBag from /usr/local/lib/python3.8/dist-packages/airflow/example_dags/example_branch_operator_decorator.py
[2023-08-24T04:39:48.973+0000] {processor.py:839} INFO - DAG(s) dict_keys(['example_branch_python_operator_decorator']) retrieved from /usr/local/lib/python3.8/dist-packages/airflow/example_dags/example_branch_operator_decorator.py
[2023-08-24T04:39:48.990+0000] {logging_mixin.py:151} INFO - [2023-08-24T04:39:48.989+0000] {dag.py:2907} INFO - Sync 1 DAGs
[2023-08-24T04:39:49.007+0000] {logging_mixin.py:151} INFO - [2023-08-24T04:39:49.007+0000] {dag.py:3677} INFO - Setting next_dagrun for example_branch_python_operator_decorator to 2023-08-23T00:00:00+00:00, run_after=2023-08-24T00:00:00+00:00
[2023-08-24T04:39:49.025+0000] {processor.py:179} INFO - Processing /usr/local/lib/python3.8/dist-packages/airflow/example_dags/example_branch_operator_decorator.py took 0.068 seconds
[2023-08-24T04:40:49.646+0000] {processor.py:157} INFO - Started process (PID=43351) to work on /usr/local/lib/python3.8/dist-packages/airflow/example_dags/example_branch_operator_decorator.py
[2023-08-24T04:40:49.648+0000] {processor.py:829} INFO - Processing file /usr/local/lib/python3.8/dist-packages/airflow/example_dags/example_branch_operator_decorator.py for tasks to queue
[2023-08-24T04:40:49.649+0000] {logging_mixin.py:151} INFO - [2023-08-24T04:40:49.649+0000] {dagbag.py:539} INFO - Filling up the DagBag from /usr/local/lib/python3.8/dist-packages/airflow/example_dags/example_branch_operator_decorator.py
[2023-08-24T04:40:49.659+0000] {processor.py:839} INFO - DAG(s) dict_keys(['example_branch_python_operator_decorator']) retrieved from /usr/local/lib/python3.8/dist-packages/airflow/example_dags/example_branch_operator_decorator.py
[2023-08-24T04:40:49.676+0000] {logging_mixin.py:151} INFO - [2023-08-24T04:40:49.676+0000] {dag.py:2907} INFO - Sync 1 DAGs
[2023-08-24T04:40:49.693+0000] {logging_mixin.py:151} INFO - [2023-08-24T04:40:49.693+0000] {dag.py:3677} INFO - Setting next_dagrun for example_branch_python_operator_decorator to 2023-08-23T00:00:00+00:00, run_after=2023-08-24T00:00:00+00:00
[2023-08-24T04:40:49.711+0000] {processor.py:179} INFO - Processing /usr/local/lib/python3.8/dist-packages/airflow/example_dags/example_branch_operator_decorator.py took 0.069 seconds
[2023-08-24T04:41:49.843+0000] {processor.py:157} INFO - Started process (PID=43535) to work on /usr/local/lib/python3.8/dist-packages/airflow/example_dags/example_branch_operator_decorator.py
[2023-08-24T04:41:49.845+0000] {processor.py:829} INFO - Processing file /usr/local/lib/python3.8/dist-packages/airflow/example_dags/example_branch_operator_decorator.py for tasks to queue
[2023-08-24T04:41:49.846+0000] {logging_mixin.py:151} INFO - [2023-08-24T04:41:49.846+0000] {dagbag.py:539} INFO - Filling up the DagBag from /usr/local/lib/python3.8/dist-packages/airflow/example_dags/example_branch_operator_decorator.py
[2023-08-24T04:41:49.856+0000] {processor.py:839} INFO - DAG(s) dict_keys(['example_branch_python_operator_decorator']) retrieved from /usr/local/lib/python3.8/dist-packages/airflow/example_dags/example_branch_operator_decorator.py
[2023-08-24T04:41:49.873+0000] {logging_mixin.py:151} INFO - [2023-08-24T04:41:49.872+0000] {dag.py:2907} INFO - Sync 1 DAGs
[2023-08-24T04:41:49.890+0000] {logging_mixin.py:151} INFO - [2023-08-24T04:41:49.889+0000] {dag.py:3677} INFO - Setting next_dagrun for example_branch_python_operator_decorator to 2023-08-23T00:00:00+00:00, run_after=2023-08-24T00:00:00+00:00
[2023-08-24T04:41:49.907+0000] {processor.py:179} INFO - Processing /usr/local/lib/python3.8/dist-packages/airflow/example_dags/example_branch_operator_decorator.py took 0.067 seconds
[2023-08-24T04:42:49.138+0000] {processor.py:157} INFO - Started process (PID=43725) to work on /usr/local/lib/python3.8/dist-packages/airflow/example_dags/example_branch_operator_decorator.py
[2023-08-24T04:42:49.140+0000] {processor.py:829} INFO - Processing file /usr/local/lib/python3.8/dist-packages/airflow/example_dags/example_branch_operator_decorator.py for tasks to queue
[2023-08-24T04:42:49.141+0000] {logging_mixin.py:151} INFO - [2023-08-24T04:42:49.141+0000] {dagbag.py:539} INFO - Filling up the DagBag from /usr/local/lib/python3.8/dist-packages/airflow/example_dags/example_branch_operator_decorator.py
[2023-08-24T04:42:49.150+0000] {processor.py:839} INFO - DAG(s) dict_keys(['example_branch_python_operator_decorator']) retrieved from /usr/local/lib/python3.8/dist-packages/airflow/example_dags/example_branch_operator_decorator.py
[2023-08-24T04:42:49.167+0000] {logging_mixin.py:151} INFO - [2023-08-24T04:42:49.167+0000] {dag.py:2907} INFO - Sync 1 DAGs
[2023-08-24T04:42:49.184+0000] {logging_mixin.py:151} INFO - [2023-08-24T04:42:49.184+0000] {dag.py:3677} INFO - Setting next_dagrun for example_branch_python_operator_decorator to 2023-08-23T00:00:00+00:00, run_after=2023-08-24T00:00:00+00:00
[2023-08-24T04:42:49.202+0000] {processor.py:179} INFO - Processing /usr/local/lib/python3.8/dist-packages/airflow/example_dags/example_branch_operator_decorator.py took 0.068 seconds
[2023-08-24T04:43:50.007+0000] {processor.py:157} INFO - Started process (PID=43909) to work on /usr/local/lib/python3.8/dist-packages/airflow/example_dags/example_branch_operator_decorator.py
[2023-08-24T04:43:50.009+0000] {processor.py:829} INFO - Processing file /usr/local/lib/python3.8/dist-packages/airflow/example_dags/example_branch_operator_decorator.py for tasks to queue
[2023-08-24T04:43:50.010+0000] {logging_mixin.py:151} INFO - [2023-08-24T04:43:50.009+0000] {dagbag.py:539} INFO - Filling up the DagBag from /usr/local/lib/python3.8/dist-packages/airflow/example_dags/example_branch_operator_decorator.py
[2023-08-24T04:43:50.019+0000] {processor.py:839} INFO - DAG(s) dict_keys(['example_branch_python_operator_decorator']) retrieved from /usr/local/lib/python3.8/dist-packages/airflow/example_dags/example_branch_operator_decorator.py
[2023-08-24T04:43:50.035+0000] {logging_mixin.py:151} INFO - [2023-08-24T04:43:50.035+0000] {dag.py:2907} INFO - Sync 1 DAGs
[2023-08-24T04:43:50.052+0000] {logging_mixin.py:151} INFO - [2023-08-24T04:43:50.052+0000] {dag.py:3677} INFO - Setting next_dagrun for example_branch_python_operator_decorator to 2023-08-23T00:00:00+00:00, run_after=2023-08-24T00:00:00+00:00
[2023-08-24T04:43:50.069+0000] {processor.py:179} INFO - Processing /usr/local/lib/python3.8/dist-packages/airflow/example_dags/example_branch_operator_decorator.py took 0.066 seconds
[2023-08-24T04:44:51.070+0000] {processor.py:157} INFO - Started process (PID=44094) to work on /usr/local/lib/python3.8/dist-packages/airflow/example_dags/example_branch_operator_decorator.py
[2023-08-24T04:44:51.071+0000] {processor.py:829} INFO - Processing file /usr/local/lib/python3.8/dist-packages/airflow/example_dags/example_branch_operator_decorator.py for tasks to queue
[2023-08-24T04:44:51.072+0000] {logging_mixin.py:151} INFO - [2023-08-24T04:44:51.072+0000] {dagbag.py:539} INFO - Filling up the DagBag from /usr/local/lib/python3.8/dist-packages/airflow/example_dags/example_branch_operator_decorator.py
[2023-08-24T04:44:51.082+0000] {processor.py:839} INFO - DAG(s) dict_keys(['example_branch_python_operator_decorator']) retrieved from /usr/local/lib/python3.8/dist-packages/airflow/example_dags/example_branch_operator_decorator.py
[2023-08-24T04:44:51.099+0000] {logging_mixin.py:151} INFO - [2023-08-24T04:44:51.099+0000] {dag.py:2907} INFO - Sync 1 DAGs
[2023-08-24T04:44:51.115+0000] {logging_mixin.py:151} INFO - [2023-08-24T04:44:51.115+0000] {dag.py:3677} INFO - Setting next_dagrun for example_branch_python_operator_decorator to 2023-08-23T00:00:00+00:00, run_after=2023-08-24T00:00:00+00:00
[2023-08-24T04:44:51.133+0000] {processor.py:179} INFO - Processing /usr/local/lib/python3.8/dist-packages/airflow/example_dags/example_branch_operator_decorator.py took 0.067 seconds
[2023-08-24T04:45:52.546+0000] {processor.py:157} INFO - Started process (PID=44277) to work on /usr/local/lib/python3.8/dist-packages/airflow/example_dags/example_branch_operator_decorator.py
[2023-08-24T04:45:52.548+0000] {processor.py:829} INFO - Processing file /usr/local/lib/python3.8/dist-packages/airflow/example_dags/example_branch_operator_decorator.py for tasks to queue
[2023-08-24T04:45:52.549+0000] {logging_mixin.py:151} INFO - [2023-08-24T04:45:52.549+0000] {dagbag.py:539} INFO - Filling up the DagBag from /usr/local/lib/python3.8/dist-packages/airflow/example_dags/example_branch_operator_decorator.py
[2023-08-24T04:45:52.560+0000] {processor.py:839} INFO - DAG(s) dict_keys(['example_branch_python_operator_decorator']) retrieved from /usr/local/lib/python3.8/dist-packages/airflow/example_dags/example_branch_operator_decorator.py
[2023-08-24T04:45:52.578+0000] {logging_mixin.py:151} INFO - [2023-08-24T04:45:52.578+0000] {dag.py:2907} INFO - Sync 1 DAGs
[2023-08-24T04:45:52.597+0000] {logging_mixin.py:151} INFO - [2023-08-24T04:45:52.597+0000] {dag.py:3677} INFO - Setting next_dagrun for example_branch_python_operator_decorator to 2023-08-23T00:00:00+00:00, run_after=2023-08-24T00:00:00+00:00
[2023-08-24T04:45:52.616+0000] {processor.py:179} INFO - Processing /usr/local/lib/python3.8/dist-packages/airflow/example_dags/example_branch_operator_decorator.py took 0.074 seconds
[2023-08-24T04:46:54.307+0000] {processor.py:157} INFO - Started process (PID=44460) to work on /usr/local/lib/python3.8/dist-packages/airflow/example_dags/example_branch_operator_decorator.py
[2023-08-24T04:46:54.309+0000] {processor.py:829} INFO - Processing file /usr/local/lib/python3.8/dist-packages/airflow/example_dags/example_branch_operator_decorator.py for tasks to queue
[2023-08-24T04:46:54.310+0000] {logging_mixin.py:151} INFO - [2023-08-24T04:46:54.310+0000] {dagbag.py:539} INFO - Filling up the DagBag from /usr/local/lib/python3.8/dist-packages/airflow/example_dags/example_branch_operator_decorator.py
[2023-08-24T04:46:54.320+0000] {processor.py:839} INFO - DAG(s) dict_keys(['example_branch_python_operator_decorator']) retrieved from /usr/local/lib/python3.8/dist-packages/airflow/example_dags/example_branch_operator_decorator.py
[2023-08-24T04:46:54.337+0000] {logging_mixin.py:151} INFO - [2023-08-24T04:46:54.336+0000] {dag.py:2907} INFO - Sync 1 DAGs
[2023-08-24T04:46:54.354+0000] {logging_mixin.py:151} INFO - [2023-08-24T04:46:54.354+0000] {dag.py:3677} INFO - Setting next_dagrun for example_branch_python_operator_decorator to 2023-08-23T00:00:00+00:00, run_after=2023-08-24T00:00:00+00:00
[2023-08-24T04:46:54.372+0000] {processor.py:179} INFO - Processing /usr/local/lib/python3.8/dist-packages/airflow/example_dags/example_branch_operator_decorator.py took 0.069 seconds
[2023-08-24T04:47:56.634+0000] {processor.py:157} INFO - Started process (PID=44644) to work on /usr/local/lib/python3.8/dist-packages/airflow/example_dags/example_branch_operator_decorator.py
[2023-08-24T04:47:56.636+0000] {processor.py:829} INFO - Processing file /usr/local/lib/python3.8/dist-packages/airflow/example_dags/example_branch_operator_decorator.py for tasks to queue
[2023-08-24T04:47:56.637+0000] {logging_mixin.py:151} INFO - [2023-08-24T04:47:56.637+0000] {dagbag.py:539} INFO - Filling up the DagBag from /usr/local/lib/python3.8/dist-packages/airflow/example_dags/example_branch_operator_decorator.py
[2023-08-24T04:47:56.647+0000] {processor.py:839} INFO - DAG(s) dict_keys(['example_branch_python_operator_decorator']) retrieved from /usr/local/lib/python3.8/dist-packages/airflow/example_dags/example_branch_operator_decorator.py
[2023-08-24T04:47:56.664+0000] {logging_mixin.py:151} INFO - [2023-08-24T04:47:56.664+0000] {dag.py:2907} INFO - Sync 1 DAGs
[2023-08-24T04:47:56.681+0000] {logging_mixin.py:151} INFO - [2023-08-24T04:47:56.681+0000] {dag.py:3677} INFO - Setting next_dagrun for example_branch_python_operator_decorator to 2023-08-23T00:00:00+00:00, run_after=2023-08-24T00:00:00+00:00
[2023-08-24T04:47:56.699+0000] {processor.py:179} INFO - Processing /usr/local/lib/python3.8/dist-packages/airflow/example_dags/example_branch_operator_decorator.py took 0.069 seconds
[2023-08-24T04:48:58.099+0000] {processor.py:157} INFO - Started process (PID=44827) to work on /usr/local/lib/python3.8/dist-packages/airflow/example_dags/example_branch_operator_decorator.py
[2023-08-24T04:48:58.101+0000] {processor.py:829} INFO - Processing file /usr/local/lib/python3.8/dist-packages/airflow/example_dags/example_branch_operator_decorator.py for tasks to queue
[2023-08-24T04:48:58.102+0000] {logging_mixin.py:151} INFO - [2023-08-24T04:48:58.101+0000] {dagbag.py:539} INFO - Filling up the DagBag from /usr/local/lib/python3.8/dist-packages/airflow/example_dags/example_branch_operator_decorator.py
[2023-08-24T04:48:58.112+0000] {processor.py:839} INFO - DAG(s) dict_keys(['example_branch_python_operator_decorator']) retrieved from /usr/local/lib/python3.8/dist-packages/airflow/example_dags/example_branch_operator_decorator.py
[2023-08-24T04:48:58.129+0000] {logging_mixin.py:151} INFO - [2023-08-24T04:48:58.129+0000] {dag.py:2907} INFO - Sync 1 DAGs
[2023-08-24T04:48:58.146+0000] {logging_mixin.py:151} INFO - [2023-08-24T04:48:58.146+0000] {dag.py:3677} INFO - Setting next_dagrun for example_branch_python_operator_decorator to 2023-08-23T00:00:00+00:00, run_after=2023-08-24T00:00:00+00:00
[2023-08-24T04:48:58.164+0000] {processor.py:179} INFO - Processing /usr/local/lib/python3.8/dist-packages/airflow/example_dags/example_branch_operator_decorator.py took 0.069 seconds
[2023-08-24T04:50:00.229+0000] {processor.py:157} INFO - Started process (PID=45011) to work on /usr/local/lib/python3.8/dist-packages/airflow/example_dags/example_branch_operator_decorator.py
[2023-08-24T04:50:00.231+0000] {processor.py:829} INFO - Processing file /usr/local/lib/python3.8/dist-packages/airflow/example_dags/example_branch_operator_decorator.py for tasks to queue
[2023-08-24T04:50:00.232+0000] {logging_mixin.py:151} INFO - [2023-08-24T04:50:00.231+0000] {dagbag.py:539} INFO - Filling up the DagBag from /usr/local/lib/python3.8/dist-packages/airflow/example_dags/example_branch_operator_decorator.py
[2023-08-24T04:50:00.241+0000] {processor.py:839} INFO - DAG(s) dict_keys(['example_branch_python_operator_decorator']) retrieved from /usr/local/lib/python3.8/dist-packages/airflow/example_dags/example_branch_operator_decorator.py
[2023-08-24T04:50:00.261+0000] {logging_mixin.py:151} INFO - [2023-08-24T04:50:00.261+0000] {dag.py:2907} INFO - Sync 1 DAGs
[2023-08-24T04:50:00.278+0000] {logging_mixin.py:151} INFO - [2023-08-24T04:50:00.278+0000] {dag.py:3677} INFO - Setting next_dagrun for example_branch_python_operator_decorator to 2023-08-23T00:00:00+00:00, run_after=2023-08-24T00:00:00+00:00
[2023-08-24T04:50:00.296+0000] {processor.py:179} INFO - Processing /usr/local/lib/python3.8/dist-packages/airflow/example_dags/example_branch_operator_decorator.py took 0.071 seconds
[2023-08-24T04:50:58.531+0000] {processor.py:157} INFO - Started process (PID=45196) to work on /usr/local/lib/python3.8/dist-packages/airflow/example_dags/example_branch_operator_decorator.py
[2023-08-24T04:50:58.534+0000] {processor.py:829} INFO - Processing file /usr/local/lib/python3.8/dist-packages/airflow/example_dags/example_branch_operator_decorator.py for tasks to queue
[2023-08-24T04:50:58.534+0000] {logging_mixin.py:151} INFO - [2023-08-24T04:50:58.534+0000] {dagbag.py:539} INFO - Filling up the DagBag from /usr/local/lib/python3.8/dist-packages/airflow/example_dags/example_branch_operator_decorator.py
[2023-08-24T04:50:58.544+0000] {processor.py:839} INFO - DAG(s) dict_keys(['example_branch_python_operator_decorator']) retrieved from /usr/local/lib/python3.8/dist-packages/airflow/example_dags/example_branch_operator_decorator.py
[2023-08-24T04:50:58.561+0000] {logging_mixin.py:151} INFO - [2023-08-24T04:50:58.561+0000] {dag.py:2907} INFO - Sync 1 DAGs
[2023-08-24T04:50:58.579+0000] {logging_mixin.py:151} INFO - [2023-08-24T04:50:58.579+0000] {dag.py:3677} INFO - Setting next_dagrun for example_branch_python_operator_decorator to 2023-08-23T00:00:00+00:00, run_after=2023-08-24T00:00:00+00:00
[2023-08-24T04:50:58.597+0000] {processor.py:179} INFO - Processing /usr/local/lib/python3.8/dist-packages/airflow/example_dags/example_branch_operator_decorator.py took 0.070 seconds
[2023-08-24T04:51:59.410+0000] {processor.py:157} INFO - Started process (PID=45378) to work on /usr/local/lib/python3.8/dist-packages/airflow/example_dags/example_branch_operator_decorator.py
[2023-08-24T04:51:59.412+0000] {processor.py:829} INFO - Processing file /usr/local/lib/python3.8/dist-packages/airflow/example_dags/example_branch_operator_decorator.py for tasks to queue
[2023-08-24T04:51:59.413+0000] {logging_mixin.py:151} INFO - [2023-08-24T04:51:59.413+0000] {dagbag.py:539} INFO - Filling up the DagBag from /usr/local/lib/python3.8/dist-packages/airflow/example_dags/example_branch_operator_decorator.py
[2023-08-24T04:51:59.423+0000] {processor.py:839} INFO - DAG(s) dict_keys(['example_branch_python_operator_decorator']) retrieved from /usr/local/lib/python3.8/dist-packages/airflow/example_dags/example_branch_operator_decorator.py
[2023-08-24T04:51:59.440+0000] {logging_mixin.py:151} INFO - [2023-08-24T04:51:59.439+0000] {dag.py:2907} INFO - Sync 1 DAGs
[2023-08-24T04:51:59.457+0000] {logging_mixin.py:151} INFO - [2023-08-24T04:51:59.457+0000] {dag.py:3677} INFO - Setting next_dagrun for example_branch_python_operator_decorator to 2023-08-23T00:00:00+00:00, run_after=2023-08-24T00:00:00+00:00
[2023-08-24T04:51:59.475+0000] {processor.py:179} INFO - Processing /usr/local/lib/python3.8/dist-packages/airflow/example_dags/example_branch_operator_decorator.py took 0.068 seconds
[2023-08-24T04:53:00.949+0000] {processor.py:157} INFO - Started process (PID=45567) to work on /usr/local/lib/python3.8/dist-packages/airflow/example_dags/example_branch_operator_decorator.py
[2023-08-24T04:53:00.951+0000] {processor.py:829} INFO - Processing file /usr/local/lib/python3.8/dist-packages/airflow/example_dags/example_branch_operator_decorator.py for tasks to queue
[2023-08-24T04:53:00.952+0000] {logging_mixin.py:151} INFO - [2023-08-24T04:53:00.951+0000] {dagbag.py:539} INFO - Filling up the DagBag from /usr/local/lib/python3.8/dist-packages/airflow/example_dags/example_branch_operator_decorator.py
[2023-08-24T04:53:00.961+0000] {processor.py:839} INFO - DAG(s) dict_keys(['example_branch_python_operator_decorator']) retrieved from /usr/local/lib/python3.8/dist-packages/airflow/example_dags/example_branch_operator_decorator.py
[2023-08-24T04:53:00.978+0000] {logging_mixin.py:151} INFO - [2023-08-24T04:53:00.978+0000] {dag.py:2907} INFO - Sync 1 DAGs
[2023-08-24T04:53:00.994+0000] {logging_mixin.py:151} INFO - [2023-08-24T04:53:00.994+0000] {dag.py:3677} INFO - Setting next_dagrun for example_branch_python_operator_decorator to 2023-08-23T00:00:00+00:00, run_after=2023-08-24T00:00:00+00:00
[2023-08-24T04:53:01.012+0000] {processor.py:179} INFO - Processing /usr/local/lib/python3.8/dist-packages/airflow/example_dags/example_branch_operator_decorator.py took 0.067 seconds
[2023-08-24T04:54:03.553+0000] {processor.py:157} INFO - Started process (PID=45750) to work on /usr/local/lib/python3.8/dist-packages/airflow/example_dags/example_branch_operator_decorator.py
[2023-08-24T04:54:03.555+0000] {processor.py:829} INFO - Processing file /usr/local/lib/python3.8/dist-packages/airflow/example_dags/example_branch_operator_decorator.py for tasks to queue
[2023-08-24T04:54:03.556+0000] {logging_mixin.py:151} INFO - [2023-08-24T04:54:03.556+0000] {dagbag.py:539} INFO - Filling up the DagBag from /usr/local/lib/python3.8/dist-packages/airflow/example_dags/example_branch_operator_decorator.py
[2023-08-24T04:54:03.566+0000] {processor.py:839} INFO - DAG(s) dict_keys(['example_branch_python_operator_decorator']) retrieved from /usr/local/lib/python3.8/dist-packages/airflow/example_dags/example_branch_operator_decorator.py
[2023-08-24T04:54:03.583+0000] {logging_mixin.py:151} INFO - [2023-08-24T04:54:03.583+0000] {dag.py:2907} INFO - Sync 1 DAGs
[2023-08-24T04:54:03.600+0000] {logging_mixin.py:151} INFO - [2023-08-24T04:54:03.600+0000] {dag.py:3677} INFO - Setting next_dagrun for example_branch_python_operator_decorator to 2023-08-23T00:00:00+00:00, run_after=2023-08-24T00:00:00+00:00
[2023-08-24T04:54:03.619+0000] {processor.py:179} INFO - Processing /usr/local/lib/python3.8/dist-packages/airflow/example_dags/example_branch_operator_decorator.py took 0.070 seconds
[2023-08-24T04:55:03.921+0000] {processor.py:157} INFO - Started process (PID=45933) to work on /usr/local/lib/python3.8/dist-packages/airflow/example_dags/example_branch_operator_decorator.py
[2023-08-24T04:55:03.923+0000] {processor.py:829} INFO - Processing file /usr/local/lib/python3.8/dist-packages/airflow/example_dags/example_branch_operator_decorator.py for tasks to queue
[2023-08-24T04:55:03.924+0000] {logging_mixin.py:151} INFO - [2023-08-24T04:55:03.924+0000] {dagbag.py:539} INFO - Filling up the DagBag from /usr/local/lib/python3.8/dist-packages/airflow/example_dags/example_branch_operator_decorator.py
[2023-08-24T04:55:03.934+0000] {processor.py:839} INFO - DAG(s) dict_keys(['example_branch_python_operator_decorator']) retrieved from /usr/local/lib/python3.8/dist-packages/airflow/example_dags/example_branch_operator_decorator.py
[2023-08-24T04:55:03.950+0000] {logging_mixin.py:151} INFO - [2023-08-24T04:55:03.950+0000] {dag.py:2907} INFO - Sync 1 DAGs
[2023-08-24T04:55:03.967+0000] {logging_mixin.py:151} INFO - [2023-08-24T04:55:03.967+0000] {dag.py:3677} INFO - Setting next_dagrun for example_branch_python_operator_decorator to 2023-08-23T00:00:00+00:00, run_after=2023-08-24T00:00:00+00:00
[2023-08-24T04:55:04.100+0000] {processor.py:179} INFO - Processing /usr/local/lib/python3.8/dist-packages/airflow/example_dags/example_branch_operator_decorator.py took 0.182 seconds
[2023-08-24T04:56:04.517+0000] {processor.py:157} INFO - Started process (PID=46121) to work on /usr/local/lib/python3.8/dist-packages/airflow/example_dags/example_branch_operator_decorator.py
[2023-08-24T04:56:04.519+0000] {processor.py:829} INFO - Processing file /usr/local/lib/python3.8/dist-packages/airflow/example_dags/example_branch_operator_decorator.py for tasks to queue
[2023-08-24T04:56:04.520+0000] {logging_mixin.py:151} INFO - [2023-08-24T04:56:04.520+0000] {dagbag.py:539} INFO - Filling up the DagBag from /usr/local/lib/python3.8/dist-packages/airflow/example_dags/example_branch_operator_decorator.py
[2023-08-24T04:56:04.530+0000] {processor.py:839} INFO - DAG(s) dict_keys(['example_branch_python_operator_decorator']) retrieved from /usr/local/lib/python3.8/dist-packages/airflow/example_dags/example_branch_operator_decorator.py
[2023-08-24T04:56:04.547+0000] {logging_mixin.py:151} INFO - [2023-08-24T04:56:04.547+0000] {dag.py:2907} INFO - Sync 1 DAGs
[2023-08-24T04:56:04.564+0000] {logging_mixin.py:151} INFO - [2023-08-24T04:56:04.564+0000] {dag.py:3677} INFO - Setting next_dagrun for example_branch_python_operator_decorator to 2023-08-23T00:00:00+00:00, run_after=2023-08-24T00:00:00+00:00
[2023-08-24T04:56:04.583+0000] {processor.py:179} INFO - Processing /usr/local/lib/python3.8/dist-packages/airflow/example_dags/example_branch_operator_decorator.py took 0.070 seconds
[2023-08-24T04:57:10.255+0000] {processor.py:157} INFO - Started process (PID=46318) to work on /usr/local/lib/python3.8/dist-packages/airflow/example_dags/example_branch_operator_decorator.py
[2023-08-24T04:57:10.257+0000] {processor.py:829} INFO - Processing file /usr/local/lib/python3.8/dist-packages/airflow/example_dags/example_branch_operator_decorator.py for tasks to queue
[2023-08-24T04:57:10.258+0000] {logging_mixin.py:151} INFO - [2023-08-24T04:57:10.257+0000] {dagbag.py:539} INFO - Filling up the DagBag from /usr/local/lib/python3.8/dist-packages/airflow/example_dags/example_branch_operator_decorator.py
[2023-08-24T04:57:10.268+0000] {processor.py:839} INFO - DAG(s) dict_keys(['example_branch_python_operator_decorator']) retrieved from /usr/local/lib/python3.8/dist-packages/airflow/example_dags/example_branch_operator_decorator.py
[2023-08-24T04:57:10.285+0000] {logging_mixin.py:151} INFO - [2023-08-24T04:57:10.285+0000] {dag.py:2907} INFO - Sync 1 DAGs
[2023-08-24T04:57:10.302+0000] {logging_mixin.py:151} INFO - [2023-08-24T04:57:10.302+0000] {dag.py:3677} INFO - Setting next_dagrun for example_branch_python_operator_decorator to 2023-08-23T00:00:00+00:00, run_after=2023-08-24T00:00:00+00:00
[2023-08-24T04:57:10.320+0000] {processor.py:179} INFO - Processing /usr/local/lib/python3.8/dist-packages/airflow/example_dags/example_branch_operator_decorator.py took 0.069 seconds
[2023-08-24T04:58:14.010+0000] {processor.py:157} INFO - Started process (PID=46502) to work on /usr/local/lib/python3.8/dist-packages/airflow/example_dags/example_branch_operator_decorator.py
[2023-08-24T04:58:14.012+0000] {processor.py:829} INFO - Processing file /usr/local/lib/python3.8/dist-packages/airflow/example_dags/example_branch_operator_decorator.py for tasks to queue
[2023-08-24T04:58:14.013+0000] {logging_mixin.py:151} INFO - [2023-08-24T04:58:14.013+0000] {dagbag.py:539} INFO - Filling up the DagBag from /usr/local/lib/python3.8/dist-packages/airflow/example_dags/example_branch_operator_decorator.py
[2023-08-24T04:58:14.023+0000] {processor.py:839} INFO - DAG(s) dict_keys(['example_branch_python_operator_decorator']) retrieved from /usr/local/lib/python3.8/dist-packages/airflow/example_dags/example_branch_operator_decorator.py
[2023-08-24T04:58:14.040+0000] {logging_mixin.py:151} INFO - [2023-08-24T04:58:14.039+0000] {dag.py:2907} INFO - Sync 1 DAGs
[2023-08-24T04:58:14.056+0000] {logging_mixin.py:151} INFO - [2023-08-24T04:58:14.056+0000] {dag.py:3677} INFO - Setting next_dagrun for example_branch_python_operator_decorator to 2023-08-23T00:00:00+00:00, run_after=2023-08-24T00:00:00+00:00
[2023-08-24T04:58:14.074+0000] {processor.py:179} INFO - Processing /usr/local/lib/python3.8/dist-packages/airflow/example_dags/example_branch_operator_decorator.py took 0.067 seconds
[2023-08-24T04:59:15.273+0000] {processor.py:157} INFO - Started process (PID=46685) to work on /usr/local/lib/python3.8/dist-packages/airflow/example_dags/example_branch_operator_decorator.py
[2023-08-24T04:59:15.276+0000] {processor.py:829} INFO - Processing file /usr/local/lib/python3.8/dist-packages/airflow/example_dags/example_branch_operator_decorator.py for tasks to queue
[2023-08-24T04:59:15.277+0000] {logging_mixin.py:151} INFO - [2023-08-24T04:59:15.276+0000] {dagbag.py:539} INFO - Filling up the DagBag from /usr/local/lib/python3.8/dist-packages/airflow/example_dags/example_branch_operator_decorator.py
[2023-08-24T04:59:15.287+0000] {processor.py:839} INFO - DAG(s) dict_keys(['example_branch_python_operator_decorator']) retrieved from /usr/local/lib/python3.8/dist-packages/airflow/example_dags/example_branch_operator_decorator.py
[2023-08-24T04:59:15.304+0000] {logging_mixin.py:151} INFO - [2023-08-24T04:59:15.304+0000] {dag.py:2907} INFO - Sync 1 DAGs
[2023-08-24T04:59:15.439+0000] {logging_mixin.py:151} INFO - [2023-08-24T04:59:15.439+0000] {dag.py:3677} INFO - Setting next_dagrun for example_branch_python_operator_decorator to 2023-08-23T00:00:00+00:00, run_after=2023-08-24T00:00:00+00:00
[2023-08-24T04:59:15.456+0000] {processor.py:179} INFO - Processing /usr/local/lib/python3.8/dist-packages/airflow/example_dags/example_branch_operator_decorator.py took 0.186 seconds
[2023-08-24T05:00:19.715+0000] {processor.py:157} INFO - Started process (PID=46869) to work on /usr/local/lib/python3.8/dist-packages/airflow/example_dags/example_branch_operator_decorator.py
[2023-08-24T05:00:19.717+0000] {processor.py:829} INFO - Processing file /usr/local/lib/python3.8/dist-packages/airflow/example_dags/example_branch_operator_decorator.py for tasks to queue
[2023-08-24T05:00:19.718+0000] {logging_mixin.py:151} INFO - [2023-08-24T05:00:19.718+0000] {dagbag.py:539} INFO - Filling up the DagBag from /usr/local/lib/python3.8/dist-packages/airflow/example_dags/example_branch_operator_decorator.py
[2023-08-24T05:00:19.728+0000] {processor.py:839} INFO - DAG(s) dict_keys(['example_branch_python_operator_decorator']) retrieved from /usr/local/lib/python3.8/dist-packages/airflow/example_dags/example_branch_operator_decorator.py
[2023-08-24T05:00:19.745+0000] {logging_mixin.py:151} INFO - [2023-08-24T05:00:19.744+0000] {dag.py:2907} INFO - Sync 1 DAGs
[2023-08-24T05:00:19.762+0000] {logging_mixin.py:151} INFO - [2023-08-24T05:00:19.762+0000] {dag.py:3677} INFO - Setting next_dagrun for example_branch_python_operator_decorator to 2023-08-23T00:00:00+00:00, run_after=2023-08-24T00:00:00+00:00
[2023-08-24T05:00:19.779+0000] {processor.py:179} INFO - Processing /usr/local/lib/python3.8/dist-packages/airflow/example_dags/example_branch_operator_decorator.py took 0.068 seconds
[2023-08-24T05:01:18.951+0000] {processor.py:157} INFO - Started process (PID=47066) to work on /usr/local/lib/python3.8/dist-packages/airflow/example_dags/example_branch_operator_decorator.py
[2023-08-24T05:01:18.953+0000] {processor.py:829} INFO - Processing file /usr/local/lib/python3.8/dist-packages/airflow/example_dags/example_branch_operator_decorator.py for tasks to queue
[2023-08-24T05:01:18.954+0000] {logging_mixin.py:151} INFO - [2023-08-24T05:01:18.953+0000] {dagbag.py:539} INFO - Filling up the DagBag from /usr/local/lib/python3.8/dist-packages/airflow/example_dags/example_branch_operator_decorator.py
[2023-08-24T05:01:18.963+0000] {processor.py:839} INFO - DAG(s) dict_keys(['example_branch_python_operator_decorator']) retrieved from /usr/local/lib/python3.8/dist-packages/airflow/example_dags/example_branch_operator_decorator.py
[2023-08-24T05:01:18.980+0000] {logging_mixin.py:151} INFO - [2023-08-24T05:01:18.980+0000] {dag.py:2907} INFO - Sync 1 DAGs
[2023-08-24T05:01:18.997+0000] {logging_mixin.py:151} INFO - [2023-08-24T05:01:18.997+0000] {dag.py:3677} INFO - Setting next_dagrun for example_branch_python_operator_decorator to 2023-08-23T00:00:00+00:00, run_after=2023-08-24T00:00:00+00:00
[2023-08-24T05:01:19.015+0000] {processor.py:179} INFO - Processing /usr/local/lib/python3.8/dist-packages/airflow/example_dags/example_branch_operator_decorator.py took 0.068 seconds
[2023-08-24T05:02:17.342+0000] {processor.py:157} INFO - Started process (PID=47252) to work on /usr/local/lib/python3.8/dist-packages/airflow/example_dags/example_branch_operator_decorator.py
[2023-08-24T05:02:17.343+0000] {processor.py:829} INFO - Processing file /usr/local/lib/python3.8/dist-packages/airflow/example_dags/example_branch_operator_decorator.py for tasks to queue
[2023-08-24T05:02:17.344+0000] {logging_mixin.py:151} INFO - [2023-08-24T05:02:17.344+0000] {dagbag.py:539} INFO - Filling up the DagBag from /usr/local/lib/python3.8/dist-packages/airflow/example_dags/example_branch_operator_decorator.py
[2023-08-24T05:02:17.354+0000] {processor.py:839} INFO - DAG(s) dict_keys(['example_branch_python_operator_decorator']) retrieved from /usr/local/lib/python3.8/dist-packages/airflow/example_dags/example_branch_operator_decorator.py
[2023-08-24T05:02:17.370+0000] {logging_mixin.py:151} INFO - [2023-08-24T05:02:17.370+0000] {dag.py:2907} INFO - Sync 1 DAGs
[2023-08-24T05:02:17.387+0000] {logging_mixin.py:151} INFO - [2023-08-24T05:02:17.387+0000] {dag.py:3677} INFO - Setting next_dagrun for example_branch_python_operator_decorator to 2023-08-23T00:00:00+00:00, run_after=2023-08-24T00:00:00+00:00
[2023-08-24T05:02:17.405+0000] {processor.py:179} INFO - Processing /usr/local/lib/python3.8/dist-packages/airflow/example_dags/example_branch_operator_decorator.py took 0.067 seconds
[2023-08-24T05:03:18.109+0000] {processor.py:157} INFO - Started process (PID=47440) to work on /usr/local/lib/python3.8/dist-packages/airflow/example_dags/example_branch_operator_decorator.py
[2023-08-24T05:03:18.111+0000] {processor.py:829} INFO - Processing file /usr/local/lib/python3.8/dist-packages/airflow/example_dags/example_branch_operator_decorator.py for tasks to queue
[2023-08-24T05:03:18.112+0000] {logging_mixin.py:151} INFO - [2023-08-24T05:03:18.112+0000] {dagbag.py:539} INFO - Filling up the DagBag from /usr/local/lib/python3.8/dist-packages/airflow/example_dags/example_branch_operator_decorator.py
[2023-08-24T05:03:18.122+0000] {processor.py:839} INFO - DAG(s) dict_keys(['example_branch_python_operator_decorator']) retrieved from /usr/local/lib/python3.8/dist-packages/airflow/example_dags/example_branch_operator_decorator.py
[2023-08-24T05:03:18.140+0000] {logging_mixin.py:151} INFO - [2023-08-24T05:03:18.140+0000] {dag.py:2907} INFO - Sync 1 DAGs
[2023-08-24T05:03:18.157+0000] {logging_mixin.py:151} INFO - [2023-08-24T05:03:18.157+0000] {dag.py:3677} INFO - Setting next_dagrun for example_branch_python_operator_decorator to 2023-08-23T00:00:00+00:00, run_after=2023-08-24T00:00:00+00:00
[2023-08-24T05:03:18.175+0000] {processor.py:179} INFO - Processing /usr/local/lib/python3.8/dist-packages/airflow/example_dags/example_branch_operator_decorator.py took 0.069 seconds
[2023-08-24T05:04:17.616+0000] {processor.py:157} INFO - Started process (PID=47623) to work on /usr/local/lib/python3.8/dist-packages/airflow/example_dags/example_branch_operator_decorator.py
[2023-08-24T05:04:17.618+0000] {processor.py:829} INFO - Processing file /usr/local/lib/python3.8/dist-packages/airflow/example_dags/example_branch_operator_decorator.py for tasks to queue
[2023-08-24T05:04:17.619+0000] {logging_mixin.py:151} INFO - [2023-08-24T05:04:17.619+0000] {dagbag.py:539} INFO - Filling up the DagBag from /usr/local/lib/python3.8/dist-packages/airflow/example_dags/example_branch_operator_decorator.py
[2023-08-24T05:04:17.629+0000] {processor.py:839} INFO - DAG(s) dict_keys(['example_branch_python_operator_decorator']) retrieved from /usr/local/lib/python3.8/dist-packages/airflow/example_dags/example_branch_operator_decorator.py
[2023-08-24T05:04:17.645+0000] {logging_mixin.py:151} INFO - [2023-08-24T05:04:17.645+0000] {dag.py:2907} INFO - Sync 1 DAGs
[2023-08-24T05:04:17.662+0000] {logging_mixin.py:151} INFO - [2023-08-24T05:04:17.662+0000] {dag.py:3677} INFO - Setting next_dagrun for example_branch_python_operator_decorator to 2023-08-23T00:00:00+00:00, run_after=2023-08-24T00:00:00+00:00
[2023-08-24T05:04:17.680+0000] {processor.py:179} INFO - Processing /usr/local/lib/python3.8/dist-packages/airflow/example_dags/example_branch_operator_decorator.py took 0.068 seconds
[2023-08-24T05:05:17.337+0000] {processor.py:157} INFO - Started process (PID=47819) to work on /usr/local/lib/python3.8/dist-packages/airflow/example_dags/example_branch_operator_decorator.py
[2023-08-24T05:05:17.338+0000] {processor.py:829} INFO - Processing file /usr/local/lib/python3.8/dist-packages/airflow/example_dags/example_branch_operator_decorator.py for tasks to queue
[2023-08-24T05:05:17.339+0000] {logging_mixin.py:151} INFO - [2023-08-24T05:05:17.339+0000] {dagbag.py:539} INFO - Filling up the DagBag from /usr/local/lib/python3.8/dist-packages/airflow/example_dags/example_branch_operator_decorator.py
[2023-08-24T05:05:17.349+0000] {processor.py:839} INFO - DAG(s) dict_keys(['example_branch_python_operator_decorator']) retrieved from /usr/local/lib/python3.8/dist-packages/airflow/example_dags/example_branch_operator_decorator.py
[2023-08-24T05:05:17.366+0000] {logging_mixin.py:151} INFO - [2023-08-24T05:05:17.366+0000] {dag.py:2907} INFO - Sync 1 DAGs
[2023-08-24T05:05:17.385+0000] {logging_mixin.py:151} INFO - [2023-08-24T05:05:17.384+0000] {dag.py:3677} INFO - Setting next_dagrun for example_branch_python_operator_decorator to 2023-08-23T00:00:00+00:00, run_after=2023-08-24T00:00:00+00:00
[2023-08-24T05:05:17.403+0000] {processor.py:179} INFO - Processing /usr/local/lib/python3.8/dist-packages/airflow/example_dags/example_branch_operator_decorator.py took 0.070 seconds
[2023-08-24T05:06:15.614+0000] {processor.py:157} INFO - Started process (PID=48015) to work on /usr/local/lib/python3.8/dist-packages/airflow/example_dags/example_branch_operator_decorator.py
[2023-08-24T05:06:15.615+0000] {processor.py:829} INFO - Processing file /usr/local/lib/python3.8/dist-packages/airflow/example_dags/example_branch_operator_decorator.py for tasks to queue
[2023-08-24T05:06:15.616+0000] {logging_mixin.py:151} INFO - [2023-08-24T05:06:15.616+0000] {dagbag.py:539} INFO - Filling up the DagBag from /usr/local/lib/python3.8/dist-packages/airflow/example_dags/example_branch_operator_decorator.py
[2023-08-24T05:06:15.628+0000] {processor.py:839} INFO - DAG(s) dict_keys(['example_branch_python_operator_decorator']) retrieved from /usr/local/lib/python3.8/dist-packages/airflow/example_dags/example_branch_operator_decorator.py
[2023-08-24T05:06:15.650+0000] {logging_mixin.py:151} INFO - [2023-08-24T05:06:15.650+0000] {dag.py:2907} INFO - Sync 1 DAGs
[2023-08-24T05:06:15.670+0000] {logging_mixin.py:151} INFO - [2023-08-24T05:06:15.670+0000] {dag.py:3677} INFO - Setting next_dagrun for example_branch_python_operator_decorator to 2023-08-23T00:00:00+00:00, run_after=2023-08-24T00:00:00+00:00
[2023-08-24T05:06:15.689+0000] {processor.py:179} INFO - Processing /usr/local/lib/python3.8/dist-packages/airflow/example_dags/example_branch_operator_decorator.py took 0.079 seconds
[2023-08-24T05:07:11.864+0000] {processor.py:157} INFO - Started process (PID=48197) to work on /usr/local/lib/python3.8/dist-packages/airflow/example_dags/example_branch_operator_decorator.py
[2023-08-24T05:07:11.866+0000] {processor.py:829} INFO - Processing file /usr/local/lib/python3.8/dist-packages/airflow/example_dags/example_branch_operator_decorator.py for tasks to queue
[2023-08-24T05:07:11.867+0000] {logging_mixin.py:151} INFO - [2023-08-24T05:07:11.867+0000] {dagbag.py:539} INFO - Filling up the DagBag from /usr/local/lib/python3.8/dist-packages/airflow/example_dags/example_branch_operator_decorator.py
[2023-08-24T05:07:11.877+0000] {processor.py:839} INFO - DAG(s) dict_keys(['example_branch_python_operator_decorator']) retrieved from /usr/local/lib/python3.8/dist-packages/airflow/example_dags/example_branch_operator_decorator.py
[2023-08-24T05:07:11.895+0000] {logging_mixin.py:151} INFO - [2023-08-24T05:07:11.894+0000] {dag.py:2907} INFO - Sync 1 DAGs
[2023-08-24T05:07:11.912+0000] {logging_mixin.py:151} INFO - [2023-08-24T05:07:11.912+0000] {dag.py:3677} INFO - Setting next_dagrun for example_branch_python_operator_decorator to 2023-08-23T00:00:00+00:00, run_after=2023-08-24T00:00:00+00:00
[2023-08-24T05:07:11.931+0000] {processor.py:179} INFO - Processing /usr/local/lib/python3.8/dist-packages/airflow/example_dags/example_branch_operator_decorator.py took 0.070 seconds
[2023-08-24T05:08:10.145+0000] {processor.py:157} INFO - Started process (PID=48381) to work on /usr/local/lib/python3.8/dist-packages/airflow/example_dags/example_branch_operator_decorator.py
[2023-08-24T05:08:10.147+0000] {processor.py:829} INFO - Processing file /usr/local/lib/python3.8/dist-packages/airflow/example_dags/example_branch_operator_decorator.py for tasks to queue
[2023-08-24T05:08:10.148+0000] {logging_mixin.py:151} INFO - [2023-08-24T05:08:10.148+0000] {dagbag.py:539} INFO - Filling up the DagBag from /usr/local/lib/python3.8/dist-packages/airflow/example_dags/example_branch_operator_decorator.py
[2023-08-24T05:08:10.159+0000] {processor.py:839} INFO - DAG(s) dict_keys(['example_branch_python_operator_decorator']) retrieved from /usr/local/lib/python3.8/dist-packages/airflow/example_dags/example_branch_operator_decorator.py
[2023-08-24T05:08:10.176+0000] {logging_mixin.py:151} INFO - [2023-08-24T05:08:10.176+0000] {dag.py:2907} INFO - Sync 1 DAGs
[2023-08-24T05:08:10.195+0000] {logging_mixin.py:151} INFO - [2023-08-24T05:08:10.194+0000] {dag.py:3677} INFO - Setting next_dagrun for example_branch_python_operator_decorator to 2023-08-23T00:00:00+00:00, run_after=2023-08-24T00:00:00+00:00
[2023-08-24T05:08:10.214+0000] {processor.py:179} INFO - Processing /usr/local/lib/python3.8/dist-packages/airflow/example_dags/example_branch_operator_decorator.py took 0.072 seconds
[2023-08-24T05:09:10.753+0000] {processor.py:157} INFO - Started process (PID=48577) to work on /usr/local/lib/python3.8/dist-packages/airflow/example_dags/example_branch_operator_decorator.py
[2023-08-24T05:09:10.755+0000] {processor.py:829} INFO - Processing file /usr/local/lib/python3.8/dist-packages/airflow/example_dags/example_branch_operator_decorator.py for tasks to queue
[2023-08-24T05:09:10.756+0000] {logging_mixin.py:151} INFO - [2023-08-24T05:09:10.755+0000] {dagbag.py:539} INFO - Filling up the DagBag from /usr/local/lib/python3.8/dist-packages/airflow/example_dags/example_branch_operator_decorator.py
[2023-08-24T05:09:10.766+0000] {processor.py:839} INFO - DAG(s) dict_keys(['example_branch_python_operator_decorator']) retrieved from /usr/local/lib/python3.8/dist-packages/airflow/example_dags/example_branch_operator_decorator.py
[2023-08-24T05:09:10.783+0000] {logging_mixin.py:151} INFO - [2023-08-24T05:09:10.783+0000] {dag.py:2907} INFO - Sync 1 DAGs
[2023-08-24T05:09:10.801+0000] {logging_mixin.py:151} INFO - [2023-08-24T05:09:10.800+0000] {dag.py:3677} INFO - Setting next_dagrun for example_branch_python_operator_decorator to 2023-08-23T00:00:00+00:00, run_after=2023-08-24T00:00:00+00:00
[2023-08-24T05:09:10.818+0000] {processor.py:179} INFO - Processing /usr/local/lib/python3.8/dist-packages/airflow/example_dags/example_branch_operator_decorator.py took 0.069 seconds
[2023-08-24T05:10:09.755+0000] {processor.py:157} INFO - Started process (PID=48760) to work on /usr/local/lib/python3.8/dist-packages/airflow/example_dags/example_branch_operator_decorator.py
[2023-08-24T05:10:09.757+0000] {processor.py:829} INFO - Processing file /usr/local/lib/python3.8/dist-packages/airflow/example_dags/example_branch_operator_decorator.py for tasks to queue
[2023-08-24T05:10:09.758+0000] {logging_mixin.py:151} INFO - [2023-08-24T05:10:09.757+0000] {dagbag.py:539} INFO - Filling up the DagBag from /usr/local/lib/python3.8/dist-packages/airflow/example_dags/example_branch_operator_decorator.py
[2023-08-24T05:10:09.768+0000] {processor.py:839} INFO - DAG(s) dict_keys(['example_branch_python_operator_decorator']) retrieved from /usr/local/lib/python3.8/dist-packages/airflow/example_dags/example_branch_operator_decorator.py
[2023-08-24T05:10:09.786+0000] {logging_mixin.py:151} INFO - [2023-08-24T05:10:09.785+0000] {dag.py:2907} INFO - Sync 1 DAGs
[2023-08-24T05:10:09.803+0000] {logging_mixin.py:151} INFO - [2023-08-24T05:10:09.803+0000] {dag.py:3677} INFO - Setting next_dagrun for example_branch_python_operator_decorator to 2023-08-23T00:00:00+00:00, run_after=2023-08-24T00:00:00+00:00
[2023-08-24T05:10:09.822+0000] {processor.py:179} INFO - Processing /usr/local/lib/python3.8/dist-packages/airflow/example_dags/example_branch_operator_decorator.py took 0.071 seconds
[2023-08-24T05:11:24.277+0000] {processor.py:157} INFO - Started process (PID=48916) to work on /usr/local/lib/python3.8/dist-packages/airflow/example_dags/example_branch_operator_decorator.py
[2023-08-24T05:11:24.279+0000] {processor.py:829} INFO - Processing file /usr/local/lib/python3.8/dist-packages/airflow/example_dags/example_branch_operator_decorator.py for tasks to queue
[2023-08-24T05:11:24.279+0000] {logging_mixin.py:151} INFO - [2023-08-24T05:11:24.279+0000] {dagbag.py:539} INFO - Filling up the DagBag from /usr/local/lib/python3.8/dist-packages/airflow/example_dags/example_branch_operator_decorator.py
[2023-08-24T05:11:24.289+0000] {processor.py:839} INFO - DAG(s) dict_keys(['example_branch_python_operator_decorator']) retrieved from /usr/local/lib/python3.8/dist-packages/airflow/example_dags/example_branch_operator_decorator.py
[2023-08-24T05:11:24.306+0000] {logging_mixin.py:151} INFO - [2023-08-24T05:11:24.306+0000] {dag.py:2907} INFO - Sync 1 DAGs
[2023-08-24T05:11:24.324+0000] {logging_mixin.py:151} INFO - [2023-08-24T05:11:24.324+0000] {dag.py:3677} INFO - Setting next_dagrun for example_branch_python_operator_decorator to 2023-08-23T00:00:00+00:00, run_after=2023-08-24T00:00:00+00:00
[2023-08-24T05:11:24.343+0000] {processor.py:179} INFO - Processing /usr/local/lib/python3.8/dist-packages/airflow/example_dags/example_branch_operator_decorator.py took 0.069 seconds
[2023-08-24T05:12:25.779+0000] {processor.py:157} INFO - Started process (PID=49112) to work on /usr/local/lib/python3.8/dist-packages/airflow/example_dags/example_branch_operator_decorator.py
[2023-08-24T05:12:25.781+0000] {processor.py:829} INFO - Processing file /usr/local/lib/python3.8/dist-packages/airflow/example_dags/example_branch_operator_decorator.py for tasks to queue
[2023-08-24T05:12:25.782+0000] {logging_mixin.py:151} INFO - [2023-08-24T05:12:25.782+0000] {dagbag.py:539} INFO - Filling up the DagBag from /usr/local/lib/python3.8/dist-packages/airflow/example_dags/example_branch_operator_decorator.py
[2023-08-24T05:12:25.792+0000] {processor.py:839} INFO - DAG(s) dict_keys(['example_branch_python_operator_decorator']) retrieved from /usr/local/lib/python3.8/dist-packages/airflow/example_dags/example_branch_operator_decorator.py
[2023-08-24T05:12:25.809+0000] {logging_mixin.py:151} INFO - [2023-08-24T05:12:25.809+0000] {dag.py:2907} INFO - Sync 1 DAGs
[2023-08-24T05:12:25.826+0000] {logging_mixin.py:151} INFO - [2023-08-24T05:12:25.826+0000] {dag.py:3677} INFO - Setting next_dagrun for example_branch_python_operator_decorator to 2023-08-23T00:00:00+00:00, run_after=2023-08-24T00:00:00+00:00
[2023-08-24T05:12:25.843+0000] {processor.py:179} INFO - Processing /usr/local/lib/python3.8/dist-packages/airflow/example_dags/example_branch_operator_decorator.py took 0.067 seconds
[2023-08-24T05:13:27.407+0000] {processor.py:157} INFO - Started process (PID=49317) to work on /usr/local/lib/python3.8/dist-packages/airflow/example_dags/example_branch_operator_decorator.py
[2023-08-24T05:13:27.409+0000] {processor.py:829} INFO - Processing file /usr/local/lib/python3.8/dist-packages/airflow/example_dags/example_branch_operator_decorator.py for tasks to queue
[2023-08-24T05:13:27.410+0000] {logging_mixin.py:151} INFO - [2023-08-24T05:13:27.410+0000] {dagbag.py:539} INFO - Filling up the DagBag from /usr/local/lib/python3.8/dist-packages/airflow/example_dags/example_branch_operator_decorator.py
[2023-08-24T05:13:27.420+0000] {processor.py:839} INFO - DAG(s) dict_keys(['example_branch_python_operator_decorator']) retrieved from /usr/local/lib/python3.8/dist-packages/airflow/example_dags/example_branch_operator_decorator.py
[2023-08-24T05:13:27.438+0000] {logging_mixin.py:151} INFO - [2023-08-24T05:13:27.438+0000] {dag.py:2907} INFO - Sync 1 DAGs
[2023-08-24T05:13:27.455+0000] {logging_mixin.py:151} INFO - [2023-08-24T05:13:27.455+0000] {dag.py:3677} INFO - Setting next_dagrun for example_branch_python_operator_decorator to 2023-08-23T00:00:00+00:00, run_after=2023-08-24T00:00:00+00:00
[2023-08-24T05:13:27.474+0000] {processor.py:179} INFO - Processing /usr/local/lib/python3.8/dist-packages/airflow/example_dags/example_branch_operator_decorator.py took 0.070 seconds
