[2023-08-24T04:31:35.676+0000] {processor.py:157} INFO - Started process (PID=41498) to work on /usr/local/lib/python3.8/dist-packages/airflow/example_dags/tutorial_dag.py
[2023-08-24T04:31:35.677+0000] {processor.py:829} INFO - Processing file /usr/local/lib/python3.8/dist-packages/airflow/example_dags/tutorial_dag.py for tasks to queue
[2023-08-24T04:31:35.678+0000] {logging_mixin.py:151} INFO - [2023-08-24T04:31:35.677+0000] {dagbag.py:539} INFO - Filling up the DagBag from /usr/local/lib/python3.8/dist-packages/airflow/example_dags/tutorial_dag.py
[2023-08-24T04:31:35.683+0000] {processor.py:839} INFO - DAG(s) dict_keys(['tutorial_dag']) retrieved from /usr/local/lib/python3.8/dist-packages/airflow/example_dags/tutorial_dag.py
[2023-08-24T04:31:35.699+0000] {logging_mixin.py:151} INFO - [2023-08-24T04:31:35.699+0000] {dag.py:2907} INFO - Sync 1 DAGs
[2023-08-24T04:31:35.710+0000] {logging_mixin.py:151} INFO - [2023-08-24T04:31:35.710+0000] {dag.py:3677} INFO - Setting next_dagrun for tutorial_dag to None, run_after=None
[2023-08-24T04:31:35.729+0000] {processor.py:179} INFO - Processing /usr/local/lib/python3.8/dist-packages/airflow/example_dags/tutorial_dag.py took 0.056 seconds
[2023-08-24T04:32:37.692+0000] {processor.py:157} INFO - Started process (PID=41696) to work on /usr/local/lib/python3.8/dist-packages/airflow/example_dags/tutorial_dag.py
[2023-08-24T04:32:37.694+0000] {processor.py:829} INFO - Processing file /usr/local/lib/python3.8/dist-packages/airflow/example_dags/tutorial_dag.py for tasks to queue
[2023-08-24T04:32:37.695+0000] {logging_mixin.py:151} INFO - [2023-08-24T04:32:37.694+0000] {dagbag.py:539} INFO - Filling up the DagBag from /usr/local/lib/python3.8/dist-packages/airflow/example_dags/tutorial_dag.py
[2023-08-24T04:32:37.700+0000] {processor.py:839} INFO - DAG(s) dict_keys(['tutorial_dag']) retrieved from /usr/local/lib/python3.8/dist-packages/airflow/example_dags/tutorial_dag.py
[2023-08-24T04:32:37.716+0000] {logging_mixin.py:151} INFO - [2023-08-24T04:32:37.716+0000] {dag.py:2907} INFO - Sync 1 DAGs
[2023-08-24T04:32:37.726+0000] {logging_mixin.py:151} INFO - [2023-08-24T04:32:37.726+0000] {dag.py:3677} INFO - Setting next_dagrun for tutorial_dag to None, run_after=None
[2023-08-24T04:32:37.744+0000] {processor.py:179} INFO - Processing /usr/local/lib/python3.8/dist-packages/airflow/example_dags/tutorial_dag.py took 0.055 seconds
[2023-08-24T04:33:37.863+0000] {processor.py:157} INFO - Started process (PID=41887) to work on /usr/local/lib/python3.8/dist-packages/airflow/example_dags/tutorial_dag.py
[2023-08-24T04:33:37.864+0000] {processor.py:829} INFO - Processing file /usr/local/lib/python3.8/dist-packages/airflow/example_dags/tutorial_dag.py for tasks to queue
[2023-08-24T04:33:37.865+0000] {logging_mixin.py:151} INFO - [2023-08-24T04:33:37.865+0000] {dagbag.py:539} INFO - Filling up the DagBag from /usr/local/lib/python3.8/dist-packages/airflow/example_dags/tutorial_dag.py
[2023-08-24T04:33:37.871+0000] {processor.py:839} INFO - DAG(s) dict_keys(['tutorial_dag']) retrieved from /usr/local/lib/python3.8/dist-packages/airflow/example_dags/tutorial_dag.py
[2023-08-24T04:33:37.886+0000] {logging_mixin.py:151} INFO - [2023-08-24T04:33:37.886+0000] {dag.py:2907} INFO - Sync 1 DAGs
[2023-08-24T04:33:37.897+0000] {logging_mixin.py:151} INFO - [2023-08-24T04:33:37.897+0000] {dag.py:3677} INFO - Setting next_dagrun for tutorial_dag to None, run_after=None
[2023-08-24T04:33:37.915+0000] {processor.py:179} INFO - Processing /usr/local/lib/python3.8/dist-packages/airflow/example_dags/tutorial_dag.py took 0.056 seconds
[2023-08-24T04:34:35.530+0000] {processor.py:157} INFO - Started process (PID=42070) to work on /usr/local/lib/python3.8/dist-packages/airflow/example_dags/tutorial_dag.py
[2023-08-24T04:34:35.532+0000] {processor.py:829} INFO - Processing file /usr/local/lib/python3.8/dist-packages/airflow/example_dags/tutorial_dag.py for tasks to queue
[2023-08-24T04:34:35.533+0000] {logging_mixin.py:151} INFO - [2023-08-24T04:34:35.532+0000] {dagbag.py:539} INFO - Filling up the DagBag from /usr/local/lib/python3.8/dist-packages/airflow/example_dags/tutorial_dag.py
[2023-08-24T04:34:35.539+0000] {processor.py:839} INFO - DAG(s) dict_keys(['tutorial_dag']) retrieved from /usr/local/lib/python3.8/dist-packages/airflow/example_dags/tutorial_dag.py
[2023-08-24T04:34:35.558+0000] {logging_mixin.py:151} INFO - [2023-08-24T04:34:35.557+0000] {dag.py:2907} INFO - Sync 1 DAGs
[2023-08-24T04:34:35.569+0000] {logging_mixin.py:151} INFO - [2023-08-24T04:34:35.569+0000] {dag.py:3677} INFO - Setting next_dagrun for tutorial_dag to None, run_after=None
[2023-08-24T04:34:35.587+0000] {processor.py:179} INFO - Processing /usr/local/lib/python3.8/dist-packages/airflow/example_dags/tutorial_dag.py took 0.061 seconds
[2023-08-24T04:35:34.721+0000] {processor.py:157} INFO - Started process (PID=42266) to work on /usr/local/lib/python3.8/dist-packages/airflow/example_dags/tutorial_dag.py
[2023-08-24T04:35:34.723+0000] {processor.py:829} INFO - Processing file /usr/local/lib/python3.8/dist-packages/airflow/example_dags/tutorial_dag.py for tasks to queue
[2023-08-24T04:35:34.724+0000] {logging_mixin.py:151} INFO - [2023-08-24T04:35:34.723+0000] {dagbag.py:539} INFO - Filling up the DagBag from /usr/local/lib/python3.8/dist-packages/airflow/example_dags/tutorial_dag.py
[2023-08-24T04:35:34.729+0000] {processor.py:839} INFO - DAG(s) dict_keys(['tutorial_dag']) retrieved from /usr/local/lib/python3.8/dist-packages/airflow/example_dags/tutorial_dag.py
[2023-08-24T04:35:34.745+0000] {logging_mixin.py:151} INFO - [2023-08-24T04:35:34.745+0000] {dag.py:2907} INFO - Sync 1 DAGs
[2023-08-24T04:35:34.756+0000] {logging_mixin.py:151} INFO - [2023-08-24T04:35:34.755+0000] {dag.py:3677} INFO - Setting next_dagrun for tutorial_dag to None, run_after=None
[2023-08-24T04:35:34.773+0000] {processor.py:179} INFO - Processing /usr/local/lib/python3.8/dist-packages/airflow/example_dags/tutorial_dag.py took 0.055 seconds
[2023-08-24T04:36:32.690+0000] {processor.py:157} INFO - Started process (PID=42462) to work on /usr/local/lib/python3.8/dist-packages/airflow/example_dags/tutorial_dag.py
[2023-08-24T04:36:32.692+0000] {processor.py:829} INFO - Processing file /usr/local/lib/python3.8/dist-packages/airflow/example_dags/tutorial_dag.py for tasks to queue
[2023-08-24T04:36:32.693+0000] {logging_mixin.py:151} INFO - [2023-08-24T04:36:32.692+0000] {dagbag.py:539} INFO - Filling up the DagBag from /usr/local/lib/python3.8/dist-packages/airflow/example_dags/tutorial_dag.py
[2023-08-24T04:36:32.698+0000] {processor.py:839} INFO - DAG(s) dict_keys(['tutorial_dag']) retrieved from /usr/local/lib/python3.8/dist-packages/airflow/example_dags/tutorial_dag.py
[2023-08-24T04:36:32.714+0000] {logging_mixin.py:151} INFO - [2023-08-24T04:36:32.714+0000] {dag.py:2907} INFO - Sync 1 DAGs
[2023-08-24T04:36:32.725+0000] {logging_mixin.py:151} INFO - [2023-08-24T04:36:32.725+0000] {dag.py:3677} INFO - Setting next_dagrun for tutorial_dag to None, run_after=None
[2023-08-24T04:36:32.743+0000] {processor.py:179} INFO - Processing /usr/local/lib/python3.8/dist-packages/airflow/example_dags/tutorial_dag.py took 0.056 seconds
[2023-08-24T04:37:29.481+0000] {processor.py:157} INFO - Started process (PID=42645) to work on /usr/local/lib/python3.8/dist-packages/airflow/example_dags/tutorial_dag.py
[2023-08-24T04:37:29.483+0000] {processor.py:829} INFO - Processing file /usr/local/lib/python3.8/dist-packages/airflow/example_dags/tutorial_dag.py for tasks to queue
[2023-08-24T04:37:29.484+0000] {logging_mixin.py:151} INFO - [2023-08-24T04:37:29.484+0000] {dagbag.py:539} INFO - Filling up the DagBag from /usr/local/lib/python3.8/dist-packages/airflow/example_dags/tutorial_dag.py
[2023-08-24T04:37:29.490+0000] {processor.py:839} INFO - DAG(s) dict_keys(['tutorial_dag']) retrieved from /usr/local/lib/python3.8/dist-packages/airflow/example_dags/tutorial_dag.py
[2023-08-24T04:37:29.505+0000] {logging_mixin.py:151} INFO - [2023-08-24T04:37:29.505+0000] {dag.py:2907} INFO - Sync 1 DAGs
[2023-08-24T04:37:29.516+0000] {logging_mixin.py:151} INFO - [2023-08-24T04:37:29.516+0000] {dag.py:3677} INFO - Setting next_dagrun for tutorial_dag to None, run_after=None
[2023-08-24T04:37:29.534+0000] {processor.py:179} INFO - Processing /usr/local/lib/python3.8/dist-packages/airflow/example_dags/tutorial_dag.py took 0.056 seconds
[2023-08-24T04:38:54.839+0000] {processor.py:157} INFO - Started process (PID=42978) to work on /usr/local/lib/python3.8/dist-packages/airflow/example_dags/tutorial_dag.py
[2023-08-24T04:38:54.841+0000] {processor.py:829} INFO - Processing file /usr/local/lib/python3.8/dist-packages/airflow/example_dags/tutorial_dag.py for tasks to queue
[2023-08-24T04:38:54.841+0000] {logging_mixin.py:151} INFO - [2023-08-24T04:38:54.841+0000] {dagbag.py:539} INFO - Filling up the DagBag from /usr/local/lib/python3.8/dist-packages/airflow/example_dags/tutorial_dag.py
[2023-08-24T04:38:54.847+0000] {processor.py:839} INFO - DAG(s) dict_keys(['tutorial_dag']) retrieved from /usr/local/lib/python3.8/dist-packages/airflow/example_dags/tutorial_dag.py
[2023-08-24T04:38:54.862+0000] {logging_mixin.py:151} INFO - [2023-08-24T04:38:54.862+0000] {dag.py:2907} INFO - Sync 1 DAGs
[2023-08-24T04:38:54.873+0000] {logging_mixin.py:151} INFO - [2023-08-24T04:38:54.873+0000] {dag.py:3677} INFO - Setting next_dagrun for tutorial_dag to None, run_after=None
[2023-08-24T04:38:54.890+0000] {processor.py:179} INFO - Processing /usr/local/lib/python3.8/dist-packages/airflow/example_dags/tutorial_dag.py took 0.055 seconds
[2023-08-24T04:39:57.381+0000] {processor.py:157} INFO - Started process (PID=43176) to work on /usr/local/lib/python3.8/dist-packages/airflow/example_dags/tutorial_dag.py
[2023-08-24T04:39:57.382+0000] {processor.py:829} INFO - Processing file /usr/local/lib/python3.8/dist-packages/airflow/example_dags/tutorial_dag.py for tasks to queue
[2023-08-24T04:39:57.383+0000] {logging_mixin.py:151} INFO - [2023-08-24T04:39:57.383+0000] {dagbag.py:539} INFO - Filling up the DagBag from /usr/local/lib/python3.8/dist-packages/airflow/example_dags/tutorial_dag.py
[2023-08-24T04:39:57.389+0000] {processor.py:839} INFO - DAG(s) dict_keys(['tutorial_dag']) retrieved from /usr/local/lib/python3.8/dist-packages/airflow/example_dags/tutorial_dag.py
[2023-08-24T04:39:57.405+0000] {logging_mixin.py:151} INFO - [2023-08-24T04:39:57.405+0000] {dag.py:2907} INFO - Sync 1 DAGs
[2023-08-24T04:39:57.416+0000] {logging_mixin.py:151} INFO - [2023-08-24T04:39:57.416+0000] {dag.py:3677} INFO - Setting next_dagrun for tutorial_dag to None, run_after=None
[2023-08-24T04:39:57.433+0000] {processor.py:179} INFO - Processing /usr/local/lib/python3.8/dist-packages/airflow/example_dags/tutorial_dag.py took 0.056 seconds
[2023-08-24T04:40:58.064+0000] {processor.py:157} INFO - Started process (PID=43360) to work on /usr/local/lib/python3.8/dist-packages/airflow/example_dags/tutorial_dag.py
[2023-08-24T04:40:58.066+0000] {processor.py:829} INFO - Processing file /usr/local/lib/python3.8/dist-packages/airflow/example_dags/tutorial_dag.py for tasks to queue
[2023-08-24T04:40:58.067+0000] {logging_mixin.py:151} INFO - [2023-08-24T04:40:58.066+0000] {dagbag.py:539} INFO - Filling up the DagBag from /usr/local/lib/python3.8/dist-packages/airflow/example_dags/tutorial_dag.py
[2023-08-24T04:40:58.072+0000] {processor.py:839} INFO - DAG(s) dict_keys(['tutorial_dag']) retrieved from /usr/local/lib/python3.8/dist-packages/airflow/example_dags/tutorial_dag.py
[2023-08-24T04:40:58.089+0000] {logging_mixin.py:151} INFO - [2023-08-24T04:40:58.089+0000] {dag.py:2907} INFO - Sync 1 DAGs
[2023-08-24T04:40:58.100+0000] {logging_mixin.py:151} INFO - [2023-08-24T04:40:58.100+0000] {dag.py:3677} INFO - Setting next_dagrun for tutorial_dag to None, run_after=None
[2023-08-24T04:40:58.118+0000] {processor.py:179} INFO - Processing /usr/local/lib/python3.8/dist-packages/airflow/example_dags/tutorial_dag.py took 0.057 seconds
[2023-08-24T04:41:58.260+0000] {processor.py:157} INFO - Started process (PID=43543) to work on /usr/local/lib/python3.8/dist-packages/airflow/example_dags/tutorial_dag.py
[2023-08-24T04:41:58.261+0000] {processor.py:829} INFO - Processing file /usr/local/lib/python3.8/dist-packages/airflow/example_dags/tutorial_dag.py for tasks to queue
[2023-08-24T04:41:58.262+0000] {logging_mixin.py:151} INFO - [2023-08-24T04:41:58.262+0000] {dagbag.py:539} INFO - Filling up the DagBag from /usr/local/lib/python3.8/dist-packages/airflow/example_dags/tutorial_dag.py
[2023-08-24T04:41:58.268+0000] {processor.py:839} INFO - DAG(s) dict_keys(['tutorial_dag']) retrieved from /usr/local/lib/python3.8/dist-packages/airflow/example_dags/tutorial_dag.py
[2023-08-24T04:41:58.283+0000] {logging_mixin.py:151} INFO - [2023-08-24T04:41:58.283+0000] {dag.py:2907} INFO - Sync 1 DAGs
[2023-08-24T04:41:58.294+0000] {logging_mixin.py:151} INFO - [2023-08-24T04:41:58.294+0000] {dag.py:3677} INFO - Setting next_dagrun for tutorial_dag to None, run_after=None
[2023-08-24T04:41:58.311+0000] {processor.py:179} INFO - Processing /usr/local/lib/python3.8/dist-packages/airflow/example_dags/tutorial_dag.py took 0.055 seconds
[2023-08-24T04:42:57.558+0000] {processor.py:157} INFO - Started process (PID=43733) to work on /usr/local/lib/python3.8/dist-packages/airflow/example_dags/tutorial_dag.py
[2023-08-24T04:42:57.560+0000] {processor.py:829} INFO - Processing file /usr/local/lib/python3.8/dist-packages/airflow/example_dags/tutorial_dag.py for tasks to queue
[2023-08-24T04:42:57.561+0000] {logging_mixin.py:151} INFO - [2023-08-24T04:42:57.561+0000] {dagbag.py:539} INFO - Filling up the DagBag from /usr/local/lib/python3.8/dist-packages/airflow/example_dags/tutorial_dag.py
[2023-08-24T04:42:57.566+0000] {processor.py:839} INFO - DAG(s) dict_keys(['tutorial_dag']) retrieved from /usr/local/lib/python3.8/dist-packages/airflow/example_dags/tutorial_dag.py
[2023-08-24T04:42:57.582+0000] {logging_mixin.py:151} INFO - [2023-08-24T04:42:57.582+0000] {dag.py:2907} INFO - Sync 1 DAGs
[2023-08-24T04:42:57.593+0000] {logging_mixin.py:151} INFO - [2023-08-24T04:42:57.593+0000] {dag.py:3677} INFO - Setting next_dagrun for tutorial_dag to None, run_after=None
[2023-08-24T04:42:57.611+0000] {processor.py:179} INFO - Processing /usr/local/lib/python3.8/dist-packages/airflow/example_dags/tutorial_dag.py took 0.056 seconds
[2023-08-24T04:44:00.013+0000] {processor.py:157} INFO - Started process (PID=43919) to work on /usr/local/lib/python3.8/dist-packages/airflow/example_dags/tutorial_dag.py
[2023-08-24T04:44:00.015+0000] {processor.py:829} INFO - Processing file /usr/local/lib/python3.8/dist-packages/airflow/example_dags/tutorial_dag.py for tasks to queue
[2023-08-24T04:44:00.016+0000] {logging_mixin.py:151} INFO - [2023-08-24T04:44:00.015+0000] {dagbag.py:539} INFO - Filling up the DagBag from /usr/local/lib/python3.8/dist-packages/airflow/example_dags/tutorial_dag.py
[2023-08-24T04:44:00.021+0000] {processor.py:839} INFO - DAG(s) dict_keys(['tutorial_dag']) retrieved from /usr/local/lib/python3.8/dist-packages/airflow/example_dags/tutorial_dag.py
[2023-08-24T04:44:00.037+0000] {logging_mixin.py:151} INFO - [2023-08-24T04:44:00.036+0000] {dag.py:2907} INFO - Sync 1 DAGs
[2023-08-24T04:44:00.047+0000] {logging_mixin.py:151} INFO - [2023-08-24T04:44:00.047+0000] {dag.py:3677} INFO - Setting next_dagrun for tutorial_dag to None, run_after=None
[2023-08-24T04:44:00.064+0000] {processor.py:179} INFO - Processing /usr/local/lib/python3.8/dist-packages/airflow/example_dags/tutorial_dag.py took 0.055 seconds
[2023-08-24T04:45:01.074+0000] {processor.py:157} INFO - Started process (PID=44104) to work on /usr/local/lib/python3.8/dist-packages/airflow/example_dags/tutorial_dag.py
[2023-08-24T04:45:01.077+0000] {processor.py:829} INFO - Processing file /usr/local/lib/python3.8/dist-packages/airflow/example_dags/tutorial_dag.py for tasks to queue
[2023-08-24T04:45:01.078+0000] {logging_mixin.py:151} INFO - [2023-08-24T04:45:01.078+0000] {dagbag.py:539} INFO - Filling up the DagBag from /usr/local/lib/python3.8/dist-packages/airflow/example_dags/tutorial_dag.py
[2023-08-24T04:45:01.083+0000] {processor.py:839} INFO - DAG(s) dict_keys(['tutorial_dag']) retrieved from /usr/local/lib/python3.8/dist-packages/airflow/example_dags/tutorial_dag.py
[2023-08-24T04:45:01.099+0000] {logging_mixin.py:151} INFO - [2023-08-24T04:45:01.099+0000] {dag.py:2907} INFO - Sync 1 DAGs
[2023-08-24T04:45:01.110+0000] {logging_mixin.py:151} INFO - [2023-08-24T04:45:01.110+0000] {dag.py:3677} INFO - Setting next_dagrun for tutorial_dag to None, run_after=None
[2023-08-24T04:45:01.128+0000] {processor.py:179} INFO - Processing /usr/local/lib/python3.8/dist-packages/airflow/example_dags/tutorial_dag.py took 0.057 seconds
[2023-08-24T04:46:02.553+0000] {processor.py:157} INFO - Started process (PID=44287) to work on /usr/local/lib/python3.8/dist-packages/airflow/example_dags/tutorial_dag.py
[2023-08-24T04:46:02.555+0000] {processor.py:829} INFO - Processing file /usr/local/lib/python3.8/dist-packages/airflow/example_dags/tutorial_dag.py for tasks to queue
[2023-08-24T04:46:02.556+0000] {logging_mixin.py:151} INFO - [2023-08-24T04:46:02.555+0000] {dagbag.py:539} INFO - Filling up the DagBag from /usr/local/lib/python3.8/dist-packages/airflow/example_dags/tutorial_dag.py
[2023-08-24T04:46:02.561+0000] {processor.py:839} INFO - DAG(s) dict_keys(['tutorial_dag']) retrieved from /usr/local/lib/python3.8/dist-packages/airflow/example_dags/tutorial_dag.py
[2023-08-24T04:46:02.579+0000] {logging_mixin.py:151} INFO - [2023-08-24T04:46:02.578+0000] {dag.py:2907} INFO - Sync 1 DAGs
[2023-08-24T04:46:02.590+0000] {logging_mixin.py:151} INFO - [2023-08-24T04:46:02.590+0000] {dag.py:3677} INFO - Setting next_dagrun for tutorial_dag to None, run_after=None
[2023-08-24T04:46:02.609+0000] {processor.py:179} INFO - Processing /usr/local/lib/python3.8/dist-packages/airflow/example_dags/tutorial_dag.py took 0.060 seconds
[2023-08-24T04:47:04.323+0000] {processor.py:157} INFO - Started process (PID=44470) to work on /usr/local/lib/python3.8/dist-packages/airflow/example_dags/tutorial_dag.py
[2023-08-24T04:47:04.324+0000] {processor.py:829} INFO - Processing file /usr/local/lib/python3.8/dist-packages/airflow/example_dags/tutorial_dag.py for tasks to queue
[2023-08-24T04:47:04.325+0000] {logging_mixin.py:151} INFO - [2023-08-24T04:47:04.325+0000] {dagbag.py:539} INFO - Filling up the DagBag from /usr/local/lib/python3.8/dist-packages/airflow/example_dags/tutorial_dag.py
[2023-08-24T04:47:04.331+0000] {processor.py:839} INFO - DAG(s) dict_keys(['tutorial_dag']) retrieved from /usr/local/lib/python3.8/dist-packages/airflow/example_dags/tutorial_dag.py
[2023-08-24T04:47:04.347+0000] {logging_mixin.py:151} INFO - [2023-08-24T04:47:04.347+0000] {dag.py:2907} INFO - Sync 1 DAGs
[2023-08-24T04:47:04.358+0000] {logging_mixin.py:151} INFO - [2023-08-24T04:47:04.358+0000] {dag.py:3677} INFO - Setting next_dagrun for tutorial_dag to None, run_after=None
[2023-08-24T04:47:04.377+0000] {processor.py:179} INFO - Processing /usr/local/lib/python3.8/dist-packages/airflow/example_dags/tutorial_dag.py took 0.058 seconds
[2023-08-24T04:48:06.637+0000] {processor.py:157} INFO - Started process (PID=44655) to work on /usr/local/lib/python3.8/dist-packages/airflow/example_dags/tutorial_dag.py
[2023-08-24T04:48:06.639+0000] {processor.py:829} INFO - Processing file /usr/local/lib/python3.8/dist-packages/airflow/example_dags/tutorial_dag.py for tasks to queue
[2023-08-24T04:48:06.640+0000] {logging_mixin.py:151} INFO - [2023-08-24T04:48:06.639+0000] {dagbag.py:539} INFO - Filling up the DagBag from /usr/local/lib/python3.8/dist-packages/airflow/example_dags/tutorial_dag.py
[2023-08-24T04:48:06.645+0000] {processor.py:839} INFO - DAG(s) dict_keys(['tutorial_dag']) retrieved from /usr/local/lib/python3.8/dist-packages/airflow/example_dags/tutorial_dag.py
[2023-08-24T04:48:06.662+0000] {logging_mixin.py:151} INFO - [2023-08-24T04:48:06.661+0000] {dag.py:2907} INFO - Sync 1 DAGs
[2023-08-24T04:48:06.673+0000] {logging_mixin.py:151} INFO - [2023-08-24T04:48:06.673+0000] {dag.py:3677} INFO - Setting next_dagrun for tutorial_dag to None, run_after=None
[2023-08-24T04:48:06.691+0000] {processor.py:179} INFO - Processing /usr/local/lib/python3.8/dist-packages/airflow/example_dags/tutorial_dag.py took 0.057 seconds
[2023-08-24T04:49:09.251+0000] {processor.py:157} INFO - Started process (PID=44838) to work on /usr/local/lib/python3.8/dist-packages/airflow/example_dags/tutorial_dag.py
[2023-08-24T04:49:09.254+0000] {processor.py:829} INFO - Processing file /usr/local/lib/python3.8/dist-packages/airflow/example_dags/tutorial_dag.py for tasks to queue
[2023-08-24T04:49:09.255+0000] {logging_mixin.py:151} INFO - [2023-08-24T04:49:09.255+0000] {dagbag.py:539} INFO - Filling up the DagBag from /usr/local/lib/python3.8/dist-packages/airflow/example_dags/tutorial_dag.py
[2023-08-24T04:49:09.261+0000] {processor.py:839} INFO - DAG(s) dict_keys(['tutorial_dag']) retrieved from /usr/local/lib/python3.8/dist-packages/airflow/example_dags/tutorial_dag.py
[2023-08-24T04:49:09.279+0000] {logging_mixin.py:151} INFO - [2023-08-24T04:49:09.279+0000] {dag.py:2907} INFO - Sync 1 DAGs
[2023-08-24T04:49:09.292+0000] {logging_mixin.py:151} INFO - [2023-08-24T04:49:09.292+0000] {dag.py:3677} INFO - Setting next_dagrun for tutorial_dag to None, run_after=None
[2023-08-24T04:49:09.311+0000] {processor.py:179} INFO - Processing /usr/local/lib/python3.8/dist-packages/airflow/example_dags/tutorial_dag.py took 0.064 seconds
[2023-08-24T04:50:10.232+0000] {processor.py:157} INFO - Started process (PID=45024) to work on /usr/local/lib/python3.8/dist-packages/airflow/example_dags/tutorial_dag.py
[2023-08-24T04:50:10.234+0000] {processor.py:829} INFO - Processing file /usr/local/lib/python3.8/dist-packages/airflow/example_dags/tutorial_dag.py for tasks to queue
[2023-08-24T04:50:10.234+0000] {logging_mixin.py:151} INFO - [2023-08-24T04:50:10.234+0000] {dagbag.py:539} INFO - Filling up the DagBag from /usr/local/lib/python3.8/dist-packages/airflow/example_dags/tutorial_dag.py
[2023-08-24T04:50:10.240+0000] {processor.py:839} INFO - DAG(s) dict_keys(['tutorial_dag']) retrieved from /usr/local/lib/python3.8/dist-packages/airflow/example_dags/tutorial_dag.py
[2023-08-24T04:50:10.256+0000] {logging_mixin.py:151} INFO - [2023-08-24T04:50:10.256+0000] {dag.py:2907} INFO - Sync 1 DAGs
[2023-08-24T04:50:10.267+0000] {logging_mixin.py:151} INFO - [2023-08-24T04:50:10.266+0000] {dag.py:3677} INFO - Setting next_dagrun for tutorial_dag to None, run_after=None
[2023-08-24T04:50:10.285+0000] {processor.py:179} INFO - Processing /usr/local/lib/python3.8/dist-packages/airflow/example_dags/tutorial_dag.py took 0.056 seconds
[2023-08-24T04:51:34.528+0000] {processor.py:157} INFO - Started process (PID=45233) to work on /usr/local/lib/python3.8/dist-packages/airflow/example_dags/tutorial_dag.py
[2023-08-24T04:51:34.530+0000] {processor.py:829} INFO - Processing file /usr/local/lib/python3.8/dist-packages/airflow/example_dags/tutorial_dag.py for tasks to queue
[2023-08-24T04:51:34.531+0000] {logging_mixin.py:151} INFO - [2023-08-24T04:51:34.530+0000] {dagbag.py:539} INFO - Filling up the DagBag from /usr/local/lib/python3.8/dist-packages/airflow/example_dags/tutorial_dag.py
[2023-08-24T04:51:34.536+0000] {processor.py:839} INFO - DAG(s) dict_keys(['tutorial_dag']) retrieved from /usr/local/lib/python3.8/dist-packages/airflow/example_dags/tutorial_dag.py
[2023-08-24T04:51:34.553+0000] {logging_mixin.py:151} INFO - [2023-08-24T04:51:34.553+0000] {dag.py:2907} INFO - Sync 1 DAGs
[2023-08-24T04:51:34.564+0000] {logging_mixin.py:151} INFO - [2023-08-24T04:51:34.564+0000] {dag.py:3677} INFO - Setting next_dagrun for tutorial_dag to None, run_after=None
[2023-08-24T04:51:34.583+0000] {processor.py:179} INFO - Processing /usr/local/lib/python3.8/dist-packages/airflow/example_dags/tutorial_dag.py took 0.059 seconds
[2023-08-24T04:52:36.744+0000] {processor.py:157} INFO - Started process (PID=45416) to work on /usr/local/lib/python3.8/dist-packages/airflow/example_dags/tutorial_dag.py
[2023-08-24T04:52:36.747+0000] {processor.py:829} INFO - Processing file /usr/local/lib/python3.8/dist-packages/airflow/example_dags/tutorial_dag.py for tasks to queue
[2023-08-24T04:52:36.748+0000] {logging_mixin.py:151} INFO - [2023-08-24T04:52:36.747+0000] {dagbag.py:539} INFO - Filling up the DagBag from /usr/local/lib/python3.8/dist-packages/airflow/example_dags/tutorial_dag.py
[2023-08-24T04:52:36.754+0000] {processor.py:839} INFO - DAG(s) dict_keys(['tutorial_dag']) retrieved from /usr/local/lib/python3.8/dist-packages/airflow/example_dags/tutorial_dag.py
[2023-08-24T04:52:36.772+0000] {logging_mixin.py:151} INFO - [2023-08-24T04:52:36.772+0000] {dag.py:2907} INFO - Sync 1 DAGs
[2023-08-24T04:52:36.783+0000] {logging_mixin.py:151} INFO - [2023-08-24T04:52:36.782+0000] {dag.py:3677} INFO - Setting next_dagrun for tutorial_dag to None, run_after=None
[2023-08-24T04:52:36.800+0000] {processor.py:179} INFO - Processing /usr/local/lib/python3.8/dist-packages/airflow/example_dags/tutorial_dag.py took 0.059 seconds
[2023-08-24T04:53:39.126+0000] {processor.py:157} INFO - Started process (PID=45605) to work on /usr/local/lib/python3.8/dist-packages/airflow/example_dags/tutorial_dag.py
[2023-08-24T04:53:39.128+0000] {processor.py:829} INFO - Processing file /usr/local/lib/python3.8/dist-packages/airflow/example_dags/tutorial_dag.py for tasks to queue
[2023-08-24T04:53:39.129+0000] {logging_mixin.py:151} INFO - [2023-08-24T04:53:39.128+0000] {dagbag.py:539} INFO - Filling up the DagBag from /usr/local/lib/python3.8/dist-packages/airflow/example_dags/tutorial_dag.py
[2023-08-24T04:53:39.134+0000] {processor.py:839} INFO - DAG(s) dict_keys(['tutorial_dag']) retrieved from /usr/local/lib/python3.8/dist-packages/airflow/example_dags/tutorial_dag.py
[2023-08-24T04:53:39.150+0000] {logging_mixin.py:151} INFO - [2023-08-24T04:53:39.150+0000] {dag.py:2907} INFO - Sync 1 DAGs
[2023-08-24T04:53:39.161+0000] {logging_mixin.py:151} INFO - [2023-08-24T04:53:39.161+0000] {dag.py:3677} INFO - Setting next_dagrun for tutorial_dag to None, run_after=None
[2023-08-24T04:53:39.179+0000] {processor.py:179} INFO - Processing /usr/local/lib/python3.8/dist-packages/airflow/example_dags/tutorial_dag.py took 0.057 seconds
[2023-08-24T04:54:39.547+0000] {processor.py:157} INFO - Started process (PID=45788) to work on /usr/local/lib/python3.8/dist-packages/airflow/example_dags/tutorial_dag.py
[2023-08-24T04:54:39.550+0000] {processor.py:829} INFO - Processing file /usr/local/lib/python3.8/dist-packages/airflow/example_dags/tutorial_dag.py for tasks to queue
[2023-08-24T04:54:39.551+0000] {logging_mixin.py:151} INFO - [2023-08-24T04:54:39.551+0000] {dagbag.py:539} INFO - Filling up the DagBag from /usr/local/lib/python3.8/dist-packages/airflow/example_dags/tutorial_dag.py
[2023-08-24T04:54:39.557+0000] {processor.py:839} INFO - DAG(s) dict_keys(['tutorial_dag']) retrieved from /usr/local/lib/python3.8/dist-packages/airflow/example_dags/tutorial_dag.py
[2023-08-24T04:54:39.573+0000] {logging_mixin.py:151} INFO - [2023-08-24T04:54:39.573+0000] {dag.py:2907} INFO - Sync 1 DAGs
[2023-08-24T04:54:39.584+0000] {logging_mixin.py:151} INFO - [2023-08-24T04:54:39.584+0000] {dag.py:3677} INFO - Setting next_dagrun for tutorial_dag to None, run_after=None
[2023-08-24T04:54:39.602+0000] {processor.py:179} INFO - Processing /usr/local/lib/python3.8/dist-packages/airflow/example_dags/tutorial_dag.py took 0.060 seconds
[2023-08-24T04:55:39.330+0000] {processor.py:157} INFO - Started process (PID=45971) to work on /usr/local/lib/python3.8/dist-packages/airflow/example_dags/tutorial_dag.py
[2023-08-24T04:55:39.332+0000] {processor.py:829} INFO - Processing file /usr/local/lib/python3.8/dist-packages/airflow/example_dags/tutorial_dag.py for tasks to queue
[2023-08-24T04:55:39.333+0000] {logging_mixin.py:151} INFO - [2023-08-24T04:55:39.333+0000] {dagbag.py:539} INFO - Filling up the DagBag from /usr/local/lib/python3.8/dist-packages/airflow/example_dags/tutorial_dag.py
[2023-08-24T04:55:39.338+0000] {processor.py:839} INFO - DAG(s) dict_keys(['tutorial_dag']) retrieved from /usr/local/lib/python3.8/dist-packages/airflow/example_dags/tutorial_dag.py
[2023-08-24T04:55:39.355+0000] {logging_mixin.py:151} INFO - [2023-08-24T04:55:39.355+0000] {dag.py:2907} INFO - Sync 1 DAGs
[2023-08-24T04:55:39.366+0000] {logging_mixin.py:151} INFO - [2023-08-24T04:55:39.366+0000] {dag.py:3677} INFO - Setting next_dagrun for tutorial_dag to None, run_after=None
[2023-08-24T04:55:39.385+0000] {processor.py:179} INFO - Processing /usr/local/lib/python3.8/dist-packages/airflow/example_dags/tutorial_dag.py took 0.058 seconds
[2023-08-24T04:56:44.210+0000] {processor.py:157} INFO - Started process (PID=46159) to work on /usr/local/lib/python3.8/dist-packages/airflow/example_dags/tutorial_dag.py
[2023-08-24T04:56:44.211+0000] {processor.py:829} INFO - Processing file /usr/local/lib/python3.8/dist-packages/airflow/example_dags/tutorial_dag.py for tasks to queue
[2023-08-24T04:56:44.212+0000] {logging_mixin.py:151} INFO - [2023-08-24T04:56:44.212+0000] {dagbag.py:539} INFO - Filling up the DagBag from /usr/local/lib/python3.8/dist-packages/airflow/example_dags/tutorial_dag.py
[2023-08-24T04:56:44.218+0000] {processor.py:839} INFO - DAG(s) dict_keys(['tutorial_dag']) retrieved from /usr/local/lib/python3.8/dist-packages/airflow/example_dags/tutorial_dag.py
[2023-08-24T04:56:44.234+0000] {logging_mixin.py:151} INFO - [2023-08-24T04:56:44.234+0000] {dag.py:2907} INFO - Sync 1 DAGs
[2023-08-24T04:56:44.245+0000] {logging_mixin.py:151} INFO - [2023-08-24T04:56:44.245+0000] {dag.py:3677} INFO - Setting next_dagrun for tutorial_dag to None, run_after=None
[2023-08-24T04:56:44.264+0000] {processor.py:179} INFO - Processing /usr/local/lib/python3.8/dist-packages/airflow/example_dags/tutorial_dag.py took 0.058 seconds
[2023-08-24T04:57:47.894+0000] {processor.py:157} INFO - Started process (PID=46355) to work on /usr/local/lib/python3.8/dist-packages/airflow/example_dags/tutorial_dag.py
[2023-08-24T04:57:47.896+0000] {processor.py:829} INFO - Processing file /usr/local/lib/python3.8/dist-packages/airflow/example_dags/tutorial_dag.py for tasks to queue
[2023-08-24T04:57:47.897+0000] {logging_mixin.py:151} INFO - [2023-08-24T04:57:47.897+0000] {dagbag.py:539} INFO - Filling up the DagBag from /usr/local/lib/python3.8/dist-packages/airflow/example_dags/tutorial_dag.py
[2023-08-24T04:57:47.903+0000] {processor.py:839} INFO - DAG(s) dict_keys(['tutorial_dag']) retrieved from /usr/local/lib/python3.8/dist-packages/airflow/example_dags/tutorial_dag.py
[2023-08-24T04:57:47.919+0000] {logging_mixin.py:151} INFO - [2023-08-24T04:57:47.919+0000] {dag.py:2907} INFO - Sync 1 DAGs
[2023-08-24T04:57:48.056+0000] {logging_mixin.py:151} INFO - [2023-08-24T04:57:48.056+0000] {dag.py:3677} INFO - Setting next_dagrun for tutorial_dag to None, run_after=None
[2023-08-24T04:57:48.073+0000] {processor.py:179} INFO - Processing /usr/local/lib/python3.8/dist-packages/airflow/example_dags/tutorial_dag.py took 0.182 seconds
[2023-08-24T04:58:50.206+0000] {processor.py:157} INFO - Started process (PID=46539) to work on /usr/local/lib/python3.8/dist-packages/airflow/example_dags/tutorial_dag.py
[2023-08-24T04:58:50.207+0000] {processor.py:829} INFO - Processing file /usr/local/lib/python3.8/dist-packages/airflow/example_dags/tutorial_dag.py for tasks to queue
[2023-08-24T04:58:50.208+0000] {logging_mixin.py:151} INFO - [2023-08-24T04:58:50.208+0000] {dagbag.py:539} INFO - Filling up the DagBag from /usr/local/lib/python3.8/dist-packages/airflow/example_dags/tutorial_dag.py
[2023-08-24T04:58:50.214+0000] {processor.py:839} INFO - DAG(s) dict_keys(['tutorial_dag']) retrieved from /usr/local/lib/python3.8/dist-packages/airflow/example_dags/tutorial_dag.py
[2023-08-24T04:58:50.230+0000] {logging_mixin.py:151} INFO - [2023-08-24T04:58:50.230+0000] {dag.py:2907} INFO - Sync 1 DAGs
[2023-08-24T04:58:50.241+0000] {logging_mixin.py:151} INFO - [2023-08-24T04:58:50.241+0000] {dag.py:3677} INFO - Setting next_dagrun for tutorial_dag to None, run_after=None
[2023-08-24T04:58:50.260+0000] {processor.py:179} INFO - Processing /usr/local/lib/python3.8/dist-packages/airflow/example_dags/tutorial_dag.py took 0.057 seconds
[2023-08-24T04:59:55.097+0000] {processor.py:157} INFO - Started process (PID=46722) to work on /usr/local/lib/python3.8/dist-packages/airflow/example_dags/tutorial_dag.py
[2023-08-24T04:59:55.099+0000] {processor.py:829} INFO - Processing file /usr/local/lib/python3.8/dist-packages/airflow/example_dags/tutorial_dag.py for tasks to queue
[2023-08-24T04:59:55.100+0000] {logging_mixin.py:151} INFO - [2023-08-24T04:59:55.100+0000] {dagbag.py:539} INFO - Filling up the DagBag from /usr/local/lib/python3.8/dist-packages/airflow/example_dags/tutorial_dag.py
[2023-08-24T04:59:55.105+0000] {processor.py:839} INFO - DAG(s) dict_keys(['tutorial_dag']) retrieved from /usr/local/lib/python3.8/dist-packages/airflow/example_dags/tutorial_dag.py
[2023-08-24T04:59:55.122+0000] {logging_mixin.py:151} INFO - [2023-08-24T04:59:55.122+0000] {dag.py:2907} INFO - Sync 1 DAGs
[2023-08-24T04:59:55.133+0000] {logging_mixin.py:151} INFO - [2023-08-24T04:59:55.133+0000] {dag.py:3677} INFO - Setting next_dagrun for tutorial_dag to None, run_after=None
[2023-08-24T04:59:55.150+0000] {processor.py:179} INFO - Processing /usr/local/lib/python3.8/dist-packages/airflow/example_dags/tutorial_dag.py took 0.056 seconds
[2023-08-24T05:00:54.175+0000] {processor.py:157} INFO - Started process (PID=46907) to work on /usr/local/lib/python3.8/dist-packages/airflow/example_dags/tutorial_dag.py
[2023-08-24T05:00:54.177+0000] {processor.py:829} INFO - Processing file /usr/local/lib/python3.8/dist-packages/airflow/example_dags/tutorial_dag.py for tasks to queue
[2023-08-24T05:00:54.178+0000] {logging_mixin.py:151} INFO - [2023-08-24T05:00:54.177+0000] {dagbag.py:539} INFO - Filling up the DagBag from /usr/local/lib/python3.8/dist-packages/airflow/example_dags/tutorial_dag.py
[2023-08-24T05:00:54.183+0000] {processor.py:839} INFO - DAG(s) dict_keys(['tutorial_dag']) retrieved from /usr/local/lib/python3.8/dist-packages/airflow/example_dags/tutorial_dag.py
[2023-08-24T05:00:54.200+0000] {logging_mixin.py:151} INFO - [2023-08-24T05:00:54.199+0000] {dag.py:2907} INFO - Sync 1 DAGs
[2023-08-24T05:00:54.210+0000] {logging_mixin.py:151} INFO - [2023-08-24T05:00:54.210+0000] {dag.py:3677} INFO - Setting next_dagrun for tutorial_dag to None, run_after=None
[2023-08-24T05:00:54.228+0000] {processor.py:179} INFO - Processing /usr/local/lib/python3.8/dist-packages/airflow/example_dags/tutorial_dag.py took 0.056 seconds
[2023-08-24T05:01:53.287+0000] {processor.py:157} INFO - Started process (PID=47105) to work on /usr/local/lib/python3.8/dist-packages/airflow/example_dags/tutorial_dag.py
[2023-08-24T05:01:53.289+0000] {processor.py:829} INFO - Processing file /usr/local/lib/python3.8/dist-packages/airflow/example_dags/tutorial_dag.py for tasks to queue
[2023-08-24T05:01:53.289+0000] {logging_mixin.py:151} INFO - [2023-08-24T05:01:53.289+0000] {dagbag.py:539} INFO - Filling up the DagBag from /usr/local/lib/python3.8/dist-packages/airflow/example_dags/tutorial_dag.py
[2023-08-24T05:01:53.295+0000] {processor.py:839} INFO - DAG(s) dict_keys(['tutorial_dag']) retrieved from /usr/local/lib/python3.8/dist-packages/airflow/example_dags/tutorial_dag.py
[2023-08-24T05:01:53.315+0000] {logging_mixin.py:151} INFO - [2023-08-24T05:01:53.315+0000] {dag.py:2907} INFO - Sync 1 DAGs
[2023-08-24T05:01:53.326+0000] {logging_mixin.py:151} INFO - [2023-08-24T05:01:53.326+0000] {dag.py:3677} INFO - Setting next_dagrun for tutorial_dag to None, run_after=None
[2023-08-24T05:01:53.344+0000] {processor.py:179} INFO - Processing /usr/local/lib/python3.8/dist-packages/airflow/example_dags/tutorial_dag.py took 0.061 seconds
[2023-08-24T05:02:53.261+0000] {processor.py:157} INFO - Started process (PID=47289) to work on /usr/local/lib/python3.8/dist-packages/airflow/example_dags/tutorial_dag.py
[2023-08-24T05:02:53.263+0000] {processor.py:829} INFO - Processing file /usr/local/lib/python3.8/dist-packages/airflow/example_dags/tutorial_dag.py for tasks to queue
[2023-08-24T05:02:53.264+0000] {logging_mixin.py:151} INFO - [2023-08-24T05:02:53.263+0000] {dagbag.py:539} INFO - Filling up the DagBag from /usr/local/lib/python3.8/dist-packages/airflow/example_dags/tutorial_dag.py
[2023-08-24T05:02:53.269+0000] {processor.py:839} INFO - DAG(s) dict_keys(['tutorial_dag']) retrieved from /usr/local/lib/python3.8/dist-packages/airflow/example_dags/tutorial_dag.py
[2023-08-24T05:02:53.286+0000] {logging_mixin.py:151} INFO - [2023-08-24T05:02:53.286+0000] {dag.py:2907} INFO - Sync 1 DAGs
[2023-08-24T05:02:53.297+0000] {logging_mixin.py:151} INFO - [2023-08-24T05:02:53.297+0000] {dag.py:3677} INFO - Setting next_dagrun for tutorial_dag to None, run_after=None
[2023-08-24T05:02:53.315+0000] {processor.py:179} INFO - Processing /usr/local/lib/python3.8/dist-packages/airflow/example_dags/tutorial_dag.py took 0.058 seconds
[2023-08-24T05:03:54.066+0000] {processor.py:157} INFO - Started process (PID=47478) to work on /usr/local/lib/python3.8/dist-packages/airflow/example_dags/tutorial_dag.py
[2023-08-24T05:03:54.068+0000] {processor.py:829} INFO - Processing file /usr/local/lib/python3.8/dist-packages/airflow/example_dags/tutorial_dag.py for tasks to queue
[2023-08-24T05:03:54.069+0000] {logging_mixin.py:151} INFO - [2023-08-24T05:03:54.068+0000] {dagbag.py:539} INFO - Filling up the DagBag from /usr/local/lib/python3.8/dist-packages/airflow/example_dags/tutorial_dag.py
[2023-08-24T05:03:54.074+0000] {processor.py:839} INFO - DAG(s) dict_keys(['tutorial_dag']) retrieved from /usr/local/lib/python3.8/dist-packages/airflow/example_dags/tutorial_dag.py
[2023-08-24T05:03:54.090+0000] {logging_mixin.py:151} INFO - [2023-08-24T05:03:54.090+0000] {dag.py:2907} INFO - Sync 1 DAGs
[2023-08-24T05:03:54.101+0000] {logging_mixin.py:151} INFO - [2023-08-24T05:03:54.101+0000] {dag.py:3677} INFO - Setting next_dagrun for tutorial_dag to None, run_after=None
[2023-08-24T05:03:54.118+0000] {processor.py:179} INFO - Processing /usr/local/lib/python3.8/dist-packages/airflow/example_dags/tutorial_dag.py took 0.055 seconds
[2023-08-24T05:04:52.677+0000] {processor.py:157} INFO - Started process (PID=47660) to work on /usr/local/lib/python3.8/dist-packages/airflow/example_dags/tutorial_dag.py
[2023-08-24T05:04:52.678+0000] {processor.py:829} INFO - Processing file /usr/local/lib/python3.8/dist-packages/airflow/example_dags/tutorial_dag.py for tasks to queue
[2023-08-24T05:04:52.679+0000] {logging_mixin.py:151} INFO - [2023-08-24T05:04:52.679+0000] {dagbag.py:539} INFO - Filling up the DagBag from /usr/local/lib/python3.8/dist-packages/airflow/example_dags/tutorial_dag.py
[2023-08-24T05:04:52.685+0000] {processor.py:839} INFO - DAG(s) dict_keys(['tutorial_dag']) retrieved from /usr/local/lib/python3.8/dist-packages/airflow/example_dags/tutorial_dag.py
[2023-08-24T05:04:52.701+0000] {logging_mixin.py:151} INFO - [2023-08-24T05:04:52.701+0000] {dag.py:2907} INFO - Sync 1 DAGs
[2023-08-24T05:04:52.712+0000] {logging_mixin.py:151} INFO - [2023-08-24T05:04:52.711+0000] {dag.py:3677} INFO - Setting next_dagrun for tutorial_dag to None, run_after=None
[2023-08-24T05:04:52.729+0000] {processor.py:179} INFO - Processing /usr/local/lib/python3.8/dist-packages/airflow/example_dags/tutorial_dag.py took 0.055 seconds
[2023-08-24T05:05:51.666+0000] {processor.py:157} INFO - Started process (PID=47856) to work on /usr/local/lib/python3.8/dist-packages/airflow/example_dags/tutorial_dag.py
[2023-08-24T05:05:51.670+0000] {processor.py:829} INFO - Processing file /usr/local/lib/python3.8/dist-packages/airflow/example_dags/tutorial_dag.py for tasks to queue
[2023-08-24T05:05:51.671+0000] {logging_mixin.py:151} INFO - [2023-08-24T05:05:51.670+0000] {dagbag.py:539} INFO - Filling up the DagBag from /usr/local/lib/python3.8/dist-packages/airflow/example_dags/tutorial_dag.py
[2023-08-24T05:05:51.676+0000] {processor.py:839} INFO - DAG(s) dict_keys(['tutorial_dag']) retrieved from /usr/local/lib/python3.8/dist-packages/airflow/example_dags/tutorial_dag.py
[2023-08-24T05:05:51.693+0000] {logging_mixin.py:151} INFO - [2023-08-24T05:05:51.692+0000] {dag.py:2907} INFO - Sync 1 DAGs
[2023-08-24T05:05:51.703+0000] {logging_mixin.py:151} INFO - [2023-08-24T05:05:51.703+0000] {dag.py:3677} INFO - Setting next_dagrun for tutorial_dag to None, run_after=None
[2023-08-24T05:05:51.720+0000] {processor.py:179} INFO - Processing /usr/local/lib/python3.8/dist-packages/airflow/example_dags/tutorial_dag.py took 0.058 seconds
[2023-08-24T05:06:49.215+0000] {processor.py:157} INFO - Started process (PID=48053) to work on /usr/local/lib/python3.8/dist-packages/airflow/example_dags/tutorial_dag.py
[2023-08-24T05:06:49.216+0000] {processor.py:829} INFO - Processing file /usr/local/lib/python3.8/dist-packages/airflow/example_dags/tutorial_dag.py for tasks to queue
[2023-08-24T05:06:49.217+0000] {logging_mixin.py:151} INFO - [2023-08-24T05:06:49.217+0000] {dagbag.py:539} INFO - Filling up the DagBag from /usr/local/lib/python3.8/dist-packages/airflow/example_dags/tutorial_dag.py
[2023-08-24T05:06:49.222+0000] {processor.py:839} INFO - DAG(s) dict_keys(['tutorial_dag']) retrieved from /usr/local/lib/python3.8/dist-packages/airflow/example_dags/tutorial_dag.py
[2023-08-24T05:06:49.239+0000] {logging_mixin.py:151} INFO - [2023-08-24T05:06:49.238+0000] {dag.py:2907} INFO - Sync 1 DAGs
[2023-08-24T05:06:49.250+0000] {logging_mixin.py:151} INFO - [2023-08-24T05:06:49.250+0000] {dag.py:3677} INFO - Setting next_dagrun for tutorial_dag to None, run_after=None
[2023-08-24T05:06:49.267+0000] {processor.py:179} INFO - Processing /usr/local/lib/python3.8/dist-packages/airflow/example_dags/tutorial_dag.py took 0.056 seconds
[2023-08-24T05:07:49.102+0000] {processor.py:157} INFO - Started process (PID=48239) to work on /usr/local/lib/python3.8/dist-packages/airflow/example_dags/tutorial_dag.py
[2023-08-24T05:07:49.104+0000] {processor.py:829} INFO - Processing file /usr/local/lib/python3.8/dist-packages/airflow/example_dags/tutorial_dag.py for tasks to queue
[2023-08-24T05:07:49.105+0000] {logging_mixin.py:151} INFO - [2023-08-24T05:07:49.105+0000] {dagbag.py:539} INFO - Filling up the DagBag from /usr/local/lib/python3.8/dist-packages/airflow/example_dags/tutorial_dag.py
[2023-08-24T05:07:49.111+0000] {processor.py:839} INFO - DAG(s) dict_keys(['tutorial_dag']) retrieved from /usr/local/lib/python3.8/dist-packages/airflow/example_dags/tutorial_dag.py
[2023-08-24T05:07:49.130+0000] {logging_mixin.py:151} INFO - [2023-08-24T05:07:49.129+0000] {dag.py:2907} INFO - Sync 1 DAGs
[2023-08-24T05:07:49.141+0000] {logging_mixin.py:151} INFO - [2023-08-24T05:07:49.141+0000] {dag.py:3677} INFO - Setting next_dagrun for tutorial_dag to None, run_after=None
[2023-08-24T05:07:49.160+0000] {processor.py:179} INFO - Processing /usr/local/lib/python3.8/dist-packages/airflow/example_dags/tutorial_dag.py took 0.062 seconds
[2023-08-24T05:08:50.074+0000] {processor.py:157} INFO - Started process (PID=48422) to work on /usr/local/lib/python3.8/dist-packages/airflow/example_dags/tutorial_dag.py
[2023-08-24T05:08:50.076+0000] {processor.py:829} INFO - Processing file /usr/local/lib/python3.8/dist-packages/airflow/example_dags/tutorial_dag.py for tasks to queue
[2023-08-24T05:08:50.077+0000] {logging_mixin.py:151} INFO - [2023-08-24T05:08:50.076+0000] {dagbag.py:539} INFO - Filling up the DagBag from /usr/local/lib/python3.8/dist-packages/airflow/example_dags/tutorial_dag.py
[2023-08-24T05:08:50.082+0000] {processor.py:839} INFO - DAG(s) dict_keys(['tutorial_dag']) retrieved from /usr/local/lib/python3.8/dist-packages/airflow/example_dags/tutorial_dag.py
[2023-08-24T05:08:50.100+0000] {logging_mixin.py:151} INFO - [2023-08-24T05:08:50.099+0000] {dag.py:2907} INFO - Sync 1 DAGs
[2023-08-24T05:08:50.111+0000] {logging_mixin.py:151} INFO - [2023-08-24T05:08:50.111+0000] {dag.py:3677} INFO - Setting next_dagrun for tutorial_dag to None, run_after=None
[2023-08-24T05:08:50.131+0000] {processor.py:179} INFO - Processing /usr/local/lib/python3.8/dist-packages/airflow/example_dags/tutorial_dag.py took 0.061 seconds
[2023-08-24T05:09:49.202+0000] {processor.py:157} INFO - Started process (PID=48618) to work on /usr/local/lib/python3.8/dist-packages/airflow/example_dags/tutorial_dag.py
[2023-08-24T05:09:49.203+0000] {processor.py:829} INFO - Processing file /usr/local/lib/python3.8/dist-packages/airflow/example_dags/tutorial_dag.py for tasks to queue
[2023-08-24T05:09:49.204+0000] {logging_mixin.py:151} INFO - [2023-08-24T05:09:49.204+0000] {dagbag.py:539} INFO - Filling up the DagBag from /usr/local/lib/python3.8/dist-packages/airflow/example_dags/tutorial_dag.py
[2023-08-24T05:09:49.214+0000] {processor.py:839} INFO - DAG(s) dict_keys(['tutorial_dag']) retrieved from /usr/local/lib/python3.8/dist-packages/airflow/example_dags/tutorial_dag.py
[2023-08-24T05:09:49.231+0000] {logging_mixin.py:151} INFO - [2023-08-24T05:09:49.231+0000] {dag.py:2907} INFO - Sync 1 DAGs
[2023-08-24T05:09:49.242+0000] {logging_mixin.py:151} INFO - [2023-08-24T05:09:49.242+0000] {dag.py:3677} INFO - Setting next_dagrun for tutorial_dag to None, run_after=None
[2023-08-24T05:09:49.261+0000] {processor.py:179} INFO - Processing /usr/local/lib/python3.8/dist-packages/airflow/example_dags/tutorial_dag.py took 0.063 seconds
[2023-08-24T05:10:45.721+0000] {processor.py:157} INFO - Started process (PID=48799) to work on /usr/local/lib/python3.8/dist-packages/airflow/example_dags/tutorial_dag.py
[2023-08-24T05:10:45.723+0000] {processor.py:829} INFO - Processing file /usr/local/lib/python3.8/dist-packages/airflow/example_dags/tutorial_dag.py for tasks to queue
[2023-08-24T05:10:45.724+0000] {logging_mixin.py:151} INFO - [2023-08-24T05:10:45.723+0000] {dagbag.py:539} INFO - Filling up the DagBag from /usr/local/lib/python3.8/dist-packages/airflow/example_dags/tutorial_dag.py
[2023-08-24T05:10:45.729+0000] {processor.py:839} INFO - DAG(s) dict_keys(['tutorial_dag']) retrieved from /usr/local/lib/python3.8/dist-packages/airflow/example_dags/tutorial_dag.py
[2023-08-24T05:10:45.747+0000] {logging_mixin.py:151} INFO - [2023-08-24T05:10:45.746+0000] {dag.py:2907} INFO - Sync 1 DAGs
[2023-08-24T05:10:45.758+0000] {logging_mixin.py:151} INFO - [2023-08-24T05:10:45.758+0000] {dag.py:3677} INFO - Setting next_dagrun for tutorial_dag to None, run_after=None
[2023-08-24T05:10:45.777+0000] {processor.py:179} INFO - Processing /usr/local/lib/python3.8/dist-packages/airflow/example_dags/tutorial_dag.py took 0.060 seconds
[2023-08-24T05:12:02.579+0000] {processor.py:157} INFO - Started process (PID=48955) to work on /usr/local/lib/python3.8/dist-packages/airflow/example_dags/tutorial_dag.py
[2023-08-24T05:12:02.581+0000] {processor.py:829} INFO - Processing file /usr/local/lib/python3.8/dist-packages/airflow/example_dags/tutorial_dag.py for tasks to queue
[2023-08-24T05:12:02.582+0000] {logging_mixin.py:151} INFO - [2023-08-24T05:12:02.581+0000] {dagbag.py:539} INFO - Filling up the DagBag from /usr/local/lib/python3.8/dist-packages/airflow/example_dags/tutorial_dag.py
[2023-08-24T05:12:02.587+0000] {processor.py:839} INFO - DAG(s) dict_keys(['tutorial_dag']) retrieved from /usr/local/lib/python3.8/dist-packages/airflow/example_dags/tutorial_dag.py
[2023-08-24T05:12:02.604+0000] {logging_mixin.py:151} INFO - [2023-08-24T05:12:02.604+0000] {dag.py:2907} INFO - Sync 1 DAGs
[2023-08-24T05:12:02.615+0000] {logging_mixin.py:151} INFO - [2023-08-24T05:12:02.615+0000] {dag.py:3677} INFO - Setting next_dagrun for tutorial_dag to None, run_after=None
[2023-08-24T05:12:02.633+0000] {processor.py:179} INFO - Processing /usr/local/lib/python3.8/dist-packages/airflow/example_dags/tutorial_dag.py took 0.057 seconds
[2023-08-24T05:13:05.121+0000] {processor.py:157} INFO - Started process (PID=49152) to work on /usr/local/lib/python3.8/dist-packages/airflow/example_dags/tutorial_dag.py
[2023-08-24T05:13:05.123+0000] {processor.py:829} INFO - Processing file /usr/local/lib/python3.8/dist-packages/airflow/example_dags/tutorial_dag.py for tasks to queue
[2023-08-24T05:13:05.124+0000] {logging_mixin.py:151} INFO - [2023-08-24T05:13:05.124+0000] {dagbag.py:539} INFO - Filling up the DagBag from /usr/local/lib/python3.8/dist-packages/airflow/example_dags/tutorial_dag.py
[2023-08-24T05:13:05.130+0000] {processor.py:839} INFO - DAG(s) dict_keys(['tutorial_dag']) retrieved from /usr/local/lib/python3.8/dist-packages/airflow/example_dags/tutorial_dag.py
[2023-08-24T05:13:05.146+0000] {logging_mixin.py:151} INFO - [2023-08-24T05:13:05.146+0000] {dag.py:2907} INFO - Sync 1 DAGs
[2023-08-24T05:13:05.157+0000] {logging_mixin.py:151} INFO - [2023-08-24T05:13:05.157+0000] {dag.py:3677} INFO - Setting next_dagrun for tutorial_dag to None, run_after=None
[2023-08-24T05:13:05.174+0000] {processor.py:179} INFO - Processing /usr/local/lib/python3.8/dist-packages/airflow/example_dags/tutorial_dag.py took 0.056 seconds
