[2023-08-24T04:22:10.980+0000] {processor.py:157} INFO - Started process (PID=37611) to work on /usr/local/lib/python3.8/dist-packages/airflow/example_dags/tutorial_taskflow_api.py
[2023-08-24T04:22:10.981+0000] {processor.py:829} INFO - Processing file /usr/local/lib/python3.8/dist-packages/airflow/example_dags/tutorial_taskflow_api.py for tasks to queue
[2023-08-24T04:22:10.982+0000] {logging_mixin.py:151} INFO - [2023-08-24T04:22:10.982+0000] {dagbag.py:539} INFO - Filling up the DagBag from /usr/local/lib/python3.8/dist-packages/airflow/example_dags/tutorial_taskflow_api.py
[2023-08-24T04:22:10.989+0000] {processor.py:839} INFO - DAG(s) dict_keys(['tutorial_taskflow_api']) retrieved from /usr/local/lib/python3.8/dist-packages/airflow/example_dags/tutorial_taskflow_api.py
[2023-08-24T04:22:11.009+0000] {logging_mixin.py:151} INFO - [2023-08-24T04:22:11.008+0000] {dag.py:2907} INFO - Sync 1 DAGs
[2023-08-24T04:22:11.020+0000] {logging_mixin.py:151} INFO - [2023-08-24T04:22:11.020+0000] {dag.py:3677} INFO - Setting next_dagrun for tutorial_taskflow_api to None, run_after=None
[2023-08-24T04:22:11.038+0000] {processor.py:179} INFO - Processing /usr/local/lib/python3.8/dist-packages/airflow/example_dags/tutorial_taskflow_api.py took 0.062 seconds
[2023-08-24T04:31:25.103+0000] {processor.py:157} INFO - Started process (PID=41486) to work on /usr/local/lib/python3.8/dist-packages/airflow/example_dags/tutorial_taskflow_api.py
[2023-08-24T04:31:25.105+0000] {processor.py:829} INFO - Processing file /usr/local/lib/python3.8/dist-packages/airflow/example_dags/tutorial_taskflow_api.py for tasks to queue
[2023-08-24T04:31:25.106+0000] {logging_mixin.py:151} INFO - [2023-08-24T04:31:25.105+0000] {dagbag.py:539} INFO - Filling up the DagBag from /usr/local/lib/python3.8/dist-packages/airflow/example_dags/tutorial_taskflow_api.py
[2023-08-24T04:31:25.112+0000] {processor.py:839} INFO - DAG(s) dict_keys(['tutorial_taskflow_api']) retrieved from /usr/local/lib/python3.8/dist-packages/airflow/example_dags/tutorial_taskflow_api.py
[2023-08-24T04:31:25.131+0000] {logging_mixin.py:151} INFO - [2023-08-24T04:31:25.131+0000] {dag.py:2907} INFO - Sync 1 DAGs
[2023-08-24T04:31:25.142+0000] {logging_mixin.py:151} INFO - [2023-08-24T04:31:25.142+0000] {dag.py:3677} INFO - Setting next_dagrun for tutorial_taskflow_api to None, run_after=None
[2023-08-24T04:31:25.160+0000] {processor.py:179} INFO - Processing /usr/local/lib/python3.8/dist-packages/airflow/example_dags/tutorial_taskflow_api.py took 0.060 seconds
[2023-08-24T04:32:25.998+0000] {processor.py:157} INFO - Started process (PID=41684) to work on /usr/local/lib/python3.8/dist-packages/airflow/example_dags/tutorial_taskflow_api.py
[2023-08-24T04:32:25.999+0000] {processor.py:829} INFO - Processing file /usr/local/lib/python3.8/dist-packages/airflow/example_dags/tutorial_taskflow_api.py for tasks to queue
[2023-08-24T04:32:26.000+0000] {logging_mixin.py:151} INFO - [2023-08-24T04:32:26.000+0000] {dagbag.py:539} INFO - Filling up the DagBag from /usr/local/lib/python3.8/dist-packages/airflow/example_dags/tutorial_taskflow_api.py
[2023-08-24T04:32:26.007+0000] {processor.py:839} INFO - DAG(s) dict_keys(['tutorial_taskflow_api']) retrieved from /usr/local/lib/python3.8/dist-packages/airflow/example_dags/tutorial_taskflow_api.py
[2023-08-24T04:32:26.022+0000] {logging_mixin.py:151} INFO - [2023-08-24T04:32:26.022+0000] {dag.py:2907} INFO - Sync 1 DAGs
[2023-08-24T04:32:26.032+0000] {logging_mixin.py:151} INFO - [2023-08-24T04:32:26.032+0000] {dag.py:3677} INFO - Setting next_dagrun for tutorial_taskflow_api to None, run_after=None
[2023-08-24T04:32:26.050+0000] {processor.py:179} INFO - Processing /usr/local/lib/python3.8/dist-packages/airflow/example_dags/tutorial_taskflow_api.py took 0.056 seconds
[2023-08-24T04:33:25.006+0000] {processor.py:157} INFO - Started process (PID=41875) to work on /usr/local/lib/python3.8/dist-packages/airflow/example_dags/tutorial_taskflow_api.py
[2023-08-24T04:33:25.007+0000] {processor.py:829} INFO - Processing file /usr/local/lib/python3.8/dist-packages/airflow/example_dags/tutorial_taskflow_api.py for tasks to queue
[2023-08-24T04:33:25.008+0000] {logging_mixin.py:151} INFO - [2023-08-24T04:33:25.008+0000] {dagbag.py:539} INFO - Filling up the DagBag from /usr/local/lib/python3.8/dist-packages/airflow/example_dags/tutorial_taskflow_api.py
[2023-08-24T04:33:25.015+0000] {processor.py:839} INFO - DAG(s) dict_keys(['tutorial_taskflow_api']) retrieved from /usr/local/lib/python3.8/dist-packages/airflow/example_dags/tutorial_taskflow_api.py
[2023-08-24T04:33:25.030+0000] {logging_mixin.py:151} INFO - [2023-08-24T04:33:25.030+0000] {dag.py:2907} INFO - Sync 1 DAGs
[2023-08-24T04:33:25.040+0000] {logging_mixin.py:151} INFO - [2023-08-24T04:33:25.040+0000] {dag.py:3677} INFO - Setting next_dagrun for tutorial_taskflow_api to None, run_after=None
[2023-08-24T04:33:25.058+0000] {processor.py:179} INFO - Processing /usr/local/lib/python3.8/dist-packages/airflow/example_dags/tutorial_taskflow_api.py took 0.056 seconds
[2023-08-24T04:34:24.110+0000] {processor.py:157} INFO - Started process (PID=42058) to work on /usr/local/lib/python3.8/dist-packages/airflow/example_dags/tutorial_taskflow_api.py
[2023-08-24T04:34:24.111+0000] {processor.py:829} INFO - Processing file /usr/local/lib/python3.8/dist-packages/airflow/example_dags/tutorial_taskflow_api.py for tasks to queue
[2023-08-24T04:34:24.112+0000] {logging_mixin.py:151} INFO - [2023-08-24T04:34:24.112+0000] {dagbag.py:539} INFO - Filling up the DagBag from /usr/local/lib/python3.8/dist-packages/airflow/example_dags/tutorial_taskflow_api.py
[2023-08-24T04:34:24.118+0000] {processor.py:839} INFO - DAG(s) dict_keys(['tutorial_taskflow_api']) retrieved from /usr/local/lib/python3.8/dist-packages/airflow/example_dags/tutorial_taskflow_api.py
[2023-08-24T04:34:24.134+0000] {logging_mixin.py:151} INFO - [2023-08-24T04:34:24.134+0000] {dag.py:2907} INFO - Sync 1 DAGs
[2023-08-24T04:34:24.144+0000] {logging_mixin.py:151} INFO - [2023-08-24T04:34:24.144+0000] {dag.py:3677} INFO - Setting next_dagrun for tutorial_taskflow_api to None, run_after=None
[2023-08-24T04:34:24.162+0000] {processor.py:179} INFO - Processing /usr/local/lib/python3.8/dist-packages/airflow/example_dags/tutorial_taskflow_api.py took 0.056 seconds
[2023-08-24T04:35:24.135+0000] {processor.py:157} INFO - Started process (PID=42254) to work on /usr/local/lib/python3.8/dist-packages/airflow/example_dags/tutorial_taskflow_api.py
[2023-08-24T04:35:24.136+0000] {processor.py:829} INFO - Processing file /usr/local/lib/python3.8/dist-packages/airflow/example_dags/tutorial_taskflow_api.py for tasks to queue
[2023-08-24T04:35:24.137+0000] {logging_mixin.py:151} INFO - [2023-08-24T04:35:24.137+0000] {dagbag.py:539} INFO - Filling up the DagBag from /usr/local/lib/python3.8/dist-packages/airflow/example_dags/tutorial_taskflow_api.py
[2023-08-24T04:35:24.144+0000] {processor.py:839} INFO - DAG(s) dict_keys(['tutorial_taskflow_api']) retrieved from /usr/local/lib/python3.8/dist-packages/airflow/example_dags/tutorial_taskflow_api.py
[2023-08-24T04:35:24.160+0000] {logging_mixin.py:151} INFO - [2023-08-24T04:35:24.160+0000] {dag.py:2907} INFO - Sync 1 DAGs
[2023-08-24T04:35:24.171+0000] {logging_mixin.py:151} INFO - [2023-08-24T04:35:24.171+0000] {dag.py:3677} INFO - Setting next_dagrun for tutorial_taskflow_api to None, run_after=None
[2023-08-24T04:35:24.189+0000] {processor.py:179} INFO - Processing /usr/local/lib/python3.8/dist-packages/airflow/example_dags/tutorial_taskflow_api.py took 0.058 seconds
[2023-08-24T04:36:22.408+0000] {processor.py:157} INFO - Started process (PID=42450) to work on /usr/local/lib/python3.8/dist-packages/airflow/example_dags/tutorial_taskflow_api.py
[2023-08-24T04:36:22.411+0000] {processor.py:829} INFO - Processing file /usr/local/lib/python3.8/dist-packages/airflow/example_dags/tutorial_taskflow_api.py for tasks to queue
[2023-08-24T04:36:22.412+0000] {logging_mixin.py:151} INFO - [2023-08-24T04:36:22.412+0000] {dagbag.py:539} INFO - Filling up the DagBag from /usr/local/lib/python3.8/dist-packages/airflow/example_dags/tutorial_taskflow_api.py
[2023-08-24T04:36:22.419+0000] {processor.py:839} INFO - DAG(s) dict_keys(['tutorial_taskflow_api']) retrieved from /usr/local/lib/python3.8/dist-packages/airflow/example_dags/tutorial_taskflow_api.py
[2023-08-24T04:36:22.435+0000] {logging_mixin.py:151} INFO - [2023-08-24T04:36:22.435+0000] {dag.py:2907} INFO - Sync 1 DAGs
[2023-08-24T04:36:22.445+0000] {logging_mixin.py:151} INFO - [2023-08-24T04:36:22.445+0000] {dag.py:3677} INFO - Setting next_dagrun for tutorial_taskflow_api to None, run_after=None
[2023-08-24T04:36:22.463+0000] {processor.py:179} INFO - Processing /usr/local/lib/python3.8/dist-packages/airflow/example_dags/tutorial_taskflow_api.py took 0.059 seconds
[2023-08-24T04:37:18.899+0000] {processor.py:157} INFO - Started process (PID=42633) to work on /usr/local/lib/python3.8/dist-packages/airflow/example_dags/tutorial_taskflow_api.py
[2023-08-24T04:37:18.904+0000] {processor.py:829} INFO - Processing file /usr/local/lib/python3.8/dist-packages/airflow/example_dags/tutorial_taskflow_api.py for tasks to queue
[2023-08-24T04:37:18.905+0000] {logging_mixin.py:151} INFO - [2023-08-24T04:37:18.905+0000] {dagbag.py:539} INFO - Filling up the DagBag from /usr/local/lib/python3.8/dist-packages/airflow/example_dags/tutorial_taskflow_api.py
[2023-08-24T04:37:18.911+0000] {processor.py:839} INFO - DAG(s) dict_keys(['tutorial_taskflow_api']) retrieved from /usr/local/lib/python3.8/dist-packages/airflow/example_dags/tutorial_taskflow_api.py
[2023-08-24T04:37:18.927+0000] {logging_mixin.py:151} INFO - [2023-08-24T04:37:18.927+0000] {dag.py:2907} INFO - Sync 1 DAGs
[2023-08-24T04:37:18.937+0000] {logging_mixin.py:151} INFO - [2023-08-24T04:37:18.937+0000] {dag.py:3677} INFO - Setting next_dagrun for tutorial_taskflow_api to None, run_after=None
[2023-08-24T04:37:18.955+0000] {processor.py:179} INFO - Processing /usr/local/lib/python3.8/dist-packages/airflow/example_dags/tutorial_taskflow_api.py took 0.060 seconds
[2023-08-24T04:38:15.336+0000] {processor.py:157} INFO - Started process (PID=42816) to work on /usr/local/lib/python3.8/dist-packages/airflow/example_dags/tutorial_taskflow_api.py
[2023-08-24T04:38:15.341+0000] {processor.py:829} INFO - Processing file /usr/local/lib/python3.8/dist-packages/airflow/example_dags/tutorial_taskflow_api.py for tasks to queue
[2023-08-24T04:38:15.342+0000] {logging_mixin.py:151} INFO - [2023-08-24T04:38:15.341+0000] {dagbag.py:539} INFO - Filling up the DagBag from /usr/local/lib/python3.8/dist-packages/airflow/example_dags/tutorial_taskflow_api.py
[2023-08-24T04:38:15.348+0000] {processor.py:839} INFO - DAG(s) dict_keys(['tutorial_taskflow_api']) retrieved from /usr/local/lib/python3.8/dist-packages/airflow/example_dags/tutorial_taskflow_api.py
[2023-08-24T04:38:15.365+0000] {logging_mixin.py:151} INFO - [2023-08-24T04:38:15.364+0000] {dag.py:2907} INFO - Sync 1 DAGs
[2023-08-24T04:38:15.376+0000] {logging_mixin.py:151} INFO - [2023-08-24T04:38:15.376+0000] {dag.py:3677} INFO - Setting next_dagrun for tutorial_taskflow_api to None, run_after=None
[2023-08-24T04:38:15.395+0000] {processor.py:179} INFO - Processing /usr/local/lib/python3.8/dist-packages/airflow/example_dags/tutorial_taskflow_api.py took 0.062 seconds
[2023-08-24T04:39:15.402+0000] {processor.py:157} INFO - Started process (PID=43001) to work on /usr/local/lib/python3.8/dist-packages/airflow/example_dags/tutorial_taskflow_api.py
[2023-08-24T04:39:15.404+0000] {processor.py:829} INFO - Processing file /usr/local/lib/python3.8/dist-packages/airflow/example_dags/tutorial_taskflow_api.py for tasks to queue
[2023-08-24T04:39:15.405+0000] {logging_mixin.py:151} INFO - [2023-08-24T04:39:15.404+0000] {dagbag.py:539} INFO - Filling up the DagBag from /usr/local/lib/python3.8/dist-packages/airflow/example_dags/tutorial_taskflow_api.py
[2023-08-24T04:39:15.411+0000] {processor.py:839} INFO - DAG(s) dict_keys(['tutorial_taskflow_api']) retrieved from /usr/local/lib/python3.8/dist-packages/airflow/example_dags/tutorial_taskflow_api.py
[2023-08-24T04:39:15.427+0000] {logging_mixin.py:151} INFO - [2023-08-24T04:39:15.426+0000] {dag.py:2907} INFO - Sync 1 DAGs
[2023-08-24T04:39:15.437+0000] {logging_mixin.py:151} INFO - [2023-08-24T04:39:15.437+0000] {dag.py:3677} INFO - Setting next_dagrun for tutorial_taskflow_api to None, run_after=None
[2023-08-24T04:39:15.454+0000] {processor.py:179} INFO - Processing /usr/local/lib/python3.8/dist-packages/airflow/example_dags/tutorial_taskflow_api.py took 0.056 seconds
[2023-08-24T04:40:15.678+0000] {processor.py:157} INFO - Started process (PID=43197) to work on /usr/local/lib/python3.8/dist-packages/airflow/example_dags/tutorial_taskflow_api.py
[2023-08-24T04:40:15.679+0000] {processor.py:829} INFO - Processing file /usr/local/lib/python3.8/dist-packages/airflow/example_dags/tutorial_taskflow_api.py for tasks to queue
[2023-08-24T04:40:15.680+0000] {logging_mixin.py:151} INFO - [2023-08-24T04:40:15.679+0000] {dagbag.py:539} INFO - Filling up the DagBag from /usr/local/lib/python3.8/dist-packages/airflow/example_dags/tutorial_taskflow_api.py
[2023-08-24T04:40:15.686+0000] {processor.py:839} INFO - DAG(s) dict_keys(['tutorial_taskflow_api']) retrieved from /usr/local/lib/python3.8/dist-packages/airflow/example_dags/tutorial_taskflow_api.py
[2023-08-24T04:40:15.702+0000] {logging_mixin.py:151} INFO - [2023-08-24T04:40:15.702+0000] {dag.py:2907} INFO - Sync 1 DAGs
[2023-08-24T04:40:15.713+0000] {logging_mixin.py:151} INFO - [2023-08-24T04:40:15.713+0000] {dag.py:3677} INFO - Setting next_dagrun for tutorial_taskflow_api to None, run_after=None
[2023-08-24T04:40:15.731+0000] {processor.py:179} INFO - Processing /usr/local/lib/python3.8/dist-packages/airflow/example_dags/tutorial_taskflow_api.py took 0.057 seconds
[2023-08-24T04:41:16.360+0000] {processor.py:157} INFO - Started process (PID=43381) to work on /usr/local/lib/python3.8/dist-packages/airflow/example_dags/tutorial_taskflow_api.py
[2023-08-24T04:41:16.362+0000] {processor.py:829} INFO - Processing file /usr/local/lib/python3.8/dist-packages/airflow/example_dags/tutorial_taskflow_api.py for tasks to queue
[2023-08-24T04:41:16.363+0000] {logging_mixin.py:151} INFO - [2023-08-24T04:41:16.363+0000] {dagbag.py:539} INFO - Filling up the DagBag from /usr/local/lib/python3.8/dist-packages/airflow/example_dags/tutorial_taskflow_api.py
[2023-08-24T04:41:16.371+0000] {processor.py:839} INFO - DAG(s) dict_keys(['tutorial_taskflow_api']) retrieved from /usr/local/lib/python3.8/dist-packages/airflow/example_dags/tutorial_taskflow_api.py
[2023-08-24T04:41:16.389+0000] {logging_mixin.py:151} INFO - [2023-08-24T04:41:16.388+0000] {dag.py:2907} INFO - Sync 1 DAGs
[2023-08-24T04:41:16.400+0000] {logging_mixin.py:151} INFO - [2023-08-24T04:41:16.400+0000] {dag.py:3677} INFO - Setting next_dagrun for tutorial_taskflow_api to None, run_after=None
[2023-08-24T04:41:16.419+0000] {processor.py:179} INFO - Processing /usr/local/lib/python3.8/dist-packages/airflow/example_dags/tutorial_taskflow_api.py took 0.063 seconds
[2023-08-24T04:42:15.814+0000] {processor.py:157} INFO - Started process (PID=43565) to work on /usr/local/lib/python3.8/dist-packages/airflow/example_dags/tutorial_taskflow_api.py
[2023-08-24T04:42:15.816+0000] {processor.py:829} INFO - Processing file /usr/local/lib/python3.8/dist-packages/airflow/example_dags/tutorial_taskflow_api.py for tasks to queue
[2023-08-24T04:42:15.817+0000] {logging_mixin.py:151} INFO - [2023-08-24T04:42:15.816+0000] {dagbag.py:539} INFO - Filling up the DagBag from /usr/local/lib/python3.8/dist-packages/airflow/example_dags/tutorial_taskflow_api.py
[2023-08-24T04:42:15.823+0000] {processor.py:839} INFO - DAG(s) dict_keys(['tutorial_taskflow_api']) retrieved from /usr/local/lib/python3.8/dist-packages/airflow/example_dags/tutorial_taskflow_api.py
[2023-08-24T04:42:15.838+0000] {logging_mixin.py:151} INFO - [2023-08-24T04:42:15.838+0000] {dag.py:2907} INFO - Sync 1 DAGs
[2023-08-24T04:42:15.849+0000] {logging_mixin.py:151} INFO - [2023-08-24T04:42:15.849+0000] {dag.py:3677} INFO - Setting next_dagrun for tutorial_taskflow_api to None, run_after=None
[2023-08-24T04:42:15.866+0000] {processor.py:179} INFO - Processing /usr/local/lib/python3.8/dist-packages/airflow/example_dags/tutorial_taskflow_api.py took 0.055 seconds
[2023-08-24T04:43:15.076+0000] {processor.py:157} INFO - Started process (PID=43752) to work on /usr/local/lib/python3.8/dist-packages/airflow/example_dags/tutorial_taskflow_api.py
[2023-08-24T04:43:15.077+0000] {processor.py:829} INFO - Processing file /usr/local/lib/python3.8/dist-packages/airflow/example_dags/tutorial_taskflow_api.py for tasks to queue
[2023-08-24T04:43:15.078+0000] {logging_mixin.py:151} INFO - [2023-08-24T04:43:15.078+0000] {dagbag.py:539} INFO - Filling up the DagBag from /usr/local/lib/python3.8/dist-packages/airflow/example_dags/tutorial_taskflow_api.py
[2023-08-24T04:43:15.085+0000] {processor.py:839} INFO - DAG(s) dict_keys(['tutorial_taskflow_api']) retrieved from /usr/local/lib/python3.8/dist-packages/airflow/example_dags/tutorial_taskflow_api.py
[2023-08-24T04:43:15.101+0000] {logging_mixin.py:151} INFO - [2023-08-24T04:43:15.100+0000] {dag.py:2907} INFO - Sync 1 DAGs
[2023-08-24T04:43:15.111+0000] {logging_mixin.py:151} INFO - [2023-08-24T04:43:15.111+0000] {dag.py:3677} INFO - Setting next_dagrun for tutorial_taskflow_api to None, run_after=None
[2023-08-24T04:43:15.129+0000] {processor.py:179} INFO - Processing /usr/local/lib/python3.8/dist-packages/airflow/example_dags/tutorial_taskflow_api.py took 0.057 seconds
[2023-08-24T04:44:15.840+0000] {processor.py:157} INFO - Started process (PID=43936) to work on /usr/local/lib/python3.8/dist-packages/airflow/example_dags/tutorial_taskflow_api.py
[2023-08-24T04:44:15.842+0000] {processor.py:829} INFO - Processing file /usr/local/lib/python3.8/dist-packages/airflow/example_dags/tutorial_taskflow_api.py for tasks to queue
[2023-08-24T04:44:15.843+0000] {logging_mixin.py:151} INFO - [2023-08-24T04:44:15.842+0000] {dagbag.py:539} INFO - Filling up the DagBag from /usr/local/lib/python3.8/dist-packages/airflow/example_dags/tutorial_taskflow_api.py
[2023-08-24T04:44:15.849+0000] {processor.py:839} INFO - DAG(s) dict_keys(['tutorial_taskflow_api']) retrieved from /usr/local/lib/python3.8/dist-packages/airflow/example_dags/tutorial_taskflow_api.py
[2023-08-24T04:44:15.865+0000] {logging_mixin.py:151} INFO - [2023-08-24T04:44:15.864+0000] {dag.py:2907} INFO - Sync 1 DAGs
[2023-08-24T04:44:15.875+0000] {logging_mixin.py:151} INFO - [2023-08-24T04:44:15.875+0000] {dag.py:3677} INFO - Setting next_dagrun for tutorial_taskflow_api to None, run_after=None
[2023-08-24T04:44:15.893+0000] {processor.py:179} INFO - Processing /usr/local/lib/python3.8/dist-packages/airflow/example_dags/tutorial_taskflow_api.py took 0.056 seconds
[2023-08-24T04:45:16.902+0000] {processor.py:157} INFO - Started process (PID=44121) to work on /usr/local/lib/python3.8/dist-packages/airflow/example_dags/tutorial_taskflow_api.py
[2023-08-24T04:45:16.903+0000] {processor.py:829} INFO - Processing file /usr/local/lib/python3.8/dist-packages/airflow/example_dags/tutorial_taskflow_api.py for tasks to queue
[2023-08-24T04:45:16.904+0000] {logging_mixin.py:151} INFO - [2023-08-24T04:45:16.904+0000] {dagbag.py:539} INFO - Filling up the DagBag from /usr/local/lib/python3.8/dist-packages/airflow/example_dags/tutorial_taskflow_api.py
[2023-08-24T04:45:16.911+0000] {processor.py:839} INFO - DAG(s) dict_keys(['tutorial_taskflow_api']) retrieved from /usr/local/lib/python3.8/dist-packages/airflow/example_dags/tutorial_taskflow_api.py
[2023-08-24T04:45:16.926+0000] {logging_mixin.py:151} INFO - [2023-08-24T04:45:16.926+0000] {dag.py:2907} INFO - Sync 1 DAGs
[2023-08-24T04:45:16.937+0000] {logging_mixin.py:151} INFO - [2023-08-24T04:45:16.936+0000] {dag.py:3677} INFO - Setting next_dagrun for tutorial_taskflow_api to None, run_after=None
[2023-08-24T04:45:16.954+0000] {processor.py:179} INFO - Processing /usr/local/lib/python3.8/dist-packages/airflow/example_dags/tutorial_taskflow_api.py took 0.056 seconds
[2023-08-24T04:46:18.481+0000] {processor.py:157} INFO - Started process (PID=44304) to work on /usr/local/lib/python3.8/dist-packages/airflow/example_dags/tutorial_taskflow_api.py
[2023-08-24T04:46:18.482+0000] {processor.py:829} INFO - Processing file /usr/local/lib/python3.8/dist-packages/airflow/example_dags/tutorial_taskflow_api.py for tasks to queue
[2023-08-24T04:46:18.483+0000] {logging_mixin.py:151} INFO - [2023-08-24T04:46:18.483+0000] {dagbag.py:539} INFO - Filling up the DagBag from /usr/local/lib/python3.8/dist-packages/airflow/example_dags/tutorial_taskflow_api.py
[2023-08-24T04:46:18.490+0000] {processor.py:839} INFO - DAG(s) dict_keys(['tutorial_taskflow_api']) retrieved from /usr/local/lib/python3.8/dist-packages/airflow/example_dags/tutorial_taskflow_api.py
[2023-08-24T04:46:18.506+0000] {logging_mixin.py:151} INFO - [2023-08-24T04:46:18.505+0000] {dag.py:2907} INFO - Sync 1 DAGs
[2023-08-24T04:46:18.516+0000] {logging_mixin.py:151} INFO - [2023-08-24T04:46:18.516+0000] {dag.py:3677} INFO - Setting next_dagrun for tutorial_taskflow_api to None, run_after=None
[2023-08-24T04:46:18.534+0000] {processor.py:179} INFO - Processing /usr/local/lib/python3.8/dist-packages/airflow/example_dags/tutorial_taskflow_api.py took 0.057 seconds
[2023-08-24T04:47:22.017+0000] {processor.py:157} INFO - Started process (PID=44487) to work on /usr/local/lib/python3.8/dist-packages/airflow/example_dags/tutorial_taskflow_api.py
[2023-08-24T04:47:22.020+0000] {processor.py:829} INFO - Processing file /usr/local/lib/python3.8/dist-packages/airflow/example_dags/tutorial_taskflow_api.py for tasks to queue
[2023-08-24T04:47:22.021+0000] {logging_mixin.py:151} INFO - [2023-08-24T04:47:22.021+0000] {dagbag.py:539} INFO - Filling up the DagBag from /usr/local/lib/python3.8/dist-packages/airflow/example_dags/tutorial_taskflow_api.py
[2023-08-24T04:47:22.028+0000] {processor.py:839} INFO - DAG(s) dict_keys(['tutorial_taskflow_api']) retrieved from /usr/local/lib/python3.8/dist-packages/airflow/example_dags/tutorial_taskflow_api.py
[2023-08-24T04:47:22.043+0000] {logging_mixin.py:151} INFO - [2023-08-24T04:47:22.043+0000] {dag.py:2907} INFO - Sync 1 DAGs
[2023-08-24T04:47:22.054+0000] {logging_mixin.py:151} INFO - [2023-08-24T04:47:22.053+0000] {dag.py:3677} INFO - Setting next_dagrun for tutorial_taskflow_api to None, run_after=None
[2023-08-24T04:47:22.071+0000] {processor.py:179} INFO - Processing /usr/local/lib/python3.8/dist-packages/airflow/example_dags/tutorial_taskflow_api.py took 0.058 seconds
[2023-08-24T04:48:22.346+0000] {processor.py:157} INFO - Started process (PID=44671) to work on /usr/local/lib/python3.8/dist-packages/airflow/example_dags/tutorial_taskflow_api.py
[2023-08-24T04:48:22.348+0000] {processor.py:829} INFO - Processing file /usr/local/lib/python3.8/dist-packages/airflow/example_dags/tutorial_taskflow_api.py for tasks to queue
[2023-08-24T04:48:22.349+0000] {logging_mixin.py:151} INFO - [2023-08-24T04:48:22.349+0000] {dagbag.py:539} INFO - Filling up the DagBag from /usr/local/lib/python3.8/dist-packages/airflow/example_dags/tutorial_taskflow_api.py
[2023-08-24T04:48:22.356+0000] {processor.py:839} INFO - DAG(s) dict_keys(['tutorial_taskflow_api']) retrieved from /usr/local/lib/python3.8/dist-packages/airflow/example_dags/tutorial_taskflow_api.py
[2023-08-24T04:48:22.372+0000] {logging_mixin.py:151} INFO - [2023-08-24T04:48:22.371+0000] {dag.py:2907} INFO - Sync 1 DAGs
[2023-08-24T04:48:22.382+0000] {logging_mixin.py:151} INFO - [2023-08-24T04:48:22.382+0000] {dag.py:3677} INFO - Setting next_dagrun for tutorial_taskflow_api to None, run_after=None
[2023-08-24T04:48:22.400+0000] {processor.py:179} INFO - Processing /usr/local/lib/python3.8/dist-packages/airflow/example_dags/tutorial_taskflow_api.py took 0.057 seconds
[2023-08-24T04:49:24.680+0000] {processor.py:157} INFO - Started process (PID=44855) to work on /usr/local/lib/python3.8/dist-packages/airflow/example_dags/tutorial_taskflow_api.py
[2023-08-24T04:49:24.681+0000] {processor.py:829} INFO - Processing file /usr/local/lib/python3.8/dist-packages/airflow/example_dags/tutorial_taskflow_api.py for tasks to queue
[2023-08-24T04:49:24.682+0000] {logging_mixin.py:151} INFO - [2023-08-24T04:49:24.682+0000] {dagbag.py:539} INFO - Filling up the DagBag from /usr/local/lib/python3.8/dist-packages/airflow/example_dags/tutorial_taskflow_api.py
[2023-08-24T04:49:24.689+0000] {processor.py:839} INFO - DAG(s) dict_keys(['tutorial_taskflow_api']) retrieved from /usr/local/lib/python3.8/dist-packages/airflow/example_dags/tutorial_taskflow_api.py
[2023-08-24T04:49:24.705+0000] {logging_mixin.py:151} INFO - [2023-08-24T04:49:24.705+0000] {dag.py:2907} INFO - Sync 1 DAGs
[2023-08-24T04:49:24.716+0000] {logging_mixin.py:151} INFO - [2023-08-24T04:49:24.716+0000] {dag.py:3677} INFO - Setting next_dagrun for tutorial_taskflow_api to None, run_after=None
[2023-08-24T04:49:24.736+0000] {processor.py:179} INFO - Processing /usr/local/lib/python3.8/dist-packages/airflow/example_dags/tutorial_taskflow_api.py took 0.060 seconds
[2023-08-24T04:50:24.087+0000] {processor.py:157} INFO - Started process (PID=45039) to work on /usr/local/lib/python3.8/dist-packages/airflow/example_dags/tutorial_taskflow_api.py
[2023-08-24T04:50:24.089+0000] {processor.py:829} INFO - Processing file /usr/local/lib/python3.8/dist-packages/airflow/example_dags/tutorial_taskflow_api.py for tasks to queue
[2023-08-24T04:50:24.090+0000] {logging_mixin.py:151} INFO - [2023-08-24T04:50:24.089+0000] {dagbag.py:539} INFO - Filling up the DagBag from /usr/local/lib/python3.8/dist-packages/airflow/example_dags/tutorial_taskflow_api.py
[2023-08-24T04:50:24.096+0000] {processor.py:839} INFO - DAG(s) dict_keys(['tutorial_taskflow_api']) retrieved from /usr/local/lib/python3.8/dist-packages/airflow/example_dags/tutorial_taskflow_api.py
[2023-08-24T04:50:24.113+0000] {logging_mixin.py:151} INFO - [2023-08-24T04:50:24.112+0000] {dag.py:2907} INFO - Sync 1 DAGs
[2023-08-24T04:50:24.124+0000] {logging_mixin.py:151} INFO - [2023-08-24T04:50:24.124+0000] {dag.py:3677} INFO - Setting next_dagrun for tutorial_taskflow_api to None, run_after=None
[2023-08-24T04:50:24.144+0000] {processor.py:179} INFO - Processing /usr/local/lib/python3.8/dist-packages/airflow/example_dags/tutorial_taskflow_api.py took 0.060 seconds
[2023-08-24T04:51:22.514+0000] {processor.py:157} INFO - Started process (PID=45221) to work on /usr/local/lib/python3.8/dist-packages/airflow/example_dags/tutorial_taskflow_api.py
[2023-08-24T04:51:22.515+0000] {processor.py:829} INFO - Processing file /usr/local/lib/python3.8/dist-packages/airflow/example_dags/tutorial_taskflow_api.py for tasks to queue
[2023-08-24T04:51:22.516+0000] {logging_mixin.py:151} INFO - [2023-08-24T04:51:22.516+0000] {dagbag.py:539} INFO - Filling up the DagBag from /usr/local/lib/python3.8/dist-packages/airflow/example_dags/tutorial_taskflow_api.py
[2023-08-24T04:51:22.522+0000] {processor.py:839} INFO - DAG(s) dict_keys(['tutorial_taskflow_api']) retrieved from /usr/local/lib/python3.8/dist-packages/airflow/example_dags/tutorial_taskflow_api.py
[2023-08-24T04:51:22.538+0000] {logging_mixin.py:151} INFO - [2023-08-24T04:51:22.538+0000] {dag.py:2907} INFO - Sync 1 DAGs
[2023-08-24T04:51:22.549+0000] {logging_mixin.py:151} INFO - [2023-08-24T04:51:22.549+0000] {dag.py:3677} INFO - Setting next_dagrun for tutorial_taskflow_api to None, run_after=None
[2023-08-24T04:51:22.568+0000] {processor.py:179} INFO - Processing /usr/local/lib/python3.8/dist-packages/airflow/example_dags/tutorial_taskflow_api.py took 0.058 seconds
[2023-08-24T04:52:24.544+0000] {processor.py:157} INFO - Started process (PID=45404) to work on /usr/local/lib/python3.8/dist-packages/airflow/example_dags/tutorial_taskflow_api.py
[2023-08-24T04:52:24.546+0000] {processor.py:829} INFO - Processing file /usr/local/lib/python3.8/dist-packages/airflow/example_dags/tutorial_taskflow_api.py for tasks to queue
[2023-08-24T04:52:24.546+0000] {logging_mixin.py:151} INFO - [2023-08-24T04:52:24.546+0000] {dagbag.py:539} INFO - Filling up the DagBag from /usr/local/lib/python3.8/dist-packages/airflow/example_dags/tutorial_taskflow_api.py
[2023-08-24T04:52:24.553+0000] {processor.py:839} INFO - DAG(s) dict_keys(['tutorial_taskflow_api']) retrieved from /usr/local/lib/python3.8/dist-packages/airflow/example_dags/tutorial_taskflow_api.py
[2023-08-24T04:52:24.568+0000] {logging_mixin.py:151} INFO - [2023-08-24T04:52:24.568+0000] {dag.py:2907} INFO - Sync 1 DAGs
[2023-08-24T04:52:24.579+0000] {logging_mixin.py:151} INFO - [2023-08-24T04:52:24.578+0000] {dag.py:3677} INFO - Setting next_dagrun for tutorial_taskflow_api to None, run_after=None
[2023-08-24T04:52:24.596+0000] {processor.py:179} INFO - Processing /usr/local/lib/python3.8/dist-packages/airflow/example_dags/tutorial_taskflow_api.py took 0.055 seconds
[2023-08-24T04:53:26.567+0000] {processor.py:157} INFO - Started process (PID=45593) to work on /usr/local/lib/python3.8/dist-packages/airflow/example_dags/tutorial_taskflow_api.py
[2023-08-24T04:53:26.569+0000] {processor.py:829} INFO - Processing file /usr/local/lib/python3.8/dist-packages/airflow/example_dags/tutorial_taskflow_api.py for tasks to queue
[2023-08-24T04:53:26.570+0000] {logging_mixin.py:151} INFO - [2023-08-24T04:53:26.569+0000] {dagbag.py:539} INFO - Filling up the DagBag from /usr/local/lib/python3.8/dist-packages/airflow/example_dags/tutorial_taskflow_api.py
[2023-08-24T04:53:26.576+0000] {processor.py:839} INFO - DAG(s) dict_keys(['tutorial_taskflow_api']) retrieved from /usr/local/lib/python3.8/dist-packages/airflow/example_dags/tutorial_taskflow_api.py
[2023-08-24T04:53:26.592+0000] {logging_mixin.py:151} INFO - [2023-08-24T04:53:26.592+0000] {dag.py:2907} INFO - Sync 1 DAGs
[2023-08-24T04:53:26.602+0000] {logging_mixin.py:151} INFO - [2023-08-24T04:53:26.602+0000] {dag.py:3677} INFO - Setting next_dagrun for tutorial_taskflow_api to None, run_after=None
[2023-08-24T04:53:26.620+0000] {processor.py:179} INFO - Processing /usr/local/lib/python3.8/dist-packages/airflow/example_dags/tutorial_taskflow_api.py took 0.057 seconds
[2023-08-24T04:54:27.531+0000] {processor.py:157} INFO - Started process (PID=45776) to work on /usr/local/lib/python3.8/dist-packages/airflow/example_dags/tutorial_taskflow_api.py
[2023-08-24T04:54:27.535+0000] {processor.py:829} INFO - Processing file /usr/local/lib/python3.8/dist-packages/airflow/example_dags/tutorial_taskflow_api.py for tasks to queue
[2023-08-24T04:54:27.536+0000] {logging_mixin.py:151} INFO - [2023-08-24T04:54:27.536+0000] {dagbag.py:539} INFO - Filling up the DagBag from /usr/local/lib/python3.8/dist-packages/airflow/example_dags/tutorial_taskflow_api.py
[2023-08-24T04:54:27.542+0000] {processor.py:839} INFO - DAG(s) dict_keys(['tutorial_taskflow_api']) retrieved from /usr/local/lib/python3.8/dist-packages/airflow/example_dags/tutorial_taskflow_api.py
[2023-08-24T04:54:27.558+0000] {logging_mixin.py:151} INFO - [2023-08-24T04:54:27.558+0000] {dag.py:2907} INFO - Sync 1 DAGs
[2023-08-24T04:54:27.569+0000] {logging_mixin.py:151} INFO - [2023-08-24T04:54:27.569+0000] {dag.py:3677} INFO - Setting next_dagrun for tutorial_taskflow_api to None, run_after=None
[2023-08-24T04:54:27.586+0000] {processor.py:179} INFO - Processing /usr/local/lib/python3.8/dist-packages/airflow/example_dags/tutorial_taskflow_api.py took 0.059 seconds
[2023-08-24T04:55:28.005+0000] {processor.py:157} INFO - Started process (PID=45959) to work on /usr/local/lib/python3.8/dist-packages/airflow/example_dags/tutorial_taskflow_api.py
[2023-08-24T04:55:28.006+0000] {processor.py:829} INFO - Processing file /usr/local/lib/python3.8/dist-packages/airflow/example_dags/tutorial_taskflow_api.py for tasks to queue
[2023-08-24T04:55:28.007+0000] {logging_mixin.py:151} INFO - [2023-08-24T04:55:28.007+0000] {dagbag.py:539} INFO - Filling up the DagBag from /usr/local/lib/python3.8/dist-packages/airflow/example_dags/tutorial_taskflow_api.py
[2023-08-24T04:55:28.014+0000] {processor.py:839} INFO - DAG(s) dict_keys(['tutorial_taskflow_api']) retrieved from /usr/local/lib/python3.8/dist-packages/airflow/example_dags/tutorial_taskflow_api.py
[2023-08-24T04:55:28.030+0000] {logging_mixin.py:151} INFO - [2023-08-24T04:55:28.029+0000] {dag.py:2907} INFO - Sync 1 DAGs
[2023-08-24T04:55:28.040+0000] {logging_mixin.py:151} INFO - [2023-08-24T04:55:28.040+0000] {dag.py:3677} INFO - Setting next_dagrun for tutorial_taskflow_api to None, run_after=None
[2023-08-24T04:55:28.058+0000] {processor.py:179} INFO - Processing /usr/local/lib/python3.8/dist-packages/airflow/example_dags/tutorial_taskflow_api.py took 0.057 seconds
[2023-08-24T04:56:32.490+0000] {processor.py:157} INFO - Started process (PID=46147) to work on /usr/local/lib/python3.8/dist-packages/airflow/example_dags/tutorial_taskflow_api.py
[2023-08-24T04:56:32.492+0000] {processor.py:829} INFO - Processing file /usr/local/lib/python3.8/dist-packages/airflow/example_dags/tutorial_taskflow_api.py for tasks to queue
[2023-08-24T04:56:32.493+0000] {logging_mixin.py:151} INFO - [2023-08-24T04:56:32.492+0000] {dagbag.py:539} INFO - Filling up the DagBag from /usr/local/lib/python3.8/dist-packages/airflow/example_dags/tutorial_taskflow_api.py
[2023-08-24T04:56:32.501+0000] {processor.py:839} INFO - DAG(s) dict_keys(['tutorial_taskflow_api']) retrieved from /usr/local/lib/python3.8/dist-packages/airflow/example_dags/tutorial_taskflow_api.py
[2023-08-24T04:56:32.520+0000] {logging_mixin.py:151} INFO - [2023-08-24T04:56:32.520+0000] {dag.py:2907} INFO - Sync 1 DAGs
[2023-08-24T04:56:32.532+0000] {logging_mixin.py:151} INFO - [2023-08-24T04:56:32.532+0000] {dag.py:3677} INFO - Setting next_dagrun for tutorial_taskflow_api to None, run_after=None
[2023-08-24T04:56:32.552+0000] {processor.py:179} INFO - Processing /usr/local/lib/python3.8/dist-packages/airflow/example_dags/tutorial_taskflow_api.py took 0.066 seconds
[2023-08-24T04:57:35.395+0000] {processor.py:157} INFO - Started process (PID=46343) to work on /usr/local/lib/python3.8/dist-packages/airflow/example_dags/tutorial_taskflow_api.py
[2023-08-24T04:57:35.397+0000] {processor.py:829} INFO - Processing file /usr/local/lib/python3.8/dist-packages/airflow/example_dags/tutorial_taskflow_api.py for tasks to queue
[2023-08-24T04:57:35.397+0000] {logging_mixin.py:151} INFO - [2023-08-24T04:57:35.397+0000] {dagbag.py:539} INFO - Filling up the DagBag from /usr/local/lib/python3.8/dist-packages/airflow/example_dags/tutorial_taskflow_api.py
[2023-08-24T04:57:35.404+0000] {processor.py:839} INFO - DAG(s) dict_keys(['tutorial_taskflow_api']) retrieved from /usr/local/lib/python3.8/dist-packages/airflow/example_dags/tutorial_taskflow_api.py
[2023-08-24T04:57:35.420+0000] {logging_mixin.py:151} INFO - [2023-08-24T04:57:35.420+0000] {dag.py:2907} INFO - Sync 1 DAGs
[2023-08-24T04:57:35.431+0000] {logging_mixin.py:151} INFO - [2023-08-24T04:57:35.431+0000] {dag.py:3677} INFO - Setting next_dagrun for tutorial_taskflow_api to None, run_after=None
[2023-08-24T04:57:35.560+0000] {processor.py:179} INFO - Processing /usr/local/lib/python3.8/dist-packages/airflow/example_dags/tutorial_taskflow_api.py took 0.169 seconds
[2023-08-24T04:58:37.989+0000] {processor.py:157} INFO - Started process (PID=46527) to work on /usr/local/lib/python3.8/dist-packages/airflow/example_dags/tutorial_taskflow_api.py
[2023-08-24T04:58:37.992+0000] {processor.py:829} INFO - Processing file /usr/local/lib/python3.8/dist-packages/airflow/example_dags/tutorial_taskflow_api.py for tasks to queue
[2023-08-24T04:58:37.993+0000] {logging_mixin.py:151} INFO - [2023-08-24T04:58:37.992+0000] {dagbag.py:539} INFO - Filling up the DagBag from /usr/local/lib/python3.8/dist-packages/airflow/example_dags/tutorial_taskflow_api.py
[2023-08-24T04:58:37.999+0000] {processor.py:839} INFO - DAG(s) dict_keys(['tutorial_taskflow_api']) retrieved from /usr/local/lib/python3.8/dist-packages/airflow/example_dags/tutorial_taskflow_api.py
[2023-08-24T04:58:38.015+0000] {logging_mixin.py:151} INFO - [2023-08-24T04:58:38.014+0000] {dag.py:2907} INFO - Sync 1 DAGs
[2023-08-24T04:58:38.025+0000] {logging_mixin.py:151} INFO - [2023-08-24T04:58:38.025+0000] {dag.py:3677} INFO - Setting next_dagrun for tutorial_taskflow_api to None, run_after=None
[2023-08-24T04:58:38.043+0000] {processor.py:179} INFO - Processing /usr/local/lib/python3.8/dist-packages/airflow/example_dags/tutorial_taskflow_api.py took 0.057 seconds
[2023-08-24T04:59:42.342+0000] {processor.py:157} INFO - Started process (PID=46710) to work on /usr/local/lib/python3.8/dist-packages/airflow/example_dags/tutorial_taskflow_api.py
[2023-08-24T04:59:42.345+0000] {processor.py:829} INFO - Processing file /usr/local/lib/python3.8/dist-packages/airflow/example_dags/tutorial_taskflow_api.py for tasks to queue
[2023-08-24T04:59:42.346+0000] {logging_mixin.py:151} INFO - [2023-08-24T04:59:42.345+0000] {dagbag.py:539} INFO - Filling up the DagBag from /usr/local/lib/python3.8/dist-packages/airflow/example_dags/tutorial_taskflow_api.py
[2023-08-24T04:59:42.352+0000] {processor.py:839} INFO - DAG(s) dict_keys(['tutorial_taskflow_api']) retrieved from /usr/local/lib/python3.8/dist-packages/airflow/example_dags/tutorial_taskflow_api.py
[2023-08-24T04:59:42.368+0000] {logging_mixin.py:151} INFO - [2023-08-24T04:59:42.368+0000] {dag.py:2907} INFO - Sync 1 DAGs
[2023-08-24T04:59:42.379+0000] {logging_mixin.py:151} INFO - [2023-08-24T04:59:42.379+0000] {dag.py:3677} INFO - Setting next_dagrun for tutorial_taskflow_api to None, run_after=None
[2023-08-24T04:59:42.397+0000] {processor.py:179} INFO - Processing /usr/local/lib/python3.8/dist-packages/airflow/example_dags/tutorial_taskflow_api.py took 0.058 seconds
[2023-08-24T05:00:42.555+0000] {processor.py:157} INFO - Started process (PID=46894) to work on /usr/local/lib/python3.8/dist-packages/airflow/example_dags/tutorial_taskflow_api.py
[2023-08-24T05:00:42.556+0000] {processor.py:829} INFO - Processing file /usr/local/lib/python3.8/dist-packages/airflow/example_dags/tutorial_taskflow_api.py for tasks to queue
[2023-08-24T05:00:42.557+0000] {logging_mixin.py:151} INFO - [2023-08-24T05:00:42.557+0000] {dagbag.py:539} INFO - Filling up the DagBag from /usr/local/lib/python3.8/dist-packages/airflow/example_dags/tutorial_taskflow_api.py
[2023-08-24T05:00:42.563+0000] {processor.py:839} INFO - DAG(s) dict_keys(['tutorial_taskflow_api']) retrieved from /usr/local/lib/python3.8/dist-packages/airflow/example_dags/tutorial_taskflow_api.py
[2023-08-24T05:00:42.579+0000] {logging_mixin.py:151} INFO - [2023-08-24T05:00:42.579+0000] {dag.py:2907} INFO - Sync 1 DAGs
[2023-08-24T05:00:42.590+0000] {logging_mixin.py:151} INFO - [2023-08-24T05:00:42.590+0000] {dag.py:3677} INFO - Setting next_dagrun for tutorial_taskflow_api to None, run_after=None
[2023-08-24T05:00:42.607+0000] {processor.py:179} INFO - Processing /usr/local/lib/python3.8/dist-packages/airflow/example_dags/tutorial_taskflow_api.py took 0.056 seconds
[2023-08-24T05:01:42.799+0000] {processor.py:157} INFO - Started process (PID=47091) to work on /usr/local/lib/python3.8/dist-packages/airflow/example_dags/tutorial_taskflow_api.py
[2023-08-24T05:01:42.802+0000] {processor.py:829} INFO - Processing file /usr/local/lib/python3.8/dist-packages/airflow/example_dags/tutorial_taskflow_api.py for tasks to queue
[2023-08-24T05:01:42.802+0000] {logging_mixin.py:151} INFO - [2023-08-24T05:01:42.802+0000] {dagbag.py:539} INFO - Filling up the DagBag from /usr/local/lib/python3.8/dist-packages/airflow/example_dags/tutorial_taskflow_api.py
[2023-08-24T05:01:42.809+0000] {processor.py:839} INFO - DAG(s) dict_keys(['tutorial_taskflow_api']) retrieved from /usr/local/lib/python3.8/dist-packages/airflow/example_dags/tutorial_taskflow_api.py
[2023-08-24T05:01:42.825+0000] {logging_mixin.py:151} INFO - [2023-08-24T05:01:42.825+0000] {dag.py:2907} INFO - Sync 1 DAGs
[2023-08-24T05:01:42.836+0000] {logging_mixin.py:151} INFO - [2023-08-24T05:01:42.836+0000] {dag.py:3677} INFO - Setting next_dagrun for tutorial_taskflow_api to None, run_after=None
[2023-08-24T05:01:42.854+0000] {processor.py:179} INFO - Processing /usr/local/lib/python3.8/dist-packages/airflow/example_dags/tutorial_taskflow_api.py took 0.058 seconds
[2023-08-24T05:02:42.385+0000] {processor.py:157} INFO - Started process (PID=47277) to work on /usr/local/lib/python3.8/dist-packages/airflow/example_dags/tutorial_taskflow_api.py
[2023-08-24T05:02:42.386+0000] {processor.py:829} INFO - Processing file /usr/local/lib/python3.8/dist-packages/airflow/example_dags/tutorial_taskflow_api.py for tasks to queue
[2023-08-24T05:02:42.387+0000] {logging_mixin.py:151} INFO - [2023-08-24T05:02:42.386+0000] {dagbag.py:539} INFO - Filling up the DagBag from /usr/local/lib/python3.8/dist-packages/airflow/example_dags/tutorial_taskflow_api.py
[2023-08-24T05:02:42.394+0000] {processor.py:839} INFO - DAG(s) dict_keys(['tutorial_taskflow_api']) retrieved from /usr/local/lib/python3.8/dist-packages/airflow/example_dags/tutorial_taskflow_api.py
[2023-08-24T05:02:42.410+0000] {logging_mixin.py:151} INFO - [2023-08-24T05:02:42.409+0000] {dag.py:2907} INFO - Sync 1 DAGs
[2023-08-24T05:02:42.420+0000] {logging_mixin.py:151} INFO - [2023-08-24T05:02:42.420+0000] {dag.py:3677} INFO - Setting next_dagrun for tutorial_taskflow_api to None, run_after=None
[2023-08-24T05:02:42.438+0000] {processor.py:179} INFO - Processing /usr/local/lib/python3.8/dist-packages/airflow/example_dags/tutorial_taskflow_api.py took 0.057 seconds
[2023-08-24T05:03:43.192+0000] {processor.py:157} INFO - Started process (PID=47466) to work on /usr/local/lib/python3.8/dist-packages/airflow/example_dags/tutorial_taskflow_api.py
[2023-08-24T05:03:43.193+0000] {processor.py:829} INFO - Processing file /usr/local/lib/python3.8/dist-packages/airflow/example_dags/tutorial_taskflow_api.py for tasks to queue
[2023-08-24T05:03:43.194+0000] {logging_mixin.py:151} INFO - [2023-08-24T05:03:43.194+0000] {dagbag.py:539} INFO - Filling up the DagBag from /usr/local/lib/python3.8/dist-packages/airflow/example_dags/tutorial_taskflow_api.py
[2023-08-24T05:03:43.201+0000] {processor.py:839} INFO - DAG(s) dict_keys(['tutorial_taskflow_api']) retrieved from /usr/local/lib/python3.8/dist-packages/airflow/example_dags/tutorial_taskflow_api.py
[2023-08-24T05:03:43.216+0000] {logging_mixin.py:151} INFO - [2023-08-24T05:03:43.216+0000] {dag.py:2907} INFO - Sync 1 DAGs
[2023-08-24T05:03:43.227+0000] {logging_mixin.py:151} INFO - [2023-08-24T05:03:43.227+0000] {dag.py:3677} INFO - Setting next_dagrun for tutorial_taskflow_api to None, run_after=None
[2023-08-24T05:03:43.245+0000] {processor.py:179} INFO - Processing /usr/local/lib/python3.8/dist-packages/airflow/example_dags/tutorial_taskflow_api.py took 0.057 seconds
[2023-08-24T05:04:41.053+0000] {processor.py:157} INFO - Started process (PID=47648) to work on /usr/local/lib/python3.8/dist-packages/airflow/example_dags/tutorial_taskflow_api.py
[2023-08-24T05:04:41.055+0000] {processor.py:829} INFO - Processing file /usr/local/lib/python3.8/dist-packages/airflow/example_dags/tutorial_taskflow_api.py for tasks to queue
[2023-08-24T05:04:41.056+0000] {logging_mixin.py:151} INFO - [2023-08-24T05:04:41.056+0000] {dagbag.py:539} INFO - Filling up the DagBag from /usr/local/lib/python3.8/dist-packages/airflow/example_dags/tutorial_taskflow_api.py
[2023-08-24T05:04:41.062+0000] {processor.py:839} INFO - DAG(s) dict_keys(['tutorial_taskflow_api']) retrieved from /usr/local/lib/python3.8/dist-packages/airflow/example_dags/tutorial_taskflow_api.py
[2023-08-24T05:04:41.078+0000] {logging_mixin.py:151} INFO - [2023-08-24T05:04:41.078+0000] {dag.py:2907} INFO - Sync 1 DAGs
[2023-08-24T05:04:41.089+0000] {logging_mixin.py:151} INFO - [2023-08-24T05:04:41.089+0000] {dag.py:3677} INFO - Setting next_dagrun for tutorial_taskflow_api to None, run_after=None
[2023-08-24T05:04:41.106+0000] {processor.py:179} INFO - Processing /usr/local/lib/python3.8/dist-packages/airflow/example_dags/tutorial_taskflow_api.py took 0.056 seconds
[2023-08-24T05:05:41.178+0000] {processor.py:157} INFO - Started process (PID=47844) to work on /usr/local/lib/python3.8/dist-packages/airflow/example_dags/tutorial_taskflow_api.py
[2023-08-24T05:05:41.179+0000] {processor.py:829} INFO - Processing file /usr/local/lib/python3.8/dist-packages/airflow/example_dags/tutorial_taskflow_api.py for tasks to queue
[2023-08-24T05:05:41.180+0000] {logging_mixin.py:151} INFO - [2023-08-24T05:05:41.180+0000] {dagbag.py:539} INFO - Filling up the DagBag from /usr/local/lib/python3.8/dist-packages/airflow/example_dags/tutorial_taskflow_api.py
[2023-08-24T05:05:41.187+0000] {processor.py:839} INFO - DAG(s) dict_keys(['tutorial_taskflow_api']) retrieved from /usr/local/lib/python3.8/dist-packages/airflow/example_dags/tutorial_taskflow_api.py
[2023-08-24T05:05:41.203+0000] {logging_mixin.py:151} INFO - [2023-08-24T05:05:41.203+0000] {dag.py:2907} INFO - Sync 1 DAGs
[2023-08-24T05:05:41.213+0000] {logging_mixin.py:151} INFO - [2023-08-24T05:05:41.213+0000] {dag.py:3677} INFO - Setting next_dagrun for tutorial_taskflow_api to None, run_after=None
[2023-08-24T05:05:41.230+0000] {processor.py:179} INFO - Processing /usr/local/lib/python3.8/dist-packages/airflow/example_dags/tutorial_taskflow_api.py took 0.056 seconds
[2023-08-24T05:06:38.930+0000] {processor.py:157} INFO - Started process (PID=48040) to work on /usr/local/lib/python3.8/dist-packages/airflow/example_dags/tutorial_taskflow_api.py
[2023-08-24T05:06:38.932+0000] {processor.py:829} INFO - Processing file /usr/local/lib/python3.8/dist-packages/airflow/example_dags/tutorial_taskflow_api.py for tasks to queue
[2023-08-24T05:06:38.932+0000] {logging_mixin.py:151} INFO - [2023-08-24T05:06:38.932+0000] {dagbag.py:539} INFO - Filling up the DagBag from /usr/local/lib/python3.8/dist-packages/airflow/example_dags/tutorial_taskflow_api.py
[2023-08-24T05:06:38.939+0000] {processor.py:839} INFO - DAG(s) dict_keys(['tutorial_taskflow_api']) retrieved from /usr/local/lib/python3.8/dist-packages/airflow/example_dags/tutorial_taskflow_api.py
[2023-08-24T05:06:38.955+0000] {logging_mixin.py:151} INFO - [2023-08-24T05:06:38.955+0000] {dag.py:2907} INFO - Sync 1 DAGs
[2023-08-24T05:06:38.966+0000] {logging_mixin.py:151} INFO - [2023-08-24T05:06:38.966+0000] {dag.py:3677} INFO - Setting next_dagrun for tutorial_taskflow_api to None, run_after=None
[2023-08-24T05:06:38.984+0000] {processor.py:179} INFO - Processing /usr/local/lib/python3.8/dist-packages/airflow/example_dags/tutorial_taskflow_api.py took 0.058 seconds
[2023-08-24T05:07:37.015+0000] {processor.py:157} INFO - Started process (PID=48226) to work on /usr/local/lib/python3.8/dist-packages/airflow/example_dags/tutorial_taskflow_api.py
[2023-08-24T05:07:37.016+0000] {processor.py:829} INFO - Processing file /usr/local/lib/python3.8/dist-packages/airflow/example_dags/tutorial_taskflow_api.py for tasks to queue
[2023-08-24T05:07:37.017+0000] {logging_mixin.py:151} INFO - [2023-08-24T05:07:37.017+0000] {dagbag.py:539} INFO - Filling up the DagBag from /usr/local/lib/python3.8/dist-packages/airflow/example_dags/tutorial_taskflow_api.py
[2023-08-24T05:07:37.024+0000] {processor.py:839} INFO - DAG(s) dict_keys(['tutorial_taskflow_api']) retrieved from /usr/local/lib/python3.8/dist-packages/airflow/example_dags/tutorial_taskflow_api.py
[2023-08-24T05:07:37.040+0000] {logging_mixin.py:151} INFO - [2023-08-24T05:07:37.040+0000] {dag.py:2907} INFO - Sync 1 DAGs
[2023-08-24T05:07:37.051+0000] {logging_mixin.py:151} INFO - [2023-08-24T05:07:37.051+0000] {dag.py:3677} INFO - Setting next_dagrun for tutorial_taskflow_api to None, run_after=None
[2023-08-24T05:07:37.069+0000] {processor.py:179} INFO - Processing /usr/local/lib/python3.8/dist-packages/airflow/example_dags/tutorial_taskflow_api.py took 0.058 seconds
[2023-08-24T05:08:37.309+0000] {processor.py:157} INFO - Started process (PID=48410) to work on /usr/local/lib/python3.8/dist-packages/airflow/example_dags/tutorial_taskflow_api.py
[2023-08-24T05:08:37.311+0000] {processor.py:829} INFO - Processing file /usr/local/lib/python3.8/dist-packages/airflow/example_dags/tutorial_taskflow_api.py for tasks to queue
[2023-08-24T05:08:37.312+0000] {logging_mixin.py:151} INFO - [2023-08-24T05:08:37.311+0000] {dagbag.py:539} INFO - Filling up the DagBag from /usr/local/lib/python3.8/dist-packages/airflow/example_dags/tutorial_taskflow_api.py
[2023-08-24T05:08:37.318+0000] {processor.py:839} INFO - DAG(s) dict_keys(['tutorial_taskflow_api']) retrieved from /usr/local/lib/python3.8/dist-packages/airflow/example_dags/tutorial_taskflow_api.py
[2023-08-24T05:08:37.334+0000] {logging_mixin.py:151} INFO - [2023-08-24T05:08:37.334+0000] {dag.py:2907} INFO - Sync 1 DAGs
[2023-08-24T05:08:37.345+0000] {logging_mixin.py:151} INFO - [2023-08-24T05:08:37.345+0000] {dag.py:3677} INFO - Setting next_dagrun for tutorial_taskflow_api to None, run_after=None
[2023-08-24T05:08:37.364+0000] {processor.py:179} INFO - Processing /usr/local/lib/python3.8/dist-packages/airflow/example_dags/tutorial_taskflow_api.py took 0.058 seconds
[2023-08-24T05:09:36.634+0000] {processor.py:157} INFO - Started process (PID=48606) to work on /usr/local/lib/python3.8/dist-packages/airflow/example_dags/tutorial_taskflow_api.py
[2023-08-24T05:09:36.636+0000] {processor.py:829} INFO - Processing file /usr/local/lib/python3.8/dist-packages/airflow/example_dags/tutorial_taskflow_api.py for tasks to queue
[2023-08-24T05:09:36.637+0000] {logging_mixin.py:151} INFO - [2023-08-24T05:09:36.636+0000] {dagbag.py:539} INFO - Filling up the DagBag from /usr/local/lib/python3.8/dist-packages/airflow/example_dags/tutorial_taskflow_api.py
[2023-08-24T05:09:36.644+0000] {processor.py:839} INFO - DAG(s) dict_keys(['tutorial_taskflow_api']) retrieved from /usr/local/lib/python3.8/dist-packages/airflow/example_dags/tutorial_taskflow_api.py
[2023-08-24T05:09:36.660+0000] {logging_mixin.py:151} INFO - [2023-08-24T05:09:36.660+0000] {dag.py:2907} INFO - Sync 1 DAGs
[2023-08-24T05:09:36.672+0000] {logging_mixin.py:151} INFO - [2023-08-24T05:09:36.671+0000] {dag.py:3677} INFO - Setting next_dagrun for tutorial_taskflow_api to None, run_after=None
[2023-08-24T05:09:36.691+0000] {processor.py:179} INFO - Processing /usr/local/lib/python3.8/dist-packages/airflow/example_dags/tutorial_taskflow_api.py took 0.060 seconds
[2023-08-24T05:10:34.846+0000] {processor.py:157} INFO - Started process (PID=48787) to work on /usr/local/lib/python3.8/dist-packages/airflow/example_dags/tutorial_taskflow_api.py
[2023-08-24T05:10:34.847+0000] {processor.py:829} INFO - Processing file /usr/local/lib/python3.8/dist-packages/airflow/example_dags/tutorial_taskflow_api.py for tasks to queue
[2023-08-24T05:10:34.848+0000] {logging_mixin.py:151} INFO - [2023-08-24T05:10:34.848+0000] {dagbag.py:539} INFO - Filling up the DagBag from /usr/local/lib/python3.8/dist-packages/airflow/example_dags/tutorial_taskflow_api.py
[2023-08-24T05:10:34.855+0000] {processor.py:839} INFO - DAG(s) dict_keys(['tutorial_taskflow_api']) retrieved from /usr/local/lib/python3.8/dist-packages/airflow/example_dags/tutorial_taskflow_api.py
[2023-08-24T05:10:34.872+0000] {logging_mixin.py:151} INFO - [2023-08-24T05:10:34.872+0000] {dag.py:2907} INFO - Sync 1 DAGs
[2023-08-24T05:10:34.884+0000] {logging_mixin.py:151} INFO - [2023-08-24T05:10:34.884+0000] {dag.py:3677} INFO - Setting next_dagrun for tutorial_taskflow_api to None, run_after=None
[2023-08-24T05:10:34.903+0000] {processor.py:179} INFO - Processing /usr/local/lib/python3.8/dist-packages/airflow/example_dags/tutorial_taskflow_api.py took 0.061 seconds
[2023-08-24T05:11:50.012+0000] {processor.py:157} INFO - Started process (PID=48943) to work on /usr/local/lib/python3.8/dist-packages/airflow/example_dags/tutorial_taskflow_api.py
[2023-08-24T05:11:50.013+0000] {processor.py:829} INFO - Processing file /usr/local/lib/python3.8/dist-packages/airflow/example_dags/tutorial_taskflow_api.py for tasks to queue
[2023-08-24T05:11:50.014+0000] {logging_mixin.py:151} INFO - [2023-08-24T05:11:50.014+0000] {dagbag.py:539} INFO - Filling up the DagBag from /usr/local/lib/python3.8/dist-packages/airflow/example_dags/tutorial_taskflow_api.py
[2023-08-24T05:11:50.021+0000] {processor.py:839} INFO - DAG(s) dict_keys(['tutorial_taskflow_api']) retrieved from /usr/local/lib/python3.8/dist-packages/airflow/example_dags/tutorial_taskflow_api.py
[2023-08-24T05:11:50.037+0000] {logging_mixin.py:151} INFO - [2023-08-24T05:11:50.037+0000] {dag.py:2907} INFO - Sync 1 DAGs
[2023-08-24T05:11:50.048+0000] {logging_mixin.py:151} INFO - [2023-08-24T05:11:50.048+0000] {dag.py:3677} INFO - Setting next_dagrun for tutorial_taskflow_api to None, run_after=None
[2023-08-24T05:11:50.066+0000] {processor.py:179} INFO - Processing /usr/local/lib/python3.8/dist-packages/airflow/example_dags/tutorial_taskflow_api.py took 0.057 seconds
[2023-08-24T05:12:53.498+0000] {processor.py:157} INFO - Started process (PID=49140) to work on /usr/local/lib/python3.8/dist-packages/airflow/example_dags/tutorial_taskflow_api.py
[2023-08-24T05:12:53.499+0000] {processor.py:829} INFO - Processing file /usr/local/lib/python3.8/dist-packages/airflow/example_dags/tutorial_taskflow_api.py for tasks to queue
[2023-08-24T05:12:53.500+0000] {logging_mixin.py:151} INFO - [2023-08-24T05:12:53.500+0000] {dagbag.py:539} INFO - Filling up the DagBag from /usr/local/lib/python3.8/dist-packages/airflow/example_dags/tutorial_taskflow_api.py
[2023-08-24T05:12:53.507+0000] {processor.py:839} INFO - DAG(s) dict_keys(['tutorial_taskflow_api']) retrieved from /usr/local/lib/python3.8/dist-packages/airflow/example_dags/tutorial_taskflow_api.py
[2023-08-24T05:12:53.524+0000] {logging_mixin.py:151} INFO - [2023-08-24T05:12:53.524+0000] {dag.py:2907} INFO - Sync 1 DAGs
[2023-08-24T05:12:53.535+0000] {logging_mixin.py:151} INFO - [2023-08-24T05:12:53.535+0000] {dag.py:3677} INFO - Setting next_dagrun for tutorial_taskflow_api to None, run_after=None
[2023-08-24T05:12:53.554+0000] {processor.py:179} INFO - Processing /usr/local/lib/python3.8/dist-packages/airflow/example_dags/tutorial_taskflow_api.py took 0.060 seconds
[2023-08-24T05:13:52.552+0000] {processor.py:157} INFO - Started process (PID=49344) to work on /usr/local/lib/python3.8/dist-packages/airflow/example_dags/tutorial_taskflow_api.py
[2023-08-24T05:13:52.554+0000] {processor.py:829} INFO - Processing file /usr/local/lib/python3.8/dist-packages/airflow/example_dags/tutorial_taskflow_api.py for tasks to queue
[2023-08-24T05:13:52.555+0000] {logging_mixin.py:151} INFO - [2023-08-24T05:13:52.554+0000] {dagbag.py:539} INFO - Filling up the DagBag from /usr/local/lib/python3.8/dist-packages/airflow/example_dags/tutorial_taskflow_api.py
[2023-08-24T05:13:52.562+0000] {processor.py:839} INFO - DAG(s) dict_keys(['tutorial_taskflow_api']) retrieved from /usr/local/lib/python3.8/dist-packages/airflow/example_dags/tutorial_taskflow_api.py
[2023-08-24T05:13:52.578+0000] {logging_mixin.py:151} INFO - [2023-08-24T05:13:52.578+0000] {dag.py:2907} INFO - Sync 1 DAGs
[2023-08-24T05:13:52.590+0000] {logging_mixin.py:151} INFO - [2023-08-24T05:13:52.590+0000] {dag.py:3677} INFO - Setting next_dagrun for tutorial_taskflow_api to None, run_after=None
[2023-08-24T05:13:52.609+0000] {processor.py:179} INFO - Processing /usr/local/lib/python3.8/dist-packages/airflow/example_dags/tutorial_taskflow_api.py took 0.060 seconds
