[2023-08-24T04:31:34.348+0000] {processor.py:157} INFO - Started process (PID=41496) to work on /usr/local/lib/python3.8/dist-packages/airflow/example_dags/tutorial_taskflow_api_virtualenv.py
[2023-08-24T04:31:34.349+0000] {processor.py:829} INFO - Processing file /usr/local/lib/python3.8/dist-packages/airflow/example_dags/tutorial_taskflow_api_virtualenv.py for tasks to queue
[2023-08-24T04:31:34.350+0000] {logging_mixin.py:151} INFO - [2023-08-24T04:31:34.350+0000] {dagbag.py:539} INFO - Filling up the DagBag from /usr/local/lib/python3.8/dist-packages/airflow/example_dags/tutorial_taskflow_api_virtualenv.py
[2023-08-24T04:31:34.358+0000] {processor.py:839} INFO - DAG(s) dict_keys(['tutorial_taskflow_api_virtualenv']) retrieved from /usr/local/lib/python3.8/dist-packages/airflow/example_dags/tutorial_taskflow_api_virtualenv.py
[2023-08-24T04:31:34.374+0000] {logging_mixin.py:151} INFO - [2023-08-24T04:31:34.374+0000] {dag.py:2907} INFO - Sync 1 DAGs
[2023-08-24T04:31:34.385+0000] {logging_mixin.py:151} INFO - [2023-08-24T04:31:34.385+0000] {dag.py:3677} INFO - Setting next_dagrun for tutorial_taskflow_api_virtualenv to None, run_after=None
[2023-08-24T04:31:34.403+0000] {processor.py:179} INFO - Processing /usr/local/lib/python3.8/dist-packages/airflow/example_dags/tutorial_taskflow_api_virtualenv.py took 0.059 seconds
[2023-08-24T04:32:36.136+0000] {processor.py:157} INFO - Started process (PID=41694) to work on /usr/local/lib/python3.8/dist-packages/airflow/example_dags/tutorial_taskflow_api_virtualenv.py
[2023-08-24T04:32:36.140+0000] {processor.py:829} INFO - Processing file /usr/local/lib/python3.8/dist-packages/airflow/example_dags/tutorial_taskflow_api_virtualenv.py for tasks to queue
[2023-08-24T04:32:36.141+0000] {logging_mixin.py:151} INFO - [2023-08-24T04:32:36.140+0000] {dagbag.py:539} INFO - Filling up the DagBag from /usr/local/lib/python3.8/dist-packages/airflow/example_dags/tutorial_taskflow_api_virtualenv.py
[2023-08-24T04:32:36.148+0000] {processor.py:839} INFO - DAG(s) dict_keys(['tutorial_taskflow_api_virtualenv']) retrieved from /usr/local/lib/python3.8/dist-packages/airflow/example_dags/tutorial_taskflow_api_virtualenv.py
[2023-08-24T04:32:36.164+0000] {logging_mixin.py:151} INFO - [2023-08-24T04:32:36.163+0000] {dag.py:2907} INFO - Sync 1 DAGs
[2023-08-24T04:32:36.174+0000] {logging_mixin.py:151} INFO - [2023-08-24T04:32:36.174+0000] {dag.py:3677} INFO - Setting next_dagrun for tutorial_taskflow_api_virtualenv to None, run_after=None
[2023-08-24T04:32:36.192+0000] {processor.py:179} INFO - Processing /usr/local/lib/python3.8/dist-packages/airflow/example_dags/tutorial_taskflow_api_virtualenv.py took 0.059 seconds
[2023-08-24T04:33:35.590+0000] {processor.py:157} INFO - Started process (PID=41885) to work on /usr/local/lib/python3.8/dist-packages/airflow/example_dags/tutorial_taskflow_api_virtualenv.py
[2023-08-24T04:33:35.593+0000] {processor.py:829} INFO - Processing file /usr/local/lib/python3.8/dist-packages/airflow/example_dags/tutorial_taskflow_api_virtualenv.py for tasks to queue
[2023-08-24T04:33:35.594+0000] {logging_mixin.py:151} INFO - [2023-08-24T04:33:35.593+0000] {dagbag.py:539} INFO - Filling up the DagBag from /usr/local/lib/python3.8/dist-packages/airflow/example_dags/tutorial_taskflow_api_virtualenv.py
[2023-08-24T04:33:35.601+0000] {processor.py:839} INFO - DAG(s) dict_keys(['tutorial_taskflow_api_virtualenv']) retrieved from /usr/local/lib/python3.8/dist-packages/airflow/example_dags/tutorial_taskflow_api_virtualenv.py
[2023-08-24T04:33:35.616+0000] {logging_mixin.py:151} INFO - [2023-08-24T04:33:35.616+0000] {dag.py:2907} INFO - Sync 1 DAGs
[2023-08-24T04:33:35.627+0000] {logging_mixin.py:151} INFO - [2023-08-24T04:33:35.627+0000] {dag.py:3677} INFO - Setting next_dagrun for tutorial_taskflow_api_virtualenv to None, run_after=None
[2023-08-24T04:33:35.644+0000] {processor.py:179} INFO - Processing /usr/local/lib/python3.8/dist-packages/airflow/example_dags/tutorial_taskflow_api_virtualenv.py took 0.057 seconds
[2023-08-24T04:34:33.250+0000] {processor.py:157} INFO - Started process (PID=42068) to work on /usr/local/lib/python3.8/dist-packages/airflow/example_dags/tutorial_taskflow_api_virtualenv.py
[2023-08-24T04:34:33.252+0000] {processor.py:829} INFO - Processing file /usr/local/lib/python3.8/dist-packages/airflow/example_dags/tutorial_taskflow_api_virtualenv.py for tasks to queue
[2023-08-24T04:34:33.253+0000] {logging_mixin.py:151} INFO - [2023-08-24T04:34:33.252+0000] {dagbag.py:539} INFO - Filling up the DagBag from /usr/local/lib/python3.8/dist-packages/airflow/example_dags/tutorial_taskflow_api_virtualenv.py
[2023-08-24T04:34:33.260+0000] {processor.py:839} INFO - DAG(s) dict_keys(['tutorial_taskflow_api_virtualenv']) retrieved from /usr/local/lib/python3.8/dist-packages/airflow/example_dags/tutorial_taskflow_api_virtualenv.py
[2023-08-24T04:34:33.275+0000] {logging_mixin.py:151} INFO - [2023-08-24T04:34:33.275+0000] {dag.py:2907} INFO - Sync 1 DAGs
[2023-08-24T04:34:33.285+0000] {logging_mixin.py:151} INFO - [2023-08-24T04:34:33.285+0000] {dag.py:3677} INFO - Setting next_dagrun for tutorial_taskflow_api_virtualenv to None, run_after=None
[2023-08-24T04:34:33.303+0000] {processor.py:179} INFO - Processing /usr/local/lib/python3.8/dist-packages/airflow/example_dags/tutorial_taskflow_api_virtualenv.py took 0.056 seconds
[2023-08-24T04:35:32.450+0000] {processor.py:157} INFO - Started process (PID=42264) to work on /usr/local/lib/python3.8/dist-packages/airflow/example_dags/tutorial_taskflow_api_virtualenv.py
[2023-08-24T04:35:32.451+0000] {processor.py:829} INFO - Processing file /usr/local/lib/python3.8/dist-packages/airflow/example_dags/tutorial_taskflow_api_virtualenv.py for tasks to queue
[2023-08-24T04:35:32.452+0000] {logging_mixin.py:151} INFO - [2023-08-24T04:35:32.452+0000] {dagbag.py:539} INFO - Filling up the DagBag from /usr/local/lib/python3.8/dist-packages/airflow/example_dags/tutorial_taskflow_api_virtualenv.py
[2023-08-24T04:35:32.459+0000] {processor.py:839} INFO - DAG(s) dict_keys(['tutorial_taskflow_api_virtualenv']) retrieved from /usr/local/lib/python3.8/dist-packages/airflow/example_dags/tutorial_taskflow_api_virtualenv.py
[2023-08-24T04:35:32.475+0000] {logging_mixin.py:151} INFO - [2023-08-24T04:35:32.475+0000] {dag.py:2907} INFO - Sync 1 DAGs
[2023-08-24T04:35:32.486+0000] {logging_mixin.py:151} INFO - [2023-08-24T04:35:32.485+0000] {dag.py:3677} INFO - Setting next_dagrun for tutorial_taskflow_api_virtualenv to None, run_after=None
[2023-08-24T04:35:32.503+0000] {processor.py:179} INFO - Processing /usr/local/lib/python3.8/dist-packages/airflow/example_dags/tutorial_taskflow_api_virtualenv.py took 0.057 seconds
[2023-08-24T04:36:30.411+0000] {processor.py:157} INFO - Started process (PID=42460) to work on /usr/local/lib/python3.8/dist-packages/airflow/example_dags/tutorial_taskflow_api_virtualenv.py
[2023-08-24T04:36:30.414+0000] {processor.py:829} INFO - Processing file /usr/local/lib/python3.8/dist-packages/airflow/example_dags/tutorial_taskflow_api_virtualenv.py for tasks to queue
[2023-08-24T04:36:30.415+0000] {logging_mixin.py:151} INFO - [2023-08-24T04:36:30.415+0000] {dagbag.py:539} INFO - Filling up the DagBag from /usr/local/lib/python3.8/dist-packages/airflow/example_dags/tutorial_taskflow_api_virtualenv.py
[2023-08-24T04:36:30.422+0000] {processor.py:839} INFO - DAG(s) dict_keys(['tutorial_taskflow_api_virtualenv']) retrieved from /usr/local/lib/python3.8/dist-packages/airflow/example_dags/tutorial_taskflow_api_virtualenv.py
[2023-08-24T04:36:30.438+0000] {logging_mixin.py:151} INFO - [2023-08-24T04:36:30.438+0000] {dag.py:2907} INFO - Sync 1 DAGs
[2023-08-24T04:36:30.449+0000] {logging_mixin.py:151} INFO - [2023-08-24T04:36:30.449+0000] {dag.py:3677} INFO - Setting next_dagrun for tutorial_taskflow_api_virtualenv to None, run_after=None
[2023-08-24T04:36:30.466+0000] {processor.py:179} INFO - Processing /usr/local/lib/python3.8/dist-packages/airflow/example_dags/tutorial_taskflow_api_virtualenv.py took 0.059 seconds
[2023-08-24T04:37:27.211+0000] {processor.py:157} INFO - Started process (PID=42643) to work on /usr/local/lib/python3.8/dist-packages/airflow/example_dags/tutorial_taskflow_api_virtualenv.py
[2023-08-24T04:37:27.213+0000] {processor.py:829} INFO - Processing file /usr/local/lib/python3.8/dist-packages/airflow/example_dags/tutorial_taskflow_api_virtualenv.py for tasks to queue
[2023-08-24T04:37:27.213+0000] {logging_mixin.py:151} INFO - [2023-08-24T04:37:27.213+0000] {dagbag.py:539} INFO - Filling up the DagBag from /usr/local/lib/python3.8/dist-packages/airflow/example_dags/tutorial_taskflow_api_virtualenv.py
[2023-08-24T04:37:27.221+0000] {processor.py:839} INFO - DAG(s) dict_keys(['tutorial_taskflow_api_virtualenv']) retrieved from /usr/local/lib/python3.8/dist-packages/airflow/example_dags/tutorial_taskflow_api_virtualenv.py
[2023-08-24T04:37:27.238+0000] {logging_mixin.py:151} INFO - [2023-08-24T04:37:27.237+0000] {dag.py:2907} INFO - Sync 1 DAGs
[2023-08-24T04:37:27.249+0000] {logging_mixin.py:151} INFO - [2023-08-24T04:37:27.249+0000] {dag.py:3677} INFO - Setting next_dagrun for tutorial_taskflow_api_virtualenv to None, run_after=None
[2023-08-24T04:37:27.268+0000] {processor.py:179} INFO - Processing /usr/local/lib/python3.8/dist-packages/airflow/example_dags/tutorial_taskflow_api_virtualenv.py took 0.061 seconds
[2023-08-24T04:38:25.478+0000] {processor.py:157} INFO - Started process (PID=42826) to work on /usr/local/lib/python3.8/dist-packages/airflow/example_dags/tutorial_taskflow_api_virtualenv.py
[2023-08-24T04:38:25.480+0000] {processor.py:829} INFO - Processing file /usr/local/lib/python3.8/dist-packages/airflow/example_dags/tutorial_taskflow_api_virtualenv.py for tasks to queue
[2023-08-24T04:38:25.481+0000] {logging_mixin.py:151} INFO - [2023-08-24T04:38:25.480+0000] {dagbag.py:539} INFO - Filling up the DagBag from /usr/local/lib/python3.8/dist-packages/airflow/example_dags/tutorial_taskflow_api_virtualenv.py
[2023-08-24T04:38:25.488+0000] {processor.py:839} INFO - DAG(s) dict_keys(['tutorial_taskflow_api_virtualenv']) retrieved from /usr/local/lib/python3.8/dist-packages/airflow/example_dags/tutorial_taskflow_api_virtualenv.py
[2023-08-24T04:38:25.503+0000] {logging_mixin.py:151} INFO - [2023-08-24T04:38:25.503+0000] {dag.py:2907} INFO - Sync 1 DAGs
[2023-08-24T04:38:25.514+0000] {logging_mixin.py:151} INFO - [2023-08-24T04:38:25.514+0000] {dag.py:3677} INFO - Setting next_dagrun for tutorial_taskflow_api_virtualenv to None, run_after=None
[2023-08-24T04:38:25.532+0000] {processor.py:179} INFO - Processing /usr/local/lib/python3.8/dist-packages/airflow/example_dags/tutorial_taskflow_api_virtualenv.py took 0.057 seconds
[2023-08-24T04:39:25.553+0000] {processor.py:157} INFO - Started process (PID=43011) to work on /usr/local/lib/python3.8/dist-packages/airflow/example_dags/tutorial_taskflow_api_virtualenv.py
[2023-08-24T04:39:25.555+0000] {processor.py:829} INFO - Processing file /usr/local/lib/python3.8/dist-packages/airflow/example_dags/tutorial_taskflow_api_virtualenv.py for tasks to queue
[2023-08-24T04:39:25.556+0000] {logging_mixin.py:151} INFO - [2023-08-24T04:39:25.555+0000] {dagbag.py:539} INFO - Filling up the DagBag from /usr/local/lib/python3.8/dist-packages/airflow/example_dags/tutorial_taskflow_api_virtualenv.py
[2023-08-24T04:39:25.564+0000] {processor.py:839} INFO - DAG(s) dict_keys(['tutorial_taskflow_api_virtualenv']) retrieved from /usr/local/lib/python3.8/dist-packages/airflow/example_dags/tutorial_taskflow_api_virtualenv.py
[2023-08-24T04:39:25.582+0000] {logging_mixin.py:151} INFO - [2023-08-24T04:39:25.582+0000] {dag.py:2907} INFO - Sync 1 DAGs
[2023-08-24T04:39:25.594+0000] {logging_mixin.py:151} INFO - [2023-08-24T04:39:25.594+0000] {dag.py:3677} INFO - Setting next_dagrun for tutorial_taskflow_api_virtualenv to None, run_after=None
[2023-08-24T04:39:25.612+0000] {processor.py:179} INFO - Processing /usr/local/lib/python3.8/dist-packages/airflow/example_dags/tutorial_taskflow_api_virtualenv.py took 0.063 seconds
[2023-08-24T04:40:25.825+0000] {processor.py:157} INFO - Started process (PID=43207) to work on /usr/local/lib/python3.8/dist-packages/airflow/example_dags/tutorial_taskflow_api_virtualenv.py
[2023-08-24T04:40:25.826+0000] {processor.py:829} INFO - Processing file /usr/local/lib/python3.8/dist-packages/airflow/example_dags/tutorial_taskflow_api_virtualenv.py for tasks to queue
[2023-08-24T04:40:25.827+0000] {logging_mixin.py:151} INFO - [2023-08-24T04:40:25.827+0000] {dagbag.py:539} INFO - Filling up the DagBag from /usr/local/lib/python3.8/dist-packages/airflow/example_dags/tutorial_taskflow_api_virtualenv.py
[2023-08-24T04:40:25.834+0000] {processor.py:839} INFO - DAG(s) dict_keys(['tutorial_taskflow_api_virtualenv']) retrieved from /usr/local/lib/python3.8/dist-packages/airflow/example_dags/tutorial_taskflow_api_virtualenv.py
[2023-08-24T04:40:25.850+0000] {logging_mixin.py:151} INFO - [2023-08-24T04:40:25.850+0000] {dag.py:2907} INFO - Sync 1 DAGs
[2023-08-24T04:40:25.861+0000] {logging_mixin.py:151} INFO - [2023-08-24T04:40:25.861+0000] {dag.py:3677} INFO - Setting next_dagrun for tutorial_taskflow_api_virtualenv to None, run_after=None
[2023-08-24T04:40:25.878+0000] {processor.py:179} INFO - Processing /usr/local/lib/python3.8/dist-packages/airflow/example_dags/tutorial_taskflow_api_virtualenv.py took 0.057 seconds
[2023-08-24T04:41:26.508+0000] {processor.py:157} INFO - Started process (PID=43391) to work on /usr/local/lib/python3.8/dist-packages/airflow/example_dags/tutorial_taskflow_api_virtualenv.py
[2023-08-24T04:41:26.509+0000] {processor.py:829} INFO - Processing file /usr/local/lib/python3.8/dist-packages/airflow/example_dags/tutorial_taskflow_api_virtualenv.py for tasks to queue
[2023-08-24T04:41:26.510+0000] {logging_mixin.py:151} INFO - [2023-08-24T04:41:26.510+0000] {dagbag.py:539} INFO - Filling up the DagBag from /usr/local/lib/python3.8/dist-packages/airflow/example_dags/tutorial_taskflow_api_virtualenv.py
[2023-08-24T04:41:26.519+0000] {processor.py:839} INFO - DAG(s) dict_keys(['tutorial_taskflow_api_virtualenv']) retrieved from /usr/local/lib/python3.8/dist-packages/airflow/example_dags/tutorial_taskflow_api_virtualenv.py
[2023-08-24T04:41:26.537+0000] {logging_mixin.py:151} INFO - [2023-08-24T04:41:26.537+0000] {dag.py:2907} INFO - Sync 1 DAGs
[2023-08-24T04:41:26.549+0000] {logging_mixin.py:151} INFO - [2023-08-24T04:41:26.548+0000] {dag.py:3677} INFO - Setting next_dagrun for tutorial_taskflow_api_virtualenv to None, run_after=None
[2023-08-24T04:41:26.568+0000] {processor.py:179} INFO - Processing /usr/local/lib/python3.8/dist-packages/airflow/example_dags/tutorial_taskflow_api_virtualenv.py took 0.064 seconds
[2023-08-24T04:42:26.097+0000] {processor.py:157} INFO - Started process (PID=43575) to work on /usr/local/lib/python3.8/dist-packages/airflow/example_dags/tutorial_taskflow_api_virtualenv.py
[2023-08-24T04:42:26.098+0000] {processor.py:829} INFO - Processing file /usr/local/lib/python3.8/dist-packages/airflow/example_dags/tutorial_taskflow_api_virtualenv.py for tasks to queue
[2023-08-24T04:42:26.099+0000] {logging_mixin.py:151} INFO - [2023-08-24T04:42:26.099+0000] {dagbag.py:539} INFO - Filling up the DagBag from /usr/local/lib/python3.8/dist-packages/airflow/example_dags/tutorial_taskflow_api_virtualenv.py
[2023-08-24T04:42:26.106+0000] {processor.py:839} INFO - DAG(s) dict_keys(['tutorial_taskflow_api_virtualenv']) retrieved from /usr/local/lib/python3.8/dist-packages/airflow/example_dags/tutorial_taskflow_api_virtualenv.py
[2023-08-24T04:42:26.122+0000] {logging_mixin.py:151} INFO - [2023-08-24T04:42:26.122+0000] {dag.py:2907} INFO - Sync 1 DAGs
[2023-08-24T04:42:26.133+0000] {logging_mixin.py:151} INFO - [2023-08-24T04:42:26.133+0000] {dag.py:3677} INFO - Setting next_dagrun for tutorial_taskflow_api_virtualenv to None, run_after=None
[2023-08-24T04:42:26.150+0000] {processor.py:179} INFO - Processing /usr/local/lib/python3.8/dist-packages/airflow/example_dags/tutorial_taskflow_api_virtualenv.py took 0.057 seconds
[2023-08-24T04:43:25.359+0000] {processor.py:157} INFO - Started process (PID=43762) to work on /usr/local/lib/python3.8/dist-packages/airflow/example_dags/tutorial_taskflow_api_virtualenv.py
[2023-08-24T04:43:25.360+0000] {processor.py:829} INFO - Processing file /usr/local/lib/python3.8/dist-packages/airflow/example_dags/tutorial_taskflow_api_virtualenv.py for tasks to queue
[2023-08-24T04:43:25.361+0000] {logging_mixin.py:151} INFO - [2023-08-24T04:43:25.361+0000] {dagbag.py:539} INFO - Filling up the DagBag from /usr/local/lib/python3.8/dist-packages/airflow/example_dags/tutorial_taskflow_api_virtualenv.py
[2023-08-24T04:43:25.368+0000] {processor.py:839} INFO - DAG(s) dict_keys(['tutorial_taskflow_api_virtualenv']) retrieved from /usr/local/lib/python3.8/dist-packages/airflow/example_dags/tutorial_taskflow_api_virtualenv.py
[2023-08-24T04:43:25.386+0000] {logging_mixin.py:151} INFO - [2023-08-24T04:43:25.386+0000] {dag.py:2907} INFO - Sync 1 DAGs
[2023-08-24T04:43:25.397+0000] {logging_mixin.py:151} INFO - [2023-08-24T04:43:25.397+0000] {dag.py:3677} INFO - Setting next_dagrun for tutorial_taskflow_api_virtualenv to None, run_after=None
[2023-08-24T04:43:25.414+0000] {processor.py:179} INFO - Processing /usr/local/lib/python3.8/dist-packages/airflow/example_dags/tutorial_taskflow_api_virtualenv.py took 0.059 seconds
[2023-08-24T04:44:26.123+0000] {processor.py:157} INFO - Started process (PID=43948) to work on /usr/local/lib/python3.8/dist-packages/airflow/example_dags/tutorial_taskflow_api_virtualenv.py
[2023-08-24T04:44:26.124+0000] {processor.py:829} INFO - Processing file /usr/local/lib/python3.8/dist-packages/airflow/example_dags/tutorial_taskflow_api_virtualenv.py for tasks to queue
[2023-08-24T04:44:26.125+0000] {logging_mixin.py:151} INFO - [2023-08-24T04:44:26.125+0000] {dagbag.py:539} INFO - Filling up the DagBag from /usr/local/lib/python3.8/dist-packages/airflow/example_dags/tutorial_taskflow_api_virtualenv.py
[2023-08-24T04:44:26.132+0000] {processor.py:839} INFO - DAG(s) dict_keys(['tutorial_taskflow_api_virtualenv']) retrieved from /usr/local/lib/python3.8/dist-packages/airflow/example_dags/tutorial_taskflow_api_virtualenv.py
[2023-08-24T04:44:26.148+0000] {logging_mixin.py:151} INFO - [2023-08-24T04:44:26.148+0000] {dag.py:2907} INFO - Sync 1 DAGs
[2023-08-24T04:44:26.159+0000] {logging_mixin.py:151} INFO - [2023-08-24T04:44:26.158+0000] {dag.py:3677} INFO - Setting next_dagrun for tutorial_taskflow_api_virtualenv to None, run_after=None
[2023-08-24T04:44:26.176+0000] {processor.py:179} INFO - Processing /usr/local/lib/python3.8/dist-packages/airflow/example_dags/tutorial_taskflow_api_virtualenv.py took 0.056 seconds
[2023-08-24T04:45:27.185+0000] {processor.py:157} INFO - Started process (PID=44131) to work on /usr/local/lib/python3.8/dist-packages/airflow/example_dags/tutorial_taskflow_api_virtualenv.py
[2023-08-24T04:45:27.186+0000] {processor.py:829} INFO - Processing file /usr/local/lib/python3.8/dist-packages/airflow/example_dags/tutorial_taskflow_api_virtualenv.py for tasks to queue
[2023-08-24T04:45:27.187+0000] {logging_mixin.py:151} INFO - [2023-08-24T04:45:27.187+0000] {dagbag.py:539} INFO - Filling up the DagBag from /usr/local/lib/python3.8/dist-packages/airflow/example_dags/tutorial_taskflow_api_virtualenv.py
[2023-08-24T04:45:27.195+0000] {processor.py:839} INFO - DAG(s) dict_keys(['tutorial_taskflow_api_virtualenv']) retrieved from /usr/local/lib/python3.8/dist-packages/airflow/example_dags/tutorial_taskflow_api_virtualenv.py
[2023-08-24T04:45:27.211+0000] {logging_mixin.py:151} INFO - [2023-08-24T04:45:27.211+0000] {dag.py:2907} INFO - Sync 1 DAGs
[2023-08-24T04:45:27.222+0000] {logging_mixin.py:151} INFO - [2023-08-24T04:45:27.221+0000] {dag.py:3677} INFO - Setting next_dagrun for tutorial_taskflow_api_virtualenv to None, run_after=None
[2023-08-24T04:45:27.239+0000] {processor.py:179} INFO - Processing /usr/local/lib/python3.8/dist-packages/airflow/example_dags/tutorial_taskflow_api_virtualenv.py took 0.058 seconds
[2023-08-24T04:46:28.766+0000] {processor.py:157} INFO - Started process (PID=44314) to work on /usr/local/lib/python3.8/dist-packages/airflow/example_dags/tutorial_taskflow_api_virtualenv.py
[2023-08-24T04:46:28.768+0000] {processor.py:829} INFO - Processing file /usr/local/lib/python3.8/dist-packages/airflow/example_dags/tutorial_taskflow_api_virtualenv.py for tasks to queue
[2023-08-24T04:46:28.769+0000] {logging_mixin.py:151} INFO - [2023-08-24T04:46:28.768+0000] {dagbag.py:539} INFO - Filling up the DagBag from /usr/local/lib/python3.8/dist-packages/airflow/example_dags/tutorial_taskflow_api_virtualenv.py
[2023-08-24T04:46:28.776+0000] {processor.py:839} INFO - DAG(s) dict_keys(['tutorial_taskflow_api_virtualenv']) retrieved from /usr/local/lib/python3.8/dist-packages/airflow/example_dags/tutorial_taskflow_api_virtualenv.py
[2023-08-24T04:46:28.792+0000] {logging_mixin.py:151} INFO - [2023-08-24T04:46:28.792+0000] {dag.py:2907} INFO - Sync 1 DAGs
[2023-08-24T04:46:28.803+0000] {logging_mixin.py:151} INFO - [2023-08-24T04:46:28.803+0000] {dag.py:3677} INFO - Setting next_dagrun for tutorial_taskflow_api_virtualenv to None, run_after=None
[2023-08-24T04:46:28.821+0000] {processor.py:179} INFO - Processing /usr/local/lib/python3.8/dist-packages/airflow/example_dags/tutorial_taskflow_api_virtualenv.py took 0.058 seconds
[2023-08-24T04:47:31.467+0000] {processor.py:157} INFO - Started process (PID=44498) to work on /usr/local/lib/python3.8/dist-packages/airflow/example_dags/tutorial_taskflow_api_virtualenv.py
[2023-08-24T04:47:31.469+0000] {processor.py:829} INFO - Processing file /usr/local/lib/python3.8/dist-packages/airflow/example_dags/tutorial_taskflow_api_virtualenv.py for tasks to queue
[2023-08-24T04:47:31.470+0000] {logging_mixin.py:151} INFO - [2023-08-24T04:47:31.469+0000] {dagbag.py:539} INFO - Filling up the DagBag from /usr/local/lib/python3.8/dist-packages/airflow/example_dags/tutorial_taskflow_api_virtualenv.py
[2023-08-24T04:47:31.477+0000] {processor.py:839} INFO - DAG(s) dict_keys(['tutorial_taskflow_api_virtualenv']) retrieved from /usr/local/lib/python3.8/dist-packages/airflow/example_dags/tutorial_taskflow_api_virtualenv.py
[2023-08-24T04:47:31.493+0000] {logging_mixin.py:151} INFO - [2023-08-24T04:47:31.493+0000] {dag.py:2907} INFO - Sync 1 DAGs
[2023-08-24T04:47:31.504+0000] {logging_mixin.py:151} INFO - [2023-08-24T04:47:31.504+0000] {dag.py:3677} INFO - Setting next_dagrun for tutorial_taskflow_api_virtualenv to None, run_after=None
[2023-08-24T04:47:31.523+0000] {processor.py:179} INFO - Processing /usr/local/lib/python3.8/dist-packages/airflow/example_dags/tutorial_taskflow_api_virtualenv.py took 0.060 seconds
[2023-08-24T04:48:32.632+0000] {processor.py:157} INFO - Started process (PID=44681) to work on /usr/local/lib/python3.8/dist-packages/airflow/example_dags/tutorial_taskflow_api_virtualenv.py
[2023-08-24T04:48:32.634+0000] {processor.py:829} INFO - Processing file /usr/local/lib/python3.8/dist-packages/airflow/example_dags/tutorial_taskflow_api_virtualenv.py for tasks to queue
[2023-08-24T04:48:32.635+0000] {logging_mixin.py:151} INFO - [2023-08-24T04:48:32.634+0000] {dagbag.py:539} INFO - Filling up the DagBag from /usr/local/lib/python3.8/dist-packages/airflow/example_dags/tutorial_taskflow_api_virtualenv.py
[2023-08-24T04:48:32.642+0000] {processor.py:839} INFO - DAG(s) dict_keys(['tutorial_taskflow_api_virtualenv']) retrieved from /usr/local/lib/python3.8/dist-packages/airflow/example_dags/tutorial_taskflow_api_virtualenv.py
[2023-08-24T04:48:32.658+0000] {logging_mixin.py:151} INFO - [2023-08-24T04:48:32.658+0000] {dag.py:2907} INFO - Sync 1 DAGs
[2023-08-24T04:48:32.669+0000] {logging_mixin.py:151} INFO - [2023-08-24T04:48:32.669+0000] {dag.py:3677} INFO - Setting next_dagrun for tutorial_taskflow_api_virtualenv to None, run_after=None
[2023-08-24T04:48:32.687+0000] {processor.py:179} INFO - Processing /usr/local/lib/python3.8/dist-packages/airflow/example_dags/tutorial_taskflow_api_virtualenv.py took 0.059 seconds
[2023-08-24T04:49:34.971+0000] {processor.py:157} INFO - Started process (PID=44865) to work on /usr/local/lib/python3.8/dist-packages/airflow/example_dags/tutorial_taskflow_api_virtualenv.py
[2023-08-24T04:49:34.973+0000] {processor.py:829} INFO - Processing file /usr/local/lib/python3.8/dist-packages/airflow/example_dags/tutorial_taskflow_api_virtualenv.py for tasks to queue
[2023-08-24T04:49:34.974+0000] {logging_mixin.py:151} INFO - [2023-08-24T04:49:34.973+0000] {dagbag.py:539} INFO - Filling up the DagBag from /usr/local/lib/python3.8/dist-packages/airflow/example_dags/tutorial_taskflow_api_virtualenv.py
[2023-08-24T04:49:34.982+0000] {processor.py:839} INFO - DAG(s) dict_keys(['tutorial_taskflow_api_virtualenv']) retrieved from /usr/local/lib/python3.8/dist-packages/airflow/example_dags/tutorial_taskflow_api_virtualenv.py
[2023-08-24T04:49:35.003+0000] {logging_mixin.py:151} INFO - [2023-08-24T04:49:35.002+0000] {dag.py:2907} INFO - Sync 1 DAGs
[2023-08-24T04:49:35.017+0000] {logging_mixin.py:151} INFO - [2023-08-24T04:49:35.016+0000] {dag.py:3677} INFO - Setting next_dagrun for tutorial_taskflow_api_virtualenv to None, run_after=None
[2023-08-24T04:49:35.036+0000] {processor.py:179} INFO - Processing /usr/local/lib/python3.8/dist-packages/airflow/example_dags/tutorial_taskflow_api_virtualenv.py took 0.068 seconds
[2023-08-24T04:50:32.403+0000] {processor.py:157} INFO - Started process (PID=45049) to work on /usr/local/lib/python3.8/dist-packages/airflow/example_dags/tutorial_taskflow_api_virtualenv.py
[2023-08-24T04:50:32.405+0000] {processor.py:829} INFO - Processing file /usr/local/lib/python3.8/dist-packages/airflow/example_dags/tutorial_taskflow_api_virtualenv.py for tasks to queue
[2023-08-24T04:50:32.406+0000] {logging_mixin.py:151} INFO - [2023-08-24T04:50:32.406+0000] {dagbag.py:539} INFO - Filling up the DagBag from /usr/local/lib/python3.8/dist-packages/airflow/example_dags/tutorial_taskflow_api_virtualenv.py
[2023-08-24T04:50:32.413+0000] {processor.py:839} INFO - DAG(s) dict_keys(['tutorial_taskflow_api_virtualenv']) retrieved from /usr/local/lib/python3.8/dist-packages/airflow/example_dags/tutorial_taskflow_api_virtualenv.py
[2023-08-24T04:50:32.429+0000] {logging_mixin.py:151} INFO - [2023-08-24T04:50:32.429+0000] {dag.py:2907} INFO - Sync 1 DAGs
[2023-08-24T04:50:32.440+0000] {logging_mixin.py:151} INFO - [2023-08-24T04:50:32.440+0000] {dag.py:3677} INFO - Setting next_dagrun for tutorial_taskflow_api_virtualenv to None, run_after=None
[2023-08-24T04:50:32.458+0000] {processor.py:179} INFO - Processing /usr/local/lib/python3.8/dist-packages/airflow/example_dags/tutorial_taskflow_api_virtualenv.py took 0.059 seconds
[2023-08-24T04:51:33.100+0000] {processor.py:157} INFO - Started process (PID=45231) to work on /usr/local/lib/python3.8/dist-packages/airflow/example_dags/tutorial_taskflow_api_virtualenv.py
[2023-08-24T04:51:33.101+0000] {processor.py:829} INFO - Processing file /usr/local/lib/python3.8/dist-packages/airflow/example_dags/tutorial_taskflow_api_virtualenv.py for tasks to queue
[2023-08-24T04:51:33.102+0000] {logging_mixin.py:151} INFO - [2023-08-24T04:51:33.102+0000] {dagbag.py:539} INFO - Filling up the DagBag from /usr/local/lib/python3.8/dist-packages/airflow/example_dags/tutorial_taskflow_api_virtualenv.py
[2023-08-24T04:51:33.109+0000] {processor.py:839} INFO - DAG(s) dict_keys(['tutorial_taskflow_api_virtualenv']) retrieved from /usr/local/lib/python3.8/dist-packages/airflow/example_dags/tutorial_taskflow_api_virtualenv.py
[2023-08-24T04:51:33.125+0000] {logging_mixin.py:151} INFO - [2023-08-24T04:51:33.125+0000] {dag.py:2907} INFO - Sync 1 DAGs
[2023-08-24T04:51:33.136+0000] {logging_mixin.py:151} INFO - [2023-08-24T04:51:33.136+0000] {dag.py:3677} INFO - Setting next_dagrun for tutorial_taskflow_api_virtualenv to None, run_after=None
[2023-08-24T04:51:33.154+0000] {processor.py:179} INFO - Processing /usr/local/lib/python3.8/dist-packages/airflow/example_dags/tutorial_taskflow_api_virtualenv.py took 0.058 seconds
[2023-08-24T04:52:34.683+0000] {processor.py:157} INFO - Started process (PID=45414) to work on /usr/local/lib/python3.8/dist-packages/airflow/example_dags/tutorial_taskflow_api_virtualenv.py
[2023-08-24T04:52:34.684+0000] {processor.py:829} INFO - Processing file /usr/local/lib/python3.8/dist-packages/airflow/example_dags/tutorial_taskflow_api_virtualenv.py for tasks to queue
[2023-08-24T04:52:34.685+0000] {logging_mixin.py:151} INFO - [2023-08-24T04:52:34.685+0000] {dagbag.py:539} INFO - Filling up the DagBag from /usr/local/lib/python3.8/dist-packages/airflow/example_dags/tutorial_taskflow_api_virtualenv.py
[2023-08-24T04:52:34.693+0000] {processor.py:839} INFO - DAG(s) dict_keys(['tutorial_taskflow_api_virtualenv']) retrieved from /usr/local/lib/python3.8/dist-packages/airflow/example_dags/tutorial_taskflow_api_virtualenv.py
[2023-08-24T04:52:34.712+0000] {logging_mixin.py:151} INFO - [2023-08-24T04:52:34.711+0000] {dag.py:2907} INFO - Sync 1 DAGs
[2023-08-24T04:52:34.724+0000] {logging_mixin.py:151} INFO - [2023-08-24T04:52:34.724+0000] {dag.py:3677} INFO - Setting next_dagrun for tutorial_taskflow_api_virtualenv to None, run_after=None
[2023-08-24T04:52:34.743+0000] {processor.py:179} INFO - Processing /usr/local/lib/python3.8/dist-packages/airflow/example_dags/tutorial_taskflow_api_virtualenv.py took 0.064 seconds
[2023-08-24T04:53:36.849+0000] {processor.py:157} INFO - Started process (PID=45603) to work on /usr/local/lib/python3.8/dist-packages/airflow/example_dags/tutorial_taskflow_api_virtualenv.py
[2023-08-24T04:53:36.850+0000] {processor.py:829} INFO - Processing file /usr/local/lib/python3.8/dist-packages/airflow/example_dags/tutorial_taskflow_api_virtualenv.py for tasks to queue
[2023-08-24T04:53:36.851+0000] {logging_mixin.py:151} INFO - [2023-08-24T04:53:36.851+0000] {dagbag.py:539} INFO - Filling up the DagBag from /usr/local/lib/python3.8/dist-packages/airflow/example_dags/tutorial_taskflow_api_virtualenv.py
[2023-08-24T04:53:36.859+0000] {processor.py:839} INFO - DAG(s) dict_keys(['tutorial_taskflow_api_virtualenv']) retrieved from /usr/local/lib/python3.8/dist-packages/airflow/example_dags/tutorial_taskflow_api_virtualenv.py
[2023-08-24T04:53:36.875+0000] {logging_mixin.py:151} INFO - [2023-08-24T04:53:36.875+0000] {dag.py:2907} INFO - Sync 1 DAGs
[2023-08-24T04:53:36.886+0000] {logging_mixin.py:151} INFO - [2023-08-24T04:53:36.886+0000] {dag.py:3677} INFO - Setting next_dagrun for tutorial_taskflow_api_virtualenv to None, run_after=None
[2023-08-24T04:53:36.903+0000] {processor.py:179} INFO - Processing /usr/local/lib/python3.8/dist-packages/airflow/example_dags/tutorial_taskflow_api_virtualenv.py took 0.058 seconds
[2023-08-24T04:54:38.120+0000] {processor.py:157} INFO - Started process (PID=45786) to work on /usr/local/lib/python3.8/dist-packages/airflow/example_dags/tutorial_taskflow_api_virtualenv.py
[2023-08-24T04:54:38.124+0000] {processor.py:829} INFO - Processing file /usr/local/lib/python3.8/dist-packages/airflow/example_dags/tutorial_taskflow_api_virtualenv.py for tasks to queue
[2023-08-24T04:54:38.124+0000] {logging_mixin.py:151} INFO - [2023-08-24T04:54:38.124+0000] {dagbag.py:539} INFO - Filling up the DagBag from /usr/local/lib/python3.8/dist-packages/airflow/example_dags/tutorial_taskflow_api_virtualenv.py
[2023-08-24T04:54:38.131+0000] {processor.py:839} INFO - DAG(s) dict_keys(['tutorial_taskflow_api_virtualenv']) retrieved from /usr/local/lib/python3.8/dist-packages/airflow/example_dags/tutorial_taskflow_api_virtualenv.py
[2023-08-24T04:54:38.148+0000] {logging_mixin.py:151} INFO - [2023-08-24T04:54:38.147+0000] {dag.py:2907} INFO - Sync 1 DAGs
[2023-08-24T04:54:38.158+0000] {logging_mixin.py:151} INFO - [2023-08-24T04:54:38.158+0000] {dag.py:3677} INFO - Setting next_dagrun for tutorial_taskflow_api_virtualenv to None, run_after=None
[2023-08-24T04:54:38.177+0000] {processor.py:179} INFO - Processing /usr/local/lib/python3.8/dist-packages/airflow/example_dags/tutorial_taskflow_api_virtualenv.py took 0.060 seconds
[2023-08-24T04:55:37.460+0000] {processor.py:157} INFO - Started process (PID=45969) to work on /usr/local/lib/python3.8/dist-packages/airflow/example_dags/tutorial_taskflow_api_virtualenv.py
[2023-08-24T04:55:37.464+0000] {processor.py:829} INFO - Processing file /usr/local/lib/python3.8/dist-packages/airflow/example_dags/tutorial_taskflow_api_virtualenv.py for tasks to queue
[2023-08-24T04:55:37.465+0000] {logging_mixin.py:151} INFO - [2023-08-24T04:55:37.464+0000] {dagbag.py:539} INFO - Filling up the DagBag from /usr/local/lib/python3.8/dist-packages/airflow/example_dags/tutorial_taskflow_api_virtualenv.py
[2023-08-24T04:55:37.473+0000] {processor.py:839} INFO - DAG(s) dict_keys(['tutorial_taskflow_api_virtualenv']) retrieved from /usr/local/lib/python3.8/dist-packages/airflow/example_dags/tutorial_taskflow_api_virtualenv.py
[2023-08-24T04:55:37.493+0000] {logging_mixin.py:151} INFO - [2023-08-24T04:55:37.493+0000] {dag.py:2907} INFO - Sync 1 DAGs
[2023-08-24T04:55:37.504+0000] {logging_mixin.py:151} INFO - [2023-08-24T04:55:37.504+0000] {dag.py:3677} INFO - Setting next_dagrun for tutorial_taskflow_api_virtualenv to None, run_after=None
[2023-08-24T04:55:37.523+0000] {processor.py:179} INFO - Processing /usr/local/lib/python3.8/dist-packages/airflow/example_dags/tutorial_taskflow_api_virtualenv.py took 0.067 seconds
[2023-08-24T04:56:41.939+0000] {processor.py:157} INFO - Started process (PID=46157) to work on /usr/local/lib/python3.8/dist-packages/airflow/example_dags/tutorial_taskflow_api_virtualenv.py
[2023-08-24T04:56:41.940+0000] {processor.py:829} INFO - Processing file /usr/local/lib/python3.8/dist-packages/airflow/example_dags/tutorial_taskflow_api_virtualenv.py for tasks to queue
[2023-08-24T04:56:41.941+0000] {logging_mixin.py:151} INFO - [2023-08-24T04:56:41.941+0000] {dagbag.py:539} INFO - Filling up the DagBag from /usr/local/lib/python3.8/dist-packages/airflow/example_dags/tutorial_taskflow_api_virtualenv.py
[2023-08-24T04:56:41.948+0000] {processor.py:839} INFO - DAG(s) dict_keys(['tutorial_taskflow_api_virtualenv']) retrieved from /usr/local/lib/python3.8/dist-packages/airflow/example_dags/tutorial_taskflow_api_virtualenv.py
[2023-08-24T04:56:41.965+0000] {logging_mixin.py:151} INFO - [2023-08-24T04:56:41.964+0000] {dag.py:2907} INFO - Sync 1 DAGs
[2023-08-24T04:56:41.976+0000] {logging_mixin.py:151} INFO - [2023-08-24T04:56:41.975+0000] {dag.py:3677} INFO - Setting next_dagrun for tutorial_taskflow_api_virtualenv to None, run_after=None
[2023-08-24T04:56:41.994+0000] {processor.py:179} INFO - Processing /usr/local/lib/python3.8/dist-packages/airflow/example_dags/tutorial_taskflow_api_virtualenv.py took 0.059 seconds
[2023-08-24T04:57:45.633+0000] {processor.py:157} INFO - Started process (PID=46353) to work on /usr/local/lib/python3.8/dist-packages/airflow/example_dags/tutorial_taskflow_api_virtualenv.py
[2023-08-24T04:57:45.636+0000] {processor.py:829} INFO - Processing file /usr/local/lib/python3.8/dist-packages/airflow/example_dags/tutorial_taskflow_api_virtualenv.py for tasks to queue
[2023-08-24T04:57:45.637+0000] {logging_mixin.py:151} INFO - [2023-08-24T04:57:45.636+0000] {dagbag.py:539} INFO - Filling up the DagBag from /usr/local/lib/python3.8/dist-packages/airflow/example_dags/tutorial_taskflow_api_virtualenv.py
[2023-08-24T04:57:45.644+0000] {processor.py:839} INFO - DAG(s) dict_keys(['tutorial_taskflow_api_virtualenv']) retrieved from /usr/local/lib/python3.8/dist-packages/airflow/example_dags/tutorial_taskflow_api_virtualenv.py
[2023-08-24T04:57:45.660+0000] {logging_mixin.py:151} INFO - [2023-08-24T04:57:45.660+0000] {dag.py:2907} INFO - Sync 1 DAGs
[2023-08-24T04:57:45.792+0000] {logging_mixin.py:151} INFO - [2023-08-24T04:57:45.792+0000] {dag.py:3677} INFO - Setting next_dagrun for tutorial_taskflow_api_virtualenv to None, run_after=None
[2023-08-24T04:57:45.809+0000] {processor.py:179} INFO - Processing /usr/local/lib/python3.8/dist-packages/airflow/example_dags/tutorial_taskflow_api_virtualenv.py took 0.179 seconds
[2023-08-24T04:58:48.978+0000] {processor.py:157} INFO - Started process (PID=46537) to work on /usr/local/lib/python3.8/dist-packages/airflow/example_dags/tutorial_taskflow_api_virtualenv.py
[2023-08-24T04:58:48.983+0000] {processor.py:829} INFO - Processing file /usr/local/lib/python3.8/dist-packages/airflow/example_dags/tutorial_taskflow_api_virtualenv.py for tasks to queue
[2023-08-24T04:58:48.984+0000] {logging_mixin.py:151} INFO - [2023-08-24T04:58:48.984+0000] {dagbag.py:539} INFO - Filling up the DagBag from /usr/local/lib/python3.8/dist-packages/airflow/example_dags/tutorial_taskflow_api_virtualenv.py
[2023-08-24T04:58:48.991+0000] {processor.py:839} INFO - DAG(s) dict_keys(['tutorial_taskflow_api_virtualenv']) retrieved from /usr/local/lib/python3.8/dist-packages/airflow/example_dags/tutorial_taskflow_api_virtualenv.py
[2023-08-24T04:58:49.007+0000] {logging_mixin.py:151} INFO - [2023-08-24T04:58:49.007+0000] {dag.py:2907} INFO - Sync 1 DAGs
[2023-08-24T04:58:49.018+0000] {logging_mixin.py:151} INFO - [2023-08-24T04:58:49.018+0000] {dag.py:3677} INFO - Setting next_dagrun for tutorial_taskflow_api_virtualenv to None, run_after=None
[2023-08-24T04:58:49.036+0000] {processor.py:179} INFO - Processing /usr/local/lib/python3.8/dist-packages/airflow/example_dags/tutorial_taskflow_api_virtualenv.py took 0.062 seconds
[2023-08-24T04:59:52.826+0000] {processor.py:157} INFO - Started process (PID=46720) to work on /usr/local/lib/python3.8/dist-packages/airflow/example_dags/tutorial_taskflow_api_virtualenv.py
[2023-08-24T04:59:52.829+0000] {processor.py:829} INFO - Processing file /usr/local/lib/python3.8/dist-packages/airflow/example_dags/tutorial_taskflow_api_virtualenv.py for tasks to queue
[2023-08-24T04:59:52.830+0000] {logging_mixin.py:151} INFO - [2023-08-24T04:59:52.830+0000] {dagbag.py:539} INFO - Filling up the DagBag from /usr/local/lib/python3.8/dist-packages/airflow/example_dags/tutorial_taskflow_api_virtualenv.py
[2023-08-24T04:59:52.838+0000] {processor.py:839} INFO - DAG(s) dict_keys(['tutorial_taskflow_api_virtualenv']) retrieved from /usr/local/lib/python3.8/dist-packages/airflow/example_dags/tutorial_taskflow_api_virtualenv.py
[2023-08-24T04:59:52.853+0000] {logging_mixin.py:151} INFO - [2023-08-24T04:59:52.853+0000] {dag.py:2907} INFO - Sync 1 DAGs
[2023-08-24T04:59:52.864+0000] {logging_mixin.py:151} INFO - [2023-08-24T04:59:52.864+0000] {dag.py:3677} INFO - Setting next_dagrun for tutorial_taskflow_api_virtualenv to None, run_after=None
[2023-08-24T04:59:52.882+0000] {processor.py:179} INFO - Processing /usr/local/lib/python3.8/dist-packages/airflow/example_dags/tutorial_taskflow_api_virtualenv.py took 0.059 seconds
[2023-08-24T05:00:51.906+0000] {processor.py:157} INFO - Started process (PID=46905) to work on /usr/local/lib/python3.8/dist-packages/airflow/example_dags/tutorial_taskflow_api_virtualenv.py
[2023-08-24T05:00:51.908+0000] {processor.py:829} INFO - Processing file /usr/local/lib/python3.8/dist-packages/airflow/example_dags/tutorial_taskflow_api_virtualenv.py for tasks to queue
[2023-08-24T05:00:51.909+0000] {logging_mixin.py:151} INFO - [2023-08-24T05:00:51.908+0000] {dagbag.py:539} INFO - Filling up the DagBag from /usr/local/lib/python3.8/dist-packages/airflow/example_dags/tutorial_taskflow_api_virtualenv.py
[2023-08-24T05:00:51.917+0000] {processor.py:839} INFO - DAG(s) dict_keys(['tutorial_taskflow_api_virtualenv']) retrieved from /usr/local/lib/python3.8/dist-packages/airflow/example_dags/tutorial_taskflow_api_virtualenv.py
[2023-08-24T05:00:51.935+0000] {logging_mixin.py:151} INFO - [2023-08-24T05:00:51.934+0000] {dag.py:2907} INFO - Sync 1 DAGs
[2023-08-24T05:00:51.946+0000] {logging_mixin.py:151} INFO - [2023-08-24T05:00:51.946+0000] {dag.py:3677} INFO - Setting next_dagrun for tutorial_taskflow_api_virtualenv to None, run_after=None
[2023-08-24T05:00:51.964+0000] {processor.py:179} INFO - Processing /usr/local/lib/python3.8/dist-packages/airflow/example_dags/tutorial_taskflow_api_virtualenv.py took 0.063 seconds
[2023-08-24T05:01:51.015+0000] {processor.py:157} INFO - Started process (PID=47103) to work on /usr/local/lib/python3.8/dist-packages/airflow/example_dags/tutorial_taskflow_api_virtualenv.py
[2023-08-24T05:01:51.016+0000] {processor.py:829} INFO - Processing file /usr/local/lib/python3.8/dist-packages/airflow/example_dags/tutorial_taskflow_api_virtualenv.py for tasks to queue
[2023-08-24T05:01:51.017+0000] {logging_mixin.py:151} INFO - [2023-08-24T05:01:51.017+0000] {dagbag.py:539} INFO - Filling up the DagBag from /usr/local/lib/python3.8/dist-packages/airflow/example_dags/tutorial_taskflow_api_virtualenv.py
[2023-08-24T05:01:51.024+0000] {processor.py:839} INFO - DAG(s) dict_keys(['tutorial_taskflow_api_virtualenv']) retrieved from /usr/local/lib/python3.8/dist-packages/airflow/example_dags/tutorial_taskflow_api_virtualenv.py
[2023-08-24T05:01:51.041+0000] {logging_mixin.py:151} INFO - [2023-08-24T05:01:51.041+0000] {dag.py:2907} INFO - Sync 1 DAGs
[2023-08-24T05:01:51.052+0000] {logging_mixin.py:151} INFO - [2023-08-24T05:01:51.052+0000] {dag.py:3677} INFO - Setting next_dagrun for tutorial_taskflow_api_virtualenv to None, run_after=None
[2023-08-24T05:01:51.070+0000] {processor.py:179} INFO - Processing /usr/local/lib/python3.8/dist-packages/airflow/example_dags/tutorial_taskflow_api_virtualenv.py took 0.059 seconds
[2023-08-24T05:02:51.734+0000] {processor.py:157} INFO - Started process (PID=47287) to work on /usr/local/lib/python3.8/dist-packages/airflow/example_dags/tutorial_taskflow_api_virtualenv.py
[2023-08-24T05:02:51.735+0000] {processor.py:829} INFO - Processing file /usr/local/lib/python3.8/dist-packages/airflow/example_dags/tutorial_taskflow_api_virtualenv.py for tasks to queue
[2023-08-24T05:02:51.736+0000] {logging_mixin.py:151} INFO - [2023-08-24T05:02:51.736+0000] {dagbag.py:539} INFO - Filling up the DagBag from /usr/local/lib/python3.8/dist-packages/airflow/example_dags/tutorial_taskflow_api_virtualenv.py
[2023-08-24T05:02:51.743+0000] {processor.py:839} INFO - DAG(s) dict_keys(['tutorial_taskflow_api_virtualenv']) retrieved from /usr/local/lib/python3.8/dist-packages/airflow/example_dags/tutorial_taskflow_api_virtualenv.py
[2023-08-24T05:02:51.760+0000] {logging_mixin.py:151} INFO - [2023-08-24T05:02:51.759+0000] {dag.py:2907} INFO - Sync 1 DAGs
[2023-08-24T05:02:51.771+0000] {logging_mixin.py:151} INFO - [2023-08-24T05:02:51.770+0000] {dag.py:3677} INFO - Setting next_dagrun for tutorial_taskflow_api_virtualenv to None, run_after=None
[2023-08-24T05:02:51.788+0000] {processor.py:179} INFO - Processing /usr/local/lib/python3.8/dist-packages/airflow/example_dags/tutorial_taskflow_api_virtualenv.py took 0.058 seconds
[2023-08-24T05:03:52.538+0000] {processor.py:157} INFO - Started process (PID=47476) to work on /usr/local/lib/python3.8/dist-packages/airflow/example_dags/tutorial_taskflow_api_virtualenv.py
[2023-08-24T05:03:52.540+0000] {processor.py:829} INFO - Processing file /usr/local/lib/python3.8/dist-packages/airflow/example_dags/tutorial_taskflow_api_virtualenv.py for tasks to queue
[2023-08-24T05:03:52.540+0000] {logging_mixin.py:151} INFO - [2023-08-24T05:03:52.540+0000] {dagbag.py:539} INFO - Filling up the DagBag from /usr/local/lib/python3.8/dist-packages/airflow/example_dags/tutorial_taskflow_api_virtualenv.py
[2023-08-24T05:03:52.548+0000] {processor.py:839} INFO - DAG(s) dict_keys(['tutorial_taskflow_api_virtualenv']) retrieved from /usr/local/lib/python3.8/dist-packages/airflow/example_dags/tutorial_taskflow_api_virtualenv.py
[2023-08-24T05:03:52.564+0000] {logging_mixin.py:151} INFO - [2023-08-24T05:03:52.564+0000] {dag.py:2907} INFO - Sync 1 DAGs
[2023-08-24T05:03:52.575+0000] {logging_mixin.py:151} INFO - [2023-08-24T05:03:52.575+0000] {dag.py:3677} INFO - Setting next_dagrun for tutorial_taskflow_api_virtualenv to None, run_after=None
[2023-08-24T05:03:52.592+0000] {processor.py:179} INFO - Processing /usr/local/lib/python3.8/dist-packages/airflow/example_dags/tutorial_taskflow_api_virtualenv.py took 0.058 seconds
[2023-08-24T05:04:50.405+0000] {processor.py:157} INFO - Started process (PID=47658) to work on /usr/local/lib/python3.8/dist-packages/airflow/example_dags/tutorial_taskflow_api_virtualenv.py
[2023-08-24T05:04:50.407+0000] {processor.py:829} INFO - Processing file /usr/local/lib/python3.8/dist-packages/airflow/example_dags/tutorial_taskflow_api_virtualenv.py for tasks to queue
[2023-08-24T05:04:50.408+0000] {logging_mixin.py:151} INFO - [2023-08-24T05:04:50.408+0000] {dagbag.py:539} INFO - Filling up the DagBag from /usr/local/lib/python3.8/dist-packages/airflow/example_dags/tutorial_taskflow_api_virtualenv.py
[2023-08-24T05:04:50.416+0000] {processor.py:839} INFO - DAG(s) dict_keys(['tutorial_taskflow_api_virtualenv']) retrieved from /usr/local/lib/python3.8/dist-packages/airflow/example_dags/tutorial_taskflow_api_virtualenv.py
[2023-08-24T05:04:50.434+0000] {logging_mixin.py:151} INFO - [2023-08-24T05:04:50.434+0000] {dag.py:2907} INFO - Sync 1 DAGs
[2023-08-24T05:04:50.445+0000] {logging_mixin.py:151} INFO - [2023-08-24T05:04:50.445+0000] {dag.py:3677} INFO - Setting next_dagrun for tutorial_taskflow_api_virtualenv to None, run_after=None
[2023-08-24T05:04:50.463+0000] {processor.py:179} INFO - Processing /usr/local/lib/python3.8/dist-packages/airflow/example_dags/tutorial_taskflow_api_virtualenv.py took 0.062 seconds
[2023-08-24T05:05:49.394+0000] {processor.py:157} INFO - Started process (PID=47854) to work on /usr/local/lib/python3.8/dist-packages/airflow/example_dags/tutorial_taskflow_api_virtualenv.py
[2023-08-24T05:05:49.396+0000] {processor.py:829} INFO - Processing file /usr/local/lib/python3.8/dist-packages/airflow/example_dags/tutorial_taskflow_api_virtualenv.py for tasks to queue
[2023-08-24T05:05:49.397+0000] {logging_mixin.py:151} INFO - [2023-08-24T05:05:49.396+0000] {dagbag.py:539} INFO - Filling up the DagBag from /usr/local/lib/python3.8/dist-packages/airflow/example_dags/tutorial_taskflow_api_virtualenv.py
[2023-08-24T05:05:49.404+0000] {processor.py:839} INFO - DAG(s) dict_keys(['tutorial_taskflow_api_virtualenv']) retrieved from /usr/local/lib/python3.8/dist-packages/airflow/example_dags/tutorial_taskflow_api_virtualenv.py
[2023-08-24T05:05:49.420+0000] {logging_mixin.py:151} INFO - [2023-08-24T05:05:49.420+0000] {dag.py:2907} INFO - Sync 1 DAGs
[2023-08-24T05:05:49.430+0000] {logging_mixin.py:151} INFO - [2023-08-24T05:05:49.430+0000] {dag.py:3677} INFO - Setting next_dagrun for tutorial_taskflow_api_virtualenv to None, run_after=None
[2023-08-24T05:05:49.448+0000] {processor.py:179} INFO - Processing /usr/local/lib/python3.8/dist-packages/airflow/example_dags/tutorial_taskflow_api_virtualenv.py took 0.057 seconds
[2023-08-24T05:06:46.935+0000] {processor.py:157} INFO - Started process (PID=48051) to work on /usr/local/lib/python3.8/dist-packages/airflow/example_dags/tutorial_taskflow_api_virtualenv.py
[2023-08-24T05:06:46.937+0000] {processor.py:829} INFO - Processing file /usr/local/lib/python3.8/dist-packages/airflow/example_dags/tutorial_taskflow_api_virtualenv.py for tasks to queue
[2023-08-24T05:06:46.938+0000] {logging_mixin.py:151} INFO - [2023-08-24T05:06:46.937+0000] {dagbag.py:539} INFO - Filling up the DagBag from /usr/local/lib/python3.8/dist-packages/airflow/example_dags/tutorial_taskflow_api_virtualenv.py
[2023-08-24T05:06:46.945+0000] {processor.py:839} INFO - DAG(s) dict_keys(['tutorial_taskflow_api_virtualenv']) retrieved from /usr/local/lib/python3.8/dist-packages/airflow/example_dags/tutorial_taskflow_api_virtualenv.py
[2023-08-24T05:06:46.961+0000] {logging_mixin.py:151} INFO - [2023-08-24T05:06:46.961+0000] {dag.py:2907} INFO - Sync 1 DAGs
[2023-08-24T05:06:46.973+0000] {logging_mixin.py:151} INFO - [2023-08-24T05:06:46.973+0000] {dag.py:3677} INFO - Setting next_dagrun for tutorial_taskflow_api_virtualenv to None, run_after=None
[2023-08-24T05:06:46.991+0000] {processor.py:179} INFO - Processing /usr/local/lib/python3.8/dist-packages/airflow/example_dags/tutorial_taskflow_api_virtualenv.py took 0.059 seconds
[2023-08-24T05:07:47.156+0000] {processor.py:157} INFO - Started process (PID=48237) to work on /usr/local/lib/python3.8/dist-packages/airflow/example_dags/tutorial_taskflow_api_virtualenv.py
[2023-08-24T05:07:47.158+0000] {processor.py:829} INFO - Processing file /usr/local/lib/python3.8/dist-packages/airflow/example_dags/tutorial_taskflow_api_virtualenv.py for tasks to queue
[2023-08-24T05:07:47.159+0000] {logging_mixin.py:151} INFO - [2023-08-24T05:07:47.159+0000] {dagbag.py:539} INFO - Filling up the DagBag from /usr/local/lib/python3.8/dist-packages/airflow/example_dags/tutorial_taskflow_api_virtualenv.py
[2023-08-24T05:07:47.168+0000] {processor.py:839} INFO - DAG(s) dict_keys(['tutorial_taskflow_api_virtualenv']) retrieved from /usr/local/lib/python3.8/dist-packages/airflow/example_dags/tutorial_taskflow_api_virtualenv.py
[2023-08-24T05:07:47.186+0000] {logging_mixin.py:151} INFO - [2023-08-24T05:07:47.186+0000] {dag.py:2907} INFO - Sync 1 DAGs
[2023-08-24T05:07:47.198+0000] {logging_mixin.py:151} INFO - [2023-08-24T05:07:47.198+0000] {dag.py:3677} INFO - Setting next_dagrun for tutorial_taskflow_api_virtualenv to None, run_after=None
[2023-08-24T05:07:47.216+0000] {processor.py:179} INFO - Processing /usr/local/lib/python3.8/dist-packages/airflow/example_dags/tutorial_taskflow_api_virtualenv.py took 0.064 seconds
[2023-08-24T05:08:47.798+0000] {processor.py:157} INFO - Started process (PID=48420) to work on /usr/local/lib/python3.8/dist-packages/airflow/example_dags/tutorial_taskflow_api_virtualenv.py
[2023-08-24T05:08:47.799+0000] {processor.py:829} INFO - Processing file /usr/local/lib/python3.8/dist-packages/airflow/example_dags/tutorial_taskflow_api_virtualenv.py for tasks to queue
[2023-08-24T05:08:47.800+0000] {logging_mixin.py:151} INFO - [2023-08-24T05:08:47.800+0000] {dagbag.py:539} INFO - Filling up the DagBag from /usr/local/lib/python3.8/dist-packages/airflow/example_dags/tutorial_taskflow_api_virtualenv.py
[2023-08-24T05:08:47.808+0000] {processor.py:839} INFO - DAG(s) dict_keys(['tutorial_taskflow_api_virtualenv']) retrieved from /usr/local/lib/python3.8/dist-packages/airflow/example_dags/tutorial_taskflow_api_virtualenv.py
[2023-08-24T05:08:47.825+0000] {logging_mixin.py:151} INFO - [2023-08-24T05:08:47.825+0000] {dag.py:2907} INFO - Sync 1 DAGs
[2023-08-24T05:08:47.837+0000] {logging_mixin.py:151} INFO - [2023-08-24T05:08:47.836+0000] {dag.py:3677} INFO - Setting next_dagrun for tutorial_taskflow_api_virtualenv to None, run_after=None
[2023-08-24T05:08:47.856+0000] {processor.py:179} INFO - Processing /usr/local/lib/python3.8/dist-packages/airflow/example_dags/tutorial_taskflow_api_virtualenv.py took 0.062 seconds
[2023-08-24T05:09:46.922+0000] {processor.py:157} INFO - Started process (PID=48616) to work on /usr/local/lib/python3.8/dist-packages/airflow/example_dags/tutorial_taskflow_api_virtualenv.py
[2023-08-24T05:09:46.923+0000] {processor.py:829} INFO - Processing file /usr/local/lib/python3.8/dist-packages/airflow/example_dags/tutorial_taskflow_api_virtualenv.py for tasks to queue
[2023-08-24T05:09:46.924+0000] {logging_mixin.py:151} INFO - [2023-08-24T05:09:46.924+0000] {dagbag.py:539} INFO - Filling up the DagBag from /usr/local/lib/python3.8/dist-packages/airflow/example_dags/tutorial_taskflow_api_virtualenv.py
[2023-08-24T05:09:46.932+0000] {processor.py:839} INFO - DAG(s) dict_keys(['tutorial_taskflow_api_virtualenv']) retrieved from /usr/local/lib/python3.8/dist-packages/airflow/example_dags/tutorial_taskflow_api_virtualenv.py
[2023-08-24T05:09:46.949+0000] {logging_mixin.py:151} INFO - [2023-08-24T05:09:46.949+0000] {dag.py:2907} INFO - Sync 1 DAGs
[2023-08-24T05:09:46.961+0000] {logging_mixin.py:151} INFO - [2023-08-24T05:09:46.961+0000] {dag.py:3677} INFO - Setting next_dagrun for tutorial_taskflow_api_virtualenv to None, run_after=None
[2023-08-24T05:09:46.980+0000] {processor.py:179} INFO - Processing /usr/local/lib/python3.8/dist-packages/airflow/example_dags/tutorial_taskflow_api_virtualenv.py took 0.062 seconds
[2023-08-24T05:10:44.197+0000] {processor.py:157} INFO - Started process (PID=48797) to work on /usr/local/lib/python3.8/dist-packages/airflow/example_dags/tutorial_taskflow_api_virtualenv.py
[2023-08-24T05:10:44.198+0000] {processor.py:829} INFO - Processing file /usr/local/lib/python3.8/dist-packages/airflow/example_dags/tutorial_taskflow_api_virtualenv.py for tasks to queue
[2023-08-24T05:10:44.199+0000] {logging_mixin.py:151} INFO - [2023-08-24T05:10:44.199+0000] {dagbag.py:539} INFO - Filling up the DagBag from /usr/local/lib/python3.8/dist-packages/airflow/example_dags/tutorial_taskflow_api_virtualenv.py
[2023-08-24T05:10:44.206+0000] {processor.py:839} INFO - DAG(s) dict_keys(['tutorial_taskflow_api_virtualenv']) retrieved from /usr/local/lib/python3.8/dist-packages/airflow/example_dags/tutorial_taskflow_api_virtualenv.py
[2023-08-24T05:10:44.223+0000] {logging_mixin.py:151} INFO - [2023-08-24T05:10:44.223+0000] {dag.py:2907} INFO - Sync 1 DAGs
[2023-08-24T05:10:44.234+0000] {logging_mixin.py:151} INFO - [2023-08-24T05:10:44.234+0000] {dag.py:3677} INFO - Setting next_dagrun for tutorial_taskflow_api_virtualenv to None, run_after=None
[2023-08-24T05:10:44.253+0000] {processor.py:179} INFO - Processing /usr/local/lib/python3.8/dist-packages/airflow/example_dags/tutorial_taskflow_api_virtualenv.py took 0.060 seconds
[2023-08-24T05:12:00.298+0000] {processor.py:157} INFO - Started process (PID=48953) to work on /usr/local/lib/python3.8/dist-packages/airflow/example_dags/tutorial_taskflow_api_virtualenv.py
[2023-08-24T05:12:00.300+0000] {processor.py:829} INFO - Processing file /usr/local/lib/python3.8/dist-packages/airflow/example_dags/tutorial_taskflow_api_virtualenv.py for tasks to queue
[2023-08-24T05:12:00.301+0000] {logging_mixin.py:151} INFO - [2023-08-24T05:12:00.300+0000] {dagbag.py:539} INFO - Filling up the DagBag from /usr/local/lib/python3.8/dist-packages/airflow/example_dags/tutorial_taskflow_api_virtualenv.py
[2023-08-24T05:12:00.308+0000] {processor.py:839} INFO - DAG(s) dict_keys(['tutorial_taskflow_api_virtualenv']) retrieved from /usr/local/lib/python3.8/dist-packages/airflow/example_dags/tutorial_taskflow_api_virtualenv.py
[2023-08-24T05:12:00.324+0000] {logging_mixin.py:151} INFO - [2023-08-24T05:12:00.324+0000] {dag.py:2907} INFO - Sync 1 DAGs
[2023-08-24T05:12:00.335+0000] {logging_mixin.py:151} INFO - [2023-08-24T05:12:00.335+0000] {dag.py:3677} INFO - Setting next_dagrun for tutorial_taskflow_api_virtualenv to None, run_after=None
[2023-08-24T05:12:00.353+0000] {processor.py:179} INFO - Processing /usr/local/lib/python3.8/dist-packages/airflow/example_dags/tutorial_taskflow_api_virtualenv.py took 0.059 seconds
[2023-08-24T05:13:02.849+0000] {processor.py:157} INFO - Started process (PID=49150) to work on /usr/local/lib/python3.8/dist-packages/airflow/example_dags/tutorial_taskflow_api_virtualenv.py
[2023-08-24T05:13:02.851+0000] {processor.py:829} INFO - Processing file /usr/local/lib/python3.8/dist-packages/airflow/example_dags/tutorial_taskflow_api_virtualenv.py for tasks to queue
[2023-08-24T05:13:02.852+0000] {logging_mixin.py:151} INFO - [2023-08-24T05:13:02.851+0000] {dagbag.py:539} INFO - Filling up the DagBag from /usr/local/lib/python3.8/dist-packages/airflow/example_dags/tutorial_taskflow_api_virtualenv.py
[2023-08-24T05:13:02.859+0000] {processor.py:839} INFO - DAG(s) dict_keys(['tutorial_taskflow_api_virtualenv']) retrieved from /usr/local/lib/python3.8/dist-packages/airflow/example_dags/tutorial_taskflow_api_virtualenv.py
[2023-08-24T05:13:02.876+0000] {logging_mixin.py:151} INFO - [2023-08-24T05:13:02.876+0000] {dag.py:2907} INFO - Sync 1 DAGs
[2023-08-24T05:13:02.888+0000] {logging_mixin.py:151} INFO - [2023-08-24T05:13:02.887+0000] {dag.py:3677} INFO - Setting next_dagrun for tutorial_taskflow_api_virtualenv to None, run_after=None
[2023-08-24T05:13:02.907+0000] {processor.py:179} INFO - Processing /usr/local/lib/python3.8/dist-packages/airflow/example_dags/tutorial_taskflow_api_virtualenv.py took 0.061 seconds
