[2023-08-24T04:22:00.877+0000] {processor.py:157} INFO - Started process (PID=37601) to work on /usr/local/lib/python3.8/dist-packages/airflow/example_dags/tutorial.py
[2023-08-24T04:22:00.878+0000] {processor.py:829} INFO - Processing file /usr/local/lib/python3.8/dist-packages/airflow/example_dags/tutorial.py for tasks to queue
[2023-08-24T04:22:00.879+0000] {logging_mixin.py:151} INFO - [2023-08-24T04:22:00.878+0000] {dagbag.py:539} INFO - Filling up the DagBag from /usr/local/lib/python3.8/dist-packages/airflow/example_dags/tutorial.py
[2023-08-24T04:22:00.886+0000] {processor.py:839} INFO - DAG(s) dict_keys(['tutorial']) retrieved from /usr/local/lib/python3.8/dist-packages/airflow/example_dags/tutorial.py
[2023-08-24T04:22:00.903+0000] {logging_mixin.py:151} INFO - [2023-08-24T04:22:00.903+0000] {dag.py:2907} INFO - Sync 1 DAGs
[2023-08-24T04:22:00.918+0000] {logging_mixin.py:151} INFO - [2023-08-24T04:22:00.918+0000] {dag.py:3677} INFO - Setting next_dagrun for tutorial to 2023-08-23T04:22:00.918088+00:00, run_after=2023-08-24T04:22:00.918088+00:00
[2023-08-24T04:22:00.935+0000] {processor.py:179} INFO - Processing /usr/local/lib/python3.8/dist-packages/airflow/example_dags/tutorial.py took 0.061 seconds
[2023-08-24T04:31:15.101+0000] {processor.py:157} INFO - Started process (PID=41476) to work on /usr/local/lib/python3.8/dist-packages/airflow/example_dags/tutorial.py
[2023-08-24T04:31:15.102+0000] {processor.py:829} INFO - Processing file /usr/local/lib/python3.8/dist-packages/airflow/example_dags/tutorial.py for tasks to queue
[2023-08-24T04:31:15.103+0000] {logging_mixin.py:151} INFO - [2023-08-24T04:31:15.103+0000] {dagbag.py:539} INFO - Filling up the DagBag from /usr/local/lib/python3.8/dist-packages/airflow/example_dags/tutorial.py
[2023-08-24T04:31:15.111+0000] {processor.py:839} INFO - DAG(s) dict_keys(['tutorial']) retrieved from /usr/local/lib/python3.8/dist-packages/airflow/example_dags/tutorial.py
[2023-08-24T04:31:15.128+0000] {logging_mixin.py:151} INFO - [2023-08-24T04:31:15.128+0000] {dag.py:2907} INFO - Sync 1 DAGs
[2023-08-24T04:31:15.145+0000] {logging_mixin.py:151} INFO - [2023-08-24T04:31:15.145+0000] {dag.py:3677} INFO - Setting next_dagrun for tutorial to 2023-08-23T04:31:15.145446+00:00, run_after=2023-08-24T04:31:15.145446+00:00
[2023-08-24T04:31:15.163+0000] {processor.py:179} INFO - Processing /usr/local/lib/python3.8/dist-packages/airflow/example_dags/tutorial.py took 0.066 seconds
[2023-08-24T04:32:15.982+0000] {processor.py:157} INFO - Started process (PID=41674) to work on /usr/local/lib/python3.8/dist-packages/airflow/example_dags/tutorial.py
[2023-08-24T04:32:15.984+0000] {processor.py:829} INFO - Processing file /usr/local/lib/python3.8/dist-packages/airflow/example_dags/tutorial.py for tasks to queue
[2023-08-24T04:32:15.985+0000] {logging_mixin.py:151} INFO - [2023-08-24T04:32:15.984+0000] {dagbag.py:539} INFO - Filling up the DagBag from /usr/local/lib/python3.8/dist-packages/airflow/example_dags/tutorial.py
[2023-08-24T04:32:15.993+0000] {processor.py:839} INFO - DAG(s) dict_keys(['tutorial']) retrieved from /usr/local/lib/python3.8/dist-packages/airflow/example_dags/tutorial.py
[2023-08-24T04:32:16.008+0000] {logging_mixin.py:151} INFO - [2023-08-24T04:32:16.008+0000] {dag.py:2907} INFO - Sync 1 DAGs
[2023-08-24T04:32:16.025+0000] {logging_mixin.py:151} INFO - [2023-08-24T04:32:16.025+0000] {dag.py:3677} INFO - Setting next_dagrun for tutorial to 2023-08-23T04:32:16.024804+00:00, run_after=2023-08-24T04:32:16.024804+00:00
[2023-08-24T04:32:16.043+0000] {processor.py:179} INFO - Processing /usr/local/lib/python3.8/dist-packages/airflow/example_dags/tutorial.py took 0.064 seconds
[2023-08-24T04:33:15.645+0000] {processor.py:157} INFO - Started process (PID=41865) to work on /usr/local/lib/python3.8/dist-packages/airflow/example_dags/tutorial.py
[2023-08-24T04:33:15.647+0000] {processor.py:829} INFO - Processing file /usr/local/lib/python3.8/dist-packages/airflow/example_dags/tutorial.py for tasks to queue
[2023-08-24T04:33:15.648+0000] {logging_mixin.py:151} INFO - [2023-08-24T04:33:15.647+0000] {dagbag.py:539} INFO - Filling up the DagBag from /usr/local/lib/python3.8/dist-packages/airflow/example_dags/tutorial.py
[2023-08-24T04:33:15.655+0000] {processor.py:839} INFO - DAG(s) dict_keys(['tutorial']) retrieved from /usr/local/lib/python3.8/dist-packages/airflow/example_dags/tutorial.py
[2023-08-24T04:33:15.670+0000] {logging_mixin.py:151} INFO - [2023-08-24T04:33:15.670+0000] {dag.py:2907} INFO - Sync 1 DAGs
[2023-08-24T04:33:15.688+0000] {logging_mixin.py:151} INFO - [2023-08-24T04:33:15.688+0000] {dag.py:3677} INFO - Setting next_dagrun for tutorial to 2023-08-23T04:33:15.688376+00:00, run_after=2023-08-24T04:33:15.688376+00:00
[2023-08-24T04:33:15.707+0000] {processor.py:179} INFO - Processing /usr/local/lib/python3.8/dist-packages/airflow/example_dags/tutorial.py took 0.065 seconds
[2023-08-24T04:34:14.762+0000] {processor.py:157} INFO - Started process (PID=42048) to work on /usr/local/lib/python3.8/dist-packages/airflow/example_dags/tutorial.py
[2023-08-24T04:34:14.764+0000] {processor.py:829} INFO - Processing file /usr/local/lib/python3.8/dist-packages/airflow/example_dags/tutorial.py for tasks to queue
[2023-08-24T04:34:14.764+0000] {logging_mixin.py:151} INFO - [2023-08-24T04:34:14.764+0000] {dagbag.py:539} INFO - Filling up the DagBag from /usr/local/lib/python3.8/dist-packages/airflow/example_dags/tutorial.py
[2023-08-24T04:34:14.772+0000] {processor.py:839} INFO - DAG(s) dict_keys(['tutorial']) retrieved from /usr/local/lib/python3.8/dist-packages/airflow/example_dags/tutorial.py
[2023-08-24T04:34:14.787+0000] {logging_mixin.py:151} INFO - [2023-08-24T04:34:14.787+0000] {dag.py:2907} INFO - Sync 1 DAGs
[2023-08-24T04:34:14.803+0000] {logging_mixin.py:151} INFO - [2023-08-24T04:34:14.803+0000] {dag.py:3677} INFO - Setting next_dagrun for tutorial to 2023-08-23T04:34:14.802960+00:00, run_after=2023-08-24T04:34:14.802960+00:00
[2023-08-24T04:34:14.820+0000] {processor.py:179} INFO - Processing /usr/local/lib/python3.8/dist-packages/airflow/example_dags/tutorial.py took 0.062 seconds
[2023-08-24T04:35:15.086+0000] {processor.py:157} INFO - Started process (PID=42244) to work on /usr/local/lib/python3.8/dist-packages/airflow/example_dags/tutorial.py
[2023-08-24T04:35:15.089+0000] {processor.py:829} INFO - Processing file /usr/local/lib/python3.8/dist-packages/airflow/example_dags/tutorial.py for tasks to queue
[2023-08-24T04:35:15.090+0000] {logging_mixin.py:151} INFO - [2023-08-24T04:35:15.089+0000] {dagbag.py:539} INFO - Filling up the DagBag from /usr/local/lib/python3.8/dist-packages/airflow/example_dags/tutorial.py
[2023-08-24T04:35:15.098+0000] {processor.py:839} INFO - DAG(s) dict_keys(['tutorial']) retrieved from /usr/local/lib/python3.8/dist-packages/airflow/example_dags/tutorial.py
[2023-08-24T04:35:15.113+0000] {logging_mixin.py:151} INFO - [2023-08-24T04:35:15.113+0000] {dag.py:2907} INFO - Sync 1 DAGs
[2023-08-24T04:35:15.130+0000] {logging_mixin.py:151} INFO - [2023-08-24T04:35:15.130+0000] {dag.py:3677} INFO - Setting next_dagrun for tutorial to 2023-08-23T04:35:15.130080+00:00, run_after=2023-08-24T04:35:15.130080+00:00
[2023-08-24T04:35:15.148+0000] {processor.py:179} INFO - Processing /usr/local/lib/python3.8/dist-packages/airflow/example_dags/tutorial.py took 0.066 seconds
[2023-08-24T04:36:13.361+0000] {processor.py:157} INFO - Started process (PID=42440) to work on /usr/local/lib/python3.8/dist-packages/airflow/example_dags/tutorial.py
[2023-08-24T04:36:13.363+0000] {processor.py:829} INFO - Processing file /usr/local/lib/python3.8/dist-packages/airflow/example_dags/tutorial.py for tasks to queue
[2023-08-24T04:36:13.364+0000] {logging_mixin.py:151} INFO - [2023-08-24T04:36:13.363+0000] {dagbag.py:539} INFO - Filling up the DagBag from /usr/local/lib/python3.8/dist-packages/airflow/example_dags/tutorial.py
[2023-08-24T04:36:13.371+0000] {processor.py:839} INFO - DAG(s) dict_keys(['tutorial']) retrieved from /usr/local/lib/python3.8/dist-packages/airflow/example_dags/tutorial.py
[2023-08-24T04:36:13.386+0000] {logging_mixin.py:151} INFO - [2023-08-24T04:36:13.386+0000] {dag.py:2907} INFO - Sync 1 DAGs
[2023-08-24T04:36:13.402+0000] {logging_mixin.py:151} INFO - [2023-08-24T04:36:13.402+0000] {dag.py:3677} INFO - Setting next_dagrun for tutorial to 2023-08-23T04:36:13.402180+00:00, run_after=2023-08-24T04:36:13.402180+00:00
[2023-08-24T04:36:13.420+0000] {processor.py:179} INFO - Processing /usr/local/lib/python3.8/dist-packages/airflow/example_dags/tutorial.py took 0.063 seconds
[2023-08-24T04:37:09.849+0000] {processor.py:157} INFO - Started process (PID=42623) to work on /usr/local/lib/python3.8/dist-packages/airflow/example_dags/tutorial.py
[2023-08-24T04:37:09.850+0000] {processor.py:829} INFO - Processing file /usr/local/lib/python3.8/dist-packages/airflow/example_dags/tutorial.py for tasks to queue
[2023-08-24T04:37:09.851+0000] {logging_mixin.py:151} INFO - [2023-08-24T04:37:09.851+0000] {dagbag.py:539} INFO - Filling up the DagBag from /usr/local/lib/python3.8/dist-packages/airflow/example_dags/tutorial.py
[2023-08-24T04:37:09.859+0000] {processor.py:839} INFO - DAG(s) dict_keys(['tutorial']) retrieved from /usr/local/lib/python3.8/dist-packages/airflow/example_dags/tutorial.py
[2023-08-24T04:37:09.874+0000] {logging_mixin.py:151} INFO - [2023-08-24T04:37:09.874+0000] {dag.py:2907} INFO - Sync 1 DAGs
[2023-08-24T04:37:09.890+0000] {logging_mixin.py:151} INFO - [2023-08-24T04:37:09.890+0000] {dag.py:3677} INFO - Setting next_dagrun for tutorial to 2023-08-23T04:37:09.889953+00:00, run_after=2023-08-24T04:37:09.889953+00:00
[2023-08-24T04:37:09.907+0000] {processor.py:179} INFO - Processing /usr/local/lib/python3.8/dist-packages/airflow/example_dags/tutorial.py took 0.062 seconds
[2023-08-24T04:38:05.331+0000] {processor.py:157} INFO - Started process (PID=42806) to work on /usr/local/lib/python3.8/dist-packages/airflow/example_dags/tutorial.py
[2023-08-24T04:38:05.332+0000] {processor.py:829} INFO - Processing file /usr/local/lib/python3.8/dist-packages/airflow/example_dags/tutorial.py for tasks to queue
[2023-08-24T04:38:05.333+0000] {logging_mixin.py:151} INFO - [2023-08-24T04:38:05.333+0000] {dagbag.py:539} INFO - Filling up the DagBag from /usr/local/lib/python3.8/dist-packages/airflow/example_dags/tutorial.py
[2023-08-24T04:38:05.341+0000] {processor.py:839} INFO - DAG(s) dict_keys(['tutorial']) retrieved from /usr/local/lib/python3.8/dist-packages/airflow/example_dags/tutorial.py
[2023-08-24T04:38:05.356+0000] {logging_mixin.py:151} INFO - [2023-08-24T04:38:05.355+0000] {dag.py:2907} INFO - Sync 1 DAGs
[2023-08-24T04:38:05.371+0000] {logging_mixin.py:151} INFO - [2023-08-24T04:38:05.371+0000] {dag.py:3677} INFO - Setting next_dagrun for tutorial to 2023-08-23T04:38:05.371144+00:00, run_after=2023-08-24T04:38:05.371144+00:00
[2023-08-24T04:38:05.388+0000] {processor.py:179} INFO - Processing /usr/local/lib/python3.8/dist-packages/airflow/example_dags/tutorial.py took 0.061 seconds
[2023-08-24T04:39:06.361+0000] {processor.py:157} INFO - Started process (PID=42991) to work on /usr/local/lib/python3.8/dist-packages/airflow/example_dags/tutorial.py
[2023-08-24T04:39:06.365+0000] {processor.py:829} INFO - Processing file /usr/local/lib/python3.8/dist-packages/airflow/example_dags/tutorial.py for tasks to queue
[2023-08-24T04:39:06.365+0000] {logging_mixin.py:151} INFO - [2023-08-24T04:39:06.365+0000] {dagbag.py:539} INFO - Filling up the DagBag from /usr/local/lib/python3.8/dist-packages/airflow/example_dags/tutorial.py
[2023-08-24T04:39:06.373+0000] {processor.py:839} INFO - DAG(s) dict_keys(['tutorial']) retrieved from /usr/local/lib/python3.8/dist-packages/airflow/example_dags/tutorial.py
[2023-08-24T04:39:06.388+0000] {logging_mixin.py:151} INFO - [2023-08-24T04:39:06.388+0000] {dag.py:2907} INFO - Sync 1 DAGs
[2023-08-24T04:39:06.405+0000] {logging_mixin.py:151} INFO - [2023-08-24T04:39:06.405+0000] {dag.py:3677} INFO - Setting next_dagrun for tutorial to 2023-08-23T04:39:06.404860+00:00, run_after=2023-08-24T04:39:06.404860+00:00
[2023-08-24T04:39:06.422+0000] {processor.py:179} INFO - Processing /usr/local/lib/python3.8/dist-packages/airflow/example_dags/tutorial.py took 0.065 seconds
[2023-08-24T04:40:06.630+0000] {processor.py:157} INFO - Started process (PID=43187) to work on /usr/local/lib/python3.8/dist-packages/airflow/example_dags/tutorial.py
[2023-08-24T04:40:06.635+0000] {processor.py:829} INFO - Processing file /usr/local/lib/python3.8/dist-packages/airflow/example_dags/tutorial.py for tasks to queue
[2023-08-24T04:40:06.636+0000] {logging_mixin.py:151} INFO - [2023-08-24T04:40:06.636+0000] {dagbag.py:539} INFO - Filling up the DagBag from /usr/local/lib/python3.8/dist-packages/airflow/example_dags/tutorial.py
[2023-08-24T04:40:06.644+0000] {processor.py:839} INFO - DAG(s) dict_keys(['tutorial']) retrieved from /usr/local/lib/python3.8/dist-packages/airflow/example_dags/tutorial.py
[2023-08-24T04:40:06.659+0000] {logging_mixin.py:151} INFO - [2023-08-24T04:40:06.659+0000] {dag.py:2907} INFO - Sync 1 DAGs
[2023-08-24T04:40:06.675+0000] {logging_mixin.py:151} INFO - [2023-08-24T04:40:06.675+0000] {dag.py:3677} INFO - Setting next_dagrun for tutorial to 2023-08-23T04:40:06.675088+00:00, run_after=2023-08-24T04:40:06.675088+00:00
[2023-08-24T04:40:06.692+0000] {processor.py:179} INFO - Processing /usr/local/lib/python3.8/dist-packages/airflow/example_dags/tutorial.py took 0.066 seconds
[2023-08-24T04:41:07.313+0000] {processor.py:157} INFO - Started process (PID=43371) to work on /usr/local/lib/python3.8/dist-packages/airflow/example_dags/tutorial.py
[2023-08-24T04:41:07.315+0000] {processor.py:829} INFO - Processing file /usr/local/lib/python3.8/dist-packages/airflow/example_dags/tutorial.py for tasks to queue
[2023-08-24T04:41:07.316+0000] {logging_mixin.py:151} INFO - [2023-08-24T04:41:07.315+0000] {dagbag.py:539} INFO - Filling up the DagBag from /usr/local/lib/python3.8/dist-packages/airflow/example_dags/tutorial.py
[2023-08-24T04:41:07.324+0000] {processor.py:839} INFO - DAG(s) dict_keys(['tutorial']) retrieved from /usr/local/lib/python3.8/dist-packages/airflow/example_dags/tutorial.py
[2023-08-24T04:41:07.339+0000] {logging_mixin.py:151} INFO - [2023-08-24T04:41:07.339+0000] {dag.py:2907} INFO - Sync 1 DAGs
[2023-08-24T04:41:07.355+0000] {logging_mixin.py:151} INFO - [2023-08-24T04:41:07.355+0000] {dag.py:3677} INFO - Setting next_dagrun for tutorial to 2023-08-23T04:41:07.354919+00:00, run_after=2023-08-24T04:41:07.354919+00:00
[2023-08-24T04:41:07.372+0000] {processor.py:179} INFO - Processing /usr/local/lib/python3.8/dist-packages/airflow/example_dags/tutorial.py took 0.063 seconds
[2023-08-24T04:42:06.374+0000] {processor.py:157} INFO - Started process (PID=43554) to work on /usr/local/lib/python3.8/dist-packages/airflow/example_dags/tutorial.py
[2023-08-24T04:42:06.375+0000] {processor.py:829} INFO - Processing file /usr/local/lib/python3.8/dist-packages/airflow/example_dags/tutorial.py for tasks to queue
[2023-08-24T04:42:06.376+0000] {logging_mixin.py:151} INFO - [2023-08-24T04:42:06.376+0000] {dagbag.py:539} INFO - Filling up the DagBag from /usr/local/lib/python3.8/dist-packages/airflow/example_dags/tutorial.py
[2023-08-24T04:42:06.384+0000] {processor.py:839} INFO - DAG(s) dict_keys(['tutorial']) retrieved from /usr/local/lib/python3.8/dist-packages/airflow/example_dags/tutorial.py
[2023-08-24T04:42:06.399+0000] {logging_mixin.py:151} INFO - [2023-08-24T04:42:06.399+0000] {dag.py:2907} INFO - Sync 1 DAGs
[2023-08-24T04:42:06.415+0000] {logging_mixin.py:151} INFO - [2023-08-24T04:42:06.415+0000] {dag.py:3677} INFO - Setting next_dagrun for tutorial to 2023-08-23T04:42:06.415172+00:00, run_after=2023-08-24T04:42:06.415172+00:00
[2023-08-24T04:42:06.433+0000] {processor.py:179} INFO - Processing /usr/local/lib/python3.8/dist-packages/airflow/example_dags/tutorial.py took 0.063 seconds
[2023-08-24T04:43:05.636+0000] {processor.py:157} INFO - Started process (PID=43742) to work on /usr/local/lib/python3.8/dist-packages/airflow/example_dags/tutorial.py
[2023-08-24T04:43:05.642+0000] {processor.py:829} INFO - Processing file /usr/local/lib/python3.8/dist-packages/airflow/example_dags/tutorial.py for tasks to queue
[2023-08-24T04:43:05.643+0000] {logging_mixin.py:151} INFO - [2023-08-24T04:43:05.642+0000] {dagbag.py:539} INFO - Filling up the DagBag from /usr/local/lib/python3.8/dist-packages/airflow/example_dags/tutorial.py
[2023-08-24T04:43:05.651+0000] {processor.py:839} INFO - DAG(s) dict_keys(['tutorial']) retrieved from /usr/local/lib/python3.8/dist-packages/airflow/example_dags/tutorial.py
[2023-08-24T04:43:05.666+0000] {logging_mixin.py:151} INFO - [2023-08-24T04:43:05.666+0000] {dag.py:2907} INFO - Sync 1 DAGs
[2023-08-24T04:43:05.682+0000] {logging_mixin.py:151} INFO - [2023-08-24T04:43:05.682+0000] {dag.py:3677} INFO - Setting next_dagrun for tutorial to 2023-08-23T04:43:05.682232+00:00, run_after=2023-08-24T04:43:05.682232+00:00
[2023-08-24T04:43:05.700+0000] {processor.py:179} INFO - Processing /usr/local/lib/python3.8/dist-packages/airflow/example_dags/tutorial.py took 0.068 seconds
[2023-08-24T04:44:06.399+0000] {processor.py:157} INFO - Started process (PID=43926) to work on /usr/local/lib/python3.8/dist-packages/airflow/example_dags/tutorial.py
[2023-08-24T04:44:06.400+0000] {processor.py:829} INFO - Processing file /usr/local/lib/python3.8/dist-packages/airflow/example_dags/tutorial.py for tasks to queue
[2023-08-24T04:44:06.401+0000] {logging_mixin.py:151} INFO - [2023-08-24T04:44:06.401+0000] {dagbag.py:539} INFO - Filling up the DagBag from /usr/local/lib/python3.8/dist-packages/airflow/example_dags/tutorial.py
[2023-08-24T04:44:06.410+0000] {processor.py:839} INFO - DAG(s) dict_keys(['tutorial']) retrieved from /usr/local/lib/python3.8/dist-packages/airflow/example_dags/tutorial.py
[2023-08-24T04:44:06.425+0000] {logging_mixin.py:151} INFO - [2023-08-24T04:44:06.425+0000] {dag.py:2907} INFO - Sync 1 DAGs
[2023-08-24T04:44:06.441+0000] {logging_mixin.py:151} INFO - [2023-08-24T04:44:06.441+0000] {dag.py:3677} INFO - Setting next_dagrun for tutorial to 2023-08-23T04:44:06.441102+00:00, run_after=2023-08-24T04:44:06.441102+00:00
[2023-08-24T04:44:06.458+0000] {processor.py:179} INFO - Processing /usr/local/lib/python3.8/dist-packages/airflow/example_dags/tutorial.py took 0.064 seconds
[2023-08-24T04:45:07.458+0000] {processor.py:157} INFO - Started process (PID=44111) to work on /usr/local/lib/python3.8/dist-packages/airflow/example_dags/tutorial.py
[2023-08-24T04:45:07.460+0000] {processor.py:829} INFO - Processing file /usr/local/lib/python3.8/dist-packages/airflow/example_dags/tutorial.py for tasks to queue
[2023-08-24T04:45:07.461+0000] {logging_mixin.py:151} INFO - [2023-08-24T04:45:07.460+0000] {dagbag.py:539} INFO - Filling up the DagBag from /usr/local/lib/python3.8/dist-packages/airflow/example_dags/tutorial.py
[2023-08-24T04:45:07.468+0000] {processor.py:839} INFO - DAG(s) dict_keys(['tutorial']) retrieved from /usr/local/lib/python3.8/dist-packages/airflow/example_dags/tutorial.py
[2023-08-24T04:45:07.484+0000] {logging_mixin.py:151} INFO - [2023-08-24T04:45:07.484+0000] {dag.py:2907} INFO - Sync 1 DAGs
[2023-08-24T04:45:07.500+0000] {logging_mixin.py:151} INFO - [2023-08-24T04:45:07.499+0000] {dag.py:3677} INFO - Setting next_dagrun for tutorial to 2023-08-23T04:45:07.499646+00:00, run_after=2023-08-24T04:45:07.499646+00:00
[2023-08-24T04:45:07.517+0000] {processor.py:179} INFO - Processing /usr/local/lib/python3.8/dist-packages/airflow/example_dags/tutorial.py took 0.062 seconds
[2023-08-24T04:46:09.039+0000] {processor.py:157} INFO - Started process (PID=44294) to work on /usr/local/lib/python3.8/dist-packages/airflow/example_dags/tutorial.py
[2023-08-24T04:46:09.041+0000] {processor.py:829} INFO - Processing file /usr/local/lib/python3.8/dist-packages/airflow/example_dags/tutorial.py for tasks to queue
[2023-08-24T04:46:09.042+0000] {logging_mixin.py:151} INFO - [2023-08-24T04:46:09.041+0000] {dagbag.py:539} INFO - Filling up the DagBag from /usr/local/lib/python3.8/dist-packages/airflow/example_dags/tutorial.py
[2023-08-24T04:46:09.050+0000] {processor.py:839} INFO - DAG(s) dict_keys(['tutorial']) retrieved from /usr/local/lib/python3.8/dist-packages/airflow/example_dags/tutorial.py
[2023-08-24T04:46:09.065+0000] {logging_mixin.py:151} INFO - [2023-08-24T04:46:09.065+0000] {dag.py:2907} INFO - Sync 1 DAGs
[2023-08-24T04:46:09.081+0000] {logging_mixin.py:151} INFO - [2023-08-24T04:46:09.081+0000] {dag.py:3677} INFO - Setting next_dagrun for tutorial to 2023-08-23T04:46:09.081333+00:00, run_after=2023-08-24T04:46:09.081333+00:00
[2023-08-24T04:46:09.099+0000] {processor.py:179} INFO - Processing /usr/local/lib/python3.8/dist-packages/airflow/example_dags/tutorial.py took 0.064 seconds
[2023-08-24T04:47:11.935+0000] {processor.py:157} INFO - Started process (PID=44477) to work on /usr/local/lib/python3.8/dist-packages/airflow/example_dags/tutorial.py
[2023-08-24T04:47:11.936+0000] {processor.py:829} INFO - Processing file /usr/local/lib/python3.8/dist-packages/airflow/example_dags/tutorial.py for tasks to queue
[2023-08-24T04:47:11.937+0000] {logging_mixin.py:151} INFO - [2023-08-24T04:47:11.937+0000] {dagbag.py:539} INFO - Filling up the DagBag from /usr/local/lib/python3.8/dist-packages/airflow/example_dags/tutorial.py
[2023-08-24T04:47:11.945+0000] {processor.py:839} INFO - DAG(s) dict_keys(['tutorial']) retrieved from /usr/local/lib/python3.8/dist-packages/airflow/example_dags/tutorial.py
[2023-08-24T04:47:11.960+0000] {logging_mixin.py:151} INFO - [2023-08-24T04:47:11.960+0000] {dag.py:2907} INFO - Sync 1 DAGs
[2023-08-24T04:47:11.976+0000] {logging_mixin.py:151} INFO - [2023-08-24T04:47:11.976+0000] {dag.py:3677} INFO - Setting next_dagrun for tutorial to 2023-08-23T04:47:11.976427+00:00, run_after=2023-08-24T04:47:11.976427+00:00
[2023-08-24T04:47:11.994+0000] {processor.py:179} INFO - Processing /usr/local/lib/python3.8/dist-packages/airflow/example_dags/tutorial.py took 0.063 seconds
[2023-08-24T04:48:12.061+0000] {processor.py:157} INFO - Started process (PID=44661) to work on /usr/local/lib/python3.8/dist-packages/airflow/example_dags/tutorial.py
[2023-08-24T04:48:12.063+0000] {processor.py:829} INFO - Processing file /usr/local/lib/python3.8/dist-packages/airflow/example_dags/tutorial.py for tasks to queue
[2023-08-24T04:48:12.064+0000] {logging_mixin.py:151} INFO - [2023-08-24T04:48:12.063+0000] {dagbag.py:539} INFO - Filling up the DagBag from /usr/local/lib/python3.8/dist-packages/airflow/example_dags/tutorial.py
[2023-08-24T04:48:12.072+0000] {processor.py:839} INFO - DAG(s) dict_keys(['tutorial']) retrieved from /usr/local/lib/python3.8/dist-packages/airflow/example_dags/tutorial.py
[2023-08-24T04:48:12.087+0000] {logging_mixin.py:151} INFO - [2023-08-24T04:48:12.087+0000] {dag.py:2907} INFO - Sync 1 DAGs
[2023-08-24T04:48:12.104+0000] {logging_mixin.py:151} INFO - [2023-08-24T04:48:12.104+0000] {dag.py:3677} INFO - Setting next_dagrun for tutorial to 2023-08-23T04:48:12.103964+00:00, run_after=2023-08-24T04:48:12.103964+00:00
[2023-08-24T04:48:12.123+0000] {processor.py:179} INFO - Processing /usr/local/lib/python3.8/dist-packages/airflow/example_dags/tutorial.py took 0.065 seconds
[2023-08-24T04:49:15.628+0000] {processor.py:157} INFO - Started process (PID=44844) to work on /usr/local/lib/python3.8/dist-packages/airflow/example_dags/tutorial.py
[2023-08-24T04:49:15.629+0000] {processor.py:829} INFO - Processing file /usr/local/lib/python3.8/dist-packages/airflow/example_dags/tutorial.py for tasks to queue
[2023-08-24T04:49:15.630+0000] {logging_mixin.py:151} INFO - [2023-08-24T04:49:15.630+0000] {dagbag.py:539} INFO - Filling up the DagBag from /usr/local/lib/python3.8/dist-packages/airflow/example_dags/tutorial.py
[2023-08-24T04:49:15.638+0000] {processor.py:839} INFO - DAG(s) dict_keys(['tutorial']) retrieved from /usr/local/lib/python3.8/dist-packages/airflow/example_dags/tutorial.py
[2023-08-24T04:49:15.654+0000] {logging_mixin.py:151} INFO - [2023-08-24T04:49:15.654+0000] {dag.py:2907} INFO - Sync 1 DAGs
[2023-08-24T04:49:15.670+0000] {logging_mixin.py:151} INFO - [2023-08-24T04:49:15.670+0000] {dag.py:3677} INFO - Setting next_dagrun for tutorial to 2023-08-23T04:49:15.670513+00:00, run_after=2023-08-24T04:49:15.670513+00:00
[2023-08-24T04:49:15.688+0000] {processor.py:179} INFO - Processing /usr/local/lib/python3.8/dist-packages/airflow/example_dags/tutorial.py took 0.064 seconds
[2023-08-24T04:50:15.141+0000] {processor.py:157} INFO - Started process (PID=45029) to work on /usr/local/lib/python3.8/dist-packages/airflow/example_dags/tutorial.py
[2023-08-24T04:50:15.144+0000] {processor.py:829} INFO - Processing file /usr/local/lib/python3.8/dist-packages/airflow/example_dags/tutorial.py for tasks to queue
[2023-08-24T04:50:15.145+0000] {logging_mixin.py:151} INFO - [2023-08-24T04:50:15.144+0000] {dagbag.py:539} INFO - Filling up the DagBag from /usr/local/lib/python3.8/dist-packages/airflow/example_dags/tutorial.py
[2023-08-24T04:50:15.153+0000] {processor.py:839} INFO - DAG(s) dict_keys(['tutorial']) retrieved from /usr/local/lib/python3.8/dist-packages/airflow/example_dags/tutorial.py
[2023-08-24T04:50:15.168+0000] {logging_mixin.py:151} INFO - [2023-08-24T04:50:15.168+0000] {dag.py:2907} INFO - Sync 1 DAGs
[2023-08-24T04:50:15.184+0000] {logging_mixin.py:151} INFO - [2023-08-24T04:50:15.184+0000] {dag.py:3677} INFO - Setting next_dagrun for tutorial to 2023-08-23T04:50:15.184338+00:00, run_after=2023-08-24T04:50:15.184338+00:00
[2023-08-24T04:50:15.202+0000] {processor.py:179} INFO - Processing /usr/local/lib/python3.8/dist-packages/airflow/example_dags/tutorial.py took 0.065 seconds
[2023-08-24T04:51:12.432+0000] {processor.py:157} INFO - Started process (PID=45211) to work on /usr/local/lib/python3.8/dist-packages/airflow/example_dags/tutorial.py
[2023-08-24T04:51:12.434+0000] {processor.py:829} INFO - Processing file /usr/local/lib/python3.8/dist-packages/airflow/example_dags/tutorial.py for tasks to queue
[2023-08-24T04:51:12.435+0000] {logging_mixin.py:151} INFO - [2023-08-24T04:51:12.434+0000] {dagbag.py:539} INFO - Filling up the DagBag from /usr/local/lib/python3.8/dist-packages/airflow/example_dags/tutorial.py
[2023-08-24T04:51:12.443+0000] {processor.py:839} INFO - DAG(s) dict_keys(['tutorial']) retrieved from /usr/local/lib/python3.8/dist-packages/airflow/example_dags/tutorial.py
[2023-08-24T04:51:12.459+0000] {logging_mixin.py:151} INFO - [2023-08-24T04:51:12.458+0000] {dag.py:2907} INFO - Sync 1 DAGs
[2023-08-24T04:51:12.475+0000] {logging_mixin.py:151} INFO - [2023-08-24T04:51:12.475+0000] {dag.py:3677} INFO - Setting next_dagrun for tutorial to 2023-08-23T04:51:12.474836+00:00, run_after=2023-08-24T04:51:12.474836+00:00
[2023-08-24T04:51:12.493+0000] {processor.py:179} INFO - Processing /usr/local/lib/python3.8/dist-packages/airflow/example_dags/tutorial.py took 0.064 seconds
[2023-08-24T04:52:14.469+0000] {processor.py:157} INFO - Started process (PID=45394) to work on /usr/local/lib/python3.8/dist-packages/airflow/example_dags/tutorial.py
[2023-08-24T04:52:14.471+0000] {processor.py:829} INFO - Processing file /usr/local/lib/python3.8/dist-packages/airflow/example_dags/tutorial.py for tasks to queue
[2023-08-24T04:52:14.472+0000] {logging_mixin.py:151} INFO - [2023-08-24T04:52:14.471+0000] {dagbag.py:539} INFO - Filling up the DagBag from /usr/local/lib/python3.8/dist-packages/airflow/example_dags/tutorial.py
[2023-08-24T04:52:14.480+0000] {processor.py:839} INFO - DAG(s) dict_keys(['tutorial']) retrieved from /usr/local/lib/python3.8/dist-packages/airflow/example_dags/tutorial.py
[2023-08-24T04:52:14.496+0000] {logging_mixin.py:151} INFO - [2023-08-24T04:52:14.495+0000] {dag.py:2907} INFO - Sync 1 DAGs
[2023-08-24T04:52:14.513+0000] {logging_mixin.py:151} INFO - [2023-08-24T04:52:14.512+0000] {dag.py:3677} INFO - Setting next_dagrun for tutorial to 2023-08-23T04:52:14.512560+00:00, run_after=2023-08-24T04:52:14.512560+00:00
[2023-08-24T04:52:14.531+0000] {processor.py:179} INFO - Processing /usr/local/lib/python3.8/dist-packages/airflow/example_dags/tutorial.py took 0.066 seconds
[2023-08-24T04:53:15.971+0000] {processor.py:157} INFO - Started process (PID=45583) to work on /usr/local/lib/python3.8/dist-packages/airflow/example_dags/tutorial.py
[2023-08-24T04:53:15.972+0000] {processor.py:829} INFO - Processing file /usr/local/lib/python3.8/dist-packages/airflow/example_dags/tutorial.py for tasks to queue
[2023-08-24T04:53:15.973+0000] {logging_mixin.py:151} INFO - [2023-08-24T04:53:15.973+0000] {dagbag.py:539} INFO - Filling up the DagBag from /usr/local/lib/python3.8/dist-packages/airflow/example_dags/tutorial.py
[2023-08-24T04:53:15.981+0000] {processor.py:839} INFO - DAG(s) dict_keys(['tutorial']) retrieved from /usr/local/lib/python3.8/dist-packages/airflow/example_dags/tutorial.py
[2023-08-24T04:53:15.997+0000] {logging_mixin.py:151} INFO - [2023-08-24T04:53:15.996+0000] {dag.py:2907} INFO - Sync 1 DAGs
[2023-08-24T04:53:16.012+0000] {logging_mixin.py:151} INFO - [2023-08-24T04:53:16.012+0000] {dag.py:3677} INFO - Setting next_dagrun for tutorial to 2023-08-23T04:53:16.012230+00:00, run_after=2023-08-24T04:53:16.012230+00:00
[2023-08-24T04:53:16.029+0000] {processor.py:179} INFO - Processing /usr/local/lib/python3.8/dist-packages/airflow/example_dags/tutorial.py took 0.062 seconds
[2023-08-24T04:54:17.448+0000] {processor.py:157} INFO - Started process (PID=45766) to work on /usr/local/lib/python3.8/dist-packages/airflow/example_dags/tutorial.py
[2023-08-24T04:54:17.449+0000] {processor.py:829} INFO - Processing file /usr/local/lib/python3.8/dist-packages/airflow/example_dags/tutorial.py for tasks to queue
[2023-08-24T04:54:17.450+0000] {logging_mixin.py:151} INFO - [2023-08-24T04:54:17.450+0000] {dagbag.py:539} INFO - Filling up the DagBag from /usr/local/lib/python3.8/dist-packages/airflow/example_dags/tutorial.py
[2023-08-24T04:54:17.458+0000] {processor.py:839} INFO - DAG(s) dict_keys(['tutorial']) retrieved from /usr/local/lib/python3.8/dist-packages/airflow/example_dags/tutorial.py
[2023-08-24T04:54:17.476+0000] {logging_mixin.py:151} INFO - [2023-08-24T04:54:17.475+0000] {dag.py:2907} INFO - Sync 1 DAGs
[2023-08-24T04:54:17.494+0000] {logging_mixin.py:151} INFO - [2023-08-24T04:54:17.493+0000] {dag.py:3677} INFO - Setting next_dagrun for tutorial to 2023-08-23T04:54:17.493518+00:00, run_after=2023-08-24T04:54:17.493518+00:00
[2023-08-24T04:54:17.513+0000] {processor.py:179} INFO - Processing /usr/local/lib/python3.8/dist-packages/airflow/example_dags/tutorial.py took 0.068 seconds
[2023-08-24T04:55:17.921+0000] {processor.py:157} INFO - Started process (PID=45949) to work on /usr/local/lib/python3.8/dist-packages/airflow/example_dags/tutorial.py
[2023-08-24T04:55:17.922+0000] {processor.py:829} INFO - Processing file /usr/local/lib/python3.8/dist-packages/airflow/example_dags/tutorial.py for tasks to queue
[2023-08-24T04:55:17.923+0000] {logging_mixin.py:151} INFO - [2023-08-24T04:55:17.923+0000] {dagbag.py:539} INFO - Filling up the DagBag from /usr/local/lib/python3.8/dist-packages/airflow/example_dags/tutorial.py
[2023-08-24T04:55:17.931+0000] {processor.py:839} INFO - DAG(s) dict_keys(['tutorial']) retrieved from /usr/local/lib/python3.8/dist-packages/airflow/example_dags/tutorial.py
[2023-08-24T04:55:17.947+0000] {logging_mixin.py:151} INFO - [2023-08-24T04:55:17.947+0000] {dag.py:2907} INFO - Sync 1 DAGs
[2023-08-24T04:55:17.963+0000] {logging_mixin.py:151} INFO - [2023-08-24T04:55:17.963+0000] {dag.py:3677} INFO - Setting next_dagrun for tutorial to 2023-08-23T04:55:17.963420+00:00, run_after=2023-08-24T04:55:17.963420+00:00
[2023-08-24T04:55:17.982+0000] {processor.py:179} INFO - Processing /usr/local/lib/python3.8/dist-packages/airflow/example_dags/tutorial.py took 0.065 seconds
[2023-08-24T04:56:21.210+0000] {processor.py:157} INFO - Started process (PID=46137) to work on /usr/local/lib/python3.8/dist-packages/airflow/example_dags/tutorial.py
[2023-08-24T04:56:21.212+0000] {processor.py:829} INFO - Processing file /usr/local/lib/python3.8/dist-packages/airflow/example_dags/tutorial.py for tasks to queue
[2023-08-24T04:56:21.212+0000] {logging_mixin.py:151} INFO - [2023-08-24T04:56:21.212+0000] {dagbag.py:539} INFO - Filling up the DagBag from /usr/local/lib/python3.8/dist-packages/airflow/example_dags/tutorial.py
[2023-08-24T04:56:21.220+0000] {processor.py:839} INFO - DAG(s) dict_keys(['tutorial']) retrieved from /usr/local/lib/python3.8/dist-packages/airflow/example_dags/tutorial.py
[2023-08-24T04:56:21.236+0000] {logging_mixin.py:151} INFO - [2023-08-24T04:56:21.236+0000] {dag.py:2907} INFO - Sync 1 DAGs
[2023-08-24T04:56:21.376+0000] {logging_mixin.py:151} INFO - [2023-08-24T04:56:21.376+0000] {dag.py:3677} INFO - Setting next_dagrun for tutorial to 2023-08-23T04:56:21.376450+00:00, run_after=2023-08-24T04:56:21.376450+00:00
[2023-08-24T04:56:21.393+0000] {processor.py:179} INFO - Processing /usr/local/lib/python3.8/dist-packages/airflow/example_dags/tutorial.py took 0.187 seconds
[2023-08-24T04:57:24.154+0000] {processor.py:157} INFO - Started process (PID=46333) to work on /usr/local/lib/python3.8/dist-packages/airflow/example_dags/tutorial.py
[2023-08-24T04:57:24.156+0000] {processor.py:829} INFO - Processing file /usr/local/lib/python3.8/dist-packages/airflow/example_dags/tutorial.py for tasks to queue
[2023-08-24T04:57:24.157+0000] {logging_mixin.py:151} INFO - [2023-08-24T04:57:24.156+0000] {dagbag.py:539} INFO - Filling up the DagBag from /usr/local/lib/python3.8/dist-packages/airflow/example_dags/tutorial.py
[2023-08-24T04:57:24.166+0000] {processor.py:839} INFO - DAG(s) dict_keys(['tutorial']) retrieved from /usr/local/lib/python3.8/dist-packages/airflow/example_dags/tutorial.py
[2023-08-24T04:57:24.183+0000] {logging_mixin.py:151} INFO - [2023-08-24T04:57:24.182+0000] {dag.py:2907} INFO - Sync 1 DAGs
[2023-08-24T04:57:24.199+0000] {logging_mixin.py:151} INFO - [2023-08-24T04:57:24.199+0000] {dag.py:3677} INFO - Setting next_dagrun for tutorial to 2023-08-23T04:57:24.198746+00:00, run_after=2023-08-24T04:57:24.198746+00:00
[2023-08-24T04:57:24.217+0000] {processor.py:179} INFO - Processing /usr/local/lib/python3.8/dist-packages/airflow/example_dags/tutorial.py took 0.067 seconds
[2023-08-24T04:58:27.906+0000] {processor.py:157} INFO - Started process (PID=46517) to work on /usr/local/lib/python3.8/dist-packages/airflow/example_dags/tutorial.py
[2023-08-24T04:58:27.907+0000] {processor.py:829} INFO - Processing file /usr/local/lib/python3.8/dist-packages/airflow/example_dags/tutorial.py for tasks to queue
[2023-08-24T04:58:27.908+0000] {logging_mixin.py:151} INFO - [2023-08-24T04:58:27.908+0000] {dagbag.py:539} INFO - Filling up the DagBag from /usr/local/lib/python3.8/dist-packages/airflow/example_dags/tutorial.py
[2023-08-24T04:58:27.916+0000] {processor.py:839} INFO - DAG(s) dict_keys(['tutorial']) retrieved from /usr/local/lib/python3.8/dist-packages/airflow/example_dags/tutorial.py
[2023-08-24T04:58:27.931+0000] {logging_mixin.py:151} INFO - [2023-08-24T04:58:27.931+0000] {dag.py:2907} INFO - Sync 1 DAGs
[2023-08-24T04:58:27.946+0000] {logging_mixin.py:151} INFO - [2023-08-24T04:58:27.946+0000] {dag.py:3677} INFO - Setting next_dagrun for tutorial to 2023-08-23T04:58:27.946518+00:00, run_after=2023-08-24T04:58:27.946518+00:00
[2023-08-24T04:58:27.963+0000] {processor.py:179} INFO - Processing /usr/local/lib/python3.8/dist-packages/airflow/example_dags/tutorial.py took 0.061 seconds
[2023-08-24T04:59:32.150+0000] {processor.py:157} INFO - Started process (PID=46700) to work on /usr/local/lib/python3.8/dist-packages/airflow/example_dags/tutorial.py
[2023-08-24T04:59:32.151+0000] {processor.py:829} INFO - Processing file /usr/local/lib/python3.8/dist-packages/airflow/example_dags/tutorial.py for tasks to queue
[2023-08-24T04:59:32.152+0000] {logging_mixin.py:151} INFO - [2023-08-24T04:59:32.152+0000] {dagbag.py:539} INFO - Filling up the DagBag from /usr/local/lib/python3.8/dist-packages/airflow/example_dags/tutorial.py
[2023-08-24T04:59:32.160+0000] {processor.py:839} INFO - DAG(s) dict_keys(['tutorial']) retrieved from /usr/local/lib/python3.8/dist-packages/airflow/example_dags/tutorial.py
[2023-08-24T04:59:32.285+0000] {logging_mixin.py:151} INFO - [2023-08-24T04:59:32.285+0000] {dag.py:2907} INFO - Sync 1 DAGs
[2023-08-24T04:59:32.298+0000] {logging_mixin.py:151} INFO - [2023-08-24T04:59:32.298+0000] {dag.py:3677} INFO - Setting next_dagrun for tutorial to 2023-08-23T04:59:32.298082+00:00, run_after=2023-08-24T04:59:32.298082+00:00
[2023-08-24T04:59:32.314+0000] {processor.py:179} INFO - Processing /usr/local/lib/python3.8/dist-packages/airflow/example_dags/tutorial.py took 0.168 seconds
[2023-08-24T05:00:33.508+0000] {processor.py:157} INFO - Started process (PID=46884) to work on /usr/local/lib/python3.8/dist-packages/airflow/example_dags/tutorial.py
[2023-08-24T05:00:33.510+0000] {processor.py:829} INFO - Processing file /usr/local/lib/python3.8/dist-packages/airflow/example_dags/tutorial.py for tasks to queue
[2023-08-24T05:00:33.511+0000] {logging_mixin.py:151} INFO - [2023-08-24T05:00:33.510+0000] {dagbag.py:539} INFO - Filling up the DagBag from /usr/local/lib/python3.8/dist-packages/airflow/example_dags/tutorial.py
[2023-08-24T05:00:33.519+0000] {processor.py:839} INFO - DAG(s) dict_keys(['tutorial']) retrieved from /usr/local/lib/python3.8/dist-packages/airflow/example_dags/tutorial.py
[2023-08-24T05:00:33.535+0000] {logging_mixin.py:151} INFO - [2023-08-24T05:00:33.534+0000] {dag.py:2907} INFO - Sync 1 DAGs
[2023-08-24T05:00:33.551+0000] {logging_mixin.py:151} INFO - [2023-08-24T05:00:33.551+0000] {dag.py:3677} INFO - Setting next_dagrun for tutorial to 2023-08-23T05:00:33.550802+00:00, run_after=2023-08-24T05:00:33.550802+00:00
[2023-08-24T05:00:33.568+0000] {processor.py:179} INFO - Processing /usr/local/lib/python3.8/dist-packages/airflow/example_dags/tutorial.py took 0.063 seconds
[2023-08-24T05:01:33.751+0000] {processor.py:157} INFO - Started process (PID=47081) to work on /usr/local/lib/python3.8/dist-packages/airflow/example_dags/tutorial.py
[2023-08-24T05:01:33.753+0000] {processor.py:829} INFO - Processing file /usr/local/lib/python3.8/dist-packages/airflow/example_dags/tutorial.py for tasks to queue
[2023-08-24T05:01:33.753+0000] {logging_mixin.py:151} INFO - [2023-08-24T05:01:33.753+0000] {dagbag.py:539} INFO - Filling up the DagBag from /usr/local/lib/python3.8/dist-packages/airflow/example_dags/tutorial.py
[2023-08-24T05:01:33.761+0000] {processor.py:839} INFO - DAG(s) dict_keys(['tutorial']) retrieved from /usr/local/lib/python3.8/dist-packages/airflow/example_dags/tutorial.py
[2023-08-24T05:01:33.777+0000] {logging_mixin.py:151} INFO - [2023-08-24T05:01:33.776+0000] {dag.py:2907} INFO - Sync 1 DAGs
[2023-08-24T05:01:33.792+0000] {logging_mixin.py:151} INFO - [2023-08-24T05:01:33.792+0000] {dag.py:3677} INFO - Setting next_dagrun for tutorial to 2023-08-23T05:01:33.792202+00:00, run_after=2023-08-24T05:01:33.792202+00:00
[2023-08-24T05:01:33.810+0000] {processor.py:179} INFO - Processing /usr/local/lib/python3.8/dist-packages/airflow/example_dags/tutorial.py took 0.062 seconds
[2023-08-24T05:02:32.233+0000] {processor.py:157} INFO - Started process (PID=47267) to work on /usr/local/lib/python3.8/dist-packages/airflow/example_dags/tutorial.py
[2023-08-24T05:02:32.237+0000] {processor.py:829} INFO - Processing file /usr/local/lib/python3.8/dist-packages/airflow/example_dags/tutorial.py for tasks to queue
[2023-08-24T05:02:32.237+0000] {logging_mixin.py:151} INFO - [2023-08-24T05:02:32.237+0000] {dagbag.py:539} INFO - Filling up the DagBag from /usr/local/lib/python3.8/dist-packages/airflow/example_dags/tutorial.py
[2023-08-24T05:02:32.245+0000] {processor.py:839} INFO - DAG(s) dict_keys(['tutorial']) retrieved from /usr/local/lib/python3.8/dist-packages/airflow/example_dags/tutorial.py
[2023-08-24T05:02:32.261+0000] {logging_mixin.py:151} INFO - [2023-08-24T05:02:32.261+0000] {dag.py:2907} INFO - Sync 1 DAGs
[2023-08-24T05:02:32.277+0000] {logging_mixin.py:151} INFO - [2023-08-24T05:02:32.277+0000] {dag.py:3677} INFO - Setting next_dagrun for tutorial to 2023-08-23T05:02:32.277201+00:00, run_after=2023-08-24T05:02:32.277201+00:00
[2023-08-24T05:02:32.296+0000] {processor.py:179} INFO - Processing /usr/local/lib/python3.8/dist-packages/airflow/example_dags/tutorial.py took 0.066 seconds
[2023-08-24T05:03:33.254+0000] {processor.py:157} INFO - Started process (PID=47456) to work on /usr/local/lib/python3.8/dist-packages/airflow/example_dags/tutorial.py
[2023-08-24T05:03:33.256+0000] {processor.py:829} INFO - Processing file /usr/local/lib/python3.8/dist-packages/airflow/example_dags/tutorial.py for tasks to queue
[2023-08-24T05:03:33.257+0000] {logging_mixin.py:151} INFO - [2023-08-24T05:03:33.257+0000] {dagbag.py:539} INFO - Filling up the DagBag from /usr/local/lib/python3.8/dist-packages/airflow/example_dags/tutorial.py
[2023-08-24T05:03:33.265+0000] {processor.py:839} INFO - DAG(s) dict_keys(['tutorial']) retrieved from /usr/local/lib/python3.8/dist-packages/airflow/example_dags/tutorial.py
[2023-08-24T05:03:33.282+0000] {logging_mixin.py:151} INFO - [2023-08-24T05:03:33.282+0000] {dag.py:2907} INFO - Sync 1 DAGs
[2023-08-24T05:03:33.298+0000] {logging_mixin.py:151} INFO - [2023-08-24T05:03:33.298+0000] {dag.py:3677} INFO - Setting next_dagrun for tutorial to 2023-08-23T05:03:33.298390+00:00, run_after=2023-08-24T05:03:33.298390+00:00
[2023-08-24T05:03:33.316+0000] {processor.py:179} INFO - Processing /usr/local/lib/python3.8/dist-packages/airflow/example_dags/tutorial.py took 0.066 seconds
[2023-08-24T05:04:31.902+0000] {processor.py:157} INFO - Started process (PID=47638) to work on /usr/local/lib/python3.8/dist-packages/airflow/example_dags/tutorial.py
[2023-08-24T05:04:31.904+0000] {processor.py:829} INFO - Processing file /usr/local/lib/python3.8/dist-packages/airflow/example_dags/tutorial.py for tasks to queue
[2023-08-24T05:04:31.904+0000] {logging_mixin.py:151} INFO - [2023-08-24T05:04:31.904+0000] {dagbag.py:539} INFO - Filling up the DagBag from /usr/local/lib/python3.8/dist-packages/airflow/example_dags/tutorial.py
[2023-08-24T05:04:31.912+0000] {processor.py:839} INFO - DAG(s) dict_keys(['tutorial']) retrieved from /usr/local/lib/python3.8/dist-packages/airflow/example_dags/tutorial.py
[2023-08-24T05:04:31.928+0000] {logging_mixin.py:151} INFO - [2023-08-24T05:04:31.928+0000] {dag.py:2907} INFO - Sync 1 DAGs
[2023-08-24T05:04:31.944+0000] {logging_mixin.py:151} INFO - [2023-08-24T05:04:31.944+0000] {dag.py:3677} INFO - Setting next_dagrun for tutorial to 2023-08-23T05:04:31.944121+00:00, run_after=2023-08-24T05:04:31.944121+00:00
[2023-08-24T05:04:31.961+0000] {processor.py:179} INFO - Processing /usr/local/lib/python3.8/dist-packages/airflow/example_dags/tutorial.py took 0.063 seconds
[2023-08-24T05:05:32.131+0000] {processor.py:157} INFO - Started process (PID=47834) to work on /usr/local/lib/python3.8/dist-packages/airflow/example_dags/tutorial.py
[2023-08-24T05:05:32.133+0000] {processor.py:829} INFO - Processing file /usr/local/lib/python3.8/dist-packages/airflow/example_dags/tutorial.py for tasks to queue
[2023-08-24T05:05:32.134+0000] {logging_mixin.py:151} INFO - [2023-08-24T05:05:32.133+0000] {dagbag.py:539} INFO - Filling up the DagBag from /usr/local/lib/python3.8/dist-packages/airflow/example_dags/tutorial.py
[2023-08-24T05:05:32.141+0000] {processor.py:839} INFO - DAG(s) dict_keys(['tutorial']) retrieved from /usr/local/lib/python3.8/dist-packages/airflow/example_dags/tutorial.py
[2023-08-24T05:05:32.157+0000] {logging_mixin.py:151} INFO - [2023-08-24T05:05:32.157+0000] {dag.py:2907} INFO - Sync 1 DAGs
[2023-08-24T05:05:32.172+0000] {logging_mixin.py:151} INFO - [2023-08-24T05:05:32.172+0000] {dag.py:3677} INFO - Setting next_dagrun for tutorial to 2023-08-23T05:05:32.172276+00:00, run_after=2023-08-24T05:05:32.172276+00:00
[2023-08-24T05:05:32.190+0000] {processor.py:179} INFO - Processing /usr/local/lib/python3.8/dist-packages/airflow/example_dags/tutorial.py took 0.062 seconds
[2023-08-24T05:06:29.885+0000] {processor.py:157} INFO - Started process (PID=48030) to work on /usr/local/lib/python3.8/dist-packages/airflow/example_dags/tutorial.py
[2023-08-24T05:06:29.886+0000] {processor.py:829} INFO - Processing file /usr/local/lib/python3.8/dist-packages/airflow/example_dags/tutorial.py for tasks to queue
[2023-08-24T05:06:29.887+0000] {logging_mixin.py:151} INFO - [2023-08-24T05:06:29.887+0000] {dagbag.py:539} INFO - Filling up the DagBag from /usr/local/lib/python3.8/dist-packages/airflow/example_dags/tutorial.py
[2023-08-24T05:06:29.895+0000] {processor.py:839} INFO - DAG(s) dict_keys(['tutorial']) retrieved from /usr/local/lib/python3.8/dist-packages/airflow/example_dags/tutorial.py
[2023-08-24T05:06:29.911+0000] {logging_mixin.py:151} INFO - [2023-08-24T05:06:29.910+0000] {dag.py:2907} INFO - Sync 1 DAGs
[2023-08-24T05:06:29.926+0000] {logging_mixin.py:151} INFO - [2023-08-24T05:06:29.926+0000] {dag.py:3677} INFO - Setting next_dagrun for tutorial to 2023-08-23T05:06:29.926488+00:00, run_after=2023-08-24T05:06:29.926488+00:00
[2023-08-24T05:06:29.944+0000] {processor.py:179} INFO - Processing /usr/local/lib/python3.8/dist-packages/airflow/example_dags/tutorial.py took 0.063 seconds
[2023-08-24T05:07:26.995+0000] {processor.py:157} INFO - Started process (PID=48214) to work on /usr/local/lib/python3.8/dist-packages/airflow/example_dags/tutorial.py
[2023-08-24T05:07:26.997+0000] {processor.py:829} INFO - Processing file /usr/local/lib/python3.8/dist-packages/airflow/example_dags/tutorial.py for tasks to queue
[2023-08-24T05:07:26.997+0000] {logging_mixin.py:151} INFO - [2023-08-24T05:07:26.997+0000] {dagbag.py:539} INFO - Filling up the DagBag from /usr/local/lib/python3.8/dist-packages/airflow/example_dags/tutorial.py
[2023-08-24T05:07:27.005+0000] {processor.py:839} INFO - DAG(s) dict_keys(['tutorial']) retrieved from /usr/local/lib/python3.8/dist-packages/airflow/example_dags/tutorial.py
[2023-08-24T05:07:27.021+0000] {logging_mixin.py:151} INFO - [2023-08-24T05:07:27.021+0000] {dag.py:2907} INFO - Sync 1 DAGs
[2023-08-24T05:07:27.037+0000] {logging_mixin.py:151} INFO - [2023-08-24T05:07:27.037+0000] {dag.py:3677} INFO - Setting next_dagrun for tutorial to 2023-08-23T05:07:27.037421+00:00, run_after=2023-08-24T05:07:27.037421+00:00
[2023-08-24T05:07:27.055+0000] {processor.py:179} INFO - Processing /usr/local/lib/python3.8/dist-packages/airflow/example_dags/tutorial.py took 0.063 seconds
[2023-08-24T05:08:26.818+0000] {processor.py:157} INFO - Started process (PID=48400) to work on /usr/local/lib/python3.8/dist-packages/airflow/example_dags/tutorial.py
[2023-08-24T05:08:26.821+0000] {processor.py:829} INFO - Processing file /usr/local/lib/python3.8/dist-packages/airflow/example_dags/tutorial.py for tasks to queue
[2023-08-24T05:08:26.822+0000] {logging_mixin.py:151} INFO - [2023-08-24T05:08:26.822+0000] {dagbag.py:539} INFO - Filling up the DagBag from /usr/local/lib/python3.8/dist-packages/airflow/example_dags/tutorial.py
[2023-08-24T05:08:26.830+0000] {processor.py:839} INFO - DAG(s) dict_keys(['tutorial']) retrieved from /usr/local/lib/python3.8/dist-packages/airflow/example_dags/tutorial.py
[2023-08-24T05:08:26.846+0000] {logging_mixin.py:151} INFO - [2023-08-24T05:08:26.846+0000] {dag.py:2907} INFO - Sync 1 DAGs
[2023-08-24T05:08:26.862+0000] {logging_mixin.py:151} INFO - [2023-08-24T05:08:26.862+0000] {dag.py:3677} INFO - Setting next_dagrun for tutorial to 2023-08-23T05:08:26.862408+00:00, run_after=2023-08-24T05:08:26.862408+00:00
[2023-08-24T05:08:26.880+0000] {processor.py:179} INFO - Processing /usr/local/lib/python3.8/dist-packages/airflow/example_dags/tutorial.py took 0.066 seconds
[2023-08-24T05:09:27.289+0000] {processor.py:157} INFO - Started process (PID=48596) to work on /usr/local/lib/python3.8/dist-packages/airflow/example_dags/tutorial.py
[2023-08-24T05:09:27.291+0000] {processor.py:829} INFO - Processing file /usr/local/lib/python3.8/dist-packages/airflow/example_dags/tutorial.py for tasks to queue
[2023-08-24T05:09:27.292+0000] {logging_mixin.py:151} INFO - [2023-08-24T05:09:27.291+0000] {dagbag.py:539} INFO - Filling up the DagBag from /usr/local/lib/python3.8/dist-packages/airflow/example_dags/tutorial.py
[2023-08-24T05:09:27.300+0000] {processor.py:839} INFO - DAG(s) dict_keys(['tutorial']) retrieved from /usr/local/lib/python3.8/dist-packages/airflow/example_dags/tutorial.py
[2023-08-24T05:09:27.317+0000] {logging_mixin.py:151} INFO - [2023-08-24T05:09:27.317+0000] {dag.py:2907} INFO - Sync 1 DAGs
[2023-08-24T05:09:27.334+0000] {logging_mixin.py:151} INFO - [2023-08-24T05:09:27.333+0000] {dag.py:3677} INFO - Setting next_dagrun for tutorial to 2023-08-23T05:09:27.333642+00:00, run_after=2023-08-24T05:09:27.333642+00:00
[2023-08-24T05:09:27.352+0000] {processor.py:179} INFO - Processing /usr/local/lib/python3.8/dist-packages/airflow/example_dags/tutorial.py took 0.068 seconds
[2023-08-24T05:10:24.902+0000] {processor.py:157} INFO - Started process (PID=48777) to work on /usr/local/lib/python3.8/dist-packages/airflow/example_dags/tutorial.py
[2023-08-24T05:10:24.903+0000] {processor.py:829} INFO - Processing file /usr/local/lib/python3.8/dist-packages/airflow/example_dags/tutorial.py for tasks to queue
[2023-08-24T05:10:24.904+0000] {logging_mixin.py:151} INFO - [2023-08-24T05:10:24.904+0000] {dagbag.py:539} INFO - Filling up the DagBag from /usr/local/lib/python3.8/dist-packages/airflow/example_dags/tutorial.py
[2023-08-24T05:10:24.913+0000] {processor.py:839} INFO - DAG(s) dict_keys(['tutorial']) retrieved from /usr/local/lib/python3.8/dist-packages/airflow/example_dags/tutorial.py
[2023-08-24T05:10:24.929+0000] {logging_mixin.py:151} INFO - [2023-08-24T05:10:24.929+0000] {dag.py:2907} INFO - Sync 1 DAGs
[2023-08-24T05:10:24.947+0000] {logging_mixin.py:151} INFO - [2023-08-24T05:10:24.947+0000] {dag.py:3677} INFO - Setting next_dagrun for tutorial to 2023-08-23T05:10:24.947237+00:00, run_after=2023-08-24T05:10:24.947237+00:00
[2023-08-24T05:10:24.967+0000] {processor.py:179} INFO - Processing /usr/local/lib/python3.8/dist-packages/airflow/example_dags/tutorial.py took 0.069 seconds
[2023-08-24T05:11:40.668+0000] {processor.py:157} INFO - Started process (PID=48933) to work on /usr/local/lib/python3.8/dist-packages/airflow/example_dags/tutorial.py
[2023-08-24T05:11:40.670+0000] {processor.py:829} INFO - Processing file /usr/local/lib/python3.8/dist-packages/airflow/example_dags/tutorial.py for tasks to queue
[2023-08-24T05:11:40.671+0000] {logging_mixin.py:151} INFO - [2023-08-24T05:11:40.670+0000] {dagbag.py:539} INFO - Filling up the DagBag from /usr/local/lib/python3.8/dist-packages/airflow/example_dags/tutorial.py
[2023-08-24T05:11:40.679+0000] {processor.py:839} INFO - DAG(s) dict_keys(['tutorial']) retrieved from /usr/local/lib/python3.8/dist-packages/airflow/example_dags/tutorial.py
[2023-08-24T05:11:40.695+0000] {logging_mixin.py:151} INFO - [2023-08-24T05:11:40.695+0000] {dag.py:2907} INFO - Sync 1 DAGs
[2023-08-24T05:11:40.712+0000] {logging_mixin.py:151} INFO - [2023-08-24T05:11:40.712+0000] {dag.py:3677} INFO - Setting next_dagrun for tutorial to 2023-08-23T05:11:40.711855+00:00, run_after=2023-08-24T05:11:40.711855+00:00
[2023-08-24T05:11:40.730+0000] {processor.py:179} INFO - Processing /usr/local/lib/python3.8/dist-packages/airflow/example_dags/tutorial.py took 0.065 seconds
[2023-08-24T05:12:43.310+0000] {processor.py:157} INFO - Started process (PID=49130) to work on /usr/local/lib/python3.8/dist-packages/airflow/example_dags/tutorial.py
[2023-08-24T05:12:43.311+0000] {processor.py:829} INFO - Processing file /usr/local/lib/python3.8/dist-packages/airflow/example_dags/tutorial.py for tasks to queue
[2023-08-24T05:12:43.312+0000] {logging_mixin.py:151} INFO - [2023-08-24T05:12:43.312+0000] {dagbag.py:539} INFO - Filling up the DagBag from /usr/local/lib/python3.8/dist-packages/airflow/example_dags/tutorial.py
[2023-08-24T05:12:43.320+0000] {processor.py:839} INFO - DAG(s) dict_keys(['tutorial']) retrieved from /usr/local/lib/python3.8/dist-packages/airflow/example_dags/tutorial.py
[2023-08-24T05:12:43.337+0000] {logging_mixin.py:151} INFO - [2023-08-24T05:12:43.337+0000] {dag.py:2907} INFO - Sync 1 DAGs
[2023-08-24T05:12:43.354+0000] {logging_mixin.py:151} INFO - [2023-08-24T05:12:43.354+0000] {dag.py:3677} INFO - Setting next_dagrun for tutorial to 2023-08-23T05:12:43.353800+00:00, run_after=2023-08-24T05:12:43.353800+00:00
[2023-08-24T05:12:43.373+0000] {processor.py:179} INFO - Processing /usr/local/lib/python3.8/dist-packages/airflow/example_dags/tutorial.py took 0.067 seconds
[2023-08-24T05:13:42.541+0000] {processor.py:157} INFO - Started process (PID=49334) to work on /usr/local/lib/python3.8/dist-packages/airflow/example_dags/tutorial.py
[2023-08-24T05:13:42.543+0000] {processor.py:829} INFO - Processing file /usr/local/lib/python3.8/dist-packages/airflow/example_dags/tutorial.py for tasks to queue
[2023-08-24T05:13:42.544+0000] {logging_mixin.py:151} INFO - [2023-08-24T05:13:42.543+0000] {dagbag.py:539} INFO - Filling up the DagBag from /usr/local/lib/python3.8/dist-packages/airflow/example_dags/tutorial.py
[2023-08-24T05:13:42.551+0000] {processor.py:839} INFO - DAG(s) dict_keys(['tutorial']) retrieved from /usr/local/lib/python3.8/dist-packages/airflow/example_dags/tutorial.py
[2023-08-24T05:13:42.567+0000] {logging_mixin.py:151} INFO - [2023-08-24T05:13:42.567+0000] {dag.py:2907} INFO - Sync 1 DAGs
[2023-08-24T05:13:42.583+0000] {logging_mixin.py:151} INFO - [2023-08-24T05:13:42.583+0000] {dag.py:3677} INFO - Setting next_dagrun for tutorial to 2023-08-23T05:13:42.583302+00:00, run_after=2023-08-24T05:13:42.583302+00:00
[2023-08-24T05:13:42.601+0000] {processor.py:179} INFO - Processing /usr/local/lib/python3.8/dist-packages/airflow/example_dags/tutorial.py took 0.063 seconds
