[2023-08-30T04:01:17.419+0000] {taskinstance.py:1159} INFO - Dependencies all met for dep_context=non-requeueable deps ti=<TaskInstance: vnstock-pipeline-1D.Stock_collection_1D scheduled__2023-08-30T04:00:00+00:00 [queued]>
[2023-08-30T04:01:17.424+0000] {taskinstance.py:1159} INFO - Dependencies all met for dep_context=requeueable deps ti=<TaskInstance: vnstock-pipeline-1D.Stock_collection_1D scheduled__2023-08-30T04:00:00+00:00 [queued]>
[2023-08-30T04:01:17.424+0000] {taskinstance.py:1361} INFO - Starting attempt 1 of 4
[2023-08-30T04:01:17.436+0000] {taskinstance.py:1382} INFO - Executing <Task(PythonOperator): Stock_collection_1D> on 2023-08-30 04:00:00+00:00
[2023-08-30T04:01:17.439+0000] {standard_task_runner.py:57} INFO - Started process 241251 to run task
[2023-08-30T04:01:17.439+0000] {clientserver.py:543} INFO - Closing down clientserver connection
[2023-08-30T04:01:17.445+0000] {standard_task_runner.py:84} INFO - Running: ['airflow', 'tasks', 'run', 'vnstock-pipeline-1D', 'Stock_collection_1D', 'scheduled__2023-08-30T04:00:00+00:00', '--job-id', '225', '--raw', '--subdir', 'DAGS_FOLDER/main.py', '--cfg-path', '/tmp/tmpr115du6w']
[2023-08-30T04:01:17.446+0000] {standard_task_runner.py:85} INFO - Job 225: Subtask Stock_collection_1D
[2023-08-30T04:01:17.487+0000] {task_command.py:415} INFO - Running <TaskInstance: vnstock-pipeline-1D.Stock_collection_1D scheduled__2023-08-30T04:00:00+00:00 [running]> on host vnstock-pipeline-vm.us-central1-c.c.vnstock-pipeline.internal
[2023-08-30T04:01:17.535+0000] {taskinstance.py:1660} INFO - Exporting env vars: AIRFLOW_CTX_DAG_EMAIL='nguyentuanduong555@gmail.com' AIRFLOW_CTX_DAG_OWNER='Duong_' AIRFLOW_CTX_DAG_ID='vnstock-pipeline-1D' AIRFLOW_CTX_TASK_ID='Stock_collection_1D' AIRFLOW_CTX_EXECUTION_DATE='2023-08-30T04:00:00+00:00' AIRFLOW_CTX_TRY_NUMBER='1' AIRFLOW_CTX_DAG_RUN_ID='scheduled__2023-08-30T04:00:00+00:00'
[2023-08-30T04:01:18.433+0000] {logging_mixin.py:151} INFO -                        time     open     high      low    close     volume ticker   type
0 2023-08-30 09:00:00+07:00  32400.0  32500.0  32150.0  32299.0  3477900.0    SSI  stock
1 2023-08-30 10:00:00+07:00  32299.0  32450.0  32250.0  32350.0  1683900.0    SSI  stock
[2023-08-30T04:01:18.436+0000] {logging_mixin.py:151} INFO - 1606/1607_SSI
[2023-08-30T04:01:19.114+0000] {logging_mixin.py:151} INFO -                        time     open     high      low    close    volume ticker   type
0 2023-08-30 09:00:00+07:00  71300.0  71800.0  71000.0  71000.0  106600.0    BCM  stock
1 2023-08-30 10:00:00+07:00  71100.0  71300.0  70500.0  70600.0   53400.0    BCM  stock
[2023-08-30T04:01:19.115+0000] {logging_mixin.py:151} INFO - 1605/1607_BCM
[2023-08-30T04:01:19.798+0000] {logging_mixin.py:151} INFO -                        time     open     high      low    close     volume ticker   type
0 2023-08-30 09:00:00+07:00  54600.0  55100.0  54500.0  54600.0   743800.0    VHM  stock
1 2023-08-30 10:00:00+07:00  54600.0  54800.0  54500.0  54600.0  1080500.0    VHM  stock
[2023-08-30T04:01:19.799+0000] {logging_mixin.py:151} INFO - 1604/1607_VHM
[2023-08-30T04:01:20.473+0000] {logging_mixin.py:151} INFO -                        time     open     high      low    close     volume ticker   type
0 2023-08-30 09:00:00+07:00  63000.0  63000.0  61300.0  61800.0  6949100.0    VIC  stock
1 2023-08-30 10:00:00+07:00  61800.0  61900.0  61000.0  61100.0  4976600.0    VIC  stock
[2023-08-30T04:01:20.474+0000] {logging_mixin.py:151} INFO - 1603/1607_VIC
[2023-08-30T04:01:21.155+0000] {logging_mixin.py:151} INFO -                        time     open     high      low    close    volume ticker   type
0 2023-08-30 09:00:00+07:00  29350.0  29700.0  29300.0  29400.0  737600.0    VRE  stock
1 2023-08-30 10:00:00+07:00  29450.0  29800.0  29400.0  29500.0  944000.0    VRE  stock
[2023-08-30T04:01:21.156+0000] {logging_mixin.py:151} INFO - 1602/1607_VRE
[2023-08-30T04:01:21.838+0000] {logging_mixin.py:151} INFO -                        time     open     high      low    close    volume ticker   type
0 2023-08-30 09:00:00+07:00  45000.0  45200.0  44850.0  45100.0  125600.0    BVH  stock
[2023-08-30T04:01:21.839+0000] {logging_mixin.py:151} INFO - 1601/1607_BVH
[2023-08-30T04:01:22.523+0000] {logging_mixin.py:151} INFO -                        time     open     high      low    close     volume ticker   type
0 2023-08-30 09:00:00+07:00  12650.0  12700.0  12600.0  12600.0  1033300.0    POW  stock
1 2023-08-30 10:00:00+07:00  12600.0  12800.0  12600.0  12750.0  1807500.0    POW  stock
[2023-08-30T04:01:22.524+0000] {logging_mixin.py:151} INFO - 1600/1607_POW
[2023-08-30T04:01:23.205+0000] {logging_mixin.py:151} INFO -                        time      open      high      low    close   volume ticker   type
0 2023-08-30 09:00:00+07:00  100000.0  100000.0  99000.0  99100.0  88700.0    GAS  stock
1 2023-08-30 10:00:00+07:00   99100.0   99300.0  98900.0  99200.0  78600.0    GAS  stock
[2023-08-30T04:01:23.206+0000] {logging_mixin.py:151} INFO - 1599/1607_GAS
[2023-08-30T04:01:23.878+0000] {logging_mixin.py:151} INFO -                        time     open     high      low    close     volume ticker   type
0 2023-08-30 09:00:00+07:00  22050.0  22200.0  22050.0  22150.0  1061600.0    ACB  stock
1 2023-08-30 10:00:00+07:00  22150.0  22450.0  22100.0  22400.0  2669600.0    ACB  stock
[2023-08-30T04:01:23.879+0000] {logging_mixin.py:151} INFO - 1598/1607_ACB
[2023-08-30T04:01:24.556+0000] {logging_mixin.py:151} INFO -                        time     open     high      low    close    volume ticker   type
0 2023-08-30 09:00:00+07:00  46000.0  46100.0  45800.0  46000.0  103500.0    BID  stock
1 2023-08-30 10:00:00+07:00  46000.0  46600.0  45950.0  46300.0  308100.0    BID  stock
[2023-08-30T04:01:24.557+0000] {logging_mixin.py:151} INFO - 1597/1607_BID
[2023-08-30T04:01:25.235+0000] {logging_mixin.py:151} INFO -                        time     open     high      low    close     volume ticker   type
0 2023-08-30 09:00:00+07:00  31450.0  31750.0  31450.0  31600.0   875300.0    CTG  stock
1 2023-08-30 10:00:00+07:00  31600.0  32100.0  31550.0  31900.0  2502700.0    CTG  stock
[2023-08-30T04:01:25.236+0000] {logging_mixin.py:151} INFO - 1596/1607_CTG
[2023-08-30T04:01:25.912+0000] {logging_mixin.py:151} INFO -                        time     open     high      low    close    volume ticker   type
0 2023-08-30 09:00:00+07:00  16250.0  16300.0  16200.0  16250.0  495100.0    HDB  stock
1 2023-08-30 10:00:00+07:00  16200.0  16300.0  16200.0  16250.0  426800.0    HDB  stock
[2023-08-30T04:01:25.913+0000] {logging_mixin.py:151} INFO - 1595/1607_HDB
[2023-08-30T04:01:26.589+0000] {logging_mixin.py:151} INFO -                        time     open     high      low    close     volume ticker   type
0 2023-08-30 09:00:00+07:00  18300.0  18500.0  18300.0  18350.0  1521300.0    MBB  stock
1 2023-08-30 10:00:00+07:00  18400.0  18450.0  18350.0  18400.0  1102100.0    MBB  stock
[2023-08-30T04:01:26.590+0000] {logging_mixin.py:151} INFO - 1594/1607_MBB
[2023-08-30T04:01:27.266+0000] {logging_mixin.py:151} INFO -                        time     open     high      low    close    volume ticker   type
0 2023-08-30 09:00:00+07:00  28350.0  28400.0  27650.0  27800.0  288100.0    SSB  stock
1 2023-08-30 10:00:00+07:00  27800.0  28100.0  27750.0  28100.0  234800.0    SSB  stock
[2023-08-30T04:01:27.267+0000] {logging_mixin.py:151} INFO - 1593/1607_SSB
[2023-08-30T04:01:27.958+0000] {logging_mixin.py:151} INFO -                        time     open     high      low    close     volume ticker   type
0 2023-08-30 09:00:00+07:00  12250.0  12350.0  12200.0  12250.0  1674900.0    SHB  stock
1 2023-08-30 10:00:00+07:00  12250.0  12300.0  12250.0  12300.0   917900.0    SHB  stock
[2023-08-30T04:01:27.959+0000] {logging_mixin.py:151} INFO - 1592/1607_SHB
[2023-08-30T04:01:28.634+0000] {logging_mixin.py:151} INFO -                        time     open     high      low    close     volume ticker   type
0 2023-08-30 09:00:00+07:00  31800.0  32200.0  31800.0  32049.0  7776900.0    STB  stock
1 2023-08-30 10:00:00+07:00  32049.0  32400.0  32000.0  32150.0  5484300.0    STB  stock
[2023-08-30T04:01:28.635+0000] {logging_mixin.py:151} INFO - 1591/1607_STB
[2023-08-30T04:01:29.312+0000] {logging_mixin.py:151} INFO -                        time     open     high      low    close    volume ticker   type
0 2023-08-30 09:00:00+07:00  34000.0  34300.0  33900.0  34100.0  988700.0    TCB  stock
1 2023-08-30 10:00:00+07:00  34100.0  34250.0  34050.0  34100.0  784200.0    TCB  stock
[2023-08-30T04:01:29.313+0000] {logging_mixin.py:151} INFO - 1590/1607_TCB
[2023-08-30T04:01:29.987+0000] {logging_mixin.py:151} INFO -                        time     open     high      low    close     volume ticker   type
0 2023-08-30 09:00:00+07:00  19000.0  19200.0  19000.0  19050.0  1295000.0    TPB  stock
1 2023-08-30 10:00:00+07:00  19050.0  19100.0  19000.0  19100.0   724300.0    TPB  stock
[2023-08-30T04:01:29.988+0000] {logging_mixin.py:151} INFO - 1589/1607_TPB
[2023-08-30T04:01:30.660+0000] {logging_mixin.py:151} INFO -                        time     open     high      low    close    volume ticker   type
0 2023-08-30 09:00:00+07:00  88500.0  89500.0  88500.0  89500.0  204600.0    VCB  stock
1 2023-08-30 10:00:00+07:00  89500.0  89500.0  89000.0  89400.0  221300.0    VCB  stock
[2023-08-30T04:01:30.661+0000] {logging_mixin.py:151} INFO - 1588/1607_VCB
[2023-08-30T04:01:31.340+0000] {logging_mixin.py:151} INFO -                        time     open     high      low    close     volume ticker   type
0 2023-08-30 09:00:00+07:00  19900.0  19900.0  19800.0  19850.0   520200.0    VIB  stock
1 2023-08-30 10:00:00+07:00  19850.0  20100.0  19850.0  20050.0  1076000.0    VIB  stock
[2023-08-30T04:01:31.341+0000] {logging_mixin.py:151} INFO - 1587/1607_VIB
[2023-08-30T04:01:32.017+0000] {logging_mixin.py:151} INFO -                        time     open     high      low    close     volume ticker   type
0 2023-08-30 09:00:00+07:00  20900.0  20900.0  20650.0  20700.0  1257700.0    VPB  stock
1 2023-08-30 10:00:00+07:00  20700.0  20850.0  20700.0  20800.0  1291200.0    VPB  stock
[2023-08-30T04:01:32.018+0000] {logging_mixin.py:151} INFO - 1586/1607_VPB
[2023-08-30T04:01:32.693+0000] {logging_mixin.py:151} INFO -                        time     open     high      low    close     volume ticker   type
0 2023-08-30 09:00:00+07:00  27000.0  27000.0  26800.0  26800.0  1979200.0    HPG  stock
1 2023-08-30 10:00:00+07:00  26800.0  26900.0  26800.0  26850.0  1914300.0    HPG  stock
[2023-08-30T04:01:32.694+0000] {logging_mixin.py:151} INFO - 1585/1607_HPG
[2023-08-30T04:01:33.374+0000] {logging_mixin.py:151} INFO -                        time     open     high      low    close    volume ticker   type
0 2023-08-30 09:00:00+07:00  20650.0  20850.0  20550.0  20600.0  321900.0    GVR  stock
1 2023-08-30 10:00:00+07:00  20600.0  20700.0  20550.0  20600.0  234900.0    GVR  stock
[2023-08-30T04:01:33.375+0000] {logging_mixin.py:151} INFO - 1584/1607_GVR
[2023-08-30T04:01:34.055+0000] {logging_mixin.py:151} INFO -                        time     open     high      low    close    volume ticker   type
0 2023-08-30 09:00:00+07:00  80000.0  80100.0  79300.0  79700.0  159700.0    MSN  stock
1 2023-08-30 10:00:00+07:00  79700.0  79900.0  79500.0  79800.0  214400.0    MSN  stock
[2023-08-30T04:01:34.056+0000] {logging_mixin.py:151} INFO - 1583/1607_MSN
[2023-08-30T04:01:35.344+0000] {logging_mixin.py:151} INFO -                        time     open     high      low    close    volume ticker   type
0 2023-08-30 09:00:00+07:00  77000.0  77300.0  76900.0  77000.0  274700.0    VNM  stock
1 2023-08-30 10:00:00+07:00  77000.0  77000.0  76500.0  76800.0  341300.0    VNM  stock
[2023-08-30T04:01:35.345+0000] {logging_mixin.py:151} INFO - 1582/1607_VNM
[2023-08-30T04:01:36.020+0000] {logging_mixin.py:151} INFO -                        time      open      high       low     close   volume ticker   type
0 2023-08-30 09:00:00+07:00  159500.0  159500.0  158700.0  159100.0  42000.0    SAB  stock
1 2023-08-30 10:00:00+07:00  159100.0  160800.0  159000.0  160500.0  83300.0    SAB  stock
[2023-08-30T04:01:36.021+0000] {logging_mixin.py:151} INFO - 1581/1607_SAB
[2023-08-30T04:01:36.696+0000] {logging_mixin.py:151} INFO -                        time     open     high      low    close    volume ticker   type
0 2023-08-30 09:00:00+07:00  97500.0  98000.0  96500.0  96700.0  169500.0    VJC  stock
1 2023-08-30 10:00:00+07:00  96700.0  97500.0  96500.0  96700.0  219800.0    VJC  stock
[2023-08-30T04:01:36.697+0000] {logging_mixin.py:151} INFO - 1580/1607_VJC
[2023-08-30T04:01:37.376+0000] {logging_mixin.py:151} INFO -                        time     open     high      low    close     volume ticker   type
0 2023-08-30 09:00:00+07:00  53000.0  54200.0  52900.0  53800.0  2268800.0    MWG  stock
1 2023-08-30 10:00:00+07:00  53800.0  54500.0  53700.0  54300.0  1617600.0    MWG  stock
[2023-08-30T04:01:37.377+0000] {logging_mixin.py:151} INFO - 1579/1607_MWG
[2023-08-30T04:01:38.056+0000] {logging_mixin.py:151} INFO -                        time     open     high      low    close    volume ticker   type
0 2023-08-30 09:00:00+07:00  38300.0  38950.0  38300.0  38550.0  261200.0    PLX  stock
1 2023-08-30 10:00:00+07:00  38550.0  38650.0  38500.0  38650.0  108600.0    PLX  stock
[2023-08-30T04:01:38.057+0000] {logging_mixin.py:151} INFO - 1578/1607_PLX
[2023-08-30T04:01:38.739+0000] {logging_mixin.py:151} INFO -                        time     open     high      low    close    volume ticker   type
0 2023-08-30 09:00:00+07:00  93200.0  95100.0  93100.0  94900.0  467900.0    FPT  stock
1 2023-08-30 10:00:00+07:00  94900.0  97200.0  94700.0  97200.0  830900.0    FPT  stock
[2023-08-30T04:01:38.740+0000] {logging_mixin.py:151} INFO - 1577/1607_FPT
[2023-08-30T04:01:40.470+0000] {logging_mixin.py:151} INFO - Empty DataFrame
Columns: [time, open, high, low, close, volume, ticker, type]
Index: []
[2023-08-30T04:01:40.470+0000] {logging_mixin.py:151} INFO - 1576/1607_MFS
[2023-08-30T04:01:41.147+0000] {logging_mixin.py:151} INFO -                        time     open     high      low    close  volume ticker   type
0 2023-08-30 09:00:00+07:00  16700.0  16700.0  16500.0  16500.0  5000.0    ABC  stock
[2023-08-30T04:01:41.148+0000] {logging_mixin.py:151} INFO - 1575/1607_ABC
[2023-08-30T04:01:41.822+0000] {logging_mixin.py:151} INFO -                        time     open     high      low    close   volume ticker   type
0 2023-08-30 09:00:00+07:00  24400.0  24600.0  24400.0  24500.0  34400.0    VGI  stock
[2023-08-30T04:01:41.823+0000] {logging_mixin.py:151} INFO - 1574/1607_VGI
[2023-08-30T04:01:42.503+0000] {logging_mixin.py:151} INFO -                        time     open     high      low    close  volume ticker   type
0 2023-08-30 09:00:00+07:00  65500.0  65500.0  65500.0  65500.0   500.0    FOX  stock
[2023-08-30T04:01:42.504+0000] {logging_mixin.py:151} INFO - 1573/1607_FOX
[2023-08-30T04:01:44.275+0000] {logging_mixin.py:151} INFO - Empty DataFrame
Columns: [time, open, high, low, close, volume, ticker, type]
Index: []
[2023-08-30T04:01:44.275+0000] {logging_mixin.py:151} INFO - 1572/1607_PAI
[2023-08-30T04:01:46.101+0000] {logging_mixin.py:151} INFO - Empty DataFrame
Columns: [time, open, high, low, close, volume, ticker, type]
Index: []
[2023-08-30T04:01:46.101+0000] {logging_mixin.py:151} INFO - 1571/1607_PIA
[2023-08-30T04:01:47.911+0000] {logging_mixin.py:151} INFO - Empty DataFrame
Columns: [time, open, high, low, close, volume, ticker, type]
Index: []
[2023-08-30T04:01:47.911+0000] {logging_mixin.py:151} INFO - 1570/1607_PTP
[2023-08-30T04:01:48.594+0000] {logging_mixin.py:151} INFO -                        time    open    high     low   close  volume ticker   type
0 2023-08-30 09:00:00+07:00  8300.0  8500.0  8300.0  8500.0  9000.0    TTN  stock
[2023-08-30T04:01:48.595+0000] {logging_mixin.py:151} INFO - 1569/1607_TTN
[2023-08-30T04:01:50.349+0000] {logging_mixin.py:151} INFO - Empty DataFrame
Columns: [time, open, high, low, close, volume, ticker, type]
Index: []
[2023-08-30T04:01:50.349+0000] {logging_mixin.py:151} INFO - 1568/1607_FUCTVGF3
[2023-08-30T04:01:52.297+0000] {logging_mixin.py:151} INFO - Empty DataFrame
Columns: [time, open, high, low, close, volume, ticker, type]
Index: []
[2023-08-30T04:01:52.297+0000] {logging_mixin.py:151} INFO - 1567/1607_FUEIP100
[2023-08-30T04:01:52.974+0000] {logging_mixin.py:151} INFO -                        time    open    high     low   close  volume    ticker   type
0 2023-08-30 09:00:00+07:00  8029.0  8029.0  7980.0  7980.0   700.0  FUEKIV30  stock
[2023-08-30T04:01:52.975+0000] {logging_mixin.py:151} INFO - 1566/1607_FUEKIV30
[2023-08-30T04:01:54.720+0000] {logging_mixin.py:151} INFO - Empty DataFrame
Columns: [time, open, high, low, close, volume, ticker, type]
Index: []
[2023-08-30T04:01:54.720+0000] {logging_mixin.py:151} INFO - 1565/1607_FUCTVGF4
[2023-08-30T04:01:56.454+0000] {logging_mixin.py:151} INFO - Empty DataFrame
Columns: [time, open, high, low, close, volume, ticker, type]
Index: []
[2023-08-30T04:01:56.454+0000] {logging_mixin.py:151} INFO - 1564/1607_FUEDCMID
[2023-08-30T04:01:58.183+0000] {logging_mixin.py:151} INFO - Empty DataFrame
Columns: [time, open, high, low, close, volume, ticker, type]
Index: []
[2023-08-30T04:01:58.183+0000] {logging_mixin.py:151} INFO - 1563/1607_FUEKIVFS
[2023-08-30T04:01:59.940+0000] {logging_mixin.py:151} INFO - Empty DataFrame
Columns: [time, open, high, low, close, volume, ticker, type]
Index: []
[2023-08-30T04:01:59.941+0000] {logging_mixin.py:151} INFO - 1562/1607_FUEMAVND
[2023-08-30T04:02:01.739+0000] {logging_mixin.py:151} INFO - Empty DataFrame
Columns: [time, open, high, low, close, volume, ticker, type]
Index: []
[2023-08-30T04:02:01.740+0000] {logging_mixin.py:151} INFO - 1561/1607_FUEFCV50
[2023-08-30T04:02:03.483+0000] {logging_mixin.py:151} INFO - Empty DataFrame
Columns: [time, open, high, low, close, volume, ticker, type]
Index: []
[2023-08-30T04:02:03.483+0000] {logging_mixin.py:151} INFO - 1560/1607_FUEBFVND
[2023-08-30T04:02:04.160+0000] {logging_mixin.py:151} INFO -                        time     open     high      low    close  volume    ticker   type
0 2023-08-30 09:00:00+07:00  18790.0  18790.0  18790.0  18790.0   100.0  FUESSV50  stock
1 2023-08-30 10:00:00+07:00  18790.0  18850.0  18790.0  18850.0  1800.0  FUESSV50  stock
[2023-08-30T04:02:04.161+0000] {logging_mixin.py:151} INFO - 1559/1607_FUESSV50
[2023-08-30T04:02:05.326+0000] {logging_mixin.py:151} INFO -                        time     open     high      low    close   volume    ticker   type
0 2023-08-30 09:00:00+07:00  20950.0  20990.0  20880.0  20880.0  19700.0  E1VFVN30  stock
[2023-08-30T04:02:05.327+0000] {logging_mixin.py:151} INFO - 1558/1607_E1VFVN30
[2023-08-30T04:02:06.008+0000] {logging_mixin.py:151} INFO -                        time     open     high      low    close    volume    ticker   type
0 2023-08-30 09:00:00+07:00  19070.0  19250.0  19060.0  19200.0  182300.0  FUESSVFL  stock
[2023-08-30T04:02:06.009+0000] {logging_mixin.py:151} INFO - 1557/1607_FUESSVFL
[2023-08-30T04:02:06.010+0000] {python.py:194} INFO - Done. Returned value was: Done
[2023-08-30T04:02:06.024+0000] {taskinstance.py:1400} INFO - Marking task as SUCCESS. dag_id=vnstock-pipeline-1D, task_id=Stock_collection_1D, execution_date=20230830T040000, start_date=20230830T040117, end_date=20230830T040206
[2023-08-30T04:02:06.051+0000] {local_task_job_runner.py:228} INFO - Task exited with return code 0
[2023-08-30T04:02:06.063+0000] {taskinstance.py:2784} INFO - 1 downstream tasks scheduled from follow-on schedule check
