[2023-08-23T12:17:41.013+0000] {taskinstance.py:1159} INFO - Dependencies all met for dep_context=non-requeueable deps ti=<TaskInstance: vnstock-pipeline.Stock_collection_1Y manual__2023-08-23T11:51:39.623105+00:00 [queued]>
[2023-08-23T12:17:41.018+0000] {taskinstance.py:1159} INFO - Dependencies all met for dep_context=requeueable deps ti=<TaskInstance: vnstock-pipeline.Stock_collection_1Y manual__2023-08-23T11:51:39.623105+00:00 [queued]>
[2023-08-23T12:17:41.019+0000] {taskinstance.py:1361} INFO - Starting attempt 2 of 5
[2023-08-23T12:17:41.032+0000] {taskinstance.py:1382} INFO - Executing <Task(PythonOperator): Stock_collection_1Y> on 2023-08-23 11:51:39.623105+00:00
[2023-08-23T12:17:41.036+0000] {standard_task_runner.py:57} INFO - Started process 18558 to run task
[2023-08-23T12:17:41.036+0000] {clientserver.py:543} INFO - Closing down clientserver connection
[2023-08-23T12:17:41.043+0000] {standard_task_runner.py:84} INFO - Running: ['airflow', 'tasks', 'run', 'vnstock-pipeline', 'Stock_collection_1Y', 'manual__2023-08-23T11:51:39.623105+00:00', '--job-id', '47', '--raw', '--subdir', 'DAGS_FOLDER/main.py', '--cfg-path', '/tmp/tmpz8yfmt3v']
[2023-08-23T12:17:41.044+0000] {standard_task_runner.py:85} INFO - Job 47: Subtask Stock_collection_1Y
[2023-08-23T12:17:41.078+0000] {task_command.py:415} INFO - Running <TaskInstance: vnstock-pipeline.Stock_collection_1Y manual__2023-08-23T11:51:39.623105+00:00 [running]> on host vnstock-pipeline-vm.us-central1-c.c.vnstock-pipeline.internal
[2023-08-23T12:17:41.131+0000] {taskinstance.py:1660} INFO - Exporting env vars: AIRFLOW_CTX_DAG_EMAIL='nguyentuanduong555@gmail.com' AIRFLOW_CTX_DAG_OWNER='Duong' AIRFLOW_CTX_DAG_ID='vnstock-pipeline' AIRFLOW_CTX_TASK_ID='Stock_collection_1Y' AIRFLOW_CTX_EXECUTION_DATE='2023-08-23T11:51:39.623105+00:00' AIRFLOW_CTX_TRY_NUMBER='2' AIRFLOW_CTX_DAG_RUN_ID='manual__2023-08-23T11:51:39.623105+00:00'
[2023-08-23T12:17:41.965+0000] {logging_mixin.py:151} INFO - 1606/1607_SSI
[2023-08-23T12:17:42.676+0000] {logging_mixin.py:151} INFO - 1605/1607_BCM
[2023-08-23T12:17:43.441+0000] {logging_mixin.py:151} INFO - 1604/1607_VHM
[2023-08-23T12:17:44.155+0000] {logging_mixin.py:151} INFO - 1603/1607_VIC
[2023-08-23T12:17:44.867+0000] {logging_mixin.py:151} INFO - 1602/1607_VRE
[2023-08-23T12:17:45.580+0000] {logging_mixin.py:151} INFO - 1601/1607_BVH
[2023-08-23T12:17:46.298+0000] {logging_mixin.py:151} INFO - 1600/1607_POW
[2023-08-23T12:17:47.496+0000] {logging_mixin.py:151} INFO - 1599/1607_GAS
[2023-08-23T12:17:48.213+0000] {logging_mixin.py:151} INFO - 1598/1607_ACB
[2023-08-23T12:17:48.930+0000] {logging_mixin.py:151} INFO - 1597/1607_BID
[2023-08-23T12:17:49.643+0000] {logging_mixin.py:151} INFO - 1596/1607_CTG
[2023-08-23T12:17:50.357+0000] {logging_mixin.py:151} INFO - 1595/1607_HDB
[2023-08-23T12:17:51.066+0000] {logging_mixin.py:151} INFO - 1594/1607_MBB
[2023-08-23T12:17:51.790+0000] {logging_mixin.py:151} INFO - 1593/1607_SSB
[2023-08-23T12:17:52.514+0000] {logging_mixin.py:151} INFO - 1592/1607_SHB
[2023-08-23T12:17:53.239+0000] {logging_mixin.py:151} INFO - 1591/1607_STB
[2023-08-23T12:17:53.952+0000] {logging_mixin.py:151} INFO - 1590/1607_TCB
[2023-08-23T12:17:54.670+0000] {logging_mixin.py:151} INFO - 1589/1607_TPB
[2023-08-23T12:17:55.384+0000] {logging_mixin.py:151} INFO - 1588/1607_VCB
[2023-08-23T12:17:56.097+0000] {logging_mixin.py:151} INFO - 1587/1607_VIB
[2023-08-23T12:17:56.807+0000] {logging_mixin.py:151} INFO - 1586/1607_VPB
[2023-08-23T12:17:57.523+0000] {logging_mixin.py:151} INFO - 1585/1607_HPG
[2023-08-23T12:17:58.233+0000] {logging_mixin.py:151} INFO - 1584/1607_GVR
[2023-08-23T12:17:58.954+0000] {logging_mixin.py:151} INFO - 1583/1607_MSN
[2023-08-23T12:17:59.671+0000] {logging_mixin.py:151} INFO - 1582/1607_VNM
[2023-08-23T12:18:00.385+0000] {logging_mixin.py:151} INFO - 1581/1607_SAB
[2023-08-23T12:18:01.104+0000] {logging_mixin.py:151} INFO - 1580/1607_VJC
[2023-08-23T12:18:01.827+0000] {logging_mixin.py:151} INFO - 1579/1607_MWG
[2023-08-23T12:18:02.540+0000] {logging_mixin.py:151} INFO - 1578/1607_PLX
[2023-08-23T12:18:03.259+0000] {logging_mixin.py:151} INFO - 1577/1607_FPT
[2023-08-23T12:18:03.970+0000] {logging_mixin.py:151} INFO - 1576/1607_MFS
[2023-08-23T12:18:04.681+0000] {logging_mixin.py:151} INFO - 1575/1607_ABC
[2023-08-23T12:18:05.396+0000] {logging_mixin.py:151} INFO - 1574/1607_VGI
[2023-08-23T12:18:06.112+0000] {logging_mixin.py:151} INFO - 1573/1607_FOX
[2023-08-23T12:18:06.823+0000] {logging_mixin.py:151} INFO - 1572/1607_PAI
[2023-08-23T12:18:07.532+0000] {logging_mixin.py:151} INFO - 1571/1607_PIA
[2023-08-23T12:18:08.241+0000] {logging_mixin.py:151} INFO - 1570/1607_PTP
[2023-08-23T12:18:08.958+0000] {logging_mixin.py:151} INFO - 1569/1607_TTN
[2023-08-23T12:18:09.672+0000] {logging_mixin.py:151} INFO - 1568/1607_FUCTVGF3
[2023-08-23T12:18:10.393+0000] {logging_mixin.py:151} INFO - 1567/1607_FUEIP100
[2023-08-23T12:18:11.104+0000] {logging_mixin.py:151} INFO - 1566/1607_FUEKIV30
[2023-08-23T12:18:11.816+0000] {logging_mixin.py:151} INFO - 1565/1607_FUCTVGF4
[2023-08-23T12:18:12.528+0000] {logging_mixin.py:151} INFO - 1564/1607_FUEDCMID
[2023-08-23T12:18:13.245+0000] {logging_mixin.py:151} INFO - 1563/1607_FUEKIVFS
[2023-08-23T12:18:13.960+0000] {logging_mixin.py:151} INFO - 1562/1607_FUEMAVND
[2023-08-23T12:18:14.675+0000] {logging_mixin.py:151} INFO - 1561/1607_FUEFCV50
[2023-08-23T12:18:15.382+0000] {logging_mixin.py:151} INFO - 1560/1607_FUEBFVND
[2023-08-23T12:18:16.096+0000] {logging_mixin.py:151} INFO - 1559/1607_FUESSV50
[2023-08-23T12:18:16.814+0000] {logging_mixin.py:151} INFO - 1558/1607_E1VFVN30
[2023-08-23T12:18:17.529+0000] {logging_mixin.py:151} INFO - 1557/1607_FUESSVFL
[2023-08-23T12:18:17.532+0000] {python.py:194} INFO - Done. Returned value was: Done
[2023-08-23T12:18:17.545+0000] {taskinstance.py:1400} INFO - Marking task as SUCCESS. dag_id=vnstock-pipeline, task_id=Stock_collection_1Y, execution_date=20230823T115139, start_date=20230823T121741, end_date=20230823T121817
[2023-08-23T12:18:17.583+0000] {local_task_job_runner.py:228} INFO - Task exited with return code 0
[2023-08-23T12:18:17.597+0000] {taskinstance.py:2784} INFO - 1 downstream tasks scheduled from follow-on schedule check
