[2023-08-23T11:55:56.895+0000] {taskinstance.py:1159} INFO - Dependencies all met for dep_context=non-requeueable deps ti=<TaskInstance: vnstock-pipeline.Stock_collection_1Y manual__2023-08-23T11:51:39.623105+00:00 [queued]>
[2023-08-23T11:55:56.900+0000] {taskinstance.py:1159} INFO - Dependencies all met for dep_context=requeueable deps ti=<TaskInstance: vnstock-pipeline.Stock_collection_1Y manual__2023-08-23T11:51:39.623105+00:00 [queued]>
[2023-08-23T11:55:56.900+0000] {taskinstance.py:1361} INFO - Starting attempt 1 of 4
[2023-08-23T11:55:56.912+0000] {taskinstance.py:1382} INFO - Executing <Task(PythonOperator): Stock_collection_1Y> on 2023-08-23 11:51:39.623105+00:00
[2023-08-23T11:55:56.916+0000] {standard_task_runner.py:57} INFO - Started process 15986 to run task
[2023-08-23T11:55:56.916+0000] {clientserver.py:543} INFO - Closing down clientserver connection
[2023-08-23T11:55:56.923+0000] {standard_task_runner.py:84} INFO - Running: ['airflow', 'tasks', 'run', 'vnstock-pipeline', 'Stock_collection_1Y', 'manual__2023-08-23T11:51:39.623105+00:00', '--job-id', '31', '--raw', '--subdir', 'DAGS_FOLDER/main.py', '--cfg-path', '/tmp/tmppc0c5bl6']
[2023-08-23T11:55:56.923+0000] {standard_task_runner.py:85} INFO - Job 31: Subtask Stock_collection_1Y
[2023-08-23T11:55:56.958+0000] {task_command.py:415} INFO - Running <TaskInstance: vnstock-pipeline.Stock_collection_1Y manual__2023-08-23T11:51:39.623105+00:00 [running]> on host vnstock-pipeline-vm.us-central1-c.c.vnstock-pipeline.internal
[2023-08-23T11:55:57.010+0000] {taskinstance.py:1660} INFO - Exporting env vars: AIRFLOW_CTX_DAG_EMAIL='nguyentuanduong555@gmail.com' AIRFLOW_CTX_DAG_OWNER='Duong' AIRFLOW_CTX_DAG_ID='vnstock-pipeline' AIRFLOW_CTX_TASK_ID='Stock_collection_1Y' AIRFLOW_CTX_EXECUTION_DATE='2023-08-23T11:51:39.623105+00:00' AIRFLOW_CTX_TRY_NUMBER='1' AIRFLOW_CTX_DAG_RUN_ID='manual__2023-08-23T11:51:39.623105+00:00'
[2023-08-23T11:55:57.015+0000] {clientserver.py:505} INFO - Error while sending or receiving.
Traceback (most recent call last):
  File "/home/nguyentuanduong7/.local/lib/python3.8/site-packages/py4j/clientserver.py", line 503, in send_command
    self.socket.sendall(command.encode("utf-8"))
ConnectionResetError: [Errno 104] Connection reset by peer
[2023-08-23T11:55:57.016+0000] {clientserver.py:543} INFO - Closing down clientserver connection
[2023-08-23T11:55:57.017+0000] {java_gateway.py:1052} INFO - Exception while sending command.
Traceback (most recent call last):
  File "/home/nguyentuanduong7/.local/lib/python3.8/site-packages/py4j/clientserver.py", line 503, in send_command
    self.socket.sendall(command.encode("utf-8"))
ConnectionResetError: [Errno 104] Connection reset by peer

During handling of the above exception, another exception occurred:

Traceback (most recent call last):
  File "/home/nguyentuanduong7/.local/lib/python3.8/site-packages/py4j/java_gateway.py", line 1038, in send_command
    response = connection.send_command(command)
  File "/home/nguyentuanduong7/.local/lib/python3.8/site-packages/py4j/clientserver.py", line 506, in send_command
    raise Py4JNetworkError(
py4j.protocol.Py4JNetworkError: Error while sending
[2023-08-23T11:55:57.020+0000] {clientserver.py:543} INFO - Closing down clientserver connection
[2023-08-23T11:55:57.855+0000] {logging_mixin.py:151} INFO - 1606/1607_SSI
[2023-08-23T11:55:58.580+0000] {logging_mixin.py:151} INFO - 1605/1607_BCM
[2023-08-23T11:55:59.303+0000] {logging_mixin.py:151} INFO - 1604/1607_VHM
[2023-08-23T11:56:00.059+0000] {logging_mixin.py:151} INFO - 1603/1607_VIC
[2023-08-23T11:56:00.774+0000] {logging_mixin.py:151} INFO - 1602/1607_VRE
[2023-08-23T11:56:01.493+0000] {logging_mixin.py:151} INFO - 1601/1607_BVH
[2023-08-23T11:56:02.208+0000] {logging_mixin.py:151} INFO - 1600/1607_POW
[2023-08-23T11:56:02.922+0000] {logging_mixin.py:151} INFO - 1599/1607_GAS
[2023-08-23T11:56:03.639+0000] {logging_mixin.py:151} INFO - 1598/1607_ACB
[2023-08-23T11:56:04.349+0000] {logging_mixin.py:151} INFO - 1597/1607_BID
[2023-08-23T11:56:05.057+0000] {logging_mixin.py:151} INFO - 1596/1607_CTG
[2023-08-23T11:56:05.774+0000] {logging_mixin.py:151} INFO - 1595/1607_HDB
[2023-08-23T11:56:06.492+0000] {logging_mixin.py:151} INFO - 1594/1607_MBB
[2023-08-23T11:56:07.211+0000] {logging_mixin.py:151} INFO - 1593/1607_SSB
[2023-08-23T11:56:07.922+0000] {logging_mixin.py:151} INFO - 1592/1607_SHB
[2023-08-23T11:56:08.630+0000] {logging_mixin.py:151} INFO - 1591/1607_STB
[2023-08-23T11:56:09.347+0000] {logging_mixin.py:151} INFO - 1590/1607_TCB
[2023-08-23T11:56:10.065+0000] {logging_mixin.py:151} INFO - 1589/1607_TPB
[2023-08-23T11:56:10.796+0000] {logging_mixin.py:151} INFO - 1588/1607_VCB
[2023-08-23T11:56:11.512+0000] {logging_mixin.py:151} INFO - 1587/1607_VIB
[2023-08-23T11:56:12.227+0000] {logging_mixin.py:151} INFO - 1586/1607_VPB
[2023-08-23T11:56:12.942+0000] {logging_mixin.py:151} INFO - 1585/1607_HPG
[2023-08-23T11:56:13.652+0000] {logging_mixin.py:151} INFO - 1584/1607_GVR
[2023-08-23T11:56:14.362+0000] {logging_mixin.py:151} INFO - 1583/1607_MSN
[2023-08-23T11:56:15.081+0000] {logging_mixin.py:151} INFO - 1582/1607_VNM
[2023-08-23T11:56:15.792+0000] {logging_mixin.py:151} INFO - 1581/1607_SAB
[2023-08-23T11:56:16.507+0000] {logging_mixin.py:151} INFO - 1580/1607_VJC
[2023-08-23T11:56:17.221+0000] {logging_mixin.py:151} INFO - 1579/1607_MWG
[2023-08-23T11:56:17.936+0000] {logging_mixin.py:151} INFO - 1578/1607_PLX
[2023-08-23T11:56:18.654+0000] {logging_mixin.py:151} INFO - 1577/1607_FPT
[2023-08-23T11:56:19.368+0000] {logging_mixin.py:151} INFO - 1576/1607_MFS
[2023-08-23T11:56:20.078+0000] {logging_mixin.py:151} INFO - 1575/1607_ABC
[2023-08-23T11:56:20.787+0000] {logging_mixin.py:151} INFO - 1574/1607_VGI
[2023-08-23T11:56:21.501+0000] {logging_mixin.py:151} INFO - 1573/1607_FOX
[2023-08-23T11:56:22.212+0000] {logging_mixin.py:151} INFO - 1572/1607_PAI
[2023-08-23T11:56:22.927+0000] {logging_mixin.py:151} INFO - 1571/1607_PIA
[2023-08-23T11:56:23.639+0000] {logging_mixin.py:151} INFO - 1570/1607_PTP
[2023-08-23T11:56:24.353+0000] {logging_mixin.py:151} INFO - 1569/1607_TTN
[2023-08-23T11:56:25.082+0000] {logging_mixin.py:151} INFO - 1568/1607_FUCTVGF3
[2023-08-23T11:56:25.792+0000] {logging_mixin.py:151} INFO - 1567/1607_FUEIP100
[2023-08-23T11:56:26.510+0000] {logging_mixin.py:151} INFO - 1566/1607_FUEKIV30
[2023-08-23T11:56:27.221+0000] {logging_mixin.py:151} INFO - 1565/1607_FUCTVGF4
[2023-08-23T11:56:27.936+0000] {logging_mixin.py:151} INFO - 1564/1607_FUEDCMID
[2023-08-23T11:56:28.651+0000] {logging_mixin.py:151} INFO - 1563/1607_FUEKIVFS
[2023-08-23T11:56:29.362+0000] {logging_mixin.py:151} INFO - 1562/1607_FUEMAVND
[2023-08-23T11:56:30.081+0000] {logging_mixin.py:151} INFO - 1561/1607_FUEFCV50
[2023-08-23T11:56:30.794+0000] {logging_mixin.py:151} INFO - 1560/1607_FUEBFVND
[2023-08-23T11:56:31.508+0000] {logging_mixin.py:151} INFO - 1559/1607_FUESSV50
[2023-08-23T11:56:32.220+0000] {logging_mixin.py:151} INFO - 1558/1607_E1VFVN30
[2023-08-23T11:56:32.933+0000] {logging_mixin.py:151} INFO - 1557/1607_FUESSVFL
[2023-08-23T11:56:32.936+0000] {python.py:194} INFO - Done. Returned value was: Done
[2023-08-23T11:56:32.949+0000] {taskinstance.py:1400} INFO - Marking task as SUCCESS. dag_id=vnstock-pipeline, task_id=Stock_collection_1Y, execution_date=20230823T115139, start_date=20230823T115556, end_date=20230823T115632
[2023-08-23T11:56:32.968+0000] {local_task_job_runner.py:228} INFO - Task exited with return code 0
[2023-08-23T11:56:32.981+0000] {taskinstance.py:2784} INFO - 1 downstream tasks scheduled from follow-on schedule check
