[2023-08-24T03:48:02.119+0000] {taskinstance.py:1159} INFO - Dependencies all met for dep_context=non-requeueable deps ti=<TaskInstance: vnstock-pipeline.Stock_collection_1Y manual__2023-08-23T11:51:39.623105+00:00 [queued]>
[2023-08-24T03:48:02.124+0000] {taskinstance.py:1159} INFO - Dependencies all met for dep_context=requeueable deps ti=<TaskInstance: vnstock-pipeline.Stock_collection_1Y manual__2023-08-23T11:51:39.623105+00:00 [queued]>
[2023-08-24T03:48:02.124+0000] {taskinstance.py:1361} INFO - Starting attempt 3 of 6
[2023-08-24T03:48:02.139+0000] {taskinstance.py:1382} INFO - Executing <Task(PythonOperator): Stock_collection_1Y> on 2023-08-23 11:51:39.623105+00:00
[2023-08-24T03:48:02.143+0000] {standard_task_runner.py:57} INFO - Started process 27941 to run task
[2023-08-24T03:48:02.143+0000] {clientserver.py:543} INFO - Closing down clientserver connection
[2023-08-24T03:48:02.151+0000] {standard_task_runner.py:84} INFO - Running: ['airflow', 'tasks', 'run', 'vnstock-pipeline', 'Stock_collection_1Y', 'manual__2023-08-23T11:51:39.623105+00:00', '--job-id', '59', '--raw', '--subdir', 'DAGS_FOLDER/main.py', '--cfg-path', '/tmp/tmpxggm4pno']
[2023-08-24T03:48:02.151+0000] {standard_task_runner.py:85} INFO - Job 59: Subtask Stock_collection_1Y
[2023-08-24T03:48:02.186+0000] {task_command.py:415} INFO - Running <TaskInstance: vnstock-pipeline.Stock_collection_1Y manual__2023-08-23T11:51:39.623105+00:00 [running]> on host vnstock-pipeline-vm.us-central1-c.c.vnstock-pipeline.internal
[2023-08-24T03:48:02.236+0000] {taskinstance.py:1660} INFO - Exporting env vars: AIRFLOW_CTX_DAG_EMAIL='nguyentuanduong555@gmail.com' AIRFLOW_CTX_DAG_OWNER='Duong' AIRFLOW_CTX_DAG_ID='vnstock-pipeline' AIRFLOW_CTX_TASK_ID='Stock_collection_1Y' AIRFLOW_CTX_EXECUTION_DATE='2023-08-23T11:51:39.623105+00:00' AIRFLOW_CTX_TRY_NUMBER='3' AIRFLOW_CTX_DAG_RUN_ID='manual__2023-08-23T11:51:39.623105+00:00'
[2023-08-24T03:48:02.316+0000] {clientserver.py:505} INFO - Error while sending or receiving.
Traceback (most recent call last):
  File "/home/nguyentuanduong7/.local/lib/python3.8/site-packages/py4j/clientserver.py", line 503, in send_command
    self.socket.sendall(command.encode("utf-8"))
ConnectionResetError: [Errno 104] Connection reset by peer
[2023-08-24T03:48:02.317+0000] {clientserver.py:543} INFO - Closing down clientserver connection
[2023-08-24T03:48:02.318+0000] {java_gateway.py:1052} INFO - Exception while sending command.
Traceback (most recent call last):
  File "/home/nguyentuanduong7/.local/lib/python3.8/site-packages/py4j/clientserver.py", line 503, in send_command
    self.socket.sendall(command.encode("utf-8"))
ConnectionResetError: [Errno 104] Connection reset by peer

During handling of the above exception, another exception occurred:

Traceback (most recent call last):
  File "/home/nguyentuanduong7/.local/lib/python3.8/site-packages/py4j/java_gateway.py", line 1038, in send_command
    response = connection.send_command(command)
  File "/home/nguyentuanduong7/.local/lib/python3.8/site-packages/py4j/clientserver.py", line 506, in send_command
    raise Py4JNetworkError(
py4j.protocol.Py4JNetworkError: Error while sending
[2023-08-24T03:48:02.321+0000] {clientserver.py:543} INFO - Closing down clientserver connection
[2023-08-24T03:48:03.054+0000] {logging_mixin.py:151} INFO - 1606/1607_SSI
[2023-08-24T03:48:03.744+0000] {logging_mixin.py:151} INFO - 1605/1607_BCM
[2023-08-24T03:48:04.432+0000] {logging_mixin.py:151} INFO - 1604/1607_VHM
[2023-08-24T03:48:05.123+0000] {logging_mixin.py:151} INFO - 1603/1607_VIC
[2023-08-24T03:48:05.803+0000] {logging_mixin.py:151} INFO - 1602/1607_VRE
[2023-08-24T03:48:06.493+0000] {logging_mixin.py:151} INFO - 1601/1607_BVH
[2023-08-24T03:48:07.189+0000] {logging_mixin.py:151} INFO - 1600/1607_POW
[2023-08-24T03:48:07.880+0000] {logging_mixin.py:151} INFO - 1599/1607_GAS
[2023-08-24T03:48:08.595+0000] {logging_mixin.py:151} INFO - 1598/1607_ACB
[2023-08-24T03:48:09.295+0000] {logging_mixin.py:151} INFO - 1597/1607_BID
[2023-08-24T03:48:10.020+0000] {logging_mixin.py:151} INFO - 1596/1607_CTG
[2023-08-24T03:48:10.734+0000] {logging_mixin.py:151} INFO - 1595/1607_HDB
[2023-08-24T03:48:11.423+0000] {logging_mixin.py:151} INFO - 1594/1607_MBB
[2023-08-24T03:48:12.115+0000] {logging_mixin.py:151} INFO - 1593/1607_SSB
[2023-08-24T03:48:12.805+0000] {logging_mixin.py:151} INFO - 1592/1607_SHB
[2023-08-24T03:48:13.505+0000] {logging_mixin.py:151} INFO - 1591/1607_STB
[2023-08-24T03:48:14.193+0000] {logging_mixin.py:151} INFO - 1590/1607_TCB
[2023-08-24T03:48:14.886+0000] {logging_mixin.py:151} INFO - 1589/1607_TPB
[2023-08-24T03:48:15.578+0000] {logging_mixin.py:151} INFO - 1588/1607_VCB
[2023-08-24T03:48:16.269+0000] {logging_mixin.py:151} INFO - 1587/1607_VIB
[2023-08-24T03:48:16.966+0000] {logging_mixin.py:151} INFO - 1586/1607_VPB
[2023-08-24T03:48:17.654+0000] {logging_mixin.py:151} INFO - 1585/1607_HPG
[2023-08-24T03:48:18.345+0000] {logging_mixin.py:151} INFO - 1584/1607_GVR
[2023-08-24T03:48:19.034+0000] {logging_mixin.py:151} INFO - 1583/1607_MSN
[2023-08-24T03:48:19.720+0000] {logging_mixin.py:151} INFO - 1582/1607_VNM
[2023-08-24T03:48:20.412+0000] {logging_mixin.py:151} INFO - 1581/1607_SAB
[2023-08-24T03:48:21.114+0000] {logging_mixin.py:151} INFO - 1580/1607_VJC
[2023-08-24T03:48:21.804+0000] {logging_mixin.py:151} INFO - 1579/1607_MWG
[2023-08-24T03:48:22.489+0000] {logging_mixin.py:151} INFO - 1578/1607_PLX
[2023-08-24T03:48:23.183+0000] {logging_mixin.py:151} INFO - 1577/1607_FPT
[2023-08-24T03:48:23.868+0000] {logging_mixin.py:151} INFO - 1576/1607_MFS
[2023-08-24T03:48:24.559+0000] {logging_mixin.py:151} INFO - 1575/1607_ABC
[2023-08-24T03:48:25.249+0000] {logging_mixin.py:151} INFO - 1574/1607_VGI
[2023-08-24T03:48:25.946+0000] {logging_mixin.py:151} INFO - 1573/1607_FOX
[2023-08-24T03:48:26.631+0000] {logging_mixin.py:151} INFO - 1572/1607_PAI
[2023-08-24T03:48:27.319+0000] {logging_mixin.py:151} INFO - 1571/1607_PIA
[2023-08-24T03:48:28.002+0000] {logging_mixin.py:151} INFO - 1570/1607_PTP
[2023-08-24T03:48:28.687+0000] {logging_mixin.py:151} INFO - 1569/1607_TTN
[2023-08-24T03:48:29.376+0000] {logging_mixin.py:151} INFO - 1568/1607_FUCTVGF3
[2023-08-24T03:48:30.060+0000] {logging_mixin.py:151} INFO - 1567/1607_FUEIP100
[2023-08-24T03:48:30.758+0000] {logging_mixin.py:151} INFO - 1566/1607_FUEKIV30
[2023-08-24T03:48:31.448+0000] {logging_mixin.py:151} INFO - 1565/1607_FUCTVGF4
[2023-08-24T03:48:32.136+0000] {logging_mixin.py:151} INFO - 1564/1607_FUEDCMID
[2023-08-24T03:48:32.831+0000] {logging_mixin.py:151} INFO - 1563/1607_FUEKIVFS
[2023-08-24T03:48:33.515+0000] {logging_mixin.py:151} INFO - 1562/1607_FUEMAVND
[2023-08-24T03:48:34.200+0000] {logging_mixin.py:151} INFO - 1561/1607_FUEFCV50
[2023-08-24T03:48:34.890+0000] {logging_mixin.py:151} INFO - 1560/1607_FUEBFVND
[2023-08-24T03:48:35.577+0000] {logging_mixin.py:151} INFO - 1559/1607_FUESSV50
[2023-08-24T03:48:36.264+0000] {logging_mixin.py:151} INFO - 1558/1607_E1VFVN30
[2023-08-24T03:48:36.954+0000] {logging_mixin.py:151} INFO - 1557/1607_FUESSVFL
[2023-08-24T03:48:36.957+0000] {python.py:194} INFO - Done. Returned value was: Done
[2023-08-24T03:48:36.970+0000] {taskinstance.py:1400} INFO - Marking task as SUCCESS. dag_id=vnstock-pipeline, task_id=Stock_collection_1Y, execution_date=20230823T115139, start_date=20230824T034802, end_date=20230824T034836
[2023-08-24T03:48:37.014+0000] {local_task_job_runner.py:228} INFO - Task exited with return code 0
[2023-08-24T03:48:37.023+0000] {taskinstance.py:2784} INFO - 0 downstream tasks scheduled from follow-on schedule check
