[2023-08-30T02:49:26.544+0000] {taskinstance.py:1159} INFO - Dependencies all met for dep_context=non-requeueable deps ti=<TaskInstance: vnstock-pipeline-1H.Vm_pub_pubsub scheduled__2023-08-28T03:55:00+00:00 [queued]>
[2023-08-30T02:49:26.550+0000] {taskinstance.py:1159} INFO - Dependencies all met for dep_context=requeueable deps ti=<TaskInstance: vnstock-pipeline-1H.Vm_pub_pubsub scheduled__2023-08-28T03:55:00+00:00 [queued]>
[2023-08-30T02:49:26.550+0000] {taskinstance.py:1361} INFO - Starting attempt 1 of 4
[2023-08-30T02:49:26.565+0000] {taskinstance.py:1382} INFO - Executing <Task(PythonOperator): Vm_pub_pubsub> on 2023-08-28 03:55:00+00:00
[2023-08-30T02:49:26.569+0000] {standard_task_runner.py:57} INFO - Started process 232354 to run task
[2023-08-30T02:49:26.569+0000] {clientserver.py:543} INFO - Closing down clientserver connection
[2023-08-30T02:49:26.576+0000] {standard_task_runner.py:84} INFO - Running: ['airflow', 'tasks', 'run', 'vnstock-pipeline-1H', 'Vm_pub_pubsub', 'scheduled__2023-08-28T03:55:00+00:00', '--job-id', '194', '--raw', '--subdir', 'DAGS_FOLDER/main.py', '--cfg-path', '/tmp/tmpm4hx3i8f']
[2023-08-30T02:49:26.576+0000] {standard_task_runner.py:85} INFO - Job 194: Subtask Vm_pub_pubsub
[2023-08-30T02:49:26.606+0000] {clientserver.py:505} INFO - Error while sending or receiving.
Traceback (most recent call last):
  File "/home/nguyentuanduong7/.local/lib/python3.8/site-packages/py4j/clientserver.py", line 503, in send_command
    self.socket.sendall(command.encode("utf-8"))
ConnectionResetError: [Errno 104] Connection reset by peer
[2023-08-30T02:49:26.607+0000] {clientserver.py:543} INFO - Closing down clientserver connection
[2023-08-30T02:49:26.608+0000] {java_gateway.py:1052} INFO - Exception while sending command.
Traceback (most recent call last):
  File "/home/nguyentuanduong7/.local/lib/python3.8/site-packages/py4j/clientserver.py", line 503, in send_command
    self.socket.sendall(command.encode("utf-8"))
ConnectionResetError: [Errno 104] Connection reset by peer

During handling of the above exception, another exception occurred:

Traceback (most recent call last):
  File "/home/nguyentuanduong7/.local/lib/python3.8/site-packages/py4j/java_gateway.py", line 1038, in send_command
    response = connection.send_command(command)
  File "/home/nguyentuanduong7/.local/lib/python3.8/site-packages/py4j/clientserver.py", line 506, in send_command
    raise Py4JNetworkError(
py4j.protocol.Py4JNetworkError: Error while sending
[2023-08-30T02:49:26.610+0000] {clientserver.py:543} INFO - Closing down clientserver connection
[2023-08-30T02:49:26.617+0000] {task_command.py:415} INFO - Running <TaskInstance: vnstock-pipeline-1H.Vm_pub_pubsub scheduled__2023-08-28T03:55:00+00:00 [running]> on host vnstock-pipeline-vm.us-central1-c.c.vnstock-pipeline.internal
[2023-08-30T02:49:26.667+0000] {taskinstance.py:1660} INFO - Exporting env vars: AIRFLOW_CTX_DAG_EMAIL='nguyentuanduong555@gmail.com' AIRFLOW_CTX_DAG_OWNER='Duong_' AIRFLOW_CTX_DAG_ID='vnstock-pipeline-1H' AIRFLOW_CTX_TASK_ID='Vm_pub_pubsub' AIRFLOW_CTX_EXECUTION_DATE='2023-08-28T03:55:00+00:00' AIRFLOW_CTX_TRY_NUMBER='1' AIRFLOW_CTX_DAG_RUN_ID='scheduled__2023-08-28T03:55:00+00:00'
[2023-08-30T02:49:28.071+0000] {logging_mixin.py:151} WARNING - /home/nguyentuanduong7/airflow/src/pluggin/stock_subscription.py:24 SettingWithCopyWarning: 
A value is trying to be set on a copy of a slice from a DataFrame.
Try using .loc[row_indexer,col_indexer] = value instead

See the caveats in the documentation: https://pandas.pydata.org/pandas-docs/stable/user_guide/indexing.html#returning-a-view-versus-a-copy
[2023-08-30T02:49:28.073+0000] {logging_mixin.py:151} WARNING - /home/nguyentuanduong7/airflow/src/pluggin/stock_subscription.py:25 SettingWithCopyWarning: 
A value is trying to be set on a copy of a slice from a DataFrame.
Try using .loc[row_indexer,col_indexer] = value instead

See the caveats in the documentation: https://pandas.pydata.org/pandas-docs/stable/user_guide/indexing.html#returning-a-view-versus-a-copy
[2023-08-30T02:49:28.083+0000] {logging_mixin.py:151} INFO -   Mã CP  Giá tham chiếu  Giá Trần  Giá Sàn  Giá khớp lệnh  Tổng Khối Lượng        Date      Time
0   ACB         22050.0   23550.0  20550.0        22100.0          86660.0  2023-08-30  09:49:11
1   TCB         33900.0   36250.0  31550.0        34050.0          75360.0  2023-08-30  09:49:11
[2023-08-30T02:49:28.134+0000] {logging_mixin.py:151} INFO - publish message id 8309807059796885
[2023-08-30T02:49:28.175+0000] {logging_mixin.py:151} INFO - publish message id 8310393310577588
[2023-08-30T02:49:28.176+0000] {python.py:194} INFO - Done. Returned value was: None
[2023-08-30T02:49:28.180+0000] {taskinstance.py:1400} INFO - Marking task as SUCCESS. dag_id=vnstock-pipeline-1H, task_id=Vm_pub_pubsub, execution_date=20230828T035500, start_date=20230830T024926, end_date=20230830T024928
[2023-08-30T02:49:28.229+0000] {local_task_job_runner.py:228} INFO - Task exited with return code 0
[2023-08-30T02:49:28.240+0000] {taskinstance.py:2784} INFO - 0 downstream tasks scheduled from follow-on schedule check
