[2023-08-23T12:07:14.237+0000] {taskinstance.py:1159} INFO - Dependencies all met for dep_context=non-requeueable deps ti=<TaskInstance: vnstock-pipeline.Stock_collection_1Y manual__2023-08-23T11:52:27.015050+00:00 [queued]>
[2023-08-23T12:07:14.245+0000] {taskinstance.py:1159} INFO - Dependencies all met for dep_context=requeueable deps ti=<TaskInstance: vnstock-pipeline.Stock_collection_1Y manual__2023-08-23T11:52:27.015050+00:00 [queued]>
[2023-08-23T12:07:14.246+0000] {taskinstance.py:1361} INFO - Starting attempt 1 of 4
[2023-08-23T12:07:14.267+0000] {taskinstance.py:1382} INFO - Executing <Task(PythonOperator): Stock_collection_1Y> on 2023-08-23 11:52:27.015050+00:00
[2023-08-23T12:07:14.271+0000] {standard_task_runner.py:57} INFO - Started process 17550 to run task
[2023-08-23T12:07:14.271+0000] {clientserver.py:543} INFO - Closing down clientserver connection
[2023-08-23T12:07:14.279+0000] {standard_task_runner.py:84} INFO - Running: ['airflow', 'tasks', 'run', 'vnstock-pipeline', 'Stock_collection_1Y', 'manual__2023-08-23T11:52:27.015050+00:00', '--job-id', '41', '--raw', '--subdir', 'DAGS_FOLDER/main.py', '--cfg-path', '/tmp/tmpuugac0xc']
[2023-08-23T12:07:14.279+0000] {standard_task_runner.py:85} INFO - Job 41: Subtask Stock_collection_1Y
[2023-08-23T12:07:14.316+0000] {task_command.py:415} INFO - Running <TaskInstance: vnstock-pipeline.Stock_collection_1Y manual__2023-08-23T11:52:27.015050+00:00 [running]> on host vnstock-pipeline-vm.us-central1-c.c.vnstock-pipeline.internal
[2023-08-23T12:07:14.366+0000] {taskinstance.py:1660} INFO - Exporting env vars: AIRFLOW_CTX_DAG_EMAIL='nguyentuanduong555@gmail.com' AIRFLOW_CTX_DAG_OWNER='Duong' AIRFLOW_CTX_DAG_ID='vnstock-pipeline' AIRFLOW_CTX_TASK_ID='Stock_collection_1Y' AIRFLOW_CTX_EXECUTION_DATE='2023-08-23T11:52:27.015050+00:00' AIRFLOW_CTX_TRY_NUMBER='1' AIRFLOW_CTX_DAG_RUN_ID='manual__2023-08-23T11:52:27.015050+00:00'
[2023-08-23T12:07:15.205+0000] {logging_mixin.py:151} INFO - 1606/1607_SSI
[2023-08-23T12:07:15.925+0000] {logging_mixin.py:151} INFO - 1605/1607_BCM
[2023-08-23T12:07:16.638+0000] {logging_mixin.py:151} INFO - 1604/1607_VHM
[2023-08-23T12:07:17.356+0000] {logging_mixin.py:151} INFO - 1603/1607_VIC
[2023-08-23T12:07:18.070+0000] {logging_mixin.py:151} INFO - 1602/1607_VRE
[2023-08-23T12:07:18.787+0000] {logging_mixin.py:151} INFO - 1601/1607_BVH
[2023-08-23T12:07:19.505+0000] {logging_mixin.py:151} INFO - 1600/1607_POW
[2023-08-23T12:07:20.219+0000] {logging_mixin.py:151} INFO - 1599/1607_GAS
[2023-08-23T12:07:20.928+0000] {logging_mixin.py:151} INFO - 1598/1607_ACB
[2023-08-23T12:07:21.651+0000] {logging_mixin.py:151} INFO - 1597/1607_BID
[2023-08-23T12:07:22.368+0000] {logging_mixin.py:151} INFO - 1596/1607_CTG
[2023-08-23T12:07:23.085+0000] {logging_mixin.py:151} INFO - 1595/1607_HDB
[2023-08-23T12:07:23.809+0000] {logging_mixin.py:151} INFO - 1594/1607_MBB
[2023-08-23T12:07:24.526+0000] {logging_mixin.py:151} INFO - 1593/1607_SSB
[2023-08-23T12:07:25.234+0000] {logging_mixin.py:151} INFO - 1592/1607_SHB
[2023-08-23T12:07:25.948+0000] {logging_mixin.py:151} INFO - 1591/1607_STB
[2023-08-23T12:07:26.673+0000] {logging_mixin.py:151} INFO - 1590/1607_TCB
[2023-08-23T12:07:27.384+0000] {logging_mixin.py:151} INFO - 1589/1607_TPB
[2023-08-23T12:07:28.098+0000] {logging_mixin.py:151} INFO - 1588/1607_VCB
[2023-08-23T12:07:28.813+0000] {logging_mixin.py:151} INFO - 1587/1607_VIB
[2023-08-23T12:07:29.529+0000] {logging_mixin.py:151} INFO - 1586/1607_VPB
[2023-08-23T12:07:30.249+0000] {logging_mixin.py:151} INFO - 1585/1607_HPG
[2023-08-23T12:07:30.964+0000] {logging_mixin.py:151} INFO - 1584/1607_GVR
[2023-08-23T12:07:31.683+0000] {logging_mixin.py:151} INFO - 1583/1607_MSN
[2023-08-23T12:07:32.402+0000] {logging_mixin.py:151} INFO - 1582/1607_VNM
[2023-08-23T12:07:33.120+0000] {logging_mixin.py:151} INFO - 1581/1607_SAB
[2023-08-23T12:07:33.832+0000] {logging_mixin.py:151} INFO - 1580/1607_VJC
[2023-08-23T12:07:34.548+0000] {logging_mixin.py:151} INFO - 1579/1607_MWG
[2023-08-23T12:07:35.269+0000] {logging_mixin.py:151} INFO - 1578/1607_PLX
[2023-08-23T12:07:35.989+0000] {logging_mixin.py:151} INFO - 1577/1607_FPT
[2023-08-23T12:07:36.702+0000] {logging_mixin.py:151} INFO - 1576/1607_MFS
[2023-08-23T12:07:37.418+0000] {logging_mixin.py:151} INFO - 1575/1607_ABC
[2023-08-23T12:07:38.129+0000] {logging_mixin.py:151} INFO - 1574/1607_VGI
[2023-08-23T12:07:38.850+0000] {logging_mixin.py:151} INFO - 1573/1607_FOX
[2023-08-23T12:07:39.569+0000] {logging_mixin.py:151} INFO - 1572/1607_PAI
[2023-08-23T12:07:40.290+0000] {logging_mixin.py:151} INFO - 1571/1607_PIA
[2023-08-23T12:07:40.999+0000] {logging_mixin.py:151} INFO - 1570/1607_PTP
[2023-08-23T12:07:41.709+0000] {logging_mixin.py:151} INFO - 1569/1607_TTN
[2023-08-23T12:07:42.420+0000] {logging_mixin.py:151} INFO - 1568/1607_FUCTVGF3
[2023-08-23T12:07:43.138+0000] {logging_mixin.py:151} INFO - 1567/1607_FUEIP100
[2023-08-23T12:07:43.863+0000] {logging_mixin.py:151} INFO - 1566/1607_FUEKIV30
[2023-08-23T12:07:44.579+0000] {logging_mixin.py:151} INFO - 1565/1607_FUCTVGF4
[2023-08-23T12:07:45.293+0000] {logging_mixin.py:151} INFO - 1564/1607_FUEDCMID
[2023-08-23T12:07:46.001+0000] {logging_mixin.py:151} INFO - 1563/1607_FUEKIVFS
[2023-08-23T12:07:46.922+0000] {logging_mixin.py:151} INFO - 1562/1607_FUEMAVND
[2023-08-23T12:07:47.633+0000] {logging_mixin.py:151} INFO - 1561/1607_FUEFCV50
[2023-08-23T12:07:48.348+0000] {logging_mixin.py:151} INFO - 1560/1607_FUEBFVND
[2023-08-23T12:07:49.063+0000] {logging_mixin.py:151} INFO - 1559/1607_FUESSV50
[2023-08-23T12:07:49.776+0000] {logging_mixin.py:151} INFO - 1558/1607_E1VFVN30
[2023-08-23T12:07:50.492+0000] {logging_mixin.py:151} INFO - 1557/1607_FUESSVFL
[2023-08-23T12:07:50.494+0000] {python.py:194} INFO - Done. Returned value was: Done
[2023-08-23T12:07:50.507+0000] {taskinstance.py:1400} INFO - Marking task as SUCCESS. dag_id=vnstock-pipeline, task_id=Stock_collection_1Y, execution_date=20230823T115227, start_date=20230823T120714, end_date=20230823T120750
[2023-08-23T12:07:50.527+0000] {local_task_job_runner.py:228} INFO - Task exited with return code 0
[2023-08-23T12:07:50.540+0000] {taskinstance.py:2784} INFO - 1 downstream tasks scheduled from follow-on schedule check
