[2023-08-31T06:19:05.480+0000] {taskinstance.py:1159} INFO - Dependencies all met for dep_context=non-requeueable deps ti=<TaskInstance: vnstock-pipeline-1D.Stock_collection_1D manual__2023-08-31T06:18:47.349974+00:00 [queued]>
[2023-08-31T06:19:05.485+0000] {taskinstance.py:1159} INFO - Dependencies all met for dep_context=requeueable deps ti=<TaskInstance: vnstock-pipeline-1D.Stock_collection_1D manual__2023-08-31T06:18:47.349974+00:00 [queued]>
[2023-08-31T06:19:05.486+0000] {taskinstance.py:1361} INFO - Starting attempt 1 of 4
[2023-08-31T06:19:05.498+0000] {taskinstance.py:1382} INFO - Executing <Task(PythonOperator): Stock_collection_1D> on 2023-08-31 06:18:47.349974+00:00
[2023-08-31T06:19:05.503+0000] {standard_task_runner.py:57} INFO - Started process 526052 to run task
[2023-08-31T06:19:05.503+0000] {clientserver.py:543} INFO - Closing down clientserver connection
[2023-08-31T06:19:05.510+0000] {standard_task_runner.py:84} INFO - Running: ['airflow', 'tasks', 'run', 'vnstock-pipeline-1D', 'Stock_collection_1D', 'manual__2023-08-31T06:18:47.349974+00:00', '--job-id', '471', '--raw', '--subdir', 'DAGS_FOLDER/main.py', '--cfg-path', '/tmp/tmpmxve5vbh']
[2023-08-31T06:19:05.510+0000] {standard_task_runner.py:85} INFO - Job 471: Subtask Stock_collection_1D
[2023-08-31T06:19:05.544+0000] {task_command.py:415} INFO - Running <TaskInstance: vnstock-pipeline-1D.Stock_collection_1D manual__2023-08-31T06:18:47.349974+00:00 [running]> on host vnstock-pipeline-vm.us-central1-c.c.vnstock-pipeline.internal
[2023-08-31T06:19:05.595+0000] {taskinstance.py:1660} INFO - Exporting env vars: AIRFLOW_CTX_DAG_EMAIL='nguyentuanduong555@gmail.com' AIRFLOW_CTX_DAG_OWNER='Duong_' AIRFLOW_CTX_DAG_ID='vnstock-pipeline-1D' AIRFLOW_CTX_TASK_ID='Stock_collection_1D' AIRFLOW_CTX_EXECUTION_DATE='2023-08-31T06:18:47.349974+00:00' AIRFLOW_CTX_TRY_NUMBER='1' AIRFLOW_CTX_DAG_RUN_ID='manual__2023-08-31T06:18:47.349974+00:00'
[2023-08-31T06:19:06.567+0000] {logging_mixin.py:151} INFO -       open     high      low  ...  ticker   type             Datetime
0  33500.0  33750.0  33350.0  ...     SSI  stock  2023-08-31 09:00:00
1  33600.0  33700.0  33400.0  ...     SSI  stock  2023-08-31 10:00:00
2  33500.0  33550.0  33450.0  ...     SSI  stock  2023-08-31 11:00:00

[3 rows x 8 columns]
[2023-08-31T06:19:06.569+0000] {logging_mixin.py:151} INFO - 1606/1607_SSI
[2023-08-31T06:19:07.252+0000] {logging_mixin.py:151} INFO -       open     high      low  ...  ticker   type             Datetime
0  72800.0  72800.0  70700.0  ...     BCM  stock  2023-08-31 09:00:00
1  70800.0  71500.0  70700.0  ...     BCM  stock  2023-08-31 10:00:00
2  71200.0  71400.0  70900.0  ...     BCM  stock  2023-08-31 11:00:00

[3 rows x 8 columns]
[2023-08-31T06:19:07.253+0000] {logging_mixin.py:151} INFO - 1605/1607_BCM
[2023-08-31T06:19:07.930+0000] {logging_mixin.py:151} INFO -       open     high      low  ...  ticker   type             Datetime
0  54800.0  55300.0  54700.0  ...     VHM  stock  2023-08-31 09:00:00
1  55200.0  55900.0  55000.0  ...     VHM  stock  2023-08-31 10:00:00
2  55400.0  55500.0  55200.0  ...     VHM  stock  2023-08-31 11:00:00

[3 rows x 8 columns]
[2023-08-31T06:19:07.931+0000] {logging_mixin.py:151} INFO - 1604/1607_VHM
[2023-08-31T06:19:08.611+0000] {logging_mixin.py:151} INFO -       open     high      low  ...  ticker   type             Datetime
0  62500.0  64000.0  62000.0  ...     VIC  stock  2023-08-31 09:00:00
1  64000.0  64099.0  62800.0  ...     VIC  stock  2023-08-31 10:00:00
2  62900.0  63000.0  62400.0  ...     VIC  stock  2023-08-31 11:00:00

[3 rows x 8 columns]
[2023-08-31T06:19:08.612+0000] {logging_mixin.py:151} INFO - 1603/1607_VIC
[2023-08-31T06:19:09.288+0000] {logging_mixin.py:151} INFO -       open     high      low  ...  ticker   type             Datetime
0  29750.0  30400.0  29700.0  ...     VRE  stock  2023-08-31 09:00:00
1  30250.0  30300.0  30150.0  ...     VRE  stock  2023-08-31 10:00:00
2  30250.0  30300.0  30200.0  ...     VRE  stock  2023-08-31 11:00:00

[3 rows x 8 columns]
[2023-08-31T06:19:09.289+0000] {logging_mixin.py:151} INFO - 1602/1607_VRE
[2023-08-31T06:19:09.965+0000] {logging_mixin.py:151} INFO -       open     high      low  ...  ticker   type             Datetime
0  45100.0  45300.0  45100.0  ...     BVH  stock  2023-08-31 09:00:00
1  45100.0  45400.0  45050.0  ...     BVH  stock  2023-08-31 10:00:00
2  45300.0  45300.0  45200.0  ...     BVH  stock  2023-08-31 11:00:00

[3 rows x 8 columns]
[2023-08-31T06:19:09.966+0000] {logging_mixin.py:151} INFO - 1601/1607_BVH
[2023-08-31T06:19:10.638+0000] {logging_mixin.py:151} INFO -       open     high      low  ...  ticker   type             Datetime
0  12750.0  12800.0  12700.0  ...     POW  stock  2023-08-31 09:00:00
1  12750.0  12800.0  12700.0  ...     POW  stock  2023-08-31 10:00:00
2  12750.0  12800.0  12750.0  ...     POW  stock  2023-08-31 11:00:00

[3 rows x 8 columns]
[2023-08-31T06:19:10.639+0000] {logging_mixin.py:151} INFO - 1600/1607_POW
[2023-08-31T06:19:11.318+0000] {logging_mixin.py:151} INFO -       open     high      low  ...  ticker   type             Datetime
0  99300.0  99300.0  98800.0  ...     GAS  stock  2023-08-31 09:00:00
1  98900.0  99300.0  98800.0  ...     GAS  stock  2023-08-31 10:00:00
2  99200.0  99200.0  99000.0  ...     GAS  stock  2023-08-31 11:00:00

[3 rows x 8 columns]
[2023-08-31T06:19:11.319+0000] {logging_mixin.py:151} INFO - 1599/1607_GAS
[2023-08-31T06:19:11.993+0000] {logging_mixin.py:151} INFO -       open     high      low  ...  ticker   type             Datetime
0  22450.0  22550.0  22450.0  ...     ACB  stock  2023-08-31 09:00:00
1  22500.0  22550.0  22450.0  ...     ACB  stock  2023-08-31 10:00:00
2  22500.0  22550.0  22450.0  ...     ACB  stock  2023-08-31 11:00:00

[3 rows x 8 columns]
[2023-08-31T06:19:11.994+0000] {logging_mixin.py:151} INFO - 1598/1607_ACB
[2023-08-31T06:19:12.668+0000] {logging_mixin.py:151} INFO -       open     high      low  ...  ticker   type             Datetime
0  46350.0  46550.0  46300.0  ...     BID  stock  2023-08-31 09:00:00
1  46500.0  46850.0  46450.0  ...     BID  stock  2023-08-31 10:00:00
2  46800.0  46800.0  46550.0  ...     BID  stock  2023-08-31 11:00:00

[3 rows x 8 columns]
[2023-08-31T06:19:12.669+0000] {logging_mixin.py:151} INFO - 1597/1607_BID
[2023-08-31T06:19:12.670+0000] {python.py:194} INFO - Done. Returned value was: Done
[2023-08-31T06:19:12.682+0000] {taskinstance.py:1400} INFO - Marking task as SUCCESS. dag_id=vnstock-pipeline-1D, task_id=Stock_collection_1D, execution_date=20230831T061847, start_date=20230831T061905, end_date=20230831T061912
[2023-08-31T06:19:12.723+0000] {local_task_job_runner.py:228} INFO - Task exited with return code 0
[2023-08-31T06:19:12.740+0000] {taskinstance.py:2784} INFO - 1 downstream tasks scheduled from follow-on schedule check
