[2023-08-24T03:47:01.584+0000] {taskinstance.py:1159} INFO - Dependencies all met for dep_context=non-requeueable deps ti=<TaskInstance: vnstock-pipeline.Stock_collection_1D manual__2023-08-23T11:51:39.623105+00:00 [queued]>
[2023-08-24T03:47:01.590+0000] {taskinstance.py:1159} INFO - Dependencies all met for dep_context=requeueable deps ti=<TaskInstance: vnstock-pipeline.Stock_collection_1D manual__2023-08-23T11:51:39.623105+00:00 [queued]>
[2023-08-24T03:47:01.590+0000] {taskinstance.py:1361} INFO - Starting attempt 3 of 6
[2023-08-24T03:47:01.603+0000] {taskinstance.py:1382} INFO - Executing <Task(PythonOperator): Stock_collection_1D> on 2023-08-23 11:51:39.623105+00:00
[2023-08-24T03:47:01.607+0000] {standard_task_runner.py:57} INFO - Started process 27798 to run task
[2023-08-24T03:47:01.607+0000] {clientserver.py:543} INFO - Closing down clientserver connection
[2023-08-24T03:47:01.614+0000] {standard_task_runner.py:84} INFO - Running: ['airflow', 'tasks', 'run', 'vnstock-pipeline', 'Stock_collection_1D', 'manual__2023-08-23T11:51:39.623105+00:00', '--job-id', '58', '--raw', '--subdir', 'DAGS_FOLDER/main.py', '--cfg-path', '/tmp/tmpz58o5d_p']
[2023-08-24T03:47:01.614+0000] {standard_task_runner.py:85} INFO - Job 58: Subtask Stock_collection_1D
[2023-08-24T03:47:01.650+0000] {task_command.py:415} INFO - Running <TaskInstance: vnstock-pipeline.Stock_collection_1D manual__2023-08-23T11:51:39.623105+00:00 [running]> on host vnstock-pipeline-vm.us-central1-c.c.vnstock-pipeline.internal
[2023-08-24T03:47:01.666+0000] {clientserver.py:505} INFO - Error while sending or receiving.
Traceback (most recent call last):
  File "/home/nguyentuanduong7/.local/lib/python3.8/site-packages/py4j/clientserver.py", line 503, in send_command
    self.socket.sendall(command.encode("utf-8"))
ConnectionResetError: [Errno 104] Connection reset by peer
[2023-08-24T03:47:01.667+0000] {clientserver.py:543} INFO - Closing down clientserver connection
[2023-08-24T03:47:01.668+0000] {java_gateway.py:1052} INFO - Exception while sending command.
Traceback (most recent call last):
  File "/home/nguyentuanduong7/.local/lib/python3.8/site-packages/py4j/clientserver.py", line 503, in send_command
    self.socket.sendall(command.encode("utf-8"))
ConnectionResetError: [Errno 104] Connection reset by peer

During handling of the above exception, another exception occurred:

Traceback (most recent call last):
  File "/home/nguyentuanduong7/.local/lib/python3.8/site-packages/py4j/java_gateway.py", line 1038, in send_command
    response = connection.send_command(command)
  File "/home/nguyentuanduong7/.local/lib/python3.8/site-packages/py4j/clientserver.py", line 506, in send_command
    raise Py4JNetworkError(
py4j.protocol.Py4JNetworkError: Error while sending
[2023-08-24T03:47:01.672+0000] {clientserver.py:543} INFO - Closing down clientserver connection
[2023-08-24T03:47:01.708+0000] {taskinstance.py:1660} INFO - Exporting env vars: AIRFLOW_CTX_DAG_EMAIL='nguyentuanduong555@gmail.com' AIRFLOW_CTX_DAG_OWNER='Duong' AIRFLOW_CTX_DAG_ID='vnstock-pipeline' AIRFLOW_CTX_TASK_ID='Stock_collection_1D' AIRFLOW_CTX_EXECUTION_DATE='2023-08-23T11:51:39.623105+00:00' AIRFLOW_CTX_TRY_NUMBER='3' AIRFLOW_CTX_DAG_RUN_ID='manual__2023-08-23T11:51:39.623105+00:00'
[2023-08-24T03:47:02.537+0000] {logging_mixin.py:151} INFO -                        time     open     high  ...     volume  ticker   type
0 2023-08-24 09:00:00+07:00  30300.0  30500.0  ...  2932500.0     SSI  stock

[1 rows x 8 columns]
[2023-08-24T03:47:02.539+0000] {logging_mixin.py:151} INFO - 1606/1607_SSI
[2023-08-24T03:47:03.193+0000] {logging_mixin.py:151} INFO -                        time     open     high  ...   volume  ticker   type
0 2023-08-24 09:00:00+07:00  67000.0  67700.0  ...  50200.0     BCM  stock

[1 rows x 8 columns]
[2023-08-24T03:47:03.194+0000] {logging_mixin.py:151} INFO - 1605/1607_BCM
[2023-08-24T03:47:03.862+0000] {logging_mixin.py:151} INFO -                        time     open     high  ...    volume  ticker   type
0 2023-08-24 09:00:00+07:00  54900.0  55100.0  ...  355600.0     VHM  stock

[1 rows x 8 columns]
[2023-08-24T03:47:03.863+0000] {logging_mixin.py:151} INFO - 1604/1607_VHM
[2023-08-24T03:47:04.603+0000] {logging_mixin.py:151} INFO -                        time     open     high  ...     volume  ticker   type
0 2023-08-24 09:00:00+07:00  65700.0  65800.0  ...  1363600.0     VIC  stock

[1 rows x 8 columns]
[2023-08-24T03:47:04.604+0000] {logging_mixin.py:151} INFO - 1603/1607_VIC
[2023-08-24T03:47:05.256+0000] {logging_mixin.py:151} INFO -                        time     open     high  ...    volume  ticker   type
0 2023-08-24 09:00:00+07:00  28850.0  29200.0  ...  304500.0     VRE  stock

[1 rows x 8 columns]
[2023-08-24T03:47:05.257+0000] {logging_mixin.py:151} INFO - 1602/1607_VRE
[2023-08-24T03:47:05.906+0000] {logging_mixin.py:151} INFO -                        time     open     high  ...   volume  ticker   type
0 2023-08-24 09:00:00+07:00  45050.0  45450.0  ...  28500.0     BVH  stock

[1 rows x 8 columns]
[2023-08-24T03:47:05.907+0000] {logging_mixin.py:151} INFO - 1601/1607_BVH
[2023-08-24T03:47:06.561+0000] {logging_mixin.py:151} INFO -                        time     open     high  ...     volume  ticker   type
0 2023-08-24 09:00:00+07:00  12500.0  12550.0  ...  1283100.0     POW  stock

[1 rows x 8 columns]
[2023-08-24T03:47:06.562+0000] {logging_mixin.py:151} INFO - 1600/1607_POW
[2023-08-24T03:47:07.246+0000] {logging_mixin.py:151} INFO -                        time      open      high  ...   volume  ticker   type
0 2023-08-24 09:00:00+07:00  102500.0  102500.0  ...  67800.0     GAS  stock

[1 rows x 8 columns]
[2023-08-24T03:47:07.247+0000] {logging_mixin.py:151} INFO - 1599/1607_GAS
[2023-08-24T03:47:07.906+0000] {logging_mixin.py:151} INFO -                        time     open     high  ...    volume  ticker   type
0 2023-08-24 09:00:00+07:00  21850.0  22000.0  ...  661200.0     ACB  stock

[1 rows x 8 columns]
[2023-08-24T03:47:07.907+0000] {logging_mixin.py:151} INFO - 1598/1607_ACB
[2023-08-24T03:47:08.564+0000] {logging_mixin.py:151} INFO -                        time     open     high  ...   volume  ticker   type
0 2023-08-24 09:00:00+07:00  45700.0  46000.0  ...  75600.0     BID  stock

[1 rows x 8 columns]
[2023-08-24T03:47:08.566+0000] {logging_mixin.py:151} INFO - 1597/1607_BID
[2023-08-24T03:47:09.218+0000] {logging_mixin.py:151} INFO -                        time     open     high  ...    volume  ticker   type
0 2023-08-24 09:00:00+07:00  31500.0  31500.0  ...  300800.0     CTG  stock

[1 rows x 8 columns]
[2023-08-24T03:47:09.219+0000] {logging_mixin.py:151} INFO - 1596/1607_CTG
[2023-08-24T03:47:09.869+0000] {logging_mixin.py:151} INFO -                        time     open     high  ...    volume  ticker   type
0 2023-08-24 09:00:00+07:00  16100.0  16200.0  ...  135100.0     HDB  stock

[1 rows x 8 columns]
[2023-08-24T03:47:09.870+0000] {logging_mixin.py:151} INFO - 1595/1607_HDB
[2023-08-24T03:47:10.521+0000] {logging_mixin.py:151} INFO -                        time     open     high  ...     volume  ticker   type
0 2023-08-24 09:00:00+07:00  18100.0  18100.0  ...  1086100.0     MBB  stock

[1 rows x 8 columns]
[2023-08-24T03:47:10.522+0000] {logging_mixin.py:151} INFO - 1594/1607_MBB
[2023-08-24T03:47:11.173+0000] {logging_mixin.py:151} INFO -                        time     open     high  ...    volume  ticker   type
0 2023-08-24 09:00:00+07:00  28200.0  28250.0  ...  144800.0     SSB  stock

[1 rows x 8 columns]
[2023-08-24T03:47:11.175+0000] {logging_mixin.py:151} INFO - 1593/1607_SSB
[2023-08-24T03:47:11.831+0000] {logging_mixin.py:151} INFO -                        time     open     high  ...     volume  ticker   type
0 2023-08-24 09:00:00+07:00  12000.0  12050.0  ...  1073900.0     SHB  stock

[1 rows x 8 columns]
[2023-08-24T03:47:11.832+0000] {logging_mixin.py:151} INFO - 1592/1607_SHB
[2023-08-24T03:47:12.484+0000] {logging_mixin.py:151} INFO -                        time     open     high  ...     volume  ticker   type
0 2023-08-24 09:00:00+07:00  31100.0  31400.0  ...  3144700.0     STB  stock

[1 rows x 8 columns]
[2023-08-24T03:47:12.485+0000] {logging_mixin.py:151} INFO - 1591/1607_STB
[2023-08-24T03:47:13.134+0000] {logging_mixin.py:151} INFO -                        time     open     high  ...    volume  ticker   type
0 2023-08-24 09:00:00+07:00  33500.0  33650.0  ...  730200.0     TCB  stock

[1 rows x 8 columns]
[2023-08-24T03:47:13.135+0000] {logging_mixin.py:151} INFO - 1590/1607_TCB
[2023-08-24T03:47:13.786+0000] {logging_mixin.py:151} INFO -                        time     open     high  ...    volume  ticker   type
0 2023-08-24 09:00:00+07:00  18500.0  18500.0  ...  465000.0     TPB  stock

[1 rows x 8 columns]
[2023-08-24T03:47:13.787+0000] {logging_mixin.py:151} INFO - 1589/1607_TPB
[2023-08-24T03:47:14.437+0000] {logging_mixin.py:151} INFO -                        time     open     high  ...    volume  ticker   type
0 2023-08-24 09:00:00+07:00  86300.0  87000.0  ...  121600.0     VCB  stock

[1 rows x 8 columns]
[2023-08-24T03:47:14.438+0000] {logging_mixin.py:151} INFO - 1588/1607_VCB
[2023-08-24T03:47:15.094+0000] {logging_mixin.py:151} INFO -                        time     open     high  ...    volume  ticker   type
0 2023-08-24 09:00:00+07:00  19700.0  19800.0  ...  232100.0     VIB  stock

[1 rows x 8 columns]
[2023-08-24T03:47:15.095+0000] {logging_mixin.py:151} INFO - 1587/1607_VIB
[2023-08-24T03:47:15.744+0000] {logging_mixin.py:151} INFO -                        time     open     high  ...     volume  ticker   type
0 2023-08-24 09:00:00+07:00  20250.0  20500.0  ...  1366500.0     VPB  stock

[1 rows x 8 columns]
[2023-08-24T03:47:15.745+0000] {logging_mixin.py:151} INFO - 1586/1607_VPB
[2023-08-24T03:47:16.394+0000] {logging_mixin.py:151} INFO -                        time     open     high  ...     volume  ticker   type
0 2023-08-24 09:00:00+07:00  25650.0  26000.0  ...  2248800.0     HPG  stock

[1 rows x 8 columns]
[2023-08-24T03:47:16.395+0000] {logging_mixin.py:151} INFO - 1585/1607_HPG
[2023-08-24T03:47:17.043+0000] {logging_mixin.py:151} INFO -                        time     open     high  ...    volume  ticker   type
0 2023-08-24 09:00:00+07:00  19200.0  19400.0  ...  181800.0     GVR  stock

[1 rows x 8 columns]
[2023-08-24T03:47:17.045+0000] {logging_mixin.py:151} INFO - 1584/1607_GVR
[2023-08-24T03:47:17.692+0000] {logging_mixin.py:151} INFO -                        time     open     high  ...    volume  ticker   type
0 2023-08-24 09:00:00+07:00  77300.0  78200.0  ...  155500.0     MSN  stock

[1 rows x 8 columns]
[2023-08-24T03:47:17.693+0000] {logging_mixin.py:151} INFO - 1583/1607_MSN
[2023-08-24T03:47:18.350+0000] {logging_mixin.py:151} INFO -                        time     open     high  ...    volume  ticker   type
0 2023-08-24 09:00:00+07:00  73500.0  73500.0  ...  241500.0     VNM  stock

[1 rows x 8 columns]
[2023-08-24T03:47:18.351+0000] {logging_mixin.py:151} INFO - 1582/1607_VNM
[2023-08-24T03:47:19.008+0000] {logging_mixin.py:151} INFO -                        time      open      high  ...    volume  ticker   type
0 2023-08-24 09:00:00+07:00  154900.0  155000.0  ...  171400.0     SAB  stock

[1 rows x 8 columns]
[2023-08-24T03:47:19.009+0000] {logging_mixin.py:151} INFO - 1581/1607_SAB
[2023-08-24T03:47:19.660+0000] {logging_mixin.py:151} INFO -                        time     open     high  ...    volume  ticker   type
0 2023-08-24 09:00:00+07:00  96900.0  97000.0  ...  205000.0     VJC  stock

[1 rows x 8 columns]
[2023-08-24T03:47:19.661+0000] {logging_mixin.py:151} INFO - 1580/1607_VJC
[2023-08-24T03:47:20.319+0000] {logging_mixin.py:151} INFO -                        time     open     high  ...     volume  ticker   type
0 2023-08-24 09:00:00+07:00  49700.0  50700.0  ...  1590300.0     MWG  stock

[1 rows x 8 columns]
[2023-08-24T03:47:20.320+0000] {logging_mixin.py:151} INFO - 1579/1607_MWG
[2023-08-24T03:47:20.967+0000] {logging_mixin.py:151} INFO -                        time     open     high  ...   volume  ticker   type
0 2023-08-24 09:00:00+07:00  37400.0  37600.0  ...  61000.0     PLX  stock

[1 rows x 8 columns]
[2023-08-24T03:47:20.968+0000] {logging_mixin.py:151} INFO - 1578/1607_PLX
[2023-08-24T03:47:21.623+0000] {logging_mixin.py:151} INFO -                        time     open     high  ...     volume  ticker   type
0 2023-08-24 09:00:00+07:00  85500.0  87600.0  ...  1017700.0     FPT  stock

[1 rows x 8 columns]
[2023-08-24T03:47:21.624+0000] {logging_mixin.py:151} INFO - 1577/1607_FPT
[2023-08-24T03:47:23.300+0000] {logging_mixin.py:151} INFO - Empty DataFrame
Columns: [time, open, high, low, close, volume, ticker, type]
Index: []
[2023-08-24T03:47:23.301+0000] {logging_mixin.py:151} INFO - 1576/1607_MFS
[2023-08-24T03:47:23.952+0000] {logging_mixin.py:151} INFO -                        time     open     high  ...  volume  ticker   type
0 2023-08-24 09:00:00+07:00  16300.0  16300.0  ...  2000.0     ABC  stock

[1 rows x 8 columns]
[2023-08-24T03:47:23.953+0000] {logging_mixin.py:151} INFO - 1575/1607_ABC
[2023-08-24T03:47:24.610+0000] {logging_mixin.py:151} INFO -                        time     open     high  ...   volume  ticker   type
0 2023-08-24 09:00:00+07:00  23400.0  23600.0  ...  30700.0     VGI  stock

[1 rows x 8 columns]
[2023-08-24T03:47:24.611+0000] {logging_mixin.py:151} INFO - 1574/1607_VGI
[2023-08-24T03:47:25.266+0000] {logging_mixin.py:151} INFO -                        time     open     high  ...  volume  ticker   type
0 2023-08-24 09:00:00+07:00  62900.0  62900.0  ...   400.0     FOX  stock

[1 rows x 8 columns]
[2023-08-24T03:47:25.267+0000] {logging_mixin.py:151} INFO - 1573/1607_FOX
[2023-08-24T03:47:27.019+0000] {logging_mixin.py:151} INFO - Empty DataFrame
Columns: [time, open, high, low, close, volume, ticker, type]
Index: []
[2023-08-24T03:47:27.019+0000] {logging_mixin.py:151} INFO - 1572/1607_PAI
[2023-08-24T03:47:28.625+0000] {logging_mixin.py:151} INFO - Empty DataFrame
Columns: [time, open, high, low, close, volume, ticker, type]
Index: []
[2023-08-24T03:47:28.626+0000] {logging_mixin.py:151} INFO - 1571/1607_PIA
[2023-08-24T03:47:30.338+0000] {logging_mixin.py:151} INFO - Empty DataFrame
Columns: [time, open, high, low, close, volume, ticker, type]
Index: []
[2023-08-24T03:47:30.338+0000] {logging_mixin.py:151} INFO - 1570/1607_PTP
[2023-08-24T03:47:30.988+0000] {logging_mixin.py:151} INFO -                        time    open    high  ...  volume  ticker   type
0 2023-08-24 09:00:00+07:00  8300.0  8300.0  ...   800.0     TTN  stock

[1 rows x 8 columns]
[2023-08-24T03:47:30.989+0000] {logging_mixin.py:151} INFO - 1569/1607_TTN
[2023-08-24T03:47:32.648+0000] {logging_mixin.py:151} INFO - Empty DataFrame
Columns: [time, open, high, low, close, volume, ticker, type]
Index: []
[2023-08-24T03:47:32.649+0000] {logging_mixin.py:151} INFO - 1568/1607_FUCTVGF3
[2023-08-24T03:47:33.297+0000] {logging_mixin.py:151} INFO -                        time    open    high  ...  volume    ticker   type
0 2023-08-24 09:00:00+07:00  8510.0  8510.0  ...   200.0  FUEIP100  stock

[1 rows x 8 columns]
[2023-08-24T03:47:33.298+0000] {logging_mixin.py:151} INFO - 1567/1607_FUEIP100
[2023-08-24T03:47:35.055+0000] {logging_mixin.py:151} INFO - Empty DataFrame
Columns: [time, open, high, low, close, volume, ticker, type]
Index: []
[2023-08-24T03:47:35.055+0000] {logging_mixin.py:151} INFO - 1566/1607_FUEKIV30
[2023-08-24T03:47:36.888+0000] {logging_mixin.py:151} INFO - Empty DataFrame
Columns: [time, open, high, low, close, volume, ticker, type]
Index: []
[2023-08-24T03:47:36.889+0000] {logging_mixin.py:151} INFO - 1565/1607_FUCTVGF4
[2023-08-24T03:47:37.548+0000] {logging_mixin.py:151} INFO -                        time     open     high  ...   volume    ticker   type
0 2023-08-24 09:00:00+07:00  10020.0  10020.0  ...  11100.0  FUEDCMID  stock

[1 rows x 8 columns]
[2023-08-24T03:47:37.549+0000] {logging_mixin.py:151} INFO - 1564/1607_FUEDCMID
[2023-08-24T03:47:39.264+0000] {logging_mixin.py:151} INFO - Empty DataFrame
Columns: [time, open, high, low, close, volume, ticker, type]
Index: []
[2023-08-24T03:47:39.264+0000] {logging_mixin.py:151} INFO - 1563/1607_FUEKIVFS
[2023-08-24T03:47:39.916+0000] {logging_mixin.py:151} INFO -                        time     open     high  ...  volume    ticker   type
0 2023-08-24 09:00:00+07:00  10590.0  10590.0  ...  2000.0  FUEMAVND  stock

[1 rows x 8 columns]
[2023-08-24T03:47:39.917+0000] {logging_mixin.py:151} INFO - 1562/1607_FUEMAVND
[2023-08-24T03:47:41.720+0000] {logging_mixin.py:151} INFO - Empty DataFrame
Columns: [time, open, high, low, close, volume, ticker, type]
Index: []
[2023-08-24T03:47:41.720+0000] {logging_mixin.py:151} INFO - 1561/1607_FUEFCV50
[2023-08-24T03:47:43.429+0000] {logging_mixin.py:151} INFO - Empty DataFrame
Columns: [time, open, high, low, close, volume, ticker, type]
Index: []
[2023-08-24T03:47:43.430+0000] {logging_mixin.py:151} INFO - 1560/1607_FUEBFVND
[2023-08-24T03:47:44.083+0000] {logging_mixin.py:151} INFO -                        time     open     high  ...  volume    ticker   type
0 2023-08-24 09:00:00+07:00  18900.0  19180.0  ...   600.0  FUESSV50  stock

[1 rows x 8 columns]
[2023-08-24T03:47:44.084+0000] {logging_mixin.py:151} INFO - 1559/1607_FUESSV50
[2023-08-24T03:47:44.736+0000] {logging_mixin.py:151} INFO -                        time     open     high  ...    volume    ticker   type
0 2023-08-24 09:00:00+07:00  20440.0  20480.0  ...  208400.0  E1VFVN30  stock

[1 rows x 8 columns]
[2023-08-24T03:47:44.737+0000] {logging_mixin.py:151} INFO - 1558/1607_E1VFVN30
[2023-08-24T03:47:45.386+0000] {logging_mixin.py:151} INFO -                        time     open     high  ...  volume    ticker   type
0 2023-08-24 09:00:00+07:00  19000.0  19000.0  ...   300.0  FUESSVFL  stock

[1 rows x 8 columns]
[2023-08-24T03:47:45.387+0000] {logging_mixin.py:151} INFO - 1557/1607_FUESSVFL
[2023-08-24T03:47:45.388+0000] {python.py:194} INFO - Done. Returned value was: Done
[2023-08-24T03:47:45.401+0000] {taskinstance.py:1400} INFO - Marking task as SUCCESS. dag_id=vnstock-pipeline, task_id=Stock_collection_1D, execution_date=20230823T115139, start_date=20230824T034701, end_date=20230824T034745
[2023-08-24T03:47:45.443+0000] {local_task_job_runner.py:228} INFO - Task exited with return code 0
[2023-08-24T03:47:45.451+0000] {taskinstance.py:2784} INFO - 0 downstream tasks scheduled from follow-on schedule check
