[2023-08-24T04:29:41.689+0000] {taskinstance.py:1159} INFO - Dependencies all met for dep_context=non-requeueable deps ti=<TaskInstance: vnstock-pipeline.Vm_pubsub_1Y manual__2023-08-24T04:26:33.363611+00:00 [queued]>
[2023-08-24T04:29:41.695+0000] {taskinstance.py:1159} INFO - Dependencies all met for dep_context=requeueable deps ti=<TaskInstance: vnstock-pipeline.Vm_pubsub_1Y manual__2023-08-24T04:26:33.363611+00:00 [queued]>
[2023-08-24T04:29:41.695+0000] {taskinstance.py:1361} INFO - Starting attempt 1 of 4
[2023-08-24T04:29:41.706+0000] {taskinstance.py:1382} INFO - Executing <Task(PythonOperator): Vm_pubsub_1Y> on 2023-08-24 04:26:33.363611+00:00
[2023-08-24T04:29:41.710+0000] {standard_task_runner.py:57} INFO - Started process 40357 to run task
[2023-08-24T04:29:41.710+0000] {clientserver.py:543} INFO - Closing down clientserver connection
[2023-08-24T04:29:41.717+0000] {standard_task_runner.py:84} INFO - Running: ['airflow', 'tasks', 'run', 'vnstock-pipeline', 'Vm_pubsub_1Y', 'manual__2023-08-24T04:26:33.363611+00:00', '--job-id', '119', '--raw', '--subdir', 'DAGS_FOLDER/main.py', '--cfg-path', '/tmp/tmpcvlj3_qd']
[2023-08-24T04:29:41.718+0000] {standard_task_runner.py:85} INFO - Job 119: Subtask Vm_pubsub_1Y
[2023-08-24T04:29:41.753+0000] {task_command.py:415} INFO - Running <TaskInstance: vnstock-pipeline.Vm_pubsub_1Y manual__2023-08-24T04:26:33.363611+00:00 [running]> on host vnstock-pipeline-vm.us-central1-c.c.vnstock-pipeline.internal
[2023-08-24T04:29:41.800+0000] {taskinstance.py:1660} INFO - Exporting env vars: AIRFLOW_CTX_DAG_EMAIL='nguyentuanduong555@gmail.com' AIRFLOW_CTX_DAG_OWNER='Duong' AIRFLOW_CTX_DAG_ID='vnstock-pipeline' AIRFLOW_CTX_TASK_ID='Vm_pubsub_1Y' AIRFLOW_CTX_EXECUTION_DATE='2023-08-24T04:26:33.363611+00:00' AIRFLOW_CTX_TRY_NUMBER='1' AIRFLOW_CTX_DAG_RUN_ID='manual__2023-08-24T04:26:33.363611+00:00'
[2023-08-24T04:29:41.915+0000] {clientserver.py:505} INFO - Error while sending or receiving.
Traceback (most recent call last):
  File "/home/nguyentuanduong7/.local/lib/python3.8/site-packages/py4j/clientserver.py", line 503, in send_command
    self.socket.sendall(command.encode("utf-8"))
ConnectionResetError: [Errno 104] Connection reset by peer
[2023-08-24T04:29:41.916+0000] {clientserver.py:543} INFO - Closing down clientserver connection
[2023-08-24T04:29:41.917+0000] {java_gateway.py:1052} INFO - Exception while sending command.
Traceback (most recent call last):
  File "/home/nguyentuanduong7/.local/lib/python3.8/site-packages/py4j/clientserver.py", line 503, in send_command
    self.socket.sendall(command.encode("utf-8"))
ConnectionResetError: [Errno 104] Connection reset by peer

During handling of the above exception, another exception occurred:

Traceback (most recent call last):
  File "/home/nguyentuanduong7/.local/lib/python3.8/site-packages/py4j/java_gateway.py", line 1038, in send_command
    response = connection.send_command(command)
  File "/home/nguyentuanduong7/.local/lib/python3.8/site-packages/py4j/clientserver.py", line 506, in send_command
    raise Py4JNetworkError(
py4j.protocol.Py4JNetworkError: Error while sending
[2023-08-24T04:29:41.926+0000] {clientserver.py:543} INFO - Closing down clientserver connection
[2023-08-24T04:29:48.287+0000] {logging_mixin.py:151} INFO - +-------------------+------+-----+-------+-------+-------+-------+------+-----------------+
|               time|ticker| type|  close|   open|   high|    low|volume|Percentage_Change|
+-------------------+------+-----+-------+-------+-------+-------+------+-----------------+
|2023-08-21 00:00:00|   A32|stock|30000.0|30000.0|30000.0|30000.0|2000.0|             3.45|
|2023-08-18 00:00:00|   A32|stock|29000.0|29500.0|29500.0|29000.0|1400.0|              0.0|
|2023-08-03 00:00:00|   A32|stock|29000.0|29000.0|29000.0|29000.0|1100.0|           -10.21|
|2023-08-02 00:00:00|   A32|stock|32299.0|32299.0|34000.0|32299.0|2000.0|            -15.0|
|2023-08-01 00:00:00|   A32|stock|38000.0|38000.0|38000.0|38000.0| 100.0|            -2.44|
|2023-07-31 00:00:00|   A32|stock|38950.0|38000.0|38950.0|38000.0|2200.0|             7.89|
|2023-07-28 00:00:00|   A32|stock|36100.0|35150.0|36100.0|35150.0|3000.0|            13.77|
|2023-07-27 00:00:00|   A32|stock|31730.0|31350.0|31730.0|31350.0|1100.0|            14.38|
|2023-06-28 00:00:00|   A32|stock|27740.0|28220.0|28220.0|27740.0| 400.0|           -12.85|
|2023-06-26 00:00:00|   A32|stock|31830.0|31350.0|31830.0|31350.0| 400.0|            11.68|
|2023-06-20 00:00:00|   A32|stock|28500.0|28500.0|28500.0|28500.0| 100.0|            -3.23|
|2023-06-19 00:00:00|   A32|stock|29450.0|29450.0|29450.0|29450.0| 100.0|              0.0|
|2023-06-14 00:00:00|   A32|stock|29450.0|29450.0|29450.0|29450.0| 300.0|              0.0|
|2023-06-12 00:00:00|   A32|stock|29450.0|29450.0|29450.0|29450.0| 100.0|             3.33|
|2023-06-09 00:00:00|   A32|stock|28500.0|28500.0|28500.0|28500.0| 400.0|              0.0|
|2023-06-06 00:00:00|   A32|stock|28500.0|28500.0|28500.0|28500.0| 200.0|             1.68|
|2023-06-05 00:00:00|   A32|stock|28030.0|28030.0|28030.0|28030.0| 400.0|            -1.65|
|2023-05-30 00:00:00|   A32|stock|28500.0|28500.0|28500.0|28500.0|1000.0|            -3.23|
|2023-05-29 00:00:00|   A32|stock|29450.0|29450.0|29450.0|29450.0| 200.0|            -3.44|
|2023-05-26 00:00:00|   A32|stock|30500.0|30500.0|30500.0|30500.0| 600.0|            -0.29|
+-------------------+------+-----+-------+-------+-------+-------+------+-----------------+
only showing top 20 rows
[2023-08-24T04:29:48.297+0000] {logging_mixin.py:151} INFO - root
 |-- time: timestamp (nullable = true)
 |-- ticker: string (nullable = true)
 |-- type: string (nullable = true)
 |-- close: double (nullable = true)
 |-- open: double (nullable = true)
 |-- high: double (nullable = true)
 |-- low: double (nullable = true)
 |-- volume: double (nullable = true)
 |-- Percentage_Change: double (nullable = true)
[2023-08-24T04:30:02.256+0000] {logging_mixin.py:151} INFO - DONE_spark_1Y
[2023-08-24T04:30:02.256+0000] {python.py:194} INFO - Done. Returned value was: None
[2023-08-24T04:30:02.261+0000] {taskinstance.py:1400} INFO - Marking task as SUCCESS. dag_id=vnstock-pipeline, task_id=Vm_pubsub_1Y, execution_date=20230824T042633, start_date=20230824T042941, end_date=20230824T043002
[2023-08-24T04:30:02.302+0000] {local_task_job_runner.py:228} INFO - Task exited with return code 0
[2023-08-24T04:30:02.311+0000] {taskinstance.py:2784} INFO - 0 downstream tasks scheduled from follow-on schedule check
