[2023-08-30T04:38:58.374+0000] {taskinstance.py:1159} INFO - Dependencies all met for dep_context=non-requeueable deps ti=<TaskInstance: vnstock-pipeline-1D.Stock_collection_1D manual__2023-08-30T04:38:42.505574+00:00 [queued]>
[2023-08-30T04:38:58.379+0000] {taskinstance.py:1159} INFO - Dependencies all met for dep_context=requeueable deps ti=<TaskInstance: vnstock-pipeline-1D.Stock_collection_1D manual__2023-08-30T04:38:42.505574+00:00 [queued]>
[2023-08-30T04:38:58.380+0000] {taskinstance.py:1361} INFO - Starting attempt 1 of 4
[2023-08-30T04:38:58.395+0000] {taskinstance.py:1382} INFO - Executing <Task(PythonOperator): Stock_collection_1D> on 2023-08-30 04:38:42.505574+00:00
[2023-08-30T04:38:58.399+0000] {clientserver.py:543} INFO - Closing down clientserver connection
[2023-08-30T04:38:58.399+0000] {standard_task_runner.py:57} INFO - Started process 249755 to run task
[2023-08-30T04:38:58.407+0000] {standard_task_runner.py:84} INFO - Running: ['airflow', 'tasks', 'run', 'vnstock-pipeline-1D', 'Stock_collection_1D', 'manual__2023-08-30T04:38:42.505574+00:00', '--job-id', '236', '--raw', '--subdir', 'DAGS_FOLDER/main.py', '--cfg-path', '/tmp/tmp4fzgekoj']
[2023-08-30T04:38:58.408+0000] {standard_task_runner.py:85} INFO - Job 236: Subtask Stock_collection_1D
[2023-08-30T04:38:58.446+0000] {task_command.py:415} INFO - Running <TaskInstance: vnstock-pipeline-1D.Stock_collection_1D manual__2023-08-30T04:38:42.505574+00:00 [running]> on host vnstock-pipeline-vm.us-central1-c.c.vnstock-pipeline.internal
[2023-08-30T04:38:58.495+0000] {taskinstance.py:1660} INFO - Exporting env vars: AIRFLOW_CTX_DAG_EMAIL='nguyentuanduong555@gmail.com' AIRFLOW_CTX_DAG_OWNER='Duong_' AIRFLOW_CTX_DAG_ID='vnstock-pipeline-1D' AIRFLOW_CTX_TASK_ID='Stock_collection_1D' AIRFLOW_CTX_EXECUTION_DATE='2023-08-30T04:38:42.505574+00:00' AIRFLOW_CTX_TRY_NUMBER='1' AIRFLOW_CTX_DAG_RUN_ID='manual__2023-08-30T04:38:42.505574+00:00'
[2023-08-30T04:38:59.379+0000] {logging_mixin.py:151} INFO -                        time     open     high      low    close     volume ticker   type
0 2023-08-30 09:00:00+07:00  32400.0  32500.0  32150.0  32299.0  3477900.0    SSI  stock
1 2023-08-30 10:00:00+07:00  32299.0  32450.0  32250.0  32350.0  1683900.0    SSI  stock
[2023-08-30T04:38:59.382+0000] {logging_mixin.py:151} INFO - 1606/1607_SSI
[2023-08-30T04:39:00.060+0000] {logging_mixin.py:151} INFO -                        time     open     high      low    close    volume ticker   type
0 2023-08-30 09:00:00+07:00  71300.0  71800.0  71000.0  71000.0  106600.0    BCM  stock
1 2023-08-30 10:00:00+07:00  71100.0  71300.0  70500.0  70600.0   53400.0    BCM  stock
[2023-08-30T04:39:00.062+0000] {logging_mixin.py:151} INFO - 1605/1607_BCM
[2023-08-30T04:39:00.737+0000] {logging_mixin.py:151} INFO -                        time     open     high      low    close     volume ticker   type
0 2023-08-30 09:00:00+07:00  54600.0  55100.0  54500.0  54600.0   743800.0    VHM  stock
1 2023-08-30 10:00:00+07:00  54600.0  54800.0  54500.0  54600.0  1080500.0    VHM  stock
[2023-08-30T04:39:00.739+0000] {logging_mixin.py:151} INFO - 1604/1607_VHM
[2023-08-30T04:39:01.415+0000] {logging_mixin.py:151} INFO -                        time     open     high      low    close     volume ticker   type
0 2023-08-30 09:00:00+07:00  63000.0  63000.0  61300.0  61800.0  6949100.0    VIC  stock
1 2023-08-30 10:00:00+07:00  61800.0  61900.0  61000.0  61100.0  4976600.0    VIC  stock
[2023-08-30T04:39:01.416+0000] {logging_mixin.py:151} INFO - 1603/1607_VIC
[2023-08-30T04:39:02.096+0000] {logging_mixin.py:151} INFO -                        time     open     high      low    close    volume ticker   type
0 2023-08-30 09:00:00+07:00  29350.0  29700.0  29300.0  29400.0  737600.0    VRE  stock
1 2023-08-30 10:00:00+07:00  29450.0  29800.0  29400.0  29500.0  944000.0    VRE  stock
[2023-08-30T04:39:02.098+0000] {logging_mixin.py:151} INFO - 1602/1607_VRE
[2023-08-30T04:39:02.772+0000] {logging_mixin.py:151} INFO -                        time     open     high      low    close    volume ticker   type
0 2023-08-30 09:00:00+07:00  45000.0  45200.0  44850.0  45100.0  125600.0    BVH  stock
1 2023-08-30 10:00:00+07:00  45150.0  45200.0  45100.0  45150.0   57200.0    BVH  stock
[2023-08-30T04:39:02.773+0000] {logging_mixin.py:151} INFO - 1601/1607_BVH
[2023-08-30T04:39:03.457+0000] {logging_mixin.py:151} INFO -                        time     open     high      low    close     volume ticker   type
0 2023-08-30 09:00:00+07:00  12650.0  12700.0  12600.0  12600.0  1033300.0    POW  stock
1 2023-08-30 10:00:00+07:00  12600.0  12800.0  12600.0  12750.0  1807500.0    POW  stock
[2023-08-30T04:39:03.459+0000] {logging_mixin.py:151} INFO - 1600/1607_POW
[2023-08-30T04:39:04.136+0000] {logging_mixin.py:151} INFO -                        time      open      high      low    close   volume ticker   type
0 2023-08-30 09:00:00+07:00  100000.0  100000.0  99000.0  99100.0  88700.0    GAS  stock
1 2023-08-30 10:00:00+07:00   99100.0   99300.0  98900.0  99200.0  78600.0    GAS  stock
[2023-08-30T04:39:04.137+0000] {logging_mixin.py:151} INFO - 1599/1607_GAS
[2023-08-30T04:39:04.821+0000] {logging_mixin.py:151} INFO -                        time     open     high      low    close     volume ticker   type
0 2023-08-30 09:00:00+07:00  22050.0  22200.0  22050.0  22150.0  1061600.0    ACB  stock
1 2023-08-30 10:00:00+07:00  22150.0  22450.0  22100.0  22400.0  2669600.0    ACB  stock
[2023-08-30T04:39:04.823+0000] {logging_mixin.py:151} INFO - 1598/1607_ACB
[2023-08-30T04:39:05.514+0000] {logging_mixin.py:151} INFO -                        time     open     high      low    close    volume ticker   type
0 2023-08-30 09:00:00+07:00  46000.0  46100.0  45800.0  46000.0  103500.0    BID  stock
1 2023-08-30 10:00:00+07:00  46000.0  46600.0  45950.0  46300.0  308100.0    BID  stock
[2023-08-30T04:39:05.515+0000] {logging_mixin.py:151} INFO - 1597/1607_BID
[2023-08-30T04:39:06.190+0000] {logging_mixin.py:151} INFO -                        time     open     high      low    close     volume ticker   type
0 2023-08-30 09:00:00+07:00  31450.0  31750.0  31450.0  31600.0   875300.0    CTG  stock
1 2023-08-30 10:00:00+07:00  31600.0  32100.0  31550.0  31900.0  2502700.0    CTG  stock
[2023-08-30T04:39:06.192+0000] {logging_mixin.py:151} INFO - 1596/1607_CTG
[2023-08-30T04:39:06.874+0000] {logging_mixin.py:151} INFO -                        time     open     high      low    close    volume ticker   type
0 2023-08-30 09:00:00+07:00  16250.0  16300.0  16200.0  16250.0  495100.0    HDB  stock
1 2023-08-30 10:00:00+07:00  16200.0  16300.0  16200.0  16250.0  426800.0    HDB  stock
[2023-08-30T04:39:06.876+0000] {logging_mixin.py:151} INFO - 1595/1607_HDB
[2023-08-30T04:39:07.552+0000] {logging_mixin.py:151} INFO -                        time     open     high      low    close     volume ticker   type
0 2023-08-30 09:00:00+07:00  18300.0  18500.0  18300.0  18350.0  1521300.0    MBB  stock
1 2023-08-30 10:00:00+07:00  18400.0  18450.0  18350.0  18400.0  1102100.0    MBB  stock
[2023-08-30T04:39:07.554+0000] {logging_mixin.py:151} INFO - 1594/1607_MBB
[2023-08-30T04:39:08.231+0000] {logging_mixin.py:151} INFO -                        time     open     high      low    close    volume ticker   type
0 2023-08-30 09:00:00+07:00  28350.0  28400.0  27650.0  27800.0  288100.0    SSB  stock
1 2023-08-30 10:00:00+07:00  27800.0  28100.0  27750.0  28100.0  234800.0    SSB  stock
[2023-08-30T04:39:08.233+0000] {logging_mixin.py:151} INFO - 1593/1607_SSB
[2023-08-30T04:39:08.912+0000] {logging_mixin.py:151} INFO -                        time     open     high      low    close     volume ticker   type
0 2023-08-30 09:00:00+07:00  12250.0  12350.0  12200.0  12250.0  1674900.0    SHB  stock
1 2023-08-30 10:00:00+07:00  12250.0  12300.0  12250.0  12300.0   917900.0    SHB  stock
[2023-08-30T04:39:08.913+0000] {logging_mixin.py:151} INFO - 1592/1607_SHB
[2023-08-30T04:39:09.591+0000] {logging_mixin.py:151} INFO -                        time     open     high      low    close     volume ticker   type
0 2023-08-30 09:00:00+07:00  31800.0  32200.0  31800.0  32049.0  7776900.0    STB  stock
1 2023-08-30 10:00:00+07:00  32049.0  32400.0  32000.0  32150.0  5484300.0    STB  stock
[2023-08-30T04:39:09.593+0000] {logging_mixin.py:151} INFO - 1591/1607_STB
[2023-08-30T04:39:10.361+0000] {logging_mixin.py:151} INFO -                        time     open     high      low    close    volume ticker   type
0 2023-08-30 09:00:00+07:00  34000.0  34300.0  33900.0  34100.0  988700.0    TCB  stock
1 2023-08-30 10:00:00+07:00  34100.0  34250.0  34050.0  34100.0  784200.0    TCB  stock
[2023-08-30T04:39:10.363+0000] {logging_mixin.py:151} INFO - 1590/1607_TCB
[2023-08-30T04:39:11.076+0000] {logging_mixin.py:151} INFO -                        time     open     high      low    close     volume ticker   type
0 2023-08-30 09:00:00+07:00  19000.0  19200.0  19000.0  19050.0  1295000.0    TPB  stock
1 2023-08-30 10:00:00+07:00  19050.0  19100.0  19000.0  19100.0   724300.0    TPB  stock
[2023-08-30T04:39:11.077+0000] {logging_mixin.py:151} INFO - 1589/1607_TPB
[2023-08-30T04:39:11.754+0000] {logging_mixin.py:151} INFO -                        time     open     high      low    close    volume ticker   type
0 2023-08-30 09:00:00+07:00  88500.0  89500.0  88500.0  89500.0  204600.0    VCB  stock
1 2023-08-30 10:00:00+07:00  89500.0  89500.0  89000.0  89400.0  221300.0    VCB  stock
[2023-08-30T04:39:11.755+0000] {logging_mixin.py:151} INFO - 1588/1607_VCB
[2023-08-30T04:39:12.443+0000] {logging_mixin.py:151} INFO -                        time     open     high      low    close     volume ticker   type
0 2023-08-30 09:00:00+07:00  19900.0  19900.0  19800.0  19850.0   520200.0    VIB  stock
1 2023-08-30 10:00:00+07:00  19850.0  20100.0  19850.0  20050.0  1076000.0    VIB  stock
[2023-08-30T04:39:12.445+0000] {logging_mixin.py:151} INFO - 1587/1607_VIB
[2023-08-30T04:39:13.123+0000] {logging_mixin.py:151} INFO -                        time     open     high      low    close     volume ticker   type
0 2023-08-30 09:00:00+07:00  20900.0  20900.0  20650.0  20700.0  1257700.0    VPB  stock
1 2023-08-30 10:00:00+07:00  20700.0  20850.0  20700.0  20800.0  1291200.0    VPB  stock
[2023-08-30T04:39:13.124+0000] {logging_mixin.py:151} INFO - 1586/1607_VPB
[2023-08-30T04:39:13.966+0000] {logging_mixin.py:151} INFO -                        time     open     high      low    close     volume ticker   type
0 2023-08-30 09:00:00+07:00  27000.0  27000.0  26800.0  26800.0  1979200.0    HPG  stock
1 2023-08-30 10:00:00+07:00  26800.0  26900.0  26800.0  26850.0  1914300.0    HPG  stock
[2023-08-30T04:39:13.967+0000] {logging_mixin.py:151} INFO - 1585/1607_HPG
[2023-08-30T04:39:14.650+0000] {logging_mixin.py:151} INFO -                        time     open     high      low    close    volume ticker   type
0 2023-08-30 09:00:00+07:00  20650.0  20850.0  20550.0  20600.0  321900.0    GVR  stock
1 2023-08-30 10:00:00+07:00  20600.0  20700.0  20550.0  20600.0  234900.0    GVR  stock
[2023-08-30T04:39:14.651+0000] {logging_mixin.py:151} INFO - 1584/1607_GVR
[2023-08-30T04:39:15.328+0000] {logging_mixin.py:151} INFO -                        time     open     high      low    close    volume ticker   type
0 2023-08-30 09:00:00+07:00  80000.0  80100.0  79300.0  79700.0  159700.0    MSN  stock
1 2023-08-30 10:00:00+07:00  79700.0  79900.0  79500.0  79800.0  214400.0    MSN  stock
[2023-08-30T04:39:15.329+0000] {logging_mixin.py:151} INFO - 1583/1607_MSN
[2023-08-30T04:39:16.007+0000] {logging_mixin.py:151} INFO -                        time     open     high      low    close    volume ticker   type
0 2023-08-30 09:00:00+07:00  77000.0  77300.0  76900.0  77000.0  274700.0    VNM  stock
1 2023-08-30 10:00:00+07:00  77000.0  77000.0  76500.0  76800.0  341300.0    VNM  stock
[2023-08-30T04:39:16.008+0000] {logging_mixin.py:151} INFO - 1582/1607_VNM
[2023-08-30T04:39:16.696+0000] {logging_mixin.py:151} INFO -                        time      open      high       low     close   volume ticker   type
0 2023-08-30 09:00:00+07:00  159500.0  159500.0  158700.0  159100.0  42000.0    SAB  stock
1 2023-08-30 10:00:00+07:00  159100.0  160800.0  159000.0  160500.0  83300.0    SAB  stock
[2023-08-30T04:39:16.698+0000] {logging_mixin.py:151} INFO - 1581/1607_SAB
[2023-08-30T04:39:17.378+0000] {logging_mixin.py:151} INFO -                        time     open     high      low    close    volume ticker   type
0 2023-08-30 09:00:00+07:00  97500.0  98000.0  96500.0  96700.0  169500.0    VJC  stock
1 2023-08-30 10:00:00+07:00  96700.0  97500.0  96500.0  96700.0  219800.0    VJC  stock
[2023-08-30T04:39:17.379+0000] {logging_mixin.py:151} INFO - 1580/1607_VJC
[2023-08-30T04:39:18.055+0000] {logging_mixin.py:151} INFO -                        time     open     high      low    close     volume ticker   type
0 2023-08-30 09:00:00+07:00  53000.0  54200.0  52900.0  53800.0  2268800.0    MWG  stock
1 2023-08-30 10:00:00+07:00  53800.0  54500.0  53700.0  54300.0  1617600.0    MWG  stock
[2023-08-30T04:39:18.056+0000] {logging_mixin.py:151} INFO - 1579/1607_MWG
[2023-08-30T04:39:18.732+0000] {logging_mixin.py:151} INFO -                        time     open     high      low    close    volume ticker   type
0 2023-08-30 09:00:00+07:00  38300.0  38950.0  38300.0  38550.0  261200.0    PLX  stock
1 2023-08-30 10:00:00+07:00  38550.0  38650.0  38500.0  38650.0  108600.0    PLX  stock
[2023-08-30T04:39:18.733+0000] {logging_mixin.py:151} INFO - 1578/1607_PLX
[2023-08-30T04:39:19.409+0000] {logging_mixin.py:151} INFO -                        time     open     high      low    close    volume ticker   type
0 2023-08-30 09:00:00+07:00  93200.0  95100.0  93100.0  94900.0  467900.0    FPT  stock
1 2023-08-30 10:00:00+07:00  94900.0  97200.0  94700.0  97200.0  830900.0    FPT  stock
[2023-08-30T04:39:19.410+0000] {logging_mixin.py:151} INFO - 1577/1607_FPT
[2023-08-30T04:39:21.089+0000] {logging_mixin.py:151} INFO - Empty DataFrame
Columns: [time, open, high, low, close, volume, ticker, type]
Index: []
[2023-08-30T04:39:21.090+0000] {logging_mixin.py:151} INFO - 1576/1607_MFS
[2023-08-30T04:39:21.768+0000] {logging_mixin.py:151} INFO -                        time     open     high      low    close  volume ticker   type
0 2023-08-30 09:00:00+07:00  16700.0  16700.0  16500.0  16500.0  5000.0    ABC  stock
1 2023-08-30 10:00:00+07:00  16700.0  16700.0  16500.0  16500.0  1700.0    ABC  stock
[2023-08-30T04:39:21.769+0000] {logging_mixin.py:151} INFO - 1575/1607_ABC
[2023-08-30T04:39:23.104+0000] {logging_mixin.py:151} INFO -                        time     open     high      low    close   volume ticker   type
0 2023-08-30 09:00:00+07:00  24400.0  24600.0  24400.0  24500.0  34400.0    VGI  stock
1 2023-08-30 10:00:00+07:00  24400.0  24500.0  24300.0  24500.0  45100.0    VGI  stock
[2023-08-30T04:39:23.105+0000] {logging_mixin.py:151} INFO - 1574/1607_VGI
[2023-08-30T04:39:23.785+0000] {logging_mixin.py:151} INFO -                        time     open     high      low    close  volume ticker   type
0 2023-08-30 09:00:00+07:00  65500.0  65500.0  65500.0  65500.0   500.0    FOX  stock
1 2023-08-30 10:00:00+07:00  65500.0  66000.0  65500.0  66000.0  1900.0    FOX  stock
[2023-08-30T04:39:23.786+0000] {logging_mixin.py:151} INFO - 1573/1607_FOX
[2023-08-30T04:39:25.530+0000] {logging_mixin.py:151} INFO - Empty DataFrame
Columns: [time, open, high, low, close, volume, ticker, type]
Index: []
[2023-08-30T04:39:25.531+0000] {logging_mixin.py:151} INFO - 1572/1607_PAI
[2023-08-30T04:39:27.301+0000] {logging_mixin.py:151} INFO - Empty DataFrame
Columns: [time, open, high, low, close, volume, ticker, type]
Index: []
[2023-08-30T04:39:27.302+0000] {logging_mixin.py:151} INFO - 1571/1607_PIA
[2023-08-30T04:39:29.082+0000] {logging_mixin.py:151} INFO - Empty DataFrame
Columns: [time, open, high, low, close, volume, ticker, type]
Index: []
[2023-08-30T04:39:29.083+0000] {logging_mixin.py:151} INFO - 1570/1607_PTP
[2023-08-30T04:39:29.989+0000] {logging_mixin.py:151} INFO -                        time    open    high     low   close  volume ticker   type
0 2023-08-30 09:00:00+07:00  8300.0  8500.0  8300.0  8500.0  9000.0    TTN  stock
1 2023-08-30 10:00:00+07:00  8400.0  8400.0  8400.0  8400.0   500.0    TTN  stock
[2023-08-30T04:39:29.990+0000] {logging_mixin.py:151} INFO - 1569/1607_TTN
[2023-08-30T04:39:31.687+0000] {logging_mixin.py:151} INFO - Empty DataFrame
Columns: [time, open, high, low, close, volume, ticker, type]
Index: []
[2023-08-30T04:39:31.688+0000] {logging_mixin.py:151} INFO - 1568/1607_FUCTVGF3
[2023-08-30T04:39:33.421+0000] {logging_mixin.py:151} INFO - Empty DataFrame
Columns: [time, open, high, low, close, volume, ticker, type]
Index: []
[2023-08-30T04:39:33.422+0000] {logging_mixin.py:151} INFO - 1567/1607_FUEIP100
[2023-08-30T04:39:34.109+0000] {logging_mixin.py:151} INFO -                        time    open    high     low   close  volume    ticker   type
0 2023-08-30 09:00:00+07:00  8029.0  8029.0  7980.0  7980.0   700.0  FUEKIV30  stock
1 2023-08-30 10:00:00+07:00  7980.0  8000.0  7980.0  8000.0  5000.0  FUEKIV30  stock
[2023-08-30T04:39:34.110+0000] {logging_mixin.py:151} INFO - 1566/1607_FUEKIV30
[2023-08-30T04:39:35.852+0000] {logging_mixin.py:151} INFO - Empty DataFrame
Columns: [time, open, high, low, close, volume, ticker, type]
Index: []
[2023-08-30T04:39:35.852+0000] {logging_mixin.py:151} INFO - 1565/1607_FUCTVGF4
[2023-08-30T04:39:36.534+0000] {logging_mixin.py:151} INFO -                        time     open     high      low    close  volume    ticker   type
0 2023-08-30 09:00:00+07:00  10600.0  10600.0  10600.0  10600.0   900.0  FUEDCMID  stock
[2023-08-30T04:39:36.535+0000] {logging_mixin.py:151} INFO - 1564/1607_FUEDCMID
[2023-08-30T04:39:38.260+0000] {logging_mixin.py:151} INFO - Empty DataFrame
Columns: [time, open, high, low, close, volume, ticker, type]
Index: []
[2023-08-30T04:39:38.261+0000] {logging_mixin.py:151} INFO - 1563/1607_FUEKIVFS
[2023-08-30T04:39:39.981+0000] {logging_mixin.py:151} INFO - Empty DataFrame
Columns: [time, open, high, low, close, volume, ticker, type]
Index: []
[2023-08-30T04:39:39.981+0000] {logging_mixin.py:151} INFO - 1562/1607_FUEMAVND
[2023-08-30T04:39:41.819+0000] {logging_mixin.py:151} INFO - Empty DataFrame
Columns: [time, open, high, low, close, volume, ticker, type]
Index: []
[2023-08-30T04:39:41.820+0000] {logging_mixin.py:151} INFO - 1561/1607_FUEFCV50
[2023-08-30T04:39:43.503+0000] {logging_mixin.py:151} INFO - Empty DataFrame
Columns: [time, open, high, low, close, volume, ticker, type]
Index: []
[2023-08-30T04:39:43.504+0000] {logging_mixin.py:151} INFO - 1560/1607_FUEBFVND
[2023-08-30T04:39:44.186+0000] {logging_mixin.py:151} INFO -                        time     open     high      low    close  volume    ticker   type
0 2023-08-30 09:00:00+07:00  18790.0  18790.0  18790.0  18790.0   100.0  FUESSV50  stock
1 2023-08-30 10:00:00+07:00  18790.0  18850.0  18790.0  18850.0  1800.0  FUESSV50  stock
[2023-08-30T04:39:44.188+0000] {logging_mixin.py:151} INFO - 1559/1607_FUESSV50
[2023-08-30T04:39:44.865+0000] {logging_mixin.py:151} INFO -                        time     open     high      low    close    volume    ticker   type
0 2023-08-30 09:00:00+07:00  20950.0  20990.0  20880.0  20880.0   19700.0  E1VFVN30  stock
1 2023-08-30 10:00:00+07:00  20900.0  21010.0  20900.0  20970.0  173400.0  E1VFVN30  stock
[2023-08-30T04:39:44.866+0000] {logging_mixin.py:151} INFO - 1558/1607_E1VFVN30
[2023-08-30T04:39:45.551+0000] {logging_mixin.py:151} INFO -                        time     open     high      low    close    volume    ticker   type
0 2023-08-30 09:00:00+07:00  19070.0  19250.0  19060.0  19200.0  182300.0  FUESSVFL  stock
1 2023-08-30 10:00:00+07:00  19250.0  19250.0  19250.0  19250.0     300.0  FUESSVFL  stock
[2023-08-30T04:39:45.553+0000] {logging_mixin.py:151} INFO - 1557/1607_FUESSVFL
[2023-08-30T04:39:45.554+0000] {python.py:194} INFO - Done. Returned value was: Done
[2023-08-30T04:39:45.567+0000] {taskinstance.py:1400} INFO - Marking task as SUCCESS. dag_id=vnstock-pipeline-1D, task_id=Stock_collection_1D, execution_date=20230830T043842, start_date=20230830T043858, end_date=20230830T043945
[2023-08-30T04:39:45.611+0000] {local_task_job_runner.py:228} INFO - Task exited with return code 0
[2023-08-30T04:39:45.623+0000] {taskinstance.py:2784} INFO - 1 downstream tasks scheduled from follow-on schedule check
