[2023-08-30T16:40:30.177+0000] {taskinstance.py:1159} INFO - Dependencies all met for dep_context=non-requeueable deps ti=<TaskInstance: vnstock-pipeline-1D.Stock_collection_1D manual__2023-08-30T16:40:05.927431+00:00 [queued]>
[2023-08-30T16:40:30.182+0000] {taskinstance.py:1159} INFO - Dependencies all met for dep_context=requeueable deps ti=<TaskInstance: vnstock-pipeline-1D.Stock_collection_1D manual__2023-08-30T16:40:05.927431+00:00 [queued]>
[2023-08-30T16:40:30.182+0000] {taskinstance.py:1361} INFO - Starting attempt 1 of 4
[2023-08-30T16:40:30.199+0000] {taskinstance.py:1382} INFO - Executing <Task(PythonOperator): Stock_collection_1D> on 2023-08-30 16:40:05.927431+00:00
[2023-08-30T16:40:30.203+0000] {standard_task_runner.py:57} INFO - Started process 447825 to run task
[2023-08-30T16:40:30.203+0000] {clientserver.py:543} INFO - Closing down clientserver connection
[2023-08-30T16:40:30.211+0000] {standard_task_runner.py:84} INFO - Running: ['airflow', 'tasks', 'run', 'vnstock-pipeline-1D', 'Stock_collection_1D', 'manual__2023-08-30T16:40:05.927431+00:00', '--job-id', '374', '--raw', '--subdir', 'DAGS_FOLDER/main.py', '--cfg-path', '/tmp/tmpc5q21t1o']
[2023-08-30T16:40:30.211+0000] {standard_task_runner.py:85} INFO - Job 374: Subtask Stock_collection_1D
[2023-08-30T16:40:30.249+0000] {task_command.py:415} INFO - Running <TaskInstance: vnstock-pipeline-1D.Stock_collection_1D manual__2023-08-30T16:40:05.927431+00:00 [running]> on host vnstock-pipeline-vm.us-central1-c.c.vnstock-pipeline.internal
[2023-08-30T16:40:30.329+0000] {taskinstance.py:1660} INFO - Exporting env vars: AIRFLOW_CTX_DAG_EMAIL='nguyentuanduong555@gmail.com' AIRFLOW_CTX_DAG_OWNER='Duong_' AIRFLOW_CTX_DAG_ID='vnstock-pipeline-1D' AIRFLOW_CTX_TASK_ID='Stock_collection_1D' AIRFLOW_CTX_EXECUTION_DATE='2023-08-30T16:40:05.927431+00:00' AIRFLOW_CTX_TRY_NUMBER='1' AIRFLOW_CTX_DAG_RUN_ID='manual__2023-08-30T16:40:05.927431+00:00'
[2023-08-30T16:40:31.293+0000] {logging_mixin.py:151} INFO -       open     high      low    close      volume ticker   type        Date      Time
0  32400.0  32500.0  32150.0  32299.0   3477900.0    SSI  stock  2023-08-30  09:00:00
1  32299.0  32450.0  32250.0  32350.0   1683900.0    SSI  stock  2023-08-30  10:00:00
2  32299.0  32350.0  32200.0  32200.0   1254100.0    SSI  stock  2023-08-30  11:00:00
3  32200.0  33750.0  32100.0  33700.0  11272000.0    SSI  stock  2023-08-30  13:00:00
4  33750.0  33900.0  33300.0  33500.0   7292900.0    SSI  stock  2023-08-30  14:00:00
[2023-08-30T16:40:31.296+0000] {logging_mixin.py:151} INFO - 1606/1607_SSI
[2023-08-30T16:40:31.979+0000] {logging_mixin.py:151} INFO -       open     high      low    close    volume ticker   type        Date      Time
0  71300.0  71800.0  71000.0  71000.0  106600.0    BCM  stock  2023-08-30  09:00:00
1  71100.0  71300.0  70500.0  70600.0   53400.0    BCM  stock  2023-08-30  10:00:00
2  70600.0  71100.0  70500.0  70500.0   25300.0    BCM  stock  2023-08-30  11:00:00
3  70500.0  70500.0  69000.0  70500.0  134300.0    BCM  stock  2023-08-30  13:00:00
4  70400.0  71800.0  70400.0  71800.0  117200.0    BCM  stock  2023-08-30  14:00:00
[2023-08-30T16:40:31.980+0000] {logging_mixin.py:151} INFO - 1605/1607_BCM
[2023-08-30T16:40:32.659+0000] {logging_mixin.py:151} INFO -       open     high      low    close     volume ticker   type        Date      Time
0  54600.0  55100.0  54500.0  54600.0   743800.0    VHM  stock  2023-08-30  09:00:00
1  54600.0  54800.0  54500.0  54600.0  1080500.0    VHM  stock  2023-08-30  10:00:00
2  54500.0  54600.0  54300.0  54400.0   720900.0    VHM  stock  2023-08-30  11:00:00
3  54400.0  54600.0  54100.0  54400.0  1581000.0    VHM  stock  2023-08-30  13:00:00
4  54400.0  54800.0  54400.0  54600.0   907200.0    VHM  stock  2023-08-30  14:00:00
[2023-08-30T16:40:32.660+0000] {logging_mixin.py:151} INFO - 1604/1607_VHM
[2023-08-30T16:40:33.339+0000] {logging_mixin.py:151} INFO -       open     high      low    close     volume ticker   type        Date      Time
0  63000.0  63000.0  61300.0  61800.0  6949100.0    VIC  stock  2023-08-30  09:00:00
1  61800.0  61900.0  61000.0  61100.0  4976600.0    VIC  stock  2023-08-30  10:00:00
2  61100.0  61400.0  60600.0  61000.0  2834100.0    VIC  stock  2023-08-30  11:00:00
3  61000.0  62600.0  60700.0  61500.0  6164500.0    VIC  stock  2023-08-30  13:00:00
4  61500.0  62100.0  61400.0  62000.0  3626500.0    VIC  stock  2023-08-30  14:00:00
[2023-08-30T16:40:33.340+0000] {logging_mixin.py:151} INFO - 1603/1607_VIC
[2023-08-30T16:40:34.022+0000] {logging_mixin.py:151} INFO -       open     high      low    close     volume ticker   type        Date      Time
0  29350.0  29700.0  29300.0  29400.0   737600.0    VRE  stock  2023-08-30  09:00:00
1  29450.0  29800.0  29400.0  29500.0   944000.0    VRE  stock  2023-08-30  10:00:00
2  29550.0  29650.0  29450.0  29450.0   562400.0    VRE  stock  2023-08-30  11:00:00
3  29450.0  29900.0  29400.0  29750.0  2064200.0    VRE  stock  2023-08-30  13:00:00
4  29750.0  29850.0  29650.0  29700.0  1711200.0    VRE  stock  2023-08-30  14:00:00
[2023-08-30T16:40:34.023+0000] {logging_mixin.py:151} INFO - 1602/1607_VRE
[2023-08-30T16:40:34.704+0000] {logging_mixin.py:151} INFO -       open     high      low    close    volume ticker   type        Date      Time
0  45000.0  45200.0  44850.0  45100.0  125600.0    BVH  stock  2023-08-30  09:00:00
1  45150.0  45200.0  45100.0  45150.0   57200.0    BVH  stock  2023-08-30  10:00:00
2  45100.0  45150.0  45050.0  45050.0   39500.0    BVH  stock  2023-08-30  11:00:00
3  45050.0  45150.0  45050.0  45100.0   83200.0    BVH  stock  2023-08-30  13:00:00
4  45100.0  45150.0  45050.0  45050.0  147900.0    BVH  stock  2023-08-30  14:00:00
[2023-08-30T16:40:34.704+0000] {logging_mixin.py:151} INFO - 1601/1607_BVH
[2023-08-30T16:40:35.383+0000] {logging_mixin.py:151} INFO -       open     high      low    close     volume ticker   type        Date      Time
0  12650.0  12700.0  12600.0  12600.0  1033300.0    POW  stock  2023-08-30  09:00:00
1  12600.0  12800.0  12600.0  12750.0  1807500.0    POW  stock  2023-08-30  10:00:00
2  12750.0  12750.0  12650.0  12700.0   348800.0    POW  stock  2023-08-30  11:00:00
3  12650.0  12700.0  12600.0  12700.0   973100.0    POW  stock  2023-08-30  13:00:00
4  12650.0  12700.0  12600.0  12700.0  1313700.0    POW  stock  2023-08-30  14:00:00
[2023-08-30T16:40:35.384+0000] {logging_mixin.py:151} INFO - 1600/1607_POW
[2023-08-30T16:40:36.067+0000] {logging_mixin.py:151} INFO -        open      high      low    close    volume ticker   type        Date      Time
0  100000.0  100000.0  99000.0  99100.0   88700.0    GAS  stock  2023-08-30  09:00:00
1   99100.0   99300.0  98900.0  99200.0   78600.0    GAS  stock  2023-08-30  10:00:00
2   99000.0   99200.0  98900.0  99200.0   35000.0    GAS  stock  2023-08-30  11:00:00
3   99000.0   99200.0  98800.0  99200.0  125600.0    GAS  stock  2023-08-30  13:00:00
4   99200.0   99300.0  99000.0  99300.0   98700.0    GAS  stock  2023-08-30  14:00:00
[2023-08-30T16:40:36.068+0000] {logging_mixin.py:151} INFO - 1599/1607_GAS
[2023-08-30T16:40:36.750+0000] {logging_mixin.py:151} INFO -       open     high      low    close     volume ticker   type        Date      Time
0  22050.0  22200.0  22050.0  22150.0  1061600.0    ACB  stock  2023-08-30  09:00:00
1  22150.0  22450.0  22100.0  22400.0  2669600.0    ACB  stock  2023-08-30  10:00:00
2  22400.0  22400.0  22300.0  22350.0   546500.0    ACB  stock  2023-08-30  11:00:00
3  22350.0  22400.0  22250.0  22400.0  1525500.0    ACB  stock  2023-08-30  13:00:00
4  22400.0  22500.0  22400.0  22450.0  1418900.0    ACB  stock  2023-08-30  14:00:00
[2023-08-30T16:40:36.751+0000] {logging_mixin.py:151} INFO - 1598/1607_ACB
[2023-08-30T16:40:37.432+0000] {logging_mixin.py:151} INFO -       open     high      low    close    volume ticker   type        Date      Time
0  46000.0  46100.0  45800.0  46000.0  103500.0    BID  stock  2023-08-30  09:00:00
1  46000.0  46600.0  45950.0  46300.0  308100.0    BID  stock  2023-08-30  10:00:00
2  46400.0  46500.0  46350.0  46400.0   41600.0    BID  stock  2023-08-30  11:00:00
3  46350.0  46450.0  46100.0  46350.0  428600.0    BID  stock  2023-08-30  13:00:00
4  46250.0  46350.0  46100.0  46200.0  242000.0    BID  stock  2023-08-30  14:00:00
[2023-08-30T16:40:37.433+0000] {logging_mixin.py:151} INFO - 1597/1607_BID
[2023-08-30T16:40:37.433+0000] {python.py:194} INFO - Done. Returned value was: Done
[2023-08-30T16:40:37.451+0000] {taskinstance.py:1400} INFO - Marking task as SUCCESS. dag_id=vnstock-pipeline-1D, task_id=Stock_collection_1D, execution_date=20230830T164005, start_date=20230830T164030, end_date=20230830T164037
[2023-08-30T16:40:37.503+0000] {local_task_job_runner.py:228} INFO - Task exited with return code 0
[2023-08-30T16:40:37.519+0000] {taskinstance.py:2784} INFO - 0 downstream tasks scheduled from follow-on schedule check
