[2023-08-24T03:30:59.919+0000] {taskinstance.py:1159} INFO - Dependencies all met for dep_context=non-requeueable deps ti=<TaskInstance: vnstock-pipeline.Stock_collection_1D manual__2023-08-23T12:06:15.736835+00:00 [queued]>
[2023-08-24T03:30:59.924+0000] {taskinstance.py:1159} INFO - Dependencies all met for dep_context=requeueable deps ti=<TaskInstance: vnstock-pipeline.Stock_collection_1D manual__2023-08-23T12:06:15.736835+00:00 [queued]>
[2023-08-24T03:30:59.924+0000] {taskinstance.py:1361} INFO - Starting attempt 1 of 4
[2023-08-24T03:30:59.936+0000] {taskinstance.py:1382} INFO - Executing <Task(PythonOperator): Stock_collection_1D> on 2023-08-23 12:06:15.736835+00:00
[2023-08-24T03:30:59.940+0000] {standard_task_runner.py:57} INFO - Started process 25689 to run task
[2023-08-24T03:30:59.940+0000] {clientserver.py:543} INFO - Closing down clientserver connection
[2023-08-24T03:30:59.947+0000] {standard_task_runner.py:84} INFO - Running: ['airflow', 'tasks', 'run', 'vnstock-pipeline', 'Stock_collection_1D', 'manual__2023-08-23T12:06:15.736835+00:00', '--job-id', '50', '--raw', '--subdir', 'DAGS_FOLDER/main.py', '--cfg-path', '/tmp/tmpg8ynre5n']
[2023-08-24T03:30:59.947+0000] {standard_task_runner.py:85} INFO - Job 50: Subtask Stock_collection_1D
[2023-08-24T03:30:59.983+0000] {task_command.py:415} INFO - Running <TaskInstance: vnstock-pipeline.Stock_collection_1D manual__2023-08-23T12:06:15.736835+00:00 [running]> on host vnstock-pipeline-vm.us-central1-c.c.vnstock-pipeline.internal
[2023-08-24T03:31:00.031+0000] {taskinstance.py:1660} INFO - Exporting env vars: AIRFLOW_CTX_DAG_EMAIL='nguyentuanduong555@gmail.com' AIRFLOW_CTX_DAG_OWNER='Duong' AIRFLOW_CTX_DAG_ID='vnstock-pipeline' AIRFLOW_CTX_TASK_ID='Stock_collection_1D' AIRFLOW_CTX_EXECUTION_DATE='2023-08-23T12:06:15.736835+00:00' AIRFLOW_CTX_TRY_NUMBER='1' AIRFLOW_CTX_DAG_RUN_ID='manual__2023-08-23T12:06:15.736835+00:00'
[2023-08-24T03:31:00.976+0000] {logging_mixin.py:151} INFO -                        time     open     high  ...     volume  ticker   type
0 2023-08-24 09:00:00+07:00  30300.0  30500.0  ...  2932500.0     SSI  stock

[1 rows x 8 columns]
[2023-08-24T03:31:00.978+0000] {logging_mixin.py:151} INFO - 1606/1607_SSI
[2023-08-24T03:31:01.638+0000] {logging_mixin.py:151} INFO -                        time     open     high  ...   volume  ticker   type
0 2023-08-24 09:00:00+07:00  67000.0  67700.0  ...  50200.0     BCM  stock

[1 rows x 8 columns]
[2023-08-24T03:31:01.639+0000] {logging_mixin.py:151} INFO - 1605/1607_BCM
[2023-08-24T03:31:02.301+0000] {logging_mixin.py:151} INFO -                        time     open     high  ...    volume  ticker   type
0 2023-08-24 09:00:00+07:00  54900.0  55100.0  ...  355600.0     VHM  stock

[1 rows x 8 columns]
[2023-08-24T03:31:02.302+0000] {logging_mixin.py:151} INFO - 1604/1607_VHM
[2023-08-24T03:31:02.971+0000] {logging_mixin.py:151} INFO -                        time     open     high  ...     volume  ticker   type
0 2023-08-24 09:00:00+07:00  65700.0  65800.0  ...  1363600.0     VIC  stock

[1 rows x 8 columns]
[2023-08-24T03:31:02.973+0000] {logging_mixin.py:151} INFO - 1603/1607_VIC
[2023-08-24T03:31:03.629+0000] {logging_mixin.py:151} INFO -                        time     open     high  ...    volume  ticker   type
0 2023-08-24 09:00:00+07:00  28850.0  29200.0  ...  304500.0     VRE  stock

[1 rows x 8 columns]
[2023-08-24T03:31:03.629+0000] {logging_mixin.py:151} INFO - 1602/1607_VRE
[2023-08-24T03:31:04.282+0000] {logging_mixin.py:151} INFO -                        time     open     high  ...   volume  ticker   type
0 2023-08-24 09:00:00+07:00  45050.0  45450.0  ...  28500.0     BVH  stock

[1 rows x 8 columns]
[2023-08-24T03:31:04.283+0000] {logging_mixin.py:151} INFO - 1601/1607_BVH
[2023-08-24T03:31:05.284+0000] {logging_mixin.py:151} INFO -                        time     open     high  ...     volume  ticker   type
0 2023-08-24 09:00:00+07:00  12500.0  12550.0  ...  1283100.0     POW  stock

[1 rows x 8 columns]
[2023-08-24T03:31:05.285+0000] {logging_mixin.py:151} INFO - 1600/1607_POW
[2023-08-24T03:31:05.935+0000] {logging_mixin.py:151} INFO -                        time      open      high  ...   volume  ticker   type
0 2023-08-24 09:00:00+07:00  102500.0  102500.0  ...  67800.0     GAS  stock

[1 rows x 8 columns]
[2023-08-24T03:31:05.936+0000] {logging_mixin.py:151} INFO - 1599/1607_GAS
[2023-08-24T03:31:06.590+0000] {logging_mixin.py:151} INFO -                        time     open     high  ...    volume  ticker   type
0 2023-08-24 09:00:00+07:00  21850.0  22000.0  ...  661200.0     ACB  stock

[1 rows x 8 columns]
[2023-08-24T03:31:06.591+0000] {logging_mixin.py:151} INFO - 1598/1607_ACB
[2023-08-24T03:31:07.239+0000] {logging_mixin.py:151} INFO -                        time     open     high  ...   volume  ticker   type
0 2023-08-24 09:00:00+07:00  45700.0  46000.0  ...  75600.0     BID  stock

[1 rows x 8 columns]
[2023-08-24T03:31:07.240+0000] {logging_mixin.py:151} INFO - 1597/1607_BID
[2023-08-24T03:31:07.894+0000] {logging_mixin.py:151} INFO -                        time     open     high  ...    volume  ticker   type
0 2023-08-24 09:00:00+07:00  31500.0  31500.0  ...  300800.0     CTG  stock

[1 rows x 8 columns]
[2023-08-24T03:31:07.895+0000] {logging_mixin.py:151} INFO - 1596/1607_CTG
[2023-08-24T03:31:08.747+0000] {logging_mixin.py:151} INFO -                        time     open     high  ...    volume  ticker   type
0 2023-08-24 09:00:00+07:00  16100.0  16200.0  ...  135100.0     HDB  stock

[1 rows x 8 columns]
[2023-08-24T03:31:08.748+0000] {logging_mixin.py:151} INFO - 1595/1607_HDB
[2023-08-24T03:31:09.404+0000] {logging_mixin.py:151} INFO -                        time     open     high  ...     volume  ticker   type
0 2023-08-24 09:00:00+07:00  18100.0  18100.0  ...  1086100.0     MBB  stock

[1 rows x 8 columns]
[2023-08-24T03:31:09.405+0000] {logging_mixin.py:151} INFO - 1594/1607_MBB
[2023-08-24T03:31:10.054+0000] {logging_mixin.py:151} INFO -                        time     open     high  ...    volume  ticker   type
0 2023-08-24 09:00:00+07:00  28200.0  28250.0  ...  144800.0     SSB  stock

[1 rows x 8 columns]
[2023-08-24T03:31:10.055+0000] {logging_mixin.py:151} INFO - 1593/1607_SSB
[2023-08-24T03:31:11.678+0000] {logging_mixin.py:151} INFO -                        time     open     high  ...     volume  ticker   type
0 2023-08-24 09:00:00+07:00  12000.0  12050.0  ...  1073900.0     SHB  stock

[1 rows x 8 columns]
[2023-08-24T03:31:11.679+0000] {logging_mixin.py:151} INFO - 1592/1607_SHB
[2023-08-24T03:31:12.338+0000] {logging_mixin.py:151} INFO -                        time     open     high  ...     volume  ticker   type
0 2023-08-24 09:00:00+07:00  31100.0  31400.0  ...  3144700.0     STB  stock

[1 rows x 8 columns]
[2023-08-24T03:31:12.339+0000] {logging_mixin.py:151} INFO - 1591/1607_STB
[2023-08-24T03:31:12.997+0000] {logging_mixin.py:151} INFO -                        time     open     high  ...    volume  ticker   type
0 2023-08-24 09:00:00+07:00  33500.0  33650.0  ...  730200.0     TCB  stock

[1 rows x 8 columns]
[2023-08-24T03:31:12.998+0000] {logging_mixin.py:151} INFO - 1590/1607_TCB
[2023-08-24T03:31:13.648+0000] {logging_mixin.py:151} INFO -                        time     open     high  ...    volume  ticker   type
0 2023-08-24 09:00:00+07:00  18500.0  18500.0  ...  465000.0     TPB  stock

[1 rows x 8 columns]
[2023-08-24T03:31:13.649+0000] {logging_mixin.py:151} INFO - 1589/1607_TPB
[2023-08-24T03:31:14.300+0000] {logging_mixin.py:151} INFO -                        time     open     high  ...    volume  ticker   type
0 2023-08-24 09:00:00+07:00  86300.0  87000.0  ...  121600.0     VCB  stock

[1 rows x 8 columns]
[2023-08-24T03:31:14.301+0000] {logging_mixin.py:151} INFO - 1588/1607_VCB
[2023-08-24T03:31:14.953+0000] {logging_mixin.py:151} INFO -                        time     open     high  ...    volume  ticker   type
0 2023-08-24 09:00:00+07:00  19700.0  19800.0  ...  232100.0     VIB  stock

[1 rows x 8 columns]
[2023-08-24T03:31:14.953+0000] {logging_mixin.py:151} INFO - 1587/1607_VIB
[2023-08-24T03:31:15.610+0000] {logging_mixin.py:151} INFO -                        time     open     high  ...     volume  ticker   type
0 2023-08-24 09:00:00+07:00  20250.0  20500.0  ...  1366500.0     VPB  stock

[1 rows x 8 columns]
[2023-08-24T03:31:15.611+0000] {logging_mixin.py:151} INFO - 1586/1607_VPB
[2023-08-24T03:31:16.262+0000] {logging_mixin.py:151} INFO -                        time     open     high  ...     volume  ticker   type
0 2023-08-24 09:00:00+07:00  25650.0  26000.0  ...  2248800.0     HPG  stock

[1 rows x 8 columns]
[2023-08-24T03:31:16.263+0000] {logging_mixin.py:151} INFO - 1585/1607_HPG
[2023-08-24T03:31:16.919+0000] {logging_mixin.py:151} INFO -                        time     open     high  ...    volume  ticker   type
0 2023-08-24 09:00:00+07:00  19200.0  19400.0  ...  181800.0     GVR  stock

[1 rows x 8 columns]
[2023-08-24T03:31:16.920+0000] {logging_mixin.py:151} INFO - 1584/1607_GVR
[2023-08-24T03:31:17.570+0000] {logging_mixin.py:151} INFO -                        time     open     high  ...    volume  ticker   type
0 2023-08-24 09:00:00+07:00  77300.0  78200.0  ...  155500.0     MSN  stock

[1 rows x 8 columns]
[2023-08-24T03:31:17.571+0000] {logging_mixin.py:151} INFO - 1583/1607_MSN
[2023-08-24T03:31:18.220+0000] {logging_mixin.py:151} INFO -                        time     open     high  ...    volume  ticker   type
0 2023-08-24 09:00:00+07:00  73500.0  73500.0  ...  241500.0     VNM  stock

[1 rows x 8 columns]
[2023-08-24T03:31:18.221+0000] {logging_mixin.py:151} INFO - 1582/1607_VNM
[2023-08-24T03:31:18.877+0000] {logging_mixin.py:151} INFO -                        time      open      high  ...    volume  ticker   type
0 2023-08-24 09:00:00+07:00  154900.0  155000.0  ...  171400.0     SAB  stock

[1 rows x 8 columns]
[2023-08-24T03:31:18.878+0000] {logging_mixin.py:151} INFO - 1581/1607_SAB
[2023-08-24T03:31:19.527+0000] {logging_mixin.py:151} INFO -                        time     open     high  ...    volume  ticker   type
0 2023-08-24 09:00:00+07:00  96900.0  97000.0  ...  205000.0     VJC  stock

[1 rows x 8 columns]
[2023-08-24T03:31:19.528+0000] {logging_mixin.py:151} INFO - 1580/1607_VJC
[2023-08-24T03:31:20.179+0000] {logging_mixin.py:151} INFO -                        time     open     high  ...     volume  ticker   type
0 2023-08-24 09:00:00+07:00  49700.0  50700.0  ...  1590300.0     MWG  stock

[1 rows x 8 columns]
[2023-08-24T03:31:20.180+0000] {logging_mixin.py:151} INFO - 1579/1607_MWG
[2023-08-24T03:31:20.842+0000] {logging_mixin.py:151} INFO -                        time     open     high  ...   volume  ticker   type
0 2023-08-24 09:00:00+07:00  37400.0  37600.0  ...  61000.0     PLX  stock

[1 rows x 8 columns]
[2023-08-24T03:31:20.843+0000] {logging_mixin.py:151} INFO - 1578/1607_PLX
[2023-08-24T03:31:21.509+0000] {logging_mixin.py:151} INFO -                        time     open     high  ...     volume  ticker   type
0 2023-08-24 09:00:00+07:00  85500.0  87600.0  ...  1017700.0     FPT  stock

[1 rows x 8 columns]
[2023-08-24T03:31:21.510+0000] {logging_mixin.py:151} INFO - 1577/1607_FPT
[2023-08-24T03:31:23.234+0000] {logging_mixin.py:151} INFO - Empty DataFrame
Columns: [time, open, high, low, close, volume, ticker, type]
Index: []
[2023-08-24T03:31:23.235+0000] {logging_mixin.py:151} INFO - 1576/1607_MFS
[2023-08-24T03:31:23.892+0000] {logging_mixin.py:151} INFO -                        time     open     high  ...  volume  ticker   type
0 2023-08-24 09:00:00+07:00  16300.0  16300.0  ...  2000.0     ABC  stock

[1 rows x 8 columns]
[2023-08-24T03:31:23.893+0000] {logging_mixin.py:151} INFO - 1575/1607_ABC
[2023-08-24T03:31:24.544+0000] {logging_mixin.py:151} INFO -                        time     open     high  ...   volume  ticker   type
0 2023-08-24 09:00:00+07:00  23400.0  23600.0  ...  30700.0     VGI  stock

[1 rows x 8 columns]
[2023-08-24T03:31:24.545+0000] {logging_mixin.py:151} INFO - 1574/1607_VGI
[2023-08-24T03:31:25.202+0000] {logging_mixin.py:151} INFO -                        time     open     high  ...  volume  ticker   type
0 2023-08-24 09:00:00+07:00  62900.0  62900.0  ...   400.0     FOX  stock

[1 rows x 8 columns]
[2023-08-24T03:31:25.203+0000] {logging_mixin.py:151} INFO - 1573/1607_FOX
[2023-08-24T03:31:26.938+0000] {logging_mixin.py:151} INFO - Empty DataFrame
Columns: [time, open, high, low, close, volume, ticker, type]
Index: []
[2023-08-24T03:31:26.939+0000] {logging_mixin.py:151} INFO - 1572/1607_PAI
[2023-08-24T03:31:28.744+0000] {logging_mixin.py:151} INFO - Empty DataFrame
Columns: [time, open, high, low, close, volume, ticker, type]
Index: []
[2023-08-24T03:31:28.745+0000] {logging_mixin.py:151} INFO - 1571/1607_PIA
[2023-08-24T03:31:30.480+0000] {logging_mixin.py:151} INFO - Empty DataFrame
Columns: [time, open, high, low, close, volume, ticker, type]
Index: []
[2023-08-24T03:31:30.480+0000] {logging_mixin.py:151} INFO - 1570/1607_PTP
[2023-08-24T03:31:31.147+0000] {logging_mixin.py:151} INFO -                        time    open    high  ...  volume  ticker   type
0 2023-08-24 09:00:00+07:00  8300.0  8300.0  ...   800.0     TTN  stock

[1 rows x 8 columns]
[2023-08-24T03:31:31.148+0000] {logging_mixin.py:151} INFO - 1569/1607_TTN
[2023-08-24T03:31:32.838+0000] {logging_mixin.py:151} INFO - Empty DataFrame
Columns: [time, open, high, low, close, volume, ticker, type]
Index: []
[2023-08-24T03:31:32.838+0000] {logging_mixin.py:151} INFO - 1568/1607_FUCTVGF3
[2023-08-24T03:31:34.838+0000] {logging_mixin.py:151} INFO - Empty DataFrame
Columns: [time, open, high, low, close, volume, ticker, type]
Index: []
[2023-08-24T03:31:34.838+0000] {logging_mixin.py:151} INFO - 1567/1607_FUEIP100
[2023-08-24T03:31:36.550+0000] {logging_mixin.py:151} INFO - Empty DataFrame
Columns: [time, open, high, low, close, volume, ticker, type]
Index: []
[2023-08-24T03:31:36.551+0000] {logging_mixin.py:151} INFO - 1566/1607_FUEKIV30
[2023-08-24T03:31:38.397+0000] {logging_mixin.py:151} INFO - Empty DataFrame
Columns: [time, open, high, low, close, volume, ticker, type]
Index: []
[2023-08-24T03:31:38.398+0000] {logging_mixin.py:151} INFO - 1565/1607_FUCTVGF4
[2023-08-24T03:31:39.052+0000] {logging_mixin.py:151} INFO -                        time     open     high  ...   volume    ticker   type
0 2023-08-24 09:00:00+07:00  10020.0  10020.0  ...  11100.0  FUEDCMID  stock

[1 rows x 8 columns]
[2023-08-24T03:31:39.053+0000] {logging_mixin.py:151} INFO - 1564/1607_FUEDCMID
[2023-08-24T03:31:40.759+0000] {logging_mixin.py:151} INFO - Empty DataFrame
Columns: [time, open, high, low, close, volume, ticker, type]
Index: []
[2023-08-24T03:31:40.759+0000] {logging_mixin.py:151} INFO - 1563/1607_FUEKIVFS
[2023-08-24T03:31:41.413+0000] {logging_mixin.py:151} INFO -                        time     open     high  ...  volume    ticker   type
0 2023-08-24 09:00:00+07:00  10590.0  10590.0  ...  2000.0  FUEMAVND  stock

[1 rows x 8 columns]
[2023-08-24T03:31:41.414+0000] {logging_mixin.py:151} INFO - 1562/1607_FUEMAVND
[2023-08-24T03:31:43.234+0000] {logging_mixin.py:151} INFO - Empty DataFrame
Columns: [time, open, high, low, close, volume, ticker, type]
Index: []
[2023-08-24T03:31:43.234+0000] {logging_mixin.py:151} INFO - 1561/1607_FUEFCV50
[2023-08-24T03:31:45.341+0000] {logging_mixin.py:151} INFO - Empty DataFrame
Columns: [time, open, high, low, close, volume, ticker, type]
Index: []
[2023-08-24T03:31:45.342+0000] {logging_mixin.py:151} INFO - 1560/1607_FUEBFVND
[2023-08-24T03:31:45.995+0000] {logging_mixin.py:151} INFO -                        time     open     high  ...  volume    ticker   type
0 2023-08-24 09:00:00+07:00  18900.0  19180.0  ...   600.0  FUESSV50  stock

[1 rows x 8 columns]
[2023-08-24T03:31:45.996+0000] {logging_mixin.py:151} INFO - 1559/1607_FUESSV50
[2023-08-24T03:31:46.655+0000] {logging_mixin.py:151} INFO -                        time     open     high  ...    volume    ticker   type
0 2023-08-24 09:00:00+07:00  20440.0  20480.0  ...  208400.0  E1VFVN30  stock

[1 rows x 8 columns]
[2023-08-24T03:31:46.656+0000] {logging_mixin.py:151} INFO - 1558/1607_E1VFVN30
[2023-08-24T03:31:47.306+0000] {logging_mixin.py:151} INFO -                        time     open     high  ...  volume    ticker   type
0 2023-08-24 09:00:00+07:00  19000.0  19000.0  ...   300.0  FUESSVFL  stock

[1 rows x 8 columns]
[2023-08-24T03:31:47.307+0000] {logging_mixin.py:151} INFO - 1557/1607_FUESSVFL
[2023-08-24T03:31:47.308+0000] {python.py:194} INFO - Done. Returned value was: Done
[2023-08-24T03:31:47.323+0000] {taskinstance.py:1400} INFO - Marking task as SUCCESS. dag_id=vnstock-pipeline, task_id=Stock_collection_1D, execution_date=20230823T120615, start_date=20230824T033059, end_date=20230824T033147
[2023-08-24T03:31:47.361+0000] {local_task_job_runner.py:228} INFO - Task exited with return code 0
[2023-08-24T03:31:47.372+0000] {taskinstance.py:2784} INFO - 1 downstream tasks scheduled from follow-on schedule check
