[2023-08-24T04:22:32.677+0000] {taskinstance.py:1159} INFO - Dependencies all met for dep_context=non-requeueable deps ti=<TaskInstance: vnstock-pipeline.Stock_collection_1D manual__2023-08-24T04:22:15.117592+00:00 [queued]>
[2023-08-24T04:22:32.681+0000] {taskinstance.py:1159} INFO - Dependencies all met for dep_context=requeueable deps ti=<TaskInstance: vnstock-pipeline.Stock_collection_1D manual__2023-08-24T04:22:15.117592+00:00 [queued]>
[2023-08-24T04:22:32.682+0000] {taskinstance.py:1361} INFO - Starting attempt 1 of 4
[2023-08-24T04:22:32.693+0000] {taskinstance.py:1382} INFO - Executing <Task(PythonOperator): Stock_collection_1D> on 2023-08-24 04:22:15.117592+00:00
[2023-08-24T04:22:32.697+0000] {standard_task_runner.py:57} INFO - Started process 37757 to run task
[2023-08-24T04:22:32.697+0000] {clientserver.py:543} INFO - Closing down clientserver connection
[2023-08-24T04:22:32.702+0000] {clientserver.py:505} INFO - Error while sending or receiving.
Traceback (most recent call last):
  File "/home/nguyentuanduong7/.local/lib/python3.8/site-packages/py4j/clientserver.py", line 503, in send_command
    self.socket.sendall(command.encode("utf-8"))
ConnectionResetError: [Errno 104] Connection reset by peer
[2023-08-24T04:22:32.704+0000] {clientserver.py:543} INFO - Closing down clientserver connection
[2023-08-24T04:22:32.704+0000] {java_gateway.py:1052} INFO - Exception while sending command.
Traceback (most recent call last):
  File "/home/nguyentuanduong7/.local/lib/python3.8/site-packages/py4j/clientserver.py", line 503, in send_command
    self.socket.sendall(command.encode("utf-8"))
ConnectionResetError: [Errno 104] Connection reset by peer

During handling of the above exception, another exception occurred:

Traceback (most recent call last):
  File "/home/nguyentuanduong7/.local/lib/python3.8/site-packages/py4j/java_gateway.py", line 1038, in send_command
    response = connection.send_command(command)
  File "/home/nguyentuanduong7/.local/lib/python3.8/site-packages/py4j/clientserver.py", line 506, in send_command
    raise Py4JNetworkError(
py4j.protocol.Py4JNetworkError: Error while sending
[2023-08-24T04:22:32.706+0000] {standard_task_runner.py:84} INFO - Running: ['airflow', 'tasks', 'run', 'vnstock-pipeline', 'Stock_collection_1D', 'manual__2023-08-24T04:22:15.117592+00:00', '--job-id', '108', '--raw', '--subdir', 'DAGS_FOLDER/main.py', '--cfg-path', '/tmp/tmpe0cywkc5']
[2023-08-24T04:22:32.707+0000] {standard_task_runner.py:85} INFO - Job 108: Subtask Stock_collection_1D
[2023-08-24T04:22:32.711+0000] {clientserver.py:543} INFO - Closing down clientserver connection
[2023-08-24T04:22:32.743+0000] {task_command.py:415} INFO - Running <TaskInstance: vnstock-pipeline.Stock_collection_1D manual__2023-08-24T04:22:15.117592+00:00 [running]> on host vnstock-pipeline-vm.us-central1-c.c.vnstock-pipeline.internal
[2023-08-24T04:22:32.792+0000] {taskinstance.py:1660} INFO - Exporting env vars: AIRFLOW_CTX_DAG_EMAIL='nguyentuanduong555@gmail.com' AIRFLOW_CTX_DAG_OWNER='Duong' AIRFLOW_CTX_DAG_ID='vnstock-pipeline' AIRFLOW_CTX_TASK_ID='Stock_collection_1D' AIRFLOW_CTX_EXECUTION_DATE='2023-08-24T04:22:15.117592+00:00' AIRFLOW_CTX_TRY_NUMBER='1' AIRFLOW_CTX_DAG_RUN_ID='manual__2023-08-24T04:22:15.117592+00:00'
[2023-08-24T04:22:33.791+0000] {logging_mixin.py:151} INFO -                        time     open     high  ...     volume  ticker   type
0 2023-08-24 09:00:00+07:00  30300.0  30500.0  ...  2932500.0     SSI  stock
1 2023-08-24 10:00:00+07:00  30300.0  30800.0  ...  4039500.0     SSI  stock

[2 rows x 8 columns]
[2023-08-24T04:22:33.793+0000] {logging_mixin.py:151} INFO - 1606/1607_SSI
[2023-08-24T04:22:34.449+0000] {logging_mixin.py:151} INFO -                        time     open     high  ...   volume  ticker   type
0 2023-08-24 09:00:00+07:00  67000.0  67700.0  ...  50200.0     BCM  stock
1 2023-08-24 10:00:00+07:00  66200.0  66800.0  ...  45200.0     BCM  stock

[2 rows x 8 columns]
[2023-08-24T04:22:34.450+0000] {logging_mixin.py:151} INFO - 1605/1607_BCM
[2023-08-24T04:22:35.108+0000] {logging_mixin.py:151} INFO -                        time     open     high  ...    volume  ticker   type
0 2023-08-24 09:00:00+07:00  54900.0  55100.0  ...  355600.0     VHM  stock
1 2023-08-24 10:00:00+07:00  54600.0  54900.0  ...  742400.0     VHM  stock

[2 rows x 8 columns]
[2023-08-24T04:22:35.109+0000] {logging_mixin.py:151} INFO - 1604/1607_VHM
[2023-08-24T04:22:35.766+0000] {logging_mixin.py:151} INFO -                        time     open     high  ...     volume  ticker   type
0 2023-08-24 09:00:00+07:00  65700.0  65800.0  ...  1363600.0     VIC  stock
1 2023-08-24 10:00:00+07:00  65000.0  65200.0  ...  1312900.0     VIC  stock

[2 rows x 8 columns]
[2023-08-24T04:22:35.767+0000] {logging_mixin.py:151} INFO - 1603/1607_VIC
[2023-08-24T04:22:36.425+0000] {logging_mixin.py:151} INFO -                        time     open     high  ...    volume  ticker   type
0 2023-08-24 09:00:00+07:00  28850.0  29200.0  ...  304500.0     VRE  stock
1 2023-08-24 10:00:00+07:00  28850.0  29000.0  ...  355500.0     VRE  stock

[2 rows x 8 columns]
[2023-08-24T04:22:36.426+0000] {logging_mixin.py:151} INFO - 1602/1607_VRE
[2023-08-24T04:22:37.075+0000] {logging_mixin.py:151} INFO -                        time     open     high  ...   volume  ticker   type
0 2023-08-24 09:00:00+07:00  45050.0  45450.0  ...  28500.0     BVH  stock
1 2023-08-24 10:00:00+07:00  45200.0  45500.0  ...  39100.0     BVH  stock

[2 rows x 8 columns]
[2023-08-24T04:22:37.076+0000] {logging_mixin.py:151} INFO - 1601/1607_BVH
[2023-08-24T04:22:37.725+0000] {logging_mixin.py:151} INFO -                        time     open     high  ...     volume  ticker   type
0 2023-08-24 09:00:00+07:00  12500.0  12550.0  ...  1283100.0     POW  stock
1 2023-08-24 10:00:00+07:00  12450.0  12650.0  ...   830400.0     POW  stock

[2 rows x 8 columns]
[2023-08-24T04:22:37.726+0000] {logging_mixin.py:151} INFO - 1600/1607_POW
[2023-08-24T04:22:38.379+0000] {logging_mixin.py:151} INFO -                        time      open      high  ...    volume  ticker   type
0 2023-08-24 09:00:00+07:00  102500.0  102500.0  ...   67800.0     GAS  stock
1 2023-08-24 10:00:00+07:00  102200.0  102300.0  ...  100100.0     GAS  stock

[2 rows x 8 columns]
[2023-08-24T04:22:38.380+0000] {logging_mixin.py:151} INFO - 1599/1607_GAS
[2023-08-24T04:22:39.029+0000] {logging_mixin.py:151} INFO -                        time     open     high  ...    volume  ticker   type
0 2023-08-24 09:00:00+07:00  21850.0  22000.0  ...  661200.0     ACB  stock
1 2023-08-24 10:00:00+07:00  22000.0  22000.0  ...  723100.0     ACB  stock

[2 rows x 8 columns]
[2023-08-24T04:22:39.030+0000] {logging_mixin.py:151} INFO - 1598/1607_ACB
[2023-08-24T04:22:39.684+0000] {logging_mixin.py:151} INFO -                        time     open     high  ...    volume  ticker   type
0 2023-08-24 09:00:00+07:00  45700.0  46000.0  ...   75600.0     BID  stock
1 2023-08-24 10:00:00+07:00  45650.0  45850.0  ...  276400.0     BID  stock

[2 rows x 8 columns]
[2023-08-24T04:22:39.685+0000] {logging_mixin.py:151} INFO - 1597/1607_BID
[2023-08-24T04:22:40.336+0000] {logging_mixin.py:151} INFO -                        time     open     high  ...    volume  ticker   type
0 2023-08-24 09:00:00+07:00  31500.0  31500.0  ...  300800.0     CTG  stock
1 2023-08-24 10:00:00+07:00  31150.0  31250.0  ...  806600.0     CTG  stock

[2 rows x 8 columns]
[2023-08-24T04:22:40.337+0000] {logging_mixin.py:151} INFO - 1596/1607_CTG
[2023-08-24T04:22:40.991+0000] {logging_mixin.py:151} INFO -                        time     open     high  ...    volume  ticker   type
0 2023-08-24 09:00:00+07:00  16100.0  16200.0  ...  135100.0     HDB  stock
1 2023-08-24 10:00:00+07:00  16149.0  16200.0  ...  247100.0     HDB  stock

[2 rows x 8 columns]
[2023-08-24T04:22:40.992+0000] {logging_mixin.py:151} INFO - 1595/1607_HDB
[2023-08-24T04:22:41.641+0000] {logging_mixin.py:151} INFO -                        time     open     high  ...     volume  ticker   type
0 2023-08-24 09:00:00+07:00  18100.0  18100.0  ...  1086100.0     MBB  stock
1 2023-08-24 10:00:00+07:00  18050.0  18100.0  ...  1123900.0     MBB  stock

[2 rows x 8 columns]
[2023-08-24T04:22:41.642+0000] {logging_mixin.py:151} INFO - 1594/1607_MBB
[2023-08-24T04:22:42.296+0000] {logging_mixin.py:151} INFO -                        time     open     high  ...    volume  ticker   type
0 2023-08-24 09:00:00+07:00  28200.0  28250.0  ...  144800.0     SSB  stock
1 2023-08-24 10:00:00+07:00  27100.0  28000.0  ...  200200.0     SSB  stock

[2 rows x 8 columns]
[2023-08-24T04:22:42.297+0000] {logging_mixin.py:151} INFO - 1593/1607_SSB
[2023-08-24T04:22:42.957+0000] {logging_mixin.py:151} INFO -                        time     open     high  ...     volume  ticker   type
0 2023-08-24 09:00:00+07:00  12000.0  12050.0  ...  1073900.0     SHB  stock
1 2023-08-24 10:00:00+07:00  11900.0  12050.0  ...  2354000.0     SHB  stock

[2 rows x 8 columns]
[2023-08-24T04:22:42.959+0000] {logging_mixin.py:151} INFO - 1592/1607_SHB
[2023-08-24T04:22:43.613+0000] {logging_mixin.py:151} INFO -                        time     open     high  ...     volume  ticker   type
0 2023-08-24 09:00:00+07:00  31100.0  31400.0  ...  3144700.0     STB  stock
1 2023-08-24 10:00:00+07:00  31150.0  31300.0  ...  1767500.0     STB  stock

[2 rows x 8 columns]
[2023-08-24T04:22:43.614+0000] {logging_mixin.py:151} INFO - 1591/1607_STB
[2023-08-24T04:22:44.268+0000] {logging_mixin.py:151} INFO -                        time     open     high  ...    volume  ticker   type
0 2023-08-24 09:00:00+07:00  33500.0  33650.0  ...  730200.0     TCB  stock
1 2023-08-24 10:00:00+07:00  33600.0  33800.0  ...  834600.0     TCB  stock

[2 rows x 8 columns]
[2023-08-24T04:22:44.269+0000] {logging_mixin.py:151} INFO - 1590/1607_TCB
[2023-08-24T04:22:44.920+0000] {logging_mixin.py:151} INFO -                        time     open     high  ...     volume  ticker   type
0 2023-08-24 09:00:00+07:00  18500.0  18500.0  ...   465000.0     TPB  stock
1 2023-08-24 10:00:00+07:00  18450.0  18650.0  ...  2479400.0     TPB  stock

[2 rows x 8 columns]
[2023-08-24T04:22:44.921+0000] {logging_mixin.py:151} INFO - 1589/1607_TPB
[2023-08-24T04:22:45.570+0000] {logging_mixin.py:151} INFO -                        time     open     high  ...    volume  ticker   type
0 2023-08-24 09:00:00+07:00  86300.0  87000.0  ...  121600.0     VCB  stock
1 2023-08-24 10:00:00+07:00  86000.0  87100.0  ...  192100.0     VCB  stock

[2 rows x 8 columns]
[2023-08-24T04:22:45.571+0000] {logging_mixin.py:151} INFO - 1588/1607_VCB
[2023-08-24T04:22:46.223+0000] {logging_mixin.py:151} INFO -                        time     open     high  ...    volume  ticker   type
0 2023-08-24 09:00:00+07:00  19700.0  19800.0  ...  232100.0     VIB  stock
1 2023-08-24 10:00:00+07:00  19750.0  19750.0  ...  627200.0     VIB  stock

[2 rows x 8 columns]
[2023-08-24T04:22:46.224+0000] {logging_mixin.py:151} INFO - 1587/1607_VIB
[2023-08-24T04:22:46.873+0000] {logging_mixin.py:151} INFO -                        time     open     high  ...     volume  ticker   type
0 2023-08-24 09:00:00+07:00  20250.0  20500.0  ...  1366500.0     VPB  stock
1 2023-08-24 10:00:00+07:00  20350.0  20450.0  ...  1591600.0     VPB  stock

[2 rows x 8 columns]
[2023-08-24T04:22:46.874+0000] {logging_mixin.py:151} INFO - 1586/1607_VPB
[2023-08-24T04:22:47.523+0000] {logging_mixin.py:151} INFO -                        time     open     high  ...     volume  ticker   type
0 2023-08-24 09:00:00+07:00  25650.0  26000.0  ...  2248800.0     HPG  stock
1 2023-08-24 10:00:00+07:00  25700.0  26100.0  ...  2940100.0     HPG  stock

[2 rows x 8 columns]
[2023-08-24T04:22:47.524+0000] {logging_mixin.py:151} INFO - 1585/1607_HPG
[2023-08-24T04:22:48.176+0000] {logging_mixin.py:151} INFO -                        time     open     high  ...    volume  ticker   type
0 2023-08-24 09:00:00+07:00  19200.0  19400.0  ...  181800.0     GVR  stock
1 2023-08-24 10:00:00+07:00  19300.0  19500.0  ...  196600.0     GVR  stock

[2 rows x 8 columns]
[2023-08-24T04:22:48.177+0000] {logging_mixin.py:151} INFO - 1584/1607_GVR
[2023-08-24T04:22:48.830+0000] {logging_mixin.py:151} INFO -                        time     open     high  ...    volume  ticker   type
0 2023-08-24 09:00:00+07:00  77300.0  78200.0  ...  155500.0     MSN  stock
1 2023-08-24 10:00:00+07:00  78000.0  79400.0  ...  665400.0     MSN  stock

[2 rows x 8 columns]
[2023-08-24T04:22:48.831+0000] {logging_mixin.py:151} INFO - 1583/1607_MSN
[2023-08-24T04:22:49.479+0000] {logging_mixin.py:151} INFO -                        time     open     high  ...     volume  ticker   type
0 2023-08-24 09:00:00+07:00  73500.0  73500.0  ...   241500.0     VNM  stock
1 2023-08-24 10:00:00+07:00  73500.0  74700.0  ...  1302800.0     VNM  stock

[2 rows x 8 columns]
[2023-08-24T04:22:49.480+0000] {logging_mixin.py:151} INFO - 1582/1607_VNM
[2023-08-24T04:22:50.132+0000] {logging_mixin.py:151} INFO -                        time      open      high  ...    volume  ticker   type
0 2023-08-24 09:00:00+07:00  154900.0  155000.0  ...  171400.0     SAB  stock
1 2023-08-24 10:00:00+07:00  154200.0  154200.0  ...   74200.0     SAB  stock

[2 rows x 8 columns]
[2023-08-24T04:22:50.133+0000] {logging_mixin.py:151} INFO - 1581/1607_SAB
[2023-08-24T04:22:50.796+0000] {logging_mixin.py:151} INFO -                        time     open     high  ...    volume  ticker   type
0 2023-08-24 09:00:00+07:00  96900.0  97000.0  ...  205000.0     VJC  stock
1 2023-08-24 10:00:00+07:00  96800.0  97100.0  ...  170300.0     VJC  stock

[2 rows x 8 columns]
[2023-08-24T04:22:50.797+0000] {logging_mixin.py:151} INFO - 1580/1607_VJC
[2023-08-24T04:22:51.449+0000] {logging_mixin.py:151} INFO -                        time     open     high  ...     volume  ticker   type
0 2023-08-24 09:00:00+07:00  49700.0  50700.0  ...  1590300.0     MWG  stock
1 2023-08-24 10:00:00+07:00  50300.0  50800.0  ...   863000.0     MWG  stock

[2 rows x 8 columns]
[2023-08-24T04:22:51.450+0000] {logging_mixin.py:151} INFO - 1579/1607_MWG
[2023-08-24T04:22:52.100+0000] {logging_mixin.py:151} INFO -                        time     open     high  ...   volume  ticker   type
0 2023-08-24 09:00:00+07:00  37400.0  37600.0  ...  61000.0     PLX  stock
1 2023-08-24 10:00:00+07:00  37400.0  37550.0  ...  47300.0     PLX  stock

[2 rows x 8 columns]
[2023-08-24T04:22:52.101+0000] {logging_mixin.py:151} INFO - 1578/1607_PLX
[2023-08-24T04:22:52.754+0000] {logging_mixin.py:151} INFO -                        time     open     high  ...     volume  ticker   type
0 2023-08-24 09:00:00+07:00  85500.0  87600.0  ...  1017700.0     FPT  stock
1 2023-08-24 10:00:00+07:00  87300.0  90100.0  ...  1996500.0     FPT  stock

[2 rows x 8 columns]
[2023-08-24T04:22:52.755+0000] {logging_mixin.py:151} INFO - 1577/1607_FPT
[2023-08-24T04:22:54.448+0000] {logging_mixin.py:151} INFO - Empty DataFrame
Columns: [time, open, high, low, close, volume, ticker, type]
Index: []
[2023-08-24T04:22:54.448+0000] {logging_mixin.py:151} INFO - 1576/1607_MFS
[2023-08-24T04:22:55.099+0000] {logging_mixin.py:151} INFO -                        time     open     high  ...  volume  ticker   type
0 2023-08-24 09:00:00+07:00  16300.0  16300.0  ...  2000.0     ABC  stock

[1 rows x 8 columns]
[2023-08-24T04:22:55.100+0000] {logging_mixin.py:151} INFO - 1575/1607_ABC
[2023-08-24T04:22:55.759+0000] {logging_mixin.py:151} INFO -                        time     open     high  ...   volume  ticker   type
0 2023-08-24 09:00:00+07:00  23400.0  23600.0  ...  30700.0     VGI  stock
1 2023-08-24 10:00:00+07:00  23400.0  23700.0  ...  28800.0     VGI  stock

[2 rows x 8 columns]
[2023-08-24T04:22:55.760+0000] {logging_mixin.py:151} INFO - 1574/1607_VGI
[2023-08-24T04:22:56.415+0000] {logging_mixin.py:151} INFO -                        time     open     high  ...  volume  ticker   type
0 2023-08-24 09:00:00+07:00  62900.0  62900.0  ...   400.0     FOX  stock

[1 rows x 8 columns]
[2023-08-24T04:22:56.416+0000] {logging_mixin.py:151} INFO - 1573/1607_FOX
[2023-08-24T04:22:58.177+0000] {logging_mixin.py:151} INFO - Empty DataFrame
Columns: [time, open, high, low, close, volume, ticker, type]
Index: []
[2023-08-24T04:22:58.178+0000] {logging_mixin.py:151} INFO - 1572/1607_PAI
[2023-08-24T04:22:59.983+0000] {logging_mixin.py:151} INFO - Empty DataFrame
Columns: [time, open, high, low, close, volume, ticker, type]
Index: []
[2023-08-24T04:22:59.984+0000] {logging_mixin.py:151} INFO - 1571/1607_PIA
[2023-08-24T04:23:01.712+0000] {logging_mixin.py:151} INFO - Empty DataFrame
Columns: [time, open, high, low, close, volume, ticker, type]
Index: []
[2023-08-24T04:23:01.712+0000] {logging_mixin.py:151} INFO - 1570/1607_PTP
[2023-08-24T04:23:02.366+0000] {logging_mixin.py:151} INFO -                        time    open    high  ...   volume  ticker   type
0 2023-08-24 09:00:00+07:00  8300.0  8300.0  ...    800.0     TTN  stock
1 2023-08-24 10:00:00+07:00  8300.0  8400.0  ...  10200.0     TTN  stock

[2 rows x 8 columns]
[2023-08-24T04:23:02.367+0000] {logging_mixin.py:151} INFO - 1569/1607_TTN
[2023-08-24T04:23:04.091+0000] {logging_mixin.py:151} INFO - Empty DataFrame
Columns: [time, open, high, low, close, volume, ticker, type]
Index: []
[2023-08-24T04:23:04.092+0000] {logging_mixin.py:151} INFO - 1568/1607_FUCTVGF3
[2023-08-24T04:23:04.747+0000] {logging_mixin.py:151} INFO -                        time    open    high  ...  volume    ticker   type
0 2023-08-24 09:00:00+07:00  8510.0  8510.0  ...   200.0  FUEIP100  stock

[1 rows x 8 columns]
[2023-08-24T04:23:04.748+0000] {logging_mixin.py:151} INFO - 1567/1607_FUEIP100
[2023-08-24T04:23:05.399+0000] {logging_mixin.py:151} INFO -                        time    open    high  ...  volume    ticker   type
0 2023-08-24 10:00:00+07:00  7850.0  7860.0  ...  1300.0  FUEKIV30  stock

[1 rows x 8 columns]
[2023-08-24T04:23:05.400+0000] {logging_mixin.py:151} INFO - 1566/1607_FUEKIV30
[2023-08-24T04:23:07.115+0000] {logging_mixin.py:151} INFO - Empty DataFrame
Columns: [time, open, high, low, close, volume, ticker, type]
Index: []
[2023-08-24T04:23:07.116+0000] {logging_mixin.py:151} INFO - 1565/1607_FUCTVGF4
[2023-08-24T04:23:07.771+0000] {logging_mixin.py:151} INFO -                        time     open     high  ...   volume    ticker   type
0 2023-08-24 09:00:00+07:00  10020.0  10020.0  ...  11100.0  FUEDCMID  stock
1 2023-08-24 10:00:00+07:00  10030.0  10070.0  ...   1100.0  FUEDCMID  stock

[2 rows x 8 columns]
[2023-08-24T04:23:07.772+0000] {logging_mixin.py:151} INFO - 1564/1607_FUEDCMID
[2023-08-24T04:23:09.467+0000] {logging_mixin.py:151} INFO - Empty DataFrame
Columns: [time, open, high, low, close, volume, ticker, type]
Index: []
[2023-08-24T04:23:09.467+0000] {logging_mixin.py:151} INFO - 1563/1607_FUEKIVFS
[2023-08-24T04:23:10.117+0000] {logging_mixin.py:151} INFO -                        time     open     high  ...  volume    ticker   type
0 2023-08-24 09:00:00+07:00  10590.0  10590.0  ...  2000.0  FUEMAVND  stock
1 2023-08-24 10:00:00+07:00  10680.0  10730.0  ...  8000.0  FUEMAVND  stock

[2 rows x 8 columns]
[2023-08-24T04:23:10.118+0000] {logging_mixin.py:151} INFO - 1562/1607_FUEMAVND
[2023-08-24T04:23:12.492+0000] {logging_mixin.py:151} INFO - Empty DataFrame
Columns: [time, open, high, low, close, volume, ticker, type]
Index: []
[2023-08-24T04:23:12.493+0000] {logging_mixin.py:151} INFO - 1561/1607_FUEFCV50
[2023-08-24T04:23:14.185+0000] {logging_mixin.py:151} INFO - Empty DataFrame
Columns: [time, open, high, low, close, volume, ticker, type]
Index: []
[2023-08-24T04:23:14.186+0000] {logging_mixin.py:151} INFO - 1560/1607_FUEBFVND
[2023-08-24T04:23:14.841+0000] {logging_mixin.py:151} INFO -                        time     open     high  ...  volume    ticker   type
0 2023-08-24 09:00:00+07:00  18900.0  19180.0  ...   600.0  FUESSV50  stock
1 2023-08-24 10:00:00+07:00  19000.0  19000.0  ...  2400.0  FUESSV50  stock

[2 rows x 8 columns]
[2023-08-24T04:23:14.842+0000] {logging_mixin.py:151} INFO - 1559/1607_FUESSV50
[2023-08-24T04:23:15.497+0000] {logging_mixin.py:151} INFO -                        time     open     high  ...    volume    ticker   type
0 2023-08-24 09:00:00+07:00  20440.0  20480.0  ...  208400.0  E1VFVN30  stock
1 2023-08-24 10:00:00+07:00  20440.0  20520.0  ...   12100.0  E1VFVN30  stock

[2 rows x 8 columns]
[2023-08-24T04:23:15.498+0000] {logging_mixin.py:151} INFO - 1558/1607_E1VFVN30
[2023-08-24T04:23:16.148+0000] {logging_mixin.py:151} INFO -                        time     open     high  ...  volume    ticker   type
0 2023-08-24 09:00:00+07:00  19000.0  19000.0  ...   300.0  FUESSVFL  stock
1 2023-08-24 10:00:00+07:00  18660.0  18720.0  ...  4800.0  FUESSVFL  stock

[2 rows x 8 columns]
[2023-08-24T04:23:16.149+0000] {logging_mixin.py:151} INFO - 1557/1607_FUESSVFL
[2023-08-24T04:23:16.150+0000] {python.py:194} INFO - Done. Returned value was: Done
[2023-08-24T04:23:16.162+0000] {taskinstance.py:1400} INFO - Marking task as SUCCESS. dag_id=vnstock-pipeline, task_id=Stock_collection_1D, execution_date=20230824T042215, start_date=20230824T042232, end_date=20230824T042316
[2023-08-24T04:23:16.191+0000] {local_task_job_runner.py:228} INFO - Task exited with return code 0
[2023-08-24T04:23:16.199+0000] {taskinstance.py:2784} INFO - 0 downstream tasks scheduled from follow-on schedule check
