[2023-08-23T11:38:44.489+0000] {taskinstance.py:1159} INFO - Dependencies all met for dep_context=non-requeueable deps ti=<TaskInstance: vnstock-pipeline.Stock_collection_1Y manual__2023-08-23T11:12:22.721080+00:00 [queued]>
[2023-08-23T11:38:44.494+0000] {taskinstance.py:1159} INFO - Dependencies all met for dep_context=requeueable deps ti=<TaskInstance: vnstock-pipeline.Stock_collection_1Y manual__2023-08-23T11:12:22.721080+00:00 [queued]>
[2023-08-23T11:38:44.494+0000] {taskinstance.py:1361} INFO - Starting attempt 2 of 4
[2023-08-23T11:38:44.506+0000] {taskinstance.py:1382} INFO - Executing <Task(PythonOperator): Stock_collection_1Y> on 2023-08-23 11:12:22.721080+00:00
[2023-08-23T11:38:44.509+0000] {standard_task_runner.py:57} INFO - Started process 14265 to run task
[2023-08-23T11:38:44.509+0000] {clientserver.py:543} INFO - Closing down clientserver connection
[2023-08-23T11:38:44.517+0000] {standard_task_runner.py:84} INFO - Running: ['airflow', 'tasks', 'run', 'vnstock-pipeline', 'Stock_collection_1Y', 'manual__2023-08-23T11:12:22.721080+00:00', '--job-id', '22', '--raw', '--subdir', 'DAGS_FOLDER/main.py', '--cfg-path', '/tmp/tmpwjfvan89']
[2023-08-23T11:38:44.517+0000] {standard_task_runner.py:85} INFO - Job 22: Subtask Stock_collection_1Y
[2023-08-23T11:38:44.550+0000] {task_command.py:415} INFO - Running <TaskInstance: vnstock-pipeline.Stock_collection_1Y manual__2023-08-23T11:12:22.721080+00:00 [running]> on host vnstock-pipeline-vm.us-central1-c.c.vnstock-pipeline.internal
[2023-08-23T11:38:44.600+0000] {taskinstance.py:1660} INFO - Exporting env vars: AIRFLOW_CTX_DAG_EMAIL='nguyentuanduong555@gmail.com' AIRFLOW_CTX_DAG_OWNER='Duong' AIRFLOW_CTX_DAG_ID='vnstock-pipeline' AIRFLOW_CTX_TASK_ID='Stock_collection_1Y' AIRFLOW_CTX_EXECUTION_DATE='2023-08-23T11:12:22.721080+00:00' AIRFLOW_CTX_TRY_NUMBER='2' AIRFLOW_CTX_DAG_RUN_ID='manual__2023-08-23T11:12:22.721080+00:00'
[2023-08-23T11:38:45.438+0000] {logging_mixin.py:151} INFO - 1606/1607_SSI
[2023-08-23T11:38:46.148+0000] {logging_mixin.py:151} INFO - 1605/1607_BCM
[2023-08-23T11:38:47.116+0000] {logging_mixin.py:151} INFO - 1604/1607_VHM
[2023-08-23T11:38:47.830+0000] {logging_mixin.py:151} INFO - 1603/1607_VIC
[2023-08-23T11:38:48.539+0000] {logging_mixin.py:151} INFO - 1602/1607_VRE
[2023-08-23T11:38:49.258+0000] {logging_mixin.py:151} INFO - 1601/1607_BVH
[2023-08-23T11:38:49.974+0000] {logging_mixin.py:151} INFO - 1600/1607_POW
[2023-08-23T11:38:50.689+0000] {logging_mixin.py:151} INFO - 1599/1607_GAS
[2023-08-23T11:38:51.401+0000] {logging_mixin.py:151} INFO - 1598/1607_ACB
[2023-08-23T11:38:52.112+0000] {logging_mixin.py:151} INFO - 1597/1607_BID
[2023-08-23T11:38:52.822+0000] {logging_mixin.py:151} INFO - 1596/1607_CTG
[2023-08-23T11:38:53.540+0000] {logging_mixin.py:151} INFO - 1595/1607_HDB
[2023-08-23T11:38:54.264+0000] {logging_mixin.py:151} INFO - 1594/1607_MBB
[2023-08-23T11:38:54.990+0000] {logging_mixin.py:151} INFO - 1593/1607_SSB
[2023-08-23T11:38:55.721+0000] {logging_mixin.py:151} INFO - 1592/1607_SHB
[2023-08-23T11:38:56.442+0000] {logging_mixin.py:151} INFO - 1591/1607_STB
[2023-08-23T11:38:57.152+0000] {logging_mixin.py:151} INFO - 1590/1607_TCB
[2023-08-23T11:38:57.878+0000] {logging_mixin.py:151} INFO - 1589/1607_TPB
[2023-08-23T11:38:58.589+0000] {logging_mixin.py:151} INFO - 1588/1607_VCB
[2023-08-23T11:38:59.309+0000] {logging_mixin.py:151} INFO - 1587/1607_VIB
[2023-08-23T11:39:00.024+0000] {logging_mixin.py:151} INFO - 1586/1607_VPB
[2023-08-23T11:39:00.743+0000] {logging_mixin.py:151} INFO - 1585/1607_HPG
[2023-08-23T11:39:01.456+0000] {logging_mixin.py:151} INFO - 1584/1607_GVR
[2023-08-23T11:39:02.169+0000] {logging_mixin.py:151} INFO - 1583/1607_MSN
[2023-08-23T11:39:02.884+0000] {logging_mixin.py:151} INFO - 1582/1607_VNM
[2023-08-23T11:39:03.605+0000] {logging_mixin.py:151} INFO - 1581/1607_SAB
[2023-08-23T11:39:04.321+0000] {logging_mixin.py:151} INFO - 1580/1607_VJC
[2023-08-23T11:39:05.037+0000] {logging_mixin.py:151} INFO - 1579/1607_MWG
[2023-08-23T11:39:05.752+0000] {logging_mixin.py:151} INFO - 1578/1607_PLX
[2023-08-23T11:39:06.465+0000] {logging_mixin.py:151} INFO - 1577/1607_FPT
[2023-08-23T11:39:07.193+0000] {logging_mixin.py:151} INFO - 1576/1607_MFS
[2023-08-23T11:39:07.906+0000] {logging_mixin.py:151} INFO - 1575/1607_ABC
[2023-08-23T11:39:08.618+0000] {logging_mixin.py:151} INFO - 1574/1607_VGI
[2023-08-23T11:39:09.339+0000] {logging_mixin.py:151} INFO - 1573/1607_FOX
[2023-08-23T11:39:10.048+0000] {logging_mixin.py:151} INFO - 1572/1607_PAI
[2023-08-23T11:39:10.778+0000] {logging_mixin.py:151} INFO - 1571/1607_PIA
[2023-08-23T11:39:11.497+0000] {logging_mixin.py:151} INFO - 1570/1607_PTP
[2023-08-23T11:39:12.210+0000] {logging_mixin.py:151} INFO - 1569/1607_TTN
[2023-08-23T11:39:12.924+0000] {logging_mixin.py:151} INFO - 1568/1607_FUCTVGF3
[2023-08-23T11:39:13.639+0000] {logging_mixin.py:151} INFO - 1567/1607_FUEIP100
[2023-08-23T11:39:14.361+0000] {logging_mixin.py:151} INFO - 1566/1607_FUEKIV30
[2023-08-23T11:39:15.077+0000] {logging_mixin.py:151} INFO - 1565/1607_FUCTVGF4
[2023-08-23T11:39:15.790+0000] {logging_mixin.py:151} INFO - 1564/1607_FUEDCMID
[2023-08-23T11:39:16.506+0000] {logging_mixin.py:151} INFO - 1563/1607_FUEKIVFS
[2023-08-23T11:39:17.229+0000] {logging_mixin.py:151} INFO - 1562/1607_FUEMAVND
[2023-08-23T11:39:17.938+0000] {logging_mixin.py:151} INFO - 1561/1607_FUEFCV50
[2023-08-23T11:39:18.653+0000] {logging_mixin.py:151} INFO - 1560/1607_FUEBFVND
[2023-08-23T11:39:19.380+0000] {logging_mixin.py:151} INFO - 1559/1607_FUESSV50
[2023-08-23T11:39:20.092+0000] {logging_mixin.py:151} INFO - 1558/1607_E1VFVN30
[2023-08-23T11:39:20.812+0000] {logging_mixin.py:151} INFO - 1557/1607_FUESSVFL
[2023-08-23T11:39:20.815+0000] {python.py:194} INFO - Done. Returned value was: Done
[2023-08-23T11:39:20.827+0000] {taskinstance.py:1400} INFO - Marking task as SUCCESS. dag_id=vnstock-pipeline, task_id=Stock_collection_1Y, execution_date=20230823T111222, start_date=20230823T113844, end_date=20230823T113920
[2023-08-23T11:39:20.844+0000] {local_task_job_runner.py:228} INFO - Task exited with return code 0
[2023-08-23T11:39:20.858+0000] {taskinstance.py:2784} INFO - 1 downstream tasks scheduled from follow-on schedule check
