[2023-08-31T05:51:58.532+0000] {taskinstance.py:1159} INFO - Dependencies all met for dep_context=non-requeueable deps ti=<TaskInstance: vnstock-pipeline-1M.Vm_pub_pubsub_1M scheduled__2023-08-31T05:05:00+00:00 [queued]>
[2023-08-31T05:51:58.537+0000] {taskinstance.py:1159} INFO - Dependencies all met for dep_context=requeueable deps ti=<TaskInstance: vnstock-pipeline-1M.Vm_pub_pubsub_1M scheduled__2023-08-31T05:05:00+00:00 [queued]>
[2023-08-31T05:51:58.537+0000] {taskinstance.py:1361} INFO - Starting attempt 1 of 4
[2023-08-31T05:51:58.548+0000] {taskinstance.py:1382} INFO - Executing <Task(PythonOperator): Vm_pub_pubsub_1M> on 2023-08-31 05:05:00+00:00
[2023-08-31T05:51:58.553+0000] {standard_task_runner.py:57} INFO - Started process 520385 to run task
[2023-08-31T05:51:58.553+0000] {clientserver.py:543} INFO - Closing down clientserver connection
[2023-08-31T05:51:58.566+0000] {standard_task_runner.py:84} INFO - Running: ['airflow', 'tasks', 'run', 'vnstock-pipeline-1M', 'Vm_pub_pubsub_1M', 'scheduled__2023-08-31T05:05:00+00:00', '--job-id', '453', '--raw', '--subdir', '/home/nguyentuanduong7/airflow/src/dags/main.py', '--cfg-path', '/tmp/tmp65tg20xq']
[2023-08-31T05:51:58.566+0000] {standard_task_runner.py:85} INFO - Job 453: Subtask Vm_pub_pubsub_1M
[2023-08-31T05:51:58.612+0000] {task_command.py:415} INFO - Running <TaskInstance: vnstock-pipeline-1M.Vm_pub_pubsub_1M scheduled__2023-08-31T05:05:00+00:00 [running]> on host vnstock-pipeline-vm.us-central1-c.c.vnstock-pipeline.internal
[2023-08-31T05:51:58.669+0000] {taskinstance.py:1660} INFO - Exporting env vars: AIRFLOW_CTX_DAG_EMAIL='nguyentuanduong555@gmail.com' AIRFLOW_CTX_DAG_OWNER='Duong_' AIRFLOW_CTX_DAG_ID='vnstock-pipeline-1M' AIRFLOW_CTX_TASK_ID='Vm_pub_pubsub_1M' AIRFLOW_CTX_EXECUTION_DATE='2023-08-31T05:05:00+00:00' AIRFLOW_CTX_TRY_NUMBER='1' AIRFLOW_CTX_DAG_RUN_ID='scheduled__2023-08-31T05:05:00+00:00'
[2023-08-31T05:51:58.673+0000] {python.py:194} INFO - Done. Returned value was: None
[2023-08-31T05:51:58.676+0000] {taskinstance.py:1400} INFO - Marking task as SUCCESS. dag_id=vnstock-pipeline-1M, task_id=Vm_pub_pubsub_1M, execution_date=20230831T050500, start_date=20230831T055158, end_date=20230831T055158
[2023-08-31T05:51:58.689+0000] {local_task_job_runner.py:228} INFO - Task exited with return code 0
[2023-08-31T05:51:58.699+0000] {taskinstance.py:2784} INFO - 0 downstream tasks scheduled from follow-on schedule check
[2023-08-31T05:52:33.874+0000] {taskinstance.py:1159} INFO - Dependencies all met for dep_context=non-requeueable deps ti=<TaskInstance: vnstock-pipeline-1M.Vm_pub_pubsub_1M scheduled__2023-08-31T05:05:00+00:00 [queued]>
[2023-08-31T05:52:33.879+0000] {taskinstance.py:1159} INFO - Dependencies all met for dep_context=requeueable deps ti=<TaskInstance: vnstock-pipeline-1M.Vm_pub_pubsub_1M scheduled__2023-08-31T05:05:00+00:00 [queued]>
[2023-08-31T05:52:33.879+0000] {taskinstance.py:1361} INFO - Starting attempt 1 of 4
[2023-08-31T05:52:33.890+0000] {taskinstance.py:1382} INFO - Executing <Task(PythonOperator): Vm_pub_pubsub_1M> on 2023-08-31 05:05:00+00:00
[2023-08-31T05:52:33.894+0000] {standard_task_runner.py:57} INFO - Started process 520692 to run task
[2023-08-31T05:52:33.894+0000] {clientserver.py:543} INFO - Closing down clientserver connection
[2023-08-31T05:52:33.901+0000] {standard_task_runner.py:84} INFO - Running: ['airflow', 'tasks', 'run', 'vnstock-pipeline-1M', 'Vm_pub_pubsub_1M', 'scheduled__2023-08-31T05:05:00+00:00', '--job-id', '453', '--raw', '--subdir', '/home/nguyentuanduong7/airflow/src/dags/main.py', '--cfg-path', '/tmp/tmpkuhzta3p']
[2023-08-31T05:52:33.901+0000] {standard_task_runner.py:85} INFO - Job 453: Subtask Vm_pub_pubsub_1M
[2023-08-31T05:52:33.948+0000] {task_command.py:415} INFO - Running <TaskInstance: vnstock-pipeline-1M.Vm_pub_pubsub_1M scheduled__2023-08-31T05:05:00+00:00 [running]> on host vnstock-pipeline-vm.us-central1-c.c.vnstock-pipeline.internal
[2023-08-31T05:52:34.007+0000] {taskinstance.py:1660} INFO - Exporting env vars: AIRFLOW_CTX_DAG_EMAIL='nguyentuanduong555@gmail.com' AIRFLOW_CTX_DAG_OWNER='Duong_' AIRFLOW_CTX_DAG_ID='vnstock-pipeline-1M' AIRFLOW_CTX_TASK_ID='Vm_pub_pubsub_1M' AIRFLOW_CTX_EXECUTION_DATE='2023-08-31T05:05:00+00:00' AIRFLOW_CTX_TRY_NUMBER='1' AIRFLOW_CTX_DAG_RUN_ID='scheduled__2023-08-31T05:05:00+00:00'
[2023-08-31T05:52:34.011+0000] {python.py:194} INFO - Done. Returned value was: None
[2023-08-31T05:52:34.014+0000] {taskinstance.py:1400} INFO - Marking task as SUCCESS. dag_id=vnstock-pipeline-1M, task_id=Vm_pub_pubsub_1M, execution_date=20230831T050500, start_date=20230831T055233, end_date=20230831T055234
[2023-08-31T05:52:34.030+0000] {local_task_job_runner.py:228} INFO - Task exited with return code 0
[2023-08-31T05:52:34.041+0000] {taskinstance.py:2784} INFO - 0 downstream tasks scheduled from follow-on schedule check
