[2023-08-24T04:25:04.412+0000] {taskinstance.py:1159} INFO - Dependencies all met for dep_context=non-requeueable deps ti=<TaskInstance: vnstock-pipeline.Vm_pubsub_3M manual__2023-08-24T04:22:15.117592+00:00 [queued]>
[2023-08-24T04:25:04.417+0000] {taskinstance.py:1159} INFO - Dependencies all met for dep_context=requeueable deps ti=<TaskInstance: vnstock-pipeline.Vm_pubsub_3M manual__2023-08-24T04:22:15.117592+00:00 [queued]>
[2023-08-24T04:25:04.417+0000] {taskinstance.py:1361} INFO - Starting attempt 1 of 4
[2023-08-24T04:25:04.430+0000] {taskinstance.py:1382} INFO - Executing <Task(PythonOperator): Vm_pubsub_3M> on 2023-08-24 04:22:15.117592+00:00
[2023-08-24T04:25:04.433+0000] {standard_task_runner.py:57} INFO - Started process 38897 to run task
[2023-08-24T04:25:04.433+0000] {clientserver.py:543} INFO - Closing down clientserver connection
[2023-08-24T04:25:04.440+0000] {standard_task_runner.py:84} INFO - Running: ['airflow', 'tasks', 'run', 'vnstock-pipeline', 'Vm_pubsub_3M', 'manual__2023-08-24T04:22:15.117592+00:00', '--job-id', '112', '--raw', '--subdir', 'DAGS_FOLDER/main.py', '--cfg-path', '/tmp/tmpe5do50h6']
[2023-08-24T04:25:04.441+0000] {standard_task_runner.py:85} INFO - Job 112: Subtask Vm_pubsub_3M
[2023-08-24T04:25:04.475+0000] {task_command.py:415} INFO - Running <TaskInstance: vnstock-pipeline.Vm_pubsub_3M manual__2023-08-24T04:22:15.117592+00:00 [running]> on host vnstock-pipeline-vm.us-central1-c.c.vnstock-pipeline.internal
[2023-08-24T04:25:04.524+0000] {taskinstance.py:1660} INFO - Exporting env vars: AIRFLOW_CTX_DAG_EMAIL='nguyentuanduong555@gmail.com' AIRFLOW_CTX_DAG_OWNER='Duong' AIRFLOW_CTX_DAG_ID='vnstock-pipeline' AIRFLOW_CTX_TASK_ID='Vm_pubsub_3M' AIRFLOW_CTX_EXECUTION_DATE='2023-08-24T04:22:15.117592+00:00' AIRFLOW_CTX_TRY_NUMBER='1' AIRFLOW_CTX_DAG_RUN_ID='manual__2023-08-24T04:22:15.117592+00:00'
[2023-08-24T04:25:09.717+0000] {logging_mixin.py:151} INFO - root
 |-- Time: timestamp (nullable = true)
 |-- Ticker: string (nullable = true)
 |-- Close: double (nullable = true)
 |-- Percentage_Change: double (nullable = true)
[2023-08-24T04:25:24.622+0000] {logging_mixin.py:151} INFO - DONE_spark_1
[2023-08-24T04:25:24.622+0000] {python.py:194} INFO - Done. Returned value was: None
[2023-08-24T04:25:24.627+0000] {taskinstance.py:1400} INFO - Marking task as SUCCESS. dag_id=vnstock-pipeline, task_id=Vm_pubsub_3M, execution_date=20230824T042215, start_date=20230824T042504, end_date=20230824T042524
[2023-08-24T04:25:24.662+0000] {local_task_job_runner.py:228} INFO - Task exited with return code 0
[2023-08-24T04:25:24.671+0000] {taskinstance.py:2784} INFO - 0 downstream tasks scheduled from follow-on schedule check
