[2023-08-24T04:20:26.858+0000] {taskinstance.py:1159} INFO - Dependencies all met for dep_context=non-requeueable deps ti=<TaskInstance: vnstock-pipeline.Vm_pubsub_3M manual__2023-08-24T04:12:34.056895+00:00 [queued]>
[2023-08-24T04:20:26.863+0000] {taskinstance.py:1159} INFO - Dependencies all met for dep_context=requeueable deps ti=<TaskInstance: vnstock-pipeline.Vm_pubsub_3M manual__2023-08-24T04:12:34.056895+00:00 [queued]>
[2023-08-24T04:20:26.863+0000] {taskinstance.py:1361} INFO - Starting attempt 1 of 4
[2023-08-24T04:20:26.875+0000] {taskinstance.py:1382} INFO - Executing <Task(PythonOperator): Vm_pubsub_3M> on 2023-08-24 04:12:34.056895+00:00
[2023-08-24T04:20:26.879+0000] {standard_task_runner.py:57} INFO - Started process 37085 to run task
[2023-08-24T04:20:26.879+0000] {clientserver.py:543} INFO - Closing down clientserver connection
[2023-08-24T04:20:26.886+0000] {standard_task_runner.py:84} INFO - Running: ['airflow', 'tasks', 'run', 'vnstock-pipeline', 'Vm_pubsub_3M', 'manual__2023-08-24T04:12:34.056895+00:00', '--job-id', '106', '--raw', '--subdir', 'DAGS_FOLDER/main.py', '--cfg-path', '/tmp/tmpwvfv5lkr']
[2023-08-24T04:20:26.886+0000] {standard_task_runner.py:85} INFO - Job 106: Subtask Vm_pubsub_3M
[2023-08-24T04:20:26.920+0000] {task_command.py:415} INFO - Running <TaskInstance: vnstock-pipeline.Vm_pubsub_3M manual__2023-08-24T04:12:34.056895+00:00 [running]> on host vnstock-pipeline-vm.us-central1-c.c.vnstock-pipeline.internal
[2023-08-24T04:20:26.966+0000] {taskinstance.py:1660} INFO - Exporting env vars: AIRFLOW_CTX_DAG_EMAIL='nguyentuanduong555@gmail.com' AIRFLOW_CTX_DAG_OWNER='Duong' AIRFLOW_CTX_DAG_ID='vnstock-pipeline' AIRFLOW_CTX_TASK_ID='Vm_pubsub_3M' AIRFLOW_CTX_EXECUTION_DATE='2023-08-24T04:12:34.056895+00:00' AIRFLOW_CTX_TRY_NUMBER='1' AIRFLOW_CTX_DAG_RUN_ID='manual__2023-08-24T04:12:34.056895+00:00'
[2023-08-24T04:20:31.924+0000] {logging_mixin.py:151} INFO - root
 |-- Time: timestamp (nullable = true)
 |-- Ticker: string (nullable = true)
 |-- Close: double (nullable = true)
 |-- Percentage_Change: double (nullable = true)
[2023-08-24T04:20:46.953+0000] {logging_mixin.py:151} INFO - DONE_spark_1
[2023-08-24T04:20:46.953+0000] {python.py:194} INFO - Done. Returned value was: None
[2023-08-24T04:20:46.961+0000] {taskinstance.py:1400} INFO - Marking task as SUCCESS. dag_id=vnstock-pipeline, task_id=Vm_pubsub_3M, execution_date=20230824T041234, start_date=20230824T042026, end_date=20230824T042046
[2023-08-24T04:20:47.013+0000] {local_task_job_runner.py:228} INFO - Task exited with return code 0
[2023-08-24T04:20:47.021+0000] {taskinstance.py:2784} INFO - 0 downstream tasks scheduled from follow-on schedule check
