[2023-08-24T04:18:24.256+0000] {taskinstance.py:1159} INFO - Dependencies all met for dep_context=non-requeueable deps ti=<TaskInstance: vnstock-pipeline.Stock_collection_1Y manual__2023-08-24T04:12:34.056895+00:00 [queued]>
[2023-08-24T04:18:24.261+0000] {taskinstance.py:1159} INFO - Dependencies all met for dep_context=requeueable deps ti=<TaskInstance: vnstock-pipeline.Stock_collection_1Y manual__2023-08-24T04:12:34.056895+00:00 [queued]>
[2023-08-24T04:18:24.261+0000] {taskinstance.py:1361} INFO - Starting attempt 1 of 4
[2023-08-24T04:18:24.273+0000] {taskinstance.py:1382} INFO - Executing <Task(PythonOperator): Stock_collection_1Y> on 2023-08-24 04:12:34.056895+00:00
[2023-08-24T04:18:24.276+0000] {standard_task_runner.py:57} INFO - Started process 35839 to run task
[2023-08-24T04:18:24.277+0000] {clientserver.py:543} INFO - Closing down clientserver connection
[2023-08-24T04:18:24.284+0000] {standard_task_runner.py:84} INFO - Running: ['airflow', 'tasks', 'run', 'vnstock-pipeline', 'Stock_collection_1Y', 'manual__2023-08-24T04:12:34.056895+00:00', '--job-id', '102', '--raw', '--subdir', 'DAGS_FOLDER/main.py', '--cfg-path', '/tmp/tmpbk1z_1lm']
[2023-08-24T04:18:24.284+0000] {standard_task_runner.py:85} INFO - Job 102: Subtask Stock_collection_1Y
[2023-08-24T04:18:24.319+0000] {task_command.py:415} INFO - Running <TaskInstance: vnstock-pipeline.Stock_collection_1Y manual__2023-08-24T04:12:34.056895+00:00 [running]> on host vnstock-pipeline-vm.us-central1-c.c.vnstock-pipeline.internal
[2023-08-24T04:18:24.370+0000] {taskinstance.py:1660} INFO - Exporting env vars: AIRFLOW_CTX_DAG_EMAIL='nguyentuanduong555@gmail.com' AIRFLOW_CTX_DAG_OWNER='Duong' AIRFLOW_CTX_DAG_ID='vnstock-pipeline' AIRFLOW_CTX_TASK_ID='Stock_collection_1Y' AIRFLOW_CTX_EXECUTION_DATE='2023-08-24T04:12:34.056895+00:00' AIRFLOW_CTX_TRY_NUMBER='1' AIRFLOW_CTX_DAG_RUN_ID='manual__2023-08-24T04:12:34.056895+00:00'
[2023-08-24T04:18:25.188+0000] {logging_mixin.py:151} INFO - 1606/1607_SSI
[2023-08-24T04:18:25.880+0000] {logging_mixin.py:151} INFO - 1605/1607_BCM
[2023-08-24T04:18:26.569+0000] {logging_mixin.py:151} INFO - 1604/1607_VHM
[2023-08-24T04:18:27.254+0000] {logging_mixin.py:151} INFO - 1603/1607_VIC
[2023-08-24T04:18:27.945+0000] {logging_mixin.py:151} INFO - 1602/1607_VRE
[2023-08-24T04:18:28.637+0000] {logging_mixin.py:151} INFO - 1601/1607_BVH
[2023-08-24T04:18:29.328+0000] {logging_mixin.py:151} INFO - 1600/1607_POW
[2023-08-24T04:18:30.018+0000] {logging_mixin.py:151} INFO - 1599/1607_GAS
[2023-08-24T04:18:30.704+0000] {logging_mixin.py:151} INFO - 1598/1607_ACB
[2023-08-24T04:18:31.399+0000] {logging_mixin.py:151} INFO - 1597/1607_BID
[2023-08-24T04:18:32.092+0000] {logging_mixin.py:151} INFO - 1596/1607_CTG
[2023-08-24T04:18:32.835+0000] {logging_mixin.py:151} INFO - 1595/1607_HDB
[2023-08-24T04:18:33.527+0000] {logging_mixin.py:151} INFO - 1594/1607_MBB
[2023-08-24T04:18:34.219+0000] {logging_mixin.py:151} INFO - 1593/1607_SSB
[2023-08-24T04:18:34.907+0000] {logging_mixin.py:151} INFO - 1592/1607_SHB
[2023-08-24T04:18:35.594+0000] {logging_mixin.py:151} INFO - 1591/1607_STB
[2023-08-24T04:18:36.292+0000] {logging_mixin.py:151} INFO - 1590/1607_TCB
[2023-08-24T04:18:36.976+0000] {logging_mixin.py:151} INFO - 1589/1607_TPB
[2023-08-24T04:18:37.661+0000] {logging_mixin.py:151} INFO - 1588/1607_VCB
[2023-08-24T04:18:38.353+0000] {logging_mixin.py:151} INFO - 1587/1607_VIB
[2023-08-24T04:18:39.046+0000] {logging_mixin.py:151} INFO - 1586/1607_VPB
[2023-08-24T04:18:39.731+0000] {logging_mixin.py:151} INFO - 1585/1607_HPG
[2023-08-24T04:18:40.418+0000] {logging_mixin.py:151} INFO - 1584/1607_GVR
[2023-08-24T04:18:41.107+0000] {logging_mixin.py:151} INFO - 1583/1607_MSN
[2023-08-24T04:18:41.796+0000] {logging_mixin.py:151} INFO - 1582/1607_VNM
[2023-08-24T04:18:42.489+0000] {logging_mixin.py:151} INFO - 1581/1607_SAB
[2023-08-24T04:18:43.178+0000] {logging_mixin.py:151} INFO - 1580/1607_VJC
[2023-08-24T04:18:43.863+0000] {logging_mixin.py:151} INFO - 1579/1607_MWG
[2023-08-24T04:18:44.559+0000] {logging_mixin.py:151} INFO - 1578/1607_PLX
[2023-08-24T04:18:45.248+0000] {logging_mixin.py:151} INFO - 1577/1607_FPT
[2023-08-24T04:18:45.934+0000] {logging_mixin.py:151} INFO - 1576/1607_MFS
[2023-08-24T04:18:46.616+0000] {logging_mixin.py:151} INFO - 1575/1607_ABC
[2023-08-24T04:18:47.303+0000] {logging_mixin.py:151} INFO - 1574/1607_VGI
[2023-08-24T04:18:47.991+0000] {logging_mixin.py:151} INFO - 1573/1607_FOX
[2023-08-24T04:18:48.693+0000] {logging_mixin.py:151} INFO - 1572/1607_PAI
[2023-08-24T04:18:49.384+0000] {logging_mixin.py:151} INFO - 1571/1607_PIA
[2023-08-24T04:18:50.066+0000] {logging_mixin.py:151} INFO - 1570/1607_PTP
[2023-08-24T04:18:50.761+0000] {logging_mixin.py:151} INFO - 1569/1607_TTN
[2023-08-24T04:18:51.443+0000] {logging_mixin.py:151} INFO - 1568/1607_FUCTVGF3
[2023-08-24T04:18:52.130+0000] {logging_mixin.py:151} INFO - 1567/1607_FUEIP100
[2023-08-24T04:18:52.814+0000] {logging_mixin.py:151} INFO - 1566/1607_FUEKIV30
[2023-08-24T04:18:53.502+0000] {logging_mixin.py:151} INFO - 1565/1607_FUCTVGF4
[2023-08-24T04:18:54.189+0000] {logging_mixin.py:151} INFO - 1564/1607_FUEDCMID
[2023-08-24T04:18:54.881+0000] {logging_mixin.py:151} INFO - 1563/1607_FUEKIVFS
[2023-08-24T04:18:55.567+0000] {logging_mixin.py:151} INFO - 1562/1607_FUEMAVND
[2023-08-24T04:18:56.251+0000] {logging_mixin.py:151} INFO - 1561/1607_FUEFCV50
[2023-08-24T04:18:56.936+0000] {logging_mixin.py:151} INFO - 1560/1607_FUEBFVND
[2023-08-24T04:18:57.625+0000] {logging_mixin.py:151} INFO - 1559/1607_FUESSV50
[2023-08-24T04:18:58.310+0000] {logging_mixin.py:151} INFO - 1558/1607_E1VFVN30
[2023-08-24T04:18:58.998+0000] {logging_mixin.py:151} INFO - 1557/1607_FUESSVFL
[2023-08-24T04:18:59.001+0000] {python.py:194} INFO - Done. Returned value was: Done
[2023-08-24T04:18:59.014+0000] {taskinstance.py:1400} INFO - Marking task as SUCCESS. dag_id=vnstock-pipeline, task_id=Stock_collection_1Y, execution_date=20230824T041234, start_date=20230824T041824, end_date=20230824T041859
[2023-08-24T04:18:59.058+0000] {local_task_job_runner.py:228} INFO - Task exited with return code 0
[2023-08-24T04:18:59.066+0000] {taskinstance.py:2784} INFO - 0 downstream tasks scheduled from follow-on schedule check
