[2023-08-24T04:21:44.310+0000] {processor.py:157} INFO - Started process (PID=37584) to work on /usr/local/lib/python3.8/dist-packages/airflow/example_dags/plugins/event_listener.py
[2023-08-24T04:21:44.310+0000] {processor.py:829} INFO - Processing file /usr/local/lib/python3.8/dist-packages/airflow/example_dags/plugins/event_listener.py for tasks to queue
[2023-08-24T04:21:44.311+0000] {logging_mixin.py:151} INFO - [2023-08-24T04:21:44.311+0000] {dagbag.py:539} INFO - Filling up the DagBag from /usr/local/lib/python3.8/dist-packages/airflow/example_dags/plugins/event_listener.py
[2023-08-24T04:21:44.314+0000] {processor.py:841} WARNING - No viable dags retrieved from /usr/local/lib/python3.8/dist-packages/airflow/example_dags/plugins/event_listener.py
[2023-08-24T04:21:44.324+0000] {processor.py:179} INFO - Processing /usr/local/lib/python3.8/dist-packages/airflow/example_dags/plugins/event_listener.py took 0.018 seconds
[2023-08-24T04:30:57.668+0000] {processor.py:157} INFO - Started process (PID=41459) to work on /usr/local/lib/python3.8/dist-packages/airflow/example_dags/plugins/event_listener.py
[2023-08-24T04:30:57.670+0000] {processor.py:829} INFO - Processing file /usr/local/lib/python3.8/dist-packages/airflow/example_dags/plugins/event_listener.py for tasks to queue
[2023-08-24T04:30:57.671+0000] {logging_mixin.py:151} INFO - [2023-08-24T04:30:57.671+0000] {dagbag.py:539} INFO - Filling up the DagBag from /usr/local/lib/python3.8/dist-packages/airflow/example_dags/plugins/event_listener.py
[2023-08-24T04:30:57.673+0000] {processor.py:841} WARNING - No viable dags retrieved from /usr/local/lib/python3.8/dist-packages/airflow/example_dags/plugins/event_listener.py
[2023-08-24T04:30:57.684+0000] {processor.py:179} INFO - Processing /usr/local/lib/python3.8/dist-packages/airflow/example_dags/plugins/event_listener.py took 0.019 seconds
[2023-08-24T04:31:59.531+0000] {processor.py:157} INFO - Started process (PID=41657) to work on /usr/local/lib/python3.8/dist-packages/airflow/example_dags/plugins/event_listener.py
[2023-08-24T04:31:59.534+0000] {processor.py:829} INFO - Processing file /usr/local/lib/python3.8/dist-packages/airflow/example_dags/plugins/event_listener.py for tasks to queue
[2023-08-24T04:31:59.535+0000] {logging_mixin.py:151} INFO - [2023-08-24T04:31:59.534+0000] {dagbag.py:539} INFO - Filling up the DagBag from /usr/local/lib/python3.8/dist-packages/airflow/example_dags/plugins/event_listener.py
[2023-08-24T04:31:59.537+0000] {processor.py:841} WARNING - No viable dags retrieved from /usr/local/lib/python3.8/dist-packages/airflow/example_dags/plugins/event_listener.py
[2023-08-24T04:31:59.550+0000] {processor.py:179} INFO - Processing /usr/local/lib/python3.8/dist-packages/airflow/example_dags/plugins/event_listener.py took 0.023 seconds
[2023-08-24T04:33:01.562+0000] {processor.py:157} INFO - Started process (PID=41848) to work on /usr/local/lib/python3.8/dist-packages/airflow/example_dags/plugins/event_listener.py
[2023-08-24T04:33:01.564+0000] {processor.py:829} INFO - Processing file /usr/local/lib/python3.8/dist-packages/airflow/example_dags/plugins/event_listener.py for tasks to queue
[2023-08-24T04:33:01.565+0000] {logging_mixin.py:151} INFO - [2023-08-24T04:33:01.564+0000] {dagbag.py:539} INFO - Filling up the DagBag from /usr/local/lib/python3.8/dist-packages/airflow/example_dags/plugins/event_listener.py
[2023-08-24T04:33:01.567+0000] {processor.py:841} WARNING - No viable dags retrieved from /usr/local/lib/python3.8/dist-packages/airflow/example_dags/plugins/event_listener.py
[2023-08-24T04:33:01.578+0000] {processor.py:179} INFO - Processing /usr/local/lib/python3.8/dist-packages/airflow/example_dags/plugins/event_listener.py took 0.019 seconds
[2023-08-24T04:34:00.778+0000] {processor.py:157} INFO - Started process (PID=42031) to work on /usr/local/lib/python3.8/dist-packages/airflow/example_dags/plugins/event_listener.py
[2023-08-24T04:34:00.780+0000] {processor.py:829} INFO - Processing file /usr/local/lib/python3.8/dist-packages/airflow/example_dags/plugins/event_listener.py for tasks to queue
[2023-08-24T04:34:00.781+0000] {logging_mixin.py:151} INFO - [2023-08-24T04:34:00.780+0000] {dagbag.py:539} INFO - Filling up the DagBag from /usr/local/lib/python3.8/dist-packages/airflow/example_dags/plugins/event_listener.py
[2023-08-24T04:34:00.783+0000] {processor.py:841} WARNING - No viable dags retrieved from /usr/local/lib/python3.8/dist-packages/airflow/example_dags/plugins/event_listener.py
[2023-08-24T04:34:00.794+0000] {processor.py:179} INFO - Processing /usr/local/lib/python3.8/dist-packages/airflow/example_dags/plugins/event_listener.py took 0.020 seconds
[2023-08-24T04:34:58.963+0000] {processor.py:157} INFO - Started process (PID=42227) to work on /usr/local/lib/python3.8/dist-packages/airflow/example_dags/plugins/event_listener.py
[2023-08-24T04:34:58.965+0000] {processor.py:829} INFO - Processing file /usr/local/lib/python3.8/dist-packages/airflow/example_dags/plugins/event_listener.py for tasks to queue
[2023-08-24T04:34:58.966+0000] {logging_mixin.py:151} INFO - [2023-08-24T04:34:58.966+0000] {dagbag.py:539} INFO - Filling up the DagBag from /usr/local/lib/python3.8/dist-packages/airflow/example_dags/plugins/event_listener.py
[2023-08-24T04:34:58.968+0000] {processor.py:841} WARNING - No viable dags retrieved from /usr/local/lib/python3.8/dist-packages/airflow/example_dags/plugins/event_listener.py
[2023-08-24T04:34:58.979+0000] {processor.py:179} INFO - Processing /usr/local/lib/python3.8/dist-packages/airflow/example_dags/plugins/event_listener.py took 0.019 seconds
[2023-08-24T04:35:58.377+0000] {processor.py:157} INFO - Started process (PID=42423) to work on /usr/local/lib/python3.8/dist-packages/airflow/example_dags/plugins/event_listener.py
[2023-08-24T04:35:58.378+0000] {processor.py:829} INFO - Processing file /usr/local/lib/python3.8/dist-packages/airflow/example_dags/plugins/event_listener.py for tasks to queue
[2023-08-24T04:35:58.379+0000] {logging_mixin.py:151} INFO - [2023-08-24T04:35:58.379+0000] {dagbag.py:539} INFO - Filling up the DagBag from /usr/local/lib/python3.8/dist-packages/airflow/example_dags/plugins/event_listener.py
[2023-08-24T04:35:58.382+0000] {processor.py:841} WARNING - No viable dags retrieved from /usr/local/lib/python3.8/dist-packages/airflow/example_dags/plugins/event_listener.py
[2023-08-24T04:35:58.393+0000] {processor.py:179} INFO - Processing /usr/local/lib/python3.8/dist-packages/airflow/example_dags/plugins/event_listener.py took 0.020 seconds
[2023-08-24T04:36:53.632+0000] {processor.py:157} INFO - Started process (PID=42605) to work on /usr/local/lib/python3.8/dist-packages/airflow/example_dags/plugins/event_listener.py
[2023-08-24T04:36:53.634+0000] {processor.py:829} INFO - Processing file /usr/local/lib/python3.8/dist-packages/airflow/example_dags/plugins/event_listener.py for tasks to queue
[2023-08-24T04:36:53.634+0000] {logging_mixin.py:151} INFO - [2023-08-24T04:36:53.634+0000] {dagbag.py:539} INFO - Filling up the DagBag from /usr/local/lib/python3.8/dist-packages/airflow/example_dags/plugins/event_listener.py
[2023-08-24T04:36:53.637+0000] {processor.py:841} WARNING - No viable dags retrieved from /usr/local/lib/python3.8/dist-packages/airflow/example_dags/plugins/event_listener.py
[2023-08-24T04:36:53.648+0000] {processor.py:179} INFO - Processing /usr/local/lib/python3.8/dist-packages/airflow/example_dags/plugins/event_listener.py took 0.020 seconds
[2023-08-24T04:37:48.776+0000] {processor.py:157} INFO - Started process (PID=42786) to work on /usr/local/lib/python3.8/dist-packages/airflow/example_dags/plugins/event_listener.py
[2023-08-24T04:37:48.777+0000] {processor.py:829} INFO - Processing file /usr/local/lib/python3.8/dist-packages/airflow/example_dags/plugins/event_listener.py for tasks to queue
[2023-08-24T04:37:48.778+0000] {logging_mixin.py:151} INFO - [2023-08-24T04:37:48.778+0000] {dagbag.py:539} INFO - Filling up the DagBag from /usr/local/lib/python3.8/dist-packages/airflow/example_dags/plugins/event_listener.py
[2023-08-24T04:37:48.781+0000] {processor.py:841} WARNING - No viable dags retrieved from /usr/local/lib/python3.8/dist-packages/airflow/example_dags/plugins/event_listener.py
[2023-08-24T04:37:48.792+0000] {processor.py:179} INFO - Processing /usr/local/lib/python3.8/dist-packages/airflow/example_dags/plugins/event_listener.py took 0.019 seconds
[2023-08-24T04:38:47.271+0000] {processor.py:157} INFO - Started process (PID=42970) to work on /usr/local/lib/python3.8/dist-packages/airflow/example_dags/plugins/event_listener.py
[2023-08-24T04:38:47.272+0000] {processor.py:829} INFO - Processing file /usr/local/lib/python3.8/dist-packages/airflow/example_dags/plugins/event_listener.py for tasks to queue
[2023-08-24T04:38:47.273+0000] {logging_mixin.py:151} INFO - [2023-08-24T04:38:47.273+0000] {dagbag.py:539} INFO - Filling up the DagBag from /usr/local/lib/python3.8/dist-packages/airflow/example_dags/plugins/event_listener.py
[2023-08-24T04:38:47.276+0000] {processor.py:841} WARNING - No viable dags retrieved from /usr/local/lib/python3.8/dist-packages/airflow/example_dags/plugins/event_listener.py
[2023-08-24T04:38:47.286+0000] {processor.py:179} INFO - Processing /usr/local/lib/python3.8/dist-packages/airflow/example_dags/plugins/event_listener.py took 0.019 seconds
[2023-08-24T04:39:47.543+0000] {processor.py:157} INFO - Started process (PID=43166) to work on /usr/local/lib/python3.8/dist-packages/airflow/example_dags/plugins/event_listener.py
[2023-08-24T04:39:47.545+0000] {processor.py:829} INFO - Processing file /usr/local/lib/python3.8/dist-packages/airflow/example_dags/plugins/event_listener.py for tasks to queue
[2023-08-24T04:39:47.546+0000] {logging_mixin.py:151} INFO - [2023-08-24T04:39:47.545+0000] {dagbag.py:539} INFO - Filling up the DagBag from /usr/local/lib/python3.8/dist-packages/airflow/example_dags/plugins/event_listener.py
[2023-08-24T04:39:47.548+0000] {processor.py:841} WARNING - No viable dags retrieved from /usr/local/lib/python3.8/dist-packages/airflow/example_dags/plugins/event_listener.py
[2023-08-24T04:39:47.559+0000] {processor.py:179} INFO - Processing /usr/local/lib/python3.8/dist-packages/airflow/example_dags/plugins/event_listener.py took 0.020 seconds
[2023-08-24T04:40:48.322+0000] {processor.py:157} INFO - Started process (PID=43349) to work on /usr/local/lib/python3.8/dist-packages/airflow/example_dags/plugins/event_listener.py
[2023-08-24T04:40:48.323+0000] {processor.py:829} INFO - Processing file /usr/local/lib/python3.8/dist-packages/airflow/example_dags/plugins/event_listener.py for tasks to queue
[2023-08-24T04:40:48.324+0000] {logging_mixin.py:151} INFO - [2023-08-24T04:40:48.324+0000] {dagbag.py:539} INFO - Filling up the DagBag from /usr/local/lib/python3.8/dist-packages/airflow/example_dags/plugins/event_listener.py
[2023-08-24T04:40:48.326+0000] {processor.py:841} WARNING - No viable dags retrieved from /usr/local/lib/python3.8/dist-packages/airflow/example_dags/plugins/event_listener.py
[2023-08-24T04:40:48.337+0000] {processor.py:179} INFO - Processing /usr/local/lib/python3.8/dist-packages/airflow/example_dags/plugins/event_listener.py took 0.019 seconds
[2023-08-24T04:41:48.522+0000] {processor.py:157} INFO - Started process (PID=43533) to work on /usr/local/lib/python3.8/dist-packages/airflow/example_dags/plugins/event_listener.py
[2023-08-24T04:41:48.524+0000] {processor.py:829} INFO - Processing file /usr/local/lib/python3.8/dist-packages/airflow/example_dags/plugins/event_listener.py for tasks to queue
[2023-08-24T04:41:48.525+0000] {logging_mixin.py:151} INFO - [2023-08-24T04:41:48.524+0000] {dagbag.py:539} INFO - Filling up the DagBag from /usr/local/lib/python3.8/dist-packages/airflow/example_dags/plugins/event_listener.py
[2023-08-24T04:41:48.528+0000] {processor.py:841} WARNING - No viable dags retrieved from /usr/local/lib/python3.8/dist-packages/airflow/example_dags/plugins/event_listener.py
[2023-08-24T04:41:48.540+0000] {processor.py:179} INFO - Processing /usr/local/lib/python3.8/dist-packages/airflow/example_dags/plugins/event_listener.py took 0.023 seconds
[2023-08-24T04:42:47.715+0000] {processor.py:157} INFO - Started process (PID=43723) to work on /usr/local/lib/python3.8/dist-packages/airflow/example_dags/plugins/event_listener.py
[2023-08-24T04:42:47.717+0000] {processor.py:829} INFO - Processing file /usr/local/lib/python3.8/dist-packages/airflow/example_dags/plugins/event_listener.py for tasks to queue
[2023-08-24T04:42:47.718+0000] {logging_mixin.py:151} INFO - [2023-08-24T04:42:47.718+0000] {dagbag.py:539} INFO - Filling up the DagBag from /usr/local/lib/python3.8/dist-packages/airflow/example_dags/plugins/event_listener.py
[2023-08-24T04:42:47.721+0000] {processor.py:841} WARNING - No viable dags retrieved from /usr/local/lib/python3.8/dist-packages/airflow/example_dags/plugins/event_listener.py
[2023-08-24T04:42:47.732+0000] {processor.py:179} INFO - Processing /usr/local/lib/python3.8/dist-packages/airflow/example_dags/plugins/event_listener.py took 0.020 seconds
[2023-08-24T04:43:48.685+0000] {processor.py:157} INFO - Started process (PID=43907) to work on /usr/local/lib/python3.8/dist-packages/airflow/example_dags/plugins/event_listener.py
[2023-08-24T04:43:48.687+0000] {processor.py:829} INFO - Processing file /usr/local/lib/python3.8/dist-packages/airflow/example_dags/plugins/event_listener.py for tasks to queue
[2023-08-24T04:43:48.688+0000] {logging_mixin.py:151} INFO - [2023-08-24T04:43:48.687+0000] {dagbag.py:539} INFO - Filling up the DagBag from /usr/local/lib/python3.8/dist-packages/airflow/example_dags/plugins/event_listener.py
[2023-08-24T04:43:48.690+0000] {processor.py:841} WARNING - No viable dags retrieved from /usr/local/lib/python3.8/dist-packages/airflow/example_dags/plugins/event_listener.py
[2023-08-24T04:43:48.701+0000] {processor.py:179} INFO - Processing /usr/local/lib/python3.8/dist-packages/airflow/example_dags/plugins/event_listener.py took 0.019 seconds
[2023-08-24T04:44:49.651+0000] {processor.py:157} INFO - Started process (PID=44092) to work on /usr/local/lib/python3.8/dist-packages/airflow/example_dags/plugins/event_listener.py
[2023-08-24T04:44:49.653+0000] {processor.py:829} INFO - Processing file /usr/local/lib/python3.8/dist-packages/airflow/example_dags/plugins/event_listener.py for tasks to queue
[2023-08-24T04:44:49.653+0000] {logging_mixin.py:151} INFO - [2023-08-24T04:44:49.653+0000] {dagbag.py:539} INFO - Filling up the DagBag from /usr/local/lib/python3.8/dist-packages/airflow/example_dags/plugins/event_listener.py
[2023-08-24T04:44:49.656+0000] {processor.py:841} WARNING - No viable dags retrieved from /usr/local/lib/python3.8/dist-packages/airflow/example_dags/plugins/event_listener.py
[2023-08-24T04:44:49.669+0000] {processor.py:179} INFO - Processing /usr/local/lib/python3.8/dist-packages/airflow/example_dags/plugins/event_listener.py took 0.022 seconds
[2023-08-24T04:45:51.227+0000] {processor.py:157} INFO - Started process (PID=44275) to work on /usr/local/lib/python3.8/dist-packages/airflow/example_dags/plugins/event_listener.py
[2023-08-24T04:45:51.229+0000] {processor.py:829} INFO - Processing file /usr/local/lib/python3.8/dist-packages/airflow/example_dags/plugins/event_listener.py for tasks to queue
[2023-08-24T04:45:51.230+0000] {logging_mixin.py:151} INFO - [2023-08-24T04:45:51.229+0000] {dagbag.py:539} INFO - Filling up the DagBag from /usr/local/lib/python3.8/dist-packages/airflow/example_dags/plugins/event_listener.py
[2023-08-24T04:45:51.232+0000] {processor.py:841} WARNING - No viable dags retrieved from /usr/local/lib/python3.8/dist-packages/airflow/example_dags/plugins/event_listener.py
[2023-08-24T04:45:51.243+0000] {processor.py:179} INFO - Processing /usr/local/lib/python3.8/dist-packages/airflow/example_dags/plugins/event_listener.py took 0.020 seconds
[2023-08-24T04:46:52.997+0000] {processor.py:157} INFO - Started process (PID=44458) to work on /usr/local/lib/python3.8/dist-packages/airflow/example_dags/plugins/event_listener.py
[2023-08-24T04:46:52.998+0000] {processor.py:829} INFO - Processing file /usr/local/lib/python3.8/dist-packages/airflow/example_dags/plugins/event_listener.py for tasks to queue
[2023-08-24T04:46:52.999+0000] {logging_mixin.py:151} INFO - [2023-08-24T04:46:52.999+0000] {dagbag.py:539} INFO - Filling up the DagBag from /usr/local/lib/python3.8/dist-packages/airflow/example_dags/plugins/event_listener.py
[2023-08-24T04:46:53.002+0000] {processor.py:841} WARNING - No viable dags retrieved from /usr/local/lib/python3.8/dist-packages/airflow/example_dags/plugins/event_listener.py
[2023-08-24T04:46:53.014+0000] {processor.py:179} INFO - Processing /usr/local/lib/python3.8/dist-packages/airflow/example_dags/plugins/event_listener.py took 0.021 seconds
[2023-08-24T04:47:55.311+0000] {processor.py:157} INFO - Started process (PID=44642) to work on /usr/local/lib/python3.8/dist-packages/airflow/example_dags/plugins/event_listener.py
[2023-08-24T04:47:55.312+0000] {processor.py:829} INFO - Processing file /usr/local/lib/python3.8/dist-packages/airflow/example_dags/plugins/event_listener.py for tasks to queue
[2023-08-24T04:47:55.313+0000] {logging_mixin.py:151} INFO - [2023-08-24T04:47:55.313+0000] {dagbag.py:539} INFO - Filling up the DagBag from /usr/local/lib/python3.8/dist-packages/airflow/example_dags/plugins/event_listener.py
[2023-08-24T04:47:55.316+0000] {processor.py:841} WARNING - No viable dags retrieved from /usr/local/lib/python3.8/dist-packages/airflow/example_dags/plugins/event_listener.py
[2023-08-24T04:47:55.327+0000] {processor.py:179} INFO - Processing /usr/local/lib/python3.8/dist-packages/airflow/example_dags/plugins/event_listener.py took 0.020 seconds
[2023-08-24T04:48:56.779+0000] {processor.py:157} INFO - Started process (PID=44825) to work on /usr/local/lib/python3.8/dist-packages/airflow/example_dags/plugins/event_listener.py
[2023-08-24T04:48:56.780+0000] {processor.py:829} INFO - Processing file /usr/local/lib/python3.8/dist-packages/airflow/example_dags/plugins/event_listener.py for tasks to queue
[2023-08-24T04:48:56.781+0000] {logging_mixin.py:151} INFO - [2023-08-24T04:48:56.781+0000] {dagbag.py:539} INFO - Filling up the DagBag from /usr/local/lib/python3.8/dist-packages/airflow/example_dags/plugins/event_listener.py
[2023-08-24T04:48:56.784+0000] {processor.py:841} WARNING - No viable dags retrieved from /usr/local/lib/python3.8/dist-packages/airflow/example_dags/plugins/event_listener.py
[2023-08-24T04:48:56.795+0000] {processor.py:179} INFO - Processing /usr/local/lib/python3.8/dist-packages/airflow/example_dags/plugins/event_listener.py took 0.020 seconds
[2023-08-24T04:49:58.907+0000] {processor.py:157} INFO - Started process (PID=45009) to work on /usr/local/lib/python3.8/dist-packages/airflow/example_dags/plugins/event_listener.py
[2023-08-24T04:49:58.908+0000] {processor.py:829} INFO - Processing file /usr/local/lib/python3.8/dist-packages/airflow/example_dags/plugins/event_listener.py for tasks to queue
[2023-08-24T04:49:58.909+0000] {logging_mixin.py:151} INFO - [2023-08-24T04:49:58.909+0000] {dagbag.py:539} INFO - Filling up the DagBag from /usr/local/lib/python3.8/dist-packages/airflow/example_dags/plugins/event_listener.py
[2023-08-24T04:49:58.912+0000] {processor.py:841} WARNING - No viable dags retrieved from /usr/local/lib/python3.8/dist-packages/airflow/example_dags/plugins/event_listener.py
[2023-08-24T04:49:58.923+0000] {processor.py:179} INFO - Processing /usr/local/lib/python3.8/dist-packages/airflow/example_dags/plugins/event_listener.py took 0.020 seconds
[2023-08-24T04:50:57.207+0000] {processor.py:157} INFO - Started process (PID=45194) to work on /usr/local/lib/python3.8/dist-packages/airflow/example_dags/plugins/event_listener.py
[2023-08-24T04:50:57.208+0000] {processor.py:829} INFO - Processing file /usr/local/lib/python3.8/dist-packages/airflow/example_dags/plugins/event_listener.py for tasks to queue
[2023-08-24T04:50:57.209+0000] {logging_mixin.py:151} INFO - [2023-08-24T04:50:57.209+0000] {dagbag.py:539} INFO - Filling up the DagBag from /usr/local/lib/python3.8/dist-packages/airflow/example_dags/plugins/event_listener.py
[2023-08-24T04:50:57.212+0000] {processor.py:841} WARNING - No viable dags retrieved from /usr/local/lib/python3.8/dist-packages/airflow/example_dags/plugins/event_listener.py
[2023-08-24T04:50:57.225+0000] {processor.py:179} INFO - Processing /usr/local/lib/python3.8/dist-packages/airflow/example_dags/plugins/event_listener.py took 0.022 seconds
[2023-08-24T04:51:58.089+0000] {processor.py:157} INFO - Started process (PID=45376) to work on /usr/local/lib/python3.8/dist-packages/airflow/example_dags/plugins/event_listener.py
[2023-08-24T04:51:58.090+0000] {processor.py:829} INFO - Processing file /usr/local/lib/python3.8/dist-packages/airflow/example_dags/plugins/event_listener.py for tasks to queue
[2023-08-24T04:51:58.091+0000] {logging_mixin.py:151} INFO - [2023-08-24T04:51:58.091+0000] {dagbag.py:539} INFO - Filling up the DagBag from /usr/local/lib/python3.8/dist-packages/airflow/example_dags/plugins/event_listener.py
[2023-08-24T04:51:58.094+0000] {processor.py:841} WARNING - No viable dags retrieved from /usr/local/lib/python3.8/dist-packages/airflow/example_dags/plugins/event_listener.py
[2023-08-24T04:51:58.105+0000] {processor.py:179} INFO - Processing /usr/local/lib/python3.8/dist-packages/airflow/example_dags/plugins/event_listener.py took 0.020 seconds
[2023-08-24T04:52:59.533+0000] {processor.py:157} INFO - Started process (PID=45565) to work on /usr/local/lib/python3.8/dist-packages/airflow/example_dags/plugins/event_listener.py
[2023-08-24T04:52:59.535+0000] {processor.py:829} INFO - Processing file /usr/local/lib/python3.8/dist-packages/airflow/example_dags/plugins/event_listener.py for tasks to queue
[2023-08-24T04:52:59.536+0000] {logging_mixin.py:151} INFO - [2023-08-24T04:52:59.536+0000] {dagbag.py:539} INFO - Filling up the DagBag from /usr/local/lib/python3.8/dist-packages/airflow/example_dags/plugins/event_listener.py
[2023-08-24T04:52:59.538+0000] {processor.py:841} WARNING - No viable dags retrieved from /usr/local/lib/python3.8/dist-packages/airflow/example_dags/plugins/event_listener.py
[2023-08-24T04:52:59.549+0000] {processor.py:179} INFO - Processing /usr/local/lib/python3.8/dist-packages/airflow/example_dags/plugins/event_listener.py took 0.020 seconds
[2023-08-24T04:54:02.133+0000] {processor.py:157} INFO - Started process (PID=45748) to work on /usr/local/lib/python3.8/dist-packages/airflow/example_dags/plugins/event_listener.py
[2023-08-24T04:54:02.134+0000] {processor.py:829} INFO - Processing file /usr/local/lib/python3.8/dist-packages/airflow/example_dags/plugins/event_listener.py for tasks to queue
[2023-08-24T04:54:02.135+0000] {logging_mixin.py:151} INFO - [2023-08-24T04:54:02.135+0000] {dagbag.py:539} INFO - Filling up the DagBag from /usr/local/lib/python3.8/dist-packages/airflow/example_dags/plugins/event_listener.py
[2023-08-24T04:54:02.138+0000] {processor.py:841} WARNING - No viable dags retrieved from /usr/local/lib/python3.8/dist-packages/airflow/example_dags/plugins/event_listener.py
[2023-08-24T04:54:02.149+0000] {processor.py:179} INFO - Processing /usr/local/lib/python3.8/dist-packages/airflow/example_dags/plugins/event_listener.py took 0.019 seconds
[2023-08-24T04:55:02.599+0000] {processor.py:157} INFO - Started process (PID=45931) to work on /usr/local/lib/python3.8/dist-packages/airflow/example_dags/plugins/event_listener.py
[2023-08-24T04:55:02.601+0000] {processor.py:829} INFO - Processing file /usr/local/lib/python3.8/dist-packages/airflow/example_dags/plugins/event_listener.py for tasks to queue
[2023-08-24T04:55:02.602+0000] {logging_mixin.py:151} INFO - [2023-08-24T04:55:02.601+0000] {dagbag.py:539} INFO - Filling up the DagBag from /usr/local/lib/python3.8/dist-packages/airflow/example_dags/plugins/event_listener.py
[2023-08-24T04:55:02.604+0000] {processor.py:841} WARNING - No viable dags retrieved from /usr/local/lib/python3.8/dist-packages/airflow/example_dags/plugins/event_listener.py
[2023-08-24T04:55:02.615+0000] {processor.py:179} INFO - Processing /usr/local/lib/python3.8/dist-packages/airflow/example_dags/plugins/event_listener.py took 0.020 seconds
[2023-08-24T04:56:03.195+0000] {processor.py:157} INFO - Started process (PID=46119) to work on /usr/local/lib/python3.8/dist-packages/airflow/example_dags/plugins/event_listener.py
[2023-08-24T04:56:03.197+0000] {processor.py:829} INFO - Processing file /usr/local/lib/python3.8/dist-packages/airflow/example_dags/plugins/event_listener.py for tasks to queue
[2023-08-24T04:56:03.197+0000] {logging_mixin.py:151} INFO - [2023-08-24T04:56:03.197+0000] {dagbag.py:539} INFO - Filling up the DagBag from /usr/local/lib/python3.8/dist-packages/airflow/example_dags/plugins/event_listener.py
[2023-08-24T04:56:03.200+0000] {processor.py:841} WARNING - No viable dags retrieved from /usr/local/lib/python3.8/dist-packages/airflow/example_dags/plugins/event_listener.py
[2023-08-24T04:56:03.211+0000] {processor.py:179} INFO - Processing /usr/local/lib/python3.8/dist-packages/airflow/example_dags/plugins/event_listener.py took 0.020 seconds
[2023-08-24T04:57:08.935+0000] {processor.py:157} INFO - Started process (PID=46316) to work on /usr/local/lib/python3.8/dist-packages/airflow/example_dags/plugins/event_listener.py
[2023-08-24T04:57:08.936+0000] {processor.py:829} INFO - Processing file /usr/local/lib/python3.8/dist-packages/airflow/example_dags/plugins/event_listener.py for tasks to queue
[2023-08-24T04:57:08.937+0000] {logging_mixin.py:151} INFO - [2023-08-24T04:57:08.937+0000] {dagbag.py:539} INFO - Filling up the DagBag from /usr/local/lib/python3.8/dist-packages/airflow/example_dags/plugins/event_listener.py
[2023-08-24T04:57:08.940+0000] {processor.py:841} WARNING - No viable dags retrieved from /usr/local/lib/python3.8/dist-packages/airflow/example_dags/plugins/event_listener.py
[2023-08-24T04:57:08.951+0000] {processor.py:179} INFO - Processing /usr/local/lib/python3.8/dist-packages/airflow/example_dags/plugins/event_listener.py took 0.020 seconds
[2023-08-24T04:58:12.700+0000] {processor.py:157} INFO - Started process (PID=46500) to work on /usr/local/lib/python3.8/dist-packages/airflow/example_dags/plugins/event_listener.py
[2023-08-24T04:58:12.701+0000] {processor.py:829} INFO - Processing file /usr/local/lib/python3.8/dist-packages/airflow/example_dags/plugins/event_listener.py for tasks to queue
[2023-08-24T04:58:12.702+0000] {logging_mixin.py:151} INFO - [2023-08-24T04:58:12.702+0000] {dagbag.py:539} INFO - Filling up the DagBag from /usr/local/lib/python3.8/dist-packages/airflow/example_dags/plugins/event_listener.py
[2023-08-24T04:58:12.705+0000] {processor.py:841} WARNING - No viable dags retrieved from /usr/local/lib/python3.8/dist-packages/airflow/example_dags/plugins/event_listener.py
[2023-08-24T04:58:12.715+0000] {processor.py:179} INFO - Processing /usr/local/lib/python3.8/dist-packages/airflow/example_dags/plugins/event_listener.py took 0.019 seconds
[2023-08-24T04:59:13.966+0000] {processor.py:157} INFO - Started process (PID=46683) to work on /usr/local/lib/python3.8/dist-packages/airflow/example_dags/plugins/event_listener.py
[2023-08-24T04:59:13.968+0000] {processor.py:829} INFO - Processing file /usr/local/lib/python3.8/dist-packages/airflow/example_dags/plugins/event_listener.py for tasks to queue
[2023-08-24T04:59:13.969+0000] {logging_mixin.py:151} INFO - [2023-08-24T04:59:13.969+0000] {dagbag.py:539} INFO - Filling up the DagBag from /usr/local/lib/python3.8/dist-packages/airflow/example_dags/plugins/event_listener.py
[2023-08-24T04:59:13.971+0000] {processor.py:841} WARNING - No viable dags retrieved from /usr/local/lib/python3.8/dist-packages/airflow/example_dags/plugins/event_listener.py
[2023-08-24T04:59:13.982+0000] {processor.py:179} INFO - Processing /usr/local/lib/python3.8/dist-packages/airflow/example_dags/plugins/event_listener.py took 0.020 seconds
[2023-08-24T05:00:18.233+0000] {processor.py:157} INFO - Started process (PID=46867) to work on /usr/local/lib/python3.8/dist-packages/airflow/example_dags/plugins/event_listener.py
[2023-08-24T05:00:18.235+0000] {processor.py:829} INFO - Processing file /usr/local/lib/python3.8/dist-packages/airflow/example_dags/plugins/event_listener.py for tasks to queue
[2023-08-24T05:00:18.235+0000] {logging_mixin.py:151} INFO - [2023-08-24T05:00:18.235+0000] {dagbag.py:539} INFO - Filling up the DagBag from /usr/local/lib/python3.8/dist-packages/airflow/example_dags/plugins/event_listener.py
[2023-08-24T05:00:18.238+0000] {processor.py:841} WARNING - No viable dags retrieved from /usr/local/lib/python3.8/dist-packages/airflow/example_dags/plugins/event_listener.py
[2023-08-24T05:00:18.249+0000] {processor.py:179} INFO - Processing /usr/local/lib/python3.8/dist-packages/airflow/example_dags/plugins/event_listener.py took 0.020 seconds
[2023-08-24T05:01:17.202+0000] {processor.py:157} INFO - Started process (PID=47064) to work on /usr/local/lib/python3.8/dist-packages/airflow/example_dags/plugins/event_listener.py
[2023-08-24T05:01:17.204+0000] {processor.py:829} INFO - Processing file /usr/local/lib/python3.8/dist-packages/airflow/example_dags/plugins/event_listener.py for tasks to queue
[2023-08-24T05:01:17.204+0000] {logging_mixin.py:151} INFO - [2023-08-24T05:01:17.204+0000] {dagbag.py:539} INFO - Filling up the DagBag from /usr/local/lib/python3.8/dist-packages/airflow/example_dags/plugins/event_listener.py
[2023-08-24T05:01:17.207+0000] {processor.py:841} WARNING - No viable dags retrieved from /usr/local/lib/python3.8/dist-packages/airflow/example_dags/plugins/event_listener.py
[2023-08-24T05:01:17.218+0000] {processor.py:179} INFO - Processing /usr/local/lib/python3.8/dist-packages/airflow/example_dags/plugins/event_listener.py took 0.020 seconds
[2023-08-24T05:02:15.062+0000] {processor.py:157} INFO - Started process (PID=47250) to work on /usr/local/lib/python3.8/dist-packages/airflow/example_dags/plugins/event_listener.py
[2023-08-24T05:02:15.064+0000] {processor.py:829} INFO - Processing file /usr/local/lib/python3.8/dist-packages/airflow/example_dags/plugins/event_listener.py for tasks to queue
[2023-08-24T05:02:15.065+0000] {logging_mixin.py:151} INFO - [2023-08-24T05:02:15.065+0000] {dagbag.py:539} INFO - Filling up the DagBag from /usr/local/lib/python3.8/dist-packages/airflow/example_dags/plugins/event_listener.py
[2023-08-24T05:02:15.067+0000] {processor.py:841} WARNING - No viable dags retrieved from /usr/local/lib/python3.8/dist-packages/airflow/example_dags/plugins/event_listener.py
[2023-08-24T05:02:15.079+0000] {processor.py:179} INFO - Processing /usr/local/lib/python3.8/dist-packages/airflow/example_dags/plugins/event_listener.py took 0.020 seconds
[2023-08-24T05:03:16.341+0000] {processor.py:157} INFO - Started process (PID=47438) to work on /usr/local/lib/python3.8/dist-packages/airflow/example_dags/plugins/event_listener.py
[2023-08-24T05:03:16.343+0000] {processor.py:829} INFO - Processing file /usr/local/lib/python3.8/dist-packages/airflow/example_dags/plugins/event_listener.py for tasks to queue
[2023-08-24T05:03:16.344+0000] {logging_mixin.py:151} INFO - [2023-08-24T05:03:16.343+0000] {dagbag.py:539} INFO - Filling up the DagBag from /usr/local/lib/python3.8/dist-packages/airflow/example_dags/plugins/event_listener.py
[2023-08-24T05:03:16.346+0000] {processor.py:841} WARNING - No viable dags retrieved from /usr/local/lib/python3.8/dist-packages/airflow/example_dags/plugins/event_listener.py
[2023-08-24T05:03:16.358+0000] {processor.py:179} INFO - Processing /usr/local/lib/python3.8/dist-packages/airflow/example_dags/plugins/event_listener.py took 0.020 seconds
[2023-08-24T05:04:15.337+0000] {processor.py:157} INFO - Started process (PID=47621) to work on /usr/local/lib/python3.8/dist-packages/airflow/example_dags/plugins/event_listener.py
[2023-08-24T05:04:15.338+0000] {processor.py:829} INFO - Processing file /usr/local/lib/python3.8/dist-packages/airflow/example_dags/plugins/event_listener.py for tasks to queue
[2023-08-24T05:04:15.339+0000] {logging_mixin.py:151} INFO - [2023-08-24T05:04:15.339+0000] {dagbag.py:539} INFO - Filling up the DagBag from /usr/local/lib/python3.8/dist-packages/airflow/example_dags/plugins/event_listener.py
[2023-08-24T05:04:15.342+0000] {processor.py:841} WARNING - No viable dags retrieved from /usr/local/lib/python3.8/dist-packages/airflow/example_dags/plugins/event_listener.py
[2023-08-24T05:04:15.353+0000] {processor.py:179} INFO - Processing /usr/local/lib/python3.8/dist-packages/airflow/example_dags/plugins/event_listener.py took 0.020 seconds
[2023-08-24T05:05:15.476+0000] {processor.py:157} INFO - Started process (PID=47817) to work on /usr/local/lib/python3.8/dist-packages/airflow/example_dags/plugins/event_listener.py
[2023-08-24T05:05:15.479+0000] {processor.py:829} INFO - Processing file /usr/local/lib/python3.8/dist-packages/airflow/example_dags/plugins/event_listener.py for tasks to queue
[2023-08-24T05:05:15.480+0000] {logging_mixin.py:151} INFO - [2023-08-24T05:05:15.480+0000] {dagbag.py:539} INFO - Filling up the DagBag from /usr/local/lib/python3.8/dist-packages/airflow/example_dags/plugins/event_listener.py
[2023-08-24T05:05:15.483+0000] {processor.py:841} WARNING - No viable dags retrieved from /usr/local/lib/python3.8/dist-packages/airflow/example_dags/plugins/event_listener.py
[2023-08-24T05:05:15.496+0000] {processor.py:179} INFO - Processing /usr/local/lib/python3.8/dist-packages/airflow/example_dags/plugins/event_listener.py took 0.025 seconds
[2023-08-24T05:06:13.955+0000] {processor.py:157} INFO - Started process (PID=48013) to work on /usr/local/lib/python3.8/dist-packages/airflow/example_dags/plugins/event_listener.py
[2023-08-24T05:06:13.956+0000] {processor.py:829} INFO - Processing file /usr/local/lib/python3.8/dist-packages/airflow/example_dags/plugins/event_listener.py for tasks to queue
[2023-08-24T05:06:13.957+0000] {logging_mixin.py:151} INFO - [2023-08-24T05:06:13.957+0000] {dagbag.py:539} INFO - Filling up the DagBag from /usr/local/lib/python3.8/dist-packages/airflow/example_dags/plugins/event_listener.py
[2023-08-24T05:06:13.960+0000] {processor.py:841} WARNING - No viable dags retrieved from /usr/local/lib/python3.8/dist-packages/airflow/example_dags/plugins/event_listener.py
[2023-08-24T05:06:13.971+0000] {processor.py:179} INFO - Processing /usr/local/lib/python3.8/dist-packages/airflow/example_dags/plugins/event_listener.py took 0.019 seconds
[2023-08-24T05:07:10.349+0000] {processor.py:157} INFO - Started process (PID=48195) to work on /usr/local/lib/python3.8/dist-packages/airflow/example_dags/plugins/event_listener.py
[2023-08-24T05:07:10.350+0000] {processor.py:829} INFO - Processing file /usr/local/lib/python3.8/dist-packages/airflow/example_dags/plugins/event_listener.py for tasks to queue
[2023-08-24T05:07:10.351+0000] {logging_mixin.py:151} INFO - [2023-08-24T05:07:10.351+0000] {dagbag.py:539} INFO - Filling up the DagBag from /usr/local/lib/python3.8/dist-packages/airflow/example_dags/plugins/event_listener.py
[2023-08-24T05:07:10.354+0000] {processor.py:841} WARNING - No viable dags retrieved from /usr/local/lib/python3.8/dist-packages/airflow/example_dags/plugins/event_listener.py
[2023-08-24T05:07:10.365+0000] {processor.py:179} INFO - Processing /usr/local/lib/python3.8/dist-packages/airflow/example_dags/plugins/event_listener.py took 0.020 seconds
[2023-08-24T05:08:08.624+0000] {processor.py:157} INFO - Started process (PID=48379) to work on /usr/local/lib/python3.8/dist-packages/airflow/example_dags/plugins/event_listener.py
[2023-08-24T05:08:08.626+0000] {processor.py:829} INFO - Processing file /usr/local/lib/python3.8/dist-packages/airflow/example_dags/plugins/event_listener.py for tasks to queue
[2023-08-24T05:08:08.626+0000] {logging_mixin.py:151} INFO - [2023-08-24T05:08:08.626+0000] {dagbag.py:539} INFO - Filling up the DagBag from /usr/local/lib/python3.8/dist-packages/airflow/example_dags/plugins/event_listener.py
[2023-08-24T05:08:08.629+0000] {processor.py:841} WARNING - No viable dags retrieved from /usr/local/lib/python3.8/dist-packages/airflow/example_dags/plugins/event_listener.py
[2023-08-24T05:08:08.642+0000] {processor.py:179} INFO - Processing /usr/local/lib/python3.8/dist-packages/airflow/example_dags/plugins/event_listener.py took 0.022 seconds
[2023-08-24T05:09:09.231+0000] {processor.py:157} INFO - Started process (PID=48575) to work on /usr/local/lib/python3.8/dist-packages/airflow/example_dags/plugins/event_listener.py
[2023-08-24T05:09:09.233+0000] {processor.py:829} INFO - Processing file /usr/local/lib/python3.8/dist-packages/airflow/example_dags/plugins/event_listener.py for tasks to queue
[2023-08-24T05:09:09.234+0000] {logging_mixin.py:151} INFO - [2023-08-24T05:09:09.233+0000] {dagbag.py:539} INFO - Filling up the DagBag from /usr/local/lib/python3.8/dist-packages/airflow/example_dags/plugins/event_listener.py
[2023-08-24T05:09:09.236+0000] {processor.py:841} WARNING - No viable dags retrieved from /usr/local/lib/python3.8/dist-packages/airflow/example_dags/plugins/event_listener.py
[2023-08-24T05:09:09.248+0000] {processor.py:179} INFO - Processing /usr/local/lib/python3.8/dist-packages/airflow/example_dags/plugins/event_listener.py took 0.020 seconds
[2023-08-24T05:10:08.231+0000] {processor.py:157} INFO - Started process (PID=48758) to work on /usr/local/lib/python3.8/dist-packages/airflow/example_dags/plugins/event_listener.py
[2023-08-24T05:10:08.235+0000] {processor.py:829} INFO - Processing file /usr/local/lib/python3.8/dist-packages/airflow/example_dags/plugins/event_listener.py for tasks to queue
[2023-08-24T05:10:08.236+0000] {logging_mixin.py:151} INFO - [2023-08-24T05:10:08.236+0000] {dagbag.py:539} INFO - Filling up the DagBag from /usr/local/lib/python3.8/dist-packages/airflow/example_dags/plugins/event_listener.py
[2023-08-24T05:10:08.239+0000] {processor.py:841} WARNING - No viable dags retrieved from /usr/local/lib/python3.8/dist-packages/airflow/example_dags/plugins/event_listener.py
[2023-08-24T05:10:08.250+0000] {processor.py:179} INFO - Processing /usr/local/lib/python3.8/dist-packages/airflow/example_dags/plugins/event_listener.py took 0.023 seconds
[2023-08-24T05:11:22.775+0000] {processor.py:157} INFO - Started process (PID=48914) to work on /usr/local/lib/python3.8/dist-packages/airflow/example_dags/plugins/event_listener.py
[2023-08-24T05:11:22.776+0000] {processor.py:829} INFO - Processing file /usr/local/lib/python3.8/dist-packages/airflow/example_dags/plugins/event_listener.py for tasks to queue
[2023-08-24T05:11:22.777+0000] {logging_mixin.py:151} INFO - [2023-08-24T05:11:22.776+0000] {dagbag.py:539} INFO - Filling up the DagBag from /usr/local/lib/python3.8/dist-packages/airflow/example_dags/plugins/event_listener.py
[2023-08-24T05:11:22.779+0000] {processor.py:841} WARNING - No viable dags retrieved from /usr/local/lib/python3.8/dist-packages/airflow/example_dags/plugins/event_listener.py
[2023-08-24T05:11:22.791+0000] {processor.py:179} INFO - Processing /usr/local/lib/python3.8/dist-packages/airflow/example_dags/plugins/event_listener.py took 0.020 seconds
[2023-08-24T05:12:24.277+0000] {processor.py:157} INFO - Started process (PID=49110) to work on /usr/local/lib/python3.8/dist-packages/airflow/example_dags/plugins/event_listener.py
[2023-08-24T05:12:24.279+0000] {processor.py:829} INFO - Processing file /usr/local/lib/python3.8/dist-packages/airflow/example_dags/plugins/event_listener.py for tasks to queue
[2023-08-24T05:12:24.280+0000] {logging_mixin.py:151} INFO - [2023-08-24T05:12:24.279+0000] {dagbag.py:539} INFO - Filling up the DagBag from /usr/local/lib/python3.8/dist-packages/airflow/example_dags/plugins/event_listener.py
[2023-08-24T05:12:24.282+0000] {processor.py:841} WARNING - No viable dags retrieved from /usr/local/lib/python3.8/dist-packages/airflow/example_dags/plugins/event_listener.py
[2023-08-24T05:12:24.293+0000] {processor.py:179} INFO - Processing /usr/local/lib/python3.8/dist-packages/airflow/example_dags/plugins/event_listener.py took 0.020 seconds
[2023-08-24T05:13:25.992+0000] {processor.py:157} INFO - Started process (PID=49315) to work on /usr/local/lib/python3.8/dist-packages/airflow/example_dags/plugins/event_listener.py
[2023-08-24T05:13:25.994+0000] {processor.py:829} INFO - Processing file /usr/local/lib/python3.8/dist-packages/airflow/example_dags/plugins/event_listener.py for tasks to queue
[2023-08-24T05:13:25.995+0000] {logging_mixin.py:151} INFO - [2023-08-24T05:13:25.994+0000] {dagbag.py:539} INFO - Filling up the DagBag from /usr/local/lib/python3.8/dist-packages/airflow/example_dags/plugins/event_listener.py
[2023-08-24T05:13:25.997+0000] {processor.py:841} WARNING - No viable dags retrieved from /usr/local/lib/python3.8/dist-packages/airflow/example_dags/plugins/event_listener.py
[2023-08-24T05:13:26.009+0000] {processor.py:179} INFO - Processing /usr/local/lib/python3.8/dist-packages/airflow/example_dags/plugins/event_listener.py took 0.021 seconds
