[2023-08-24T04:21:43.174+0000] {processor.py:157} INFO - Started process (PID=37583) to work on /usr/local/lib/python3.8/dist-packages/airflow/example_dags/plugins/listener_plugin.py
[2023-08-24T04:21:43.175+0000] {processor.py:829} INFO - Processing file /usr/local/lib/python3.8/dist-packages/airflow/example_dags/plugins/listener_plugin.py for tasks to queue
[2023-08-24T04:21:43.176+0000] {logging_mixin.py:151} INFO - [2023-08-24T04:21:43.176+0000] {dagbag.py:539} INFO - Filling up the DagBag from /usr/local/lib/python3.8/dist-packages/airflow/example_dags/plugins/listener_plugin.py
[2023-08-24T04:21:43.179+0000] {processor.py:841} WARNING - No viable dags retrieved from /usr/local/lib/python3.8/dist-packages/airflow/example_dags/plugins/listener_plugin.py
[2023-08-24T04:21:43.192+0000] {processor.py:179} INFO - Processing /usr/local/lib/python3.8/dist-packages/airflow/example_dags/plugins/listener_plugin.py took 0.021 seconds
[2023-08-24T04:26:56.866+0000] {processor.py:157} INFO - Started process (PID=39705) to work on /usr/local/lib/python3.8/dist-packages/airflow/example_dags/plugins/listener_plugin.py
[2023-08-24T04:26:56.869+0000] {processor.py:829} INFO - Processing file /usr/local/lib/python3.8/dist-packages/airflow/example_dags/plugins/listener_plugin.py for tasks to queue
[2023-08-24T04:26:56.871+0000] {logging_mixin.py:151} INFO - [2023-08-24T04:26:56.870+0000] {dagbag.py:539} INFO - Filling up the DagBag from /usr/local/lib/python3.8/dist-packages/airflow/example_dags/plugins/listener_plugin.py
[2023-08-24T04:26:56.874+0000] {processor.py:841} WARNING - No viable dags retrieved from /usr/local/lib/python3.8/dist-packages/airflow/example_dags/plugins/listener_plugin.py
[2023-08-24T04:26:56.889+0000] {processor.py:179} INFO - Processing /usr/local/lib/python3.8/dist-packages/airflow/example_dags/plugins/listener_plugin.py took 0.028 seconds
[2023-08-24T04:30:56.533+0000] {processor.py:157} INFO - Started process (PID=41458) to work on /usr/local/lib/python3.8/dist-packages/airflow/example_dags/plugins/listener_plugin.py
[2023-08-24T04:30:56.540+0000] {processor.py:829} INFO - Processing file /usr/local/lib/python3.8/dist-packages/airflow/example_dags/plugins/listener_plugin.py for tasks to queue
[2023-08-24T04:30:56.541+0000] {logging_mixin.py:151} INFO - [2023-08-24T04:30:56.541+0000] {dagbag.py:539} INFO - Filling up the DagBag from /usr/local/lib/python3.8/dist-packages/airflow/example_dags/plugins/listener_plugin.py
[2023-08-24T04:30:56.544+0000] {processor.py:841} WARNING - No viable dags retrieved from /usr/local/lib/python3.8/dist-packages/airflow/example_dags/plugins/listener_plugin.py
[2023-08-24T04:30:56.555+0000] {processor.py:179} INFO - Processing /usr/local/lib/python3.8/dist-packages/airflow/example_dags/plugins/listener_plugin.py took 0.025 seconds
[2023-08-24T04:31:58.396+0000] {processor.py:157} INFO - Started process (PID=41656) to work on /usr/local/lib/python3.8/dist-packages/airflow/example_dags/plugins/listener_plugin.py
[2023-08-24T04:31:58.398+0000] {processor.py:829} INFO - Processing file /usr/local/lib/python3.8/dist-packages/airflow/example_dags/plugins/listener_plugin.py for tasks to queue
[2023-08-24T04:31:58.399+0000] {logging_mixin.py:151} INFO - [2023-08-24T04:31:58.398+0000] {dagbag.py:539} INFO - Filling up the DagBag from /usr/local/lib/python3.8/dist-packages/airflow/example_dags/plugins/listener_plugin.py
[2023-08-24T04:31:58.402+0000] {processor.py:841} WARNING - No viable dags retrieved from /usr/local/lib/python3.8/dist-packages/airflow/example_dags/plugins/listener_plugin.py
[2023-08-24T04:31:58.415+0000] {processor.py:179} INFO - Processing /usr/local/lib/python3.8/dist-packages/airflow/example_dags/plugins/listener_plugin.py took 0.024 seconds
[2023-08-24T04:33:00.427+0000] {processor.py:157} INFO - Started process (PID=41847) to work on /usr/local/lib/python3.8/dist-packages/airflow/example_dags/plugins/listener_plugin.py
[2023-08-24T04:33:00.429+0000] {processor.py:829} INFO - Processing file /usr/local/lib/python3.8/dist-packages/airflow/example_dags/plugins/listener_plugin.py for tasks to queue
[2023-08-24T04:33:00.430+0000] {logging_mixin.py:151} INFO - [2023-08-24T04:33:00.429+0000] {dagbag.py:539} INFO - Filling up the DagBag from /usr/local/lib/python3.8/dist-packages/airflow/example_dags/plugins/listener_plugin.py
[2023-08-24T04:33:00.433+0000] {processor.py:841} WARNING - No viable dags retrieved from /usr/local/lib/python3.8/dist-packages/airflow/example_dags/plugins/listener_plugin.py
[2023-08-24T04:33:00.444+0000] {processor.py:179} INFO - Processing /usr/local/lib/python3.8/dist-packages/airflow/example_dags/plugins/listener_plugin.py took 0.020 seconds
[2023-08-24T04:33:59.642+0000] {processor.py:157} INFO - Started process (PID=42030) to work on /usr/local/lib/python3.8/dist-packages/airflow/example_dags/plugins/listener_plugin.py
[2023-08-24T04:33:59.643+0000] {processor.py:829} INFO - Processing file /usr/local/lib/python3.8/dist-packages/airflow/example_dags/plugins/listener_plugin.py for tasks to queue
[2023-08-24T04:33:59.644+0000] {logging_mixin.py:151} INFO - [2023-08-24T04:33:59.644+0000] {dagbag.py:539} INFO - Filling up the DagBag from /usr/local/lib/python3.8/dist-packages/airflow/example_dags/plugins/listener_plugin.py
[2023-08-24T04:33:59.647+0000] {processor.py:841} WARNING - No viable dags retrieved from /usr/local/lib/python3.8/dist-packages/airflow/example_dags/plugins/listener_plugin.py
[2023-08-24T04:33:59.658+0000] {processor.py:179} INFO - Processing /usr/local/lib/python3.8/dist-packages/airflow/example_dags/plugins/listener_plugin.py took 0.020 seconds
[2023-08-24T04:34:57.828+0000] {processor.py:157} INFO - Started process (PID=42226) to work on /usr/local/lib/python3.8/dist-packages/airflow/example_dags/plugins/listener_plugin.py
[2023-08-24T04:34:57.830+0000] {processor.py:829} INFO - Processing file /usr/local/lib/python3.8/dist-packages/airflow/example_dags/plugins/listener_plugin.py for tasks to queue
[2023-08-24T04:34:57.831+0000] {logging_mixin.py:151} INFO - [2023-08-24T04:34:57.830+0000] {dagbag.py:539} INFO - Filling up the DagBag from /usr/local/lib/python3.8/dist-packages/airflow/example_dags/plugins/listener_plugin.py
[2023-08-24T04:34:57.834+0000] {processor.py:841} WARNING - No viable dags retrieved from /usr/local/lib/python3.8/dist-packages/airflow/example_dags/plugins/listener_plugin.py
[2023-08-24T04:34:57.845+0000] {processor.py:179} INFO - Processing /usr/local/lib/python3.8/dist-packages/airflow/example_dags/plugins/listener_plugin.py took 0.020 seconds
[2023-08-24T04:35:57.241+0000] {processor.py:157} INFO - Started process (PID=42422) to work on /usr/local/lib/python3.8/dist-packages/airflow/example_dags/plugins/listener_plugin.py
[2023-08-24T04:35:57.242+0000] {processor.py:829} INFO - Processing file /usr/local/lib/python3.8/dist-packages/airflow/example_dags/plugins/listener_plugin.py for tasks to queue
[2023-08-24T04:35:57.243+0000] {logging_mixin.py:151} INFO - [2023-08-24T04:35:57.243+0000] {dagbag.py:539} INFO - Filling up the DagBag from /usr/local/lib/python3.8/dist-packages/airflow/example_dags/plugins/listener_plugin.py
[2023-08-24T04:35:57.246+0000] {processor.py:841} WARNING - No viable dags retrieved from /usr/local/lib/python3.8/dist-packages/airflow/example_dags/plugins/listener_plugin.py
[2023-08-24T04:35:57.257+0000] {processor.py:179} INFO - Processing /usr/local/lib/python3.8/dist-packages/airflow/example_dags/plugins/listener_plugin.py took 0.020 seconds
[2023-08-24T04:36:52.496+0000] {processor.py:157} INFO - Started process (PID=42604) to work on /usr/local/lib/python3.8/dist-packages/airflow/example_dags/plugins/listener_plugin.py
[2023-08-24T04:36:52.499+0000] {processor.py:829} INFO - Processing file /usr/local/lib/python3.8/dist-packages/airflow/example_dags/plugins/listener_plugin.py for tasks to queue
[2023-08-24T04:36:52.500+0000] {logging_mixin.py:151} INFO - [2023-08-24T04:36:52.499+0000] {dagbag.py:539} INFO - Filling up the DagBag from /usr/local/lib/python3.8/dist-packages/airflow/example_dags/plugins/listener_plugin.py
[2023-08-24T04:36:52.503+0000] {processor.py:841} WARNING - No viable dags retrieved from /usr/local/lib/python3.8/dist-packages/airflow/example_dags/plugins/listener_plugin.py
[2023-08-24T04:36:52.514+0000] {processor.py:179} INFO - Processing /usr/local/lib/python3.8/dist-packages/airflow/example_dags/plugins/listener_plugin.py took 0.021 seconds
[2023-08-24T04:37:47.640+0000] {processor.py:157} INFO - Started process (PID=42785) to work on /usr/local/lib/python3.8/dist-packages/airflow/example_dags/plugins/listener_plugin.py
[2023-08-24T04:37:47.642+0000] {processor.py:829} INFO - Processing file /usr/local/lib/python3.8/dist-packages/airflow/example_dags/plugins/listener_plugin.py for tasks to queue
[2023-08-24T04:37:47.643+0000] {logging_mixin.py:151} INFO - [2023-08-24T04:37:47.642+0000] {dagbag.py:539} INFO - Filling up the DagBag from /usr/local/lib/python3.8/dist-packages/airflow/example_dags/plugins/listener_plugin.py
[2023-08-24T04:37:47.646+0000] {processor.py:841} WARNING - No viable dags retrieved from /usr/local/lib/python3.8/dist-packages/airflow/example_dags/plugins/listener_plugin.py
[2023-08-24T04:37:47.656+0000] {processor.py:179} INFO - Processing /usr/local/lib/python3.8/dist-packages/airflow/example_dags/plugins/listener_plugin.py took 0.020 seconds
[2023-08-24T04:38:46.131+0000] {processor.py:157} INFO - Started process (PID=42969) to work on /usr/local/lib/python3.8/dist-packages/airflow/example_dags/plugins/listener_plugin.py
[2023-08-24T04:38:46.133+0000] {processor.py:829} INFO - Processing file /usr/local/lib/python3.8/dist-packages/airflow/example_dags/plugins/listener_plugin.py for tasks to queue
[2023-08-24T04:38:46.134+0000] {logging_mixin.py:151} INFO - [2023-08-24T04:38:46.134+0000] {dagbag.py:539} INFO - Filling up the DagBag from /usr/local/lib/python3.8/dist-packages/airflow/example_dags/plugins/listener_plugin.py
[2023-08-24T04:38:46.137+0000] {processor.py:841} WARNING - No viable dags retrieved from /usr/local/lib/python3.8/dist-packages/airflow/example_dags/plugins/listener_plugin.py
[2023-08-24T04:38:46.148+0000] {processor.py:179} INFO - Processing /usr/local/lib/python3.8/dist-packages/airflow/example_dags/plugins/listener_plugin.py took 0.020 seconds
[2023-08-24T04:39:46.408+0000] {processor.py:157} INFO - Started process (PID=43165) to work on /usr/local/lib/python3.8/dist-packages/airflow/example_dags/plugins/listener_plugin.py
[2023-08-24T04:39:46.409+0000] {processor.py:829} INFO - Processing file /usr/local/lib/python3.8/dist-packages/airflow/example_dags/plugins/listener_plugin.py for tasks to queue
[2023-08-24T04:39:46.410+0000] {logging_mixin.py:151} INFO - [2023-08-24T04:39:46.410+0000] {dagbag.py:539} INFO - Filling up the DagBag from /usr/local/lib/python3.8/dist-packages/airflow/example_dags/plugins/listener_plugin.py
[2023-08-24T04:39:46.413+0000] {processor.py:841} WARNING - No viable dags retrieved from /usr/local/lib/python3.8/dist-packages/airflow/example_dags/plugins/listener_plugin.py
[2023-08-24T04:39:46.424+0000] {processor.py:179} INFO - Processing /usr/local/lib/python3.8/dist-packages/airflow/example_dags/plugins/listener_plugin.py took 0.020 seconds
[2023-08-24T04:40:47.186+0000] {processor.py:157} INFO - Started process (PID=43348) to work on /usr/local/lib/python3.8/dist-packages/airflow/example_dags/plugins/listener_plugin.py
[2023-08-24T04:40:47.187+0000] {processor.py:829} INFO - Processing file /usr/local/lib/python3.8/dist-packages/airflow/example_dags/plugins/listener_plugin.py for tasks to queue
[2023-08-24T04:40:47.188+0000] {logging_mixin.py:151} INFO - [2023-08-24T04:40:47.188+0000] {dagbag.py:539} INFO - Filling up the DagBag from /usr/local/lib/python3.8/dist-packages/airflow/example_dags/plugins/listener_plugin.py
[2023-08-24T04:40:47.191+0000] {processor.py:841} WARNING - No viable dags retrieved from /usr/local/lib/python3.8/dist-packages/airflow/example_dags/plugins/listener_plugin.py
[2023-08-24T04:40:47.202+0000] {processor.py:179} INFO - Processing /usr/local/lib/python3.8/dist-packages/airflow/example_dags/plugins/listener_plugin.py took 0.020 seconds
[2023-08-24T04:41:47.385+0000] {processor.py:157} INFO - Started process (PID=43532) to work on /usr/local/lib/python3.8/dist-packages/airflow/example_dags/plugins/listener_plugin.py
[2023-08-24T04:41:47.386+0000] {processor.py:829} INFO - Processing file /usr/local/lib/python3.8/dist-packages/airflow/example_dags/plugins/listener_plugin.py for tasks to queue
[2023-08-24T04:41:47.387+0000] {logging_mixin.py:151} INFO - [2023-08-24T04:41:47.387+0000] {dagbag.py:539} INFO - Filling up the DagBag from /usr/local/lib/python3.8/dist-packages/airflow/example_dags/plugins/listener_plugin.py
[2023-08-24T04:41:47.391+0000] {processor.py:841} WARNING - No viable dags retrieved from /usr/local/lib/python3.8/dist-packages/airflow/example_dags/plugins/listener_plugin.py
[2023-08-24T04:41:47.402+0000] {processor.py:179} INFO - Processing /usr/local/lib/python3.8/dist-packages/airflow/example_dags/plugins/listener_plugin.py took 0.021 seconds
[2023-08-24T04:42:46.580+0000] {processor.py:157} INFO - Started process (PID=43722) to work on /usr/local/lib/python3.8/dist-packages/airflow/example_dags/plugins/listener_plugin.py
[2023-08-24T04:42:46.581+0000] {processor.py:829} INFO - Processing file /usr/local/lib/python3.8/dist-packages/airflow/example_dags/plugins/listener_plugin.py for tasks to queue
[2023-08-24T04:42:46.582+0000] {logging_mixin.py:151} INFO - [2023-08-24T04:42:46.582+0000] {dagbag.py:539} INFO - Filling up the DagBag from /usr/local/lib/python3.8/dist-packages/airflow/example_dags/plugins/listener_plugin.py
[2023-08-24T04:42:46.585+0000] {processor.py:841} WARNING - No viable dags retrieved from /usr/local/lib/python3.8/dist-packages/airflow/example_dags/plugins/listener_plugin.py
[2023-08-24T04:42:46.596+0000] {processor.py:179} INFO - Processing /usr/local/lib/python3.8/dist-packages/airflow/example_dags/plugins/listener_plugin.py took 0.019 seconds
[2023-08-24T04:43:47.552+0000] {processor.py:157} INFO - Started process (PID=43906) to work on /usr/local/lib/python3.8/dist-packages/airflow/example_dags/plugins/listener_plugin.py
[2023-08-24T04:43:47.553+0000] {processor.py:829} INFO - Processing file /usr/local/lib/python3.8/dist-packages/airflow/example_dags/plugins/listener_plugin.py for tasks to queue
[2023-08-24T04:43:47.554+0000] {logging_mixin.py:151} INFO - [2023-08-24T04:43:47.554+0000] {dagbag.py:539} INFO - Filling up the DagBag from /usr/local/lib/python3.8/dist-packages/airflow/example_dags/plugins/listener_plugin.py
[2023-08-24T04:43:47.557+0000] {processor.py:841} WARNING - No viable dags retrieved from /usr/local/lib/python3.8/dist-packages/airflow/example_dags/plugins/listener_plugin.py
[2023-08-24T04:43:47.568+0000] {processor.py:179} INFO - Processing /usr/local/lib/python3.8/dist-packages/airflow/example_dags/plugins/listener_plugin.py took 0.021 seconds
[2023-08-24T04:44:48.516+0000] {processor.py:157} INFO - Started process (PID=44091) to work on /usr/local/lib/python3.8/dist-packages/airflow/example_dags/plugins/listener_plugin.py
[2023-08-24T04:44:48.518+0000] {processor.py:829} INFO - Processing file /usr/local/lib/python3.8/dist-packages/airflow/example_dags/plugins/listener_plugin.py for tasks to queue
[2023-08-24T04:44:48.519+0000] {logging_mixin.py:151} INFO - [2023-08-24T04:44:48.518+0000] {dagbag.py:539} INFO - Filling up the DagBag from /usr/local/lib/python3.8/dist-packages/airflow/example_dags/plugins/listener_plugin.py
[2023-08-24T04:44:48.522+0000] {processor.py:841} WARNING - No viable dags retrieved from /usr/local/lib/python3.8/dist-packages/airflow/example_dags/plugins/listener_plugin.py
[2023-08-24T04:44:48.533+0000] {processor.py:179} INFO - Processing /usr/local/lib/python3.8/dist-packages/airflow/example_dags/plugins/listener_plugin.py took 0.021 seconds
[2023-08-24T04:45:50.091+0000] {processor.py:157} INFO - Started process (PID=44274) to work on /usr/local/lib/python3.8/dist-packages/airflow/example_dags/plugins/listener_plugin.py
[2023-08-24T04:45:50.093+0000] {processor.py:829} INFO - Processing file /usr/local/lib/python3.8/dist-packages/airflow/example_dags/plugins/listener_plugin.py for tasks to queue
[2023-08-24T04:45:50.094+0000] {logging_mixin.py:151} INFO - [2023-08-24T04:45:50.094+0000] {dagbag.py:539} INFO - Filling up the DagBag from /usr/local/lib/python3.8/dist-packages/airflow/example_dags/plugins/listener_plugin.py
[2023-08-24T04:45:50.097+0000] {processor.py:841} WARNING - No viable dags retrieved from /usr/local/lib/python3.8/dist-packages/airflow/example_dags/plugins/listener_plugin.py
[2023-08-24T04:45:50.109+0000] {processor.py:179} INFO - Processing /usr/local/lib/python3.8/dist-packages/airflow/example_dags/plugins/listener_plugin.py took 0.021 seconds
[2023-08-24T04:46:51.860+0000] {processor.py:157} INFO - Started process (PID=44457) to work on /usr/local/lib/python3.8/dist-packages/airflow/example_dags/plugins/listener_plugin.py
[2023-08-24T04:46:51.862+0000] {processor.py:829} INFO - Processing file /usr/local/lib/python3.8/dist-packages/airflow/example_dags/plugins/listener_plugin.py for tasks to queue
[2023-08-24T04:46:51.863+0000] {logging_mixin.py:151} INFO - [2023-08-24T04:46:51.863+0000] {dagbag.py:539} INFO - Filling up the DagBag from /usr/local/lib/python3.8/dist-packages/airflow/example_dags/plugins/listener_plugin.py
[2023-08-24T04:46:51.866+0000] {processor.py:841} WARNING - No viable dags retrieved from /usr/local/lib/python3.8/dist-packages/airflow/example_dags/plugins/listener_plugin.py
[2023-08-24T04:46:51.877+0000] {processor.py:179} INFO - Processing /usr/local/lib/python3.8/dist-packages/airflow/example_dags/plugins/listener_plugin.py took 0.020 seconds
[2023-08-24T04:47:54.175+0000] {processor.py:157} INFO - Started process (PID=44641) to work on /usr/local/lib/python3.8/dist-packages/airflow/example_dags/plugins/listener_plugin.py
[2023-08-24T04:47:54.177+0000] {processor.py:829} INFO - Processing file /usr/local/lib/python3.8/dist-packages/airflow/example_dags/plugins/listener_plugin.py for tasks to queue
[2023-08-24T04:47:54.178+0000] {logging_mixin.py:151} INFO - [2023-08-24T04:47:54.177+0000] {dagbag.py:539} INFO - Filling up the DagBag from /usr/local/lib/python3.8/dist-packages/airflow/example_dags/plugins/listener_plugin.py
[2023-08-24T04:47:54.181+0000] {processor.py:841} WARNING - No viable dags retrieved from /usr/local/lib/python3.8/dist-packages/airflow/example_dags/plugins/listener_plugin.py
[2023-08-24T04:47:54.192+0000] {processor.py:179} INFO - Processing /usr/local/lib/python3.8/dist-packages/airflow/example_dags/plugins/listener_plugin.py took 0.021 seconds
[2023-08-24T04:48:55.643+0000] {processor.py:157} INFO - Started process (PID=44824) to work on /usr/local/lib/python3.8/dist-packages/airflow/example_dags/plugins/listener_plugin.py
[2023-08-24T04:48:55.644+0000] {processor.py:829} INFO - Processing file /usr/local/lib/python3.8/dist-packages/airflow/example_dags/plugins/listener_plugin.py for tasks to queue
[2023-08-24T04:48:55.645+0000] {logging_mixin.py:151} INFO - [2023-08-24T04:48:55.645+0000] {dagbag.py:539} INFO - Filling up the DagBag from /usr/local/lib/python3.8/dist-packages/airflow/example_dags/plugins/listener_plugin.py
[2023-08-24T04:48:55.648+0000] {processor.py:841} WARNING - No viable dags retrieved from /usr/local/lib/python3.8/dist-packages/airflow/example_dags/plugins/listener_plugin.py
[2023-08-24T04:48:55.660+0000] {processor.py:179} INFO - Processing /usr/local/lib/python3.8/dist-packages/airflow/example_dags/plugins/listener_plugin.py took 0.020 seconds
[2023-08-24T04:49:57.771+0000] {processor.py:157} INFO - Started process (PID=45008) to work on /usr/local/lib/python3.8/dist-packages/airflow/example_dags/plugins/listener_plugin.py
[2023-08-24T04:49:57.773+0000] {processor.py:829} INFO - Processing file /usr/local/lib/python3.8/dist-packages/airflow/example_dags/plugins/listener_plugin.py for tasks to queue
[2023-08-24T04:49:57.774+0000] {logging_mixin.py:151} INFO - [2023-08-24T04:49:57.773+0000] {dagbag.py:539} INFO - Filling up the DagBag from /usr/local/lib/python3.8/dist-packages/airflow/example_dags/plugins/listener_plugin.py
[2023-08-24T04:49:57.777+0000] {processor.py:841} WARNING - No viable dags retrieved from /usr/local/lib/python3.8/dist-packages/airflow/example_dags/plugins/listener_plugin.py
[2023-08-24T04:49:57.788+0000] {processor.py:179} INFO - Processing /usr/local/lib/python3.8/dist-packages/airflow/example_dags/plugins/listener_plugin.py took 0.020 seconds
[2023-08-24T04:50:56.072+0000] {processor.py:157} INFO - Started process (PID=45193) to work on /usr/local/lib/python3.8/dist-packages/airflow/example_dags/plugins/listener_plugin.py
[2023-08-24T04:50:56.074+0000] {processor.py:829} INFO - Processing file /usr/local/lib/python3.8/dist-packages/airflow/example_dags/plugins/listener_plugin.py for tasks to queue
[2023-08-24T04:50:56.074+0000] {logging_mixin.py:151} INFO - [2023-08-24T04:50:56.074+0000] {dagbag.py:539} INFO - Filling up the DagBag from /usr/local/lib/python3.8/dist-packages/airflow/example_dags/plugins/listener_plugin.py
[2023-08-24T04:50:56.077+0000] {processor.py:841} WARNING - No viable dags retrieved from /usr/local/lib/python3.8/dist-packages/airflow/example_dags/plugins/listener_plugin.py
[2023-08-24T04:50:56.089+0000] {processor.py:179} INFO - Processing /usr/local/lib/python3.8/dist-packages/airflow/example_dags/plugins/listener_plugin.py took 0.020 seconds
[2023-08-24T04:51:56.953+0000] {processor.py:157} INFO - Started process (PID=45375) to work on /usr/local/lib/python3.8/dist-packages/airflow/example_dags/plugins/listener_plugin.py
[2023-08-24T04:51:56.955+0000] {processor.py:829} INFO - Processing file /usr/local/lib/python3.8/dist-packages/airflow/example_dags/plugins/listener_plugin.py for tasks to queue
[2023-08-24T04:51:56.955+0000] {logging_mixin.py:151} INFO - [2023-08-24T04:51:56.955+0000] {dagbag.py:539} INFO - Filling up the DagBag from /usr/local/lib/python3.8/dist-packages/airflow/example_dags/plugins/listener_plugin.py
[2023-08-24T04:51:56.958+0000] {processor.py:841} WARNING - No viable dags retrieved from /usr/local/lib/python3.8/dist-packages/airflow/example_dags/plugins/listener_plugin.py
[2023-08-24T04:51:56.970+0000] {processor.py:179} INFO - Processing /usr/local/lib/python3.8/dist-packages/airflow/example_dags/plugins/listener_plugin.py took 0.020 seconds
[2023-08-24T04:52:58.396+0000] {processor.py:157} INFO - Started process (PID=45564) to work on /usr/local/lib/python3.8/dist-packages/airflow/example_dags/plugins/listener_plugin.py
[2023-08-24T04:52:58.397+0000] {processor.py:829} INFO - Processing file /usr/local/lib/python3.8/dist-packages/airflow/example_dags/plugins/listener_plugin.py for tasks to queue
[2023-08-24T04:52:58.398+0000] {logging_mixin.py:151} INFO - [2023-08-24T04:52:58.398+0000] {dagbag.py:539} INFO - Filling up the DagBag from /usr/local/lib/python3.8/dist-packages/airflow/example_dags/plugins/listener_plugin.py
[2023-08-24T04:52:58.401+0000] {processor.py:841} WARNING - No viable dags retrieved from /usr/local/lib/python3.8/dist-packages/airflow/example_dags/plugins/listener_plugin.py
[2023-08-24T04:52:58.412+0000] {processor.py:179} INFO - Processing /usr/local/lib/python3.8/dist-packages/airflow/example_dags/plugins/listener_plugin.py took 0.020 seconds
[2023-08-24T04:54:00.998+0000] {processor.py:157} INFO - Started process (PID=45747) to work on /usr/local/lib/python3.8/dist-packages/airflow/example_dags/plugins/listener_plugin.py
[2023-08-24T04:54:00.999+0000] {processor.py:829} INFO - Processing file /usr/local/lib/python3.8/dist-packages/airflow/example_dags/plugins/listener_plugin.py for tasks to queue
[2023-08-24T04:54:01.000+0000] {logging_mixin.py:151} INFO - [2023-08-24T04:54:01.000+0000] {dagbag.py:539} INFO - Filling up the DagBag from /usr/local/lib/python3.8/dist-packages/airflow/example_dags/plugins/listener_plugin.py
[2023-08-24T04:54:01.003+0000] {processor.py:841} WARNING - No viable dags retrieved from /usr/local/lib/python3.8/dist-packages/airflow/example_dags/plugins/listener_plugin.py
[2023-08-24T04:54:01.014+0000] {processor.py:179} INFO - Processing /usr/local/lib/python3.8/dist-packages/airflow/example_dags/plugins/listener_plugin.py took 0.020 seconds
[2023-08-24T04:55:01.465+0000] {processor.py:157} INFO - Started process (PID=45930) to work on /usr/local/lib/python3.8/dist-packages/airflow/example_dags/plugins/listener_plugin.py
[2023-08-24T04:55:01.467+0000] {processor.py:829} INFO - Processing file /usr/local/lib/python3.8/dist-packages/airflow/example_dags/plugins/listener_plugin.py for tasks to queue
[2023-08-24T04:55:01.468+0000] {logging_mixin.py:151} INFO - [2023-08-24T04:55:01.468+0000] {dagbag.py:539} INFO - Filling up the DagBag from /usr/local/lib/python3.8/dist-packages/airflow/example_dags/plugins/listener_plugin.py
[2023-08-24T04:55:01.472+0000] {processor.py:841} WARNING - No viable dags retrieved from /usr/local/lib/python3.8/dist-packages/airflow/example_dags/plugins/listener_plugin.py
[2023-08-24T04:55:01.483+0000] {processor.py:179} INFO - Processing /usr/local/lib/python3.8/dist-packages/airflow/example_dags/plugins/listener_plugin.py took 0.023 seconds
[2023-08-24T04:56:02.058+0000] {processor.py:157} INFO - Started process (PID=46118) to work on /usr/local/lib/python3.8/dist-packages/airflow/example_dags/plugins/listener_plugin.py
[2023-08-24T04:56:02.061+0000] {processor.py:829} INFO - Processing file /usr/local/lib/python3.8/dist-packages/airflow/example_dags/plugins/listener_plugin.py for tasks to queue
[2023-08-24T04:56:02.062+0000] {logging_mixin.py:151} INFO - [2023-08-24T04:56:02.061+0000] {dagbag.py:539} INFO - Filling up the DagBag from /usr/local/lib/python3.8/dist-packages/airflow/example_dags/plugins/listener_plugin.py
[2023-08-24T04:56:02.065+0000] {processor.py:841} WARNING - No viable dags retrieved from /usr/local/lib/python3.8/dist-packages/airflow/example_dags/plugins/listener_plugin.py
[2023-08-24T04:56:02.077+0000] {processor.py:179} INFO - Processing /usr/local/lib/python3.8/dist-packages/airflow/example_dags/plugins/listener_plugin.py took 0.022 seconds
[2023-08-24T04:57:07.799+0000] {processor.py:157} INFO - Started process (PID=46315) to work on /usr/local/lib/python3.8/dist-packages/airflow/example_dags/plugins/listener_plugin.py
[2023-08-24T04:57:07.801+0000] {processor.py:829} INFO - Processing file /usr/local/lib/python3.8/dist-packages/airflow/example_dags/plugins/listener_plugin.py for tasks to queue
[2023-08-24T04:57:07.802+0000] {logging_mixin.py:151} INFO - [2023-08-24T04:57:07.801+0000] {dagbag.py:539} INFO - Filling up the DagBag from /usr/local/lib/python3.8/dist-packages/airflow/example_dags/plugins/listener_plugin.py
[2023-08-24T04:57:07.805+0000] {processor.py:841} WARNING - No viable dags retrieved from /usr/local/lib/python3.8/dist-packages/airflow/example_dags/plugins/listener_plugin.py
[2023-08-24T04:57:07.817+0000] {processor.py:179} INFO - Processing /usr/local/lib/python3.8/dist-packages/airflow/example_dags/plugins/listener_plugin.py took 0.021 seconds
[2023-08-24T04:58:11.565+0000] {processor.py:157} INFO - Started process (PID=46499) to work on /usr/local/lib/python3.8/dist-packages/airflow/example_dags/plugins/listener_plugin.py
[2023-08-24T04:58:11.566+0000] {processor.py:829} INFO - Processing file /usr/local/lib/python3.8/dist-packages/airflow/example_dags/plugins/listener_plugin.py for tasks to queue
[2023-08-24T04:58:11.567+0000] {logging_mixin.py:151} INFO - [2023-08-24T04:58:11.567+0000] {dagbag.py:539} INFO - Filling up the DagBag from /usr/local/lib/python3.8/dist-packages/airflow/example_dags/plugins/listener_plugin.py
[2023-08-24T04:58:11.570+0000] {processor.py:841} WARNING - No viable dags retrieved from /usr/local/lib/python3.8/dist-packages/airflow/example_dags/plugins/listener_plugin.py
[2023-08-24T04:58:11.581+0000] {processor.py:179} INFO - Processing /usr/local/lib/python3.8/dist-packages/airflow/example_dags/plugins/listener_plugin.py took 0.020 seconds
[2023-08-24T04:59:12.832+0000] {processor.py:157} INFO - Started process (PID=46682) to work on /usr/local/lib/python3.8/dist-packages/airflow/example_dags/plugins/listener_plugin.py
[2023-08-24T04:59:12.834+0000] {processor.py:829} INFO - Processing file /usr/local/lib/python3.8/dist-packages/airflow/example_dags/plugins/listener_plugin.py for tasks to queue
[2023-08-24T04:59:12.835+0000] {logging_mixin.py:151} INFO - [2023-08-24T04:59:12.835+0000] {dagbag.py:539} INFO - Filling up the DagBag from /usr/local/lib/python3.8/dist-packages/airflow/example_dags/plugins/listener_plugin.py
[2023-08-24T04:59:12.838+0000] {processor.py:841} WARNING - No viable dags retrieved from /usr/local/lib/python3.8/dist-packages/airflow/example_dags/plugins/listener_plugin.py
[2023-08-24T04:59:12.850+0000] {processor.py:179} INFO - Processing /usr/local/lib/python3.8/dist-packages/airflow/example_dags/plugins/listener_plugin.py took 0.022 seconds
[2023-08-24T05:00:17.098+0000] {processor.py:157} INFO - Started process (PID=46866) to work on /usr/local/lib/python3.8/dist-packages/airflow/example_dags/plugins/listener_plugin.py
[2023-08-24T05:00:17.099+0000] {processor.py:829} INFO - Processing file /usr/local/lib/python3.8/dist-packages/airflow/example_dags/plugins/listener_plugin.py for tasks to queue
[2023-08-24T05:00:17.100+0000] {logging_mixin.py:151} INFO - [2023-08-24T05:00:17.100+0000] {dagbag.py:539} INFO - Filling up the DagBag from /usr/local/lib/python3.8/dist-packages/airflow/example_dags/plugins/listener_plugin.py
[2023-08-24T05:00:17.103+0000] {processor.py:841} WARNING - No viable dags retrieved from /usr/local/lib/python3.8/dist-packages/airflow/example_dags/plugins/listener_plugin.py
[2023-08-24T05:00:17.114+0000] {processor.py:179} INFO - Processing /usr/local/lib/python3.8/dist-packages/airflow/example_dags/plugins/listener_plugin.py took 0.020 seconds
[2023-08-24T05:01:16.066+0000] {processor.py:157} INFO - Started process (PID=47063) to work on /usr/local/lib/python3.8/dist-packages/airflow/example_dags/plugins/listener_plugin.py
[2023-08-24T05:01:16.069+0000] {processor.py:829} INFO - Processing file /usr/local/lib/python3.8/dist-packages/airflow/example_dags/plugins/listener_plugin.py for tasks to queue
[2023-08-24T05:01:16.070+0000] {logging_mixin.py:151} INFO - [2023-08-24T05:01:16.070+0000] {dagbag.py:539} INFO - Filling up the DagBag from /usr/local/lib/python3.8/dist-packages/airflow/example_dags/plugins/listener_plugin.py
[2023-08-24T05:01:16.073+0000] {processor.py:841} WARNING - No viable dags retrieved from /usr/local/lib/python3.8/dist-packages/airflow/example_dags/plugins/listener_plugin.py
[2023-08-24T05:01:16.084+0000] {processor.py:179} INFO - Processing /usr/local/lib/python3.8/dist-packages/airflow/example_dags/plugins/listener_plugin.py took 0.022 seconds
[2023-08-24T05:02:14.720+0000] {processor.py:157} INFO - Started process (PID=47249) to work on /usr/local/lib/python3.8/dist-packages/airflow/example_dags/plugins/listener_plugin.py
[2023-08-24T05:02:14.722+0000] {processor.py:829} INFO - Processing file /usr/local/lib/python3.8/dist-packages/airflow/example_dags/plugins/listener_plugin.py for tasks to queue
[2023-08-24T05:02:14.723+0000] {logging_mixin.py:151} INFO - [2023-08-24T05:02:14.723+0000] {dagbag.py:539} INFO - Filling up the DagBag from /usr/local/lib/python3.8/dist-packages/airflow/example_dags/plugins/listener_plugin.py
[2023-08-24T05:02:14.727+0000] {processor.py:841} WARNING - No viable dags retrieved from /usr/local/lib/python3.8/dist-packages/airflow/example_dags/plugins/listener_plugin.py
[2023-08-24T05:02:14.740+0000] {processor.py:179} INFO - Processing /usr/local/lib/python3.8/dist-packages/airflow/example_dags/plugins/listener_plugin.py took 0.024 seconds
[2023-08-24T05:03:15.199+0000] {processor.py:157} INFO - Started process (PID=47437) to work on /usr/local/lib/python3.8/dist-packages/airflow/example_dags/plugins/listener_plugin.py
[2023-08-24T05:03:15.201+0000] {processor.py:829} INFO - Processing file /usr/local/lib/python3.8/dist-packages/airflow/example_dags/plugins/listener_plugin.py for tasks to queue
[2023-08-24T05:03:15.202+0000] {logging_mixin.py:151} INFO - [2023-08-24T05:03:15.201+0000] {dagbag.py:539} INFO - Filling up the DagBag from /usr/local/lib/python3.8/dist-packages/airflow/example_dags/plugins/listener_plugin.py
[2023-08-24T05:03:15.205+0000] {processor.py:841} WARNING - No viable dags retrieved from /usr/local/lib/python3.8/dist-packages/airflow/example_dags/plugins/listener_plugin.py
[2023-08-24T05:03:15.216+0000] {processor.py:179} INFO - Processing /usr/local/lib/python3.8/dist-packages/airflow/example_dags/plugins/listener_plugin.py took 0.021 seconds
[2023-08-24T05:04:14.855+0000] {processor.py:157} INFO - Started process (PID=47620) to work on /usr/local/lib/python3.8/dist-packages/airflow/example_dags/plugins/listener_plugin.py
[2023-08-24T05:04:14.856+0000] {processor.py:829} INFO - Processing file /usr/local/lib/python3.8/dist-packages/airflow/example_dags/plugins/listener_plugin.py for tasks to queue
[2023-08-24T05:04:14.857+0000] {logging_mixin.py:151} INFO - [2023-08-24T05:04:14.857+0000] {dagbag.py:539} INFO - Filling up the DagBag from /usr/local/lib/python3.8/dist-packages/airflow/example_dags/plugins/listener_plugin.py
[2023-08-24T05:04:14.860+0000] {processor.py:841} WARNING - No viable dags retrieved from /usr/local/lib/python3.8/dist-packages/airflow/example_dags/plugins/listener_plugin.py
[2023-08-24T05:04:14.871+0000] {processor.py:179} INFO - Processing /usr/local/lib/python3.8/dist-packages/airflow/example_dags/plugins/listener_plugin.py took 0.020 seconds
[2023-08-24T05:05:14.677+0000] {processor.py:157} INFO - Started process (PID=47816) to work on /usr/local/lib/python3.8/dist-packages/airflow/example_dags/plugins/listener_plugin.py
[2023-08-24T05:05:14.680+0000] {processor.py:829} INFO - Processing file /usr/local/lib/python3.8/dist-packages/airflow/example_dags/plugins/listener_plugin.py for tasks to queue
[2023-08-24T05:05:14.680+0000] {logging_mixin.py:151} INFO - [2023-08-24T05:05:14.680+0000] {dagbag.py:539} INFO - Filling up the DagBag from /usr/local/lib/python3.8/dist-packages/airflow/example_dags/plugins/listener_plugin.py
[2023-08-24T05:05:14.684+0000] {processor.py:841} WARNING - No viable dags retrieved from /usr/local/lib/python3.8/dist-packages/airflow/example_dags/plugins/listener_plugin.py
[2023-08-24T05:05:14.695+0000] {processor.py:179} INFO - Processing /usr/local/lib/python3.8/dist-packages/airflow/example_dags/plugins/listener_plugin.py took 0.021 seconds
[2023-08-24T05:06:13.561+0000] {processor.py:157} INFO - Started process (PID=48012) to work on /usr/local/lib/python3.8/dist-packages/airflow/example_dags/plugins/listener_plugin.py
[2023-08-24T05:06:13.564+0000] {processor.py:829} INFO - Processing file /usr/local/lib/python3.8/dist-packages/airflow/example_dags/plugins/listener_plugin.py for tasks to queue
[2023-08-24T05:06:13.565+0000] {logging_mixin.py:151} INFO - [2023-08-24T05:06:13.564+0000] {dagbag.py:539} INFO - Filling up the DagBag from /usr/local/lib/python3.8/dist-packages/airflow/example_dags/plugins/listener_plugin.py
[2023-08-24T05:06:13.568+0000] {processor.py:841} WARNING - No viable dags retrieved from /usr/local/lib/python3.8/dist-packages/airflow/example_dags/plugins/listener_plugin.py
[2023-08-24T05:06:13.579+0000] {processor.py:179} INFO - Processing /usr/local/lib/python3.8/dist-packages/airflow/example_dags/plugins/listener_plugin.py took 0.021 seconds
[2023-08-24T05:07:09.213+0000] {processor.py:157} INFO - Started process (PID=48194) to work on /usr/local/lib/python3.8/dist-packages/airflow/example_dags/plugins/listener_plugin.py
[2023-08-24T05:07:09.215+0000] {processor.py:829} INFO - Processing file /usr/local/lib/python3.8/dist-packages/airflow/example_dags/plugins/listener_plugin.py for tasks to queue
[2023-08-24T05:07:09.216+0000] {logging_mixin.py:151} INFO - [2023-08-24T05:07:09.216+0000] {dagbag.py:539} INFO - Filling up the DagBag from /usr/local/lib/python3.8/dist-packages/airflow/example_dags/plugins/listener_plugin.py
[2023-08-24T05:07:09.219+0000] {processor.py:841} WARNING - No viable dags retrieved from /usr/local/lib/python3.8/dist-packages/airflow/example_dags/plugins/listener_plugin.py
[2023-08-24T05:07:09.231+0000] {processor.py:179} INFO - Processing /usr/local/lib/python3.8/dist-packages/airflow/example_dags/plugins/listener_plugin.py took 0.022 seconds
[2023-08-24T05:08:07.485+0000] {processor.py:157} INFO - Started process (PID=48378) to work on /usr/local/lib/python3.8/dist-packages/airflow/example_dags/plugins/listener_plugin.py
[2023-08-24T05:08:07.486+0000] {processor.py:829} INFO - Processing file /usr/local/lib/python3.8/dist-packages/airflow/example_dags/plugins/listener_plugin.py for tasks to queue
[2023-08-24T05:08:07.487+0000] {logging_mixin.py:151} INFO - [2023-08-24T05:08:07.487+0000] {dagbag.py:539} INFO - Filling up the DagBag from /usr/local/lib/python3.8/dist-packages/airflow/example_dags/plugins/listener_plugin.py
[2023-08-24T05:08:07.490+0000] {processor.py:841} WARNING - No viable dags retrieved from /usr/local/lib/python3.8/dist-packages/airflow/example_dags/plugins/listener_plugin.py
[2023-08-24T05:08:07.502+0000] {processor.py:179} INFO - Processing /usr/local/lib/python3.8/dist-packages/airflow/example_dags/plugins/listener_plugin.py took 0.022 seconds
[2023-08-24T05:09:08.095+0000] {processor.py:157} INFO - Started process (PID=48574) to work on /usr/local/lib/python3.8/dist-packages/airflow/example_dags/plugins/listener_plugin.py
[2023-08-24T05:09:08.096+0000] {processor.py:829} INFO - Processing file /usr/local/lib/python3.8/dist-packages/airflow/example_dags/plugins/listener_plugin.py for tasks to queue
[2023-08-24T05:09:08.097+0000] {logging_mixin.py:151} INFO - [2023-08-24T05:09:08.097+0000] {dagbag.py:539} INFO - Filling up the DagBag from /usr/local/lib/python3.8/dist-packages/airflow/example_dags/plugins/listener_plugin.py
[2023-08-24T05:09:08.100+0000] {processor.py:841} WARNING - No viable dags retrieved from /usr/local/lib/python3.8/dist-packages/airflow/example_dags/plugins/listener_plugin.py
[2023-08-24T05:09:08.112+0000] {processor.py:179} INFO - Processing /usr/local/lib/python3.8/dist-packages/airflow/example_dags/plugins/listener_plugin.py took 0.021 seconds
[2023-08-24T05:10:07.095+0000] {processor.py:157} INFO - Started process (PID=48757) to work on /usr/local/lib/python3.8/dist-packages/airflow/example_dags/plugins/listener_plugin.py
[2023-08-24T05:10:07.097+0000] {processor.py:829} INFO - Processing file /usr/local/lib/python3.8/dist-packages/airflow/example_dags/plugins/listener_plugin.py for tasks to queue
[2023-08-24T05:10:07.098+0000] {logging_mixin.py:151} INFO - [2023-08-24T05:10:07.097+0000] {dagbag.py:539} INFO - Filling up the DagBag from /usr/local/lib/python3.8/dist-packages/airflow/example_dags/plugins/listener_plugin.py
[2023-08-24T05:10:07.101+0000] {processor.py:841} WARNING - No viable dags retrieved from /usr/local/lib/python3.8/dist-packages/airflow/example_dags/plugins/listener_plugin.py
[2023-08-24T05:10:07.112+0000] {processor.py:179} INFO - Processing /usr/local/lib/python3.8/dist-packages/airflow/example_dags/plugins/listener_plugin.py took 0.021 seconds
[2023-08-24T05:11:21.638+0000] {processor.py:157} INFO - Started process (PID=48913) to work on /usr/local/lib/python3.8/dist-packages/airflow/example_dags/plugins/listener_plugin.py
[2023-08-24T05:11:21.640+0000] {processor.py:829} INFO - Processing file /usr/local/lib/python3.8/dist-packages/airflow/example_dags/plugins/listener_plugin.py for tasks to queue
[2023-08-24T05:11:21.641+0000] {logging_mixin.py:151} INFO - [2023-08-24T05:11:21.641+0000] {dagbag.py:539} INFO - Filling up the DagBag from /usr/local/lib/python3.8/dist-packages/airflow/example_dags/plugins/listener_plugin.py
[2023-08-24T05:11:21.644+0000] {processor.py:841} WARNING - No viable dags retrieved from /usr/local/lib/python3.8/dist-packages/airflow/example_dags/plugins/listener_plugin.py
[2023-08-24T05:11:21.655+0000] {processor.py:179} INFO - Processing /usr/local/lib/python3.8/dist-packages/airflow/example_dags/plugins/listener_plugin.py took 0.021 seconds
[2023-08-24T05:12:23.141+0000] {processor.py:157} INFO - Started process (PID=49109) to work on /usr/local/lib/python3.8/dist-packages/airflow/example_dags/plugins/listener_plugin.py
[2023-08-24T05:12:23.144+0000] {processor.py:829} INFO - Processing file /usr/local/lib/python3.8/dist-packages/airflow/example_dags/plugins/listener_plugin.py for tasks to queue
[2023-08-24T05:12:23.145+0000] {logging_mixin.py:151} INFO - [2023-08-24T05:12:23.144+0000] {dagbag.py:539} INFO - Filling up the DagBag from /usr/local/lib/python3.8/dist-packages/airflow/example_dags/plugins/listener_plugin.py
[2023-08-24T05:12:23.148+0000] {processor.py:841} WARNING - No viable dags retrieved from /usr/local/lib/python3.8/dist-packages/airflow/example_dags/plugins/listener_plugin.py
[2023-08-24T05:12:23.159+0000] {processor.py:179} INFO - Processing /usr/local/lib/python3.8/dist-packages/airflow/example_dags/plugins/listener_plugin.py took 0.022 seconds
[2023-08-24T05:13:24.856+0000] {processor.py:157} INFO - Started process (PID=49314) to work on /usr/local/lib/python3.8/dist-packages/airflow/example_dags/plugins/listener_plugin.py
[2023-08-24T05:13:24.857+0000] {processor.py:829} INFO - Processing file /usr/local/lib/python3.8/dist-packages/airflow/example_dags/plugins/listener_plugin.py for tasks to queue
[2023-08-24T05:13:24.858+0000] {logging_mixin.py:151} INFO - [2023-08-24T05:13:24.858+0000] {dagbag.py:539} INFO - Filling up the DagBag from /usr/local/lib/python3.8/dist-packages/airflow/example_dags/plugins/listener_plugin.py
[2023-08-24T05:13:24.861+0000] {processor.py:841} WARNING - No viable dags retrieved from /usr/local/lib/python3.8/dist-packages/airflow/example_dags/plugins/listener_plugin.py
[2023-08-24T05:13:24.873+0000] {processor.py:179} INFO - Processing /usr/local/lib/python3.8/dist-packages/airflow/example_dags/plugins/listener_plugin.py took 0.021 seconds
