[2023-08-24T04:21:41.739+0000] {processor.py:157} INFO - Started process (PID=37581) to work on /usr/local/lib/python3.8/dist-packages/airflow/example_dags/plugins/workday.py
[2023-08-24T04:21:41.740+0000] {processor.py:829} INFO - Processing file /usr/local/lib/python3.8/dist-packages/airflow/example_dags/plugins/workday.py for tasks to queue
[2023-08-24T04:21:41.741+0000] {logging_mixin.py:151} INFO - [2023-08-24T04:21:41.740+0000] {dagbag.py:539} INFO - Filling up the DagBag from /usr/local/lib/python3.8/dist-packages/airflow/example_dags/plugins/workday.py
[2023-08-24T04:21:42.113+0000] {processor.py:841} WARNING - No viable dags retrieved from /usr/local/lib/python3.8/dist-packages/airflow/example_dags/plugins/workday.py
[2023-08-24T04:21:42.120+0000] {processor.py:179} INFO - Processing /usr/local/lib/python3.8/dist-packages/airflow/example_dags/plugins/workday.py took 0.385 seconds
[2023-08-24T04:26:38.598+0000] {processor.py:157} INFO - Started process (PID=39550) to work on /usr/local/lib/python3.8/dist-packages/airflow/example_dags/plugins/workday.py
[2023-08-24T04:26:38.602+0000] {processor.py:829} INFO - Processing file /usr/local/lib/python3.8/dist-packages/airflow/example_dags/plugins/workday.py for tasks to queue
[2023-08-24T04:26:38.604+0000] {logging_mixin.py:151} INFO - [2023-08-24T04:26:38.603+0000] {dagbag.py:539} INFO - Filling up the DagBag from /usr/local/lib/python3.8/dist-packages/airflow/example_dags/plugins/workday.py
[2023-08-24T04:26:39.062+0000] {processor.py:841} WARNING - No viable dags retrieved from /usr/local/lib/python3.8/dist-packages/airflow/example_dags/plugins/workday.py
[2023-08-24T04:26:39.070+0000] {processor.py:179} INFO - Processing /usr/local/lib/python3.8/dist-packages/airflow/example_dags/plugins/workday.py took 0.478 seconds
[2023-08-24T04:30:54.972+0000] {processor.py:157} INFO - Started process (PID=41443) to work on /usr/local/lib/python3.8/dist-packages/airflow/example_dags/plugins/workday.py
[2023-08-24T04:30:54.977+0000] {processor.py:829} INFO - Processing file /usr/local/lib/python3.8/dist-packages/airflow/example_dags/plugins/workday.py for tasks to queue
[2023-08-24T04:30:54.978+0000] {logging_mixin.py:151} INFO - [2023-08-24T04:30:54.977+0000] {dagbag.py:539} INFO - Filling up the DagBag from /usr/local/lib/python3.8/dist-packages/airflow/example_dags/plugins/workday.py
[2023-08-24T04:30:55.395+0000] {processor.py:841} WARNING - No viable dags retrieved from /usr/local/lib/python3.8/dist-packages/airflow/example_dags/plugins/workday.py
[2023-08-24T04:30:55.403+0000] {processor.py:179} INFO - Processing /usr/local/lib/python3.8/dist-packages/airflow/example_dags/plugins/workday.py took 0.435 seconds
[2023-08-24T04:31:56.859+0000] {processor.py:157} INFO - Started process (PID=41654) to work on /usr/local/lib/python3.8/dist-packages/airflow/example_dags/plugins/workday.py
[2023-08-24T04:31:56.862+0000] {processor.py:829} INFO - Processing file /usr/local/lib/python3.8/dist-packages/airflow/example_dags/plugins/workday.py for tasks to queue
[2023-08-24T04:31:56.863+0000] {logging_mixin.py:151} INFO - [2023-08-24T04:31:56.862+0000] {dagbag.py:539} INFO - Filling up the DagBag from /usr/local/lib/python3.8/dist-packages/airflow/example_dags/plugins/workday.py
[2023-08-24T04:31:57.258+0000] {processor.py:841} WARNING - No viable dags retrieved from /usr/local/lib/python3.8/dist-packages/airflow/example_dags/plugins/workday.py
[2023-08-24T04:31:57.265+0000] {processor.py:179} INFO - Processing /usr/local/lib/python3.8/dist-packages/airflow/example_dags/plugins/workday.py took 0.411 seconds
[2023-08-24T04:32:58.991+0000] {processor.py:157} INFO - Started process (PID=41845) to work on /usr/local/lib/python3.8/dist-packages/airflow/example_dags/plugins/workday.py
[2023-08-24T04:32:58.993+0000] {processor.py:829} INFO - Processing file /usr/local/lib/python3.8/dist-packages/airflow/example_dags/plugins/workday.py for tasks to queue
[2023-08-24T04:32:58.994+0000] {logging_mixin.py:151} INFO - [2023-08-24T04:32:58.993+0000] {dagbag.py:539} INFO - Filling up the DagBag from /usr/local/lib/python3.8/dist-packages/airflow/example_dags/plugins/workday.py
[2023-08-24T04:32:59.368+0000] {processor.py:841} WARNING - No viable dags retrieved from /usr/local/lib/python3.8/dist-packages/airflow/example_dags/plugins/workday.py
[2023-08-24T04:32:59.376+0000] {processor.py:179} INFO - Processing /usr/local/lib/python3.8/dist-packages/airflow/example_dags/plugins/workday.py took 0.388 seconds
[2023-08-24T04:33:58.104+0000] {processor.py:157} INFO - Started process (PID=42028) to work on /usr/local/lib/python3.8/dist-packages/airflow/example_dags/plugins/workday.py
[2023-08-24T04:33:58.107+0000] {processor.py:829} INFO - Processing file /usr/local/lib/python3.8/dist-packages/airflow/example_dags/plugins/workday.py for tasks to queue
[2023-08-24T04:33:58.108+0000] {logging_mixin.py:151} INFO - [2023-08-24T04:33:58.107+0000] {dagbag.py:539} INFO - Filling up the DagBag from /usr/local/lib/python3.8/dist-packages/airflow/example_dags/plugins/workday.py
[2023-08-24T04:33:58.506+0000] {processor.py:841} WARNING - No viable dags retrieved from /usr/local/lib/python3.8/dist-packages/airflow/example_dags/plugins/workday.py
[2023-08-24T04:33:58.513+0000] {processor.py:179} INFO - Processing /usr/local/lib/python3.8/dist-packages/airflow/example_dags/plugins/workday.py took 0.413 seconds
[2023-08-24T04:34:56.292+0000] {processor.py:157} INFO - Started process (PID=42224) to work on /usr/local/lib/python3.8/dist-packages/airflow/example_dags/plugins/workday.py
[2023-08-24T04:34:56.293+0000] {processor.py:829} INFO - Processing file /usr/local/lib/python3.8/dist-packages/airflow/example_dags/plugins/workday.py for tasks to queue
[2023-08-24T04:34:56.294+0000] {logging_mixin.py:151} INFO - [2023-08-24T04:34:56.294+0000] {dagbag.py:539} INFO - Filling up the DagBag from /usr/local/lib/python3.8/dist-packages/airflow/example_dags/plugins/workday.py
[2023-08-24T04:34:56.684+0000] {processor.py:841} WARNING - No viable dags retrieved from /usr/local/lib/python3.8/dist-packages/airflow/example_dags/plugins/workday.py
[2023-08-24T04:34:56.692+0000] {processor.py:179} INFO - Processing /usr/local/lib/python3.8/dist-packages/airflow/example_dags/plugins/workday.py took 0.403 seconds
[2023-08-24T04:35:55.704+0000] {processor.py:157} INFO - Started process (PID=42420) to work on /usr/local/lib/python3.8/dist-packages/airflow/example_dags/plugins/workday.py
[2023-08-24T04:35:55.706+0000] {processor.py:829} INFO - Processing file /usr/local/lib/python3.8/dist-packages/airflow/example_dags/plugins/workday.py for tasks to queue
[2023-08-24T04:35:55.707+0000] {logging_mixin.py:151} INFO - [2023-08-24T04:35:55.706+0000] {dagbag.py:539} INFO - Filling up the DagBag from /usr/local/lib/python3.8/dist-packages/airflow/example_dags/plugins/workday.py
[2023-08-24T04:35:56.092+0000] {processor.py:841} WARNING - No viable dags retrieved from /usr/local/lib/python3.8/dist-packages/airflow/example_dags/plugins/workday.py
[2023-08-24T04:35:56.100+0000] {processor.py:179} INFO - Processing /usr/local/lib/python3.8/dist-packages/airflow/example_dags/plugins/workday.py took 0.399 seconds
[2023-08-24T04:36:51.061+0000] {processor.py:157} INFO - Started process (PID=42602) to work on /usr/local/lib/python3.8/dist-packages/airflow/example_dags/plugins/workday.py
[2023-08-24T04:36:51.064+0000] {processor.py:829} INFO - Processing file /usr/local/lib/python3.8/dist-packages/airflow/example_dags/plugins/workday.py for tasks to queue
[2023-08-24T04:36:51.065+0000] {logging_mixin.py:151} INFO - [2023-08-24T04:36:51.064+0000] {dagbag.py:539} INFO - Filling up the DagBag from /usr/local/lib/python3.8/dist-packages/airflow/example_dags/plugins/workday.py
[2023-08-24T04:36:51.434+0000] {processor.py:841} WARNING - No viable dags retrieved from /usr/local/lib/python3.8/dist-packages/airflow/example_dags/plugins/workday.py
[2023-08-24T04:36:51.441+0000] {processor.py:179} INFO - Processing /usr/local/lib/python3.8/dist-packages/airflow/example_dags/plugins/workday.py took 0.384 seconds
[2023-08-24T04:37:46.202+0000] {processor.py:157} INFO - Started process (PID=42783) to work on /usr/local/lib/python3.8/dist-packages/airflow/example_dags/plugins/workday.py
[2023-08-24T04:37:46.204+0000] {processor.py:829} INFO - Processing file /usr/local/lib/python3.8/dist-packages/airflow/example_dags/plugins/workday.py for tasks to queue
[2023-08-24T04:37:46.205+0000] {logging_mixin.py:151} INFO - [2023-08-24T04:37:46.204+0000] {dagbag.py:539} INFO - Filling up the DagBag from /usr/local/lib/python3.8/dist-packages/airflow/example_dags/plugins/workday.py
[2023-08-24T04:37:46.585+0000] {processor.py:841} WARNING - No viable dags retrieved from /usr/local/lib/python3.8/dist-packages/airflow/example_dags/plugins/workday.py
[2023-08-24T04:37:46.592+0000] {processor.py:179} INFO - Processing /usr/local/lib/python3.8/dist-packages/airflow/example_dags/plugins/workday.py took 0.394 seconds
[2023-08-24T04:38:44.696+0000] {processor.py:157} INFO - Started process (PID=42967) to work on /usr/local/lib/python3.8/dist-packages/airflow/example_dags/plugins/workday.py
[2023-08-24T04:38:44.698+0000] {processor.py:829} INFO - Processing file /usr/local/lib/python3.8/dist-packages/airflow/example_dags/plugins/workday.py for tasks to queue
[2023-08-24T04:38:44.698+0000] {logging_mixin.py:151} INFO - [2023-08-24T04:38:44.698+0000] {dagbag.py:539} INFO - Filling up the DagBag from /usr/local/lib/python3.8/dist-packages/airflow/example_dags/plugins/workday.py
[2023-08-24T04:38:45.070+0000] {processor.py:841} WARNING - No viable dags retrieved from /usr/local/lib/python3.8/dist-packages/airflow/example_dags/plugins/workday.py
[2023-08-24T04:38:45.077+0000] {processor.py:179} INFO - Processing /usr/local/lib/python3.8/dist-packages/airflow/example_dags/plugins/workday.py took 0.384 seconds
[2023-08-24T04:39:44.968+0000] {processor.py:157} INFO - Started process (PID=43163) to work on /usr/local/lib/python3.8/dist-packages/airflow/example_dags/plugins/workday.py
[2023-08-24T04:39:44.969+0000] {processor.py:829} INFO - Processing file /usr/local/lib/python3.8/dist-packages/airflow/example_dags/plugins/workday.py for tasks to queue
[2023-08-24T04:39:44.970+0000] {logging_mixin.py:151} INFO - [2023-08-24T04:39:44.970+0000] {dagbag.py:539} INFO - Filling up the DagBag from /usr/local/lib/python3.8/dist-packages/airflow/example_dags/plugins/workday.py
[2023-08-24T04:39:45.351+0000] {processor.py:841} WARNING - No viable dags retrieved from /usr/local/lib/python3.8/dist-packages/airflow/example_dags/plugins/workday.py
[2023-08-24T04:39:45.358+0000] {processor.py:179} INFO - Processing /usr/local/lib/python3.8/dist-packages/airflow/example_dags/plugins/workday.py took 0.394 seconds
[2023-08-24T04:40:45.650+0000] {processor.py:157} INFO - Started process (PID=43346) to work on /usr/local/lib/python3.8/dist-packages/airflow/example_dags/plugins/workday.py
[2023-08-24T04:40:45.651+0000] {processor.py:829} INFO - Processing file /usr/local/lib/python3.8/dist-packages/airflow/example_dags/plugins/workday.py for tasks to queue
[2023-08-24T04:40:45.652+0000] {logging_mixin.py:151} INFO - [2023-08-24T04:40:45.652+0000] {dagbag.py:539} INFO - Filling up the DagBag from /usr/local/lib/python3.8/dist-packages/airflow/example_dags/plugins/workday.py
[2023-08-24T04:40:46.039+0000] {processor.py:841} WARNING - No viable dags retrieved from /usr/local/lib/python3.8/dist-packages/airflow/example_dags/plugins/workday.py
[2023-08-24T04:40:46.046+0000] {processor.py:179} INFO - Processing /usr/local/lib/python3.8/dist-packages/airflow/example_dags/plugins/workday.py took 0.400 seconds
[2023-08-24T04:41:45.849+0000] {processor.py:157} INFO - Started process (PID=43530) to work on /usr/local/lib/python3.8/dist-packages/airflow/example_dags/plugins/workday.py
[2023-08-24T04:41:45.851+0000] {processor.py:829} INFO - Processing file /usr/local/lib/python3.8/dist-packages/airflow/example_dags/plugins/workday.py for tasks to queue
[2023-08-24T04:41:45.852+0000] {logging_mixin.py:151} INFO - [2023-08-24T04:41:45.851+0000] {dagbag.py:539} INFO - Filling up the DagBag from /usr/local/lib/python3.8/dist-packages/airflow/example_dags/plugins/workday.py
[2023-08-24T04:41:46.258+0000] {processor.py:841} WARNING - No viable dags retrieved from /usr/local/lib/python3.8/dist-packages/airflow/example_dags/plugins/workday.py
[2023-08-24T04:41:46.266+0000] {processor.py:179} INFO - Processing /usr/local/lib/python3.8/dist-packages/airflow/example_dags/plugins/workday.py took 0.421 seconds
[2023-08-24T04:42:45.144+0000] {processor.py:157} INFO - Started process (PID=43720) to work on /usr/local/lib/python3.8/dist-packages/airflow/example_dags/plugins/workday.py
[2023-08-24T04:42:45.148+0000] {processor.py:829} INFO - Processing file /usr/local/lib/python3.8/dist-packages/airflow/example_dags/plugins/workday.py for tasks to queue
[2023-08-24T04:42:45.149+0000] {logging_mixin.py:151} INFO - [2023-08-24T04:42:45.149+0000] {dagbag.py:539} INFO - Filling up the DagBag from /usr/local/lib/python3.8/dist-packages/airflow/example_dags/plugins/workday.py
[2023-08-24T04:42:45.522+0000] {processor.py:841} WARNING - No viable dags retrieved from /usr/local/lib/python3.8/dist-packages/airflow/example_dags/plugins/workday.py
[2023-08-24T04:42:45.529+0000] {processor.py:179} INFO - Processing /usr/local/lib/python3.8/dist-packages/airflow/example_dags/plugins/workday.py took 0.388 seconds
[2023-08-24T04:43:46.014+0000] {processor.py:157} INFO - Started process (PID=43904) to work on /usr/local/lib/python3.8/dist-packages/airflow/example_dags/plugins/workday.py
[2023-08-24T04:43:46.019+0000] {processor.py:829} INFO - Processing file /usr/local/lib/python3.8/dist-packages/airflow/example_dags/plugins/workday.py for tasks to queue
[2023-08-24T04:43:46.020+0000] {logging_mixin.py:151} INFO - [2023-08-24T04:43:46.020+0000] {dagbag.py:539} INFO - Filling up the DagBag from /usr/local/lib/python3.8/dist-packages/airflow/example_dags/plugins/workday.py
[2023-08-24T04:43:46.407+0000] {processor.py:841} WARNING - No viable dags retrieved from /usr/local/lib/python3.8/dist-packages/airflow/example_dags/plugins/workday.py
[2023-08-24T04:43:46.414+0000] {processor.py:179} INFO - Processing /usr/local/lib/python3.8/dist-packages/airflow/example_dags/plugins/workday.py took 0.403 seconds
[2023-08-24T04:44:47.075+0000] {processor.py:157} INFO - Started process (PID=44089) to work on /usr/local/lib/python3.8/dist-packages/airflow/example_dags/plugins/workday.py
[2023-08-24T04:44:47.077+0000] {processor.py:829} INFO - Processing file /usr/local/lib/python3.8/dist-packages/airflow/example_dags/plugins/workday.py for tasks to queue
[2023-08-24T04:44:47.078+0000] {logging_mixin.py:151} INFO - [2023-08-24T04:44:47.077+0000] {dagbag.py:539} INFO - Filling up the DagBag from /usr/local/lib/python3.8/dist-packages/airflow/example_dags/plugins/workday.py
[2023-08-24T04:44:47.459+0000] {processor.py:841} WARNING - No viable dags retrieved from /usr/local/lib/python3.8/dist-packages/airflow/example_dags/plugins/workday.py
[2023-08-24T04:44:47.466+0000] {processor.py:179} INFO - Processing /usr/local/lib/python3.8/dist-packages/airflow/example_dags/plugins/workday.py took 0.395 seconds
[2023-08-24T04:45:48.554+0000] {processor.py:157} INFO - Started process (PID=44272) to work on /usr/local/lib/python3.8/dist-packages/airflow/example_dags/plugins/workday.py
[2023-08-24T04:45:48.556+0000] {processor.py:829} INFO - Processing file /usr/local/lib/python3.8/dist-packages/airflow/example_dags/plugins/workday.py for tasks to queue
[2023-08-24T04:45:48.557+0000] {logging_mixin.py:151} INFO - [2023-08-24T04:45:48.557+0000] {dagbag.py:539} INFO - Filling up the DagBag from /usr/local/lib/python3.8/dist-packages/airflow/example_dags/plugins/workday.py
[2023-08-24T04:45:48.954+0000] {processor.py:841} WARNING - No viable dags retrieved from /usr/local/lib/python3.8/dist-packages/airflow/example_dags/plugins/workday.py
[2023-08-24T04:45:48.961+0000] {processor.py:179} INFO - Processing /usr/local/lib/python3.8/dist-packages/airflow/example_dags/plugins/workday.py took 0.410 seconds
[2023-08-24T04:46:50.325+0000] {processor.py:157} INFO - Started process (PID=44455) to work on /usr/local/lib/python3.8/dist-packages/airflow/example_dags/plugins/workday.py
[2023-08-24T04:46:50.327+0000] {processor.py:829} INFO - Processing file /usr/local/lib/python3.8/dist-packages/airflow/example_dags/plugins/workday.py for tasks to queue
[2023-08-24T04:46:50.328+0000] {logging_mixin.py:151} INFO - [2023-08-24T04:46:50.328+0000] {dagbag.py:539} INFO - Filling up the DagBag from /usr/local/lib/python3.8/dist-packages/airflow/example_dags/plugins/workday.py
[2023-08-24T04:46:50.732+0000] {processor.py:841} WARNING - No viable dags retrieved from /usr/local/lib/python3.8/dist-packages/airflow/example_dags/plugins/workday.py
[2023-08-24T04:46:50.739+0000] {processor.py:179} INFO - Processing /usr/local/lib/python3.8/dist-packages/airflow/example_dags/plugins/workday.py took 0.418 seconds
[2023-08-24T04:47:52.639+0000] {processor.py:157} INFO - Started process (PID=44639) to work on /usr/local/lib/python3.8/dist-packages/airflow/example_dags/plugins/workday.py
[2023-08-24T04:47:52.642+0000] {processor.py:829} INFO - Processing file /usr/local/lib/python3.8/dist-packages/airflow/example_dags/plugins/workday.py for tasks to queue
[2023-08-24T04:47:52.643+0000] {logging_mixin.py:151} INFO - [2023-08-24T04:47:52.642+0000] {dagbag.py:539} INFO - Filling up the DagBag from /usr/local/lib/python3.8/dist-packages/airflow/example_dags/plugins/workday.py
[2023-08-24T04:47:53.027+0000] {processor.py:841} WARNING - No viable dags retrieved from /usr/local/lib/python3.8/dist-packages/airflow/example_dags/plugins/workday.py
[2023-08-24T04:47:53.035+0000] {processor.py:179} INFO - Processing /usr/local/lib/python3.8/dist-packages/airflow/example_dags/plugins/workday.py took 0.399 seconds
[2023-08-24T04:48:54.106+0000] {processor.py:157} INFO - Started process (PID=44822) to work on /usr/local/lib/python3.8/dist-packages/airflow/example_dags/plugins/workday.py
[2023-08-24T04:48:54.108+0000] {processor.py:829} INFO - Processing file /usr/local/lib/python3.8/dist-packages/airflow/example_dags/plugins/workday.py for tasks to queue
[2023-08-24T04:48:54.109+0000] {logging_mixin.py:151} INFO - [2023-08-24T04:48:54.108+0000] {dagbag.py:539} INFO - Filling up the DagBag from /usr/local/lib/python3.8/dist-packages/airflow/example_dags/plugins/workday.py
[2023-08-24T04:48:54.514+0000] {processor.py:841} WARNING - No viable dags retrieved from /usr/local/lib/python3.8/dist-packages/airflow/example_dags/plugins/workday.py
[2023-08-24T04:48:54.521+0000] {processor.py:179} INFO - Processing /usr/local/lib/python3.8/dist-packages/airflow/example_dags/plugins/workday.py took 0.418 seconds
[2023-08-24T04:49:56.235+0000] {processor.py:157} INFO - Started process (PID=45006) to work on /usr/local/lib/python3.8/dist-packages/airflow/example_dags/plugins/workday.py
[2023-08-24T04:49:56.237+0000] {processor.py:829} INFO - Processing file /usr/local/lib/python3.8/dist-packages/airflow/example_dags/plugins/workday.py for tasks to queue
[2023-08-24T04:49:56.238+0000] {logging_mixin.py:151} INFO - [2023-08-24T04:49:56.238+0000] {dagbag.py:539} INFO - Filling up the DagBag from /usr/local/lib/python3.8/dist-packages/airflow/example_dags/plugins/workday.py
[2023-08-24T04:49:56.630+0000] {processor.py:841} WARNING - No viable dags retrieved from /usr/local/lib/python3.8/dist-packages/airflow/example_dags/plugins/workday.py
[2023-08-24T04:49:56.637+0000] {processor.py:179} INFO - Processing /usr/local/lib/python3.8/dist-packages/airflow/example_dags/plugins/workday.py took 0.405 seconds
[2023-08-24T04:50:54.536+0000] {processor.py:157} INFO - Started process (PID=45191) to work on /usr/local/lib/python3.8/dist-packages/airflow/example_dags/plugins/workday.py
[2023-08-24T04:50:54.540+0000] {processor.py:829} INFO - Processing file /usr/local/lib/python3.8/dist-packages/airflow/example_dags/plugins/workday.py for tasks to queue
[2023-08-24T04:50:54.541+0000] {logging_mixin.py:151} INFO - [2023-08-24T04:50:54.541+0000] {dagbag.py:539} INFO - Filling up the DagBag from /usr/local/lib/python3.8/dist-packages/airflow/example_dags/plugins/workday.py
[2023-08-24T04:50:54.949+0000] {processor.py:841} WARNING - No viable dags retrieved from /usr/local/lib/python3.8/dist-packages/airflow/example_dags/plugins/workday.py
[2023-08-24T04:50:54.956+0000] {processor.py:179} INFO - Processing /usr/local/lib/python3.8/dist-packages/airflow/example_dags/plugins/workday.py took 0.424 seconds
[2023-08-24T04:51:55.417+0000] {processor.py:157} INFO - Started process (PID=45373) to work on /usr/local/lib/python3.8/dist-packages/airflow/example_dags/plugins/workday.py
[2023-08-24T04:51:55.418+0000] {processor.py:829} INFO - Processing file /usr/local/lib/python3.8/dist-packages/airflow/example_dags/plugins/workday.py for tasks to queue
[2023-08-24T04:51:55.419+0000] {logging_mixin.py:151} INFO - [2023-08-24T04:51:55.419+0000] {dagbag.py:539} INFO - Filling up the DagBag from /usr/local/lib/python3.8/dist-packages/airflow/example_dags/plugins/workday.py
[2023-08-24T04:51:55.808+0000] {processor.py:841} WARNING - No viable dags retrieved from /usr/local/lib/python3.8/dist-packages/airflow/example_dags/plugins/workday.py
[2023-08-24T04:51:55.815+0000] {processor.py:179} INFO - Processing /usr/local/lib/python3.8/dist-packages/airflow/example_dags/plugins/workday.py took 0.402 seconds
[2023-08-24T04:52:56.961+0000] {processor.py:157} INFO - Started process (PID=45562) to work on /usr/local/lib/python3.8/dist-packages/airflow/example_dags/plugins/workday.py
[2023-08-24T04:52:56.963+0000] {processor.py:829} INFO - Processing file /usr/local/lib/python3.8/dist-packages/airflow/example_dags/plugins/workday.py for tasks to queue
[2023-08-24T04:52:56.964+0000] {logging_mixin.py:151} INFO - [2023-08-24T04:52:56.963+0000] {dagbag.py:539} INFO - Filling up the DagBag from /usr/local/lib/python3.8/dist-packages/airflow/example_dags/plugins/workday.py
[2023-08-24T04:52:57.337+0000] {processor.py:841} WARNING - No viable dags retrieved from /usr/local/lib/python3.8/dist-packages/airflow/example_dags/plugins/workday.py
[2023-08-24T04:52:57.344+0000] {processor.py:179} INFO - Processing /usr/local/lib/python3.8/dist-packages/airflow/example_dags/plugins/workday.py took 0.387 seconds
[2023-08-24T04:53:59.559+0000] {processor.py:157} INFO - Started process (PID=45745) to work on /usr/local/lib/python3.8/dist-packages/airflow/example_dags/plugins/workday.py
[2023-08-24T04:53:59.560+0000] {processor.py:829} INFO - Processing file /usr/local/lib/python3.8/dist-packages/airflow/example_dags/plugins/workday.py for tasks to queue
[2023-08-24T04:53:59.561+0000] {logging_mixin.py:151} INFO - [2023-08-24T04:53:59.561+0000] {dagbag.py:539} INFO - Filling up the DagBag from /usr/local/lib/python3.8/dist-packages/airflow/example_dags/plugins/workday.py
[2023-08-24T04:53:59.941+0000] {processor.py:841} WARNING - No viable dags retrieved from /usr/local/lib/python3.8/dist-packages/airflow/example_dags/plugins/workday.py
[2023-08-24T04:53:59.948+0000] {processor.py:179} INFO - Processing /usr/local/lib/python3.8/dist-packages/airflow/example_dags/plugins/workday.py took 0.393 seconds
[2023-08-24T04:54:59.926+0000] {processor.py:157} INFO - Started process (PID=45928) to work on /usr/local/lib/python3.8/dist-packages/airflow/example_dags/plugins/workday.py
[2023-08-24T04:54:59.930+0000] {processor.py:829} INFO - Processing file /usr/local/lib/python3.8/dist-packages/airflow/example_dags/plugins/workday.py for tasks to queue
[2023-08-24T04:54:59.931+0000] {logging_mixin.py:151} INFO - [2023-08-24T04:54:59.930+0000] {dagbag.py:539} INFO - Filling up the DagBag from /usr/local/lib/python3.8/dist-packages/airflow/example_dags/plugins/workday.py
[2023-08-24T04:55:00.325+0000] {processor.py:841} WARNING - No viable dags retrieved from /usr/local/lib/python3.8/dist-packages/airflow/example_dags/plugins/workday.py
[2023-08-24T04:55:00.332+0000] {processor.py:179} INFO - Processing /usr/local/lib/python3.8/dist-packages/airflow/example_dags/plugins/workday.py took 0.409 seconds
[2023-08-24T04:56:00.521+0000] {processor.py:157} INFO - Started process (PID=46116) to work on /usr/local/lib/python3.8/dist-packages/airflow/example_dags/plugins/workday.py
[2023-08-24T04:56:00.525+0000] {processor.py:829} INFO - Processing file /usr/local/lib/python3.8/dist-packages/airflow/example_dags/plugins/workday.py for tasks to queue
[2023-08-24T04:56:00.526+0000] {logging_mixin.py:151} INFO - [2023-08-24T04:56:00.526+0000] {dagbag.py:539} INFO - Filling up the DagBag from /usr/local/lib/python3.8/dist-packages/airflow/example_dags/plugins/workday.py
[2023-08-24T04:56:00.924+0000] {processor.py:841} WARNING - No viable dags retrieved from /usr/local/lib/python3.8/dist-packages/airflow/example_dags/plugins/workday.py
[2023-08-24T04:56:00.931+0000] {processor.py:179} INFO - Processing /usr/local/lib/python3.8/dist-packages/airflow/example_dags/plugins/workday.py took 0.413 seconds
[2023-08-24T04:57:06.259+0000] {processor.py:157} INFO - Started process (PID=46313) to work on /usr/local/lib/python3.8/dist-packages/airflow/example_dags/plugins/workday.py
[2023-08-24T04:57:06.261+0000] {processor.py:829} INFO - Processing file /usr/local/lib/python3.8/dist-packages/airflow/example_dags/plugins/workday.py for tasks to queue
[2023-08-24T04:57:06.262+0000] {logging_mixin.py:151} INFO - [2023-08-24T04:57:06.261+0000] {dagbag.py:539} INFO - Filling up the DagBag from /usr/local/lib/python3.8/dist-packages/airflow/example_dags/plugins/workday.py
[2023-08-24T04:57:06.656+0000] {processor.py:841} WARNING - No viable dags retrieved from /usr/local/lib/python3.8/dist-packages/airflow/example_dags/plugins/workday.py
[2023-08-24T04:57:06.663+0000] {processor.py:179} INFO - Processing /usr/local/lib/python3.8/dist-packages/airflow/example_dags/plugins/workday.py took 0.408 seconds
[2023-08-24T04:58:10.025+0000] {processor.py:157} INFO - Started process (PID=46497) to work on /usr/local/lib/python3.8/dist-packages/airflow/example_dags/plugins/workday.py
[2023-08-24T04:58:10.028+0000] {processor.py:829} INFO - Processing file /usr/local/lib/python3.8/dist-packages/airflow/example_dags/plugins/workday.py for tasks to queue
[2023-08-24T04:58:10.029+0000] {logging_mixin.py:151} INFO - [2023-08-24T04:58:10.028+0000] {dagbag.py:539} INFO - Filling up the DagBag from /usr/local/lib/python3.8/dist-packages/airflow/example_dags/plugins/workday.py
[2023-08-24T04:58:10.415+0000] {processor.py:841} WARNING - No viable dags retrieved from /usr/local/lib/python3.8/dist-packages/airflow/example_dags/plugins/workday.py
[2023-08-24T04:58:10.422+0000] {processor.py:179} INFO - Processing /usr/local/lib/python3.8/dist-packages/airflow/example_dags/plugins/workday.py took 0.401 seconds
[2023-08-24T04:59:11.291+0000] {processor.py:157} INFO - Started process (PID=46680) to work on /usr/local/lib/python3.8/dist-packages/airflow/example_dags/plugins/workday.py
[2023-08-24T04:59:11.296+0000] {processor.py:829} INFO - Processing file /usr/local/lib/python3.8/dist-packages/airflow/example_dags/plugins/workday.py for tasks to queue
[2023-08-24T04:59:11.297+0000] {logging_mixin.py:151} INFO - [2023-08-24T04:59:11.296+0000] {dagbag.py:539} INFO - Filling up the DagBag from /usr/local/lib/python3.8/dist-packages/airflow/example_dags/plugins/workday.py
[2023-08-24T04:59:11.699+0000] {processor.py:841} WARNING - No viable dags retrieved from /usr/local/lib/python3.8/dist-packages/airflow/example_dags/plugins/workday.py
[2023-08-24T04:59:11.706+0000] {processor.py:179} INFO - Processing /usr/local/lib/python3.8/dist-packages/airflow/example_dags/plugins/workday.py took 0.418 seconds
[2023-08-24T05:00:15.762+0000] {processor.py:157} INFO - Started process (PID=46863) to work on /usr/local/lib/python3.8/dist-packages/airflow/example_dags/plugins/workday.py
[2023-08-24T05:00:15.767+0000] {processor.py:829} INFO - Processing file /usr/local/lib/python3.8/dist-packages/airflow/example_dags/plugins/workday.py for tasks to queue
[2023-08-24T05:00:15.768+0000] {logging_mixin.py:151} INFO - [2023-08-24T05:00:15.767+0000] {dagbag.py:539} INFO - Filling up the DagBag from /usr/local/lib/python3.8/dist-packages/airflow/example_dags/plugins/workday.py
[2023-08-24T05:00:16.031+0000] {processor.py:841} WARNING - No viable dags retrieved from /usr/local/lib/python3.8/dist-packages/airflow/example_dags/plugins/workday.py
[2023-08-24T05:00:16.042+0000] {processor.py:179} INFO - Processing /usr/local/lib/python3.8/dist-packages/airflow/example_dags/plugins/workday.py took 0.284 seconds
[2023-08-24T05:01:14.722+0000] {processor.py:157} INFO - Started process (PID=47061) to work on /usr/local/lib/python3.8/dist-packages/airflow/example_dags/plugins/workday.py
[2023-08-24T05:01:14.724+0000] {processor.py:829} INFO - Processing file /usr/local/lib/python3.8/dist-packages/airflow/example_dags/plugins/workday.py for tasks to queue
[2023-08-24T05:01:14.725+0000] {logging_mixin.py:151} INFO - [2023-08-24T05:01:14.724+0000] {dagbag.py:539} INFO - Filling up the DagBag from /usr/local/lib/python3.8/dist-packages/airflow/example_dags/plugins/workday.py
[2023-08-24T05:01:14.985+0000] {processor.py:841} WARNING - No viable dags retrieved from /usr/local/lib/python3.8/dist-packages/airflow/example_dags/plugins/workday.py
[2023-08-24T05:01:14.996+0000] {processor.py:179} INFO - Processing /usr/local/lib/python3.8/dist-packages/airflow/example_dags/plugins/workday.py took 0.277 seconds
[2023-08-24T05:02:13.443+0000] {processor.py:157} INFO - Started process (PID=47247) to work on /usr/local/lib/python3.8/dist-packages/airflow/example_dags/plugins/workday.py
[2023-08-24T05:02:13.445+0000] {processor.py:829} INFO - Processing file /usr/local/lib/python3.8/dist-packages/airflow/example_dags/plugins/workday.py for tasks to queue
[2023-08-24T05:02:13.445+0000] {logging_mixin.py:151} INFO - [2023-08-24T05:02:13.445+0000] {dagbag.py:539} INFO - Filling up the DagBag from /usr/local/lib/python3.8/dist-packages/airflow/example_dags/plugins/workday.py
[2023-08-24T05:02:13.713+0000] {processor.py:841} WARNING - No viable dags retrieved from /usr/local/lib/python3.8/dist-packages/airflow/example_dags/plugins/workday.py
[2023-08-24T05:02:13.723+0000] {processor.py:179} INFO - Processing /usr/local/lib/python3.8/dist-packages/airflow/example_dags/plugins/workday.py took 0.284 seconds
[2023-08-24T05:03:14.113+0000] {processor.py:157} INFO - Started process (PID=47435) to work on /usr/local/lib/python3.8/dist-packages/airflow/example_dags/plugins/workday.py
[2023-08-24T05:03:14.114+0000] {processor.py:829} INFO - Processing file /usr/local/lib/python3.8/dist-packages/airflow/example_dags/plugins/workday.py for tasks to queue
[2023-08-24T05:03:14.115+0000] {logging_mixin.py:151} INFO - [2023-08-24T05:03:14.115+0000] {dagbag.py:539} INFO - Filling up the DagBag from /usr/local/lib/python3.8/dist-packages/airflow/example_dags/plugins/workday.py
[2023-08-24T05:03:14.379+0000] {processor.py:841} WARNING - No viable dags retrieved from /usr/local/lib/python3.8/dist-packages/airflow/example_dags/plugins/workday.py
[2023-08-24T05:03:14.390+0000] {processor.py:179} INFO - Processing /usr/local/lib/python3.8/dist-packages/airflow/example_dags/plugins/workday.py took 0.281 seconds
[2023-08-24T05:04:14.244+0000] {processor.py:157} INFO - Started process (PID=47618) to work on /usr/local/lib/python3.8/dist-packages/airflow/example_dags/plugins/workday.py
[2023-08-24T05:04:14.246+0000] {processor.py:829} INFO - Processing file /usr/local/lib/python3.8/dist-packages/airflow/example_dags/plugins/workday.py for tasks to queue
[2023-08-24T05:04:14.247+0000] {logging_mixin.py:151} INFO - [2023-08-24T05:04:14.246+0000] {dagbag.py:539} INFO - Filling up the DagBag from /usr/local/lib/python3.8/dist-packages/airflow/example_dags/plugins/workday.py
[2023-08-24T05:04:14.510+0000] {processor.py:841} WARNING - No viable dags retrieved from /usr/local/lib/python3.8/dist-packages/airflow/example_dags/plugins/workday.py
[2023-08-24T05:04:14.521+0000] {processor.py:179} INFO - Processing /usr/local/lib/python3.8/dist-packages/airflow/example_dags/plugins/workday.py took 0.280 seconds
[2023-08-24T05:05:13.341+0000] {processor.py:157} INFO - Started process (PID=47814) to work on /usr/local/lib/python3.8/dist-packages/airflow/example_dags/plugins/workday.py
[2023-08-24T05:05:13.343+0000] {processor.py:829} INFO - Processing file /usr/local/lib/python3.8/dist-packages/airflow/example_dags/plugins/workday.py for tasks to queue
[2023-08-24T05:05:13.344+0000] {logging_mixin.py:151} INFO - [2023-08-24T05:05:13.344+0000] {dagbag.py:539} INFO - Filling up the DagBag from /usr/local/lib/python3.8/dist-packages/airflow/example_dags/plugins/workday.py
[2023-08-24T05:05:13.614+0000] {processor.py:841} WARNING - No viable dags retrieved from /usr/local/lib/python3.8/dist-packages/airflow/example_dags/plugins/workday.py
[2023-08-24T05:05:13.626+0000] {processor.py:179} INFO - Processing /usr/local/lib/python3.8/dist-packages/airflow/example_dags/plugins/workday.py took 0.288 seconds
[2023-08-24T05:06:12.225+0000] {processor.py:157} INFO - Started process (PID=48010) to work on /usr/local/lib/python3.8/dist-packages/airflow/example_dags/plugins/workday.py
[2023-08-24T05:06:12.226+0000] {processor.py:829} INFO - Processing file /usr/local/lib/python3.8/dist-packages/airflow/example_dags/plugins/workday.py for tasks to queue
[2023-08-24T05:06:12.227+0000] {logging_mixin.py:151} INFO - [2023-08-24T05:06:12.227+0000] {dagbag.py:539} INFO - Filling up the DagBag from /usr/local/lib/python3.8/dist-packages/airflow/example_dags/plugins/workday.py
[2023-08-24T05:06:12.485+0000] {processor.py:841} WARNING - No viable dags retrieved from /usr/local/lib/python3.8/dist-packages/airflow/example_dags/plugins/workday.py
[2023-08-24T05:06:12.496+0000] {processor.py:179} INFO - Processing /usr/local/lib/python3.8/dist-packages/airflow/example_dags/plugins/workday.py took 0.274 seconds
[2023-08-24T05:07:07.877+0000] {processor.py:157} INFO - Started process (PID=48192) to work on /usr/local/lib/python3.8/dist-packages/airflow/example_dags/plugins/workday.py
[2023-08-24T05:07:07.879+0000] {processor.py:829} INFO - Processing file /usr/local/lib/python3.8/dist-packages/airflow/example_dags/plugins/workday.py for tasks to queue
[2023-08-24T05:07:07.880+0000] {logging_mixin.py:151} INFO - [2023-08-24T05:07:07.879+0000] {dagbag.py:539} INFO - Filling up the DagBag from /usr/local/lib/python3.8/dist-packages/airflow/example_dags/plugins/workday.py
[2023-08-24T05:07:08.147+0000] {processor.py:841} WARNING - No viable dags retrieved from /usr/local/lib/python3.8/dist-packages/airflow/example_dags/plugins/workday.py
[2023-08-24T05:07:08.158+0000] {processor.py:179} INFO - Processing /usr/local/lib/python3.8/dist-packages/airflow/example_dags/plugins/workday.py took 0.284 seconds
[2023-08-24T05:08:06.148+0000] {processor.py:157} INFO - Started process (PID=48376) to work on /usr/local/lib/python3.8/dist-packages/airflow/example_dags/plugins/workday.py
[2023-08-24T05:08:06.150+0000] {processor.py:829} INFO - Processing file /usr/local/lib/python3.8/dist-packages/airflow/example_dags/plugins/workday.py for tasks to queue
[2023-08-24T05:08:06.150+0000] {logging_mixin.py:151} INFO - [2023-08-24T05:08:06.150+0000] {dagbag.py:539} INFO - Filling up the DagBag from /usr/local/lib/python3.8/dist-packages/airflow/example_dags/plugins/workday.py
[2023-08-24T05:08:06.423+0000] {processor.py:841} WARNING - No viable dags retrieved from /usr/local/lib/python3.8/dist-packages/airflow/example_dags/plugins/workday.py
[2023-08-24T05:08:06.435+0000] {processor.py:179} INFO - Processing /usr/local/lib/python3.8/dist-packages/airflow/example_dags/plugins/workday.py took 0.290 seconds
[2023-08-24T05:09:06.758+0000] {processor.py:157} INFO - Started process (PID=48572) to work on /usr/local/lib/python3.8/dist-packages/airflow/example_dags/plugins/workday.py
[2023-08-24T05:09:06.760+0000] {processor.py:829} INFO - Processing file /usr/local/lib/python3.8/dist-packages/airflow/example_dags/plugins/workday.py for tasks to queue
[2023-08-24T05:09:06.760+0000] {logging_mixin.py:151} INFO - [2023-08-24T05:09:06.760+0000] {dagbag.py:539} INFO - Filling up the DagBag from /usr/local/lib/python3.8/dist-packages/airflow/example_dags/plugins/workday.py
[2023-08-24T05:09:07.028+0000] {processor.py:841} WARNING - No viable dags retrieved from /usr/local/lib/python3.8/dist-packages/airflow/example_dags/plugins/workday.py
[2023-08-24T05:09:07.039+0000] {processor.py:179} INFO - Processing /usr/local/lib/python3.8/dist-packages/airflow/example_dags/plugins/workday.py took 0.284 seconds
[2023-08-24T05:10:05.759+0000] {processor.py:157} INFO - Started process (PID=48755) to work on /usr/local/lib/python3.8/dist-packages/airflow/example_dags/plugins/workday.py
[2023-08-24T05:10:05.761+0000] {processor.py:829} INFO - Processing file /usr/local/lib/python3.8/dist-packages/airflow/example_dags/plugins/workday.py for tasks to queue
[2023-08-24T05:10:05.762+0000] {logging_mixin.py:151} INFO - [2023-08-24T05:10:05.761+0000] {dagbag.py:539} INFO - Filling up the DagBag from /usr/local/lib/python3.8/dist-packages/airflow/example_dags/plugins/workday.py
[2023-08-24T05:10:06.026+0000] {processor.py:841} WARNING - No viable dags retrieved from /usr/local/lib/python3.8/dist-packages/airflow/example_dags/plugins/workday.py
[2023-08-24T05:10:06.037+0000] {processor.py:179} INFO - Processing /usr/local/lib/python3.8/dist-packages/airflow/example_dags/plugins/workday.py took 0.282 seconds
[2023-08-24T05:11:20.302+0000] {processor.py:157} INFO - Started process (PID=48911) to work on /usr/local/lib/python3.8/dist-packages/airflow/example_dags/plugins/workday.py
[2023-08-24T05:11:20.303+0000] {processor.py:829} INFO - Processing file /usr/local/lib/python3.8/dist-packages/airflow/example_dags/plugins/workday.py for tasks to queue
[2023-08-24T05:11:20.304+0000] {logging_mixin.py:151} INFO - [2023-08-24T05:11:20.304+0000] {dagbag.py:539} INFO - Filling up the DagBag from /usr/local/lib/python3.8/dist-packages/airflow/example_dags/plugins/workday.py
[2023-08-24T05:11:20.574+0000] {processor.py:841} WARNING - No viable dags retrieved from /usr/local/lib/python3.8/dist-packages/airflow/example_dags/plugins/workday.py
[2023-08-24T05:11:20.586+0000] {processor.py:179} INFO - Processing /usr/local/lib/python3.8/dist-packages/airflow/example_dags/plugins/workday.py took 0.287 seconds
[2023-08-24T05:12:21.805+0000] {processor.py:157} INFO - Started process (PID=49107) to work on /usr/local/lib/python3.8/dist-packages/airflow/example_dags/plugins/workday.py
[2023-08-24T05:12:21.808+0000] {processor.py:829} INFO - Processing file /usr/local/lib/python3.8/dist-packages/airflow/example_dags/plugins/workday.py for tasks to queue
[2023-08-24T05:12:21.809+0000] {logging_mixin.py:151} INFO - [2023-08-24T05:12:21.809+0000] {dagbag.py:539} INFO - Filling up the DagBag from /usr/local/lib/python3.8/dist-packages/airflow/example_dags/plugins/workday.py
[2023-08-24T05:12:22.071+0000] {processor.py:841} WARNING - No viable dags retrieved from /usr/local/lib/python3.8/dist-packages/airflow/example_dags/plugins/workday.py
[2023-08-24T05:12:22.081+0000] {processor.py:179} INFO - Processing /usr/local/lib/python3.8/dist-packages/airflow/example_dags/plugins/workday.py took 0.280 seconds
[2023-08-24T05:13:23.419+0000] {processor.py:157} INFO - Started process (PID=49312) to work on /usr/local/lib/python3.8/dist-packages/airflow/example_dags/plugins/workday.py
[2023-08-24T05:13:23.422+0000] {processor.py:829} INFO - Processing file /usr/local/lib/python3.8/dist-packages/airflow/example_dags/plugins/workday.py for tasks to queue
[2023-08-24T05:13:23.423+0000] {logging_mixin.py:151} INFO - [2023-08-24T05:13:23.423+0000] {dagbag.py:539} INFO - Filling up the DagBag from /usr/local/lib/python3.8/dist-packages/airflow/example_dags/plugins/workday.py
[2023-08-24T05:13:23.701+0000] {processor.py:841} WARNING - No viable dags retrieved from /usr/local/lib/python3.8/dist-packages/airflow/example_dags/plugins/workday.py
[2023-08-24T05:13:23.713+0000] {processor.py:179} INFO - Processing /usr/local/lib/python3.8/dist-packages/airflow/example_dags/plugins/workday.py took 0.298 seconds
