[2023-08-31T06:22:59.612+0000] {taskinstance.py:1159} INFO - Dependencies all met for dep_context=non-requeueable deps ti=<TaskInstance: vnstock-pipeline-3M-1Y.Vm_pubsub_1Y manual__2023-08-31T06:19:06.208310+00:00 [queued]>
[2023-08-31T06:22:59.618+0000] {taskinstance.py:1159} INFO - Dependencies all met for dep_context=requeueable deps ti=<TaskInstance: vnstock-pipeline-3M-1Y.Vm_pubsub_1Y manual__2023-08-31T06:19:06.208310+00:00 [queued]>
[2023-08-31T06:22:59.618+0000] {taskinstance.py:1361} INFO - Starting attempt 1 of 4
[2023-08-31T06:22:59.630+0000] {taskinstance.py:1382} INFO - Executing <Task(PythonOperator): Vm_pubsub_1Y> on 2023-08-31 06:19:06.208310+00:00
[2023-08-31T06:22:59.635+0000] {clientserver.py:543} INFO - Closing down clientserver connection
[2023-08-31T06:22:59.635+0000] {standard_task_runner.py:57} INFO - Started process 528348 to run task
[2023-08-31T06:22:59.642+0000] {standard_task_runner.py:84} INFO - Running: ['airflow', 'tasks', 'run', 'vnstock-pipeline-3M-1Y', 'Vm_pubsub_1Y', 'manual__2023-08-31T06:19:06.208310+00:00', '--job-id', '480', '--raw', '--subdir', 'DAGS_FOLDER/main.py', '--cfg-path', '/tmp/tmp1_jxa5x_']
[2023-08-31T06:22:59.643+0000] {standard_task_runner.py:85} INFO - Job 480: Subtask Vm_pubsub_1Y
[2023-08-31T06:22:59.676+0000] {task_command.py:415} INFO - Running <TaskInstance: vnstock-pipeline-3M-1Y.Vm_pubsub_1Y manual__2023-08-31T06:19:06.208310+00:00 [running]> on host vnstock-pipeline-vm.us-central1-c.c.vnstock-pipeline.internal
[2023-08-31T06:22:59.724+0000] {taskinstance.py:1660} INFO - Exporting env vars: AIRFLOW_CTX_DAG_EMAIL='nguyentuanduong555@gmail.com' AIRFLOW_CTX_DAG_OWNER='Duong_' AIRFLOW_CTX_DAG_ID='vnstock-pipeline-3M-1Y' AIRFLOW_CTX_TASK_ID='Vm_pubsub_1Y' AIRFLOW_CTX_EXECUTION_DATE='2023-08-31T06:19:06.208310+00:00' AIRFLOW_CTX_TRY_NUMBER='1' AIRFLOW_CTX_DAG_RUN_ID='manual__2023-08-31T06:19:06.208310+00:00'
[2023-08-31T06:23:04.292+0000] {logging_mixin.py:151} INFO - +-------------------+------+-----+-------+-------+-------+-------+-------+-----------------+
|               time|ticker| type|  close|   open|   high|    low| volume|percentage_change|
+-------------------+------+-----+-------+-------+-------+-------+-------+-----------------+
|2023-08-30 00:00:00|   ABC|stock|15290.0|15200.0|15380.0|15020.0|38600.0|             0.59|
|2023-08-29 00:00:00|   ABC|stock|15200.0|14930.0|15380.0|14930.0|20500.0|             2.43|
|2023-08-28 00:00:00|   ABC|stock|14840.0|14560.0|15290.0|14560.0|14800.0|             1.92|
|2023-08-25 00:00:00|   ABC|stock|14560.0|14560.0|14560.0|14110.0|14500.0|             1.25|
|2023-08-24 00:00:00|   ABC|stock|14380.0|14840.0|15020.0|14380.0|26000.0|            -3.68|
|2023-08-23 00:00:00|   ABC|stock|14930.0|14020.0|15020.0|14020.0|15400.0|             5.14|
|2023-08-22 00:00:00|   ABC|stock|14200.0|13930.0|14200.0|13650.0| 9100.0|             1.28|
|2023-08-21 00:00:00|   ABC|stock|14020.0|15750.0|15750.0|14020.0| 1300.0|            -1.27|
|2023-08-18 00:00:00|   ABC|stock|14200.0|13650.0|14200.0|13290.0| 3200.0|             1.28|
|2023-08-17 00:00:00|   ABC|stock|14020.0|14560.0|14560.0|14020.0| 6500.0|            -3.71|
|2023-08-16 00:00:00|   ABC|stock|14560.0|14560.0|14560.0|14560.0| 4100.0|             3.19|
|2023-08-15 00:00:00|   ABC|stock|14110.0|14380.0|14380.0|14110.0| 1000.0|            -1.88|
|2023-08-14 00:00:00|   ABC|stock|14380.0|13930.0|14380.0|13930.0| 6900.0|            -1.24|
|2023-08-11 00:00:00|   ABC|stock|14560.0|14110.0|14650.0|14110.0| 4300.0|            -0.61|
|2023-08-10 00:00:00|   ABC|stock|14650.0|14650.0|14650.0|14650.0|  300.0|             1.24|
|2023-08-09 00:00:00|   ABC|stock|14470.0|14470.0|14560.0|14110.0|12800.0|            -0.62|
|2023-08-08 00:00:00|   ABC|stock|14560.0|14560.0|14560.0|14110.0| 6000.0|             0.62|
|2023-08-07 00:00:00|   ABC|stock|14470.0|13830.0|14470.0|13830.0|64900.0|             0.63|
|2023-08-04 00:00:00|   ABC|stock|14380.0|13740.0|14380.0|13650.0|22500.0|            -0.62|
|2023-08-03 00:00:00|   ABC|stock|14470.0|13650.0|14740.0|13650.0|21200.0|            -1.83|
+-------------------+------+-----+-------+-------+-------+-------+-------+-----------------+
only showing top 20 rows
[2023-08-31T06:23:04.295+0000] {logging_mixin.py:151} INFO - root
 |-- time: timestamp (nullable = true)
 |-- ticker: string (nullable = true)
 |-- type: string (nullable = true)
 |-- close: double (nullable = true)
 |-- open: double (nullable = true)
 |-- high: double (nullable = true)
 |-- low: double (nullable = true)
 |-- volume: double (nullable = true)
 |-- percentage_change: double (nullable = true)
[2023-08-31T06:23:13.214+0000] {logging_mixin.py:151} INFO - DONE_spark_1Y
[2023-08-31T06:23:13.214+0000] {python.py:194} INFO - Done. Returned value was: None
[2023-08-31T06:23:13.219+0000] {taskinstance.py:1400} INFO - Marking task as SUCCESS. dag_id=vnstock-pipeline-3M-1Y, task_id=Vm_pubsub_1Y, execution_date=20230831T061906, start_date=20230831T062259, end_date=20230831T062313
[2023-08-31T06:23:13.245+0000] {local_task_job_runner.py:228} INFO - Task exited with return code 0
[2023-08-31T06:23:13.260+0000] {taskinstance.py:2784} INFO - 1 downstream tasks scheduled from follow-on schedule check
