[2023-08-24T04:23:33.855+0000] {taskinstance.py:1159} INFO - Dependencies all met for dep_context=non-requeueable deps ti=<TaskInstance: vnstock-pipeline.Stock_collection_1Y manual__2023-08-24T04:22:15.117592+00:00 [queued]>
[2023-08-24T04:23:33.860+0000] {taskinstance.py:1159} INFO - Dependencies all met for dep_context=requeueable deps ti=<TaskInstance: vnstock-pipeline.Stock_collection_1Y manual__2023-08-24T04:22:15.117592+00:00 [queued]>
[2023-08-24T04:23:33.860+0000] {taskinstance.py:1361} INFO - Starting attempt 1 of 4
[2023-08-24T04:23:33.871+0000] {taskinstance.py:1382} INFO - Executing <Task(PythonOperator): Stock_collection_1Y> on 2023-08-24 04:22:15.117592+00:00
[2023-08-24T04:23:33.875+0000] {standard_task_runner.py:57} INFO - Started process 37912 to run task
[2023-08-24T04:23:33.875+0000] {clientserver.py:543} INFO - Closing down clientserver connection
[2023-08-24T04:23:33.882+0000] {standard_task_runner.py:84} INFO - Running: ['airflow', 'tasks', 'run', 'vnstock-pipeline', 'Stock_collection_1Y', 'manual__2023-08-24T04:22:15.117592+00:00', '--job-id', '109', '--raw', '--subdir', 'DAGS_FOLDER/main.py', '--cfg-path', '/tmp/tmpx8r8gjq5']
[2023-08-24T04:23:33.883+0000] {standard_task_runner.py:85} INFO - Job 109: Subtask Stock_collection_1Y
[2023-08-24T04:23:33.916+0000] {task_command.py:415} INFO - Running <TaskInstance: vnstock-pipeline.Stock_collection_1Y manual__2023-08-24T04:22:15.117592+00:00 [running]> on host vnstock-pipeline-vm.us-central1-c.c.vnstock-pipeline.internal
[2023-08-24T04:23:33.964+0000] {taskinstance.py:1660} INFO - Exporting env vars: AIRFLOW_CTX_DAG_EMAIL='nguyentuanduong555@gmail.com' AIRFLOW_CTX_DAG_OWNER='Duong' AIRFLOW_CTX_DAG_ID='vnstock-pipeline' AIRFLOW_CTX_TASK_ID='Stock_collection_1Y' AIRFLOW_CTX_EXECUTION_DATE='2023-08-24T04:22:15.117592+00:00' AIRFLOW_CTX_TRY_NUMBER='1' AIRFLOW_CTX_DAG_RUN_ID='manual__2023-08-24T04:22:15.117592+00:00'
[2023-08-24T04:23:34.800+0000] {logging_mixin.py:151} INFO - 1606/1607_SSI
[2023-08-24T04:23:35.488+0000] {logging_mixin.py:151} INFO - 1605/1607_BCM
[2023-08-24T04:23:36.180+0000] {logging_mixin.py:151} INFO - 1604/1607_VHM
[2023-08-24T04:23:36.865+0000] {logging_mixin.py:151} INFO - 1603/1607_VIC
[2023-08-24T04:23:37.559+0000] {logging_mixin.py:151} INFO - 1602/1607_VRE
[2023-08-24T04:23:38.258+0000] {logging_mixin.py:151} INFO - 1601/1607_BVH
[2023-08-24T04:23:38.950+0000] {logging_mixin.py:151} INFO - 1600/1607_POW
[2023-08-24T04:23:39.635+0000] {logging_mixin.py:151} INFO - 1599/1607_GAS
[2023-08-24T04:23:40.326+0000] {logging_mixin.py:151} INFO - 1598/1607_ACB
[2023-08-24T04:23:41.010+0000] {logging_mixin.py:151} INFO - 1597/1607_BID
[2023-08-24T04:23:41.697+0000] {logging_mixin.py:151} INFO - 1596/1607_CTG
[2023-08-24T04:23:42.394+0000] {logging_mixin.py:151} INFO - 1595/1607_HDB
[2023-08-24T04:23:43.092+0000] {logging_mixin.py:151} INFO - 1594/1607_MBB
[2023-08-24T04:23:43.780+0000] {logging_mixin.py:151} INFO - 1593/1607_SSB
[2023-08-24T04:23:44.475+0000] {logging_mixin.py:151} INFO - 1592/1607_SHB
[2023-08-24T04:23:45.171+0000] {logging_mixin.py:151} INFO - 1591/1607_STB
[2023-08-24T04:23:45.874+0000] {logging_mixin.py:151} INFO - 1590/1607_TCB
[2023-08-24T04:23:46.572+0000] {logging_mixin.py:151} INFO - 1589/1607_TPB
[2023-08-24T04:23:47.265+0000] {logging_mixin.py:151} INFO - 1588/1607_VCB
[2023-08-24T04:23:47.955+0000] {logging_mixin.py:151} INFO - 1587/1607_VIB
[2023-08-24T04:23:48.650+0000] {logging_mixin.py:151} INFO - 1586/1607_VPB
[2023-08-24T04:23:49.341+0000] {logging_mixin.py:151} INFO - 1585/1607_HPG
[2023-08-24T04:23:50.037+0000] {logging_mixin.py:151} INFO - 1584/1607_GVR
[2023-08-24T04:23:50.724+0000] {logging_mixin.py:151} INFO - 1583/1607_MSN
[2023-08-24T04:23:51.410+0000] {logging_mixin.py:151} INFO - 1582/1607_VNM
[2023-08-24T04:23:52.098+0000] {logging_mixin.py:151} INFO - 1581/1607_SAB
[2023-08-24T04:23:52.791+0000] {logging_mixin.py:151} INFO - 1580/1607_VJC
[2023-08-24T04:23:53.537+0000] {logging_mixin.py:151} INFO - 1579/1607_MWG
[2023-08-24T04:23:54.231+0000] {logging_mixin.py:151} INFO - 1578/1607_PLX
[2023-08-24T04:23:54.928+0000] {logging_mixin.py:151} INFO - 1577/1607_FPT
[2023-08-24T04:23:55.613+0000] {logging_mixin.py:151} INFO - 1576/1607_MFS
[2023-08-24T04:23:56.303+0000] {logging_mixin.py:151} INFO - 1575/1607_ABC
[2023-08-24T04:23:56.991+0000] {logging_mixin.py:151} INFO - 1574/1607_VGI
[2023-08-24T04:23:57.692+0000] {logging_mixin.py:151} INFO - 1573/1607_FOX
[2023-08-24T04:23:58.377+0000] {logging_mixin.py:151} INFO - 1572/1607_PAI
[2023-08-24T04:23:59.085+0000] {logging_mixin.py:151} INFO - 1571/1607_PIA
[2023-08-24T04:23:59.773+0000] {logging_mixin.py:151} INFO - 1570/1607_PTP
[2023-08-24T04:24:00.465+0000] {logging_mixin.py:151} INFO - 1569/1607_TTN
[2023-08-24T04:24:01.159+0000] {logging_mixin.py:151} INFO - 1568/1607_FUCTVGF3
[2023-08-24T04:24:01.844+0000] {logging_mixin.py:151} INFO - 1567/1607_FUEIP100
[2023-08-24T04:24:02.532+0000] {logging_mixin.py:151} INFO - 1566/1607_FUEKIV30
[2023-08-24T04:24:03.287+0000] {logging_mixin.py:151} INFO - 1565/1607_FUCTVGF4
[2023-08-24T04:24:03.973+0000] {logging_mixin.py:151} INFO - 1564/1607_FUEDCMID
[2023-08-24T04:24:04.663+0000] {logging_mixin.py:151} INFO - 1563/1607_FUEKIVFS
[2023-08-24T04:24:05.355+0000] {logging_mixin.py:151} INFO - 1562/1607_FUEMAVND
[2023-08-24T04:24:06.040+0000] {logging_mixin.py:151} INFO - 1561/1607_FUEFCV50
[2023-08-24T04:24:06.723+0000] {logging_mixin.py:151} INFO - 1560/1607_FUEBFVND
[2023-08-24T04:24:07.423+0000] {logging_mixin.py:151} INFO - 1559/1607_FUESSV50
[2023-08-24T04:24:08.116+0000] {logging_mixin.py:151} INFO - 1558/1607_E1VFVN30
[2023-08-24T04:24:08.806+0000] {logging_mixin.py:151} INFO - 1557/1607_FUESSVFL
[2023-08-24T04:24:08.808+0000] {python.py:194} INFO - Done. Returned value was: Done
[2023-08-24T04:24:08.821+0000] {taskinstance.py:1400} INFO - Marking task as SUCCESS. dag_id=vnstock-pipeline, task_id=Stock_collection_1Y, execution_date=20230824T042215, start_date=20230824T042333, end_date=20230824T042408
[2023-08-24T04:24:08.869+0000] {local_task_job_runner.py:228} INFO - Task exited with return code 0
[2023-08-24T04:24:08.878+0000] {taskinstance.py:2784} INFO - 0 downstream tasks scheduled from follow-on schedule check
