[2023-08-29T15:42:49.592+0000] {taskinstance.py:1159} INFO - Dependencies all met for dep_context=non-requeueable deps ti=<TaskInstance: vnstock-pipeline-1D.Stock_collection_1D scheduled__2023-08-18T16:00:00+00:00 [queued]>
[2023-08-29T15:42:49.597+0000] {taskinstance.py:1159} INFO - Dependencies all met for dep_context=requeueable deps ti=<TaskInstance: vnstock-pipeline-1D.Stock_collection_1D scheduled__2023-08-18T16:00:00+00:00 [queued]>
[2023-08-29T15:42:49.597+0000] {taskinstance.py:1361} INFO - Starting attempt 1 of 4
[2023-08-29T15:42:49.614+0000] {taskinstance.py:1382} INFO - Executing <Task(PythonOperator): Stock_collection_1D> on 2023-08-18 16:00:00+00:00
[2023-08-29T15:42:49.618+0000] {standard_task_runner.py:57} INFO - Started process 199066 to run task
[2023-08-29T15:42:49.618+0000] {clientserver.py:543} INFO - Closing down clientserver connection
[2023-08-29T15:42:49.625+0000] {standard_task_runner.py:84} INFO - Running: ['airflow', 'tasks', 'run', 'vnstock-pipeline-1D', 'Stock_collection_1D', 'scheduled__2023-08-18T16:00:00+00:00', '--job-id', '156', '--raw', '--subdir', 'DAGS_FOLDER/main.py', '--cfg-path', '/tmp/tmpvkp6f4m9']
[2023-08-29T15:42:49.626+0000] {standard_task_runner.py:85} INFO - Job 156: Subtask Stock_collection_1D
[2023-08-29T15:42:49.665+0000] {task_command.py:415} INFO - Running <TaskInstance: vnstock-pipeline-1D.Stock_collection_1D scheduled__2023-08-18T16:00:00+00:00 [running]> on host vnstock-pipeline-vm.us-central1-c.c.vnstock-pipeline.internal
[2023-08-29T15:42:49.728+0000] {taskinstance.py:1660} INFO - Exporting env vars: AIRFLOW_CTX_DAG_EMAIL='nguyentuanduong555@gmail.com' AIRFLOW_CTX_DAG_OWNER='Duong' AIRFLOW_CTX_DAG_ID='vnstock-pipeline-1D' AIRFLOW_CTX_TASK_ID='Stock_collection_1D' AIRFLOW_CTX_EXECUTION_DATE='2023-08-18T16:00:00+00:00' AIRFLOW_CTX_TRY_NUMBER='1' AIRFLOW_CTX_DAG_RUN_ID='scheduled__2023-08-18T16:00:00+00:00'
[2023-08-29T15:42:50.710+0000] {logging_mixin.py:151} INFO -                        time     open     high      low    close      volume ticker   type
0 2023-08-29 09:00:00+07:00  32500.0  32549.0  32250.0  32250.0   6360400.0    SSI  stock
1 2023-08-29 10:00:00+07:00  32250.0  32299.0  31850.0  31950.0  10669900.0    SSI  stock
2 2023-08-29 11:00:00+07:00  31950.0  32049.0  31700.0  31900.0   5252600.0    SSI  stock
3 2023-08-29 13:00:00+07:00  31900.0  32400.0  31800.0  32100.0   6799600.0    SSI  stock
4 2023-08-29 14:00:00+07:00  32049.0  32800.0  32049.0  32350.0   6115000.0    SSI  stock
[2023-08-29T15:42:50.713+0000] {logging_mixin.py:151} INFO - 1606/1607_SSI
[2023-08-29T15:42:51.391+0000] {logging_mixin.py:151} INFO -                        time     open     high      low    close    volume ticker   type
0 2023-08-29 09:00:00+07:00  71700.0  71700.0  70100.0  71400.0  129700.0    BCM  stock
1 2023-08-29 10:00:00+07:00  71400.0  71400.0  70800.0  70800.0   95300.0    BCM  stock
2 2023-08-29 11:00:00+07:00  70800.0  70900.0  70400.0  70600.0   31600.0    BCM  stock
3 2023-08-29 13:00:00+07:00  70400.0  70900.0  69700.0  70000.0   95300.0    BCM  stock
4 2023-08-29 14:00:00+07:00  70000.0  71300.0  70000.0  71300.0   73700.0    BCM  stock
[2023-08-29T15:42:51.393+0000] {logging_mixin.py:151} INFO - 1605/1607_BCM
[2023-08-29T15:42:52.071+0000] {logging_mixin.py:151} INFO -                        time     open     high      low    close     volume ticker   type
0 2023-08-29 09:00:00+07:00  55000.0  55800.0  55000.0  55600.0  1093300.0    VHM  stock
1 2023-08-29 10:00:00+07:00  55600.0  55700.0  54900.0  55000.0  1393500.0    VHM  stock
2 2023-08-29 11:00:00+07:00  55000.0  55000.0  54700.0  54700.0   256800.0    VHM  stock
3 2023-08-29 13:00:00+07:00  54800.0  55000.0  54500.0  54600.0  1538400.0    VHM  stock
4 2023-08-29 14:00:00+07:00  54600.0  54800.0  54400.0  54600.0  1023400.0    VHM  stock
[2023-08-29T15:42:52.072+0000] {logging_mixin.py:151} INFO - 1604/1607_VHM
[2023-08-29T15:42:52.749+0000] {logging_mixin.py:151} INFO -                        time     open     high      low    close     volume ticker   type
0 2023-08-29 09:00:00+07:00  65700.0  65900.0  64800.0  65200.0  3627100.0    VIC  stock
1 2023-08-29 10:00:00+07:00  65099.0  65200.0  63700.0  63800.0  4358700.0    VIC  stock
2 2023-08-29 11:00:00+07:00  63800.0  64099.0  63500.0  63700.0  2579200.0    VIC  stock
3 2023-08-29 13:00:00+07:00  63600.0  64200.0  63200.0  63300.0  6178200.0    VIC  stock
4 2023-08-29 14:00:00+07:00  63400.0  63900.0  63300.0  63400.0  3907100.0    VIC  stock
[2023-08-29T15:42:52.751+0000] {logging_mixin.py:151} INFO - 1603/1607_VIC
[2023-08-29T15:42:53.433+0000] {logging_mixin.py:151} INFO -                        time     open     high      low    close    volume ticker   type
0 2023-08-29 09:00:00+07:00  29750.0  29800.0  29450.0  29600.0  516900.0    VRE  stock
1 2023-08-29 10:00:00+07:00  29600.0  29600.0  29300.0  29400.0  699500.0    VRE  stock
2 2023-08-29 11:00:00+07:00  29400.0  29450.0  29250.0  29300.0  173000.0    VRE  stock
3 2023-08-29 13:00:00+07:00  29300.0  29400.0  29200.0  29350.0  584700.0    VRE  stock
4 2023-08-29 14:00:00+07:00  29300.0  29450.0  29250.0  29250.0  855800.0    VRE  stock
[2023-08-29T15:42:53.434+0000] {logging_mixin.py:151} INFO - 1602/1607_VRE
[2023-08-29T15:42:54.112+0000] {logging_mixin.py:151} INFO -                        time     open     high      low    close    volume ticker   type
0 2023-08-29 09:00:00+07:00  44950.0  45450.0  44950.0  45250.0  168500.0    BVH  stock
1 2023-08-29 10:00:00+07:00  45300.0  45400.0  45200.0  45250.0  241800.0    BVH  stock
2 2023-08-29 11:00:00+07:00  45250.0  45300.0  45050.0  45100.0   89000.0    BVH  stock
3 2023-08-29 13:00:00+07:00  45050.0  45100.0  44950.0  45000.0  102300.0    BVH  stock
4 2023-08-29 14:00:00+07:00  45000.0  45000.0  44800.0  44800.0  136200.0    BVH  stock
[2023-08-29T15:42:54.114+0000] {logging_mixin.py:151} INFO - 1601/1607_BVH
[2023-08-29T15:42:54.792+0000] {logging_mixin.py:151} INFO -                        time     open     high      low    close     volume ticker   type
0 2023-08-29 09:00:00+07:00  12700.0  12750.0  12650.0  12700.0  1529900.0    POW  stock
1 2023-08-29 10:00:00+07:00  12650.0  12750.0  12600.0  12650.0  1470800.0    POW  stock
2 2023-08-29 11:00:00+07:00  12650.0  12650.0  12550.0  12600.0   840200.0    POW  stock
3 2023-08-29 13:00:00+07:00  12600.0  12650.0  12500.0  12600.0  3379300.0    POW  stock
4 2023-08-29 14:00:00+07:00  12600.0  12650.0  12550.0  12600.0  1428700.0    POW  stock
[2023-08-29T15:42:54.794+0000] {logging_mixin.py:151} INFO - 1600/1607_POW
[2023-08-29T15:42:55.472+0000] {logging_mixin.py:151} INFO -                        time      open      high      low     close    volume ticker   type
0 2023-08-29 09:00:00+07:00  101000.0  101000.0  99800.0   99800.0  181500.0    GAS  stock
1 2023-08-29 10:00:00+07:00   99900.0  100300.0  99700.0  100000.0   92300.0    GAS  stock
2 2023-08-29 11:00:00+07:00  100100.0  100100.0  99500.0   99600.0   92300.0    GAS  stock
3 2023-08-29 13:00:00+07:00   99500.0   99900.0  99400.0   99800.0   80600.0    GAS  stock
4 2023-08-29 14:00:00+07:00   99800.0   99900.0  99600.0   99900.0   96400.0    GAS  stock
[2023-08-29T15:42:55.474+0000] {logging_mixin.py:151} INFO - 1599/1607_GAS
[2023-08-29T15:42:56.155+0000] {logging_mixin.py:151} INFO -                        time     open     high      low    close     volume ticker   type
0 2023-08-29 09:00:00+07:00  22050.0  22200.0  22050.0  22150.0  1817300.0    ACB  stock
1 2023-08-29 10:00:00+07:00  22200.0  22200.0  22050.0  22100.0  1013300.0    ACB  stock
2 2023-08-29 11:00:00+07:00  22050.0  22100.0  22000.0  22000.0   432300.0    ACB  stock
3 2023-08-29 13:00:00+07:00  22000.0  22100.0  22000.0  22000.0   719200.0    ACB  stock
4 2023-08-29 14:00:00+07:00  22000.0  22100.0  21950.0  22050.0  1792600.0    ACB  stock
[2023-08-29T15:42:56.156+0000] {logging_mixin.py:151} INFO - 1598/1607_ACB
[2023-08-29T15:42:56.837+0000] {logging_mixin.py:151} INFO -                        time     open     high      low    close    volume ticker   type
0 2023-08-29 09:00:00+07:00  45400.0  46100.0  45350.0  45950.0  274500.0    BID  stock
1 2023-08-29 10:00:00+07:00  45950.0  45950.0  45700.0  45800.0  156500.0    BID  stock
2 2023-08-29 11:00:00+07:00  45800.0  45850.0  45650.0  45750.0   85500.0    BID  stock
3 2023-08-29 13:00:00+07:00  45700.0  45900.0  45650.0  45800.0  470300.0    BID  stock
4 2023-08-29 14:00:00+07:00  45800.0  45900.0  45700.0  45800.0  372800.0    BID  stock
[2023-08-29T15:42:56.840+0000] {logging_mixin.py:151} INFO - 1597/1607_BID
[2023-08-29T15:42:57.521+0000] {logging_mixin.py:151} INFO -                        time     open     high      low    close     volume ticker   type
0 2023-08-29 09:00:00+07:00  31400.0  31800.0  31400.0  31600.0  1186100.0    CTG  stock
1 2023-08-29 10:00:00+07:00  31600.0  31600.0  31450.0  31500.0   628700.0    CTG  stock
2 2023-08-29 11:00:00+07:00  31500.0  31550.0  31400.0  31400.0   325500.0    CTG  stock
3 2023-08-29 13:00:00+07:00  31400.0  31450.0  31300.0  31300.0   856100.0    CTG  stock
4 2023-08-29 14:00:00+07:00  31300.0  31400.0  31250.0  31250.0   730000.0    CTG  stock
[2023-08-29T15:42:57.522+0000] {logging_mixin.py:151} INFO - 1596/1607_CTG
[2023-08-29T15:42:58.198+0000] {logging_mixin.py:151} INFO -                        time     open     high      low    close    volume ticker   type
0 2023-08-29 09:00:00+07:00  16200.0  16300.0  16200.0  16300.0  646100.0    HDB  stock
1 2023-08-29 10:00:00+07:00  16300.0  16300.0  16149.0  16149.0  962300.0    HDB  stock
2 2023-08-29 11:00:00+07:00  16200.0  16200.0  16100.0  16149.0  366900.0    HDB  stock
3 2023-08-29 13:00:00+07:00  16149.0  16250.0  16100.0  16200.0  632000.0    HDB  stock
4 2023-08-29 14:00:00+07:00  16200.0  16250.0  16149.0  16200.0  347700.0    HDB  stock
[2023-08-29T15:42:58.199+0000] {logging_mixin.py:151} INFO - 1595/1607_HDB
[2023-08-29T15:42:58.883+0000] {logging_mixin.py:151} INFO -                        time     open     high      low    close     volume ticker   type
0 2023-08-29 09:00:00+07:00  18250.0  18350.0  18150.0  18300.0  3009400.0    MBB  stock
1 2023-08-29 10:00:00+07:00  18350.0  18350.0  18250.0  18300.0  2256800.0    MBB  stock
2 2023-08-29 11:00:00+07:00  18300.0  18300.0  18250.0  18250.0   546800.0    MBB  stock
3 2023-08-29 13:00:00+07:00  18250.0  18300.0  18200.0  18250.0  1727300.0    MBB  stock
4 2023-08-29 14:00:00+07:00  18250.0  18350.0  18200.0  18250.0  1914900.0    MBB  stock
[2023-08-29T15:42:58.884+0000] {logging_mixin.py:151} INFO - 1594/1607_MBB
[2023-08-29T15:42:59.563+0000] {logging_mixin.py:151} INFO -                        time     open     high      low    close    volume ticker   type
0 2023-08-29 09:00:00+07:00  28300.0  28350.0  27550.0  27650.0  438300.0    SSB  stock
1 2023-08-29 10:00:00+07:00  28000.0  28250.0  27550.0  28000.0  214700.0    SSB  stock
2 2023-08-29 11:00:00+07:00  28000.0  28150.0  27600.0  28100.0   76500.0    SSB  stock
3 2023-08-29 13:00:00+07:00  28100.0  28250.0  27900.0  28150.0  340200.0    SSB  stock
4 2023-08-29 14:00:00+07:00  28150.0  28350.0  28150.0  28350.0  680100.0    SSB  stock
[2023-08-29T15:42:59.565+0000] {logging_mixin.py:151} INFO - 1593/1607_SSB
[2023-08-29T15:43:00.243+0000] {logging_mixin.py:151} INFO -                        time     open     high      low    close     volume ticker   type
0 2023-08-29 09:00:00+07:00  12150.0  12400.0  12100.0  12350.0  8196900.0    SHB  stock
1 2023-08-29 10:00:00+07:00  12300.0  12350.0  12200.0  12300.0  2953100.0    SHB  stock
2 2023-08-29 11:00:00+07:00  12300.0  12300.0  12150.0  12200.0  2033300.0    SHB  stock
3 2023-08-29 13:00:00+07:00  12200.0  12350.0  12150.0  12300.0  3946800.0    SHB  stock
4 2023-08-29 14:00:00+07:00  12300.0  12300.0  12200.0  12250.0  2808100.0    SHB  stock
[2023-08-29T15:43:00.245+0000] {logging_mixin.py:151} INFO - 1592/1607_SHB
[2023-08-29T15:43:00.923+0000] {logging_mixin.py:151} INFO -                        time     open     high      low    close     volume ticker   type
0 2023-08-29 09:00:00+07:00  31800.0  31850.0  31600.0  31650.0  2682600.0    STB  stock
1 2023-08-29 10:00:00+07:00  31650.0  31700.0  31500.0  31550.0  3762500.0    STB  stock
2 2023-08-29 11:00:00+07:00  31550.0  31600.0  31350.0  31450.0  1855300.0    STB  stock
3 2023-08-29 13:00:00+07:00  31400.0  31700.0  31350.0  31500.0  4107500.0    STB  stock
4 2023-08-29 14:00:00+07:00  31500.0  31900.0  31450.0  31750.0  5264500.0    STB  stock
[2023-08-29T15:43:00.924+0000] {logging_mixin.py:151} INFO - 1591/1607_STB
[2023-08-29T15:43:01.610+0000] {logging_mixin.py:151} INFO -                        time     open     high      low    close     volume ticker   type
0 2023-08-29 09:00:00+07:00  34000.0  34250.0  33950.0  34100.0  1074900.0    TCB  stock
1 2023-08-29 10:00:00+07:00  34100.0  34100.0  33900.0  33950.0   691300.0    TCB  stock
2 2023-08-29 11:00:00+07:00  33950.0  33950.0  33750.0  33850.0   300500.0    TCB  stock
3 2023-08-29 13:00:00+07:00  33850.0  34100.0  33750.0  33950.0   941700.0    TCB  stock
4 2023-08-29 14:00:00+07:00  33900.0  34050.0  33850.0  33900.0   694100.0    TCB  stock
[2023-08-29T15:43:01.612+0000] {logging_mixin.py:151} INFO - 1590/1607_TCB
[2023-08-29T15:43:02.290+0000] {logging_mixin.py:151} INFO -                        time     open     high      low    close     volume ticker   type
0 2023-08-29 09:00:00+07:00  19000.0  19100.0  19000.0  19000.0  2080000.0    TPB  stock
1 2023-08-29 10:00:00+07:00  19000.0  19050.0  18850.0  19000.0  1923100.0    TPB  stock
2 2023-08-29 11:00:00+07:00  18950.0  19000.0  18900.0  18900.0   452900.0    TPB  stock
3 2023-08-29 13:00:00+07:00  18900.0  19000.0  18900.0  18950.0   975700.0    TPB  stock
4 2023-08-29 14:00:00+07:00  18950.0  19050.0  18900.0  19000.0  1503600.0    TPB  stock
[2023-08-29T15:43:02.292+0000] {logging_mixin.py:151} INFO - 1589/1607_TPB
[2023-08-29T15:43:02.985+0000] {logging_mixin.py:151} INFO -                        time     open     high      low    close    volume ticker   type
0 2023-08-29 09:00:00+07:00  87000.0  87700.0  86900.0  87600.0  182700.0    VCB  stock
1 2023-08-29 10:00:00+07:00  87600.0  87600.0  87400.0  87500.0  156500.0    VCB  stock
2 2023-08-29 11:00:00+07:00  87600.0  87700.0  87400.0  87500.0  166200.0    VCB  stock
3 2023-08-29 13:00:00+07:00  87500.0  88400.0  87400.0  88400.0  524900.0    VCB  stock
4 2023-08-29 14:00:00+07:00  88300.0  88500.0  88200.0  88400.0  361600.0    VCB  stock
[2023-08-29T15:43:02.987+0000] {logging_mixin.py:151} INFO - 1588/1607_VCB
[2023-08-29T15:43:03.739+0000] {logging_mixin.py:151} INFO -                        time     open     high      low    close     volume ticker   type
0 2023-08-29 09:00:00+07:00  19800.0  19950.0  19800.0  19850.0   965200.0    VIB  stock
1 2023-08-29 10:00:00+07:00  19850.0  19950.0  19750.0  19800.0   870600.0    VIB  stock
2 2023-08-29 11:00:00+07:00  19800.0  19800.0  19700.0  19750.0   210600.0    VIB  stock
3 2023-08-29 13:00:00+07:00  19750.0  19850.0  19750.0  19750.0  1120000.0    VIB  stock
4 2023-08-29 14:00:00+07:00  19750.0  19900.0  19700.0  19800.0   655300.0    VIB  stock
[2023-08-29T15:43:03.744+0000] {logging_mixin.py:151} INFO - 1587/1607_VIB
[2023-08-29T15:43:04.470+0000] {logging_mixin.py:151} INFO -                        time     open     high      low    close     volume ticker   type
0 2023-08-29 09:00:00+07:00  20350.0  20550.0  20250.0  20450.0  3599600.0    VPB  stock
1 2023-08-29 10:00:00+07:00  20450.0  20900.0  20350.0  20750.0  5759800.0    VPB  stock
2 2023-08-29 11:00:00+07:00  20750.0  20800.0  20600.0  20650.0  1268400.0    VPB  stock
3 2023-08-29 13:00:00+07:00  20650.0  20800.0  20600.0  20650.0  2401300.0    VPB  stock
4 2023-08-29 14:00:00+07:00  20650.0  20850.0  20650.0  20850.0  3184100.0    VPB  stock
[2023-08-29T15:43:04.472+0000] {logging_mixin.py:151} INFO - 1586/1607_VPB
[2023-08-29T15:43:05.176+0000] {logging_mixin.py:151} INFO -                        time     open     high      low    close     volume ticker   type
0 2023-08-29 09:00:00+07:00  26900.0  27150.0  26900.0  27000.0  5371600.0    HPG  stock
1 2023-08-29 10:00:00+07:00  27000.0  27000.0  26750.0  26850.0  3604300.0    HPG  stock
2 2023-08-29 11:00:00+07:00  26850.0  26950.0  26750.0  26850.0  1774000.0    HPG  stock
3 2023-08-29 13:00:00+07:00  26850.0  26900.0  26700.0  26750.0  3457800.0    HPG  stock
4 2023-08-29 14:00:00+07:00  26750.0  27000.0  26750.0  27000.0  3761900.0    HPG  stock
[2023-08-29T15:43:05.178+0000] {logging_mixin.py:151} INFO - 1585/1607_HPG
[2023-08-29T15:43:05.880+0000] {logging_mixin.py:151} INFO -                        time     open     high      low    close    volume ticker   type
0 2023-08-29 09:00:00+07:00  20450.0  20850.0  20350.0  20650.0  884100.0    GVR  stock
1 2023-08-29 10:00:00+07:00  20700.0  20700.0  20550.0  20550.0  450300.0    GVR  stock
2 2023-08-29 11:00:00+07:00  20600.0  20600.0  20500.0  20500.0  211600.0    GVR  stock
3 2023-08-29 13:00:00+07:00  20500.0  20600.0  20400.0  20500.0  485900.0    GVR  stock
4 2023-08-29 14:00:00+07:00  20500.0  20650.0  20500.0  20650.0  287800.0    GVR  stock
[2023-08-29T15:43:05.882+0000] {logging_mixin.py:151} INFO - 1584/1607_GVR
[2023-08-29T15:43:06.585+0000] {logging_mixin.py:151} INFO -                        time     open     high      low    close    volume ticker   type
0 2023-08-29 09:00:00+07:00  81200.0  81400.0  80600.0  80800.0  291100.0    MSN  stock
1 2023-08-29 10:00:00+07:00  80800.0  80900.0  80500.0  80600.0  240300.0    MSN  stock
2 2023-08-29 11:00:00+07:00  80600.0  80700.0  80200.0  80300.0  100700.0    MSN  stock
3 2023-08-29 13:00:00+07:00  80300.0  80600.0  79900.0  79900.0  601000.0    MSN  stock
4 2023-08-29 14:00:00+07:00  79900.0  80700.0  79800.0  80000.0  495400.0    MSN  stock
[2023-08-29T15:43:06.587+0000] {logging_mixin.py:151} INFO - 1583/1607_MSN
[2023-08-29T15:43:07.290+0000] {logging_mixin.py:151} INFO -                        time     open     high      low    close     volume ticker   type
0 2023-08-29 09:00:00+07:00  77500.0  77600.0  76800.0  77000.0   810800.0    VNM  stock
1 2023-08-29 10:00:00+07:00  77000.0  77000.0  76200.0  76600.0  1116500.0    VNM  stock
2 2023-08-29 11:00:00+07:00  76700.0  76800.0  76400.0  76400.0   261300.0    VNM  stock
3 2023-08-29 13:00:00+07:00  76500.0  76900.0  76300.0  76800.0   827800.0    VNM  stock
4 2023-08-29 14:00:00+07:00  76800.0  77500.0  76700.0  77400.0  1183500.0    VNM  stock
[2023-08-29T15:43:07.299+0000] {logging_mixin.py:151} INFO - 1582/1607_VNM
[2023-08-29T15:43:08.031+0000] {logging_mixin.py:151} INFO -                        time      open      high       low     close   volume ticker   type
0 2023-08-29 09:00:00+07:00  156500.0  156600.0  156000.0  156000.0  58300.0    SAB  stock
1 2023-08-29 10:00:00+07:00  156300.0  156300.0  156000.0  156000.0  18900.0    SAB  stock
2 2023-08-29 11:00:00+07:00  156000.0  156300.0  156000.0  156100.0  22600.0    SAB  stock
3 2023-08-29 13:00:00+07:00  156000.0  158000.0  155900.0  158000.0  89200.0    SAB  stock
4 2023-08-29 14:00:00+07:00  158000.0  159300.0  157500.0  158100.0  86400.0    SAB  stock
[2023-08-29T15:43:08.033+0000] {logging_mixin.py:151} INFO - 1581/1607_SAB
[2023-08-29T15:43:08.744+0000] {logging_mixin.py:151} INFO -                        time     open     high      low    close    volume ticker   type
0 2023-08-29 09:00:00+07:00  98000.0  98300.0  96800.0  96800.0  235100.0    VJC  stock
1 2023-08-29 10:00:00+07:00  96800.0  97100.0  96500.0  97100.0  186000.0    VJC  stock
2 2023-08-29 11:00:00+07:00  96900.0  97400.0  96900.0  96900.0   30100.0    VJC  stock
3 2023-08-29 13:00:00+07:00  96900.0  97700.0  96800.0  97200.0  249900.0    VJC  stock
4 2023-08-29 14:00:00+07:00  97200.0  97700.0  97000.0  97500.0   77400.0    VJC  stock
[2023-08-29T15:43:08.746+0000] {logging_mixin.py:151} INFO - 1580/1607_VJC
[2023-08-29T15:43:09.575+0000] {logging_mixin.py:151} INFO -                        time     open     high      low    close     volume ticker   type
0 2023-08-29 09:00:00+07:00  51800.0  52600.0  51800.0  52200.0  1892500.0    MWG  stock
1 2023-08-29 10:00:00+07:00  52100.0  52400.0  51900.0  52000.0  1047900.0    MWG  stock
2 2023-08-29 11:00:00+07:00  52000.0  52200.0  51600.0  52000.0   608200.0    MWG  stock
3 2023-08-29 13:00:00+07:00  51900.0  52400.0  51500.0  52400.0  1817100.0    MWG  stock
4 2023-08-29 14:00:00+07:00  52300.0  53200.0  52300.0  52900.0  2938200.0    MWG  stock
[2023-08-29T15:43:09.577+0000] {logging_mixin.py:151} INFO - 1579/1607_MWG
[2023-08-29T15:43:10.274+0000] {logging_mixin.py:151} INFO -                        time     open     high      low    close    volume ticker   type
0 2023-08-29 09:00:00+07:00  38250.0  38300.0  38050.0  38200.0  218600.0    PLX  stock
1 2023-08-29 10:00:00+07:00  38250.0  38300.0  38100.0  38150.0  219500.0    PLX  stock
2 2023-08-29 11:00:00+07:00  38150.0  38150.0  38000.0  38050.0   73700.0    PLX  stock
3 2023-08-29 13:00:00+07:00  38050.0  38200.0  38000.0  38100.0  156500.0    PLX  stock
4 2023-08-29 14:00:00+07:00  38100.0  38200.0  38050.0  38050.0  129700.0    PLX  stock
[2023-08-29T15:43:10.276+0000] {logging_mixin.py:151} INFO - 1578/1607_PLX
[2023-08-29T15:43:10.973+0000] {logging_mixin.py:151} INFO -                        time     open     high      low    close    volume ticker   type
0 2023-08-29 09:00:00+07:00  94000.0  94000.0  93000.0  93200.0  429400.0    FPT  stock
1 2023-08-29 10:00:00+07:00  93100.0  93300.0  93000.0  93100.0  192600.0    FPT  stock
2 2023-08-29 11:00:00+07:00  93100.0  93200.0  92800.0  93000.0  186600.0    FPT  stock
3 2023-08-29 13:00:00+07:00  93000.0  93800.0  92800.0  93600.0  420900.0    FPT  stock
4 2023-08-29 14:00:00+07:00  93600.0  93900.0  93400.0  93600.0  317900.0    FPT  stock
[2023-08-29T15:43:10.975+0000] {logging_mixin.py:151} INFO - 1577/1607_FPT
[2023-08-29T15:43:11.664+0000] {logging_mixin.py:151} INFO -                        time     open     high      low    close  volume ticker   type
0 2023-08-29 09:00:00+07:00  29000.0  29000.0  29000.0  29000.0   100.0    MFS  stock
[2023-08-29T15:43:11.666+0000] {logging_mixin.py:151} INFO - 1576/1607_MFS
[2023-08-29T15:43:12.356+0000] {logging_mixin.py:151} INFO -                        time     open     high      low    close  volume ticker   type
0 2023-08-29 09:00:00+07:00  16400.0  16600.0  16400.0  16600.0  4300.0    ABC  stock
1 2023-08-29 10:00:00+07:00  16600.0  16900.0  16600.0  16900.0  8800.0    ABC  stock
2 2023-08-29 11:00:00+07:00  16600.0  16600.0  16600.0  16600.0   200.0    ABC  stock
3 2023-08-29 13:00:00+07:00  16700.0  16700.0  16500.0  16600.0  4800.0    ABC  stock
4 2023-08-29 14:00:00+07:00  16600.0  16700.0  16600.0  16700.0  2400.0    ABC  stock
[2023-08-29T15:43:12.358+0000] {logging_mixin.py:151} INFO - 1575/1607_ABC
[2023-08-29T15:43:13.054+0000] {logging_mixin.py:151} INFO -                        time     open     high      low    close    volume ticker   type
0 2023-08-29 09:00:00+07:00  24700.0  24800.0  24400.0  24400.0   66900.0    VGI  stock
1 2023-08-29 10:00:00+07:00  24400.0  24600.0  24400.0  24400.0   74600.0    VGI  stock
2 2023-08-29 11:00:00+07:00  24400.0  24400.0  24200.0  24300.0   58600.0    VGI  stock
3 2023-08-29 13:00:00+07:00  24300.0  24400.0  24100.0  24400.0  116600.0    VGI  stock
4 2023-08-29 14:00:00+07:00  24400.0  24400.0  24200.0  24200.0   97200.0    VGI  stock
[2023-08-29T15:43:13.056+0000] {logging_mixin.py:151} INFO - 1574/1607_VGI
[2023-08-29T15:43:13.751+0000] {logging_mixin.py:151} INFO -                        time     open     high      low    close   volume ticker   type
0 2023-08-29 09:00:00+07:00  65600.0  65600.0  65000.0  65200.0   1600.0    FOX  stock
1 2023-08-29 10:00:00+07:00  65200.0  65200.0  65200.0  65200.0    400.0    FOX  stock
2 2023-08-29 11:00:00+07:00  65099.0  65099.0  65099.0  65099.0    100.0    FOX  stock
3 2023-08-29 13:00:00+07:00  65000.0  65400.0  65000.0  65400.0  10100.0    FOX  stock
4 2023-08-29 14:00:00+07:00  64400.0  65500.0  64400.0  65500.0   1600.0    FOX  stock
[2023-08-29T15:43:13.753+0000] {logging_mixin.py:151} INFO - 1573/1607_FOX
[2023-08-29T15:43:15.563+0000] {logging_mixin.py:151} INFO - Empty DataFrame
Columns: [time, open, high, low, close, volume, ticker, type]
Index: []
[2023-08-29T15:43:15.564+0000] {logging_mixin.py:151} INFO - 1572/1607_PAI
[2023-08-29T15:43:16.256+0000] {logging_mixin.py:151} INFO -                        time     open     high      low    close  volume ticker   type
0 2023-08-29 09:00:00+07:00  25800.0  25800.0  25800.0  25800.0   100.0    PIA  stock
[2023-08-29T15:43:16.257+0000] {logging_mixin.py:151} INFO - 1571/1607_PIA
[2023-08-29T15:43:18.024+0000] {logging_mixin.py:151} INFO - Empty DataFrame
Columns: [time, open, high, low, close, volume, ticker, type]
Index: []
[2023-08-29T15:43:18.025+0000] {logging_mixin.py:151} INFO - 1570/1607_PTP
[2023-08-29T15:43:18.702+0000] {logging_mixin.py:151} INFO -                        time    open    high     low   close   volume ticker   type
0 2023-08-29 09:00:00+07:00  8400.0  8400.0  8300.0  8300.0   2800.0    TTN  stock
1 2023-08-29 10:00:00+07:00  8400.0  8400.0  8300.0  8300.0   5400.0    TTN  stock
2 2023-08-29 11:00:00+07:00  8300.0  8300.0  8300.0  8300.0  15300.0    TTN  stock
3 2023-08-29 13:00:00+07:00  8300.0  8300.0  8200.0  8300.0  14600.0    TTN  stock
4 2023-08-29 14:00:00+07:00  8300.0  8300.0  8300.0  8300.0  20100.0    TTN  stock
[2023-08-29T15:43:18.704+0000] {logging_mixin.py:151} INFO - 1569/1607_TTN
[2023-08-29T15:43:20.404+0000] {logging_mixin.py:151} INFO - Empty DataFrame
Columns: [time, open, high, low, close, volume, ticker, type]
Index: []
[2023-08-29T15:43:20.405+0000] {logging_mixin.py:151} INFO - 1568/1607_FUCTVGF3
[2023-08-29T15:43:21.108+0000] {logging_mixin.py:151} INFO -                        time    open    high     low   close  volume    ticker   type
0 2023-08-29 10:00:00+07:00  8850.0  8850.0  8850.0  8850.0   200.0  FUEIP100  stock
1 2023-08-29 14:00:00+07:00  8840.0  8840.0  8840.0  8840.0   100.0  FUEIP100  stock
[2023-08-29T15:43:21.109+0000] {logging_mixin.py:151} INFO - 1567/1607_FUEIP100
[2023-08-29T15:43:21.787+0000] {logging_mixin.py:151} INFO -                        time    open    high     low   close   volume    ticker   type
0 2023-08-29 09:00:00+07:00  7980.0  8000.0  7980.0  8000.0    600.0  FUEKIV30  stock
1 2023-08-29 10:00:00+07:00  7980.0  7980.0  7980.0  7980.0  20000.0  FUEKIV30  stock
2 2023-08-29 11:00:00+07:00  7980.0  7980.0  7980.0  7980.0    800.0  FUEKIV30  stock
3 2023-08-29 13:00:00+07:00  7950.0  7960.0  7950.0  7960.0  48200.0  FUEKIV30  stock
4 2023-08-29 14:00:00+07:00  7980.0  7980.0  7980.0  7980.0    100.0  FUEKIV30  stock
[2023-08-29T15:43:21.789+0000] {logging_mixin.py:151} INFO - 1566/1607_FUEKIV30
[2023-08-29T15:43:24.081+0000] {logging_mixin.py:151} INFO - Empty DataFrame
Columns: [time, open, high, low, close, volume, ticker, type]
Index: []
[2023-08-29T15:43:24.082+0000] {logging_mixin.py:151} INFO - 1565/1607_FUCTVGF4
[2023-08-29T15:43:24.766+0000] {logging_mixin.py:151} INFO -                        time     open     high      low    close  volume    ticker   type
0 2023-08-29 09:00:00+07:00  10500.0  10500.0  10500.0  10500.0   600.0  FUEDCMID  stock
1 2023-08-29 10:00:00+07:00  10550.0  10550.0  10500.0  10500.0   800.0  FUEDCMID  stock
2 2023-08-29 11:00:00+07:00  10470.0  10470.0  10470.0  10470.0   100.0  FUEDCMID  stock
3 2023-08-29 13:00:00+07:00  10500.0  10510.0  10500.0  10510.0  1500.0  FUEDCMID  stock
4 2023-08-29 14:00:00+07:00  10550.0  10550.0  10550.0  10550.0   400.0  FUEDCMID  stock
[2023-08-29T15:43:24.768+0000] {logging_mixin.py:151} INFO - 1564/1607_FUEDCMID
[2023-08-29T15:43:25.444+0000] {logging_mixin.py:151} INFO -                        time     open     high      low    close   volume    ticker   type
0 2023-08-29 13:00:00+07:00  10700.0  10700.0  10700.0  10700.0  48000.0  FUEKIVFS  stock
1 2023-08-29 14:00:00+07:00  10800.0  10800.0  10800.0  10800.0   1000.0  FUEKIVFS  stock
[2023-08-29T15:43:25.446+0000] {logging_mixin.py:151} INFO - 1563/1607_FUEKIVFS
[2023-08-29T15:43:26.126+0000] {logging_mixin.py:151} INFO -                        time     open     high      low    close  volume    ticker   type
0 2023-08-29 09:00:00+07:00  10990.0  11040.0  10990.0  11030.0  2800.0  FUEMAVND  stock
1 2023-08-29 10:00:00+07:00  11020.0  11030.0  11000.0  11010.0  6300.0  FUEMAVND  stock
2 2023-08-29 11:00:00+07:00  11010.0  11010.0  10980.0  10990.0  2400.0  FUEMAVND  stock
3 2023-08-29 13:00:00+07:00  10980.0  11030.0  10980.0  11020.0  5700.0  FUEMAVND  stock
4 2023-08-29 14:00:00+07:00  11020.0  11070.0  11020.0  11070.0  3000.0  FUEMAVND  stock
[2023-08-29T15:43:26.128+0000] {logging_mixin.py:151} INFO - 1562/1607_FUEMAVND
[2023-08-29T15:43:26.815+0000] {logging_mixin.py:151} INFO -                        time     open     high      low    close  volume    ticker   type
0 2023-08-29 10:00:00+07:00  14500.0  14500.0  14500.0  14500.0   100.0  FUEFCV50  stock
1 2023-08-29 13:00:00+07:00  14450.0  14450.0  14350.0  14350.0   400.0  FUEFCV50  stock
2 2023-08-29 14:00:00+07:00  15450.0  15450.0  14350.0  14350.0  1500.0  FUEFCV50  stock
[2023-08-29T15:43:26.816+0000] {logging_mixin.py:151} INFO - 1561/1607_FUEFCV50
[2023-08-29T15:43:28.529+0000] {logging_mixin.py:151} INFO - Empty DataFrame
Columns: [time, open, high, low, close, volume, ticker, type]
Index: []
[2023-08-29T15:43:28.530+0000] {logging_mixin.py:151} INFO - 1560/1607_FUEBFVND
[2023-08-29T15:43:29.213+0000] {logging_mixin.py:151} INFO -                        time     open     high      low    close  volume    ticker   type
0 2023-08-29 09:00:00+07:00  18510.0  18970.0  18510.0  18940.0  2300.0  FUESSV50  stock
1 2023-08-29 10:00:00+07:00  18940.0  18940.0  18900.0  18900.0   200.0  FUESSV50  stock
2 2023-08-29 13:00:00+07:00  18520.0  18870.0  18520.0  18530.0   500.0  FUESSV50  stock
3 2023-08-29 14:00:00+07:00  18600.0  18800.0  18600.0  18800.0   300.0  FUESSV50  stock
[2023-08-29T15:43:29.215+0000] {logging_mixin.py:151} INFO - 1559/1607_FUESSV50
[2023-08-29T15:43:29.896+0000] {logging_mixin.py:151} INFO -                        time     open     high      low    close    volume    ticker   type
0 2023-08-29 09:00:00+07:00  20800.0  20900.0  20800.0  20900.0   88100.0  E1VFVN30  stock
1 2023-08-29 10:00:00+07:00  20900.0  20900.0  20800.0  20800.0   75400.0  E1VFVN30  stock
2 2023-08-29 11:00:00+07:00  20800.0  20810.0  20760.0  20770.0   41000.0  E1VFVN30  stock
3 2023-08-29 13:00:00+07:00  20800.0  20890.0  20750.0  20880.0  155200.0  E1VFVN30  stock
4 2023-08-29 14:00:00+07:00  20880.0  20930.0  20830.0  20900.0  213800.0  E1VFVN30  stock
[2023-08-29T15:43:29.897+0000] {logging_mixin.py:151} INFO - 1558/1607_E1VFVN30
[2023-08-29T15:43:30.582+0000] {logging_mixin.py:151} INFO -                        time     open     high      low    close   volume    ticker   type
0 2023-08-29 09:00:00+07:00  18820.0  19080.0  18820.0  19080.0  86200.0  FUESSVFL  stock
1 2023-08-29 10:00:00+07:00  19100.0  19100.0  19000.0  19080.0  55100.0  FUESSVFL  stock
2 2023-08-29 13:00:00+07:00  19040.0  19040.0  19030.0  19030.0   6300.0  FUESSVFL  stock
3 2023-08-29 14:00:00+07:00  19050.0  19100.0  19050.0  19080.0   6600.0  FUESSVFL  stock
[2023-08-29T15:43:30.584+0000] {logging_mixin.py:151} INFO - 1557/1607_FUESSVFL
[2023-08-29T15:43:30.585+0000] {python.py:194} INFO - Done. Returned value was: Done
[2023-08-29T15:43:30.603+0000] {taskinstance.py:1400} INFO - Marking task as SUCCESS. dag_id=vnstock-pipeline-1D, task_id=Stock_collection_1D, execution_date=20230818T160000, start_date=20230829T154249, end_date=20230829T154330
[2023-08-29T15:43:30.643+0000] {local_task_job_runner.py:228} INFO - Task exited with return code 0
[2023-08-29T15:43:30.659+0000] {taskinstance.py:2784} INFO - 1 downstream tasks scheduled from follow-on schedule check
