[2023-08-24T04:01:13.203+0000] {taskinstance.py:1159} INFO - Dependencies all met for dep_context=non-requeueable deps ti=<TaskInstance: vnstock-pipeline.Stock_collection_1D manual__2023-08-24T03:39:47.420172+00:00 [queued]>
[2023-08-24T04:01:13.208+0000] {taskinstance.py:1159} INFO - Dependencies all met for dep_context=requeueable deps ti=<TaskInstance: vnstock-pipeline.Stock_collection_1D manual__2023-08-24T03:39:47.420172+00:00 [queued]>
[2023-08-24T04:01:13.208+0000] {taskinstance.py:1361} INFO - Starting attempt 2 of 5
[2023-08-24T04:01:13.220+0000] {taskinstance.py:1382} INFO - Executing <Task(PythonOperator): Stock_collection_1D> on 2023-08-24 03:39:47.420172+00:00
[2023-08-24T04:01:13.223+0000] {standard_task_runner.py:57} INFO - Started process 31433 to run task
[2023-08-24T04:01:13.223+0000] {clientserver.py:543} INFO - Closing down clientserver connection
[2023-08-24T04:01:13.230+0000] {standard_task_runner.py:84} INFO - Running: ['airflow', 'tasks', 'run', 'vnstock-pipeline', 'Stock_collection_1D', 'manual__2023-08-24T03:39:47.420172+00:00', '--job-id', '81', '--raw', '--subdir', 'DAGS_FOLDER/main.py', '--cfg-path', '/tmp/tmp6hmzo5ea']
[2023-08-24T04:01:13.230+0000] {standard_task_runner.py:85} INFO - Job 81: Subtask Stock_collection_1D
[2023-08-24T04:01:13.263+0000] {task_command.py:415} INFO - Running <TaskInstance: vnstock-pipeline.Stock_collection_1D manual__2023-08-24T03:39:47.420172+00:00 [running]> on host vnstock-pipeline-vm.us-central1-c.c.vnstock-pipeline.internal
[2023-08-24T04:01:13.308+0000] {taskinstance.py:1660} INFO - Exporting env vars: AIRFLOW_CTX_DAG_EMAIL='nguyentuanduong555@gmail.com' AIRFLOW_CTX_DAG_OWNER='Duong' AIRFLOW_CTX_DAG_ID='vnstock-pipeline' AIRFLOW_CTX_TASK_ID='Stock_collection_1D' AIRFLOW_CTX_EXECUTION_DATE='2023-08-24T03:39:47.420172+00:00' AIRFLOW_CTX_TRY_NUMBER='2' AIRFLOW_CTX_DAG_RUN_ID='manual__2023-08-24T03:39:47.420172+00:00'
[2023-08-24T04:01:13.457+0000] {clientserver.py:505} INFO - Error while sending or receiving.
Traceback (most recent call last):
  File "/home/nguyentuanduong7/.local/lib/python3.8/site-packages/py4j/clientserver.py", line 503, in send_command
    self.socket.sendall(command.encode("utf-8"))
ConnectionResetError: [Errno 104] Connection reset by peer
[2023-08-24T04:01:13.458+0000] {clientserver.py:543} INFO - Closing down clientserver connection
[2023-08-24T04:01:13.458+0000] {java_gateway.py:1052} INFO - Exception while sending command.
Traceback (most recent call last):
  File "/home/nguyentuanduong7/.local/lib/python3.8/site-packages/py4j/clientserver.py", line 503, in send_command
    self.socket.sendall(command.encode("utf-8"))
ConnectionResetError: [Errno 104] Connection reset by peer

During handling of the above exception, another exception occurred:

Traceback (most recent call last):
  File "/home/nguyentuanduong7/.local/lib/python3.8/site-packages/py4j/java_gateway.py", line 1038, in send_command
    response = connection.send_command(command)
  File "/home/nguyentuanduong7/.local/lib/python3.8/site-packages/py4j/clientserver.py", line 506, in send_command
    raise Py4JNetworkError(
py4j.protocol.Py4JNetworkError: Error while sending
[2023-08-24T04:01:13.460+0000] {clientserver.py:543} INFO - Closing down clientserver connection
[2023-08-24T04:01:14.231+0000] {logging_mixin.py:151} INFO -                        time     open     high  ...     volume  ticker   type
0 2023-08-24 09:00:00+07:00  30300.0  30500.0  ...  2932500.0     SSI  stock
1 2023-08-24 10:00:00+07:00  30300.0  30800.0  ...  4039500.0     SSI  stock

[2 rows x 8 columns]
[2023-08-24T04:01:14.233+0000] {logging_mixin.py:151} INFO - 1606/1607_SSI
[2023-08-24T04:01:14.934+0000] {logging_mixin.py:151} INFO -                        time     open     high  ...   volume  ticker   type
0 2023-08-24 09:00:00+07:00  67000.0  67700.0  ...  50200.0     BCM  stock
1 2023-08-24 10:00:00+07:00  66200.0  66800.0  ...  45200.0     BCM  stock

[2 rows x 8 columns]
[2023-08-24T04:01:14.935+0000] {logging_mixin.py:151} INFO - 1605/1607_BCM
[2023-08-24T04:01:15.654+0000] {logging_mixin.py:151} INFO -                        time     open     high  ...    volume  ticker   type
0 2023-08-24 09:00:00+07:00  54900.0  55100.0  ...  355600.0     VHM  stock
1 2023-08-24 10:00:00+07:00  54600.0  54900.0  ...  742400.0     VHM  stock

[2 rows x 8 columns]
[2023-08-24T04:01:15.655+0000] {logging_mixin.py:151} INFO - 1604/1607_VHM
[2023-08-24T04:01:16.359+0000] {logging_mixin.py:151} INFO -                        time     open     high  ...     volume  ticker   type
0 2023-08-24 09:00:00+07:00  65700.0  65800.0  ...  1363600.0     VIC  stock
1 2023-08-24 10:00:00+07:00  65000.0  65200.0  ...  1312900.0     VIC  stock

[2 rows x 8 columns]
[2023-08-24T04:01:16.360+0000] {logging_mixin.py:151} INFO - 1603/1607_VIC
[2023-08-24T04:01:17.074+0000] {logging_mixin.py:151} INFO -                        time     open     high  ...    volume  ticker   type
0 2023-08-24 09:00:00+07:00  28850.0  29200.0  ...  304500.0     VRE  stock
1 2023-08-24 10:00:00+07:00  28850.0  29000.0  ...  355500.0     VRE  stock

[2 rows x 8 columns]
[2023-08-24T04:01:17.075+0000] {logging_mixin.py:151} INFO - 1602/1607_VRE
[2023-08-24T04:01:17.787+0000] {logging_mixin.py:151} INFO -                        time     open     high  ...   volume  ticker   type
0 2023-08-24 09:00:00+07:00  45050.0  45450.0  ...  28500.0     BVH  stock
1 2023-08-24 10:00:00+07:00  45200.0  45500.0  ...  39100.0     BVH  stock

[2 rows x 8 columns]
[2023-08-24T04:01:17.788+0000] {logging_mixin.py:151} INFO - 1601/1607_BVH
[2023-08-24T04:01:18.504+0000] {logging_mixin.py:151} INFO -                        time     open     high  ...     volume  ticker   type
0 2023-08-24 09:00:00+07:00  12500.0  12550.0  ...  1283100.0     POW  stock
1 2023-08-24 10:00:00+07:00  12450.0  12650.0  ...   830400.0     POW  stock

[2 rows x 8 columns]
[2023-08-24T04:01:18.505+0000] {logging_mixin.py:151} INFO - 1600/1607_POW
[2023-08-24T04:01:19.737+0000] {logging_mixin.py:151} INFO -                        time      open      high  ...    volume  ticker   type
0 2023-08-24 09:00:00+07:00  102500.0  102500.0  ...   67800.0     GAS  stock
1 2023-08-24 10:00:00+07:00  102200.0  102300.0  ...  100100.0     GAS  stock

[2 rows x 8 columns]
[2023-08-24T04:01:19.738+0000] {logging_mixin.py:151} INFO - 1599/1607_GAS
[2023-08-24T04:01:20.441+0000] {logging_mixin.py:151} INFO -                        time     open     high  ...    volume  ticker   type
0 2023-08-24 09:00:00+07:00  21850.0  22000.0  ...  661200.0     ACB  stock
1 2023-08-24 10:00:00+07:00  22000.0  22000.0  ...  723100.0     ACB  stock

[2 rows x 8 columns]
[2023-08-24T04:01:20.442+0000] {logging_mixin.py:151} INFO - 1598/1607_ACB
[2023-08-24T04:01:21.146+0000] {logging_mixin.py:151} INFO -                        time     open     high  ...    volume  ticker   type
0 2023-08-24 09:00:00+07:00  45700.0  46000.0  ...   75600.0     BID  stock
1 2023-08-24 10:00:00+07:00  45650.0  45850.0  ...  276400.0     BID  stock

[2 rows x 8 columns]
[2023-08-24T04:01:21.147+0000] {logging_mixin.py:151} INFO - 1597/1607_BID
[2023-08-24T04:01:21.863+0000] {logging_mixin.py:151} INFO -                        time     open     high  ...    volume  ticker   type
0 2023-08-24 09:00:00+07:00  31500.0  31500.0  ...  300800.0     CTG  stock
1 2023-08-24 10:00:00+07:00  31150.0  31250.0  ...  806600.0     CTG  stock

[2 rows x 8 columns]
[2023-08-24T04:01:21.864+0000] {logging_mixin.py:151} INFO - 1596/1607_CTG
[2023-08-24T04:01:22.581+0000] {logging_mixin.py:151} INFO -                        time     open     high  ...    volume  ticker   type
0 2023-08-24 09:00:00+07:00  16100.0  16200.0  ...  135100.0     HDB  stock
1 2023-08-24 10:00:00+07:00  16149.0  16200.0  ...  247100.0     HDB  stock

[2 rows x 8 columns]
[2023-08-24T04:01:22.582+0000] {logging_mixin.py:151} INFO - 1595/1607_HDB
[2023-08-24T04:01:23.279+0000] {logging_mixin.py:151} INFO -                        time     open     high  ...     volume  ticker   type
0 2023-08-24 09:00:00+07:00  18100.0  18100.0  ...  1086100.0     MBB  stock
1 2023-08-24 10:00:00+07:00  18050.0  18100.0  ...  1123900.0     MBB  stock

[2 rows x 8 columns]
[2023-08-24T04:01:23.280+0000] {logging_mixin.py:151} INFO - 1594/1607_MBB
[2023-08-24T04:01:23.994+0000] {logging_mixin.py:151} INFO -                        time     open     high  ...    volume  ticker   type
0 2023-08-24 09:00:00+07:00  28200.0  28250.0  ...  144800.0     SSB  stock
1 2023-08-24 10:00:00+07:00  27100.0  28000.0  ...  200200.0     SSB  stock

[2 rows x 8 columns]
[2023-08-24T04:01:23.995+0000] {logging_mixin.py:151} INFO - 1593/1607_SSB
[2023-08-24T04:01:24.738+0000] {logging_mixin.py:151} INFO -                        time     open     high  ...     volume  ticker   type
0 2023-08-24 09:00:00+07:00  12000.0  12050.0  ...  1073900.0     SHB  stock
1 2023-08-24 10:00:00+07:00  11900.0  12050.0  ...  2354000.0     SHB  stock

[2 rows x 8 columns]
[2023-08-24T04:01:24.740+0000] {logging_mixin.py:151} INFO - 1592/1607_SHB
[2023-08-24T04:01:25.439+0000] {logging_mixin.py:151} INFO -                        time     open     high  ...     volume  ticker   type
0 2023-08-24 09:00:00+07:00  31100.0  31400.0  ...  3144700.0     STB  stock
1 2023-08-24 10:00:00+07:00  31150.0  31300.0  ...  1767500.0     STB  stock

[2 rows x 8 columns]
[2023-08-24T04:01:25.440+0000] {logging_mixin.py:151} INFO - 1591/1607_STB
[2023-08-24T04:01:26.207+0000] {logging_mixin.py:151} INFO -                        time     open     high  ...    volume  ticker   type
0 2023-08-24 09:00:00+07:00  33500.0  33650.0  ...  730200.0     TCB  stock
1 2023-08-24 10:00:00+07:00  33600.0  33800.0  ...  834600.0     TCB  stock

[2 rows x 8 columns]
[2023-08-24T04:01:26.208+0000] {logging_mixin.py:151} INFO - 1590/1607_TCB
[2023-08-24T04:01:26.925+0000] {logging_mixin.py:151} INFO -                        time     open     high  ...     volume  ticker   type
0 2023-08-24 09:00:00+07:00  18500.0  18500.0  ...   465000.0     TPB  stock
1 2023-08-24 10:00:00+07:00  18450.0  18650.0  ...  2479400.0     TPB  stock

[2 rows x 8 columns]
[2023-08-24T04:01:26.926+0000] {logging_mixin.py:151} INFO - 1589/1607_TPB
[2023-08-24T04:01:27.651+0000] {logging_mixin.py:151} INFO -                        time     open     high  ...    volume  ticker   type
0 2023-08-24 09:00:00+07:00  86300.0  87000.0  ...  121600.0     VCB  stock
1 2023-08-24 10:00:00+07:00  86000.0  87100.0  ...  192100.0     VCB  stock

[2 rows x 8 columns]
[2023-08-24T04:01:27.652+0000] {logging_mixin.py:151} INFO - 1588/1607_VCB
[2023-08-24T04:01:28.361+0000] {logging_mixin.py:151} INFO -                        time     open     high  ...    volume  ticker   type
0 2023-08-24 09:00:00+07:00  19700.0  19800.0  ...  232100.0     VIB  stock
1 2023-08-24 10:00:00+07:00  19750.0  19750.0  ...  627200.0     VIB  stock

[2 rows x 8 columns]
[2023-08-24T04:01:28.362+0000] {logging_mixin.py:151} INFO - 1587/1607_VIB
[2023-08-24T04:01:29.074+0000] {logging_mixin.py:151} INFO -                        time     open     high  ...     volume  ticker   type
0 2023-08-24 09:00:00+07:00  20250.0  20500.0  ...  1366500.0     VPB  stock
1 2023-08-24 10:00:00+07:00  20350.0  20450.0  ...  1591600.0     VPB  stock

[2 rows x 8 columns]
[2023-08-24T04:01:29.075+0000] {logging_mixin.py:151} INFO - 1586/1607_VPB
[2023-08-24T04:01:29.790+0000] {logging_mixin.py:151} INFO -                        time     open     high  ...     volume  ticker   type
0 2023-08-24 09:00:00+07:00  25650.0  26000.0  ...  2248800.0     HPG  stock
1 2023-08-24 10:00:00+07:00  25700.0  26100.0  ...  2940100.0     HPG  stock

[2 rows x 8 columns]
[2023-08-24T04:01:29.790+0000] {logging_mixin.py:151} INFO - 1585/1607_HPG
[2023-08-24T04:01:30.506+0000] {logging_mixin.py:151} INFO -                        time     open     high  ...    volume  ticker   type
0 2023-08-24 09:00:00+07:00  19200.0  19400.0  ...  181800.0     GVR  stock
1 2023-08-24 10:00:00+07:00  19300.0  19500.0  ...  196600.0     GVR  stock

[2 rows x 8 columns]
[2023-08-24T04:01:30.507+0000] {logging_mixin.py:151} INFO - 1584/1607_GVR
[2023-08-24T04:01:31.223+0000] {logging_mixin.py:151} INFO -                        time     open     high  ...    volume  ticker   type
0 2023-08-24 09:00:00+07:00  77300.0  78200.0  ...  155500.0     MSN  stock
1 2023-08-24 10:00:00+07:00  78000.0  79400.0  ...  665400.0     MSN  stock

[2 rows x 8 columns]
[2023-08-24T04:01:31.224+0000] {logging_mixin.py:151} INFO - 1583/1607_MSN
[2023-08-24T04:01:31.923+0000] {logging_mixin.py:151} INFO -                        time     open     high  ...     volume  ticker   type
0 2023-08-24 09:00:00+07:00  73500.0  73500.0  ...   241500.0     VNM  stock
1 2023-08-24 10:00:00+07:00  73500.0  74700.0  ...  1302800.0     VNM  stock

[2 rows x 8 columns]
[2023-08-24T04:01:31.924+0000] {logging_mixin.py:151} INFO - 1582/1607_VNM
[2023-08-24T04:01:32.632+0000] {logging_mixin.py:151} INFO -                        time      open      high  ...    volume  ticker   type
0 2023-08-24 09:00:00+07:00  154900.0  155000.0  ...  171400.0     SAB  stock
1 2023-08-24 10:00:00+07:00  154200.0  154200.0  ...   74200.0     SAB  stock

[2 rows x 8 columns]
[2023-08-24T04:01:32.633+0000] {logging_mixin.py:151} INFO - 1581/1607_SAB
[2023-08-24T04:01:33.348+0000] {logging_mixin.py:151} INFO -                        time     open     high  ...    volume  ticker   type
0 2023-08-24 09:00:00+07:00  96900.0  97000.0  ...  205000.0     VJC  stock
1 2023-08-24 10:00:00+07:00  96800.0  97100.0  ...  170300.0     VJC  stock

[2 rows x 8 columns]
[2023-08-24T04:01:33.349+0000] {logging_mixin.py:151} INFO - 1580/1607_VJC
[2023-08-24T04:01:34.050+0000] {logging_mixin.py:151} INFO -                        time     open     high  ...     volume  ticker   type
0 2023-08-24 09:00:00+07:00  49700.0  50700.0  ...  1590300.0     MWG  stock
1 2023-08-24 10:00:00+07:00  50300.0  50800.0  ...   863000.0     MWG  stock

[2 rows x 8 columns]
[2023-08-24T04:01:34.051+0000] {logging_mixin.py:151} INFO - 1579/1607_MWG
[2023-08-24T04:01:34.768+0000] {logging_mixin.py:151} INFO -                        time     open     high  ...   volume  ticker   type
0 2023-08-24 09:00:00+07:00  37400.0  37600.0  ...  61000.0     PLX  stock
1 2023-08-24 10:00:00+07:00  37400.0  37550.0  ...  47300.0     PLX  stock

[2 rows x 8 columns]
[2023-08-24T04:01:34.769+0000] {logging_mixin.py:151} INFO - 1578/1607_PLX
[2023-08-24T04:01:35.468+0000] {logging_mixin.py:151} INFO -                        time     open     high  ...     volume  ticker   type
0 2023-08-24 09:00:00+07:00  85500.0  87600.0  ...  1017700.0     FPT  stock
1 2023-08-24 10:00:00+07:00  87300.0  90100.0  ...  1996500.0     FPT  stock

[2 rows x 8 columns]
[2023-08-24T04:01:35.469+0000] {logging_mixin.py:151} INFO - 1577/1607_FPT
[2023-08-24T04:01:37.259+0000] {logging_mixin.py:151} INFO - Empty DataFrame
Columns: [time, open, high, low, close, volume, ticker, type]
Index: []
[2023-08-24T04:01:37.260+0000] {logging_mixin.py:151} INFO - 1576/1607_MFS
[2023-08-24T04:01:37.972+0000] {logging_mixin.py:151} INFO -                        time     open     high  ...  volume  ticker   type
0 2023-08-24 09:00:00+07:00  16300.0  16300.0  ...  2000.0     ABC  stock

[1 rows x 8 columns]
[2023-08-24T04:01:37.973+0000] {logging_mixin.py:151} INFO - 1575/1607_ABC
[2023-08-24T04:01:38.684+0000] {logging_mixin.py:151} INFO -                        time     open     high  ...   volume  ticker   type
0 2023-08-24 09:00:00+07:00  23400.0  23600.0  ...  30700.0     VGI  stock

[1 rows x 8 columns]
[2023-08-24T04:01:38.685+0000] {logging_mixin.py:151} INFO - 1574/1607_VGI
[2023-08-24T04:01:39.384+0000] {logging_mixin.py:151} INFO -                        time     open     high  ...  volume  ticker   type
0 2023-08-24 09:00:00+07:00  62900.0  62900.0  ...   400.0     FOX  stock

[1 rows x 8 columns]
[2023-08-24T04:01:39.385+0000] {logging_mixin.py:151} INFO - 1573/1607_FOX
[2023-08-24T04:01:41.586+0000] {logging_mixin.py:151} INFO - Empty DataFrame
Columns: [time, open, high, low, close, volume, ticker, type]
Index: []
[2023-08-24T04:01:41.586+0000] {logging_mixin.py:151} INFO - 1572/1607_PAI
[2023-08-24T04:01:43.440+0000] {logging_mixin.py:151} INFO - Empty DataFrame
Columns: [time, open, high, low, close, volume, ticker, type]
Index: []
[2023-08-24T04:01:43.440+0000] {logging_mixin.py:151} INFO - 1571/1607_PIA
[2023-08-24T04:01:45.312+0000] {logging_mixin.py:151} INFO - Empty DataFrame
Columns: [time, open, high, low, close, volume, ticker, type]
Index: []
[2023-08-24T04:01:45.313+0000] {logging_mixin.py:151} INFO - 1570/1607_PTP
[2023-08-24T04:01:46.018+0000] {logging_mixin.py:151} INFO -                        time    open    high  ...  volume  ticker   type
0 2023-08-24 09:00:00+07:00  8300.0  8300.0  ...   800.0     TTN  stock

[1 rows x 8 columns]
[2023-08-24T04:01:46.019+0000] {logging_mixin.py:151} INFO - 1569/1607_TTN
[2023-08-24T04:01:47.767+0000] {logging_mixin.py:151} INFO - Empty DataFrame
Columns: [time, open, high, low, close, volume, ticker, type]
Index: []
[2023-08-24T04:01:47.768+0000] {logging_mixin.py:151} INFO - 1568/1607_FUCTVGF3
[2023-08-24T04:01:48.481+0000] {logging_mixin.py:151} INFO -                        time    open    high  ...  volume    ticker   type
0 2023-08-24 09:00:00+07:00  8510.0  8510.0  ...   200.0  FUEIP100  stock

[1 rows x 8 columns]
[2023-08-24T04:01:48.482+0000] {logging_mixin.py:151} INFO - 1567/1607_FUEIP100
[2023-08-24T04:01:50.315+0000] {logging_mixin.py:151} INFO - Empty DataFrame
Columns: [time, open, high, low, close, volume, ticker, type]
Index: []
[2023-08-24T04:01:50.315+0000] {logging_mixin.py:151} INFO - 1566/1607_FUEKIV30
[2023-08-24T04:01:52.092+0000] {logging_mixin.py:151} INFO - Empty DataFrame
Columns: [time, open, high, low, close, volume, ticker, type]
Index: []
[2023-08-24T04:01:52.093+0000] {logging_mixin.py:151} INFO - 1565/1607_FUCTVGF4
[2023-08-24T04:01:52.798+0000] {logging_mixin.py:151} INFO -                        time     open     high  ...   volume    ticker   type
0 2023-08-24 09:00:00+07:00  10020.0  10020.0  ...  11100.0  FUEDCMID  stock

[1 rows x 8 columns]
[2023-08-24T04:01:52.799+0000] {logging_mixin.py:151} INFO - 1564/1607_FUEDCMID
[2023-08-24T04:01:54.590+0000] {logging_mixin.py:151} INFO - Empty DataFrame
Columns: [time, open, high, low, close, volume, ticker, type]
Index: []
[2023-08-24T04:01:54.590+0000] {logging_mixin.py:151} INFO - 1563/1607_FUEKIVFS
[2023-08-24T04:01:55.310+0000] {logging_mixin.py:151} INFO -                        time     open     high  ...  volume    ticker   type
0 2023-08-24 09:00:00+07:00  10590.0  10590.0  ...  2000.0  FUEMAVND  stock

[1 rows x 8 columns]
[2023-08-24T04:01:55.311+0000] {logging_mixin.py:151} INFO - 1562/1607_FUEMAVND
[2023-08-24T04:01:57.146+0000] {logging_mixin.py:151} INFO - Empty DataFrame
Columns: [time, open, high, low, close, volume, ticker, type]
Index: []
[2023-08-24T04:01:57.147+0000] {logging_mixin.py:151} INFO - 1561/1607_FUEFCV50
[2023-08-24T04:01:59.205+0000] {logging_mixin.py:151} INFO - Empty DataFrame
Columns: [time, open, high, low, close, volume, ticker, type]
Index: []
[2023-08-24T04:01:59.206+0000] {logging_mixin.py:151} INFO - 1560/1607_FUEBFVND
[2023-08-24T04:01:59.919+0000] {logging_mixin.py:151} INFO -                        time     open     high  ...  volume    ticker   type
0 2023-08-24 09:00:00+07:00  18900.0  19180.0  ...   600.0  FUESSV50  stock

[1 rows x 8 columns]
[2023-08-24T04:01:59.920+0000] {logging_mixin.py:151} INFO - 1559/1607_FUESSV50
[2023-08-24T04:02:00.619+0000] {logging_mixin.py:151} INFO -                        time     open     high  ...    volume    ticker   type
0 2023-08-24 09:00:00+07:00  20440.0  20480.0  ...  208400.0  E1VFVN30  stock
1 2023-08-24 10:00:00+07:00  20440.0  20520.0  ...   12100.0  E1VFVN30  stock

[2 rows x 8 columns]
[2023-08-24T04:02:00.620+0000] {logging_mixin.py:151} INFO - 1558/1607_E1VFVN30
[2023-08-24T04:02:01.324+0000] {logging_mixin.py:151} INFO -                        time     open     high  ...  volume    ticker   type
0 2023-08-24 09:00:00+07:00  19000.0  19000.0  ...   300.0  FUESSVFL  stock

[1 rows x 8 columns]
[2023-08-24T04:02:01.325+0000] {logging_mixin.py:151} INFO - 1557/1607_FUESSVFL
[2023-08-24T04:02:01.326+0000] {python.py:194} INFO - Done. Returned value was: Done
[2023-08-24T04:02:01.338+0000] {taskinstance.py:1400} INFO - Marking task as SUCCESS. dag_id=vnstock-pipeline, task_id=Stock_collection_1D, execution_date=20230824T033947, start_date=20230824T040113, end_date=20230824T040201
[2023-08-24T04:02:01.381+0000] {local_task_job_runner.py:228} INFO - Task exited with return code 0
[2023-08-24T04:02:01.389+0000] {taskinstance.py:2784} INFO - 0 downstream tasks scheduled from follow-on schedule check
