[2023-08-31T06:23:30.894+0000] {taskinstance.py:1159} INFO - Dependencies all met for dep_context=non-requeueable deps ti=<TaskInstance: vnstock-pipeline-3M-1Y.Vm_pubsub_3M manual__2023-08-31T06:19:06.208310+00:00 [queued]>
[2023-08-31T06:23:30.899+0000] {taskinstance.py:1159} INFO - Dependencies all met for dep_context=requeueable deps ti=<TaskInstance: vnstock-pipeline-3M-1Y.Vm_pubsub_3M manual__2023-08-31T06:19:06.208310+00:00 [queued]>
[2023-08-31T06:23:30.899+0000] {taskinstance.py:1361} INFO - Starting attempt 1 of 4
[2023-08-31T06:23:30.913+0000] {taskinstance.py:1382} INFO - Executing <Task(PythonOperator): Vm_pubsub_3M> on 2023-08-31 06:19:06.208310+00:00
[2023-08-31T06:23:30.918+0000] {standard_task_runner.py:57} INFO - Started process 528584 to run task
[2023-08-31T06:23:30.918+0000] {clientserver.py:543} INFO - Closing down clientserver connection
[2023-08-31T06:23:30.925+0000] {standard_task_runner.py:84} INFO - Running: ['airflow', 'tasks', 'run', 'vnstock-pipeline-3M-1Y', 'Vm_pubsub_3M', 'manual__2023-08-31T06:19:06.208310+00:00', '--job-id', '481', '--raw', '--subdir', 'DAGS_FOLDER/main.py', '--cfg-path', '/tmp/tmp9ihfecmz']
[2023-08-31T06:23:30.926+0000] {standard_task_runner.py:85} INFO - Job 481: Subtask Vm_pubsub_3M
[2023-08-31T06:23:30.962+0000] {task_command.py:415} INFO - Running <TaskInstance: vnstock-pipeline-3M-1Y.Vm_pubsub_3M manual__2023-08-31T06:19:06.208310+00:00 [running]> on host vnstock-pipeline-vm.us-central1-c.c.vnstock-pipeline.internal
[2023-08-31T06:23:31.014+0000] {taskinstance.py:1660} INFO - Exporting env vars: AIRFLOW_CTX_DAG_EMAIL='nguyentuanduong555@gmail.com' AIRFLOW_CTX_DAG_OWNER='Duong_' AIRFLOW_CTX_DAG_ID='vnstock-pipeline-3M-1Y' AIRFLOW_CTX_TASK_ID='Vm_pubsub_3M' AIRFLOW_CTX_EXECUTION_DATE='2023-08-31T06:19:06.208310+00:00' AIRFLOW_CTX_TRY_NUMBER='1' AIRFLOW_CTX_DAG_RUN_ID='manual__2023-08-31T06:19:06.208310+00:00'
[2023-08-31T06:23:34.342+0000] {logging_mixin.py:151} INFO - 2023-08-30 00:00:00
[2023-08-31T06:23:34.343+0000] {logging_mixin.py:151} INFO - <class 'datetime.datetime'>
[2023-08-31T06:23:35.204+0000] {logging_mixin.py:151} INFO - root
 |-- Time: date (nullable = true)
 |-- ticker: string (nullable = true)
 |-- price_close: double (nullable = true)
 |-- previous_date_price: double (nullable = true)
 |-- percentage_change_close: double (nullable = true)
 |-- MA10: double (nullable = true)
 |-- percentage_change_MA10: double (nullable = true)
 |-- sum_percentage_change_close: double (nullable = true)
 |-- sum_percentage_change_MA10: double (nullable = true)
[2023-08-31T06:23:46.485+0000] {logging_mixin.py:151} INFO - DONE_spark_1
[2023-08-31T06:23:46.485+0000] {python.py:194} INFO - Done. Returned value was: None
[2023-08-31T06:23:46.490+0000] {taskinstance.py:1400} INFO - Marking task as SUCCESS. dag_id=vnstock-pipeline-3M-1Y, task_id=Vm_pubsub_3M, execution_date=20230831T061906, start_date=20230831T062330, end_date=20230831T062346
[2023-08-31T06:23:46.537+0000] {local_task_job_runner.py:228} INFO - Task exited with return code 0
[2023-08-31T06:23:46.549+0000] {taskinstance.py:2784} INFO - 1 downstream tasks scheduled from follow-on schedule check
