[2023-08-24T04:17:23.762+0000] {taskinstance.py:1159} INFO - Dependencies all met for dep_context=non-requeueable deps ti=<TaskInstance: vnstock-pipeline.Stock_collection_1D manual__2023-08-24T04:12:34.056895+00:00 [queued]>
[2023-08-24T04:17:23.767+0000] {taskinstance.py:1159} INFO - Dependencies all met for dep_context=requeueable deps ti=<TaskInstance: vnstock-pipeline.Stock_collection_1D manual__2023-08-24T04:12:34.056895+00:00 [queued]>
[2023-08-24T04:17:23.767+0000] {taskinstance.py:1361} INFO - Starting attempt 1 of 4
[2023-08-24T04:17:23.778+0000] {taskinstance.py:1382} INFO - Executing <Task(PythonOperator): Stock_collection_1D> on 2023-08-24 04:12:34.056895+00:00
[2023-08-24T04:17:23.782+0000] {standard_task_runner.py:57} INFO - Started process 35696 to run task
[2023-08-24T04:17:23.782+0000] {clientserver.py:543} INFO - Closing down clientserver connection
[2023-08-24T04:17:23.788+0000] {standard_task_runner.py:84} INFO - Running: ['airflow', 'tasks', 'run', 'vnstock-pipeline', 'Stock_collection_1D', 'manual__2023-08-24T04:12:34.056895+00:00', '--job-id', '101', '--raw', '--subdir', 'DAGS_FOLDER/main.py', '--cfg-path', '/tmp/tmphmm_5ska']
[2023-08-24T04:17:23.788+0000] {standard_task_runner.py:85} INFO - Job 101: Subtask Stock_collection_1D
[2023-08-24T04:17:23.822+0000] {task_command.py:415} INFO - Running <TaskInstance: vnstock-pipeline.Stock_collection_1D manual__2023-08-24T04:12:34.056895+00:00 [running]> on host vnstock-pipeline-vm.us-central1-c.c.vnstock-pipeline.internal
[2023-08-24T04:17:23.874+0000] {taskinstance.py:1660} INFO - Exporting env vars: AIRFLOW_CTX_DAG_EMAIL='nguyentuanduong555@gmail.com' AIRFLOW_CTX_DAG_OWNER='Duong' AIRFLOW_CTX_DAG_ID='vnstock-pipeline' AIRFLOW_CTX_TASK_ID='Stock_collection_1D' AIRFLOW_CTX_EXECUTION_DATE='2023-08-24T04:12:34.056895+00:00' AIRFLOW_CTX_TRY_NUMBER='1' AIRFLOW_CTX_DAG_RUN_ID='manual__2023-08-24T04:12:34.056895+00:00'
[2023-08-24T04:17:24.930+0000] {logging_mixin.py:151} INFO -                        time     open     high  ...     volume  ticker   type
0 2023-08-24 09:00:00+07:00  30300.0  30500.0  ...  2932500.0     SSI  stock
1 2023-08-24 10:00:00+07:00  30300.0  30800.0  ...  4039500.0     SSI  stock

[2 rows x 8 columns]
[2023-08-24T04:17:24.931+0000] {logging_mixin.py:151} INFO - 1606/1607_SSI
[2023-08-24T04:17:25.581+0000] {logging_mixin.py:151} INFO -                        time     open     high  ...   volume  ticker   type
0 2023-08-24 09:00:00+07:00  67000.0  67700.0  ...  50200.0     BCM  stock
1 2023-08-24 10:00:00+07:00  66200.0  66800.0  ...  45200.0     BCM  stock

[2 rows x 8 columns]
[2023-08-24T04:17:25.582+0000] {logging_mixin.py:151} INFO - 1605/1607_BCM
[2023-08-24T04:17:26.232+0000] {logging_mixin.py:151} INFO -                        time     open     high  ...    volume  ticker   type
0 2023-08-24 09:00:00+07:00  54900.0  55100.0  ...  355600.0     VHM  stock
1 2023-08-24 10:00:00+07:00  54600.0  54900.0  ...  742400.0     VHM  stock

[2 rows x 8 columns]
[2023-08-24T04:17:26.233+0000] {logging_mixin.py:151} INFO - 1604/1607_VHM
[2023-08-24T04:17:26.887+0000] {logging_mixin.py:151} INFO -                        time     open     high  ...     volume  ticker   type
0 2023-08-24 09:00:00+07:00  65700.0  65800.0  ...  1363600.0     VIC  stock
1 2023-08-24 10:00:00+07:00  65000.0  65200.0  ...  1312900.0     VIC  stock

[2 rows x 8 columns]
[2023-08-24T04:17:26.888+0000] {logging_mixin.py:151} INFO - 1603/1607_VIC
[2023-08-24T04:17:27.550+0000] {logging_mixin.py:151} INFO -                        time     open     high  ...    volume  ticker   type
0 2023-08-24 09:00:00+07:00  28850.0  29200.0  ...  304500.0     VRE  stock
1 2023-08-24 10:00:00+07:00  28850.0  29000.0  ...  355500.0     VRE  stock

[2 rows x 8 columns]
[2023-08-24T04:17:27.552+0000] {logging_mixin.py:151} INFO - 1602/1607_VRE
[2023-08-24T04:17:28.202+0000] {logging_mixin.py:151} INFO -                        time     open     high  ...   volume  ticker   type
0 2023-08-24 09:00:00+07:00  45050.0  45450.0  ...  28500.0     BVH  stock
1 2023-08-24 10:00:00+07:00  45200.0  45500.0  ...  39100.0     BVH  stock

[2 rows x 8 columns]
[2023-08-24T04:17:28.203+0000] {logging_mixin.py:151} INFO - 1601/1607_BVH
[2023-08-24T04:17:28.853+0000] {logging_mixin.py:151} INFO -                        time     open     high  ...     volume  ticker   type
0 2023-08-24 09:00:00+07:00  12500.0  12550.0  ...  1283100.0     POW  stock
1 2023-08-24 10:00:00+07:00  12450.0  12650.0  ...   830400.0     POW  stock

[2 rows x 8 columns]
[2023-08-24T04:17:28.854+0000] {logging_mixin.py:151} INFO - 1600/1607_POW
[2023-08-24T04:17:29.508+0000] {logging_mixin.py:151} INFO -                        time      open      high  ...    volume  ticker   type
0 2023-08-24 09:00:00+07:00  102500.0  102500.0  ...   67800.0     GAS  stock
1 2023-08-24 10:00:00+07:00  102200.0  102300.0  ...  100100.0     GAS  stock

[2 rows x 8 columns]
[2023-08-24T04:17:29.508+0000] {logging_mixin.py:151} INFO - 1599/1607_GAS
[2023-08-24T04:17:30.163+0000] {logging_mixin.py:151} INFO -                        time     open     high  ...    volume  ticker   type
0 2023-08-24 09:00:00+07:00  21850.0  22000.0  ...  661200.0     ACB  stock
1 2023-08-24 10:00:00+07:00  22000.0  22000.0  ...  723100.0     ACB  stock

[2 rows x 8 columns]
[2023-08-24T04:17:30.164+0000] {logging_mixin.py:151} INFO - 1598/1607_ACB
[2023-08-24T04:17:30.820+0000] {logging_mixin.py:151} INFO -                        time     open     high  ...    volume  ticker   type
0 2023-08-24 09:00:00+07:00  45700.0  46000.0  ...   75600.0     BID  stock
1 2023-08-24 10:00:00+07:00  45650.0  45850.0  ...  276400.0     BID  stock

[2 rows x 8 columns]
[2023-08-24T04:17:30.821+0000] {logging_mixin.py:151} INFO - 1597/1607_BID
[2023-08-24T04:17:31.471+0000] {logging_mixin.py:151} INFO -                        time     open     high  ...    volume  ticker   type
0 2023-08-24 09:00:00+07:00  31500.0  31500.0  ...  300800.0     CTG  stock
1 2023-08-24 10:00:00+07:00  31150.0  31250.0  ...  806600.0     CTG  stock

[2 rows x 8 columns]
[2023-08-24T04:17:31.472+0000] {logging_mixin.py:151} INFO - 1596/1607_CTG
[2023-08-24T04:17:32.126+0000] {logging_mixin.py:151} INFO -                        time     open     high  ...    volume  ticker   type
0 2023-08-24 09:00:00+07:00  16100.0  16200.0  ...  135100.0     HDB  stock
1 2023-08-24 10:00:00+07:00  16149.0  16200.0  ...  247100.0     HDB  stock

[2 rows x 8 columns]
[2023-08-24T04:17:32.127+0000] {logging_mixin.py:151} INFO - 1595/1607_HDB
[2023-08-24T04:17:32.773+0000] {logging_mixin.py:151} INFO -                        time     open     high  ...     volume  ticker   type
0 2023-08-24 09:00:00+07:00  18100.0  18100.0  ...  1086100.0     MBB  stock
1 2023-08-24 10:00:00+07:00  18050.0  18100.0  ...  1123900.0     MBB  stock

[2 rows x 8 columns]
[2023-08-24T04:17:32.774+0000] {logging_mixin.py:151} INFO - 1594/1607_MBB
[2023-08-24T04:17:33.424+0000] {logging_mixin.py:151} INFO -                        time     open     high  ...    volume  ticker   type
0 2023-08-24 09:00:00+07:00  28200.0  28250.0  ...  144800.0     SSB  stock
1 2023-08-24 10:00:00+07:00  27100.0  28000.0  ...  200200.0     SSB  stock

[2 rows x 8 columns]
[2023-08-24T04:17:33.425+0000] {logging_mixin.py:151} INFO - 1593/1607_SSB
[2023-08-24T04:17:34.081+0000] {logging_mixin.py:151} INFO -                        time     open     high  ...     volume  ticker   type
0 2023-08-24 09:00:00+07:00  12000.0  12050.0  ...  1073900.0     SHB  stock
1 2023-08-24 10:00:00+07:00  11900.0  12050.0  ...  2354000.0     SHB  stock

[2 rows x 8 columns]
[2023-08-24T04:17:34.082+0000] {logging_mixin.py:151} INFO - 1592/1607_SHB
[2023-08-24T04:17:34.732+0000] {logging_mixin.py:151} INFO -                        time     open     high  ...     volume  ticker   type
0 2023-08-24 09:00:00+07:00  31100.0  31400.0  ...  3144700.0     STB  stock
1 2023-08-24 10:00:00+07:00  31150.0  31300.0  ...  1767500.0     STB  stock

[2 rows x 8 columns]
[2023-08-24T04:17:34.733+0000] {logging_mixin.py:151} INFO - 1591/1607_STB
[2023-08-24T04:17:35.382+0000] {logging_mixin.py:151} INFO -                        time     open     high  ...    volume  ticker   type
0 2023-08-24 09:00:00+07:00  33500.0  33650.0  ...  730200.0     TCB  stock
1 2023-08-24 10:00:00+07:00  33600.0  33800.0  ...  834600.0     TCB  stock

[2 rows x 8 columns]
[2023-08-24T04:17:35.382+0000] {logging_mixin.py:151} INFO - 1590/1607_TCB
[2023-08-24T04:17:36.039+0000] {logging_mixin.py:151} INFO -                        time     open     high  ...     volume  ticker   type
0 2023-08-24 09:00:00+07:00  18500.0  18500.0  ...   465000.0     TPB  stock
1 2023-08-24 10:00:00+07:00  18450.0  18650.0  ...  2479400.0     TPB  stock

[2 rows x 8 columns]
[2023-08-24T04:17:36.040+0000] {logging_mixin.py:151} INFO - 1589/1607_TPB
[2023-08-24T04:17:36.697+0000] {logging_mixin.py:151} INFO -                        time     open     high  ...    volume  ticker   type
0 2023-08-24 09:00:00+07:00  86300.0  87000.0  ...  121600.0     VCB  stock
1 2023-08-24 10:00:00+07:00  86000.0  87100.0  ...  192100.0     VCB  stock

[2 rows x 8 columns]
[2023-08-24T04:17:36.698+0000] {logging_mixin.py:151} INFO - 1588/1607_VCB
[2023-08-24T04:17:37.349+0000] {logging_mixin.py:151} INFO -                        time     open     high  ...    volume  ticker   type
0 2023-08-24 09:00:00+07:00  19700.0  19800.0  ...  232100.0     VIB  stock
1 2023-08-24 10:00:00+07:00  19750.0  19750.0  ...  627200.0     VIB  stock

[2 rows x 8 columns]
[2023-08-24T04:17:37.350+0000] {logging_mixin.py:151} INFO - 1587/1607_VIB
[2023-08-24T04:17:38.003+0000] {logging_mixin.py:151} INFO -                        time     open     high  ...     volume  ticker   type
0 2023-08-24 09:00:00+07:00  20250.0  20500.0  ...  1366500.0     VPB  stock
1 2023-08-24 10:00:00+07:00  20350.0  20450.0  ...  1591600.0     VPB  stock

[2 rows x 8 columns]
[2023-08-24T04:17:38.004+0000] {logging_mixin.py:151} INFO - 1586/1607_VPB
[2023-08-24T04:17:38.658+0000] {logging_mixin.py:151} INFO -                        time     open     high  ...     volume  ticker   type
0 2023-08-24 09:00:00+07:00  25650.0  26000.0  ...  2248800.0     HPG  stock
1 2023-08-24 10:00:00+07:00  25700.0  26100.0  ...  2940100.0     HPG  stock

[2 rows x 8 columns]
[2023-08-24T04:17:38.659+0000] {logging_mixin.py:151} INFO - 1585/1607_HPG
[2023-08-24T04:17:39.308+0000] {logging_mixin.py:151} INFO -                        time     open     high  ...    volume  ticker   type
0 2023-08-24 09:00:00+07:00  19200.0  19400.0  ...  181800.0     GVR  stock
1 2023-08-24 10:00:00+07:00  19300.0  19500.0  ...  196600.0     GVR  stock

[2 rows x 8 columns]
[2023-08-24T04:17:39.308+0000] {logging_mixin.py:151} INFO - 1584/1607_GVR
[2023-08-24T04:17:39.959+0000] {logging_mixin.py:151} INFO -                        time     open     high  ...    volume  ticker   type
0 2023-08-24 09:00:00+07:00  77300.0  78200.0  ...  155500.0     MSN  stock
1 2023-08-24 10:00:00+07:00  78000.0  79400.0  ...  665400.0     MSN  stock

[2 rows x 8 columns]
[2023-08-24T04:17:39.960+0000] {logging_mixin.py:151} INFO - 1583/1607_MSN
[2023-08-24T04:17:40.609+0000] {logging_mixin.py:151} INFO -                        time     open     high  ...     volume  ticker   type
0 2023-08-24 09:00:00+07:00  73500.0  73500.0  ...   241500.0     VNM  stock
1 2023-08-24 10:00:00+07:00  73500.0  74700.0  ...  1302800.0     VNM  stock

[2 rows x 8 columns]
[2023-08-24T04:17:40.610+0000] {logging_mixin.py:151} INFO - 1582/1607_VNM
[2023-08-24T04:17:41.262+0000] {logging_mixin.py:151} INFO -                        time      open      high  ...    volume  ticker   type
0 2023-08-24 09:00:00+07:00  154900.0  155000.0  ...  171400.0     SAB  stock
1 2023-08-24 10:00:00+07:00  154200.0  154200.0  ...   74200.0     SAB  stock

[2 rows x 8 columns]
[2023-08-24T04:17:41.263+0000] {logging_mixin.py:151} INFO - 1581/1607_SAB
[2023-08-24T04:17:41.913+0000] {logging_mixin.py:151} INFO -                        time     open     high  ...    volume  ticker   type
0 2023-08-24 09:00:00+07:00  96900.0  97000.0  ...  205000.0     VJC  stock
1 2023-08-24 10:00:00+07:00  96800.0  97100.0  ...  170300.0     VJC  stock

[2 rows x 8 columns]
[2023-08-24T04:17:41.914+0000] {logging_mixin.py:151} INFO - 1580/1607_VJC
[2023-08-24T04:17:42.564+0000] {logging_mixin.py:151} INFO -                        time     open     high  ...     volume  ticker   type
0 2023-08-24 09:00:00+07:00  49700.0  50700.0  ...  1590300.0     MWG  stock
1 2023-08-24 10:00:00+07:00  50300.0  50800.0  ...   863000.0     MWG  stock

[2 rows x 8 columns]
[2023-08-24T04:17:42.565+0000] {logging_mixin.py:151} INFO - 1579/1607_MWG
[2023-08-24T04:17:43.217+0000] {logging_mixin.py:151} INFO -                        time     open     high  ...   volume  ticker   type
0 2023-08-24 09:00:00+07:00  37400.0  37600.0  ...  61000.0     PLX  stock
1 2023-08-24 10:00:00+07:00  37400.0  37550.0  ...  47300.0     PLX  stock

[2 rows x 8 columns]
[2023-08-24T04:17:43.217+0000] {logging_mixin.py:151} INFO - 1578/1607_PLX
[2023-08-24T04:17:43.865+0000] {logging_mixin.py:151} INFO -                        time     open     high  ...     volume  ticker   type
0 2023-08-24 09:00:00+07:00  85500.0  87600.0  ...  1017700.0     FPT  stock
1 2023-08-24 10:00:00+07:00  87300.0  90100.0  ...  1996500.0     FPT  stock

[2 rows x 8 columns]
[2023-08-24T04:17:43.866+0000] {logging_mixin.py:151} INFO - 1577/1607_FPT
[2023-08-24T04:17:45.589+0000] {logging_mixin.py:151} INFO - Empty DataFrame
Columns: [time, open, high, low, close, volume, ticker, type]
Index: []
[2023-08-24T04:17:45.590+0000] {logging_mixin.py:151} INFO - 1576/1607_MFS
[2023-08-24T04:17:46.245+0000] {logging_mixin.py:151} INFO -                        time     open     high  ...  volume  ticker   type
0 2023-08-24 09:00:00+07:00  16300.0  16300.0  ...  2000.0     ABC  stock

[1 rows x 8 columns]
[2023-08-24T04:17:46.246+0000] {logging_mixin.py:151} INFO - 1575/1607_ABC
[2023-08-24T04:17:47.411+0000] {logging_mixin.py:151} INFO -                        time     open     high  ...   volume  ticker   type
0 2023-08-24 09:00:00+07:00  23400.0  23600.0  ...  30700.0     VGI  stock
1 2023-08-24 10:00:00+07:00  23400.0  23700.0  ...  28800.0     VGI  stock

[2 rows x 8 columns]
[2023-08-24T04:17:47.412+0000] {logging_mixin.py:151} INFO - 1574/1607_VGI
[2023-08-24T04:17:48.061+0000] {logging_mixin.py:151} INFO -                        time     open     high  ...  volume  ticker   type
0 2023-08-24 09:00:00+07:00  62900.0  62900.0  ...   400.0     FOX  stock

[1 rows x 8 columns]
[2023-08-24T04:17:48.062+0000] {logging_mixin.py:151} INFO - 1573/1607_FOX
[2023-08-24T04:17:49.802+0000] {logging_mixin.py:151} INFO - Empty DataFrame
Columns: [time, open, high, low, close, volume, ticker, type]
Index: []
[2023-08-24T04:17:49.802+0000] {logging_mixin.py:151} INFO - 1572/1607_PAI
[2023-08-24T04:17:51.602+0000] {logging_mixin.py:151} INFO - Empty DataFrame
Columns: [time, open, high, low, close, volume, ticker, type]
Index: []
[2023-08-24T04:17:51.602+0000] {logging_mixin.py:151} INFO - 1571/1607_PIA
[2023-08-24T04:17:53.434+0000] {logging_mixin.py:151} INFO - Empty DataFrame
Columns: [time, open, high, low, close, volume, ticker, type]
Index: []
[2023-08-24T04:17:53.435+0000] {logging_mixin.py:151} INFO - 1570/1607_PTP
[2023-08-24T04:17:54.084+0000] {logging_mixin.py:151} INFO -                        time    open    high  ...   volume  ticker   type
0 2023-08-24 09:00:00+07:00  8300.0  8300.0  ...    800.0     TTN  stock
1 2023-08-24 10:00:00+07:00  8300.0  8400.0  ...  10200.0     TTN  stock

[2 rows x 8 columns]
[2023-08-24T04:17:54.085+0000] {logging_mixin.py:151} INFO - 1569/1607_TTN
[2023-08-24T04:17:55.783+0000] {logging_mixin.py:151} INFO - Empty DataFrame
Columns: [time, open, high, low, close, volume, ticker, type]
Index: []
[2023-08-24T04:17:55.783+0000] {logging_mixin.py:151} INFO - 1568/1607_FUCTVGF3
[2023-08-24T04:17:56.433+0000] {logging_mixin.py:151} INFO -                        time    open    high  ...  volume    ticker   type
0 2023-08-24 09:00:00+07:00  8510.0  8510.0  ...   200.0  FUEIP100  stock

[1 rows x 8 columns]
[2023-08-24T04:17:56.434+0000] {logging_mixin.py:151} INFO - 1567/1607_FUEIP100
[2023-08-24T04:17:57.087+0000] {logging_mixin.py:151} INFO -                        time    open    high  ...  volume    ticker   type
0 2023-08-24 10:00:00+07:00  7850.0  7860.0  ...  1300.0  FUEKIV30  stock

[1 rows x 8 columns]
[2023-08-24T04:17:57.088+0000] {logging_mixin.py:151} INFO - 1566/1607_FUEKIV30
[2023-08-24T04:17:58.798+0000] {logging_mixin.py:151} INFO - Empty DataFrame
Columns: [time, open, high, low, close, volume, ticker, type]
Index: []
[2023-08-24T04:17:58.798+0000] {logging_mixin.py:151} INFO - 1565/1607_FUCTVGF4
[2023-08-24T04:17:59.456+0000] {logging_mixin.py:151} INFO -                        time     open     high  ...   volume    ticker   type
0 2023-08-24 09:00:00+07:00  10020.0  10020.0  ...  11100.0  FUEDCMID  stock
1 2023-08-24 10:00:00+07:00  10030.0  10070.0  ...   1100.0  FUEDCMID  stock

[2 rows x 8 columns]
[2023-08-24T04:17:59.457+0000] {logging_mixin.py:151} INFO - 1564/1607_FUEDCMID
[2023-08-24T04:18:01.204+0000] {logging_mixin.py:151} INFO - Empty DataFrame
Columns: [time, open, high, low, close, volume, ticker, type]
Index: []
[2023-08-24T04:18:01.205+0000] {logging_mixin.py:151} INFO - 1563/1607_FUEKIVFS
[2023-08-24T04:18:01.855+0000] {logging_mixin.py:151} INFO -                        time     open     high  ...  volume    ticker   type
0 2023-08-24 09:00:00+07:00  10590.0  10590.0  ...  2000.0  FUEMAVND  stock
1 2023-08-24 10:00:00+07:00  10680.0  10730.0  ...  8000.0  FUEMAVND  stock

[2 rows x 8 columns]
[2023-08-24T04:18:01.856+0000] {logging_mixin.py:151} INFO - 1562/1607_FUEMAVND
[2023-08-24T04:18:03.798+0000] {logging_mixin.py:151} INFO - Empty DataFrame
Columns: [time, open, high, low, close, volume, ticker, type]
Index: []
[2023-08-24T04:18:03.798+0000] {logging_mixin.py:151} INFO - 1561/1607_FUEFCV50
[2023-08-24T04:18:05.508+0000] {logging_mixin.py:151} INFO - Empty DataFrame
Columns: [time, open, high, low, close, volume, ticker, type]
Index: []
[2023-08-24T04:18:05.509+0000] {logging_mixin.py:151} INFO - 1560/1607_FUEBFVND
[2023-08-24T04:18:06.160+0000] {logging_mixin.py:151} INFO -                        time     open     high  ...  volume    ticker   type
0 2023-08-24 09:00:00+07:00  18900.0  19180.0  ...   600.0  FUESSV50  stock
1 2023-08-24 10:00:00+07:00  19000.0  19000.0  ...  2400.0  FUESSV50  stock

[2 rows x 8 columns]
[2023-08-24T04:18:06.161+0000] {logging_mixin.py:151} INFO - 1559/1607_FUESSV50
[2023-08-24T04:18:06.814+0000] {logging_mixin.py:151} INFO -                        time     open     high  ...    volume    ticker   type
0 2023-08-24 09:00:00+07:00  20440.0  20480.0  ...  208400.0  E1VFVN30  stock
1 2023-08-24 10:00:00+07:00  20440.0  20520.0  ...   12100.0  E1VFVN30  stock

[2 rows x 8 columns]
[2023-08-24T04:18:06.815+0000] {logging_mixin.py:151} INFO - 1558/1607_E1VFVN30
[2023-08-24T04:18:07.514+0000] {logging_mixin.py:151} INFO -                        time     open     high  ...  volume    ticker   type
0 2023-08-24 09:00:00+07:00  19000.0  19000.0  ...   300.0  FUESSVFL  stock
1 2023-08-24 10:00:00+07:00  18660.0  18720.0  ...  4800.0  FUESSVFL  stock

[2 rows x 8 columns]
[2023-08-24T04:18:07.515+0000] {logging_mixin.py:151} INFO - 1557/1607_FUESSVFL
[2023-08-24T04:18:07.516+0000] {python.py:194} INFO - Done. Returned value was: Done
[2023-08-24T04:18:07.529+0000] {taskinstance.py:1400} INFO - Marking task as SUCCESS. dag_id=vnstock-pipeline, task_id=Stock_collection_1D, execution_date=20230824T041234, start_date=20230824T041723, end_date=20230824T041807
[2023-08-24T04:18:07.551+0000] {local_task_job_runner.py:228} INFO - Task exited with return code 0
[2023-08-24T04:18:07.559+0000] {taskinstance.py:2784} INFO - 0 downstream tasks scheduled from follow-on schedule check
