[2023-08-24T04:28:12.337+0000] {taskinstance.py:1159} INFO - Dependencies all met for dep_context=non-requeueable deps ti=<TaskInstance: vnstock-pipeline.Stock_collection_1Y manual__2023-08-24T04:26:33.363611+00:00 [queued]>
[2023-08-24T04:28:12.342+0000] {taskinstance.py:1159} INFO - Dependencies all met for dep_context=requeueable deps ti=<TaskInstance: vnstock-pipeline.Stock_collection_1Y manual__2023-08-24T04:26:33.363611+00:00 [queued]>
[2023-08-24T04:28:12.343+0000] {taskinstance.py:1361} INFO - Starting attempt 1 of 4
[2023-08-24T04:28:12.354+0000] {taskinstance.py:1382} INFO - Executing <Task(PythonOperator): Stock_collection_1Y> on 2023-08-24 04:26:33.363611+00:00
[2023-08-24T04:28:12.358+0000] {standard_task_runner.py:57} INFO - Started process 39994 to run task
[2023-08-24T04:28:12.358+0000] {clientserver.py:543} INFO - Closing down clientserver connection
[2023-08-24T04:28:12.366+0000] {standard_task_runner.py:84} INFO - Running: ['airflow', 'tasks', 'run', 'vnstock-pipeline', 'Stock_collection_1Y', 'manual__2023-08-24T04:26:33.363611+00:00', '--job-id', '117', '--raw', '--subdir', 'DAGS_FOLDER/main.py', '--cfg-path', '/tmp/tmpft_w64cp']
[2023-08-24T04:28:12.367+0000] {standard_task_runner.py:85} INFO - Job 117: Subtask Stock_collection_1Y
[2023-08-24T04:28:12.401+0000] {task_command.py:415} INFO - Running <TaskInstance: vnstock-pipeline.Stock_collection_1Y manual__2023-08-24T04:26:33.363611+00:00 [running]> on host vnstock-pipeline-vm.us-central1-c.c.vnstock-pipeline.internal
[2023-08-24T04:28:12.449+0000] {taskinstance.py:1660} INFO - Exporting env vars: AIRFLOW_CTX_DAG_EMAIL='nguyentuanduong555@gmail.com' AIRFLOW_CTX_DAG_OWNER='Duong' AIRFLOW_CTX_DAG_ID='vnstock-pipeline' AIRFLOW_CTX_TASK_ID='Stock_collection_1Y' AIRFLOW_CTX_EXECUTION_DATE='2023-08-24T04:26:33.363611+00:00' AIRFLOW_CTX_TRY_NUMBER='1' AIRFLOW_CTX_DAG_RUN_ID='manual__2023-08-24T04:26:33.363611+00:00'
[2023-08-24T04:28:12.601+0000] {clientserver.py:505} INFO - Error while sending or receiving.
Traceback (most recent call last):
  File "/home/nguyentuanduong7/.local/lib/python3.8/site-packages/py4j/clientserver.py", line 503, in send_command
    self.socket.sendall(command.encode("utf-8"))
ConnectionResetError: [Errno 104] Connection reset by peer
[2023-08-24T04:28:12.601+0000] {clientserver.py:543} INFO - Closing down clientserver connection
[2023-08-24T04:28:12.602+0000] {java_gateway.py:1052} INFO - Exception while sending command.
Traceback (most recent call last):
  File "/home/nguyentuanduong7/.local/lib/python3.8/site-packages/py4j/clientserver.py", line 503, in send_command
    self.socket.sendall(command.encode("utf-8"))
ConnectionResetError: [Errno 104] Connection reset by peer

During handling of the above exception, another exception occurred:

Traceback (most recent call last):
  File "/home/nguyentuanduong7/.local/lib/python3.8/site-packages/py4j/java_gateway.py", line 1038, in send_command
    response = connection.send_command(command)
  File "/home/nguyentuanduong7/.local/lib/python3.8/site-packages/py4j/clientserver.py", line 506, in send_command
    raise Py4JNetworkError(
py4j.protocol.Py4JNetworkError: Error while sending
[2023-08-24T04:28:12.604+0000] {clientserver.py:543} INFO - Closing down clientserver connection
[2023-08-24T04:28:13.423+0000] {logging_mixin.py:151} INFO - 1606/1607_SSI
[2023-08-24T04:28:14.118+0000] {logging_mixin.py:151} INFO - 1605/1607_BCM
[2023-08-24T04:28:14.812+0000] {logging_mixin.py:151} INFO - 1604/1607_VHM
[2023-08-24T04:28:15.506+0000] {logging_mixin.py:151} INFO - 1603/1607_VIC
[2023-08-24T04:28:16.191+0000] {logging_mixin.py:151} INFO - 1602/1607_VRE
[2023-08-24T04:28:17.426+0000] {logging_mixin.py:151} INFO - 1601/1607_BVH
[2023-08-24T04:28:18.122+0000] {logging_mixin.py:151} INFO - 1600/1607_POW
[2023-08-24T04:28:18.808+0000] {logging_mixin.py:151} INFO - 1599/1607_GAS
[2023-08-24T04:28:19.497+0000] {logging_mixin.py:151} INFO - 1598/1607_ACB
[2023-08-24T04:28:20.181+0000] {logging_mixin.py:151} INFO - 1597/1607_BID
[2023-08-24T04:28:20.865+0000] {logging_mixin.py:151} INFO - 1596/1607_CTG
[2023-08-24T04:28:21.558+0000] {logging_mixin.py:151} INFO - 1595/1607_HDB
[2023-08-24T04:28:22.249+0000] {logging_mixin.py:151} INFO - 1594/1607_MBB
[2023-08-24T04:28:22.934+0000] {logging_mixin.py:151} INFO - 1593/1607_SSB
[2023-08-24T04:28:23.621+0000] {logging_mixin.py:151} INFO - 1592/1607_SHB
[2023-08-24T04:28:24.313+0000] {logging_mixin.py:151} INFO - 1591/1607_STB
[2023-08-24T04:28:25.006+0000] {logging_mixin.py:151} INFO - 1590/1607_TCB
[2023-08-24T04:28:25.691+0000] {logging_mixin.py:151} INFO - 1589/1607_TPB
[2023-08-24T04:28:26.380+0000] {logging_mixin.py:151} INFO - 1588/1607_VCB
[2023-08-24T04:28:27.072+0000] {logging_mixin.py:151} INFO - 1587/1607_VIB
[2023-08-24T04:28:27.767+0000] {logging_mixin.py:151} INFO - 1586/1607_VPB
[2023-08-24T04:28:28.448+0000] {logging_mixin.py:151} INFO - 1585/1607_HPG
[2023-08-24T04:28:29.134+0000] {logging_mixin.py:151} INFO - 1584/1607_GVR
[2023-08-24T04:28:29.826+0000] {logging_mixin.py:151} INFO - 1583/1607_MSN
[2023-08-24T04:28:30.512+0000] {logging_mixin.py:151} INFO - 1582/1607_VNM
[2023-08-24T04:28:31.206+0000] {logging_mixin.py:151} INFO - 1581/1607_SAB
[2023-08-24T04:28:31.938+0000] {logging_mixin.py:151} INFO - 1580/1607_VJC
[2023-08-24T04:28:32.633+0000] {logging_mixin.py:151} INFO - 1579/1607_MWG
[2023-08-24T04:28:33.332+0000] {logging_mixin.py:151} INFO - 1578/1607_PLX
[2023-08-24T04:28:34.023+0000] {logging_mixin.py:151} INFO - 1577/1607_FPT
[2023-08-24T04:28:34.723+0000] {logging_mixin.py:151} INFO - 1576/1607_MFS
[2023-08-24T04:28:35.404+0000] {logging_mixin.py:151} INFO - 1575/1607_ABC
[2023-08-24T04:28:36.092+0000] {logging_mixin.py:151} INFO - 1574/1607_VGI
[2023-08-24T04:28:36.781+0000] {logging_mixin.py:151} INFO - 1573/1607_FOX
[2023-08-24T04:28:37.474+0000] {logging_mixin.py:151} INFO - 1572/1607_PAI
[2023-08-24T04:28:38.170+0000] {logging_mixin.py:151} INFO - 1571/1607_PIA
[2023-08-24T04:28:38.855+0000] {logging_mixin.py:151} INFO - 1570/1607_PTP
[2023-08-24T04:28:39.547+0000] {logging_mixin.py:151} INFO - 1569/1607_TTN
[2023-08-24T04:28:40.236+0000] {logging_mixin.py:151} INFO - 1568/1607_FUCTVGF3
[2023-08-24T04:28:40.924+0000] {logging_mixin.py:151} INFO - 1567/1607_FUEIP100
[2023-08-24T04:28:41.613+0000] {logging_mixin.py:151} INFO - 1566/1607_FUEKIV30
[2023-08-24T04:28:42.298+0000] {logging_mixin.py:151} INFO - 1565/1607_FUCTVGF4
[2023-08-24T04:28:42.987+0000] {logging_mixin.py:151} INFO - 1564/1607_FUEDCMID
[2023-08-24T04:28:43.689+0000] {logging_mixin.py:151} INFO - 1563/1607_FUEKIVFS
[2023-08-24T04:28:44.369+0000] {logging_mixin.py:151} INFO - 1562/1607_FUEMAVND
[2023-08-24T04:28:45.072+0000] {logging_mixin.py:151} INFO - 1561/1607_FUEFCV50
[2023-08-24T04:28:45.750+0000] {logging_mixin.py:151} INFO - 1560/1607_FUEBFVND
[2023-08-24T04:28:46.438+0000] {logging_mixin.py:151} INFO - 1559/1607_FUESSV50
[2023-08-24T04:28:47.129+0000] {logging_mixin.py:151} INFO - 1558/1607_E1VFVN30
[2023-08-24T04:28:47.831+0000] {logging_mixin.py:151} INFO - 1557/1607_FUESSVFL
[2023-08-24T04:28:47.833+0000] {python.py:194} INFO - Done. Returned value was: Done
[2023-08-24T04:28:47.846+0000] {taskinstance.py:1400} INFO - Marking task as SUCCESS. dag_id=vnstock-pipeline, task_id=Stock_collection_1Y, execution_date=20230824T042633, start_date=20230824T042812, end_date=20230824T042847
[2023-08-24T04:28:47.886+0000] {local_task_job_runner.py:228} INFO - Task exited with return code 0
[2023-08-24T04:28:47.899+0000] {taskinstance.py:2784} INFO - 1 downstream tasks scheduled from follow-on schedule check
