[2023-08-30T17:29:10.705+0000] {taskinstance.py:1159} INFO - Dependencies all met for dep_context=non-requeueable deps ti=<TaskInstance: vnstock-pipeline-3M-1Y.Stock_collection_1Y manual__2023-08-30T17:15:55.114696+00:00 [queued]>
[2023-08-30T17:29:10.710+0000] {taskinstance.py:1159} INFO - Dependencies all met for dep_context=requeueable deps ti=<TaskInstance: vnstock-pipeline-3M-1Y.Stock_collection_1Y manual__2023-08-30T17:15:55.114696+00:00 [queued]>
[2023-08-30T17:29:10.711+0000] {taskinstance.py:1361} INFO - Starting attempt 2 of 4
[2023-08-30T17:29:10.724+0000] {taskinstance.py:1382} INFO - Executing <Task(PythonOperator): Stock_collection_1Y> on 2023-08-30 17:15:55.114696+00:00
[2023-08-30T17:29:10.729+0000] {standard_task_runner.py:57} INFO - Started process 465595 to run task
[2023-08-30T17:29:10.729+0000] {clientserver.py:543} INFO - Closing down clientserver connection
[2023-08-30T17:29:10.739+0000] {standard_task_runner.py:84} INFO - Running: ['airflow', 'tasks', 'run', 'vnstock-pipeline-3M-1Y', 'Stock_collection_1Y', 'manual__2023-08-30T17:15:55.114696+00:00', '--job-id', '385', '--raw', '--subdir', 'DAGS_FOLDER/main.py', '--cfg-path', '/tmp/tmpahuo9966']
[2023-08-30T17:29:10.739+0000] {standard_task_runner.py:85} INFO - Job 385: Subtask Stock_collection_1Y
[2023-08-30T17:29:10.777+0000] {task_command.py:415} INFO - Running <TaskInstance: vnstock-pipeline-3M-1Y.Stock_collection_1Y manual__2023-08-30T17:15:55.114696+00:00 [running]> on host vnstock-pipeline-vm.us-central1-c.c.vnstock-pipeline.internal
[2023-08-30T17:29:10.820+0000] {taskinstance.py:1660} INFO - Exporting env vars: AIRFLOW_CTX_DAG_EMAIL='nguyentuanduong555@gmail.com' AIRFLOW_CTX_DAG_OWNER='Duong_' AIRFLOW_CTX_DAG_ID='vnstock-pipeline-3M-1Y' AIRFLOW_CTX_TASK_ID='Stock_collection_1Y' AIRFLOW_CTX_EXECUTION_DATE='2023-08-30T17:15:55.114696+00:00' AIRFLOW_CTX_TRY_NUMBER='2' AIRFLOW_CTX_DAG_RUN_ID='manual__2023-08-30T17:15:55.114696+00:00'
[2023-08-30T17:29:11.738+0000] {logging_mixin.py:151} INFO - 1606/1607_SSI
[2023-08-30T17:29:12.452+0000] {logging_mixin.py:151} INFO - 1605/1607_BCM
[2023-08-30T17:29:13.173+0000] {logging_mixin.py:151} INFO - 1604/1607_VHM
[2023-08-30T17:29:13.889+0000] {logging_mixin.py:151} INFO - 1603/1607_VIC
[2023-08-30T17:29:14.612+0000] {logging_mixin.py:151} INFO - 1602/1607_VRE
[2023-08-30T17:29:15.329+0000] {logging_mixin.py:151} INFO - 1601/1607_BVH
[2023-08-30T17:29:16.044+0000] {logging_mixin.py:151} INFO - 1600/1607_POW
[2023-08-30T17:29:16.760+0000] {logging_mixin.py:151} INFO - 1599/1607_GAS
[2023-08-30T17:29:17.472+0000] {logging_mixin.py:151} INFO - 1598/1607_ACB
[2023-08-30T17:29:18.191+0000] {logging_mixin.py:151} INFO - 1597/1607_BID
[2023-08-30T17:29:18.898+0000] {logging_mixin.py:151} INFO - 1596/1607_CTG
[2023-08-30T17:29:19.613+0000] {logging_mixin.py:151} INFO - 1595/1607_HDB
[2023-08-30T17:29:20.328+0000] {logging_mixin.py:151} INFO - 1594/1607_MBB
[2023-08-30T17:29:21.051+0000] {logging_mixin.py:151} INFO - 1593/1607_SSB
[2023-08-30T17:29:21.763+0000] {logging_mixin.py:151} INFO - 1592/1607_SHB
[2023-08-30T17:29:22.478+0000] {logging_mixin.py:151} INFO - 1591/1607_STB
[2023-08-30T17:29:23.191+0000] {logging_mixin.py:151} INFO - 1590/1607_TCB
[2023-08-30T17:29:23.912+0000] {logging_mixin.py:151} INFO - 1589/1607_TPB
[2023-08-30T17:29:24.623+0000] {logging_mixin.py:151} INFO - 1588/1607_VCB
[2023-08-30T17:29:25.336+0000] {logging_mixin.py:151} INFO - 1587/1607_VIB
[2023-08-30T17:29:26.054+0000] {logging_mixin.py:151} INFO - 1586/1607_VPB
[2023-08-30T17:29:26.774+0000] {logging_mixin.py:151} INFO - 1585/1607_HPG
[2023-08-30T17:29:27.488+0000] {logging_mixin.py:151} INFO - 1584/1607_GVR
[2023-08-30T17:29:28.199+0000] {logging_mixin.py:151} INFO - 1583/1607_MSN
[2023-08-30T17:29:29.081+0000] {logging_mixin.py:151} INFO - 1582/1607_VNM
[2023-08-30T17:29:29.815+0000] {logging_mixin.py:151} INFO - 1581/1607_SAB
[2023-08-30T17:29:30.533+0000] {logging_mixin.py:151} INFO - 1580/1607_VJC
[2023-08-30T17:29:31.256+0000] {logging_mixin.py:151} INFO - 1579/1607_MWG
[2023-08-30T17:29:31.970+0000] {logging_mixin.py:151} INFO - 1578/1607_PLX
[2023-08-30T17:29:32.683+0000] {logging_mixin.py:151} INFO - 1577/1607_FPT
[2023-08-30T17:29:33.409+0000] {logging_mixin.py:151} INFO - 1576/1607_MFS
[2023-08-30T17:29:34.135+0000] {logging_mixin.py:151} INFO - 1575/1607_ABC
[2023-08-30T17:29:34.853+0000] {logging_mixin.py:151} INFO - 1574/1607_VGI
[2023-08-30T17:29:35.575+0000] {logging_mixin.py:151} INFO - 1573/1607_FOX
[2023-08-30T17:29:36.313+0000] {logging_mixin.py:151} INFO - 1572/1607_PAI
[2023-08-30T17:29:37.040+0000] {logging_mixin.py:151} INFO - 1571/1607_PIA
[2023-08-30T17:29:37.763+0000] {logging_mixin.py:151} INFO - 1570/1607_PTP
[2023-08-30T17:29:38.489+0000] {logging_mixin.py:151} INFO - 1569/1607_TTN
[2023-08-30T17:29:39.201+0000] {logging_mixin.py:151} INFO - 1568/1607_FUCTVGF3
[2023-08-30T17:29:39.921+0000] {logging_mixin.py:151} INFO - 1567/1607_FUEIP100
[2023-08-30T17:29:40.636+0000] {logging_mixin.py:151} INFO - 1566/1607_FUEKIV30
[2023-08-30T17:29:41.356+0000] {logging_mixin.py:151} INFO - 1565/1607_FUCTVGF4
[2023-08-30T17:29:42.078+0000] {logging_mixin.py:151} INFO - 1564/1607_FUEDCMID
[2023-08-30T17:29:42.793+0000] {logging_mixin.py:151} INFO - 1563/1607_FUEKIVFS
[2023-08-30T17:29:43.507+0000] {logging_mixin.py:151} INFO - 1562/1607_FUEMAVND
[2023-08-30T17:29:44.220+0000] {logging_mixin.py:151} INFO - 1561/1607_FUEFCV50
[2023-08-30T17:29:44.936+0000] {logging_mixin.py:151} INFO - 1560/1607_FUEBFVND
[2023-08-30T17:29:45.649+0000] {logging_mixin.py:151} INFO - 1559/1607_FUESSV50
[2023-08-30T17:29:46.359+0000] {logging_mixin.py:151} INFO - 1558/1607_E1VFVN30
[2023-08-30T17:29:47.075+0000] {logging_mixin.py:151} INFO - 1557/1607_FUESSVFL
[2023-08-30T17:29:47.787+0000] {logging_mixin.py:151} INFO - 1556/1607_FUEMAV30
[2023-08-30T17:29:48.507+0000] {logging_mixin.py:151} INFO - 1555/1607_FUESSV30
[2023-08-30T17:29:49.227+0000] {logging_mixin.py:151} INFO - 1554/1607_FUEVFVND
[2023-08-30T17:29:49.967+0000] {logging_mixin.py:151} INFO - 1553/1607_FUEVN100
[2023-08-30T17:29:50.697+0000] {logging_mixin.py:151} INFO - 1552/1607_FUCVREIT
[2023-08-30T17:29:51.406+0000] {logging_mixin.py:151} INFO - 1551/1607_ABW
[2023-08-30T17:29:52.123+0000] {logging_mixin.py:151} INFO - 1550/1607_AGR
[2023-08-30T17:29:52.837+0000] {logging_mixin.py:151} INFO - 1549/1607_APG
[2023-08-30T17:29:53.548+0000] {logging_mixin.py:151} INFO - 1548/1607_APS
[2023-08-30T17:29:54.264+0000] {logging_mixin.py:151} INFO - 1547/1607_BCG
[2023-08-30T17:29:54.984+0000] {logging_mixin.py:151} INFO - 1546/1607_BMS
[2023-08-30T17:29:55.703+0000] {logging_mixin.py:151} INFO - 1545/1607_BSI
[2023-08-30T17:29:56.423+0000] {logging_mixin.py:151} INFO - 1544/1607_BVS
[2023-08-30T17:29:57.136+0000] {logging_mixin.py:151} INFO - 1543/1607_TIN
[2023-08-30T17:29:57.850+0000] {logging_mixin.py:151} INFO - 1542/1607_CTS
[2023-08-30T17:29:58.575+0000] {logging_mixin.py:151} INFO - 1541/1607_DSC
[2023-08-30T17:29:59.295+0000] {logging_mixin.py:151} INFO - 1540/1607_EVF
[2023-08-30T17:30:00.015+0000] {logging_mixin.py:151} INFO - 1539/1607_FIT
[2023-08-30T17:30:00.766+0000] {logging_mixin.py:151} INFO - 1538/1607_ART
[2023-08-30T17:30:01.493+0000] {logging_mixin.py:151} INFO - 1537/1607_FTS
[2023-08-30T17:30:02.215+0000] {logging_mixin.py:151} INFO - 1536/1607_AAS
[2023-08-30T17:30:02.945+0000] {logging_mixin.py:151} INFO - 1535/1607_HBS
[2023-08-30T17:30:03.657+0000] {logging_mixin.py:151} INFO - 1534/1607_HCM
[2023-08-30T17:30:04.394+0000] {logging_mixin.py:151} INFO - 1533/1607_HAC
[2023-08-30T17:30:05.114+0000] {logging_mixin.py:151} INFO - 1532/1607_IBC
[2023-08-30T17:30:05.828+0000] {logging_mixin.py:151} INFO - 1531/1607_IVS
[2023-08-30T17:30:06.558+0000] {logging_mixin.py:151} INFO - 1530/1607_EVS
[2023-08-30T17:30:07.276+0000] {logging_mixin.py:151} INFO - 1529/1607_OGC
[2023-08-30T17:30:07.997+0000] {logging_mixin.py:151} INFO - 1528/1607_ORS
[2023-08-30T17:30:08.708+0000] {logging_mixin.py:151} INFO - 1527/1607_CSI
[2023-08-30T17:30:09.423+0000] {logging_mixin.py:151} INFO - 1526/1607_PHS
[2023-08-30T17:30:10.153+0000] {logging_mixin.py:151} INFO - 1525/1607_PSI
[2023-08-30T17:30:10.869+0000] {logging_mixin.py:151} INFO - 1524/1607_SBS
[2023-08-30T17:30:11.592+0000] {logging_mixin.py:151} INFO - 1523/1607_SHS
[2023-08-30T17:30:12.303+0000] {logging_mixin.py:151} INFO - 1522/1607_TCI
[2023-08-30T17:30:13.099+0000] {logging_mixin.py:151} INFO - 1521/1607_MBS
[2023-08-30T17:30:13.812+0000] {logging_mixin.py:151} INFO - 1520/1607_TVB
[2023-08-30T17:30:14.540+0000] {logging_mixin.py:151} INFO - 1519/1607_TVC
[2023-08-30T17:30:15.262+0000] {logging_mixin.py:151} INFO - 1518/1607_TVS
[2023-08-30T17:30:16.012+0000] {logging_mixin.py:151} INFO - 1517/1607_VCI
[2023-08-30T17:30:16.732+0000] {logging_mixin.py:151} INFO - 1516/1607_VDS
[2023-08-30T17:30:17.446+0000] {logging_mixin.py:151} INFO - 1515/1607_VFS
[2023-08-30T17:30:18.167+0000] {logging_mixin.py:151} INFO - 1514/1607_VUA
[2023-08-30T17:30:18.903+0000] {logging_mixin.py:151} INFO - 1513/1607_VIG
[2023-08-30T17:30:19.622+0000] {logging_mixin.py:151} INFO - 1512/1607_VIX
[2023-08-30T17:30:20.345+0000] {logging_mixin.py:151} INFO - 1511/1607_VND
[2023-08-30T17:30:21.066+0000] {logging_mixin.py:151} INFO - 1510/1607_WSS
[2023-08-30T17:30:21.779+0000] {logging_mixin.py:151} INFO - 1509/1607_BVL
[2023-08-30T17:30:22.506+0000] {logging_mixin.py:151} INFO - 1508/1607_SSH
[2023-08-30T17:30:23.250+0000] {logging_mixin.py:151} INFO - 1507/1607_BIG
[2023-08-30T17:30:23.968+0000] {logging_mixin.py:151} INFO - 1506/1607_MGR
[2023-08-30T17:30:24.680+0000] {logging_mixin.py:151} INFO - 1505/1607_AAV
[2023-08-30T17:30:25.399+0000] {logging_mixin.py:151} INFO - 1504/1607_AGG
[2023-08-30T17:30:27.066+0000] {logging_mixin.py:151} INFO - 1503/1607_AMD
[2023-08-30T17:30:27.782+0000] {logging_mixin.py:151} INFO - 1502/1607_API
[2023-08-30T17:30:28.494+0000] {logging_mixin.py:151} INFO - 1501/1607_BII
[2023-08-30T17:30:29.264+0000] {logging_mixin.py:151} INFO - 1500/1607_MH3
[2023-08-30T17:30:29.999+0000] {logging_mixin.py:151} INFO - 1499/1607_C21
[2023-08-30T17:30:30.724+0000] {logging_mixin.py:151} INFO - 1498/1607_CCL
[2023-08-30T17:30:31.446+0000] {logging_mixin.py:151} INFO - 1497/1607_CRE
[2023-08-30T17:30:32.160+0000] {logging_mixin.py:151} INFO - 1496/1607_CEO
[2023-08-30T17:30:32.876+0000] {logging_mixin.py:151} INFO - 1495/1607_CKG
[2023-08-30T17:30:33.585+0000] {logging_mixin.py:151} INFO - 1494/1607_CK8
[2023-08-30T17:30:34.300+0000] {logging_mixin.py:151} INFO - 1493/1607_CLG
[2023-08-30T17:30:35.018+0000] {logging_mixin.py:151} INFO - 1492/1607_D11
[2023-08-30T17:30:35.736+0000] {logging_mixin.py:151} INFO - 1491/1607_D2D
[2023-08-30T17:30:36.452+0000] {logging_mixin.py:151} INFO - 1490/1607_DIG
[2023-08-30T17:30:37.165+0000] {logging_mixin.py:151} INFO - 1489/1607_DRH
[2023-08-30T17:30:37.879+0000] {logging_mixin.py:151} INFO - 1488/1607_DTA
[2023-08-30T17:30:38.601+0000] {logging_mixin.py:151} INFO - 1487/1607_DXG
[2023-08-30T17:30:39.318+0000] {logging_mixin.py:151} INFO - 1486/1607_DXS
[2023-08-30T17:30:40.033+0000] {logging_mixin.py:151} INFO - 1485/1607_EFI
[2023-08-30T17:30:40.745+0000] {logging_mixin.py:151} INFO - 1484/1607_LEC
[2023-08-30T17:30:41.459+0000] {logging_mixin.py:151} INFO - 1483/1607_FDC
[2023-08-30T17:30:42.187+0000] {logging_mixin.py:151} INFO - 1482/1607_FID
[2023-08-30T17:30:42.901+0000] {logging_mixin.py:151} INFO - 1481/1607_FIR
[2023-08-30T17:30:43.583+0000] {logging_mixin.py:151} INFO - 1480/1607_FLC
[2023-08-30T17:30:44.300+0000] {logging_mixin.py:151} INFO - 1479/1607_HPX
[2023-08-30T17:30:45.026+0000] {logging_mixin.py:151} INFO - 1478/1607_HD6
[2023-08-30T17:30:45.758+0000] {logging_mixin.py:151} INFO - 1477/1607_HAR
[2023-08-30T17:30:46.480+0000] {logging_mixin.py:151} INFO - 1476/1607_XDH
[2023-08-30T17:30:47.195+0000] {logging_mixin.py:151} INFO - 1475/1607_HDC
[2023-08-30T17:30:47.917+0000] {logging_mixin.py:151} INFO - 1474/1607_HDG
[2023-08-30T17:30:48.640+0000] {logging_mixin.py:151} INFO - 1473/1607_TCH
[2023-08-30T17:30:49.357+0000] {logging_mixin.py:151} INFO - 1472/1607_HPI
[2023-08-30T17:30:50.075+0000] {logging_mixin.py:151} INFO - 1471/1607_HLD
[2023-08-30T17:30:50.781+0000] {logging_mixin.py:151} INFO - 1470/1607_DCH
[2023-08-30T17:30:51.495+0000] {logging_mixin.py:151} INFO - 1469/1607_HQC
[2023-08-30T17:30:52.209+0000] {logging_mixin.py:151} INFO - 1468/1607_HRB
[2023-08-30T17:30:52.925+0000] {logging_mixin.py:151} INFO - 1467/1607_HTN
[2023-08-30T17:30:53.651+0000] {logging_mixin.py:151} INFO - 1466/1607_HD2
[2023-08-30T17:30:54.365+0000] {logging_mixin.py:151} INFO - 1465/1607_HU6
[2023-08-30T17:30:55.076+0000] {logging_mixin.py:151} INFO - 1464/1607_HD8
[2023-08-30T17:30:55.789+0000] {logging_mixin.py:151} INFO - 1463/1607_IDC
[2023-08-30T17:30:56.518+0000] {logging_mixin.py:151} INFO - 1462/1607_IDJ
[2023-08-30T17:30:57.247+0000] {logging_mixin.py:151} INFO - 1461/1607_IDV
[2023-08-30T17:30:57.975+0000] {logging_mixin.py:151} INFO - 1460/1607_IJC
[2023-08-30T17:30:58.692+0000] {logging_mixin.py:151} INFO - 1459/1607_ITA
[2023-08-30T17:30:59.409+0000] {logging_mixin.py:151} INFO - 1458/1607_ITC
[2023-08-30T17:31:00.119+0000] {logging_mixin.py:151} INFO - 1457/1607_KAC
[2023-08-30T17:31:00.830+0000] {logging_mixin.py:151} INFO - 1456/1607_KBC
[2023-08-30T17:31:01.548+0000] {logging_mixin.py:151} INFO - 1455/1607_KDH
[2023-08-30T17:31:02.271+0000] {logging_mixin.py:151} INFO - 1454/1607_KHG
[2023-08-30T17:31:02.988+0000] {logging_mixin.py:151} INFO - 1453/1607_KOS
[2023-08-30T17:31:03.704+0000] {logging_mixin.py:151} INFO - 1452/1607_LSG
[2023-08-30T17:31:04.422+0000] {logging_mixin.py:151} INFO - 1451/1607_LDG
[2023-08-30T17:31:05.135+0000] {logging_mixin.py:151} INFO - 1450/1607_LGL
[2023-08-30T17:31:05.867+0000] {logging_mixin.py:151} INFO - 1449/1607_LHG
[2023-08-30T17:31:06.582+0000] {logging_mixin.py:151} INFO - 1448/1607_LMH
[2023-08-30T17:31:07.297+0000] {logging_mixin.py:151} INFO - 1447/1607_MA1
[2023-08-30T17:31:08.015+0000] {logging_mixin.py:151} INFO - 1446/1607_NBB
[2023-08-30T17:31:08.732+0000] {logging_mixin.py:151} INFO - 1445/1607_NDN
[2023-08-30T17:31:09.455+0000] {logging_mixin.py:151} INFO - 1444/1607_NRC
[2023-08-30T17:31:10.172+0000] {logging_mixin.py:151} INFO - 1443/1607_NLG
[2023-08-30T17:31:10.905+0000] {logging_mixin.py:151} INFO - 1442/1607_NVL
[2023-08-30T17:31:11.619+0000] {logging_mixin.py:151} INFO - 1441/1607_NTB
[2023-08-30T17:31:12.336+0000] {logging_mixin.py:151} INFO - 1440/1607_NTC
[2023-08-30T17:31:13.082+0000] {logging_mixin.py:151} INFO - 1439/1607_NTL
[2023-08-30T17:31:13.834+0000] {logging_mixin.py:151} INFO - 1438/1607_NVT
[2023-08-30T17:31:14.595+0000] {logging_mixin.py:151} INFO - 1437/1607_PDR
[2023-08-30T17:31:15.350+0000] {logging_mixin.py:151} INFO - 1436/1607_PIV
[2023-08-30T17:31:16.099+0000] {logging_mixin.py:151} INFO - 1435/1607_PLA
[2023-08-30T17:31:16.844+0000] {logging_mixin.py:151} INFO - 1434/1607_PPI
[2023-08-30T17:31:17.618+0000] {logging_mixin.py:151} INFO - 1433/1607_KSF
[2023-08-30T17:31:18.403+0000] {logging_mixin.py:151} INFO - 1432/1607_PTL
[2023-08-30T17:31:19.175+0000] {logging_mixin.py:151} INFO - 1431/1607_PTN
[2023-08-30T17:31:19.942+0000] {logging_mixin.py:151} INFO - 1430/1607_PV2
[2023-08-30T17:31:21.661+0000] {logging_mixin.py:151} INFO - 1429/1607_PXC
[2023-08-30T17:31:22.419+0000] {logging_mixin.py:151} INFO - 1428/1607_PVL
[2023-08-30T17:31:23.164+0000] {logging_mixin.py:151} INFO - 1427/1607_PVR
[2023-08-30T17:31:23.935+0000] {logging_mixin.py:151} INFO - 1426/1607_PWA
[2023-08-30T17:31:24.700+0000] {logging_mixin.py:151} INFO - 1425/1607_PXA
[2023-08-30T17:31:25.463+0000] {logging_mixin.py:151} INFO - 1424/1607_PXL
[2023-08-30T17:31:26.211+0000] {logging_mixin.py:151} INFO - 1423/1607_QCG
[2023-08-30T17:31:26.974+0000] {logging_mixin.py:151} INFO - 1422/1607_RCL
[2023-08-30T17:31:27.723+0000] {logging_mixin.py:151} INFO - 1421/1607_TBR
[2023-08-30T17:31:28.475+0000] {logging_mixin.py:151} INFO - 1420/1607_SID
[2023-08-30T17:31:29.234+0000] {logging_mixin.py:151} INFO - 1419/1607_SCR
[2023-08-30T17:31:29.990+0000] {logging_mixin.py:151} INFO - 1418/1607_SGR
[2023-08-30T17:31:30.745+0000] {logging_mixin.py:151} INFO - 1417/1607_SIP
[2023-08-30T17:31:31.497+0000] {logging_mixin.py:151} INFO - 1416/1607_SZC
[2023-08-30T17:31:32.243+0000] {logging_mixin.py:151} INFO - 1415/1607_SJS
[2023-08-30T17:31:32.998+0000] {logging_mixin.py:151} INFO - 1414/1607_SZG
[2023-08-30T17:31:33.749+0000] {logging_mixin.py:151} INFO - 1413/1607_STL
[2023-08-30T17:31:34.486+0000] {logging_mixin.py:151} INFO - 1412/1607_SZL
[2023-08-30T17:31:35.230+0000] {logging_mixin.py:151} INFO - 1411/1607_SZB
[2023-08-30T17:31:35.980+0000] {logging_mixin.py:151} INFO - 1410/1607_TDC
[2023-08-30T17:31:36.748+0000] {logging_mixin.py:151} INFO - 1409/1607_TDH
[2023-08-30T17:31:37.523+0000] {logging_mixin.py:151} INFO - 1408/1607_TEG
[2023-08-30T17:31:38.270+0000] {logging_mixin.py:151} INFO - 1407/1607_THD
[2023-08-30T17:31:39.034+0000] {logging_mixin.py:151} INFO - 1406/1607_TIG
[2023-08-30T17:31:39.784+0000] {logging_mixin.py:151} INFO - 1405/1607_TID
[2023-08-30T17:31:40.550+0000] {logging_mixin.py:151} INFO - 1404/1607_TIP
[2023-08-30T17:31:41.308+0000] {logging_mixin.py:151} INFO - 1403/1607_TIX
[2023-08-30T17:31:42.060+0000] {logging_mixin.py:151} INFO - 1402/1607_TLD
[2023-08-30T17:31:42.807+0000] {logging_mixin.py:151} INFO - 1401/1607_TN1
[2023-08-30T17:31:43.553+0000] {logging_mixin.py:151} INFO - 1400/1607_V11
[2023-08-30T17:31:44.304+0000] {logging_mixin.py:151} INFO - 1399/1607_V21
[2023-08-30T17:31:45.055+0000] {logging_mixin.py:151} INFO - 1398/1607_VC3
[2023-08-30T17:31:45.831+0000] {logging_mixin.py:151} INFO - 1397/1607_VCR
[2023-08-30T17:31:46.585+0000] {logging_mixin.py:151} INFO - 1396/1607_VHD
[2023-08-30T17:31:47.329+0000] {logging_mixin.py:151} INFO - 1395/1607_VGV
[2023-08-30T17:31:48.065+0000] {logging_mixin.py:151} INFO - 1394/1607_VNI
[2023-08-30T17:31:48.812+0000] {logging_mixin.py:151} INFO - 1393/1607_VPH
[2023-08-30T17:31:49.571+0000] {logging_mixin.py:151} INFO - 1392/1607_VPI
[2023-08-30T17:31:50.337+0000] {logging_mixin.py:151} INFO - 1391/1607_VRC
[2023-08-30T17:31:51.084+0000] {logging_mixin.py:151} INFO - 1390/1607_VRG
[2023-08-30T17:31:51.847+0000] {logging_mixin.py:151} INFO - 1389/1607_ABI
[2023-08-30T17:31:52.595+0000] {logging_mixin.py:151} INFO - 1388/1607_BIC
[2023-08-30T17:31:53.345+0000] {logging_mixin.py:151} INFO - 1387/1607_BLI
[2023-08-30T17:31:54.098+0000] {logging_mixin.py:151} INFO - 1386/1607_BMI
[2023-08-30T17:31:54.850+0000] {logging_mixin.py:151} INFO - 1385/1607_BHI
[2023-08-30T17:31:55.606+0000] {logging_mixin.py:151} INFO - 1384/1607_MIG
[2023-08-30T17:31:56.367+0000] {logging_mixin.py:151} INFO - 1383/1607_PGI
[2023-08-30T17:31:57.127+0000] {logging_mixin.py:151} INFO - 1382/1607_PTI
[2023-08-30T17:31:57.884+0000] {logging_mixin.py:151} INFO - 1381/1607_PVI
[2023-08-30T17:31:58.642+0000] {logging_mixin.py:151} INFO - 1380/1607_PRE
[2023-08-30T17:31:59.378+0000] {logging_mixin.py:151} INFO - 1379/1607_AIC
[2023-08-30T17:32:00.133+0000] {logging_mixin.py:151} INFO - 1378/1607_VNR
[2023-08-30T17:32:00.912+0000] {logging_mixin.py:151} INFO - 1377/1607_AVC
[2023-08-30T17:32:01.678+0000] {logging_mixin.py:151} INFO - 1376/1607_BSA
[2023-08-30T17:32:02.428+0000] {logging_mixin.py:151} INFO - 1375/1607_BHA
[2023-08-30T17:32:03.178+0000] {logging_mixin.py:151} INFO - 1374/1607_BTP
[2023-08-30T17:32:03.931+0000] {logging_mixin.py:151} INFO - 1373/1607_CHP
[2023-08-30T17:32:04.682+0000] {logging_mixin.py:151} INFO - 1372/1607_TDB
[2023-08-30T17:32:05.424+0000] {logging_mixin.py:151} INFO - 1371/1607_TTE
[2023-08-30T17:32:06.180+0000] {logging_mixin.py:151} INFO - 1370/1607_DNC
[2023-08-30T17:32:06.922+0000] {logging_mixin.py:151} INFO - 1369/1607_DNH
[2023-08-30T17:32:07.671+0000] {logging_mixin.py:151} INFO - 1368/1607_DRL
[2023-08-30T17:32:08.432+0000] {logging_mixin.py:151} INFO - 1367/1607_DTE
[2023-08-30T17:32:09.641+0000] {logging_mixin.py:151} INFO - 1366/1607_DTV
[2023-08-30T17:32:10.393+0000] {logging_mixin.py:151} INFO - 1365/1607_PGV
[2023-08-30T17:32:11.145+0000] {logging_mixin.py:151} INFO - 1364/1607_GHC
[2023-08-30T17:32:11.898+0000] {logging_mixin.py:151} INFO - 1363/1607_GEG
[2023-08-30T17:32:12.686+0000] {logging_mixin.py:151} INFO - 1362/1607_GSM
[2023-08-30T17:32:13.452+0000] {logging_mixin.py:151} INFO - 1361/1607_HTE
[2023-08-30T17:32:14.211+0000] {logging_mixin.py:151} INFO - 1360/1607_HJS
[2023-08-30T17:32:14.979+0000] {logging_mixin.py:151} INFO - 1359/1607_HNA
[2023-08-30T17:32:15.782+0000] {logging_mixin.py:151} INFO - 1358/1607_HPD
[2023-08-30T17:32:16.536+0000] {logging_mixin.py:151} INFO - 1357/1607_KHP
[2023-08-30T17:32:17.298+0000] {logging_mixin.py:151} INFO - 1356/1607_NBP
[2023-08-30T17:32:18.033+0000] {logging_mixin.py:151} INFO - 1355/1607_ND2
[2023-08-30T17:32:18.801+0000] {logging_mixin.py:151} INFO - 1354/1607_HND
[2023-08-30T17:32:19.558+0000] {logging_mixin.py:151} INFO - 1353/1607_NT2
[2023-08-30T17:32:20.316+0000] {logging_mixin.py:151} INFO - 1352/1607_PIC
[2023-08-30T17:32:21.056+0000] {logging_mixin.py:151} INFO - 1351/1607_PPC
[2023-08-30T17:32:21.749+0000] {logging_mixin.py:151} INFO - 1350_error_1607_PBK
[2023-08-30T17:32:21.749+0000] {collect_gcs.py:41} ERROR - message
Traceback (most recent call last):
  File "/home/nguyentuanduong7/airflow/src/pluggin/collect_gcs.py", line 30, in stock_collection_1Y
    stock_data=stock_historical_data (symbol=stock, start_date=start_date, end_date=current_date, resolution=resolution, type='stock')
  File "/home/nguyentuanduong7/.local/lib/python3.8/site-packages/vnstock/stock.py", line 148, in stock_historical_data
    df = stock_ohlc(symbol, start_date, end_date, resolution, type, headers)
  File "/home/nguyentuanduong7/.local/lib/python3.8/site-packages/vnstock/stock.py", line 179, in stock_ohlc
    df = pd.DataFrame(response)
  File "/home/nguyentuanduong7/.local/lib/python3.8/site-packages/pandas/core/frame.py", line 709, in __init__
    mgr = dict_to_mgr(data, index, columns, dtype=dtype, copy=copy, typ=manager)
  File "/home/nguyentuanduong7/.local/lib/python3.8/site-packages/pandas/core/internals/construction.py", line 481, in dict_to_mgr
    return arrays_to_mgr(arrays, columns, index, dtype=dtype, typ=typ, consolidate=copy)
  File "/home/nguyentuanduong7/.local/lib/python3.8/site-packages/pandas/core/internals/construction.py", line 115, in arrays_to_mgr
    index = _extract_index(arrays)
  File "/home/nguyentuanduong7/.local/lib/python3.8/site-packages/pandas/core/internals/construction.py", line 645, in _extract_index
    raise ValueError("If using all scalar values, you must pass an index")
ValueError: If using all scalar values, you must pass an index
[2023-08-30T17:32:22.506+0000] {logging_mixin.py:151} INFO - 1349/1607_QTP
[2023-08-30T17:32:23.268+0000] {logging_mixin.py:151} INFO - 1348/1607_QPH
[2023-08-30T17:32:24.009+0000] {logging_mixin.py:151} INFO - 1347/1607_SBA
[2023-08-30T17:32:24.764+0000] {logging_mixin.py:151} INFO - 1346/1607_SBH
[2023-08-30T17:32:25.502+0000] {logging_mixin.py:151} INFO - 1345/1607_SEB
[2023-08-30T17:32:26.258+0000] {logging_mixin.py:151} INFO - 1344/1607_SHP
[2023-08-30T17:32:27.022+0000] {logging_mixin.py:151} INFO - 1343/1607_SJD
[2023-08-30T17:32:27.783+0000] {logging_mixin.py:151} INFO - 1342/1607_SMA
[2023-08-30T17:32:28.519+0000] {logging_mixin.py:151} INFO - 1341/1607_SP2
[2023-08-30T17:32:29.276+0000] {logging_mixin.py:151} INFO - 1340/1607_ISH
[2023-08-30T17:32:30.020+0000] {logging_mixin.py:151} INFO - 1339/1607_S4A
[2023-08-30T17:32:31.703+0000] {logging_mixin.py:151} INFO - 1338/1607_SVH
[2023-08-30T17:32:32.457+0000] {logging_mixin.py:151} INFO - 1337/1607_TBC
[2023-08-30T17:32:33.192+0000] {logging_mixin.py:151} INFO - 1336/1607_VCP
[2023-08-30T17:32:33.924+0000] {logging_mixin.py:151} INFO - 1335/1607_NTH
[2023-08-30T17:32:34.700+0000] {logging_mixin.py:151} INFO - 1334/1607_TMP
[2023-08-30T17:32:35.449+0000] {logging_mixin.py:151} INFO - 1333/1607_TTA
[2023-08-30T17:32:36.190+0000] {logging_mixin.py:151} INFO - 1332/1607_DTK
[2023-08-30T17:32:36.947+0000] {logging_mixin.py:151} INFO - 1331/1607_VPD
[2023-08-30T17:32:37.697+0000] {logging_mixin.py:151} INFO - 1330/1607_VSH
[2023-08-30T17:32:38.428+0000] {logging_mixin.py:151} INFO - 1329/1607_XMP
[2023-08-30T17:32:39.177+0000] {logging_mixin.py:151} INFO - 1328/1607_PPT
[2023-08-30T17:32:39.914+0000] {logging_mixin.py:151} INFO - 1327/1607_ASP
[2023-08-30T17:32:40.690+0000] {logging_mixin.py:151} INFO - 1326/1607_BLW
[2023-08-30T17:32:41.449+0000] {logging_mixin.py:151} INFO - 1325/1607_BDW
[2023-08-30T17:32:42.190+0000] {logging_mixin.py:151} INFO - 1324/1607_NBT
[2023-08-30T17:32:42.932+0000] {logging_mixin.py:151} INFO - 1323/1607_BGW
[2023-08-30T17:32:43.701+0000] {logging_mixin.py:151} INFO - 1322/1607_BWE
[2023-08-30T17:32:44.465+0000] {logging_mixin.py:151} INFO - 1321/1607_BMF
[2023-08-30T17:32:45.212+0000] {logging_mixin.py:151} INFO - 1320/1607_BNW
[2023-08-30T17:32:46.190+0000] {logging_mixin.py:151} INFO - 1319/1607_BTW
[2023-08-30T17:32:46.947+0000] {logging_mixin.py:151} INFO - 1318/1607_BWA
[2023-08-30T17:32:47.702+0000] {logging_mixin.py:151} INFO - 1317/1607_BWS
[2023-08-30T17:32:48.459+0000] {logging_mixin.py:151} INFO - 1316/1607_CMW
[2023-08-30T17:32:49.225+0000] {logging_mixin.py:151} INFO - 1315/1607_CCI
[2023-08-30T17:32:49.978+0000] {logging_mixin.py:151} INFO - 1314/1607_CLW
[2023-08-30T17:32:50.721+0000] {logging_mixin.py:151} INFO - 1313/1607_CNG
[2023-08-30T17:32:51.466+0000] {logging_mixin.py:151} INFO - 1312/1607_CTW
[2023-08-30T17:32:52.205+0000] {logging_mixin.py:151} INFO - 1311/1607_DWC
[2023-08-30T17:32:53.964+0000] {logging_mixin.py:151} INFO - 1310/1607_DLM
[2023-08-30T17:32:54.695+0000] {logging_mixin.py:151} INFO - 1309/1607_DMS
[2023-08-30T17:32:55.456+0000] {logging_mixin.py:151} INFO - 1308/1607_DNW
[2023-08-30T17:32:57.200+0000] {logging_mixin.py:151} INFO - 1307/1607_DNN
[2023-08-30T17:32:57.948+0000] {logging_mixin.py:151} INFO - 1306/1607_DWS
[2023-08-30T17:32:58.692+0000] {logging_mixin.py:151} INFO - 1305/1607_DVC
[2023-08-30T17:32:59.429+0000] {logging_mixin.py:151} INFO - 1304/1607_GDW
[2023-08-30T17:33:00.169+0000] {logging_mixin.py:151} INFO - 1303/1607_GLW
[2023-08-30T17:33:00.912+0000] {logging_mixin.py:151} INFO - 1302/1607_HGW
[2023-08-30T17:33:01.667+0000] {logging_mixin.py:151} INFO - 1301/1607_HDW
[2023-08-30T17:33:02.416+0000] {logging_mixin.py:151} INFO - 1300/1607_HFC
[2023-08-30T17:33:03.164+0000] {logging_mixin.py:151} INFO - 1299/1607_HPW
[2023-08-30T17:33:03.906+0000] {logging_mixin.py:151} INFO - 1298/1607_HTC
[2023-08-30T17:33:04.672+0000] {logging_mixin.py:151} INFO - 1297/1607_HWS
[2023-08-30T17:33:05.424+0000] {logging_mixin.py:151} INFO - 1296/1607_DDG
[2023-08-30T17:33:06.172+0000] {logging_mixin.py:151} INFO - 1295/1607_KHW
[2023-08-30T17:33:06.932+0000] {logging_mixin.py:151} INFO - 1294/1607_LAW
[2023-08-30T17:33:08.578+0000] {logging_mixin.py:151} INFO - 1293/1607_LDW
[2023-08-30T17:33:09.317+0000] {logging_mixin.py:151} INFO - 1292/1607_LKW
[2023-08-30T17:33:10.072+0000] {logging_mixin.py:151} INFO - 1291/1607_MTG
[2023-08-30T17:33:10.808+0000] {logging_mixin.py:151} INFO - 1290/1607_NAW
[2023-08-30T17:33:11.552+0000] {logging_mixin.py:151} INFO - 1289/1607_NBW
[2023-08-30T17:33:12.287+0000] {logging_mixin.py:151} INFO - 1288/1607_NDW
[2023-08-30T17:33:13.002+0000] {logging_mixin.py:151} INFO - 1287/1607_NLS
[2023-08-30T17:33:13.711+0000] {logging_mixin.py:151} INFO - 1286/1607_NNT
[2023-08-30T17:33:14.413+0000] {logging_mixin.py:151} INFO - 1285/1607_NQB
[2023-08-30T17:33:15.126+0000] {logging_mixin.py:151} INFO - 1284/1607_NQT
[2023-08-30T17:33:15.836+0000] {logging_mixin.py:151} INFO - 1283/1607_NS2
[2023-08-30T17:33:16.547+0000] {logging_mixin.py:151} INFO - 1282/1607_PSH
[2023-08-30T17:33:17.258+0000] {logging_mixin.py:151} INFO - 1281/1607_NTW
[2023-08-30T17:33:17.977+0000] {logging_mixin.py:151} INFO - 1280/1607_TOW
[2023-08-30T17:33:18.692+0000] {logging_mixin.py:151} INFO - 1279/1607_PCG
[2023-08-30T17:33:19.409+0000] {logging_mixin.py:151} INFO - 1278/1607_PEG
[2023-08-30T17:33:20.128+0000] {logging_mixin.py:151} INFO - 1277/1607_PGC
[2023-08-30T17:33:20.908+0000] {logging_mixin.py:151} INFO - 1276/1607_PGD
[2023-08-30T17:33:21.627+0000] {logging_mixin.py:151} INFO - 1275/1607_PGS
[2023-08-30T17:33:22.342+0000] {logging_mixin.py:151} INFO - 1274/1607_PJC
[2023-08-30T17:33:23.050+0000] {logging_mixin.py:151} INFO - 1273/1607_PJS
[2023-08-30T17:33:23.758+0000] {logging_mixin.py:151} INFO - 1272/1607_PMG
[2023-08-30T17:33:24.473+0000] {logging_mixin.py:151} INFO - 1271/1607_PMW
[2023-08-30T17:33:25.193+0000] {logging_mixin.py:151} INFO - 1270/1607_PND
[2023-08-30T17:33:25.904+0000] {logging_mixin.py:151} INFO - 1269/1607_POB
[2023-08-30T17:33:26.657+0000] {logging_mixin.py:151} INFO - 1268/1607_POV
[2023-08-30T17:33:27.368+0000] {logging_mixin.py:151} INFO - 1267/1607_DNA
[2023-08-30T17:33:28.078+0000] {logging_mixin.py:151} INFO - 1266/1607_GCB
[2023-08-30T17:33:28.809+0000] {logging_mixin.py:151} INFO - 1265/1607_PTH
[2023-08-30T17:33:29.523+0000] {logging_mixin.py:151} INFO - 1264/1607_PVG
[2023-08-30T17:33:30.235+0000] {logging_mixin.py:151} INFO - 1263/1607_PPY
[2023-08-30T17:33:30.948+0000] {logging_mixin.py:151} INFO - 1262/1607_PWS
[2023-08-30T17:33:31.664+0000] {logging_mixin.py:151} INFO - 1261/1607_QNW
[2023-08-30T17:33:32.372+0000] {logging_mixin.py:151} INFO - 1260/1607_NQN
[2023-08-30T17:33:33.097+0000] {logging_mixin.py:151} INFO - 1259/1607_CHS
[2023-08-30T17:33:33.812+0000] {logging_mixin.py:151} INFO - 1258/1607_SFC
[2023-08-30T17:33:34.530+0000] {logging_mixin.py:151} INFO - 1257/1607_SII
[2023-08-30T17:33:35.257+0000] {logging_mixin.py:151} INFO - 1256/1607_NSL
[2023-08-30T17:33:35.971+0000] {logging_mixin.py:151} INFO - 1255/1607_STW
[2023-08-30T17:33:36.681+0000] {logging_mixin.py:151} INFO - 1254/1607_TAW
[2023-08-30T17:33:37.390+0000] {logging_mixin.py:151} INFO - 1253/1607_TDG
[2023-08-30T17:33:38.102+0000] {logging_mixin.py:151} INFO - 1252/1607_TDM
[2023-08-30T17:33:38.810+0000] {logging_mixin.py:151} INFO - 1251/1607_TDW
[2023-08-30T17:33:39.522+0000] {logging_mixin.py:151} INFO - 1250/1607_TLP
[2023-08-30T17:33:41.276+0000] {logging_mixin.py:151} INFO - 1249/1607_THN
[2023-08-30T17:33:41.992+0000] {logging_mixin.py:151} INFO - 1248/1607_THW
[2023-08-30T17:33:42.704+0000] {logging_mixin.py:151} INFO - 1247/1607_TMC
[2023-08-30T17:33:43.413+0000] {logging_mixin.py:151} INFO - 1246/1607_TVW
[2023-08-30T17:33:45.549+0000] {logging_mixin.py:151} INFO - 1245/1607_TQW
[2023-08-30T17:33:46.258+0000] {logging_mixin.py:151} INFO - 1244/1607_TNW
[2023-08-30T17:33:46.973+0000] {logging_mixin.py:151} INFO - 1243/1607_UPC
[2023-08-30T17:33:47.698+0000] {logging_mixin.py:151} INFO - 1242/1607_VAV
[2023-08-30T17:33:48.411+0000] {logging_mixin.py:151} INFO - 1241/1607_VWS
[2023-08-30T17:33:49.123+0000] {logging_mixin.py:151} INFO - 1240/1607_VMG
[2023-08-30T17:33:49.849+0000] {logging_mixin.py:151} INFO - 1239/1607_VXT
[2023-08-30T17:33:50.560+0000] {logging_mixin.py:151} INFO - 1238/1607_VPW
[2023-08-30T17:33:51.273+0000] {logging_mixin.py:151} INFO - 1237/1607_NVP
[2023-08-30T17:33:51.982+0000] {logging_mixin.py:151} INFO - 1236/1607_VLW
[2023-08-30T17:33:52.694+0000] {logging_mixin.py:151} INFO - 1235/1607_VCW
[2023-08-30T17:33:53.407+0000] {logging_mixin.py:151} INFO - 1234/1607_ABB
[2023-08-30T17:33:54.120+0000] {logging_mixin.py:151} INFO - 1233/1607_EIB
[2023-08-30T17:33:54.840+0000] {logging_mixin.py:151} INFO - 1232/1607_BVB
[2023-08-30T17:33:55.570+0000] {logging_mixin.py:151} INFO - 1231/1607_KLB
[2023-08-30T17:33:56.293+0000] {logging_mixin.py:151} INFO - 1230/1607_LPB
[2023-08-30T17:33:57.013+0000] {logging_mixin.py:151} INFO - 1229/1607_MSB
[2023-08-30T17:33:57.730+0000] {logging_mixin.py:151} INFO - 1228/1607_NAB
[2023-08-30T17:33:58.454+0000] {logging_mixin.py:151} INFO - 1227/1607_BAB
[2023-08-30T17:33:59.182+0000] {logging_mixin.py:151} INFO - 1226/1607_NVB
[2023-08-30T17:33:59.892+0000] {logging_mixin.py:151} INFO - 1225/1607_OCB
[2023-08-30T17:34:00.604+0000] {logging_mixin.py:151} INFO - 1224/1607_PGB
[2023-08-30T17:34:01.336+0000] {logging_mixin.py:151} INFO - 1223/1607_SGB
[2023-08-30T17:34:02.045+0000] {logging_mixin.py:151} INFO - 1222/1607_VAB
[2023-08-30T17:34:02.761+0000] {logging_mixin.py:151} INFO - 1221/1607_VBB
[2023-08-30T17:34:03.498+0000] {logging_mixin.py:151} INFO - 1220/1607_ACG
[2023-08-30T17:34:04.218+0000] {logging_mixin.py:151} INFO - 1219/1607_CAP
[2023-08-30T17:34:04.945+0000] {logging_mixin.py:151} INFO - 1218/1607_DHC
[2023-08-30T17:34:05.660+0000] {logging_mixin.py:151} INFO - 1217/1607_DLG
[2023-08-30T17:34:06.813+0000] {logging_mixin.py:151} INFO - 1216/1607_FRM
[2023-08-30T17:34:07.534+0000] {logging_mixin.py:151} INFO - 1215/1607_FRC
[2023-08-30T17:34:08.249+0000] {logging_mixin.py:151} INFO - 1214/1607_GTA
[2023-08-30T17:34:08.971+0000] {logging_mixin.py:151} INFO - 1213/1607_HAP
[2023-08-30T17:34:09.696+0000] {logging_mixin.py:151} INFO - 1212/1607_HHP
[2023-08-30T17:34:10.480+0000] {logging_mixin.py:151} INFO - 1211/1607_MDF
[2023-08-30T17:34:11.198+0000] {logging_mixin.py:151} INFO - 1210/1607_PIS
[2023-08-30T17:34:11.906+0000] {logging_mixin.py:151} INFO - 1209/1607_PTB
[2023-08-30T17:34:12.637+0000] {logging_mixin.py:151} INFO - 1208/1607_SAV
[2023-08-30T17:34:13.374+0000] {logging_mixin.py:151} INFO - 1207/1607_SVT
[2023-08-30T17:34:15.080+0000] {logging_mixin.py:151} INFO - 1206/1607_TQN
[2023-08-30T17:34:16.819+0000] {logging_mixin.py:151} INFO - 1205/1607_TMW
[2023-08-30T17:34:17.582+0000] {logging_mixin.py:151} INFO - 1204/1607_TTF
[2023-08-30T17:34:18.340+0000] {logging_mixin.py:151} INFO - 1203/1607_VID
[2023-08-30T17:34:19.097+0000] {logging_mixin.py:151} INFO - 1202/1607_VIF
[2023-08-30T17:34:19.880+0000] {logging_mixin.py:151} INFO - 1201/1607_GVT
[2023-08-30T17:34:20.632+0000] {logging_mixin.py:151} INFO - 1200/1607_HSV
[2023-08-30T17:34:21.383+0000] {logging_mixin.py:151} INFO - 1199/1607_BCA
[2023-08-30T17:34:22.138+0000] {logging_mixin.py:151} INFO - 1198/1607_BVG
[2023-08-30T17:34:22.878+0000] {logging_mixin.py:151} INFO - 1197/1607_CBI
[2023-08-30T17:34:23.617+0000] {logging_mixin.py:151} INFO - 1196/1607_TTS
[2023-08-30T17:34:24.368+0000] {logging_mixin.py:151} INFO - 1195/1607_DPS
[2023-08-30T17:34:25.117+0000] {logging_mixin.py:151} INFO - 1194/1607_DTL
[2023-08-30T17:34:25.870+0000] {logging_mixin.py:151} INFO - 1193/1607_HLA
[2023-08-30T17:34:26.635+0000] {logging_mixin.py:151} INFO - 1192/1607_HMC
[2023-08-30T17:34:27.386+0000] {logging_mixin.py:151} INFO - 1191/1607_HMG
[2023-08-30T17:34:28.146+0000] {logging_mixin.py:151} INFO - 1190/1607_HSG
[2023-08-30T17:34:29.015+0000] {logging_mixin.py:151} INFO - 1189/1607_ITQ
[2023-08-30T17:34:29.895+0000] {logging_mixin.py:151} INFO - 1188/1607_KKC
[2023-08-30T17:34:30.626+0000] {logging_mixin.py:151} INFO - 1187/1607_KLM
[2023-08-30T17:34:31.369+0000] {logging_mixin.py:151} INFO - 1186/1607_KMT
[2023-08-30T17:34:32.119+0000] {logging_mixin.py:151} INFO - 1185/1607_KTL
[2023-08-30T17:34:32.869+0000] {logging_mixin.py:151} INFO - 1184/1607_KVC
[2023-08-30T17:34:33.632+0000] {logging_mixin.py:151} INFO - 1183/1607_MEL
[2023-08-30T17:34:34.385+0000] {logging_mixin.py:151} INFO - 1182/1607_MHL
[2023-08-30T17:34:35.162+0000] {logging_mixin.py:151} INFO - 1181/1607_NHV
[2023-08-30T17:34:35.913+0000] {logging_mixin.py:151} INFO - 1180/1607_NKG
[2023-08-30T17:34:36.688+0000] {logging_mixin.py:151} INFO - 1179/1607_PAS
[2023-08-30T17:34:37.438+0000] {logging_mixin.py:151} INFO - 1178/1607_POM
[2023-08-30T17:34:38.210+0000] {logging_mixin.py:151} INFO - 1177/1607_SHA
[2023-08-30T17:34:38.949+0000] {logging_mixin.py:151} INFO - 1176/1607_NSH
[2023-08-30T17:34:39.706+0000] {logging_mixin.py:151} INFO - 1175/1607_SHI
[2023-08-30T17:34:40.444+0000] {logging_mixin.py:151} INFO - 1174/1607_SMC
[2023-08-30T17:34:41.196+0000] {logging_mixin.py:151} INFO - 1173/1607_SSM
[2023-08-30T17:34:41.948+0000] {logging_mixin.py:151} INFO - 1172/1607_TDS
[2023-08-30T17:34:42.705+0000] {logging_mixin.py:151} INFO - 1171/1607_TIS
[2023-08-30T17:34:43.459+0000] {logging_mixin.py:151} INFO - 1170/1607_TKG
[2023-08-30T17:34:44.197+0000] {logging_mixin.py:151} INFO - 1169/1607_TKU
[2023-08-30T17:34:44.942+0000] {logging_mixin.py:151} INFO - 1168/1607_TLH
[2023-08-30T17:34:45.701+0000] {logging_mixin.py:151} INFO - 1167/1607_TNA
[2023-08-30T17:34:46.456+0000] {logging_mixin.py:151} INFO - 1166/1607_TNB
[2023-08-30T17:34:47.219+0000] {logging_mixin.py:151} INFO - 1165/1607_TNS
[2023-08-30T17:34:47.972+0000] {logging_mixin.py:151} INFO - 1164/1607_TNI
[2023-08-30T17:34:48.729+0000] {logging_mixin.py:151} INFO - 1163/1607_VCA
[2023-08-30T17:34:49.482+0000] {logging_mixin.py:151} INFO - 1162/1607_VDT
[2023-08-30T17:34:50.233+0000] {logging_mixin.py:151} INFO - 1161/1607_VGS
[2023-08-30T17:34:50.988+0000] {logging_mixin.py:151} INFO - 1160/1607_TMG
[2023-08-30T17:34:51.732+0000] {logging_mixin.py:151} INFO - 1159/1607_VGL
[2023-08-30T17:34:52.478+0000] {logging_mixin.py:151} INFO - 1158/1607_TVN
[2023-08-30T17:34:53.218+0000] {logging_mixin.py:151} INFO - 1157/1607_DFC
[2023-08-30T17:34:53.974+0000] {logging_mixin.py:151} INFO - 1156/1607_CST
[2023-08-30T17:34:54.735+0000] {logging_mixin.py:151} INFO - 1155/1607_ACM
[2023-08-30T17:34:55.485+0000] {logging_mixin.py:151} INFO - 1154/1607_AMC
[2023-08-30T17:34:56.223+0000] {logging_mixin.py:151} INFO - 1153/1607_ATG
[2023-08-30T17:34:56.961+0000] {logging_mixin.py:151} INFO - 1152/1607_BCB
[2023-08-30T17:34:57.705+0000] {logging_mixin.py:151} INFO - 1151/1607_BKC
[2023-08-30T17:34:58.458+0000] {logging_mixin.py:151} INFO - 1150/1607_BMC
[2023-08-30T17:34:59.217+0000] {logging_mixin.py:151} INFO - 1149/1607_BMJ
[2023-08-30T17:34:59.977+0000] {logging_mixin.py:151} INFO - 1148/1607_KCB
[2023-08-30T17:35:01.719+0000] {logging_mixin.py:151} INFO - 1147/1607_VBG
[2023-08-30T17:35:02.470+0000] {logging_mixin.py:151} INFO - 1146/1607_DHM
[2023-08-30T17:35:04.276+0000] {logging_mixin.py:151} INFO - 1145/1607_GLC
[2023-08-30T17:35:05.033+0000] {logging_mixin.py:151} INFO - 1144/1607_HGM
[2023-08-30T17:35:05.799+0000] {logging_mixin.py:151} INFO - 1143/1607_HLC
[2023-08-30T17:35:06.552+0000] {logging_mixin.py:151} INFO - 1142/1607_HPM
[2023-08-30T17:35:07.294+0000] {logging_mixin.py:151} INFO - 1141/1607_KSB
[2023-08-30T17:35:08.039+0000] {logging_mixin.py:151} INFO - 1140/1607_KSH
[2023-08-30T17:35:08.790+0000] {logging_mixin.py:151} INFO - 1139/1607_KHD
[2023-08-30T17:35:09.546+0000] {logging_mixin.py:151} INFO - 1138/1607_LMC
[2023-08-30T17:35:10.305+0000] {logging_mixin.py:151} INFO - 1137/1607_KSQ
[2023-08-30T17:35:11.004+0000] {logging_mixin.py:151} INFO - 1136_error_1607_KSS
[2023-08-30T17:35:11.004+0000] {collect_gcs.py:41} ERROR - message
Traceback (most recent call last):
  File "/home/nguyentuanduong7/airflow/src/pluggin/collect_gcs.py", line 30, in stock_collection_1Y
    stock_data=stock_historical_data (symbol=stock, start_date=start_date, end_date=current_date, resolution=resolution, type='stock')
  File "/home/nguyentuanduong7/.local/lib/python3.8/site-packages/vnstock/stock.py", line 148, in stock_historical_data
    df = stock_ohlc(symbol, start_date, end_date, resolution, type, headers)
  File "/home/nguyentuanduong7/.local/lib/python3.8/site-packages/vnstock/stock.py", line 179, in stock_ohlc
    df = pd.DataFrame(response)
  File "/home/nguyentuanduong7/.local/lib/python3.8/site-packages/pandas/core/frame.py", line 709, in __init__
    mgr = dict_to_mgr(data, index, columns, dtype=dtype, copy=copy, typ=manager)
  File "/home/nguyentuanduong7/.local/lib/python3.8/site-packages/pandas/core/internals/construction.py", line 481, in dict_to_mgr
    return arrays_to_mgr(arrays, columns, index, dtype=dtype, typ=typ, consolidate=copy)
  File "/home/nguyentuanduong7/.local/lib/python3.8/site-packages/pandas/core/internals/construction.py", line 115, in arrays_to_mgr
    index = _extract_index(arrays)
  File "/home/nguyentuanduong7/.local/lib/python3.8/site-packages/pandas/core/internals/construction.py", line 645, in _extract_index
    raise ValueError("If using all scalar values, you must pass an index")
ValueError: If using all scalar values, you must pass an index
[2023-08-30T17:35:11.738+0000] {logging_mixin.py:151} INFO - 1135/1607_KSV
[2023-08-30T17:35:12.487+0000] {logging_mixin.py:151} INFO - 1134/1607_LCM
[2023-08-30T17:35:13.249+0000] {logging_mixin.py:151} INFO - 1133/1607_MDC
[2023-08-30T17:35:14.004+0000] {logging_mixin.py:151} INFO - 1132/1607_MIC
[2023-08-30T17:35:14.739+0000] {logging_mixin.py:151} INFO - 1131/1607_MIM
[2023-08-30T17:35:15.509+0000] {logging_mixin.py:151} INFO - 1130/1607_MTA
[2023-08-30T17:35:16.258+0000] {logging_mixin.py:151} INFO - 1129/1607_MSR
[2023-08-30T17:35:17.018+0000] {logging_mixin.py:151} INFO - 1128/1607_NBC
[2023-08-30T17:35:17.755+0000] {logging_mixin.py:151} INFO - 1127/1607_SHN
[2023-08-30T17:35:18.529+0000] {logging_mixin.py:151} INFO - 1126/1607_SPI
[2023-08-30T17:35:19.282+0000] {logging_mixin.py:151} INFO - 1125/1607_SQC
[2023-08-30T17:35:20.024+0000] {logging_mixin.py:151} INFO - 1124/1607_TC6
[2023-08-30T17:35:20.777+0000] {logging_mixin.py:151} INFO - 1123/1607_TDN
[2023-08-30T17:35:21.542+0000] {logging_mixin.py:151} INFO - 1122/1607_THT
[2023-08-30T17:35:22.291+0000] {logging_mixin.py:151} INFO - 1121/1607_TNT
[2023-08-30T17:35:23.051+0000] {logging_mixin.py:151} INFO - 1120/1607_TVD
[2023-08-30T17:35:23.793+0000] {logging_mixin.py:151} INFO - 1119/1607_CLM
[2023-08-30T17:35:25.580+0000] {logging_mixin.py:151} INFO - 1118/1607_VDB
[2023-08-30T17:35:26.319+0000] {logging_mixin.py:151} INFO - 1117/1607_MVB
[2023-08-30T17:35:27.057+0000] {logging_mixin.py:151} INFO - 1116/1607_VIM
[2023-08-30T17:35:27.866+0000] {logging_mixin.py:151} INFO - 1115/1607_MGC
[2023-08-30T17:35:28.626+0000] {logging_mixin.py:151} INFO - 1114/1607_TMB
[2023-08-30T17:35:29.389+0000] {logging_mixin.py:151} INFO - 1113/1607_VPG
[2023-08-30T17:35:30.145+0000] {logging_mixin.py:151} INFO - 1112/1607_YBM
[2023-08-30T17:35:30.894+0000] {logging_mixin.py:151} INFO - 1111/1607_VTZ
[2023-08-30T17:35:31.651+0000] {logging_mixin.py:151} INFO - 1110/1607_PCH
[2023-08-30T17:35:32.411+0000] {logging_mixin.py:151} INFO - 1109/1607_AAA
[2023-08-30T17:35:33.161+0000] {logging_mixin.py:151} INFO - 1108/1607_LTG
[2023-08-30T17:35:33.911+0000] {logging_mixin.py:151} INFO - 1107/1607_APP
[2023-08-30T17:35:34.686+0000] {logging_mixin.py:151} INFO - 1106/1607_HII
[2023-08-30T17:35:35.443+0000] {logging_mixin.py:151} INFO - 1105/1607_BRR
[2023-08-30T17:35:36.194+0000] {logging_mixin.py:151} INFO - 1104/1607_BFC
[2023-08-30T17:35:36.950+0000] {logging_mixin.py:151} INFO - 1103/1607_BRC
[2023-08-30T17:35:37.715+0000] {logging_mixin.py:151} INFO - 1102/1607_CPC
[2023-08-30T17:35:38.468+0000] {logging_mixin.py:151} INFO - 1101/1607_CSV
[2023-08-30T17:35:39.213+0000] {logging_mixin.py:151} INFO - 1100/1607_DAG
[2023-08-30T17:35:39.991+0000] {logging_mixin.py:151} INFO - 1099/1607_DRG
[2023-08-30T17:35:40.756+0000] {logging_mixin.py:151} INFO - 1098/1607_DRI
[2023-08-30T17:35:41.511+0000] {logging_mixin.py:151} INFO - 1097/1607_DHB
[2023-08-30T17:35:42.264+0000] {logging_mixin.py:151} INFO - 1096/1607_DCM
[2023-08-30T17:35:43.015+0000] {logging_mixin.py:151} INFO - 1095/1607_DDV
[2023-08-30T17:35:43.771+0000] {logging_mixin.py:151} INFO - 1094/1607_DGC
[2023-08-30T17:35:44.525+0000] {logging_mixin.py:151} INFO - 1093/1607_DOC
[2023-08-30T17:35:45.278+0000] {logging_mixin.py:151} INFO - 1092/1607_DPM
[2023-08-30T17:35:46.036+0000] {logging_mixin.py:151} INFO - 1091/1607_DPR
[2023-08-30T17:35:46.790+0000] {logging_mixin.py:151} INFO - 1090/1607_DTT
[2023-08-30T17:35:47.544+0000] {logging_mixin.py:151} INFO - 1089/1607_GER
[2023-08-30T17:35:49.296+0000] {logging_mixin.py:151} INFO - 1088/1607_HAI
[2023-08-30T17:35:50.047+0000] {logging_mixin.py:151} INFO - 1087/1607_HNP
[2023-08-30T17:35:50.790+0000] {logging_mixin.py:151} INFO - 1086/1607_HCD
[2023-08-30T17:35:51.544+0000] {logging_mixin.py:151} INFO - 1085/1607_HPH
[2023-08-30T17:35:52.298+0000] {logging_mixin.py:151} INFO - 1084/1607_HRC
[2023-08-30T17:35:53.050+0000] {logging_mixin.py:151} INFO - 1083/1607_HSI
[2023-08-30T17:35:53.804+0000] {logging_mixin.py:151} INFO - 1082/1607_HVT
[2023-08-30T17:35:55.927+0000] {logging_mixin.py:151} INFO - 1081/1607_IRC
[2023-08-30T17:35:56.689+0000] {logging_mixin.py:151} INFO - 1080/1607_LAS
[2023-08-30T17:35:57.452+0000] {logging_mixin.py:151} INFO - 1079/1607_LNC
[2023-08-30T17:35:58.192+0000] {logging_mixin.py:151} INFO - 1078/1607_VET
[2023-08-30T17:35:58.947+0000] {logging_mixin.py:151} INFO - 1077/1607_NFC
[2023-08-30T17:35:59.692+0000] {logging_mixin.py:151} INFO - 1076/1607_NHH
[2023-08-30T17:36:00.450+0000] {logging_mixin.py:151} INFO - 1075/1607_PMB
[2023-08-30T17:36:01.195+0000] {logging_mixin.py:151} INFO - 1074/1607_PGN
[2023-08-30T17:36:01.939+0000] {logging_mixin.py:151} INFO - 1073/1607_PLP
[2023-08-30T17:36:02.697+0000] {logging_mixin.py:151} INFO - 1072/1607_PHR
[2023-08-30T17:36:03.435+0000] {logging_mixin.py:151} INFO - 1071/1607_PLC
[2023-08-30T17:36:04.168+0000] {logging_mixin.py:151} INFO - 1070/1607_BT1
[2023-08-30T17:36:04.903+0000] {logging_mixin.py:151} INFO - 1069/1607_PSE
[2023-08-30T17:36:05.649+0000] {logging_mixin.py:151} INFO - 1068/1607_PCE
[2023-08-30T17:36:06.401+0000] {logging_mixin.py:151} INFO - 1067/1607_PCN
[2023-08-30T17:36:07.155+0000] {logging_mixin.py:151} INFO - 1066/1607_PSW
[2023-08-30T17:36:07.902+0000] {logging_mixin.py:151} INFO - 1065/1607_QBS
[2023-08-30T17:36:08.666+0000] {logging_mixin.py:151} INFO - 1064/1607_RDP
[2023-08-30T17:36:09.429+0000] {logging_mixin.py:151} INFO - 1063/1607_RBC
[2023-08-30T17:36:10.178+0000] {logging_mixin.py:151} INFO - 1062/1607_SEP
[2023-08-30T17:36:10.934+0000] {logging_mixin.py:151} INFO - 1061/1607_SFG
[2023-08-30T17:36:11.697+0000] {logging_mixin.py:151} INFO - 1060/1607_NSG
[2023-08-30T17:36:12.455+0000] {logging_mixin.py:151} INFO - 1059/1607_SIV
[2023-08-30T17:36:13.209+0000] {logging_mixin.py:151} INFO - 1058/1607_SJF
[2023-08-30T17:36:13.950+0000] {logging_mixin.py:151} INFO - 1057/1607_SBR
[2023-08-30T17:36:14.699+0000] {logging_mixin.py:151} INFO - 1056/1607_SPC
[2023-08-30T17:36:15.451+0000] {logging_mixin.py:151} INFO - 1055/1607_RTB
[2023-08-30T17:36:16.181+0000] {logging_mixin.py:151} INFO - 1054/1607_TNC
[2023-08-30T17:36:16.926+0000] {logging_mixin.py:151} INFO - 1053/1607_TPC
[2023-08-30T17:36:17.671+0000] {logging_mixin.py:151} INFO - 1052/1607_TRC
[2023-08-30T17:36:18.420+0000] {logging_mixin.py:151} INFO - 1051/1607_TSC
[2023-08-30T17:36:19.171+0000] {logging_mixin.py:151} INFO - 1050/1607_VAF
[2023-08-30T17:36:19.913+0000] {logging_mixin.py:151} INFO - 1049/1607_PAT
[2023-08-30T17:36:20.666+0000] {logging_mixin.py:151} INFO - 1048/1607_VFG
[2023-08-30T17:36:21.406+0000] {logging_mixin.py:151} INFO - 1047/1607_PVO
[2023-08-30T17:36:22.168+0000] {logging_mixin.py:151} INFO - 1046/1607_VPS
[2023-08-30T17:36:23.957+0000] {logging_mixin.py:151} INFO - 1045/1607_VKP
[2023-08-30T17:36:24.716+0000] {logging_mixin.py:151} INFO - 1044/1607_VNP
[2023-08-30T17:36:25.469+0000] {logging_mixin.py:151} INFO - 1043/1607_VNY
[2023-08-30T17:36:26.220+0000] {logging_mixin.py:151} INFO - 1042/1607_VTQ
[2023-08-30T17:36:26.961+0000] {logging_mixin.py:151} INFO - 1041/1607_VXP
[2023-08-30T17:36:27.731+0000] {logging_mixin.py:151} INFO - 1040/1607_VVS
[2023-08-30T17:36:28.483+0000] {logging_mixin.py:151} INFO - 1039/1607_CMC
[2023-08-30T17:36:29.239+0000] {logging_mixin.py:151} INFO - 1038/1607_CSM
[2023-08-30T17:36:29.984+0000] {logging_mixin.py:151} INFO - 1037/1607_CTF
[2023-08-30T17:36:30.743+0000] {logging_mixin.py:151} INFO - 1036/1607_DRC
[2023-08-30T17:36:31.490+0000] {logging_mixin.py:151} INFO - 1035/1607_FTI
[2023-08-30T17:36:32.235+0000] {logging_mixin.py:151} INFO - 1034/1607_GGG
[2023-08-30T17:36:32.984+0000] {logging_mixin.py:151} INFO - 1033/1607_HAX
[2023-08-30T17:36:33.733+0000] {logging_mixin.py:151} INFO - 1032/1607_HHS
[2023-08-30T17:36:34.490+0000] {logging_mixin.py:151} INFO - 1031/1607_HTL
[2023-08-30T17:36:35.247+0000] {logging_mixin.py:151} INFO - 1030/1607_SRC
[2023-08-30T17:36:36.000+0000] {logging_mixin.py:151} INFO - 1029/1607_SVC
[2023-08-30T17:36:36.767+0000] {logging_mixin.py:151} INFO - 1028/1607_TMT
[2023-08-30T17:36:37.531+0000] {logging_mixin.py:151} INFO - 1027/1607_VKC
[2023-08-30T17:36:39.338+0000] {logging_mixin.py:151} INFO - 1026/1607_VMA
[2023-08-30T17:36:40.100+0000] {logging_mixin.py:151} INFO - 1025/1607_CMM
[2023-08-30T17:36:41.887+0000] {logging_mixin.py:151} INFO - 1024/1607_CNA
[2023-08-30T17:36:42.624+0000] {logging_mixin.py:151} INFO - 1023/1607_GCF
[2023-08-30T17:36:43.378+0000] {logging_mixin.py:151} INFO - 1022/1607_AAM
[2023-08-30T17:36:44.131+0000] {logging_mixin.py:151} INFO - 1021/1607_ABT
[2023-08-30T17:36:44.870+0000] {logging_mixin.py:151} INFO - 1020/1607_ACL
[2023-08-30T17:36:45.620+0000] {logging_mixin.py:151} INFO - 1019/1607_AGF
[2023-08-30T17:36:46.366+0000] {logging_mixin.py:151} INFO - 1018/1607_AGM
[2023-08-30T17:36:47.122+0000] {logging_mixin.py:151} INFO - 1017/1607_ANT
[2023-08-30T17:36:47.912+0000] {logging_mixin.py:151} INFO - 1016/1607_ANV
[2023-08-30T17:36:48.676+0000] {logging_mixin.py:151} INFO - 1015/1607_APF
[2023-08-30T17:36:49.459+0000] {logging_mixin.py:151} INFO - 1014/1607_ASM
[2023-08-30T17:36:50.216+0000] {logging_mixin.py:151} INFO - 1013/1607_ATA
[2023-08-30T17:36:50.969+0000] {logging_mixin.py:151} INFO - 1012/1607_AVF
[2023-08-30T17:36:51.718+0000] {logging_mixin.py:151} INFO - 1011/1607_BAF
[2023-08-30T17:36:52.452+0000] {logging_mixin.py:151} INFO - 1010/1607_BNA
[2023-08-30T17:36:53.209+0000] {logging_mixin.py:151} INFO - 1009/1607_BBC
[2023-08-30T17:36:53.969+0000] {logging_mixin.py:151} INFO - 1008/1607_PRT
[2023-08-30T17:36:54.709+0000] {logging_mixin.py:151} INFO - 1007/1607_BLT
[2023-08-30T17:36:55.459+0000] {logging_mixin.py:151} INFO - 1006/1607_BLF
[2023-08-30T17:36:56.191+0000] {logging_mixin.py:151} INFO - 1005/1607_C22
[2023-08-30T17:36:56.952+0000] {logging_mixin.py:151} INFO - 1004/1607_CAD
[2023-08-30T17:36:57.702+0000] {logging_mixin.py:151} INFO - 1003/1607_CAN
[2023-08-30T17:36:58.454+0000] {logging_mixin.py:151} INFO - 1002/1607_CCA
[2023-08-30T17:36:59.203+0000] {logging_mixin.py:151} INFO - 1001/1607_CBS
[2023-08-30T17:36:59.942+0000] {logging_mixin.py:151} INFO - 1000/1607_CLX
[2023-08-30T17:37:00.704+0000] {logging_mixin.py:151} INFO - 999/1607_CMF
[2023-08-30T17:37:01.451+0000] {logging_mixin.py:151} INFO - 998/1607_CAT
[2023-08-30T17:37:02.192+0000] {logging_mixin.py:151} INFO - 997/1607_CMX
[2023-08-30T17:37:02.949+0000] {logging_mixin.py:151} INFO - 996/1607_CMN
[2023-08-30T17:37:03.705+0000] {logging_mixin.py:151} INFO - 995/1607_DBC
[2023-08-30T17:37:05.793+0000] {logging_mixin.py:151} INFO - 994/1607_NSS
[2023-08-30T17:37:06.542+0000] {logging_mixin.py:151} INFO - 993/1607_DMN
[2023-08-30T17:37:07.300+0000] {logging_mixin.py:151} INFO - 992/1607_FMC
[2023-08-30T17:37:08.036+0000] {logging_mixin.py:151} INFO - 991/1607_FCS
[2023-08-30T17:37:08.777+0000] {logging_mixin.py:151} INFO - 990/1607_HAG
[2023-08-30T17:37:09.529+0000] {logging_mixin.py:151} INFO - 989/1607_HHC
[2023-08-30T17:37:10.280+0000] {logging_mixin.py:151} INFO - 988/1607_HSL
[2023-08-30T17:37:11.043+0000] {logging_mixin.py:151} INFO - 987/1607_HKB
[2023-08-30T17:37:11.799+0000] {logging_mixin.py:151} INFO - 986/1607_BKH
[2023-08-30T17:37:12.555+0000] {logging_mixin.py:151} INFO - 985/1607_HAF
[2023-08-30T17:37:13.296+0000] {logging_mixin.py:151} INFO - 984/1607_HNG
[2023-08-30T17:37:14.034+0000] {logging_mixin.py:151} INFO - 983/1607_HNM
[2023-08-30T17:37:14.784+0000] {logging_mixin.py:151} INFO - 982/1607_HNF
[2023-08-30T17:37:15.537+0000] {logging_mixin.py:151} INFO - 981/1607_HVA
[2023-08-30T17:37:16.287+0000] {logging_mixin.py:151} INFO - 980/1607_HVG
[2023-08-30T17:37:17.021+0000] {logging_mixin.py:151} INFO - 979/1607_ICF
[2023-08-30T17:37:17.780+0000] {logging_mixin.py:151} INFO - 978/1607_IDI
[2023-08-30T17:37:18.538+0000] {logging_mixin.py:151} INFO - 977/1607_IDP
[2023-08-30T17:37:19.313+0000] {logging_mixin.py:151} INFO - 976/1607_ILA
[2023-08-30T17:37:20.092+0000] {logging_mixin.py:151} INFO - 975/1607_KDC
[2023-08-30T17:37:20.852+0000] {logging_mixin.py:151} INFO - 974/1607_KTC
[2023-08-30T17:37:21.591+0000] {logging_mixin.py:151} INFO - 973/1607_KHS
[2023-08-30T17:37:22.355+0000] {logging_mixin.py:151} INFO - 972/1607_KTS
[2023-08-30T17:37:23.120+0000] {logging_mixin.py:151} INFO - 971/1607_LAF
[2023-08-30T17:37:23.877+0000] {logging_mixin.py:151} INFO - 970/1607_LSS
[2023-08-30T17:37:24.691+0000] {logging_mixin.py:151} INFO - 969/1607_MCF
[2023-08-30T17:37:25.442+0000] {logging_mixin.py:151} INFO - 968/1607_MCM
[2023-08-30T17:37:26.193+0000] {logging_mixin.py:151} INFO - 967/1607_JOS
[2023-08-30T17:37:26.952+0000] {logging_mixin.py:151} INFO - 966/1607_MLS
[2023-08-30T17:37:27.693+0000] {logging_mixin.py:151} INFO - 965/1607_MML
[2023-08-30T17:37:28.430+0000] {logging_mixin.py:151} INFO - 964/1607_MPC
[2023-08-30T17:37:29.262+0000] {logging_mixin.py:151} INFO - 963/1607_MCH
[2023-08-30T17:37:30.033+0000] {logging_mixin.py:151} INFO - 962/1607_NCS
[2023-08-30T17:37:30.790+0000] {logging_mixin.py:151} INFO - 961/1607_NDF
[2023-08-30T17:37:31.556+0000] {logging_mixin.py:151} INFO - 960/1607_NGC
[2023-08-30T17:37:32.299+0000] {logging_mixin.py:151} INFO - 959/1607_NSC
[2023-08-30T17:37:33.053+0000] {logging_mixin.py:151} INFO - 958/1607_OCH
[2023-08-30T17:37:33.797+0000] {logging_mixin.py:151} INFO - 957/1607_PAN
[2023-08-30T17:37:34.556+0000] {logging_mixin.py:151} INFO - 956/1607_PRO
[2023-08-30T17:37:35.310+0000] {logging_mixin.py:151} INFO - 955/1607_PSL
[2023-08-30T17:37:36.054+0000] {logging_mixin.py:151} INFO - 954/1607_DAT
[2023-08-30T17:37:36.801+0000] {logging_mixin.py:151} INFO - 953/1607_CQN
[2023-08-30T17:37:37.559+0000] {logging_mixin.py:151} INFO - 952/1607_QNS
[2023-08-30T17:37:38.317+0000] {logging_mixin.py:151} INFO - 951/1607_SAF
[2023-08-30T17:37:39.068+0000] {logging_mixin.py:151} INFO - 950/1607_APT
[2023-08-30T17:37:39.818+0000] {logging_mixin.py:151} INFO - 949/1607_SBT
[2023-08-30T17:37:40.578+0000] {logging_mixin.py:151} INFO - 948/1607_SEA
[2023-08-30T17:37:41.335+0000] {logging_mixin.py:151} INFO - 947/1607_SPV
[2023-08-30T17:37:42.077+0000] {logging_mixin.py:151} INFO - 946/1607_SGC
[2023-08-30T17:37:42.836+0000] {logging_mixin.py:151} INFO - 945/1607_SGO
[2023-08-30T17:37:43.592+0000] {logging_mixin.py:151} INFO - 944/1607_SJ1
[2023-08-30T17:37:44.355+0000] {logging_mixin.py:151} INFO - 943/1607_SLS
[2023-08-30T17:37:45.098+0000] {logging_mixin.py:151} INFO - 942/1607_SNC
[2023-08-30T17:37:45.850+0000] {logging_mixin.py:151} INFO - 941/1607_SPD
[2023-08-30T17:37:46.587+0000] {logging_mixin.py:151} INFO - 940/1607_SPH
[2023-08-30T17:37:47.347+0000] {logging_mixin.py:151} INFO - 939/1607_SSC
[2023-08-30T17:37:48.102+0000] {logging_mixin.py:151} INFO - 938/1607_SSN
[2023-08-30T17:37:48.848+0000] {logging_mixin.py:151} INFO - 937/1607_TFC
[2023-08-30T17:37:49.592+0000] {logging_mixin.py:151} INFO - 936/1607_TCJ
[2023-08-30T17:37:50.356+0000] {logging_mixin.py:151} INFO - 935/1607_BCF
[2023-08-30T17:37:51.124+0000] {logging_mixin.py:151} INFO - 934/1607_THP
[2023-08-30T17:37:51.860+0000] {logging_mixin.py:151} INFO - 933/1607_TAR
[2023-08-30T17:37:52.613+0000] {logging_mixin.py:151} INFO - 932/1607_TS4
[2023-08-30T17:37:53.365+0000] {logging_mixin.py:151} INFO - 931/1607_VHC
[2023-08-30T17:37:54.112+0000] {logging_mixin.py:151} INFO - 930/1607_VHF
[2023-08-30T17:37:54.868+0000] {logging_mixin.py:151} INFO - 929/1607_VLC
[2023-08-30T17:37:55.622+0000] {logging_mixin.py:151} INFO - 928/1607_VSN
[2023-08-30T17:37:56.377+0000] {logging_mixin.py:151} INFO - 927/1607_VLF
[2023-08-30T17:37:57.125+0000] {logging_mixin.py:151} INFO - 926/1607_BMV
[2023-08-30T17:37:57.874+0000] {logging_mixin.py:151} INFO - 925/1607_VSF
[2023-08-30T17:37:58.627+0000] {logging_mixin.py:151} INFO - 924/1607_VNH
[2023-08-30T17:37:59.401+0000] {logging_mixin.py:151} INFO - 923/1607_VOC
[2023-08-30T17:38:00.098+0000] {logging_mixin.py:151} INFO - 922_error_1607_CBC
[2023-08-30T17:38:00.099+0000] {collect_gcs.py:41} ERROR - message
Traceback (most recent call last):
  File "/home/nguyentuanduong7/airflow/src/pluggin/collect_gcs.py", line 30, in stock_collection_1Y
    stock_data=stock_historical_data (symbol=stock, start_date=start_date, end_date=current_date, resolution=resolution, type='stock')
  File "/home/nguyentuanduong7/.local/lib/python3.8/site-packages/vnstock/stock.py", line 148, in stock_historical_data
    df = stock_ohlc(symbol, start_date, end_date, resolution, type, headers)
  File "/home/nguyentuanduong7/.local/lib/python3.8/site-packages/vnstock/stock.py", line 179, in stock_ohlc
    df = pd.DataFrame(response)
  File "/home/nguyentuanduong7/.local/lib/python3.8/site-packages/pandas/core/frame.py", line 709, in __init__
    mgr = dict_to_mgr(data, index, columns, dtype=dtype, copy=copy, typ=manager)
  File "/home/nguyentuanduong7/.local/lib/python3.8/site-packages/pandas/core/internals/construction.py", line 481, in dict_to_mgr
    return arrays_to_mgr(arrays, columns, index, dtype=dtype, typ=typ, consolidate=copy)
  File "/home/nguyentuanduong7/.local/lib/python3.8/site-packages/pandas/core/internals/construction.py", line 115, in arrays_to_mgr
    index = _extract_index(arrays)
  File "/home/nguyentuanduong7/.local/lib/python3.8/site-packages/pandas/core/internals/construction.py", line 645, in _extract_index
    raise ValueError("If using all scalar values, you must pass an index")
ValueError: If using all scalar values, you must pass an index
[2023-08-30T17:38:00.845+0000] {logging_mixin.py:151} INFO - 921/1607_BHK
[2023-08-30T17:38:01.579+0000] {logging_mixin.py:151} INFO - 920/1607_BHN
[2023-08-30T17:38:02.333+0000] {logging_mixin.py:151} INFO - 919/1607_BHP
[2023-08-30T17:38:03.075+0000] {logging_mixin.py:151} INFO - 918/1607_BHG
[2023-08-30T17:38:03.810+0000] {logging_mixin.py:151} INFO - 917/1607_BSP
[2023-08-30T17:38:04.549+0000] {logging_mixin.py:151} INFO - 916/1607_CPA
[2023-08-30T17:38:05.296+0000] {logging_mixin.py:151} INFO - 915/1607_CFV
[2023-08-30T17:38:06.052+0000] {logging_mixin.py:151} INFO - 914/1607_CTP
[2023-08-30T17:38:06.812+0000] {logging_mixin.py:151} INFO - 913/1607_BSD
[2023-08-30T17:38:07.566+0000] {logging_mixin.py:151} INFO - 912/1607_EPC
[2023-08-30T17:38:09.335+0000] {logging_mixin.py:151} INFO - 911/1607_FGL
[2023-08-30T17:38:10.092+0000] {logging_mixin.py:151} INFO - 910/1607_HAD
[2023-08-30T17:38:11.890+0000] {logging_mixin.py:151} INFO - 909/1607_HNR
[2023-08-30T17:38:12.633+0000] {logging_mixin.py:151} INFO - 908/1607_HLB
[2023-08-30T17:38:13.400+0000] {logging_mixin.py:151} INFO - 907/1607_BBM
[2023-08-30T17:38:14.133+0000] {logging_mixin.py:151} INFO - 906/1607_HAT
[2023-08-30T17:38:14.887+0000] {logging_mixin.py:151} INFO - 905/1607_HAV
[2023-08-30T17:38:15.633+0000] {logging_mixin.py:151} INFO - 904/1607_HBH
[2023-08-30T17:38:16.390+0000] {logging_mixin.py:151} INFO - 903/1607_HKT
[2023-08-30T17:38:17.132+0000] {logging_mixin.py:151} INFO - 902/1607_IFS
[2023-08-30T17:38:17.879+0000] {logging_mixin.py:151} INFO - 901/1607_NAF
[2023-08-30T17:38:18.624+0000] {logging_mixin.py:151} INFO - 900/1607_PCF
[2023-08-30T17:38:19.371+0000] {logging_mixin.py:151} INFO - 899/1607_BQB
[2023-08-30T17:38:20.124+0000] {logging_mixin.py:151} INFO - 898/1607_QHW
[2023-08-30T17:38:20.876+0000] {logging_mixin.py:151} INFO - 897/1607_BSH
[2023-08-30T17:38:21.630+0000] {logging_mixin.py:151} INFO - 896/1607_BSQ
[2023-08-30T17:38:22.385+0000] {logging_mixin.py:151} INFO - 895/1607_SKV
[2023-08-30T17:38:23.130+0000] {logging_mixin.py:151} INFO - 894/1607_SKH
[2023-08-30T17:38:23.867+0000] {logging_mixin.py:151} INFO - 893/1607_BSL
[2023-08-30T17:38:24.620+0000] {logging_mixin.py:151} INFO - 892/1607_SBL
[2023-08-30T17:38:25.351+0000] {logging_mixin.py:151} INFO - 891/1607_SCD
[2023-08-30T17:38:26.091+0000] {logging_mixin.py:151} INFO - 890/1607_SKN
[2023-08-30T17:38:26.852+0000] {logging_mixin.py:151} INFO - 889/1607_SMB
[2023-08-30T17:38:27.604+0000] {logging_mixin.py:151} INFO - 888/1607_THB
[2023-08-30T17:38:28.352+0000] {logging_mixin.py:151} INFO - 887/1607_BTB
[2023-08-30T17:38:29.092+0000] {logging_mixin.py:151} INFO - 886/1607_TAN
[2023-08-30T17:38:29.835+0000] {logging_mixin.py:151} INFO - 885/1607_FCC
[2023-08-30T17:38:30.592+0000] {logging_mixin.py:151} INFO - 884/1607_VCF
[2023-08-30T17:38:31.343+0000] {logging_mixin.py:151} INFO - 883/1607_VDL
[2023-08-30T17:38:32.086+0000] {logging_mixin.py:151} INFO - 882/1607_SB1
[2023-08-30T17:38:32.824+0000] {logging_mixin.py:151} INFO - 881/1607_VTL
[2023-08-30T17:38:33.559+0000] {logging_mixin.py:151} INFO - 880/1607_WSB
[2023-08-30T17:38:34.313+0000] {logging_mixin.py:151} INFO - 879/1607_CLC
[2023-08-30T17:38:35.063+0000] {logging_mixin.py:151} INFO - 878/1607_HJC
[2023-08-30T17:38:35.797+0000] {logging_mixin.py:151} INFO - 877/1607_NST
[2023-08-30T17:38:36.546+0000] {logging_mixin.py:151} INFO - 876/1607_VTJ
[2023-08-30T17:38:37.289+0000] {logging_mixin.py:151} INFO - 875/1607_BEL
[2023-08-30T17:38:38.033+0000] {logging_mixin.py:151} INFO - 874/1607_GLT
[2023-08-30T17:38:38.784+0000] {logging_mixin.py:151} INFO - 873/1607_NHT
[2023-08-30T17:38:39.538+0000] {logging_mixin.py:151} INFO - 872/1607_DCS
[2023-08-30T17:38:40.280+0000] {logging_mixin.py:151} INFO - 871/1607_DQC
[2023-08-30T17:38:42.072+0000] {logging_mixin.py:151} INFO - 870/1607_FBA
[2023-08-30T17:38:42.827+0000] {logging_mixin.py:151} INFO - 869/1607_GDT
[2023-08-30T17:38:43.585+0000] {logging_mixin.py:151} INFO - 868/1607_KSD
[2023-08-30T17:38:44.351+0000] {logging_mixin.py:151} INFO - 867/1607_RAL
[2023-08-30T17:38:45.108+0000] {logging_mixin.py:151} INFO - 866/1607_SHE
[2023-08-30T17:38:45.869+0000] {logging_mixin.py:151} INFO - 865/1607_TLG
[2023-08-30T17:38:46.611+0000] {logging_mixin.py:151} INFO - 864/1607_XHC
[2023-08-30T17:38:47.387+0000] {logging_mixin.py:151} INFO - 863/1607_SGI
[2023-08-30T17:38:48.144+0000] {logging_mixin.py:151} INFO - 862/1607_AAT
[2023-08-30T17:38:48.897+0000] {logging_mixin.py:151} INFO - 861/1607_AG1
[2023-08-30T17:38:50.623+0000] {logging_mixin.py:151} INFO - 860/1607_ASA
[2023-08-30T17:38:51.382+0000] {logging_mixin.py:151} INFO - 859/1607_A32
[2023-08-30T17:38:52.129+0000] {logging_mixin.py:151} INFO - 858/1607_BBT
[2023-08-30T17:38:52.889+0000] {logging_mixin.py:151} INFO - 857/1607_BDG
[2023-08-30T17:38:53.645+0000] {logging_mixin.py:151} INFO - 856/1607_BKG
[2023-08-30T17:38:54.408+0000] {logging_mixin.py:151} INFO - 855/1607_BMG
[2023-08-30T17:38:55.148+0000] {logging_mixin.py:151} INFO - 854/1607_BVN
[2023-08-30T17:38:55.890+0000] {logging_mixin.py:151} INFO - 853/1607_STK
[2023-08-30T17:38:56.647+0000] {logging_mixin.py:151} INFO - 852/1607_DCG
[2023-08-30T17:38:57.451+0000] {logging_mixin.py:151} INFO - 851/1607_ADS
[2023-08-30T17:38:58.196+0000] {logging_mixin.py:151} INFO - 850/1607_DM7
[2023-08-30T17:38:59.073+0000] {logging_mixin.py:151} INFO - 849/1607_MGG
[2023-08-30T17:38:59.850+0000] {logging_mixin.py:151} INFO - 848/1607_EVE
[2023-08-30T17:39:00.610+0000] {logging_mixin.py:151} INFO - 847/1607_FTM
[2023-08-30T17:39:01.367+0000] {logging_mixin.py:151} INFO - 846/1607_G20
[2023-08-30T17:39:02.124+0000] {logging_mixin.py:151} INFO - 845/1607_M10
[2023-08-30T17:39:02.873+0000] {logging_mixin.py:151} INFO - 844/1607_GIL
[2023-08-30T17:39:03.643+0000] {logging_mixin.py:151} INFO - 843/1607_GMC
[2023-08-30T17:39:04.394+0000] {logging_mixin.py:151} INFO - 842/1607_HCB
[2023-08-30T17:39:05.145+0000] {logging_mixin.py:151} INFO - 841/1607_HLT
[2023-08-30T17:39:05.896+0000] {logging_mixin.py:151} INFO - 840/1607_HSM
[2023-08-30T17:39:06.642+0000] {logging_mixin.py:151} INFO - 839/1607_HDM
[2023-08-30T17:39:07.407+0000] {logging_mixin.py:151} INFO - 838/1607_HTG
[2023-08-30T17:39:08.164+0000] {logging_mixin.py:151} INFO - 837/1607_HNI
[2023-08-30T17:39:08.923+0000] {logging_mixin.py:151} INFO - 836/1607_HUG
[2023-08-30T17:39:09.662+0000] {logging_mixin.py:151} INFO - 835/1607_KMR
[2023-08-30T17:39:10.420+0000] {logging_mixin.py:151} INFO - 834/1607_LGM
[2023-08-30T17:39:11.180+0000] {logging_mixin.py:151} INFO - 833/1607_LIX
[2023-08-30T17:39:11.938+0000] {logging_mixin.py:151} INFO - 832/1607_MPT
[2023-08-30T17:39:12.689+0000] {logging_mixin.py:151} INFO - 831/1607_NJC
[2023-08-30T17:39:13.440+0000] {logging_mixin.py:151} INFO - 830/1607_NET
[2023-08-30T17:39:14.203+0000] {logging_mixin.py:151} INFO - 829/1607_MNB
[2023-08-30T17:39:14.957+0000] {logging_mixin.py:151} INFO - 828/1607_NTT
[2023-08-30T17:39:15.705+0000] {logging_mixin.py:151} INFO - 827/1607_PNJ
[2023-08-30T17:39:16.459+0000] {logging_mixin.py:151} INFO - 826/1607_PPH
[2023-08-30T17:39:17.207+0000] {logging_mixin.py:151} INFO - 825/1607_PTG
[2023-08-30T17:39:17.966+0000] {logging_mixin.py:151} INFO - 824/1607_MSH
[2023-08-30T17:39:18.717+0000] {logging_mixin.py:151} INFO - 823/1607_SPB
[2023-08-30T17:39:19.453+0000] {logging_mixin.py:151} INFO - 822/1607_SSF
[2023-08-30T17:39:20.191+0000] {logging_mixin.py:151} INFO - 821/1607_SVD
[2023-08-30T17:39:20.930+0000] {logging_mixin.py:151} INFO - 820/1607_TCM
[2023-08-30T17:39:21.677+0000] {logging_mixin.py:151} INFO - 819/1607_GTD
[2023-08-30T17:39:22.417+0000] {logging_mixin.py:151} INFO - 818/1607_TDT
[2023-08-30T17:39:23.174+0000] {logging_mixin.py:151} INFO - 817/1607_CET
[2023-08-30T17:39:23.933+0000] {logging_mixin.py:151} INFO - 816/1607_TET
[2023-08-30T17:39:24.675+0000] {logging_mixin.py:151} INFO - 815/1607_TLI
[2023-08-30T17:39:25.405+0000] {logging_mixin.py:151} INFO - 814/1607_TNG
[2023-08-30T17:39:26.214+0000] {logging_mixin.py:151} INFO - 813/1607_TTG
[2023-08-30T17:39:26.964+0000] {logging_mixin.py:151} INFO - 812/1607_VDN
[2023-08-30T17:39:27.697+0000] {logging_mixin.py:151} INFO - 811/1607_NDT
[2023-08-30T17:39:28.456+0000] {logging_mixin.py:151} INFO - 810/1607_TVT
[2023-08-30T17:39:29.206+0000] {logging_mixin.py:151} INFO - 809/1607_VGT
[2023-08-30T17:39:29.956+0000] {logging_mixin.py:151} INFO - 808/1607_VGG
[2023-08-30T17:39:30.698+0000] {logging_mixin.py:151} INFO - 807/1607_VTI
[2023-08-30T17:39:31.439+0000] {logging_mixin.py:151} INFO - 806/1607_X20
[2023-08-30T17:39:32.187+0000] {logging_mixin.py:151} INFO - 805/1607_X26
[2023-08-30T17:39:32.916+0000] {logging_mixin.py:151} INFO - 804/1607_XPH
[2023-08-30T17:39:33.659+0000] {logging_mixin.py:151} INFO - 803/1607_ODE
[2023-08-30T17:39:34.429+0000] {logging_mixin.py:151} INFO - 802/1607_ADC
[2023-08-30T17:39:35.177+0000] {logging_mixin.py:151} INFO - 801/1607_ALT
[2023-08-30T17:39:35.929+0000] {logging_mixin.py:151} INFO - 800/1607_BDB
[2023-08-30T17:39:36.660+0000] {logging_mixin.py:151} INFO - 799/1607_BED
[2023-08-30T17:39:37.405+0000] {logging_mixin.py:151} INFO - 798/1607_BST
[2023-08-30T17:39:38.157+0000] {logging_mixin.py:151} INFO - 797/1607_ADG
[2023-08-30T17:39:38.914+0000] {logging_mixin.py:151} INFO - 796/1607_DAD
[2023-08-30T17:39:39.648+0000] {logging_mixin.py:151} INFO - 795/1607_DAE
[2023-08-30T17:39:40.409+0000] {logging_mixin.py:151} INFO - 794/1607_DST
[2023-08-30T17:39:41.173+0000] {logging_mixin.py:151} INFO - 793/1607_EBS
[2023-08-30T17:39:41.923+0000] {logging_mixin.py:151} INFO - 792/1607_ECI
[2023-08-30T17:39:42.682+0000] {logging_mixin.py:151} INFO - 791/1607_EID
[2023-08-30T17:39:43.441+0000] {logging_mixin.py:151} INFO - 790/1607_FHS
[2023-08-30T17:39:44.183+0000] {logging_mixin.py:151} INFO - 789/1607_FOC
[2023-08-30T17:39:44.938+0000] {logging_mixin.py:151} INFO - 788/1607_HEV
[2023-08-30T17:39:45.674+0000] {logging_mixin.py:151} INFO - 787/1607_HTP
[2023-08-30T17:39:46.427+0000] {logging_mixin.py:151} INFO - 786/1607_IHK
[2023-08-30T17:39:47.168+0000] {logging_mixin.py:151} INFO - 785/1607_IN4
[2023-08-30T17:39:47.918+0000] {logging_mixin.py:151} INFO - 784/1607_IBD
[2023-08-30T17:39:48.686+0000] {logging_mixin.py:151} INFO - 783/1607_LBE
[2023-08-30T17:39:49.440+0000] {logging_mixin.py:151} INFO - 782/1607_NBE
[2023-08-30T17:39:50.174+0000] {logging_mixin.py:151} INFO - 781/1607_PNC
[2023-08-30T17:39:50.928+0000] {logging_mixin.py:151} INFO - 780/1607_RGC
[2023-08-30T17:39:51.683+0000] {logging_mixin.py:151} INFO - 779/1607_QST
[2023-08-30T17:39:52.417+0000] {logging_mixin.py:151} INFO - 778/1607_SAP
[2023-08-30T17:39:53.160+0000] {logging_mixin.py:151} INFO - 777/1607_VNB
[2023-08-30T17:39:53.928+0000] {logging_mixin.py:151} INFO - 776/1607_SED
[2023-08-30T17:39:54.682+0000] {logging_mixin.py:151} INFO - 775/1607_SGD
[2023-08-30T17:39:55.445+0000] {logging_mixin.py:151} INFO - 774/1607_SMN
[2023-08-30T17:39:55.599+0000] {local_task_job_runner.py:294} WARNING - State of this instance has been externally set to success. Terminating instance.
[2023-08-30T17:39:55.602+0000] {process_utils.py:131} INFO - Sending Signals.SIGTERM to group 465595. PIDs of all processes in the group: [465595]
[2023-08-30T17:39:55.603+0000] {process_utils.py:86} INFO - Sending the signal Signals.SIGTERM to group 465595
[2023-08-30T17:39:55.603+0000] {taskinstance.py:1632} ERROR - Received SIGTERM. Terminating subprocesses.
[2023-08-30T17:39:55.603+0000] {logging_mixin.py:151} INFO - 773_error_1607_STC
[2023-08-30T17:39:55.603+0000] {collect_gcs.py:41} ERROR - message
Traceback (most recent call last):
  File "/home/nguyentuanduong7/airflow/src/pluggin/collect_gcs.py", line 30, in stock_collection_1Y
    stock_data=stock_historical_data (symbol=stock, start_date=start_date, end_date=current_date, resolution=resolution, type='stock')
  File "/home/nguyentuanduong7/.local/lib/python3.8/site-packages/vnstock/stock.py", line 148, in stock_historical_data
    df = stock_ohlc(symbol, start_date, end_date, resolution, type, headers)
  File "/home/nguyentuanduong7/.local/lib/python3.8/site-packages/vnstock/stock.py", line 178, in stock_ohlc
    response = requests.request("GET", url, headers=headers).json()
  File "/usr/lib/python3/dist-packages/requests/api.py", line 60, in request
    return session.request(method=method, url=url, **kwargs)
  File "/usr/lib/python3/dist-packages/requests/sessions.py", line 535, in request
    resp = self.send(prep, **send_kwargs)
  File "/usr/lib/python3/dist-packages/requests/sessions.py", line 648, in send
    r = adapter.send(request, **kwargs)
  File "/usr/lib/python3/dist-packages/requests/adapters.py", line 439, in send
    resp = conn.urlopen(
  File "/usr/lib/python3/dist-packages/urllib3/connectionpool.py", line 665, in urlopen
    httplib_response = self._make_request(
  File "/usr/lib/python3/dist-packages/urllib3/connectionpool.py", line 376, in _make_request
    self._validate_conn(conn)
  File "/usr/lib/python3/dist-packages/urllib3/connectionpool.py", line 996, in _validate_conn
    conn.connect()
  File "/usr/lib/python3/dist-packages/urllib3/connection.py", line 314, in connect
    conn = self._new_conn()
  File "/usr/lib/python3/dist-packages/urllib3/connection.py", line 159, in _new_conn
    conn = connection.create_connection(
  File "/usr/lib/python3/dist-packages/urllib3/util/connection.py", line 74, in create_connection
    sock.connect(sa)
  File "/usr/local/lib/python3.8/dist-packages/airflow/models/taskinstance.py", line 1634, in signal_handler
    raise AirflowException("Task received SIGTERM signal")
airflow.exceptions.AirflowException: Task received SIGTERM signal
[2023-08-30T17:39:56.378+0000] {logging_mixin.py:151} INFO - 772/1607_STH
[2023-08-30T17:39:57.114+0000] {logging_mixin.py:151} INFO - 771/1607_TPH
[2023-08-30T17:39:57.868+0000] {logging_mixin.py:151} INFO - 770/1607_VEF
[2023-08-30T17:39:58.634+0000] {logging_mixin.py:151} INFO - 769/1607_VNZ
[2023-08-30T17:39:59.652+0000] {logging_mixin.py:151} INFO - 768/1607_VNX
[2023-08-30T17:40:00.381+0000] {logging_mixin.py:151} INFO - 767/1607_VPR
[2023-08-30T17:40:01.137+0000] {logging_mixin.py:151} INFO - 766/1607_CAB
[2023-08-30T17:40:01.900+0000] {logging_mixin.py:151} INFO - 765/1607_EPH
[2023-08-30T17:40:02.636+0000] {logging_mixin.py:151} INFO - 764/1607_YEG
[2023-08-30T17:40:03.379+0000] {logging_mixin.py:151} INFO - 763/1607_DSD
[2023-08-30T17:40:04.119+0000] {logging_mixin.py:151} INFO - 762/1607_ATS
[2023-08-30T17:40:05.866+0000] {logging_mixin.py:151} INFO - 761/1607_BCV
[2023-08-30T17:40:06.625+0000] {logging_mixin.py:151} INFO - 760/1607_VTG
[2023-08-30T17:40:07.380+0000] {logging_mixin.py:151} INFO - 759/1607_BTV
[2023-08-30T17:40:08.140+0000] {logging_mixin.py:151} INFO - 758/1607_BLN
[2023-08-30T17:40:08.898+0000] {logging_mixin.py:151} INFO - 757/1607_CTC
[2023-08-30T17:40:09.643+0000] {logging_mixin.py:151} INFO - 756/1607_DAH
[2023-08-30T17:40:10.395+0000] {logging_mixin.py:151} INFO - 755/1607_DLD
[2023-08-30T17:40:11.131+0000] {logging_mixin.py:151} INFO - 754/1607_DNT
[2023-08-30T17:40:11.893+0000] {logging_mixin.py:151} INFO - 753/1607_DSN
[2023-08-30T17:40:12.647+0000] {logging_mixin.py:151} INFO - 752/1607_DTI
[2023-08-30T17:40:13.406+0000] {logging_mixin.py:151} INFO - 751/1607_DXL
[2023-08-30T17:40:14.152+0000] {logging_mixin.py:151} INFO - 750/1607_GTT
[2023-08-30T17:40:14.893+0000] {logging_mixin.py:151} INFO - 749/1607_HES
[2023-08-30T17:40:15.630+0000] {logging_mixin.py:151} INFO - 748/1607_HGT
[2023-08-30T17:40:16.394+0000] {logging_mixin.py:151} INFO - 747/1607_HHG
[2023-08-30T17:40:17.139+0000] {logging_mixin.py:151} INFO - 746/1607_HRT
[2023-08-30T17:40:17.885+0000] {logging_mixin.py:151} INFO - 745/1607_TSJ
[2023-08-30T17:40:18.625+0000] {logging_mixin.py:151} INFO - 744/1607_HOT
[2023-08-30T17:40:19.379+0000] {logging_mixin.py:151} INFO - 743/1607_KLF
[2023-08-30T17:40:20.132+0000] {logging_mixin.py:151} INFO - 742/1607_MAS
[2023-08-30T17:40:20.867+0000] {logging_mixin.py:151} INFO - 741/1607_MTC
[2023-08-30T17:40:21.617+0000] {logging_mixin.py:151} INFO - 740/1607_NWT
[2023-08-30T17:40:22.376+0000] {logging_mixin.py:151} INFO - 739/1607_ONW
[2023-08-30T17:40:23.135+0000] {logging_mixin.py:151} INFO - 738/1607_PDC
[2023-08-30T17:40:23.893+0000] {logging_mixin.py:151} INFO - 737/1607_PGT
[2023-08-30T17:40:24.651+0000] {logging_mixin.py:151} INFO - 736/1607_EIN
[2023-08-30T17:40:25.409+0000] {logging_mixin.py:151} INFO - 735/1607_DSP
[2023-08-30T17:40:26.167+0000] {logging_mixin.py:151} INFO - 734/1607_RIC
[2023-08-30T17:40:26.927+0000] {logging_mixin.py:151} INFO - 733/1607_SCS
[2023-08-30T17:40:27.686+0000] {logging_mixin.py:151} INFO - 732/1607_BSG
[2023-08-30T17:40:28.440+0000] {logging_mixin.py:151} INFO - 731/1607_SGH
[2023-08-30T17:40:29.245+0000] {logging_mixin.py:151} INFO - 730/1607_SRT
[2023-08-30T17:40:29.985+0000] {logging_mixin.py:151} INFO - 729/1607_TPS
[2023-08-30T17:40:30.745+0000] {logging_mixin.py:151} INFO - 728/1607_SHX
[2023-08-30T17:40:31.501+0000] {logging_mixin.py:151} INFO - 727/1607_SKG
[2023-08-30T17:40:32.257+0000] {logging_mixin.py:151} INFO - 726/1607_STT
[2023-08-30T17:40:33.013+0000] {logging_mixin.py:151} INFO - 725/1607_TCT
[2023-08-30T17:40:33.760+0000] {logging_mixin.py:151} INFO - 724/1607_TSD
[2023-08-30T17:40:34.511+0000] {logging_mixin.py:151} INFO - 723/1607_TTT
[2023-08-30T17:40:35.269+0000] {logging_mixin.py:151} INFO - 722/1607_VTD
[2023-08-30T17:40:36.023+0000] {logging_mixin.py:151} INFO - 721/1607_VTR
[2023-08-30T17:40:36.769+0000] {logging_mixin.py:151} INFO - 720/1607_VIR
[2023-08-30T17:40:37.527+0000] {logging_mixin.py:151} INFO - 719/1607_HVN
[2023-08-30T17:40:38.281+0000] {logging_mixin.py:151} INFO - 718/1607_VNG
[2023-08-30T17:40:39.040+0000] {logging_mixin.py:151} INFO - 717/1607_VNS
[2023-08-30T17:40:41.132+0000] {logging_mixin.py:151} INFO - 716/1607_VTM
[2023-08-30T17:40:41.890+0000] {logging_mixin.py:151} INFO - 715/1607_DLT
[2023-08-30T17:40:42.635+0000] {logging_mixin.py:151} INFO - 714/1607_AFX
[2023-08-30T17:40:43.395+0000] {logging_mixin.py:151} INFO - 713/1607_AGX
[2023-08-30T17:40:44.132+0000] {logging_mixin.py:151} INFO - 712/1607_DHT
[2023-08-30T17:40:44.867+0000] {logging_mixin.py:151} INFO - 711/1607_FHN
[2023-08-30T17:40:45.598+0000] {logging_mixin.py:151} INFO - 710/1607_TH1
[2023-08-30T17:40:46.358+0000] {logging_mixin.py:151} INFO - 709/1607_ABS
[2023-08-30T17:40:47.096+0000] {logging_mixin.py:151} INFO - 708/1607_BSC
[2023-08-30T17:40:47.854+0000] {logging_mixin.py:151} INFO - 707/1607_BTT
[2023-08-30T17:40:48.624+0000] {logging_mixin.py:151} INFO - 706/1607_CEN
[2023-08-30T17:40:49.379+0000] {logging_mixin.py:151} INFO - 705/1607_CMV
[2023-08-30T17:40:50.117+0000] {logging_mixin.py:151} INFO - 704/1607_COM
[2023-08-30T17:40:51.817+0000] {logging_mixin.py:151} INFO - 703/1607_CPH
[2023-08-30T17:40:52.557+0000] {logging_mixin.py:151} INFO - 702/1607_DGW
[2023-08-30T17:40:53.305+0000] {logging_mixin.py:151} INFO - 701/1607_FRT
[2023-08-30T17:40:54.063+0000] {logging_mixin.py:151} INFO - 700/1607_HTM
[2023-08-30T17:40:55.603+0000] {process_utils.py:149} WARNING - process psutil.Process(pid=465595, name='airflow task runner: vnstock-pipeline-3M-1Y Stock_collection_1Y manual__2023-08-30T17:15:55.114696+00:00 385', status='sleeping', started='17:29:09') did not respond to SIGTERM. Trying SIGKILL
[2023-08-30T17:40:55.604+0000] {process_utils.py:86} INFO - Sending the signal Signals.SIGKILL to group 465595
[2023-08-30T17:40:55.611+0000] {process_utils.py:79} INFO - Process psutil.Process(pid=465595, name='airflow task runner: vnstock-pipeline-3M-1Y Stock_collection_1Y manual__2023-08-30T17:15:55.114696+00:00 385', status='terminated', exitcode=<Negsignal.SIGKILL: -9>, started='17:29:09') (465595) terminated with exit code Negsignal.SIGKILL
[2023-08-30T17:40:55.612+0000] {standard_task_runner.py:172} ERROR - Job 385 was killed before it finished (likely due to running out of memory)
