[2023-08-23T10:11:03.608+0000] {taskinstance.py:1159} INFO - Dependencies all met for dep_context=non-requeueable deps ti=<TaskInstance: vnstock-pipeline.Send_pubsubcloud scheduled__2023-08-11T07:00:00+00:00 [queued]>
[2023-08-23T10:11:03.613+0000] {taskinstance.py:1159} INFO - Dependencies all met for dep_context=requeueable deps ti=<TaskInstance: vnstock-pipeline.Send_pubsubcloud scheduled__2023-08-11T07:00:00+00:00 [queued]>
[2023-08-23T10:11:03.613+0000] {taskinstance.py:1361} INFO - Starting attempt 1 of 4
[2023-08-23T10:11:03.627+0000] {taskinstance.py:1382} INFO - Executing <Task(PythonOperator): Send_pubsubcloud> on 2023-08-11 07:00:00+00:00
[2023-08-23T10:11:03.631+0000] {standard_task_runner.py:57} INFO - Started process 2278 to run task
[2023-08-23T10:11:03.637+0000] {standard_task_runner.py:84} INFO - Running: ['airflow', 'tasks', 'run', 'vnstock-pipeline', 'Send_pubsubcloud', 'scheduled__2023-08-11T07:00:00+00:00', '--job-id', '4', '--raw', '--subdir', 'DAGS_FOLDER/main.py', '--cfg-path', '/tmp/tmpvba424qw']
[2023-08-23T10:11:03.637+0000] {standard_task_runner.py:85} INFO - Job 4: Subtask Send_pubsubcloud
[2023-08-23T10:11:03.677+0000] {task_command.py:415} INFO - Running <TaskInstance: vnstock-pipeline.Send_pubsubcloud scheduled__2023-08-11T07:00:00+00:00 [running]> on host vnstock-pipeline-vm.us-central1-c.c.vnstock-pipeline.internal
[2023-08-23T10:11:03.726+0000] {taskinstance.py:1660} INFO - Exporting env vars: AIRFLOW_CTX_DAG_EMAIL='nguyentuanduong555@gmail.com' AIRFLOW_CTX_DAG_OWNER='Duong' AIRFLOW_CTX_DAG_ID='vnstock-pipeline' AIRFLOW_CTX_TASK_ID='Send_pubsubcloud' AIRFLOW_CTX_EXECUTION_DATE='2023-08-11T07:00:00+00:00' AIRFLOW_CTX_TRY_NUMBER='1' AIRFLOW_CTX_DAG_RUN_ID='scheduled__2023-08-11T07:00:00+00:00'
[2023-08-23T10:11:04.761+0000] {logging_mixin.py:151} INFO -   Mã CP  Giá tham chiếu  Giá Trần  ...  DTNN_Mua  DTNN_Bán  DTNN_Room
0   VCB         88400.0   94500.0  ...     46979    103163  307543243
1   VPB         20600.0   22000.0  ...     40370    601510   84445288
2   TCB         33100.0   35400.0  ...     26420     26420          0
3   MBB         18200.0   19450.0  ...         0     23424          0

[4 rows x 23 columns]
[2023-08-23T10:11:04.762+0000] {logging_mixin.py:151} INFO - Index(['Mã CP', 'Giá tham chiếu', 'Giá Trần', 'Giá Sàn', 'Giá mua 3',
       'KL mua 3', 'Giá mua 2', 'KL mua 2', 'Giá mua 1', 'KL mua 1',
       'Giá khớp lệnh', 'KL Khớp lệnh', 'Giá bán 1', 'KL bán 1', 'Giá bán 2',
       'KL bán 2', 'Giá bán 3', 'KL bán 3', 'Tổng Khối Lượng', 'time',
       'DTNN_Mua', 'DTNN_Bán', 'DTNN_Room'],
      dtype='object')
[2023-08-23T10:11:04.763+0000] {logging_mixin.py:151} INFO - {"Mã CP": "VCB", "Giá tham chiếu": 88400.0, "Giá Trần": 94500.0, "Giá Sàn": 82300.0, "Giá mua 3": 86300.0, "KL mua 3": "380", "Giá mua 2": 86200.0, "KL mua 2": "570", "Giá mua 1": 86100.0, "KL mua 1": "1010", "Giá khớp lệnh": 86300.0, "KL Khớp lệnh": 15080.0, "Giá bán 1": 86500.0, "KL bán 1": "300", "Giá bán 2": 86800.0, "KL bán 2": "1010", "Giá bán 3": 86900.0, "KL bán 3": "40", "Tổng Khối Lượng": 175480.0, "time": "2023-08-23 10:11:01.934245", "DTNN_Mua": "46979", "DTNN_Bán": "103163", "DTNN_Room": "307543243"}
[2023-08-23T10:11:04.807+0000] {logging_mixin.py:151} INFO - publish message id 8265341083510990
[2023-08-23T10:11:04.808+0000] {logging_mixin.py:151} INFO - {"Mã CP": "VPB", "Giá tham chiếu": 20600.0, "Giá Trần": 22000.0, "Giá Sàn": 19200.0, "Giá mua 3": 20250.0, "KL mua 3": "30120", "Giá mua 2": 20200.0, "KL mua 2": "170360", "Giá mua 1": 20150.0, "KL mua 1": "26630", "Giá khớp lệnh": 20250.0, "KL Khớp lệnh": 125720.0, "Giá bán 1": 20300.0, "KL bán 1": "200", "Giá bán 2": 20350.0, "KL bán 2": "60", "Giá bán 3": 20400.0, "KL bán 3": "1100", "Tổng Khối Lượng": 1441660.0, "time": "2023-08-23 10:11:01.934245", "DTNN_Mua": "40370", "DTNN_Bán": "601510", "DTNN_Room": "84445288"}
[2023-08-23T10:11:04.845+0000] {logging_mixin.py:151} INFO - publish message id 8265237906273871
[2023-08-23T10:11:04.846+0000] {logging_mixin.py:151} INFO - {"Mã CP": "TCB", "Giá tham chiếu": 33100.0, "Giá Trần": 35400.0, "Giá Sàn": 30800.0, "Giá mua 3": 33200.0, "KL mua 3": "8700", "Giá mua 2": 33150.0, "KL mua 2": "3130", "Giá mua 1": 33100.0, "KL mua 1": "33860", "Giá khớp lệnh": 33200.0, "KL Khớp lệnh": 42030.0, "Giá bán 1": 33450.0, "KL bán 1": "80", "Giá bán 2": 33500.0, "KL bán 2": "570", "Giá bán 3": 33550.0, "KL bán 3": "1190", "Tổng Khối Lượng": 908790.0, "time": "2023-08-23 10:11:01.934245", "DTNN_Mua": "26420", "DTNN_Bán": "26420", "DTNN_Room": "0"}
[2023-08-23T10:11:04.880+0000] {logging_mixin.py:151} INFO - publish message id 8792080704553288
[2023-08-23T10:11:04.881+0000] {logging_mixin.py:151} INFO - {"Mã CP": "MBB", "Giá tham chiếu": 18200.0, "Giá Trần": 19450.0, "Giá Sàn": 16950.0, "Giá mua 3": 18000.0, "KL mua 3": "20300", "Giá mua 2": 17950.0, "KL mua 2": "23020", "Giá mua 1": 17900.0, "KL mua 1": "33070", "Giá khớp lệnh": 18000.0, "KL Khớp lệnh": 45350.0, "Giá bán 1": 18050.0, "KL bán 1": "2790", "Giá bán 2": 18100.0, "KL bán 2": "18940", "Giá bán 3": 18150.0, "KL bán 3": "5970", "Tổng Khối Lượng": 579640.0, "time": "2023-08-23 10:11:01.934245", "DTNN_Mua": "0", "DTNN_Bán": "23424", "DTNN_Room": "0"}
[2023-08-23T10:11:04.933+0000] {logging_mixin.py:151} INFO - publish message id 8268039610461622
[2023-08-23T10:11:04.933+0000] {python.py:194} INFO - Done. Returned value was: None
[2023-08-23T10:11:04.942+0000] {taskinstance.py:1400} INFO - Marking task as SUCCESS. dag_id=vnstock-pipeline, task_id=Send_pubsubcloud, execution_date=20230811T070000, start_date=20230823T101103, end_date=20230823T101104
[2023-08-23T10:11:05.016+0000] {local_task_job_runner.py:228} INFO - Task exited with return code 0
[2023-08-23T10:11:05.026+0000] {taskinstance.py:2784} INFO - 0 downstream tasks scheduled from follow-on schedule check
