[2023-08-23T12:15:50.238+0000] {taskinstance.py:1159} INFO - Dependencies all met for dep_context=non-requeueable deps ti=<TaskInstance: vnstock-pipeline.Stock_collection_1Y manual__2023-08-23T11:01:03.194505+00:00 [queued]>
[2023-08-23T12:15:50.243+0000] {taskinstance.py:1159} INFO - Dependencies all met for dep_context=requeueable deps ti=<TaskInstance: vnstock-pipeline.Stock_collection_1Y manual__2023-08-23T11:01:03.194505+00:00 [queued]>
[2023-08-23T12:15:50.243+0000] {taskinstance.py:1361} INFO - Starting attempt 2 of 5
[2023-08-23T12:15:50.256+0000] {taskinstance.py:1382} INFO - Executing <Task(PythonOperator): Stock_collection_1Y> on 2023-08-23 11:01:03.194505+00:00
[2023-08-23T12:15:50.260+0000] {standard_task_runner.py:57} INFO - Started process 18289 to run task
[2023-08-23T12:15:50.260+0000] {clientserver.py:543} INFO - Closing down clientserver connection
[2023-08-23T12:15:50.267+0000] {standard_task_runner.py:84} INFO - Running: ['airflow', 'tasks', 'run', 'vnstock-pipeline', 'Stock_collection_1Y', 'manual__2023-08-23T11:01:03.194505+00:00', '--job-id', '45', '--raw', '--subdir', 'DAGS_FOLDER/main.py', '--cfg-path', '/tmp/tmp17hc69nx']
[2023-08-23T12:15:50.267+0000] {standard_task_runner.py:85} INFO - Job 45: Subtask Stock_collection_1Y
[2023-08-23T12:15:50.304+0000] {task_command.py:415} INFO - Running <TaskInstance: vnstock-pipeline.Stock_collection_1Y manual__2023-08-23T11:01:03.194505+00:00 [running]> on host vnstock-pipeline-vm.us-central1-c.c.vnstock-pipeline.internal
[2023-08-23T12:15:50.353+0000] {taskinstance.py:1660} INFO - Exporting env vars: AIRFLOW_CTX_DAG_EMAIL='nguyentuanduong555@gmail.com' AIRFLOW_CTX_DAG_OWNER='Duong' AIRFLOW_CTX_DAG_ID='vnstock-pipeline' AIRFLOW_CTX_TASK_ID='Stock_collection_1Y' AIRFLOW_CTX_EXECUTION_DATE='2023-08-23T11:01:03.194505+00:00' AIRFLOW_CTX_TRY_NUMBER='2' AIRFLOW_CTX_DAG_RUN_ID='manual__2023-08-23T11:01:03.194505+00:00'
[2023-08-23T12:15:51.199+0000] {logging_mixin.py:151} INFO - 1606/1607_SSI
[2023-08-23T12:15:51.915+0000] {logging_mixin.py:151} INFO - 1605/1607_BCM
[2023-08-23T12:15:52.638+0000] {logging_mixin.py:151} INFO - 1604/1607_VHM
[2023-08-23T12:15:53.380+0000] {logging_mixin.py:151} INFO - 1603/1607_VIC
[2023-08-23T12:15:54.092+0000] {logging_mixin.py:151} INFO - 1602/1607_VRE
[2023-08-23T12:15:54.811+0000] {logging_mixin.py:151} INFO - 1601/1607_BVH
[2023-08-23T12:15:55.528+0000] {logging_mixin.py:151} INFO - 1600/1607_POW
[2023-08-23T12:15:56.248+0000] {logging_mixin.py:151} INFO - 1599/1607_GAS
[2023-08-23T12:15:56.965+0000] {logging_mixin.py:151} INFO - 1598/1607_ACB
[2023-08-23T12:15:57.673+0000] {logging_mixin.py:151} INFO - 1597/1607_BID
[2023-08-23T12:15:58.392+0000] {logging_mixin.py:151} INFO - 1596/1607_CTG
[2023-08-23T12:15:59.133+0000] {logging_mixin.py:151} INFO - 1595/1607_HDB
[2023-08-23T12:15:59.849+0000] {logging_mixin.py:151} INFO - 1594/1607_MBB
[2023-08-23T12:16:00.620+0000] {logging_mixin.py:151} INFO - 1593/1607_SSB
[2023-08-23T12:16:01.336+0000] {logging_mixin.py:151} INFO - 1592/1607_SHB
[2023-08-23T12:16:02.054+0000] {logging_mixin.py:151} INFO - 1591/1607_STB
[2023-08-23T12:16:02.791+0000] {logging_mixin.py:151} INFO - 1590/1607_TCB
[2023-08-23T12:16:03.504+0000] {logging_mixin.py:151} INFO - 1589/1607_TPB
[2023-08-23T12:16:04.234+0000] {logging_mixin.py:151} INFO - 1588/1607_VCB
[2023-08-23T12:16:04.954+0000] {logging_mixin.py:151} INFO - 1587/1607_VIB
[2023-08-23T12:16:05.668+0000] {logging_mixin.py:151} INFO - 1586/1607_VPB
[2023-08-23T12:16:06.381+0000] {logging_mixin.py:151} INFO - 1585/1607_HPG
[2023-08-23T12:16:07.096+0000] {logging_mixin.py:151} INFO - 1584/1607_GVR
[2023-08-23T12:16:07.807+0000] {logging_mixin.py:151} INFO - 1583/1607_MSN
[2023-08-23T12:16:08.522+0000] {logging_mixin.py:151} INFO - 1582/1607_VNM
[2023-08-23T12:16:09.246+0000] {logging_mixin.py:151} INFO - 1581/1607_SAB
[2023-08-23T12:16:09.961+0000] {logging_mixin.py:151} INFO - 1580/1607_VJC
[2023-08-23T12:16:10.681+0000] {logging_mixin.py:151} INFO - 1579/1607_MWG
[2023-08-23T12:16:11.395+0000] {logging_mixin.py:151} INFO - 1578/1607_PLX
[2023-08-23T12:16:12.108+0000] {logging_mixin.py:151} INFO - 1577/1607_FPT
[2023-08-23T12:16:12.819+0000] {logging_mixin.py:151} INFO - 1576/1607_MFS
[2023-08-23T12:16:13.528+0000] {logging_mixin.py:151} INFO - 1575/1607_ABC
[2023-08-23T12:16:14.238+0000] {logging_mixin.py:151} INFO - 1574/1607_VGI
[2023-08-23T12:16:14.953+0000] {logging_mixin.py:151} INFO - 1573/1607_FOX
[2023-08-23T12:16:15.663+0000] {logging_mixin.py:151} INFO - 1572/1607_PAI
[2023-08-23T12:16:16.373+0000] {logging_mixin.py:151} INFO - 1571/1607_PIA
[2023-08-23T12:16:17.086+0000] {logging_mixin.py:151} INFO - 1570/1607_PTP
[2023-08-23T12:16:17.797+0000] {logging_mixin.py:151} INFO - 1569/1607_TTN
[2023-08-23T12:16:18.513+0000] {logging_mixin.py:151} INFO - 1568/1607_FUCTVGF3
[2023-08-23T12:16:19.226+0000] {logging_mixin.py:151} INFO - 1567/1607_FUEIP100
[2023-08-23T12:16:19.947+0000] {logging_mixin.py:151} INFO - 1566/1607_FUEKIV30
[2023-08-23T12:16:20.658+0000] {logging_mixin.py:151} INFO - 1565/1607_FUCTVGF4
[2023-08-23T12:16:21.371+0000] {logging_mixin.py:151} INFO - 1564/1607_FUEDCMID
[2023-08-23T12:16:22.081+0000] {logging_mixin.py:151} INFO - 1563/1607_FUEKIVFS
[2023-08-23T12:16:22.800+0000] {logging_mixin.py:151} INFO - 1562/1607_FUEMAVND
[2023-08-23T12:16:23.505+0000] {logging_mixin.py:151} INFO - 1561/1607_FUEFCV50
[2023-08-23T12:16:24.216+0000] {logging_mixin.py:151} INFO - 1560/1607_FUEBFVND
[2023-08-23T12:16:24.949+0000] {logging_mixin.py:151} INFO - 1559/1607_FUESSV50
[2023-08-23T12:16:25.661+0000] {logging_mixin.py:151} INFO - 1558/1607_E1VFVN30
[2023-08-23T12:16:26.380+0000] {logging_mixin.py:151} INFO - 1557/1607_FUESSVFL
[2023-08-23T12:16:26.382+0000] {python.py:194} INFO - Done. Returned value was: Done
[2023-08-23T12:16:26.395+0000] {taskinstance.py:1400} INFO - Marking task as SUCCESS. dag_id=vnstock-pipeline, task_id=Stock_collection_1Y, execution_date=20230823T110103, start_date=20230823T121550, end_date=20230823T121626
[2023-08-23T12:16:26.442+0000] {local_task_job_runner.py:228} INFO - Task exited with return code 0
[2023-08-23T12:16:26.455+0000] {taskinstance.py:2784} INFO - 1 downstream tasks scheduled from follow-on schedule check
