[2023-08-23T11:13:39.785+0000] {taskinstance.py:1159} INFO - Dependencies all met for dep_context=non-requeueable deps ti=<TaskInstance: vnstock-pipeline.Stock_collection_1Y manual__2023-08-23T11:01:03.194505+00:00 [queued]>
[2023-08-23T11:13:39.790+0000] {taskinstance.py:1159} INFO - Dependencies all met for dep_context=requeueable deps ti=<TaskInstance: vnstock-pipeline.Stock_collection_1Y manual__2023-08-23T11:01:03.194505+00:00 [queued]>
[2023-08-23T11:13:39.790+0000] {taskinstance.py:1361} INFO - Starting attempt 1 of 4
[2023-08-23T11:13:39.801+0000] {taskinstance.py:1382} INFO - Executing <Task(PythonOperator): Stock_collection_1Y> on 2023-08-23 11:01:03.194505+00:00
[2023-08-23T11:13:39.805+0000] {standard_task_runner.py:57} INFO - Started process 12541 to run task
[2023-08-23T11:13:39.805+0000] {clientserver.py:543} INFO - Closing down clientserver connection
[2023-08-23T11:13:39.812+0000] {standard_task_runner.py:84} INFO - Running: ['airflow', 'tasks', 'run', 'vnstock-pipeline', 'Stock_collection_1Y', 'manual__2023-08-23T11:01:03.194505+00:00', '--job-id', '17', '--raw', '--subdir', 'DAGS_FOLDER/main.py', '--cfg-path', '/tmp/tmpno3qhgk8']
[2023-08-23T11:13:39.812+0000] {standard_task_runner.py:85} INFO - Job 17: Subtask Stock_collection_1Y
[2023-08-23T11:13:39.847+0000] {task_command.py:415} INFO - Running <TaskInstance: vnstock-pipeline.Stock_collection_1Y manual__2023-08-23T11:01:03.194505+00:00 [running]> on host vnstock-pipeline-vm.us-central1-c.c.vnstock-pipeline.internal
[2023-08-23T11:13:39.894+0000] {taskinstance.py:1660} INFO - Exporting env vars: AIRFLOW_CTX_DAG_EMAIL='nguyentuanduong555@gmail.com' AIRFLOW_CTX_DAG_OWNER='Duong' AIRFLOW_CTX_DAG_ID='vnstock-pipeline' AIRFLOW_CTX_TASK_ID='Stock_collection_1Y' AIRFLOW_CTX_EXECUTION_DATE='2023-08-23T11:01:03.194505+00:00' AIRFLOW_CTX_TRY_NUMBER='1' AIRFLOW_CTX_DAG_RUN_ID='manual__2023-08-23T11:01:03.194505+00:00'
[2023-08-23T11:13:40.826+0000] {logging_mixin.py:151} INFO - 1606/1607_SSI
[2023-08-23T11:13:41.539+0000] {logging_mixin.py:151} INFO - 1605/1607_BCM
[2023-08-23T11:13:42.249+0000] {logging_mixin.py:151} INFO - 1604/1607_VHM
[2023-08-23T11:13:42.962+0000] {logging_mixin.py:151} INFO - 1603/1607_VIC
[2023-08-23T11:13:43.671+0000] {logging_mixin.py:151} INFO - 1602/1607_VRE
[2023-08-23T11:13:44.883+0000] {logging_mixin.py:151} INFO - 1601/1607_BVH
[2023-08-23T11:13:45.598+0000] {logging_mixin.py:151} INFO - 1600/1607_POW
[2023-08-23T11:13:46.306+0000] {logging_mixin.py:151} INFO - 1599/1607_GAS
[2023-08-23T11:13:47.014+0000] {logging_mixin.py:151} INFO - 1598/1607_ACB
[2023-08-23T11:13:47.725+0000] {logging_mixin.py:151} INFO - 1597/1607_BID
[2023-08-23T11:13:48.436+0000] {logging_mixin.py:151} INFO - 1596/1607_CTG
[2023-08-23T11:13:49.152+0000] {logging_mixin.py:151} INFO - 1595/1607_HDB
[2023-08-23T11:13:49.862+0000] {logging_mixin.py:151} INFO - 1594/1607_MBB
[2023-08-23T11:13:50.574+0000] {logging_mixin.py:151} INFO - 1593/1607_SSB
[2023-08-23T11:13:51.282+0000] {logging_mixin.py:151} INFO - 1592/1607_SHB
[2023-08-23T11:13:51.999+0000] {logging_mixin.py:151} INFO - 1591/1607_STB
[2023-08-23T11:13:52.709+0000] {logging_mixin.py:151} INFO - 1590/1607_TCB
[2023-08-23T11:13:53.424+0000] {logging_mixin.py:151} INFO - 1589/1607_TPB
[2023-08-23T11:13:54.142+0000] {logging_mixin.py:151} INFO - 1588/1607_VCB
[2023-08-23T11:13:54.872+0000] {logging_mixin.py:151} INFO - 1587/1607_VIB
[2023-08-23T11:13:55.579+0000] {logging_mixin.py:151} INFO - 1586/1607_VPB
[2023-08-23T11:13:56.297+0000] {logging_mixin.py:151} INFO - 1585/1607_HPG
[2023-08-23T11:13:57.005+0000] {logging_mixin.py:151} INFO - 1584/1607_GVR
[2023-08-23T11:13:57.720+0000] {logging_mixin.py:151} INFO - 1583/1607_MSN
[2023-08-23T11:13:58.438+0000] {logging_mixin.py:151} INFO - 1582/1607_VNM
[2023-08-23T11:13:59.148+0000] {logging_mixin.py:151} INFO - 1581/1607_SAB
[2023-08-23T11:13:59.861+0000] {logging_mixin.py:151} INFO - 1580/1607_VJC
[2023-08-23T11:14:00.578+0000] {logging_mixin.py:151} INFO - 1579/1607_MWG
[2023-08-23T11:14:01.291+0000] {logging_mixin.py:151} INFO - 1578/1607_PLX
[2023-08-23T11:14:02.006+0000] {logging_mixin.py:151} INFO - 1577/1607_FPT
[2023-08-23T11:14:02.716+0000] {logging_mixin.py:151} INFO - 1576/1607_MFS
[2023-08-23T11:14:03.442+0000] {logging_mixin.py:151} INFO - 1575/1607_ABC
[2023-08-23T11:14:04.154+0000] {logging_mixin.py:151} INFO - 1574/1607_VGI
[2023-08-23T11:14:04.864+0000] {logging_mixin.py:151} INFO - 1573/1607_FOX
[2023-08-23T11:14:05.573+0000] {logging_mixin.py:151} INFO - 1572/1607_PAI
[2023-08-23T11:14:06.288+0000] {logging_mixin.py:151} INFO - 1571/1607_PIA
[2023-08-23T11:14:06.995+0000] {logging_mixin.py:151} INFO - 1570/1607_PTP
[2023-08-23T11:14:07.704+0000] {logging_mixin.py:151} INFO - 1569/1607_TTN
[2023-08-23T11:14:08.411+0000] {logging_mixin.py:151} INFO - 1568/1607_FUCTVGF3
[2023-08-23T11:14:09.120+0000] {logging_mixin.py:151} INFO - 1567/1607_FUEIP100
[2023-08-23T11:14:09.832+0000] {logging_mixin.py:151} INFO - 1566/1607_FUEKIV30
[2023-08-23T11:14:10.542+0000] {logging_mixin.py:151} INFO - 1565/1607_FUCTVGF4
[2023-08-23T11:14:11.255+0000] {logging_mixin.py:151} INFO - 1564/1607_FUEDCMID
[2023-08-23T11:14:11.972+0000] {logging_mixin.py:151} INFO - 1563/1607_FUEKIVFS
[2023-08-23T11:14:12.681+0000] {logging_mixin.py:151} INFO - 1562/1607_FUEMAVND
[2023-08-23T11:14:13.388+0000] {logging_mixin.py:151} INFO - 1561/1607_FUEFCV50
[2023-08-23T11:14:14.102+0000] {logging_mixin.py:151} INFO - 1560/1607_FUEBFVND
[2023-08-23T11:14:14.814+0000] {logging_mixin.py:151} INFO - 1559/1607_FUESSV50
[2023-08-23T11:14:15.539+0000] {logging_mixin.py:151} INFO - 1558/1607_E1VFVN30
[2023-08-23T11:14:16.250+0000] {logging_mixin.py:151} INFO - 1557/1607_FUESSVFL
[2023-08-23T11:14:16.253+0000] {python.py:194} INFO - Done. Returned value was: Done
[2023-08-23T11:14:16.266+0000] {taskinstance.py:1400} INFO - Marking task as SUCCESS. dag_id=vnstock-pipeline, task_id=Stock_collection_1Y, execution_date=20230823T110103, start_date=20230823T111339, end_date=20230823T111416
[2023-08-23T11:14:16.298+0000] {local_task_job_runner.py:228} INFO - Task exited with return code 0
[2023-08-23T11:14:16.311+0000] {taskinstance.py:2784} INFO - 1 downstream tasks scheduled from follow-on schedule check
