[2023-08-24T03:46:08.279+0000] {taskinstance.py:1159} INFO - Dependencies all met for dep_context=non-requeueable deps ti=<TaskInstance: vnstock-pipeline.Stock_collection_1Y manual__2023-08-23T11:01:03.194505+00:00 [queued]>
[2023-08-24T03:46:08.284+0000] {taskinstance.py:1159} INFO - Dependencies all met for dep_context=requeueable deps ti=<TaskInstance: vnstock-pipeline.Stock_collection_1Y manual__2023-08-23T11:01:03.194505+00:00 [queued]>
[2023-08-24T03:46:08.284+0000] {taskinstance.py:1361} INFO - Starting attempt 3 of 6
[2023-08-24T03:46:08.296+0000] {taskinstance.py:1382} INFO - Executing <Task(PythonOperator): Stock_collection_1Y> on 2023-08-23 11:01:03.194505+00:00
[2023-08-24T03:46:08.300+0000] {standard_task_runner.py:57} INFO - Started process 27655 to run task
[2023-08-24T03:46:08.300+0000] {clientserver.py:543} INFO - Closing down clientserver connection
[2023-08-24T03:46:08.307+0000] {standard_task_runner.py:84} INFO - Running: ['airflow', 'tasks', 'run', 'vnstock-pipeline', 'Stock_collection_1Y', 'manual__2023-08-23T11:01:03.194505+00:00', '--job-id', '57', '--raw', '--subdir', 'DAGS_FOLDER/main.py', '--cfg-path', '/tmp/tmpb4h701u1']
[2023-08-24T03:46:08.308+0000] {standard_task_runner.py:85} INFO - Job 57: Subtask Stock_collection_1Y
[2023-08-24T03:46:08.341+0000] {task_command.py:415} INFO - Running <TaskInstance: vnstock-pipeline.Stock_collection_1Y manual__2023-08-23T11:01:03.194505+00:00 [running]> on host vnstock-pipeline-vm.us-central1-c.c.vnstock-pipeline.internal
[2023-08-24T03:46:08.396+0000] {taskinstance.py:1660} INFO - Exporting env vars: AIRFLOW_CTX_DAG_EMAIL='nguyentuanduong555@gmail.com' AIRFLOW_CTX_DAG_OWNER='Duong' AIRFLOW_CTX_DAG_ID='vnstock-pipeline' AIRFLOW_CTX_TASK_ID='Stock_collection_1Y' AIRFLOW_CTX_EXECUTION_DATE='2023-08-23T11:01:03.194505+00:00' AIRFLOW_CTX_TRY_NUMBER='3' AIRFLOW_CTX_DAG_RUN_ID='manual__2023-08-23T11:01:03.194505+00:00'
[2023-08-24T03:46:09.347+0000] {logging_mixin.py:151} INFO - 1606/1607_SSI
[2023-08-24T03:46:10.047+0000] {logging_mixin.py:151} INFO - 1605/1607_BCM
[2023-08-24T03:46:10.745+0000] {logging_mixin.py:151} INFO - 1604/1607_VHM
[2023-08-24T03:46:11.438+0000] {logging_mixin.py:151} INFO - 1603/1607_VIC
[2023-08-24T03:46:12.137+0000] {logging_mixin.py:151} INFO - 1602/1607_VRE
[2023-08-24T03:46:12.827+0000] {logging_mixin.py:151} INFO - 1601/1607_BVH
[2023-08-24T03:46:13.536+0000] {logging_mixin.py:151} INFO - 1600/1607_POW
[2023-08-24T03:46:14.258+0000] {logging_mixin.py:151} INFO - 1599/1607_GAS
[2023-08-24T03:46:15.198+0000] {logging_mixin.py:151} INFO - 1598/1607_ACB
[2023-08-24T03:46:15.883+0000] {logging_mixin.py:151} INFO - 1597/1607_BID
[2023-08-24T03:46:16.601+0000] {logging_mixin.py:151} INFO - 1596/1607_CTG
[2023-08-24T03:46:17.293+0000] {logging_mixin.py:151} INFO - 1595/1607_HDB
[2023-08-24T03:46:17.986+0000] {logging_mixin.py:151} INFO - 1594/1607_MBB
[2023-08-24T03:46:18.678+0000] {logging_mixin.py:151} INFO - 1593/1607_SSB
[2023-08-24T03:46:19.368+0000] {logging_mixin.py:151} INFO - 1592/1607_SHB
[2023-08-24T03:46:20.061+0000] {logging_mixin.py:151} INFO - 1591/1607_STB
[2023-08-24T03:46:20.754+0000] {logging_mixin.py:151} INFO - 1590/1607_TCB
[2023-08-24T03:46:21.442+0000] {logging_mixin.py:151} INFO - 1589/1607_TPB
[2023-08-24T03:46:22.143+0000] {logging_mixin.py:151} INFO - 1588/1607_VCB
[2023-08-24T03:46:22.837+0000] {logging_mixin.py:151} INFO - 1587/1607_VIB
[2023-08-24T03:46:23.534+0000] {logging_mixin.py:151} INFO - 1586/1607_VPB
[2023-08-24T03:46:24.221+0000] {logging_mixin.py:151} INFO - 1585/1607_HPG
[2023-08-24T03:46:24.913+0000] {logging_mixin.py:151} INFO - 1584/1607_GVR
[2023-08-24T03:46:25.597+0000] {logging_mixin.py:151} INFO - 1583/1607_MSN
[2023-08-24T03:46:26.292+0000] {logging_mixin.py:151} INFO - 1582/1607_VNM
[2023-08-24T03:46:26.986+0000] {logging_mixin.py:151} INFO - 1581/1607_SAB
[2023-08-24T03:46:27.676+0000] {logging_mixin.py:151} INFO - 1580/1607_VJC
[2023-08-24T03:46:28.366+0000] {logging_mixin.py:151} INFO - 1579/1607_MWG
[2023-08-24T03:46:29.061+0000] {logging_mixin.py:151} INFO - 1578/1607_PLX
[2023-08-24T03:46:29.752+0000] {logging_mixin.py:151} INFO - 1577/1607_FPT
[2023-08-24T03:46:30.437+0000] {logging_mixin.py:151} INFO - 1576/1607_MFS
[2023-08-24T03:46:31.122+0000] {logging_mixin.py:151} INFO - 1575/1607_ABC
[2023-08-24T03:46:31.821+0000] {logging_mixin.py:151} INFO - 1574/1607_VGI
[2023-08-24T03:46:32.510+0000] {logging_mixin.py:151} INFO - 1573/1607_FOX
[2023-08-24T03:46:33.189+0000] {logging_mixin.py:151} INFO - 1572/1607_PAI
[2023-08-24T03:46:33.876+0000] {logging_mixin.py:151} INFO - 1571/1607_PIA
[2023-08-24T03:46:34.561+0000] {logging_mixin.py:151} INFO - 1570/1607_PTP
[2023-08-24T03:46:35.260+0000] {logging_mixin.py:151} INFO - 1569/1607_TTN
[2023-08-24T03:46:35.946+0000] {logging_mixin.py:151} INFO - 1568/1607_FUCTVGF3
[2023-08-24T03:46:36.643+0000] {logging_mixin.py:151} INFO - 1567/1607_FUEIP100
[2023-08-24T03:46:37.337+0000] {logging_mixin.py:151} INFO - 1566/1607_FUEKIV30
[2023-08-24T03:46:38.026+0000] {logging_mixin.py:151} INFO - 1565/1607_FUCTVGF4
[2023-08-24T03:46:38.717+0000] {logging_mixin.py:151} INFO - 1564/1607_FUEDCMID
[2023-08-24T03:46:39.410+0000] {logging_mixin.py:151} INFO - 1563/1607_FUEKIVFS
[2023-08-24T03:46:40.098+0000] {logging_mixin.py:151} INFO - 1562/1607_FUEMAVND
[2023-08-24T03:46:40.786+0000] {logging_mixin.py:151} INFO - 1561/1607_FUEFCV50
[2023-08-24T03:46:41.474+0000] {logging_mixin.py:151} INFO - 1560/1607_FUEBFVND
[2023-08-24T03:46:42.162+0000] {logging_mixin.py:151} INFO - 1559/1607_FUESSV50
[2023-08-24T03:46:42.848+0000] {logging_mixin.py:151} INFO - 1558/1607_E1VFVN30
[2023-08-24T03:46:43.539+0000] {logging_mixin.py:151} INFO - 1557/1607_FUESSVFL
[2023-08-24T03:46:43.541+0000] {python.py:194} INFO - Done. Returned value was: Done
[2023-08-24T03:46:43.554+0000] {taskinstance.py:1400} INFO - Marking task as SUCCESS. dag_id=vnstock-pipeline, task_id=Stock_collection_1Y, execution_date=20230823T110103, start_date=20230824T034608, end_date=20230824T034643
[2023-08-24T03:46:43.576+0000] {local_task_job_runner.py:228} INFO - Task exited with return code 0
[2023-08-24T03:46:43.585+0000] {taskinstance.py:2784} INFO - 0 downstream tasks scheduled from follow-on schedule check
