[2023-08-24T03:30:25.181+0000] {processor.py:157} INFO - Started process (PID=25326) to work on /home/nguyentuanduong7/airflow/src/dags/main.py
[2023-08-24T03:30:25.182+0000] {processor.py:829} INFO - Processing file /home/nguyentuanduong7/airflow/src/dags/main.py for tasks to queue
[2023-08-24T03:30:25.183+0000] {logging_mixin.py:151} INFO - [2023-08-24T03:30:25.182+0000] {dagbag.py:539} INFO - Filling up the DagBag from /home/nguyentuanduong7/airflow/src/dags/main.py
[2023-08-24T03:30:27.030+0000] {logging_mixin.py:151} INFO - publish message id 8272201055580991
[2023-08-24T03:30:27.073+0000] {logging_mixin.py:151} INFO - publish message id 8272448435212592
[2023-08-24T03:30:27.073+0000] {logging_mixin.py:151} INFO - 2022-08-24
[2023-08-24T03:30:27.074+0000] {logging_mixin.py:151} INFO - 2023-08-24
[2023-08-24T03:30:27.161+0000] {logging_mixin.py:151} INFO - 2022-08-24
[2023-08-24T03:30:27.162+0000] {logging_mixin.py:151} INFO - 2023-08-24
[2023-08-24T03:30:40.103+0000] {processor.py:839} INFO - DAG(s) dict_keys(['vnstock-pipeline']) retrieved from /home/nguyentuanduong7/airflow/src/dags/main.py
[2023-08-24T03:30:40.132+0000] {logging_mixin.py:151} INFO - [2023-08-24T03:30:40.131+0000] {dag.py:2907} INFO - Sync 1 DAGs
[2023-08-24T03:30:40.157+0000] {logging_mixin.py:151} INFO - [2023-08-24T03:30:40.156+0000] {dag.py:3677} INFO - Setting next_dagrun for vnstock-pipeline to 2023-08-23T07:00:00+00:00, run_after=2023-08-24T07:00:00+00:00
[2023-08-24T03:30:40.185+0000] {processor.py:179} INFO - Processing /home/nguyentuanduong7/airflow/src/dags/main.py took 15.008 seconds
[2023-08-24T03:44:31.566+0000] {processor.py:157} INFO - Started process (PID=27160) to work on /home/nguyentuanduong7/airflow/src/dags/main.py
[2023-08-24T03:44:31.573+0000] {processor.py:829} INFO - Processing file /home/nguyentuanduong7/airflow/src/dags/main.py for tasks to queue
[2023-08-24T03:44:31.574+0000] {logging_mixin.py:151} INFO - [2023-08-24T03:44:31.574+0000] {dagbag.py:539} INFO - Filling up the DagBag from /home/nguyentuanduong7/airflow/src/dags/main.py
[2023-08-24T03:44:33.610+0000] {logging_mixin.py:151} INFO - publish message id 8274639225705319
[2023-08-24T03:44:33.799+0000] {logging_mixin.py:151} INFO - publish message id 8272556637209564
[2023-08-24T03:44:33.800+0000] {logging_mixin.py:151} INFO - 2022-08-24
[2023-08-24T03:44:33.800+0000] {logging_mixin.py:151} INFO - 2023-08-24
[2023-08-24T03:44:33.839+0000] {logging_mixin.py:151} INFO - 2022-08-24
[2023-08-24T03:44:33.840+0000] {logging_mixin.py:151} INFO - 2023-08-24
[2023-08-24T03:44:47.463+0000] {processor.py:839} INFO - DAG(s) dict_keys(['vnstock-pipeline']) retrieved from /home/nguyentuanduong7/airflow/src/dags/main.py
[2023-08-24T03:44:47.575+0000] {logging_mixin.py:151} INFO - [2023-08-24T03:44:47.574+0000] {dag.py:2907} INFO - Sync 1 DAGs
[2023-08-24T03:44:47.590+0000] {logging_mixin.py:151} INFO - [2023-08-24T03:44:47.590+0000] {dag.py:3677} INFO - Setting next_dagrun for vnstock-pipeline to 2023-08-23T07:00:00+00:00, run_after=2023-08-24T07:00:00+00:00
[2023-08-24T03:44:47.613+0000] {processor.py:179} INFO - Processing /home/nguyentuanduong7/airflow/src/dags/main.py took 16.050 seconds
[2023-08-24T03:49:09.862+0000] {processor.py:157} INFO - Started process (PID=28092) to work on /home/nguyentuanduong7/airflow/src/dags/main.py
[2023-08-24T03:49:09.867+0000] {processor.py:829} INFO - Processing file /home/nguyentuanduong7/airflow/src/dags/main.py for tasks to queue
[2023-08-24T03:49:09.868+0000] {logging_mixin.py:151} INFO - [2023-08-24T03:49:09.867+0000] {dagbag.py:539} INFO - Filling up the DagBag from /home/nguyentuanduong7/airflow/src/dags/main.py
[2023-08-24T03:49:11.654+0000] {logging_mixin.py:151} INFO - publish message id 8273023791727788
[2023-08-24T03:49:11.711+0000] {logging_mixin.py:151} INFO - publish message id 8271785147900392
[2023-08-24T03:49:11.712+0000] {logging_mixin.py:151} INFO - 2022-08-24
[2023-08-24T03:49:11.712+0000] {logging_mixin.py:151} INFO - 2023-08-24
[2023-08-24T03:49:11.752+0000] {logging_mixin.py:151} INFO - 2022-08-24
[2023-08-24T03:49:11.752+0000] {logging_mixin.py:151} INFO - 2023-08-24
[2023-08-24T03:49:25.981+0000] {processor.py:839} INFO - DAG(s) dict_keys(['vnstock-pipeline']) retrieved from /home/nguyentuanduong7/airflow/src/dags/main.py
[2023-08-24T03:49:26.102+0000] {logging_mixin.py:151} INFO - [2023-08-24T03:49:26.102+0000] {dag.py:2907} INFO - Sync 1 DAGs
[2023-08-24T03:49:26.118+0000] {logging_mixin.py:151} INFO - [2023-08-24T03:49:26.118+0000] {dag.py:3677} INFO - Setting next_dagrun for vnstock-pipeline to 2023-08-23T07:00:00+00:00, run_after=2023-08-24T07:00:00+00:00
[2023-08-24T03:49:26.139+0000] {processor.py:179} INFO - Processing /home/nguyentuanduong7/airflow/src/dags/main.py took 16.280 seconds
[2023-08-24T03:52:25.140+0000] {processor.py:157} INFO - Started process (PID=28793) to work on /home/nguyentuanduong7/airflow/src/dags/main.py
[2023-08-24T03:52:25.144+0000] {processor.py:829} INFO - Processing file /home/nguyentuanduong7/airflow/src/dags/main.py for tasks to queue
[2023-08-24T03:52:25.144+0000] {logging_mixin.py:151} INFO - [2023-08-24T03:52:25.144+0000] {dagbag.py:539} INFO - Filling up the DagBag from /home/nguyentuanduong7/airflow/src/dags/main.py
[2023-08-24T03:52:26.977+0000] {logging_mixin.py:151} INFO - publish message id 8272419438553659
[2023-08-24T03:52:27.022+0000] {logging_mixin.py:151} INFO - publish message id 8273136202891972
[2023-08-24T03:52:27.023+0000] {logging_mixin.py:151} INFO - 2022-08-24
[2023-08-24T03:52:27.023+0000] {logging_mixin.py:151} INFO - 2023-08-24
[2023-08-24T03:52:27.062+0000] {logging_mixin.py:151} INFO - 2022-08-24
[2023-08-24T03:52:27.062+0000] {logging_mixin.py:151} INFO - 2023-08-24
[2023-08-24T03:52:40.383+0000] {processor.py:839} INFO - DAG(s) dict_keys(['vnstock-pipeline']) retrieved from /home/nguyentuanduong7/airflow/src/dags/main.py
[2023-08-24T03:52:40.515+0000] {logging_mixin.py:151} INFO - [2023-08-24T03:52:40.515+0000] {dag.py:2907} INFO - Sync 1 DAGs
[2023-08-24T03:52:40.530+0000] {logging_mixin.py:151} INFO - [2023-08-24T03:52:40.530+0000] {dag.py:3677} INFO - Setting next_dagrun for vnstock-pipeline to 2023-08-23T07:00:00+00:00, run_after=2023-08-24T07:00:00+00:00
[2023-08-24T03:52:40.553+0000] {processor.py:179} INFO - Processing /home/nguyentuanduong7/airflow/src/dags/main.py took 15.416 seconds
[2023-08-24T04:00:41.269+0000] {processor.py:157} INFO - Started process (PID=31161) to work on /home/nguyentuanduong7/airflow/src/dags/main.py
[2023-08-24T04:00:41.273+0000] {processor.py:829} INFO - Processing file /home/nguyentuanduong7/airflow/src/dags/main.py for tasks to queue
[2023-08-24T04:00:41.274+0000] {logging_mixin.py:151} INFO - [2023-08-24T04:00:41.274+0000] {dagbag.py:539} INFO - Filling up the DagBag from /home/nguyentuanduong7/airflow/src/dags/main.py
[2023-08-24T04:00:42.838+0000] {logging_mixin.py:151} INFO - publish message id 9402271860265862
[2023-08-24T04:00:42.878+0000] {logging_mixin.py:151} INFO - publish message id 8273268480259330
[2023-08-24T04:00:42.879+0000] {logging_mixin.py:151} INFO - 2022-08-24
[2023-08-24T04:00:42.879+0000] {logging_mixin.py:151} INFO - 2023-08-24
[2023-08-24T04:00:42.918+0000] {logging_mixin.py:151} INFO - 2022-08-24
[2023-08-24T04:00:42.918+0000] {logging_mixin.py:151} INFO - 2023-08-24
[2023-08-24T04:00:56.719+0000] {processor.py:839} INFO - DAG(s) dict_keys(['vnstock-pipeline']) retrieved from /home/nguyentuanduong7/airflow/src/dags/main.py
[2023-08-24T04:00:56.743+0000] {logging_mixin.py:151} INFO - [2023-08-24T04:00:56.742+0000] {dag.py:2907} INFO - Sync 1 DAGs
[2023-08-24T04:00:56.787+0000] {logging_mixin.py:151} INFO - [2023-08-24T04:00:56.786+0000] {dag.py:3677} INFO - Setting next_dagrun for vnstock-pipeline to 2023-08-23T07:00:00+00:00, run_after=2023-08-24T07:00:00+00:00
[2023-08-24T04:00:56.810+0000] {processor.py:179} INFO - Processing /home/nguyentuanduong7/airflow/src/dags/main.py took 15.544 seconds
[2023-08-24T04:07:10.303+0000] {processor.py:157} INFO - Started process (PID=33123) to work on /home/nguyentuanduong7/airflow/src/dags/main.py
[2023-08-24T04:07:10.308+0000] {processor.py:829} INFO - Processing file /home/nguyentuanduong7/airflow/src/dags/main.py for tasks to queue
[2023-08-24T04:07:10.309+0000] {logging_mixin.py:151} INFO - [2023-08-24T04:07:10.309+0000] {dagbag.py:539} INFO - Filling up the DagBag from /home/nguyentuanduong7/airflow/src/dags/main.py
[2023-08-24T04:07:12.265+0000] {logging_mixin.py:151} INFO - publish message id 9402365838838915
[2023-08-24T04:07:12.303+0000] {logging_mixin.py:151} INFO - publish message id 8272675732857080
[2023-08-24T04:07:12.304+0000] {logging_mixin.py:151} INFO - 2022-08-24
[2023-08-24T04:07:12.304+0000] {logging_mixin.py:151} INFO - 2023-08-24
[2023-08-24T04:07:12.343+0000] {logging_mixin.py:151} INFO - 2022-08-24
[2023-08-24T04:07:12.344+0000] {logging_mixin.py:151} INFO - 2023-08-24
[2023-08-24T04:07:25.246+0000] {processor.py:839} INFO - DAG(s) dict_keys(['vnstock-pipeline']) retrieved from /home/nguyentuanduong7/airflow/src/dags/main.py
[2023-08-24T04:07:25.272+0000] {logging_mixin.py:151} INFO - [2023-08-24T04:07:25.271+0000] {dag.py:2907} INFO - Sync 1 DAGs
[2023-08-24T04:07:25.300+0000] {logging_mixin.py:151} INFO - [2023-08-24T04:07:25.300+0000] {dag.py:3677} INFO - Setting next_dagrun for vnstock-pipeline to 2023-08-23T07:00:00+00:00, run_after=2023-08-24T07:00:00+00:00
[2023-08-24T04:07:25.327+0000] {processor.py:179} INFO - Processing /home/nguyentuanduong7/airflow/src/dags/main.py took 15.027 seconds
[2023-08-24T04:16:52.297+0000] {processor.py:157} INFO - Started process (PID=35423) to work on /home/nguyentuanduong7/airflow/src/dags/main.py
[2023-08-24T04:16:52.307+0000] {processor.py:829} INFO - Processing file /home/nguyentuanduong7/airflow/src/dags/main.py for tasks to queue
[2023-08-24T04:16:52.308+0000] {logging_mixin.py:151} INFO - [2023-08-24T04:16:52.308+0000] {dagbag.py:539} INFO - Filling up the DagBag from /home/nguyentuanduong7/airflow/src/dags/main.py
[2023-08-24T04:16:54.283+0000] {logging_mixin.py:151} INFO - publish message id 8272662610274315
[2023-08-24T04:16:54.332+0000] {logging_mixin.py:151} INFO - publish message id 8271893181941698
[2023-08-24T04:16:54.334+0000] {logging_mixin.py:151} INFO - 2022-08-24
[2023-08-24T04:16:54.335+0000] {logging_mixin.py:151} INFO - 2023-08-24
[2023-08-24T04:16:54.374+0000] {logging_mixin.py:151} INFO - 2022-08-24
[2023-08-24T04:16:54.374+0000] {logging_mixin.py:151} INFO - 2023-08-24
[2023-08-24T04:17:07.655+0000] {processor.py:839} INFO - DAG(s) dict_keys(['vnstock-pipeline']) retrieved from /home/nguyentuanduong7/airflow/src/dags/main.py
[2023-08-24T04:17:07.677+0000] {logging_mixin.py:151} INFO - [2023-08-24T04:17:07.676+0000] {dag.py:2907} INFO - Sync 1 DAGs
[2023-08-24T04:17:07.693+0000] {logging_mixin.py:151} INFO - [2023-08-24T04:17:07.693+0000] {dag.py:3677} INFO - Setting next_dagrun for vnstock-pipeline to 2023-08-23T07:00:00+00:00, run_after=2023-08-24T07:00:00+00:00
[2023-08-24T04:17:07.712+0000] {processor.py:179} INFO - Processing /home/nguyentuanduong7/airflow/src/dags/main.py took 15.418 seconds
[2023-08-24T04:19:55.986+0000] {processor.py:157} INFO - Started process (PID=36813) to work on /home/nguyentuanduong7/airflow/src/dags/main.py
[2023-08-24T04:19:55.992+0000] {processor.py:829} INFO - Processing file /home/nguyentuanduong7/airflow/src/dags/main.py for tasks to queue
[2023-08-24T04:19:55.993+0000] {logging_mixin.py:151} INFO - [2023-08-24T04:19:55.992+0000] {dagbag.py:539} INFO - Filling up the DagBag from /home/nguyentuanduong7/airflow/src/dags/main.py
[2023-08-24T04:19:57.575+0000] {logging_mixin.py:151} INFO - publish message id 8273428487807994
[2023-08-24T04:19:57.610+0000] {logging_mixin.py:151} INFO - publish message id 9402015484347012
[2023-08-24T04:19:57.611+0000] {logging_mixin.py:151} INFO - 2022-08-24
[2023-08-24T04:19:57.611+0000] {logging_mixin.py:151} INFO - 2023-08-24
[2023-08-24T04:19:57.650+0000] {logging_mixin.py:151} INFO - 2022-08-24
[2023-08-24T04:19:57.650+0000] {logging_mixin.py:151} INFO - 2023-08-24
[2023-08-24T04:20:10.718+0000] {processor.py:839} INFO - DAG(s) dict_keys(['vnstock-pipeline']) retrieved from /home/nguyentuanduong7/airflow/src/dags/main.py
[2023-08-24T04:20:10.735+0000] {logging_mixin.py:151} INFO - [2023-08-24T04:20:10.735+0000] {dag.py:2907} INFO - Sync 1 DAGs
[2023-08-24T04:20:10.752+0000] {logging_mixin.py:151} INFO - [2023-08-24T04:20:10.752+0000] {dag.py:3677} INFO - Setting next_dagrun for vnstock-pipeline to 2023-08-23T07:00:00+00:00, run_after=2023-08-24T07:00:00+00:00
[2023-08-24T04:20:10.775+0000] {processor.py:179} INFO - Processing /home/nguyentuanduong7/airflow/src/dags/main.py took 14.792 seconds
[2023-08-24T04:21:24.862+0000] {processor.py:157} INFO - Started process (PID=37445) to work on /home/nguyentuanduong7/airflow/src/dags/main.py
[2023-08-24T04:21:24.866+0000] {processor.py:829} INFO - Processing file /home/nguyentuanduong7/airflow/src/dags/main.py for tasks to queue
[2023-08-24T04:21:24.867+0000] {logging_mixin.py:151} INFO - [2023-08-24T04:21:24.866+0000] {dagbag.py:539} INFO - Filling up the DagBag from /home/nguyentuanduong7/airflow/src/dags/main.py
[2023-08-24T04:21:26.688+0000] {logging_mixin.py:151} INFO - publish message id 9402224940945028
[2023-08-24T04:21:26.723+0000] {logging_mixin.py:151} INFO - publish message id 8273129812793396
[2023-08-24T04:21:26.724+0000] {logging_mixin.py:151} INFO - 2022-08-24
[2023-08-24T04:21:26.724+0000] {logging_mixin.py:151} INFO - 2023-08-24
[2023-08-24T04:21:26.769+0000] {logging_mixin.py:151} INFO - 2022-08-24
[2023-08-24T04:21:26.770+0000] {logging_mixin.py:151} INFO - 2023-08-24
[2023-08-24T04:21:40.451+0000] {processor.py:839} INFO - DAG(s) dict_keys(['vnstock-pipeline']) retrieved from /home/nguyentuanduong7/airflow/src/dags/main.py
[2023-08-24T04:21:40.479+0000] {logging_mixin.py:151} INFO - [2023-08-24T04:21:40.478+0000] {dag.py:2907} INFO - Sync 1 DAGs
[2023-08-24T04:21:40.504+0000] {logging_mixin.py:151} INFO - [2023-08-24T04:21:40.504+0000] {dag.py:3677} INFO - Setting next_dagrun for vnstock-pipeline to 2023-08-23T07:00:00+00:00, run_after=2023-08-24T07:00:00+00:00
[2023-08-24T04:21:40.533+0000] {processor.py:179} INFO - Processing /home/nguyentuanduong7/airflow/src/dags/main.py took 15.675 seconds
[2023-08-24T04:26:03.015+0000] {processor.py:157} INFO - Started process (PID=39249) to work on /home/nguyentuanduong7/airflow/src/dags/main.py
[2023-08-24T04:26:03.020+0000] {processor.py:829} INFO - Processing file /home/nguyentuanduong7/airflow/src/dags/main.py for tasks to queue
[2023-08-24T04:26:03.021+0000] {logging_mixin.py:151} INFO - [2023-08-24T04:26:03.021+0000] {dagbag.py:539} INFO - Filling up the DagBag from /home/nguyentuanduong7/airflow/src/dags/main.py
[2023-08-24T04:26:04.678+0000] {logging_mixin.py:151} INFO - publish message id 8272285526963759
[2023-08-24T04:26:04.715+0000] {logging_mixin.py:151} INFO - publish message id 8272364652917995
[2023-08-24T04:26:04.716+0000] {logging_mixin.py:151} INFO - 2022-08-24
[2023-08-24T04:26:04.716+0000] {logging_mixin.py:151} INFO - 2023-08-24
[2023-08-24T04:26:04.756+0000] {logging_mixin.py:151} INFO - 2022-08-24
[2023-08-24T04:26:04.757+0000] {logging_mixin.py:151} INFO - 2023-08-24
[2023-08-24T04:26:18.766+0000] {processor.py:839} INFO - DAG(s) dict_keys(['vnstock-pipeline']) retrieved from /home/nguyentuanduong7/airflow/src/dags/main.py
[2023-08-24T04:26:18.870+0000] {logging_mixin.py:151} INFO - [2023-08-24T04:26:18.869+0000] {dag.py:2907} INFO - Sync 1 DAGs
[2023-08-24T04:26:19.022+0000] {logging_mixin.py:151} INFO - [2023-08-24T04:26:19.021+0000] {dag.py:3677} INFO - Setting next_dagrun for vnstock-pipeline to 2023-08-23T07:00:00+00:00, run_after=2023-08-24T07:00:00+00:00
[2023-08-24T04:26:19.042+0000] {processor.py:179} INFO - Processing /home/nguyentuanduong7/airflow/src/dags/main.py took 16.030 seconds
[2023-08-24T04:30:03.094+0000] {processor.py:157} INFO - Started process (PID=40479) to work on /home/nguyentuanduong7/airflow/src/dags/main.py
[2023-08-24T04:30:03.101+0000] {processor.py:829} INFO - Processing file /home/nguyentuanduong7/airflow/src/dags/main.py for tasks to queue
[2023-08-24T04:30:03.102+0000] {logging_mixin.py:151} INFO - [2023-08-24T04:30:03.102+0000] {dagbag.py:539} INFO - Filling up the DagBag from /home/nguyentuanduong7/airflow/src/dags/main.py
[2023-08-24T04:30:04.713+0000] {logging_mixin.py:151} INFO - publish message id 8272521799624226
[2023-08-24T04:30:04.770+0000] {logging_mixin.py:151} INFO - publish message id 8273042912889314
[2023-08-24T04:30:04.770+0000] {logging_mixin.py:151} INFO - 2022-08-24
[2023-08-24T04:30:04.771+0000] {logging_mixin.py:151} INFO - 2023-08-24
[2023-08-24T04:30:04.818+0000] {logging_mixin.py:151} INFO - 2022-08-24
[2023-08-24T04:30:04.819+0000] {logging_mixin.py:151} INFO - 2023-08-24
[2023-08-24T04:30:17.522+0000] {processor.py:839} INFO - DAG(s) dict_keys(['vnstock-pipeline']) retrieved from /home/nguyentuanduong7/airflow/src/dags/main.py
[2023-08-24T04:30:17.543+0000] {logging_mixin.py:151} INFO - [2023-08-24T04:30:17.542+0000] {dag.py:2907} INFO - Sync 1 DAGs
[2023-08-24T04:30:17.558+0000] {logging_mixin.py:151} INFO - [2023-08-24T04:30:17.558+0000] {dag.py:3677} INFO - Setting next_dagrun for vnstock-pipeline to 2023-08-23T07:00:00+00:00, run_after=2023-08-24T07:00:00+00:00
[2023-08-24T04:30:17.576+0000] {processor.py:179} INFO - Processing /home/nguyentuanduong7/airflow/src/dags/main.py took 14.485 seconds
[2023-08-24T04:31:40.821+0000] {processor.py:157} INFO - Started process (PID=41503) to work on /home/nguyentuanduong7/airflow/src/dags/main.py
[2023-08-24T04:31:40.828+0000] {processor.py:829} INFO - Processing file /home/nguyentuanduong7/airflow/src/dags/main.py for tasks to queue
[2023-08-24T04:31:40.829+0000] {logging_mixin.py:151} INFO - [2023-08-24T04:31:40.828+0000] {dagbag.py:539} INFO - Filling up the DagBag from /home/nguyentuanduong7/airflow/src/dags/main.py
[2023-08-24T04:31:42.718+0000] {logging_mixin.py:151} INFO - publish message id 8273110374494880
[2023-08-24T04:31:42.753+0000] {logging_mixin.py:151} INFO - publish message id 8273104497850410
[2023-08-24T04:31:42.754+0000] {logging_mixin.py:151} INFO - 2022-08-24
[2023-08-24T04:31:42.754+0000] {logging_mixin.py:151} INFO - 2023-08-24
[2023-08-24T04:31:42.794+0000] {logging_mixin.py:151} INFO - 2022-08-24
[2023-08-24T04:31:42.794+0000] {logging_mixin.py:151} INFO - 2023-08-24
[2023-08-24T04:31:55.668+0000] {processor.py:839} INFO - DAG(s) dict_keys(['vnstock-pipeline']) retrieved from /home/nguyentuanduong7/airflow/src/dags/main.py
[2023-08-24T04:31:55.681+0000] {logging_mixin.py:151} INFO - [2023-08-24T04:31:55.681+0000] {dag.py:2907} INFO - Sync 1 DAGs
[2023-08-24T04:31:55.697+0000] {logging_mixin.py:151} INFO - [2023-08-24T04:31:55.696+0000] {dag.py:3677} INFO - Setting next_dagrun for vnstock-pipeline to 2023-08-23T07:00:00+00:00, run_after=2023-08-24T07:00:00+00:00
[2023-08-24T04:31:55.714+0000] {processor.py:179} INFO - Processing /home/nguyentuanduong7/airflow/src/dags/main.py took 14.896 seconds
[2023-08-24T04:32:42.834+0000] {processor.py:157} INFO - Started process (PID=41708) to work on /home/nguyentuanduong7/airflow/src/dags/main.py
[2023-08-24T04:32:42.836+0000] {processor.py:829} INFO - Processing file /home/nguyentuanduong7/airflow/src/dags/main.py for tasks to queue
[2023-08-24T04:32:42.837+0000] {logging_mixin.py:151} INFO - [2023-08-24T04:32:42.837+0000] {dagbag.py:539} INFO - Filling up the DagBag from /home/nguyentuanduong7/airflow/src/dags/main.py
[2023-08-24T04:32:44.647+0000] {logging_mixin.py:151} INFO - publish message id 8274027783913947
[2023-08-24T04:32:44.694+0000] {logging_mixin.py:151} INFO - publish message id 9402223443311248
[2023-08-24T04:32:44.695+0000] {logging_mixin.py:151} INFO - 2022-08-24
[2023-08-24T04:32:44.695+0000] {logging_mixin.py:151} INFO - 2023-08-24
[2023-08-24T04:32:44.739+0000] {logging_mixin.py:151} INFO - 2022-08-24
[2023-08-24T04:32:44.740+0000] {logging_mixin.py:151} INFO - 2023-08-24
[2023-08-24T04:32:57.637+0000] {processor.py:839} INFO - DAG(s) dict_keys(['vnstock-pipeline']) retrieved from /home/nguyentuanduong7/airflow/src/dags/main.py
[2023-08-24T04:32:57.659+0000] {logging_mixin.py:151} INFO - [2023-08-24T04:32:57.658+0000] {dag.py:2907} INFO - Sync 1 DAGs
[2023-08-24T04:32:57.798+0000] {logging_mixin.py:151} INFO - [2023-08-24T04:32:57.797+0000] {dag.py:3677} INFO - Setting next_dagrun for vnstock-pipeline to 2023-08-23T07:00:00+00:00, run_after=2023-08-24T07:00:00+00:00
[2023-08-24T04:32:57.816+0000] {processor.py:179} INFO - Processing /home/nguyentuanduong7/airflow/src/dags/main.py took 14.986 seconds
[2023-08-24T04:33:41.868+0000] {processor.py:157} INFO - Started process (PID=41892) to work on /home/nguyentuanduong7/airflow/src/dags/main.py
[2023-08-24T04:33:41.873+0000] {processor.py:829} INFO - Processing file /home/nguyentuanduong7/airflow/src/dags/main.py for tasks to queue
[2023-08-24T04:33:41.874+0000] {logging_mixin.py:151} INFO - [2023-08-24T04:33:41.873+0000] {dagbag.py:539} INFO - Filling up the DagBag from /home/nguyentuanduong7/airflow/src/dags/main.py
[2023-08-24T04:33:43.445+0000] {logging_mixin.py:151} INFO - publish message id 8273208110920356
[2023-08-24T04:33:43.483+0000] {logging_mixin.py:151} INFO - publish message id 8272693121182874
[2023-08-24T04:33:43.484+0000] {logging_mixin.py:151} INFO - 2022-08-24
[2023-08-24T04:33:43.484+0000] {logging_mixin.py:151} INFO - 2023-08-24
[2023-08-24T04:33:43.529+0000] {logging_mixin.py:151} INFO - 2022-08-24
[2023-08-24T04:33:43.529+0000] {logging_mixin.py:151} INFO - 2023-08-24
[2023-08-24T04:33:56.709+0000] {processor.py:839} INFO - DAG(s) dict_keys(['vnstock-pipeline']) retrieved from /home/nguyentuanduong7/airflow/src/dags/main.py
[2023-08-24T04:33:56.729+0000] {logging_mixin.py:151} INFO - [2023-08-24T04:33:56.729+0000] {dag.py:2907} INFO - Sync 1 DAGs
[2023-08-24T04:33:56.754+0000] {logging_mixin.py:151} INFO - [2023-08-24T04:33:56.754+0000] {dag.py:3677} INFO - Setting next_dagrun for vnstock-pipeline to 2023-08-23T07:00:00+00:00, run_after=2023-08-24T07:00:00+00:00
[2023-08-24T04:33:56.943+0000] {processor.py:179} INFO - Processing /home/nguyentuanduong7/airflow/src/dags/main.py took 15.080 seconds
[2023-08-24T04:34:40.673+0000] {processor.py:157} INFO - Started process (PID=42075) to work on /home/nguyentuanduong7/airflow/src/dags/main.py
[2023-08-24T04:34:40.674+0000] {processor.py:829} INFO - Processing file /home/nguyentuanduong7/airflow/src/dags/main.py for tasks to queue
[2023-08-24T04:34:40.675+0000] {logging_mixin.py:151} INFO - [2023-08-24T04:34:40.675+0000] {dagbag.py:539} INFO - Filling up the DagBag from /home/nguyentuanduong7/airflow/src/dags/main.py
[2023-08-24T04:34:42.518+0000] {logging_mixin.py:151} INFO - publish message id 8272405907625502
[2023-08-24T04:34:42.556+0000] {logging_mixin.py:151} INFO - publish message id 8272484953587594
[2023-08-24T04:34:42.557+0000] {logging_mixin.py:151} INFO - 2022-08-24
[2023-08-24T04:34:42.557+0000] {logging_mixin.py:151} INFO - 2023-08-24
[2023-08-24T04:34:42.597+0000] {logging_mixin.py:151} INFO - 2022-08-24
[2023-08-24T04:34:42.597+0000] {logging_mixin.py:151} INFO - 2023-08-24
[2023-08-24T04:34:55.077+0000] {processor.py:839} INFO - DAG(s) dict_keys(['vnstock-pipeline']) retrieved from /home/nguyentuanduong7/airflow/src/dags/main.py
[2023-08-24T04:34:55.097+0000] {logging_mixin.py:151} INFO - [2023-08-24T04:34:55.097+0000] {dag.py:2907} INFO - Sync 1 DAGs
[2023-08-24T04:34:55.114+0000] {logging_mixin.py:151} INFO - [2023-08-24T04:34:55.113+0000] {dag.py:3677} INFO - Setting next_dagrun for vnstock-pipeline to 2023-08-23T07:00:00+00:00, run_after=2023-08-24T07:00:00+00:00
[2023-08-24T04:34:55.132+0000] {processor.py:179} INFO - Processing /home/nguyentuanduong7/airflow/src/dags/main.py took 14.463 seconds
[2023-08-24T04:35:39.863+0000] {processor.py:157} INFO - Started process (PID=42271) to work on /home/nguyentuanduong7/airflow/src/dags/main.py
[2023-08-24T04:35:39.868+0000] {processor.py:829} INFO - Processing file /home/nguyentuanduong7/airflow/src/dags/main.py for tasks to queue
[2023-08-24T04:35:39.869+0000] {logging_mixin.py:151} INFO - [2023-08-24T04:35:39.868+0000] {dagbag.py:539} INFO - Filling up the DagBag from /home/nguyentuanduong7/airflow/src/dags/main.py
[2023-08-24T04:35:41.740+0000] {logging_mixin.py:151} INFO - publish message id 8273683329293173
[2023-08-24T04:35:41.788+0000] {logging_mixin.py:151} INFO - publish message id 8272438203226412
[2023-08-24T04:35:41.788+0000] {logging_mixin.py:151} INFO - 2022-08-24
[2023-08-24T04:35:41.789+0000] {logging_mixin.py:151} INFO - 2023-08-24
[2023-08-24T04:35:41.828+0000] {logging_mixin.py:151} INFO - 2022-08-24
[2023-08-24T04:35:41.828+0000] {logging_mixin.py:151} INFO - 2023-08-24
[2023-08-24T04:35:54.496+0000] {processor.py:839} INFO - DAG(s) dict_keys(['vnstock-pipeline']) retrieved from /home/nguyentuanduong7/airflow/src/dags/main.py
[2023-08-24T04:35:54.509+0000] {logging_mixin.py:151} INFO - [2023-08-24T04:35:54.508+0000] {dag.py:2907} INFO - Sync 1 DAGs
[2023-08-24T04:35:54.524+0000] {logging_mixin.py:151} INFO - [2023-08-24T04:35:54.524+0000] {dag.py:3677} INFO - Setting next_dagrun for vnstock-pipeline to 2023-08-23T07:00:00+00:00, run_after=2023-08-24T07:00:00+00:00
[2023-08-24T04:35:54.541+0000] {processor.py:179} INFO - Processing /home/nguyentuanduong7/airflow/src/dags/main.py took 14.682 seconds
[2023-08-24T04:36:35.553+0000] {processor.py:157} INFO - Started process (PID=42466) to work on /home/nguyentuanduong7/airflow/src/dags/main.py
[2023-08-24T04:36:35.555+0000] {processor.py:829} INFO - Processing file /home/nguyentuanduong7/airflow/src/dags/main.py for tasks to queue
[2023-08-24T04:36:35.556+0000] {logging_mixin.py:151} INFO - [2023-08-24T04:36:35.555+0000] {dagbag.py:539} INFO - Filling up the DagBag from /home/nguyentuanduong7/airflow/src/dags/main.py
[2023-08-24T04:36:37.214+0000] {logging_mixin.py:151} INFO - publish message id 9402266637022026
[2023-08-24T04:36:37.258+0000] {logging_mixin.py:151} INFO - publish message id 8272810392139393
[2023-08-24T04:36:37.259+0000] {logging_mixin.py:151} INFO - 2022-08-24
[2023-08-24T04:36:37.259+0000] {logging_mixin.py:151} INFO - 2023-08-24
[2023-08-24T04:36:37.304+0000] {logging_mixin.py:151} INFO - 2022-08-24
[2023-08-24T04:36:37.304+0000] {logging_mixin.py:151} INFO - 2023-08-24
[2023-08-24T04:36:49.806+0000] {processor.py:839} INFO - DAG(s) dict_keys(['vnstock-pipeline']) retrieved from /home/nguyentuanduong7/airflow/src/dags/main.py
[2023-08-24T04:36:49.821+0000] {logging_mixin.py:151} INFO - [2023-08-24T04:36:49.821+0000] {dag.py:2907} INFO - Sync 1 DAGs
[2023-08-24T04:36:49.950+0000] {logging_mixin.py:151} INFO - [2023-08-24T04:36:49.950+0000] {dag.py:3677} INFO - Setting next_dagrun for vnstock-pipeline to 2023-08-23T07:00:00+00:00, run_after=2023-08-24T07:00:00+00:00
[2023-08-24T04:36:49.967+0000] {processor.py:179} INFO - Processing /home/nguyentuanduong7/airflow/src/dags/main.py took 14.417 seconds
[2023-08-24T04:37:30.475+0000] {processor.py:157} INFO - Started process (PID=42646) to work on /home/nguyentuanduong7/airflow/src/dags/main.py
[2023-08-24T04:37:30.477+0000] {processor.py:829} INFO - Processing file /home/nguyentuanduong7/airflow/src/dags/main.py for tasks to queue
[2023-08-24T04:37:30.478+0000] {logging_mixin.py:151} INFO - [2023-08-24T04:37:30.478+0000] {dagbag.py:539} INFO - Filling up the DagBag from /home/nguyentuanduong7/airflow/src/dags/main.py
[2023-08-24T04:37:32.461+0000] {logging_mixin.py:151} INFO - publish message id 8272895733230419
[2023-08-24T04:37:32.510+0000] {logging_mixin.py:151} INFO - publish message id 8792978689411781
[2023-08-24T04:37:32.511+0000] {logging_mixin.py:151} INFO - 2022-08-24
[2023-08-24T04:37:32.511+0000] {logging_mixin.py:151} INFO - 2023-08-24
[2023-08-24T04:37:32.555+0000] {logging_mixin.py:151} INFO - 2022-08-24
[2023-08-24T04:37:32.556+0000] {logging_mixin.py:151} INFO - 2023-08-24
[2023-08-24T04:37:44.950+0000] {processor.py:839} INFO - DAG(s) dict_keys(['vnstock-pipeline']) retrieved from /home/nguyentuanduong7/airflow/src/dags/main.py
[2023-08-24T04:37:44.965+0000] {logging_mixin.py:151} INFO - [2023-08-24T04:37:44.965+0000] {dag.py:2907} INFO - Sync 1 DAGs
[2023-08-24T04:37:44.983+0000] {logging_mixin.py:151} INFO - [2023-08-24T04:37:44.983+0000] {dag.py:3677} INFO - Setting next_dagrun for vnstock-pipeline to 2023-08-23T07:00:00+00:00, run_after=2023-08-24T07:00:00+00:00
[2023-08-24T04:37:45.118+0000] {processor.py:179} INFO - Processing /home/nguyentuanduong7/airflow/src/dags/main.py took 14.647 seconds
[2023-08-24T04:38:28.570+0000] {processor.py:157} INFO - Started process (PID=42829) to work on /home/nguyentuanduong7/airflow/src/dags/main.py
[2023-08-24T04:38:28.571+0000] {processor.py:829} INFO - Processing file /home/nguyentuanduong7/airflow/src/dags/main.py for tasks to queue
[2023-08-24T04:38:28.572+0000] {logging_mixin.py:151} INFO - [2023-08-24T04:38:28.572+0000] {dagbag.py:539} INFO - Filling up the DagBag from /home/nguyentuanduong7/airflow/src/dags/main.py
[2023-08-24T04:38:30.639+0000] {logging_mixin.py:151} INFO - publish message id 8272802770363542
[2023-08-24T04:38:30.669+0000] {logging_mixin.py:151} INFO - publish message id 8273368435885231
[2023-08-24T04:38:30.670+0000] {logging_mixin.py:151} INFO - 2022-08-24
[2023-08-24T04:38:30.670+0000] {logging_mixin.py:151} INFO - 2023-08-24
[2023-08-24T04:38:30.826+0000] {logging_mixin.py:151} INFO - 2022-08-24
[2023-08-24T04:38:30.826+0000] {logging_mixin.py:151} INFO - 2023-08-24
[2023-08-24T04:38:43.467+0000] {processor.py:839} INFO - DAG(s) dict_keys(['vnstock-pipeline']) retrieved from /home/nguyentuanduong7/airflow/src/dags/main.py
[2023-08-24T04:38:43.487+0000] {logging_mixin.py:151} INFO - [2023-08-24T04:38:43.486+0000] {dag.py:2907} INFO - Sync 1 DAGs
[2023-08-24T04:38:43.509+0000] {logging_mixin.py:151} INFO - [2023-08-24T04:38:43.508+0000] {dag.py:3677} INFO - Setting next_dagrun for vnstock-pipeline to 2023-08-23T07:00:00+00:00, run_after=2023-08-24T07:00:00+00:00
[2023-08-24T04:38:43.533+0000] {processor.py:179} INFO - Processing /home/nguyentuanduong7/airflow/src/dags/main.py took 14.967 seconds
[2023-08-24T04:39:28.960+0000] {processor.py:157} INFO - Started process (PID=43014) to work on /home/nguyentuanduong7/airflow/src/dags/main.py
[2023-08-24T04:39:28.962+0000] {processor.py:829} INFO - Processing file /home/nguyentuanduong7/airflow/src/dags/main.py for tasks to queue
[2023-08-24T04:39:28.963+0000] {logging_mixin.py:151} INFO - [2023-08-24T04:39:28.963+0000] {dagbag.py:539} INFO - Filling up the DagBag from /home/nguyentuanduong7/airflow/src/dags/main.py
[2023-08-24T04:39:30.827+0000] {logging_mixin.py:151} INFO - publish message id 8272473855342676
[2023-08-24T04:39:30.870+0000] {logging_mixin.py:151} INFO - publish message id 8273449339286578
[2023-08-24T04:39:30.871+0000] {logging_mixin.py:151} INFO - 2022-08-24
[2023-08-24T04:39:30.871+0000] {logging_mixin.py:151} INFO - 2023-08-24
[2023-08-24T04:39:30.910+0000] {logging_mixin.py:151} INFO - 2022-08-24
[2023-08-24T04:39:30.910+0000] {logging_mixin.py:151} INFO - 2023-08-24
[2023-08-24T04:39:43.679+0000] {processor.py:839} INFO - DAG(s) dict_keys(['vnstock-pipeline']) retrieved from /home/nguyentuanduong7/airflow/src/dags/main.py
[2023-08-24T04:39:43.829+0000] {logging_mixin.py:151} INFO - [2023-08-24T04:39:43.829+0000] {dag.py:2907} INFO - Sync 1 DAGs
[2023-08-24T04:39:43.843+0000] {logging_mixin.py:151} INFO - [2023-08-24T04:39:43.843+0000] {dag.py:3677} INFO - Setting next_dagrun for vnstock-pipeline to 2023-08-23T07:00:00+00:00, run_after=2023-08-24T07:00:00+00:00
[2023-08-24T04:39:43.859+0000] {processor.py:179} INFO - Processing /home/nguyentuanduong7/airflow/src/dags/main.py took 14.903 seconds
[2023-08-24T04:40:29.228+0000] {processor.py:157} INFO - Started process (PID=43210) to work on /home/nguyentuanduong7/airflow/src/dags/main.py
[2023-08-24T04:40:29.230+0000] {processor.py:829} INFO - Processing file /home/nguyentuanduong7/airflow/src/dags/main.py for tasks to queue
[2023-08-24T04:40:29.230+0000] {logging_mixin.py:151} INFO - [2023-08-24T04:40:29.230+0000] {dagbag.py:539} INFO - Filling up the DagBag from /home/nguyentuanduong7/airflow/src/dags/main.py
[2023-08-24T04:40:31.352+0000] {logging_mixin.py:151} INFO - publish message id 8273784146164393
[2023-08-24T04:40:31.386+0000] {logging_mixin.py:151} INFO - publish message id 9402269462534845
[2023-08-24T04:40:31.387+0000] {logging_mixin.py:151} INFO - 2022-08-24
[2023-08-24T04:40:31.388+0000] {logging_mixin.py:151} INFO - 2023-08-24
[2023-08-24T04:40:31.434+0000] {logging_mixin.py:151} INFO - 2022-08-24
[2023-08-24T04:40:31.435+0000] {logging_mixin.py:151} INFO - 2023-08-24
[2023-08-24T04:40:44.405+0000] {processor.py:839} INFO - DAG(s) dict_keys(['vnstock-pipeline']) retrieved from /home/nguyentuanduong7/airflow/src/dags/main.py
[2023-08-24T04:40:44.427+0000] {logging_mixin.py:151} INFO - [2023-08-24T04:40:44.426+0000] {dag.py:2907} INFO - Sync 1 DAGs
[2023-08-24T04:40:44.448+0000] {logging_mixin.py:151} INFO - [2023-08-24T04:40:44.448+0000] {dag.py:3677} INFO - Setting next_dagrun for vnstock-pipeline to 2023-08-23T07:00:00+00:00, run_after=2023-08-24T07:00:00+00:00
[2023-08-24T04:40:44.471+0000] {processor.py:179} INFO - Processing /home/nguyentuanduong7/airflow/src/dags/main.py took 15.247 seconds
[2023-08-24T04:41:29.914+0000] {processor.py:157} INFO - Started process (PID=43394) to work on /home/nguyentuanduong7/airflow/src/dags/main.py
[2023-08-24T04:41:29.915+0000] {processor.py:829} INFO - Processing file /home/nguyentuanduong7/airflow/src/dags/main.py for tasks to queue
[2023-08-24T04:41:29.916+0000] {logging_mixin.py:151} INFO - [2023-08-24T04:41:29.916+0000] {dagbag.py:539} INFO - Filling up the DagBag from /home/nguyentuanduong7/airflow/src/dags/main.py
[2023-08-24T04:41:31.749+0000] {logging_mixin.py:151} INFO - publish message id 8273416294214140
[2023-08-24T04:41:31.788+0000] {logging_mixin.py:151} INFO - publish message id 9402365851238543
[2023-08-24T04:41:31.789+0000] {logging_mixin.py:151} INFO - 2022-08-24
[2023-08-24T04:41:31.790+0000] {logging_mixin.py:151} INFO - 2023-08-24
[2023-08-24T04:41:31.834+0000] {logging_mixin.py:151} INFO - 2022-08-24
[2023-08-24T04:41:31.834+0000] {logging_mixin.py:151} INFO - 2023-08-24
[2023-08-24T04:41:44.528+0000] {processor.py:839} INFO - DAG(s) dict_keys(['vnstock-pipeline']) retrieved from /home/nguyentuanduong7/airflow/src/dags/main.py
[2023-08-24T04:41:44.542+0000] {logging_mixin.py:151} INFO - [2023-08-24T04:41:44.541+0000] {dag.py:2907} INFO - Sync 1 DAGs
[2023-08-24T04:41:44.685+0000] {logging_mixin.py:151} INFO - [2023-08-24T04:41:44.684+0000] {dag.py:3677} INFO - Setting next_dagrun for vnstock-pipeline to 2023-08-23T07:00:00+00:00, run_after=2023-08-24T07:00:00+00:00
[2023-08-24T04:41:44.702+0000] {processor.py:179} INFO - Processing /home/nguyentuanduong7/airflow/src/dags/main.py took 14.792 seconds
[2023-08-24T04:42:29.510+0000] {processor.py:157} INFO - Started process (PID=43578) to work on /home/nguyentuanduong7/airflow/src/dags/main.py
[2023-08-24T04:42:29.512+0000] {processor.py:829} INFO - Processing file /home/nguyentuanduong7/airflow/src/dags/main.py for tasks to queue
[2023-08-24T04:42:29.513+0000] {logging_mixin.py:151} INFO - [2023-08-24T04:42:29.512+0000] {dagbag.py:539} INFO - Filling up the DagBag from /home/nguyentuanduong7/airflow/src/dags/main.py
[2023-08-24T04:42:31.342+0000] {logging_mixin.py:151} INFO - publish message id 8272910191725950
[2023-08-24T04:42:31.517+0000] {logging_mixin.py:151} INFO - publish message id 8273456288952696
[2023-08-24T04:42:31.518+0000] {logging_mixin.py:151} INFO - 2022-08-24
[2023-08-24T04:42:31.518+0000] {logging_mixin.py:151} INFO - 2023-08-24
[2023-08-24T04:42:31.562+0000] {logging_mixin.py:151} INFO - 2022-08-24
[2023-08-24T04:42:31.563+0000] {logging_mixin.py:151} INFO - 2023-08-24
[2023-08-24T04:42:43.945+0000] {processor.py:839} INFO - DAG(s) dict_keys(['vnstock-pipeline']) retrieved from /home/nguyentuanduong7/airflow/src/dags/main.py
[2023-08-24T04:42:43.969+0000] {logging_mixin.py:151} INFO - [2023-08-24T04:42:43.969+0000] {dag.py:2907} INFO - Sync 1 DAGs
[2023-08-24T04:42:43.993+0000] {logging_mixin.py:151} INFO - [2023-08-24T04:42:43.992+0000] {dag.py:3677} INFO - Setting next_dagrun for vnstock-pipeline to 2023-08-23T07:00:00+00:00, run_after=2023-08-24T07:00:00+00:00
[2023-08-24T04:42:44.018+0000] {processor.py:179} INFO - Processing /home/nguyentuanduong7/airflow/src/dags/main.py took 14.511 seconds
[2023-08-24T04:43:30.503+0000] {processor.py:157} INFO - Started process (PID=43767) to work on /home/nguyentuanduong7/airflow/src/dags/main.py
[2023-08-24T04:43:30.504+0000] {processor.py:829} INFO - Processing file /home/nguyentuanduong7/airflow/src/dags/main.py for tasks to queue
[2023-08-24T04:43:30.506+0000] {logging_mixin.py:151} INFO - [2023-08-24T04:43:30.505+0000] {dagbag.py:539} INFO - Filling up the DagBag from /home/nguyentuanduong7/airflow/src/dags/main.py
[2023-08-24T04:43:32.372+0000] {logging_mixin.py:151} INFO - publish message id 8273003131319795
[2023-08-24T04:43:32.428+0000] {logging_mixin.py:151} INFO - publish message id 8272484884125063
[2023-08-24T04:43:32.429+0000] {logging_mixin.py:151} INFO - 2022-08-24
[2023-08-24T04:43:32.429+0000] {logging_mixin.py:151} INFO - 2023-08-24
[2023-08-24T04:43:32.572+0000] {logging_mixin.py:151} INFO - 2022-08-24
[2023-08-24T04:43:32.572+0000] {logging_mixin.py:151} INFO - 2023-08-24
[2023-08-24T04:43:44.811+0000] {processor.py:839} INFO - DAG(s) dict_keys(['vnstock-pipeline']) retrieved from /home/nguyentuanduong7/airflow/src/dags/main.py
[2023-08-24T04:43:44.826+0000] {logging_mixin.py:151} INFO - [2023-08-24T04:43:44.825+0000] {dag.py:2907} INFO - Sync 1 DAGs
[2023-08-24T04:43:44.844+0000] {logging_mixin.py:151} INFO - [2023-08-24T04:43:44.844+0000] {dag.py:3677} INFO - Setting next_dagrun for vnstock-pipeline to 2023-08-23T07:00:00+00:00, run_after=2023-08-24T07:00:00+00:00
[2023-08-24T04:43:44.862+0000] {processor.py:179} INFO - Processing /home/nguyentuanduong7/airflow/src/dags/main.py took 14.363 seconds
[2023-08-24T04:44:31.265+0000] {processor.py:157} INFO - Started process (PID=43953) to work on /home/nguyentuanduong7/airflow/src/dags/main.py
[2023-08-24T04:44:31.267+0000] {processor.py:829} INFO - Processing file /home/nguyentuanduong7/airflow/src/dags/main.py for tasks to queue
[2023-08-24T04:44:31.268+0000] {logging_mixin.py:151} INFO - [2023-08-24T04:44:31.267+0000] {dagbag.py:539} INFO - Filling up the DagBag from /home/nguyentuanduong7/airflow/src/dags/main.py
[2023-08-24T04:44:33.183+0000] {logging_mixin.py:151} INFO - publish message id 8272899437147194
[2023-08-24T04:44:33.222+0000] {logging_mixin.py:151} INFO - publish message id 8272031791344856
[2023-08-24T04:44:33.223+0000] {logging_mixin.py:151} INFO - 2022-08-24
[2023-08-24T04:44:33.223+0000] {logging_mixin.py:151} INFO - 2023-08-24
[2023-08-24T04:44:33.372+0000] {logging_mixin.py:151} INFO - 2022-08-24
[2023-08-24T04:44:33.372+0000] {logging_mixin.py:151} INFO - 2023-08-24
[2023-08-24T04:44:45.913+0000] {processor.py:839} INFO - DAG(s) dict_keys(['vnstock-pipeline']) retrieved from /home/nguyentuanduong7/airflow/src/dags/main.py
[2023-08-24T04:44:45.932+0000] {logging_mixin.py:151} INFO - [2023-08-24T04:44:45.932+0000] {dag.py:2907} INFO - Sync 1 DAGs
[2023-08-24T04:44:45.956+0000] {logging_mixin.py:151} INFO - [2023-08-24T04:44:45.956+0000] {dag.py:3677} INFO - Setting next_dagrun for vnstock-pipeline to 2023-08-23T07:00:00+00:00, run_after=2023-08-24T07:00:00+00:00
[2023-08-24T04:44:45.979+0000] {processor.py:179} INFO - Processing /home/nguyentuanduong7/airflow/src/dags/main.py took 14.717 seconds
[2023-08-24T04:45:32.329+0000] {processor.py:157} INFO - Started process (PID=44136) to work on /home/nguyentuanduong7/airflow/src/dags/main.py
[2023-08-24T04:45:32.331+0000] {processor.py:829} INFO - Processing file /home/nguyentuanduong7/airflow/src/dags/main.py for tasks to queue
[2023-08-24T04:45:32.332+0000] {logging_mixin.py:151} INFO - [2023-08-24T04:45:32.331+0000] {dagbag.py:539} INFO - Filling up the DagBag from /home/nguyentuanduong7/airflow/src/dags/main.py
[2023-08-24T04:45:34.351+0000] {logging_mixin.py:151} INFO - publish message id 8272717464723339
[2023-08-24T04:45:34.385+0000] {logging_mixin.py:151} INFO - publish message id 8273758167657453
[2023-08-24T04:45:34.386+0000] {logging_mixin.py:151} INFO - 2022-08-24
[2023-08-24T04:45:34.386+0000] {logging_mixin.py:151} INFO - 2023-08-24
[2023-08-24T04:45:34.433+0000] {logging_mixin.py:151} INFO - 2022-08-24
[2023-08-24T04:45:34.433+0000] {logging_mixin.py:151} INFO - 2023-08-24
[2023-08-24T04:45:47.203+0000] {processor.py:839} INFO - DAG(s) dict_keys(['vnstock-pipeline']) retrieved from /home/nguyentuanduong7/airflow/src/dags/main.py
[2023-08-24T04:45:47.224+0000] {logging_mixin.py:151} INFO - [2023-08-24T04:45:47.223+0000] {dag.py:2907} INFO - Sync 1 DAGs
[2023-08-24T04:45:47.424+0000] {logging_mixin.py:151} INFO - [2023-08-24T04:45:47.424+0000] {dag.py:3677} INFO - Setting next_dagrun for vnstock-pipeline to 2023-08-23T07:00:00+00:00, run_after=2023-08-24T07:00:00+00:00
[2023-08-24T04:45:47.448+0000] {processor.py:179} INFO - Processing /home/nguyentuanduong7/airflow/src/dags/main.py took 15.123 seconds
[2023-08-24T04:46:33.910+0000] {processor.py:157} INFO - Started process (PID=44319) to work on /home/nguyentuanduong7/airflow/src/dags/main.py
[2023-08-24T04:46:33.912+0000] {processor.py:829} INFO - Processing file /home/nguyentuanduong7/airflow/src/dags/main.py for tasks to queue
[2023-08-24T04:46:33.913+0000] {logging_mixin.py:151} INFO - [2023-08-24T04:46:33.912+0000] {dagbag.py:539} INFO - Filling up the DagBag from /home/nguyentuanduong7/airflow/src/dags/main.py
[2023-08-24T04:46:36.006+0000] {logging_mixin.py:151} INFO - publish message id 8273506548489623
[2023-08-24T04:46:36.039+0000] {logging_mixin.py:151} INFO - publish message id 8792868432001100
[2023-08-24T04:46:36.040+0000] {logging_mixin.py:151} INFO - 2022-08-24
[2023-08-24T04:46:36.040+0000] {logging_mixin.py:151} INFO - 2023-08-24
[2023-08-24T04:46:36.194+0000] {logging_mixin.py:151} INFO - 2022-08-24
[2023-08-24T04:46:36.194+0000] {logging_mixin.py:151} INFO - 2023-08-24
[2023-08-24T04:46:49.123+0000] {processor.py:839} INFO - DAG(s) dict_keys(['vnstock-pipeline']) retrieved from /home/nguyentuanduong7/airflow/src/dags/main.py
[2023-08-24T04:46:49.144+0000] {logging_mixin.py:151} INFO - [2023-08-24T04:46:49.143+0000] {dag.py:2907} INFO - Sync 1 DAGs
[2023-08-24T04:46:49.160+0000] {logging_mixin.py:151} INFO - [2023-08-24T04:46:49.160+0000] {dag.py:3677} INFO - Setting next_dagrun for vnstock-pipeline to 2023-08-23T07:00:00+00:00, run_after=2023-08-24T07:00:00+00:00
[2023-08-24T04:46:49.178+0000] {processor.py:179} INFO - Processing /home/nguyentuanduong7/airflow/src/dags/main.py took 15.271 seconds
[2023-08-24T04:47:36.610+0000] {processor.py:157} INFO - Started process (PID=44503) to work on /home/nguyentuanduong7/airflow/src/dags/main.py
[2023-08-24T04:47:36.611+0000] {processor.py:829} INFO - Processing file /home/nguyentuanduong7/airflow/src/dags/main.py for tasks to queue
[2023-08-24T04:47:36.612+0000] {logging_mixin.py:151} INFO - [2023-08-24T04:47:36.612+0000] {dagbag.py:539} INFO - Filling up the DagBag from /home/nguyentuanduong7/airflow/src/dags/main.py
[2023-08-24T04:47:38.597+0000] {logging_mixin.py:151} INFO - publish message id 8273480078519766
[2023-08-24T04:47:38.656+0000] {logging_mixin.py:151} INFO - publish message id 8272685618891228
[2023-08-24T04:47:38.657+0000] {logging_mixin.py:151} INFO - 2022-08-24
[2023-08-24T04:47:38.657+0000] {logging_mixin.py:151} INFO - 2023-08-24
[2023-08-24T04:47:38.810+0000] {logging_mixin.py:151} INFO - 2022-08-24
[2023-08-24T04:47:38.810+0000] {logging_mixin.py:151} INFO - 2023-08-24
[2023-08-24T04:47:51.477+0000] {processor.py:839} INFO - DAG(s) dict_keys(['vnstock-pipeline']) retrieved from /home/nguyentuanduong7/airflow/src/dags/main.py
[2023-08-24T04:47:51.497+0000] {logging_mixin.py:151} INFO - [2023-08-24T04:47:51.497+0000] {dag.py:2907} INFO - Sync 1 DAGs
[2023-08-24T04:47:51.520+0000] {logging_mixin.py:151} INFO - [2023-08-24T04:47:51.519+0000] {dag.py:3677} INFO - Setting next_dagrun for vnstock-pipeline to 2023-08-23T07:00:00+00:00, run_after=2023-08-24T07:00:00+00:00
[2023-08-24T04:47:51.542+0000] {processor.py:179} INFO - Processing /home/nguyentuanduong7/airflow/src/dags/main.py took 14.936 seconds
[2023-08-24T04:48:37.775+0000] {processor.py:157} INFO - Started process (PID=44686) to work on /home/nguyentuanduong7/airflow/src/dags/main.py
[2023-08-24T04:48:37.776+0000] {processor.py:829} INFO - Processing file /home/nguyentuanduong7/airflow/src/dags/main.py for tasks to queue
[2023-08-24T04:48:37.777+0000] {logging_mixin.py:151} INFO - [2023-08-24T04:48:37.777+0000] {dagbag.py:539} INFO - Filling up the DagBag from /home/nguyentuanduong7/airflow/src/dags/main.py
[2023-08-24T04:48:39.761+0000] {logging_mixin.py:151} INFO - publish message id 8792663999482677
[2023-08-24T04:48:39.799+0000] {logging_mixin.py:151} INFO - publish message id 8273959515910280
[2023-08-24T04:48:39.800+0000] {logging_mixin.py:151} INFO - 2022-08-24
[2023-08-24T04:48:39.800+0000] {logging_mixin.py:151} INFO - 2023-08-24
[2023-08-24T04:48:39.959+0000] {logging_mixin.py:151} INFO - 2022-08-24
[2023-08-24T04:48:39.960+0000] {logging_mixin.py:151} INFO - 2023-08-24
[2023-08-24T04:48:52.852+0000] {processor.py:839} INFO - DAG(s) dict_keys(['vnstock-pipeline']) retrieved from /home/nguyentuanduong7/airflow/src/dags/main.py
[2023-08-24T04:48:52.872+0000] {logging_mixin.py:151} INFO - [2023-08-24T04:48:52.871+0000] {dag.py:2907} INFO - Sync 1 DAGs
[2023-08-24T04:48:52.895+0000] {logging_mixin.py:151} INFO - [2023-08-24T04:48:52.895+0000] {dag.py:3677} INFO - Setting next_dagrun for vnstock-pipeline to 2023-08-23T07:00:00+00:00, run_after=2023-08-24T07:00:00+00:00
[2023-08-24T04:48:52.918+0000] {processor.py:179} INFO - Processing /home/nguyentuanduong7/airflow/src/dags/main.py took 15.146 seconds
[2023-08-24T04:49:40.113+0000] {processor.py:157} INFO - Started process (PID=44870) to work on /home/nguyentuanduong7/airflow/src/dags/main.py
[2023-08-24T04:49:40.114+0000] {processor.py:829} INFO - Processing file /home/nguyentuanduong7/airflow/src/dags/main.py for tasks to queue
[2023-08-24T04:49:40.115+0000] {logging_mixin.py:151} INFO - [2023-08-24T04:49:40.115+0000] {dagbag.py:539} INFO - Filling up the DagBag from /home/nguyentuanduong7/airflow/src/dags/main.py
[2023-08-24T04:49:42.036+0000] {logging_mixin.py:151} INFO - publish message id 8792948982424542
[2023-08-24T04:49:42.087+0000] {logging_mixin.py:151} INFO - publish message id 8274619373393471
[2023-08-24T04:49:42.088+0000] {logging_mixin.py:151} INFO - 2022-08-24
[2023-08-24T04:49:42.088+0000] {logging_mixin.py:151} INFO - 2023-08-24
[2023-08-24T04:49:42.247+0000] {logging_mixin.py:151} INFO - 2022-08-24
[2023-08-24T04:49:42.247+0000] {logging_mixin.py:151} INFO - 2023-08-24
[2023-08-24T04:49:55.011+0000] {processor.py:839} INFO - DAG(s) dict_keys(['vnstock-pipeline']) retrieved from /home/nguyentuanduong7/airflow/src/dags/main.py
[2023-08-24T04:49:55.032+0000] {logging_mixin.py:151} INFO - [2023-08-24T04:49:55.031+0000] {dag.py:2907} INFO - Sync 1 DAGs
[2023-08-24T04:49:55.057+0000] {logging_mixin.py:151} INFO - [2023-08-24T04:49:55.056+0000] {dag.py:3677} INFO - Setting next_dagrun for vnstock-pipeline to 2023-08-23T07:00:00+00:00, run_after=2023-08-24T07:00:00+00:00
[2023-08-24T04:49:55.075+0000] {processor.py:179} INFO - Processing /home/nguyentuanduong7/airflow/src/dags/main.py took 14.966 seconds
[2023-08-24T04:50:38.681+0000] {processor.py:157} INFO - Started process (PID=45055) to work on /home/nguyentuanduong7/airflow/src/dags/main.py
[2023-08-24T04:50:38.683+0000] {processor.py:829} INFO - Processing file /home/nguyentuanduong7/airflow/src/dags/main.py for tasks to queue
[2023-08-24T04:50:38.684+0000] {logging_mixin.py:151} INFO - [2023-08-24T04:50:38.683+0000] {dagbag.py:539} INFO - Filling up the DagBag from /home/nguyentuanduong7/airflow/src/dags/main.py
[2023-08-24T04:50:40.523+0000] {logging_mixin.py:151} INFO - publish message id 8272400828939367
[2023-08-24T04:50:40.557+0000] {logging_mixin.py:151} INFO - publish message id 8792917504905533
[2023-08-24T04:50:40.558+0000] {logging_mixin.py:151} INFO - 2022-08-24
[2023-08-24T04:50:40.559+0000] {logging_mixin.py:151} INFO - 2023-08-24
[2023-08-24T04:50:40.714+0000] {logging_mixin.py:151} INFO - 2022-08-24
[2023-08-24T04:50:40.714+0000] {logging_mixin.py:151} INFO - 2023-08-24
[2023-08-24T04:50:53.301+0000] {processor.py:839} INFO - DAG(s) dict_keys(['vnstock-pipeline']) retrieved from /home/nguyentuanduong7/airflow/src/dags/main.py
[2023-08-24T04:50:53.320+0000] {logging_mixin.py:151} INFO - [2023-08-24T04:50:53.319+0000] {dag.py:2907} INFO - Sync 1 DAGs
[2023-08-24T04:50:53.342+0000] {logging_mixin.py:151} INFO - [2023-08-24T04:50:53.341+0000] {dag.py:3677} INFO - Setting next_dagrun for vnstock-pipeline to 2023-08-23T07:00:00+00:00, run_after=2023-08-24T07:00:00+00:00
[2023-08-24T04:50:53.367+0000] {processor.py:179} INFO - Processing /home/nguyentuanduong7/airflow/src/dags/main.py took 14.690 seconds
[2023-08-24T04:51:38.787+0000] {processor.py:157} INFO - Started process (PID=45237) to work on /home/nguyentuanduong7/airflow/src/dags/main.py
[2023-08-24T04:51:38.791+0000] {processor.py:829} INFO - Processing file /home/nguyentuanduong7/airflow/src/dags/main.py for tasks to queue
[2023-08-24T04:51:38.792+0000] {logging_mixin.py:151} INFO - [2023-08-24T04:51:38.792+0000] {dagbag.py:539} INFO - Filling up the DagBag from /home/nguyentuanduong7/airflow/src/dags/main.py
[2023-08-24T04:51:40.831+0000] {logging_mixin.py:151} INFO - publish message id 9402254077291556
[2023-08-24T04:51:40.864+0000] {logging_mixin.py:151} INFO - publish message id 8273389851330258
[2023-08-24T04:51:40.864+0000] {logging_mixin.py:151} INFO - 2022-08-24
[2023-08-24T04:51:40.865+0000] {logging_mixin.py:151} INFO - 2023-08-24
[2023-08-24T04:51:41.012+0000] {logging_mixin.py:151} INFO - 2022-08-24
[2023-08-24T04:51:41.012+0000] {logging_mixin.py:151} INFO - 2023-08-24
[2023-08-24T04:51:54.205+0000] {processor.py:839} INFO - DAG(s) dict_keys(['vnstock-pipeline']) retrieved from /home/nguyentuanduong7/airflow/src/dags/main.py
[2023-08-24T04:51:54.232+0000] {logging_mixin.py:151} INFO - [2023-08-24T04:51:54.232+0000] {dag.py:2907} INFO - Sync 1 DAGs
[2023-08-24T04:51:54.256+0000] {logging_mixin.py:151} INFO - [2023-08-24T04:51:54.256+0000] {dag.py:3677} INFO - Setting next_dagrun for vnstock-pipeline to 2023-08-23T07:00:00+00:00, run_after=2023-08-24T07:00:00+00:00
[2023-08-24T04:51:54.279+0000] {processor.py:179} INFO - Processing /home/nguyentuanduong7/airflow/src/dags/main.py took 15.496 seconds
[2023-08-24T04:52:40.744+0000] {processor.py:157} INFO - Started process (PID=45420) to work on /home/nguyentuanduong7/airflow/src/dags/main.py
[2023-08-24T04:52:40.746+0000] {processor.py:829} INFO - Processing file /home/nguyentuanduong7/airflow/src/dags/main.py for tasks to queue
[2023-08-24T04:52:40.747+0000] {logging_mixin.py:151} INFO - [2023-08-24T04:52:40.747+0000] {dagbag.py:539} INFO - Filling up the DagBag from /home/nguyentuanduong7/airflow/src/dags/main.py
[2023-08-24T04:52:42.912+0000] {logging_mixin.py:151} INFO - publish message id 8273073146897517
[2023-08-24T04:52:42.960+0000] {logging_mixin.py:151} INFO - publish message id 8273652954124657
[2023-08-24T04:52:42.961+0000] {logging_mixin.py:151} INFO - 2022-08-24
[2023-08-24T04:52:42.961+0000] {logging_mixin.py:151} INFO - 2023-08-24
[2023-08-24T04:52:43.101+0000] {logging_mixin.py:151} INFO - 2022-08-24
[2023-08-24T04:52:43.101+0000] {logging_mixin.py:151} INFO - 2023-08-24
[2023-08-24T04:52:55.735+0000] {processor.py:839} INFO - DAG(s) dict_keys(['vnstock-pipeline']) retrieved from /home/nguyentuanduong7/airflow/src/dags/main.py
[2023-08-24T04:52:55.760+0000] {logging_mixin.py:151} INFO - [2023-08-24T04:52:55.760+0000] {dag.py:2907} INFO - Sync 1 DAGs
[2023-08-24T04:52:55.776+0000] {logging_mixin.py:151} INFO - [2023-08-24T04:52:55.776+0000] {dag.py:3677} INFO - Setting next_dagrun for vnstock-pipeline to 2023-08-23T07:00:00+00:00, run_after=2023-08-24T07:00:00+00:00
[2023-08-24T04:52:55.793+0000] {processor.py:179} INFO - Processing /home/nguyentuanduong7/airflow/src/dags/main.py took 15.053 seconds
[2023-08-24T04:53:43.133+0000] {processor.py:157} INFO - Started process (PID=45609) to work on /home/nguyentuanduong7/airflow/src/dags/main.py
[2023-08-24T04:53:43.135+0000] {processor.py:829} INFO - Processing file /home/nguyentuanduong7/airflow/src/dags/main.py for tasks to queue
[2023-08-24T04:53:43.136+0000] {logging_mixin.py:151} INFO - [2023-08-24T04:53:43.136+0000] {dagbag.py:539} INFO - Filling up the DagBag from /home/nguyentuanduong7/airflow/src/dags/main.py
[2023-08-24T04:53:45.305+0000] {logging_mixin.py:151} INFO - publish message id 8273182499120919
[2023-08-24T04:53:45.337+0000] {logging_mixin.py:151} INFO - publish message id 8273179387892584
[2023-08-24T04:53:45.338+0000] {logging_mixin.py:151} INFO - 2022-08-24
[2023-08-24T04:53:45.338+0000] {logging_mixin.py:151} INFO - 2023-08-24
[2023-08-24T04:53:45.492+0000] {logging_mixin.py:151} INFO - 2022-08-24
[2023-08-24T04:53:45.492+0000] {logging_mixin.py:151} INFO - 2023-08-24
[2023-08-24T04:53:58.364+0000] {processor.py:839} INFO - DAG(s) dict_keys(['vnstock-pipeline']) retrieved from /home/nguyentuanduong7/airflow/src/dags/main.py
[2023-08-24T04:53:58.384+0000] {logging_mixin.py:151} INFO - [2023-08-24T04:53:58.384+0000] {dag.py:2907} INFO - Sync 1 DAGs
[2023-08-24T04:53:58.409+0000] {logging_mixin.py:151} INFO - [2023-08-24T04:53:58.408+0000] {dag.py:3677} INFO - Setting next_dagrun for vnstock-pipeline to 2023-08-23T07:00:00+00:00, run_after=2023-08-24T07:00:00+00:00
[2023-08-24T04:53:58.428+0000] {processor.py:179} INFO - Processing /home/nguyentuanduong7/airflow/src/dags/main.py took 15.298 seconds
[2023-08-24T04:54:43.805+0000] {processor.py:157} INFO - Started process (PID=45792) to work on /home/nguyentuanduong7/airflow/src/dags/main.py
[2023-08-24T04:54:43.807+0000] {processor.py:829} INFO - Processing file /home/nguyentuanduong7/airflow/src/dags/main.py for tasks to queue
[2023-08-24T04:54:43.807+0000] {logging_mixin.py:151} INFO - [2023-08-24T04:54:43.807+0000] {dagbag.py:539} INFO - Filling up the DagBag from /home/nguyentuanduong7/airflow/src/dags/main.py
[2023-08-24T04:54:45.814+0000] {logging_mixin.py:151} INFO - publish message id 8273634824658437
[2023-08-24T04:54:45.845+0000] {logging_mixin.py:151} INFO - publish message id 8273160737506602
[2023-08-24T04:54:45.846+0000] {logging_mixin.py:151} INFO - 2022-08-24
[2023-08-24T04:54:45.846+0000] {logging_mixin.py:151} INFO - 2023-08-24
[2023-08-24T04:54:46.001+0000] {logging_mixin.py:151} INFO - 2022-08-24
[2023-08-24T04:54:46.002+0000] {logging_mixin.py:151} INFO - 2023-08-24
[2023-08-24T04:54:58.744+0000] {processor.py:839} INFO - DAG(s) dict_keys(['vnstock-pipeline']) retrieved from /home/nguyentuanduong7/airflow/src/dags/main.py
[2023-08-24T04:54:58.765+0000] {logging_mixin.py:151} INFO - [2023-08-24T04:54:58.764+0000] {dag.py:2907} INFO - Sync 1 DAGs
[2023-08-24T04:54:58.784+0000] {logging_mixin.py:151} INFO - [2023-08-24T04:54:58.783+0000] {dag.py:3677} INFO - Setting next_dagrun for vnstock-pipeline to 2023-08-23T07:00:00+00:00, run_after=2023-08-24T07:00:00+00:00
[2023-08-24T04:54:58.803+0000] {processor.py:179} INFO - Processing /home/nguyentuanduong7/airflow/src/dags/main.py took 15.002 seconds
[2023-08-24T04:55:44.192+0000] {processor.py:157} INFO - Started process (PID=45978) to work on /home/nguyentuanduong7/airflow/src/dags/main.py
[2023-08-24T04:55:44.194+0000] {processor.py:829} INFO - Processing file /home/nguyentuanduong7/airflow/src/dags/main.py for tasks to queue
[2023-08-24T04:55:44.195+0000] {logging_mixin.py:151} INFO - [2023-08-24T04:55:44.194+0000] {dagbag.py:539} INFO - Filling up the DagBag from /home/nguyentuanduong7/airflow/src/dags/main.py
[2023-08-24T04:55:46.229+0000] {logging_mixin.py:151} INFO - publish message id 8272659625685523
[2023-08-24T04:55:46.277+0000] {logging_mixin.py:151} INFO - publish message id 8273082402653940
[2023-08-24T04:55:46.278+0000] {logging_mixin.py:151} INFO - 2022-08-24
[2023-08-24T04:55:46.278+0000] {logging_mixin.py:151} INFO - 2023-08-24
[2023-08-24T04:55:46.323+0000] {logging_mixin.py:151} INFO - 2022-08-24
[2023-08-24T04:55:46.323+0000] {logging_mixin.py:151} INFO - 2023-08-24
[2023-08-24T04:55:59.266+0000] {processor.py:839} INFO - DAG(s) dict_keys(['vnstock-pipeline']) retrieved from /home/nguyentuanduong7/airflow/src/dags/main.py
[2023-08-24T04:55:59.289+0000] {logging_mixin.py:151} INFO - [2023-08-24T04:55:59.288+0000] {dag.py:2907} INFO - Sync 1 DAGs
[2023-08-24T04:55:59.314+0000] {logging_mixin.py:151} INFO - [2023-08-24T04:55:59.314+0000] {dag.py:3677} INFO - Setting next_dagrun for vnstock-pipeline to 2023-08-23T07:00:00+00:00, run_after=2023-08-24T07:00:00+00:00
[2023-08-24T04:55:59.344+0000] {processor.py:179} INFO - Processing /home/nguyentuanduong7/airflow/src/dags/main.py took 15.156 seconds
[2023-08-24T04:56:49.340+0000] {processor.py:157} INFO - Started process (PID=46164) to work on /home/nguyentuanduong7/airflow/src/dags/main.py
[2023-08-24T04:56:49.342+0000] {processor.py:829} INFO - Processing file /home/nguyentuanduong7/airflow/src/dags/main.py for tasks to queue
[2023-08-24T04:56:49.343+0000] {logging_mixin.py:151} INFO - [2023-08-24T04:56:49.342+0000] {dagbag.py:539} INFO - Filling up the DagBag from /home/nguyentuanduong7/airflow/src/dags/main.py
[2023-08-24T04:56:51.713+0000] {logging_mixin.py:151} INFO - publish message id 8272772814044414
[2023-08-24T04:56:51.748+0000] {logging_mixin.py:151} INFO - publish message id 8272674163518713
[2023-08-24T04:56:51.749+0000] {logging_mixin.py:151} INFO - 2022-08-24
[2023-08-24T04:56:51.749+0000] {logging_mixin.py:151} INFO - 2023-08-24
[2023-08-24T04:56:51.789+0000] {logging_mixin.py:151} INFO - 2022-08-24
[2023-08-24T04:56:51.789+0000] {logging_mixin.py:151} INFO - 2023-08-24
[2023-08-24T04:57:05.107+0000] {processor.py:839} INFO - DAG(s) dict_keys(['vnstock-pipeline']) retrieved from /home/nguyentuanduong7/airflow/src/dags/main.py
[2023-08-24T04:57:05.128+0000] {logging_mixin.py:151} INFO - [2023-08-24T04:57:05.127+0000] {dag.py:2907} INFO - Sync 1 DAGs
[2023-08-24T04:57:05.150+0000] {logging_mixin.py:151} INFO - [2023-08-24T04:57:05.149+0000] {dag.py:3677} INFO - Setting next_dagrun for vnstock-pipeline to 2023-08-23T07:00:00+00:00, run_after=2023-08-24T07:00:00+00:00
[2023-08-24T04:57:05.172+0000] {processor.py:179} INFO - Processing /home/nguyentuanduong7/airflow/src/dags/main.py took 15.836 seconds
[2023-08-24T04:57:54.085+0000] {processor.py:157} INFO - Started process (PID=46360) to work on /home/nguyentuanduong7/airflow/src/dags/main.py
[2023-08-24T04:57:54.086+0000] {processor.py:829} INFO - Processing file /home/nguyentuanduong7/airflow/src/dags/main.py for tasks to queue
[2023-08-24T04:57:54.087+0000] {logging_mixin.py:151} INFO - [2023-08-24T04:57:54.087+0000] {dagbag.py:539} INFO - Filling up the DagBag from /home/nguyentuanduong7/airflow/src/dags/main.py
[2023-08-24T04:57:55.882+0000] {logging_mixin.py:151} INFO - publish message id 8272500036216846
[2023-08-24T04:57:55.918+0000] {logging_mixin.py:151} INFO - publish message id 8272629151142685
[2023-08-24T04:57:55.919+0000] {logging_mixin.py:151} INFO - 2022-08-24
[2023-08-24T04:57:55.919+0000] {logging_mixin.py:151} INFO - 2023-08-24
[2023-08-24T04:57:56.071+0000] {logging_mixin.py:151} INFO - 2022-08-24
[2023-08-24T04:57:56.071+0000] {logging_mixin.py:151} INFO - 2023-08-24
[2023-08-24T04:58:08.774+0000] {processor.py:839} INFO - DAG(s) dict_keys(['vnstock-pipeline']) retrieved from /home/nguyentuanduong7/airflow/src/dags/main.py
[2023-08-24T04:58:08.798+0000] {logging_mixin.py:151} INFO - [2023-08-24T04:58:08.795+0000] {dag.py:2907} INFO - Sync 1 DAGs
[2023-08-24T04:58:08.821+0000] {logging_mixin.py:151} INFO - [2023-08-24T04:58:08.821+0000] {dag.py:3677} INFO - Setting next_dagrun for vnstock-pipeline to 2023-08-23T07:00:00+00:00, run_after=2023-08-24T07:00:00+00:00
[2023-08-24T04:58:08.847+0000] {processor.py:179} INFO - Processing /home/nguyentuanduong7/airflow/src/dags/main.py took 14.766 seconds
[2023-08-24T04:58:55.349+0000] {processor.py:157} INFO - Started process (PID=46544) to work on /home/nguyentuanduong7/airflow/src/dags/main.py
[2023-08-24T04:58:55.351+0000] {processor.py:829} INFO - Processing file /home/nguyentuanduong7/airflow/src/dags/main.py for tasks to queue
[2023-08-24T04:58:55.352+0000] {logging_mixin.py:151} INFO - [2023-08-24T04:58:55.351+0000] {dagbag.py:539} INFO - Filling up the DagBag from /home/nguyentuanduong7/airflow/src/dags/main.py
[2023-08-24T04:58:57.238+0000] {logging_mixin.py:151} INFO - publish message id 8274033195548484
[2023-08-24T04:58:57.278+0000] {logging_mixin.py:151} INFO - publish message id 8792863425670323
[2023-08-24T04:58:57.279+0000] {logging_mixin.py:151} INFO - 2022-08-24
[2023-08-24T04:58:57.279+0000] {logging_mixin.py:151} INFO - 2023-08-24
[2023-08-24T04:58:57.324+0000] {logging_mixin.py:151} INFO - 2022-08-24
[2023-08-24T04:58:57.324+0000] {logging_mixin.py:151} INFO - 2023-08-24
[2023-08-24T04:59:10.095+0000] {processor.py:839} INFO - DAG(s) dict_keys(['vnstock-pipeline']) retrieved from /home/nguyentuanduong7/airflow/src/dags/main.py
[2023-08-24T04:59:10.116+0000] {logging_mixin.py:151} INFO - [2023-08-24T04:59:10.115+0000] {dag.py:2907} INFO - Sync 1 DAGs
[2023-08-24T04:59:10.133+0000] {logging_mixin.py:151} INFO - [2023-08-24T04:59:10.133+0000] {dag.py:3677} INFO - Setting next_dagrun for vnstock-pipeline to 2023-08-23T07:00:00+00:00, run_after=2023-08-24T07:00:00+00:00
[2023-08-24T04:59:10.151+0000] {processor.py:179} INFO - Processing /home/nguyentuanduong7/airflow/src/dags/main.py took 14.806 seconds
[2023-08-24T05:00:00.197+0000] {processor.py:157} INFO - Started process (PID=46727) to work on /home/nguyentuanduong7/airflow/src/dags/main.py
[2023-08-24T05:00:00.199+0000] {processor.py:829} INFO - Processing file /home/nguyentuanduong7/airflow/src/dags/main.py for tasks to queue
[2023-08-24T05:00:00.200+0000] {logging_mixin.py:151} INFO - [2023-08-24T05:00:00.200+0000] {dagbag.py:539} INFO - Filling up the DagBag from /home/nguyentuanduong7/airflow/src/dags/main.py
[2023-08-24T05:00:01.793+0000] {logging_mixin.py:151} INFO - publish message id 8273389694112364
[2023-08-24T05:00:01.937+0000] {logging_mixin.py:151} INFO - publish message id 8273728692311919
[2023-08-24T05:00:01.938+0000] {logging_mixin.py:151} INFO - 2022-08-24
[2023-08-24T05:00:01.938+0000] {logging_mixin.py:151} INFO - 2023-08-24
[2023-08-24T05:00:01.982+0000] {logging_mixin.py:151} INFO - 2022-08-24
[2023-08-24T05:00:01.983+0000] {logging_mixin.py:151} INFO - 2023-08-24
[2023-08-24T05:00:14.543+0000] {processor.py:839} INFO - DAG(s) dict_keys(['vnstock-pipeline']) retrieved from /home/nguyentuanduong7/airflow/src/dags/main.py
[2023-08-24T05:00:14.565+0000] {logging_mixin.py:151} INFO - [2023-08-24T05:00:14.564+0000] {dag.py:2907} INFO - Sync 1 DAGs
[2023-08-24T05:00:14.587+0000] {logging_mixin.py:151} INFO - [2023-08-24T05:00:14.587+0000] {dag.py:3677} INFO - Setting next_dagrun for vnstock-pipeline to 2023-08-23T07:00:00+00:00, run_after=2023-08-24T07:00:00+00:00
[2023-08-24T05:00:14.613+0000] {processor.py:179} INFO - Processing /home/nguyentuanduong7/airflow/src/dags/main.py took 14.419 seconds
[2023-08-24T05:00:59.318+0000] {processor.py:157} INFO - Started process (PID=46912) to work on /home/nguyentuanduong7/airflow/src/dags/main.py
[2023-08-24T05:00:59.319+0000] {processor.py:829} INFO - Processing file /home/nguyentuanduong7/airflow/src/dags/main.py for tasks to queue
[2023-08-24T05:00:59.320+0000] {logging_mixin.py:151} INFO - [2023-08-24T05:00:59.320+0000] {dagbag.py:539} INFO - Filling up the DagBag from /home/nguyentuanduong7/airflow/src/dags/main.py
[2023-08-24T05:01:00.998+0000] {logging_mixin.py:151} INFO - publish message id 8273709946140924
[2023-08-24T05:01:01.058+0000] {logging_mixin.py:151} INFO - publish message id 8272782671804908
[2023-08-24T05:01:01.059+0000] {logging_mixin.py:151} INFO - 2022-08-24
[2023-08-24T05:01:01.059+0000] {logging_mixin.py:151} INFO - 2023-08-24
[2023-08-24T05:01:01.099+0000] {logging_mixin.py:151} INFO - 2022-08-24
[2023-08-24T05:01:01.099+0000] {logging_mixin.py:151} INFO - 2023-08-24
[2023-08-24T05:01:13.717+0000] {processor.py:839} INFO - DAG(s) dict_keys(['vnstock-pipeline']) retrieved from /home/nguyentuanduong7/airflow/src/dags/main.py
[2023-08-24T05:01:13.738+0000] {logging_mixin.py:151} INFO - [2023-08-24T05:01:13.737+0000] {dag.py:2907} INFO - Sync 1 DAGs
[2023-08-24T05:01:13.760+0000] {logging_mixin.py:151} INFO - [2023-08-24T05:01:13.760+0000] {dag.py:3677} INFO - Setting next_dagrun for vnstock-pipeline to 2023-08-23T07:00:00+00:00, run_after=2023-08-24T07:00:00+00:00
[2023-08-24T05:01:13.780+0000] {processor.py:179} INFO - Processing /home/nguyentuanduong7/airflow/src/dags/main.py took 14.465 seconds
[2023-08-24T05:01:58.429+0000] {processor.py:157} INFO - Started process (PID=47110) to work on /home/nguyentuanduong7/airflow/src/dags/main.py
[2023-08-24T05:01:58.431+0000] {processor.py:829} INFO - Processing file /home/nguyentuanduong7/airflow/src/dags/main.py for tasks to queue
[2023-08-24T05:01:58.432+0000] {logging_mixin.py:151} INFO - [2023-08-24T05:01:58.432+0000] {dagbag.py:539} INFO - Filling up the DagBag from /home/nguyentuanduong7/airflow/src/dags/main.py
[2023-08-24T05:02:00.009+0000] {logging_mixin.py:151} INFO - publish message id 8273547650737040
[2023-08-24T05:02:00.043+0000] {logging_mixin.py:151} INFO - publish message id 8272911151459385
[2023-08-24T05:02:00.044+0000] {logging_mixin.py:151} INFO - 2022-08-24
[2023-08-24T05:02:00.045+0000] {logging_mixin.py:151} INFO - 2023-08-24
[2023-08-24T05:02:00.089+0000] {logging_mixin.py:151} INFO - 2022-08-24
[2023-08-24T05:02:00.089+0000] {logging_mixin.py:151} INFO - 2023-08-24
[2023-08-24T05:02:12.251+0000] {processor.py:839} INFO - DAG(s) dict_keys(['vnstock-pipeline']) retrieved from /home/nguyentuanduong7/airflow/src/dags/main.py
[2023-08-24T05:02:12.272+0000] {logging_mixin.py:151} INFO - [2023-08-24T05:02:12.272+0000] {dag.py:2907} INFO - Sync 1 DAGs
[2023-08-24T05:02:12.288+0000] {logging_mixin.py:151} INFO - [2023-08-24T05:02:12.288+0000] {dag.py:3677} INFO - Setting next_dagrun for vnstock-pipeline to 2023-08-23T07:00:00+00:00, run_after=2023-08-24T07:00:00+00:00
[2023-08-24T05:02:12.305+0000] {processor.py:179} INFO - Processing /home/nguyentuanduong7/airflow/src/dags/main.py took 13.880 seconds
[2023-08-24T05:02:57.801+0000] {processor.py:157} INFO - Started process (PID=47293) to work on /home/nguyentuanduong7/airflow/src/dags/main.py
[2023-08-24T05:02:57.802+0000] {processor.py:829} INFO - Processing file /home/nguyentuanduong7/airflow/src/dags/main.py for tasks to queue
[2023-08-24T05:02:57.803+0000] {logging_mixin.py:151} INFO - [2023-08-24T05:02:57.803+0000] {dagbag.py:539} INFO - Filling up the DagBag from /home/nguyentuanduong7/airflow/src/dags/main.py
[2023-08-24T05:02:59.877+0000] {logging_mixin.py:151} INFO - publish message id 8273877989970713
[2023-08-24T05:02:59.922+0000] {logging_mixin.py:151} INFO - publish message id 8273010189845023
[2023-08-24T05:02:59.923+0000] {logging_mixin.py:151} INFO - 2022-08-24
[2023-08-24T05:02:59.923+0000] {logging_mixin.py:151} INFO - 2023-08-24
[2023-08-24T05:02:59.967+0000] {logging_mixin.py:151} INFO - 2022-08-24
[2023-08-24T05:02:59.968+0000] {logging_mixin.py:151} INFO - 2023-08-24
[2023-08-24T05:03:12.916+0000] {processor.py:839} INFO - DAG(s) dict_keys(['vnstock-pipeline']) retrieved from /home/nguyentuanduong7/airflow/src/dags/main.py
[2023-08-24T05:03:12.935+0000] {logging_mixin.py:151} INFO - [2023-08-24T05:03:12.934+0000] {dag.py:2907} INFO - Sync 1 DAGs
[2023-08-24T05:03:12.960+0000] {logging_mixin.py:151} INFO - [2023-08-24T05:03:12.959+0000] {dag.py:3677} INFO - Setting next_dagrun for vnstock-pipeline to 2023-08-23T07:00:00+00:00, run_after=2023-08-24T07:00:00+00:00
[2023-08-24T05:03:12.983+0000] {processor.py:179} INFO - Processing /home/nguyentuanduong7/airflow/src/dags/main.py took 15.186 seconds
[2023-08-24T05:03:58.329+0000] {processor.py:157} INFO - Started process (PID=47482) to work on /home/nguyentuanduong7/airflow/src/dags/main.py
[2023-08-24T05:03:58.330+0000] {processor.py:829} INFO - Processing file /home/nguyentuanduong7/airflow/src/dags/main.py for tasks to queue
[2023-08-24T05:03:58.331+0000] {logging_mixin.py:151} INFO - [2023-08-24T05:03:58.331+0000] {dagbag.py:539} INFO - Filling up the DagBag from /home/nguyentuanduong7/airflow/src/dags/main.py
[2023-08-24T05:04:00.393+0000] {logging_mixin.py:151} INFO - publish message id 8272746363897289
[2023-08-24T05:04:00.434+0000] {logging_mixin.py:151} INFO - publish message id 8792842848352355
[2023-08-24T05:04:00.435+0000] {logging_mixin.py:151} INFO - 2022-08-24
[2023-08-24T05:04:00.435+0000] {logging_mixin.py:151} INFO - 2023-08-24
[2023-08-24T05:04:00.479+0000] {logging_mixin.py:151} INFO - 2022-08-24
[2023-08-24T05:04:00.480+0000] {logging_mixin.py:151} INFO - 2023-08-24
[2023-08-24T05:04:13.038+0000] {processor.py:839} INFO - DAG(s) dict_keys(['vnstock-pipeline']) retrieved from /home/nguyentuanduong7/airflow/src/dags/main.py
[2023-08-24T05:04:13.060+0000] {logging_mixin.py:151} INFO - [2023-08-24T05:04:13.059+0000] {dag.py:2907} INFO - Sync 1 DAGs
[2023-08-24T05:04:13.085+0000] {logging_mixin.py:151} INFO - [2023-08-24T05:04:13.085+0000] {dag.py:3677} INFO - Setting next_dagrun for vnstock-pipeline to 2023-08-23T07:00:00+00:00, run_after=2023-08-24T07:00:00+00:00
[2023-08-24T05:04:13.112+0000] {processor.py:179} INFO - Processing /home/nguyentuanduong7/airflow/src/dags/main.py took 14.786 seconds
[2023-08-24T05:04:57.816+0000] {processor.py:157} INFO - Started process (PID=47665) to work on /home/nguyentuanduong7/airflow/src/dags/main.py
[2023-08-24T05:04:57.818+0000] {processor.py:829} INFO - Processing file /home/nguyentuanduong7/airflow/src/dags/main.py for tasks to queue
[2023-08-24T05:04:57.819+0000] {logging_mixin.py:151} INFO - [2023-08-24T05:04:57.818+0000] {dagbag.py:539} INFO - Filling up the DagBag from /home/nguyentuanduong7/airflow/src/dags/main.py
[2023-08-24T05:04:59.703+0000] {logging_mixin.py:151} INFO - publish message id 8272271913726004
[2023-08-24T05:04:59.738+0000] {logging_mixin.py:151} INFO - publish message id 8272792854790173
[2023-08-24T05:04:59.738+0000] {logging_mixin.py:151} INFO - 2022-08-24
[2023-08-24T05:04:59.739+0000] {logging_mixin.py:151} INFO - 2023-08-24
[2023-08-24T05:04:59.777+0000] {logging_mixin.py:151} INFO - 2022-08-24
[2023-08-24T05:04:59.777+0000] {logging_mixin.py:151} INFO - 2023-08-24
[2023-08-24T05:05:12.158+0000] {processor.py:839} INFO - DAG(s) dict_keys(['vnstock-pipeline']) retrieved from /home/nguyentuanduong7/airflow/src/dags/main.py
[2023-08-24T05:05:12.180+0000] {logging_mixin.py:151} INFO - [2023-08-24T05:05:12.180+0000] {dag.py:2907} INFO - Sync 1 DAGs
[2023-08-24T05:05:12.204+0000] {logging_mixin.py:151} INFO - [2023-08-24T05:05:12.204+0000] {dag.py:3677} INFO - Setting next_dagrun for vnstock-pipeline to 2023-08-23T07:00:00+00:00, run_after=2023-08-24T07:00:00+00:00
[2023-08-24T05:05:12.228+0000] {processor.py:179} INFO - Processing /home/nguyentuanduong7/airflow/src/dags/main.py took 14.415 seconds
[2023-08-24T05:05:56.811+0000] {processor.py:157} INFO - Started process (PID=47861) to work on /home/nguyentuanduong7/airflow/src/dags/main.py
[2023-08-24T05:05:56.813+0000] {processor.py:829} INFO - Processing file /home/nguyentuanduong7/airflow/src/dags/main.py for tasks to queue
[2023-08-24T05:05:56.814+0000] {logging_mixin.py:151} INFO - [2023-08-24T05:05:56.813+0000] {dagbag.py:539} INFO - Filling up the DagBag from /home/nguyentuanduong7/airflow/src/dags/main.py
[2023-08-24T05:05:58.654+0000] {logging_mixin.py:151} INFO - publish message id 9402252456440102
[2023-08-24T05:05:58.687+0000] {logging_mixin.py:151} INFO - publish message id 8273865024336576
[2023-08-24T05:05:58.688+0000] {logging_mixin.py:151} INFO - 2022-08-24
[2023-08-24T05:05:58.688+0000] {logging_mixin.py:151} INFO - 2023-08-24
[2023-08-24T05:05:58.726+0000] {logging_mixin.py:151} INFO - 2022-08-24
[2023-08-24T05:05:58.727+0000] {logging_mixin.py:151} INFO - 2023-08-24
[2023-08-24T05:06:11.076+0000] {processor.py:839} INFO - DAG(s) dict_keys(['vnstock-pipeline']) retrieved from /home/nguyentuanduong7/airflow/src/dags/main.py
[2023-08-24T05:06:11.097+0000] {logging_mixin.py:151} INFO - [2023-08-24T05:06:11.096+0000] {dag.py:2907} INFO - Sync 1 DAGs
[2023-08-24T05:06:11.116+0000] {logging_mixin.py:151} INFO - [2023-08-24T05:06:11.116+0000] {dag.py:3677} INFO - Setting next_dagrun for vnstock-pipeline to 2023-08-23T07:00:00+00:00, run_after=2023-08-24T07:00:00+00:00
[2023-08-24T05:06:11.133+0000] {processor.py:179} INFO - Processing /home/nguyentuanduong7/airflow/src/dags/main.py took 14.325 seconds
[2023-08-24T05:06:51.640+0000] {processor.py:157} INFO - Started process (PID=48056) to work on /home/nguyentuanduong7/airflow/src/dags/main.py
[2023-08-24T05:06:51.643+0000] {processor.py:829} INFO - Processing file /home/nguyentuanduong7/airflow/src/dags/main.py for tasks to queue
[2023-08-24T05:06:51.644+0000] {logging_mixin.py:151} INFO - [2023-08-24T05:06:51.643+0000] {dagbag.py:539} INFO - Filling up the DagBag from /home/nguyentuanduong7/airflow/src/dags/main.py
[2023-08-24T05:06:53.496+0000] {logging_mixin.py:151} INFO - publish message id 8792889599093857
[2023-08-24T05:06:53.540+0000] {logging_mixin.py:151} INFO - publish message id 8272743832344268
[2023-08-24T05:06:53.541+0000] {logging_mixin.py:151} INFO - 2022-08-24
[2023-08-24T05:06:53.542+0000] {logging_mixin.py:151} INFO - 2023-08-24
[2023-08-24T05:06:53.588+0000] {logging_mixin.py:151} INFO - 2022-08-24
[2023-08-24T05:06:53.588+0000] {logging_mixin.py:151} INFO - 2023-08-24
[2023-08-24T05:07:06.662+0000] {processor.py:839} INFO - DAG(s) dict_keys(['vnstock-pipeline']) retrieved from /home/nguyentuanduong7/airflow/src/dags/main.py
[2023-08-24T05:07:06.681+0000] {logging_mixin.py:151} INFO - [2023-08-24T05:07:06.680+0000] {dag.py:2907} INFO - Sync 1 DAGs
[2023-08-24T05:07:06.700+0000] {logging_mixin.py:151} INFO - [2023-08-24T05:07:06.700+0000] {dag.py:3677} INFO - Setting next_dagrun for vnstock-pipeline to 2023-08-23T07:00:00+00:00, run_after=2023-08-24T07:00:00+00:00
[2023-08-24T05:07:06.717+0000] {processor.py:179} INFO - Processing /home/nguyentuanduong7/airflow/src/dags/main.py took 15.080 seconds
[2023-08-24T05:07:50.238+0000] {processor.py:157} INFO - Started process (PID=48240) to work on /home/nguyentuanduong7/airflow/src/dags/main.py
[2023-08-24T05:07:50.241+0000] {processor.py:829} INFO - Processing file /home/nguyentuanduong7/airflow/src/dags/main.py for tasks to queue
[2023-08-24T05:07:50.242+0000] {logging_mixin.py:151} INFO - [2023-08-24T05:07:50.242+0000] {dagbag.py:539} INFO - Filling up the DagBag from /home/nguyentuanduong7/airflow/src/dags/main.py
[2023-08-24T05:07:52.132+0000] {logging_mixin.py:151} INFO - publish message id 8272402519527107
[2023-08-24T05:07:52.181+0000] {logging_mixin.py:151} INFO - publish message id 8272904109331523
[2023-08-24T05:07:52.182+0000] {logging_mixin.py:151} INFO - 2022-08-24
[2023-08-24T05:07:52.182+0000] {logging_mixin.py:151} INFO - 2023-08-24
[2023-08-24T05:07:52.226+0000] {logging_mixin.py:151} INFO - 2022-08-24
[2023-08-24T05:07:52.227+0000] {logging_mixin.py:151} INFO - 2023-08-24
[2023-08-24T05:08:04.939+0000] {processor.py:839} INFO - DAG(s) dict_keys(['vnstock-pipeline']) retrieved from /home/nguyentuanduong7/airflow/src/dags/main.py
[2023-08-24T05:08:04.958+0000] {logging_mixin.py:151} INFO - [2023-08-24T05:08:04.957+0000] {dag.py:2907} INFO - Sync 1 DAGs
[2023-08-24T05:08:04.977+0000] {logging_mixin.py:151} INFO - [2023-08-24T05:08:04.977+0000] {dag.py:3677} INFO - Setting next_dagrun for vnstock-pipeline to 2023-08-23T07:00:00+00:00, run_after=2023-08-24T07:00:00+00:00
[2023-08-24T05:08:04.996+0000] {processor.py:179} INFO - Processing /home/nguyentuanduong7/airflow/src/dags/main.py took 14.762 seconds
[2023-08-24T05:08:50.422+0000] {processor.py:157} INFO - Started process (PID=48423) to work on /home/nguyentuanduong7/airflow/src/dags/main.py
[2023-08-24T05:08:50.423+0000] {processor.py:829} INFO - Processing file /home/nguyentuanduong7/airflow/src/dags/main.py for tasks to queue
[2023-08-24T05:08:50.424+0000] {logging_mixin.py:151} INFO - [2023-08-24T05:08:50.424+0000] {dagbag.py:539} INFO - Filling up the DagBag from /home/nguyentuanduong7/airflow/src/dags/main.py
[2023-08-24T05:08:52.397+0000] {logging_mixin.py:151} INFO - publish message id 8792924850679243
[2023-08-24T05:08:52.436+0000] {logging_mixin.py:151} INFO - publish message id 8272531336371954
[2023-08-24T05:08:52.437+0000] {logging_mixin.py:151} INFO - 2022-08-24
[2023-08-24T05:08:52.437+0000] {logging_mixin.py:151} INFO - 2023-08-24
[2023-08-24T05:08:52.477+0000] {logging_mixin.py:151} INFO - 2022-08-24
[2023-08-24T05:08:52.478+0000] {logging_mixin.py:151} INFO - 2023-08-24
[2023-08-24T05:09:05.584+0000] {processor.py:839} INFO - DAG(s) dict_keys(['vnstock-pipeline']) retrieved from /home/nguyentuanduong7/airflow/src/dags/main.py
[2023-08-24T05:09:05.605+0000] {logging_mixin.py:151} INFO - [2023-08-24T05:09:05.604+0000] {dag.py:2907} INFO - Sync 1 DAGs
[2023-08-24T05:09:05.622+0000] {logging_mixin.py:151} INFO - [2023-08-24T05:09:05.621+0000] {dag.py:3677} INFO - Setting next_dagrun for vnstock-pipeline to 2023-08-23T07:00:00+00:00, run_after=2023-08-24T07:00:00+00:00
[2023-08-24T05:09:05.639+0000] {processor.py:179} INFO - Processing /home/nguyentuanduong7/airflow/src/dags/main.py took 15.221 seconds
[2023-08-24T05:09:50.343+0000] {processor.py:157} INFO - Started process (PID=48619) to work on /home/nguyentuanduong7/airflow/src/dags/main.py
[2023-08-24T05:09:50.345+0000] {processor.py:829} INFO - Processing file /home/nguyentuanduong7/airflow/src/dags/main.py for tasks to queue
[2023-08-24T05:09:50.346+0000] {logging_mixin.py:151} INFO - [2023-08-24T05:09:50.345+0000] {dagbag.py:539} INFO - Filling up the DagBag from /home/nguyentuanduong7/airflow/src/dags/main.py
[2023-08-24T05:09:51.984+0000] {logging_mixin.py:151} INFO - publish message id 8272659690478886
[2023-08-24T05:09:52.023+0000] {logging_mixin.py:151} INFO - publish message id 8272880506716148
[2023-08-24T05:09:52.024+0000] {logging_mixin.py:151} INFO - 2022-08-24
[2023-08-24T05:09:52.024+0000] {logging_mixin.py:151} INFO - 2023-08-24
[2023-08-24T05:09:52.069+0000] {logging_mixin.py:151} INFO - 2022-08-24
[2023-08-24T05:09:52.069+0000] {logging_mixin.py:151} INFO - 2023-08-24
[2023-08-24T05:10:04.590+0000] {processor.py:839} INFO - DAG(s) dict_keys(['vnstock-pipeline']) retrieved from /home/nguyentuanduong7/airflow/src/dags/main.py
[2023-08-24T05:10:04.610+0000] {logging_mixin.py:151} INFO - [2023-08-24T05:10:04.609+0000] {dag.py:2907} INFO - Sync 1 DAGs
[2023-08-24T05:10:04.643+0000] {logging_mixin.py:151} INFO - [2023-08-24T05:10:04.642+0000] {dag.py:3677} INFO - Setting next_dagrun for vnstock-pipeline to 2023-08-23T07:00:00+00:00, run_after=2023-08-24T07:00:00+00:00
[2023-08-24T05:10:04.661+0000] {processor.py:179} INFO - Processing /home/nguyentuanduong7/airflow/src/dags/main.py took 14.322 seconds
[2023-08-24T05:10:49.139+0000] {processor.py:157} INFO - Started process (PID=48802) to work on /home/nguyentuanduong7/airflow/src/dags/main.py
[2023-08-24T05:10:49.141+0000] {processor.py:829} INFO - Processing file /home/nguyentuanduong7/airflow/src/dags/main.py for tasks to queue
[2023-08-24T05:10:49.142+0000] {logging_mixin.py:151} INFO - [2023-08-24T05:10:49.141+0000] {dagbag.py:539} INFO - Filling up the DagBag from /home/nguyentuanduong7/airflow/src/dags/main.py
[2023-08-24T05:10:50.817+0000] {logging_mixin.py:151} INFO - publish message id 8273335422278412
[2023-08-24T05:10:50.850+0000] {logging_mixin.py:151} INFO - publish message id 8272767449191731
[2023-08-24T05:10:50.851+0000] {logging_mixin.py:151} INFO - 2022-08-24
[2023-08-24T05:10:50.851+0000] {logging_mixin.py:151} INFO - 2023-08-24
[2023-08-24T05:10:50.897+0000] {logging_mixin.py:151} INFO - 2022-08-24
[2023-08-24T05:10:50.897+0000] {logging_mixin.py:151} INFO - 2023-08-24
[2023-08-24T05:11:19.146+0000] {logging_mixin.py:151} INFO - [2023-08-24T05:11:19.144+0000] {timeout.py:68} ERROR - Process timed out, PID: 48802
[2023-08-24T05:11:19.147+0000] {logging_mixin.py:151} INFO - [2023-08-24T05:11:19.146+0000] {clientserver.py:538} INFO - Error while receiving.
Traceback (most recent call last):
  File "/home/nguyentuanduong7/.local/lib/python3.8/site-packages/py4j/clientserver.py", line 511, in send_command
    answer = smart_decode(self.stream.readline()[:-1])
  File "/usr/lib/python3.8/socket.py", line 669, in readinto
    return self._sock.recv_into(b)
  File "/usr/local/lib/python3.8/dist-packages/airflow/utils/timeout.py", line 69, in handle_timeout
    raise AirflowTaskTimeout(self.error_message)
airflow.exceptions.AirflowTaskTimeout: DagBag import timeout for /home/nguyentuanduong7/airflow/src/dags/main.py after 30.0s.
Please take a look at these docs to improve your DAG import time:
* https://airflow.apache.org/docs/apache-airflow/2.7.0/best-practices.html#top-level-python-code
* https://airflow.apache.org/docs/apache-airflow/2.7.0/best-practices.html#reducing-dag-complexity, PID: 48802
[2023-08-24T05:11:19.147+0000] {logging_mixin.py:151} INFO - [2023-08-24T05:11:19.147+0000] {clientserver.py:543} INFO - Closing down clientserver connection
[2023-08-24T05:11:19.148+0000] {logging_mixin.py:151} INFO - [2023-08-24T05:11:19.147+0000] {java_gateway.py:1055} ERROR - Exception while sending command.
Traceback (most recent call last):
  File "/home/nguyentuanduong7/.local/lib/python3.8/site-packages/py4j/clientserver.py", line 511, in send_command
    answer = smart_decode(self.stream.readline()[:-1])
  File "/usr/lib/python3.8/socket.py", line 669, in readinto
    return self._sock.recv_into(b)
  File "/usr/local/lib/python3.8/dist-packages/airflow/utils/timeout.py", line 69, in handle_timeout
    raise AirflowTaskTimeout(self.error_message)
airflow.exceptions.AirflowTaskTimeout: DagBag import timeout for /home/nguyentuanduong7/airflow/src/dags/main.py after 30.0s.
Please take a look at these docs to improve your DAG import time:
* https://airflow.apache.org/docs/apache-airflow/2.7.0/best-practices.html#top-level-python-code
* https://airflow.apache.org/docs/apache-airflow/2.7.0/best-practices.html#reducing-dag-complexity, PID: 48802

During handling of the above exception, another exception occurred:

Traceback (most recent call last):
  File "/home/nguyentuanduong7/.local/lib/python3.8/site-packages/py4j/java_gateway.py", line 1038, in send_command
    response = connection.send_command(command)
  File "/home/nguyentuanduong7/.local/lib/python3.8/site-packages/py4j/clientserver.py", line 539, in send_command
    raise Py4JNetworkError(
py4j.protocol.Py4JNetworkError: Error while sending or receiving
[2023-08-24T05:11:19.148+0000] {logging_mixin.py:151} INFO - [2023-08-24T05:11:19.148+0000] {clientserver.py:543} INFO - Closing down clientserver connection
[2023-08-24T05:11:19.150+0000] {logging_mixin.py:151} INFO - [2023-08-24T05:11:19.149+0000] {dagbag.py:347} ERROR - Failed to import: /home/nguyentuanduong7/airflow/src/dags/main.py
Traceback (most recent call last):
  File "/usr/local/lib/python3.8/dist-packages/airflow/models/dagbag.py", line 343, in parse
    loader.exec_module(new_module)
  File "<frozen importlib._bootstrap_external>", line 848, in exec_module
  File "<frozen importlib._bootstrap>", line 219, in _call_with_frames_removed
  File "/home/nguyentuanduong7/airflow/src/dags/main.py", line 13, in <module>
    from vm_pubsub_bq import vm_pubsub_3M,vm_pubsub_1Y
  File "/home/nguyentuanduong7/airflow/src/pluggin/vm_pubsub_bq.py", line 13, in <module>
    SparkSession
  File "/home/nguyentuanduong7/.local/lib/python3.8/site-packages/pyspark/sql/session.py", line 477, in getOrCreate
    sc = SparkContext.getOrCreate(sparkConf)
  File "/home/nguyentuanduong7/.local/lib/python3.8/site-packages/pyspark/context.py", line 512, in getOrCreate
    SparkContext(conf=conf or SparkConf())
  File "/home/nguyentuanduong7/.local/lib/python3.8/site-packages/pyspark/context.py", line 200, in __init__
    self._do_init(
  File "/home/nguyentuanduong7/.local/lib/python3.8/site-packages/pyspark/context.py", line 287, in _do_init
    self._jsc = jsc or self._initialize_context(self._conf._jconf)
  File "/home/nguyentuanduong7/.local/lib/python3.8/site-packages/pyspark/context.py", line 417, in _initialize_context
    return self._jvm.JavaSparkContext(jconf)
  File "/home/nguyentuanduong7/.local/lib/python3.8/site-packages/py4j/java_gateway.py", line 1587, in __call__
    return_value = get_return_value(
  File "/home/nguyentuanduong7/.local/lib/python3.8/site-packages/py4j/protocol.py", line 334, in get_return_value
    raise Py4JError(
py4j.protocol.Py4JError: An error occurred while calling None.org.apache.spark.api.java.JavaSparkContext
[2023-08-24T05:11:19.151+0000] {processor.py:841} WARNING - No viable dags retrieved from /home/nguyentuanduong7/airflow/src/dags/main.py
[2023-08-24T05:11:19.166+0000] {processor.py:179} INFO - Processing /home/nguyentuanduong7/airflow/src/dags/main.py took 30.031 seconds
[2023-08-24T05:12:05.443+0000] {processor.py:157} INFO - Started process (PID=48958) to work on /home/nguyentuanduong7/airflow/src/dags/main.py
[2023-08-24T05:12:05.444+0000] {processor.py:829} INFO - Processing file /home/nguyentuanduong7/airflow/src/dags/main.py for tasks to queue
[2023-08-24T05:12:05.445+0000] {logging_mixin.py:151} INFO - [2023-08-24T05:12:05.445+0000] {dagbag.py:539} INFO - Filling up the DagBag from /home/nguyentuanduong7/airflow/src/dags/main.py
[2023-08-24T05:12:07.601+0000] {logging_mixin.py:151} INFO - publish message id 8273674035545423
[2023-08-24T05:12:07.637+0000] {logging_mixin.py:151} INFO - publish message id 8273634955959570
[2023-08-24T05:12:07.638+0000] {logging_mixin.py:151} INFO - 2022-08-24
[2023-08-24T05:12:07.639+0000] {logging_mixin.py:151} INFO - 2023-08-24
[2023-08-24T05:12:07.678+0000] {logging_mixin.py:151} INFO - 2022-08-24
[2023-08-24T05:12:07.678+0000] {logging_mixin.py:151} INFO - 2023-08-24
[2023-08-24T05:12:20.403+0000] {processor.py:839} INFO - DAG(s) dict_keys(['vnstock-pipeline']) retrieved from /home/nguyentuanduong7/airflow/src/dags/main.py
[2023-08-24T05:12:20.532+0000] {logging_mixin.py:151} INFO - [2023-08-24T05:12:20.531+0000] {dag.py:2907} INFO - Sync 1 DAGs
[2023-08-24T05:12:20.554+0000] {logging_mixin.py:151} INFO - [2023-08-24T05:12:20.554+0000] {dag.py:3677} INFO - Setting next_dagrun for vnstock-pipeline to 2023-08-23T07:00:00+00:00, run_after=2023-08-24T07:00:00+00:00
[2023-08-24T05:12:20.584+0000] {processor.py:179} INFO - Processing /home/nguyentuanduong7/airflow/src/dags/main.py took 15.144 seconds
[2023-08-24T05:13:07.993+0000] {processor.py:157} INFO - Started process (PID=49155) to work on /home/nguyentuanduong7/airflow/src/dags/main.py
[2023-08-24T05:13:07.995+0000] {processor.py:829} INFO - Processing file /home/nguyentuanduong7/airflow/src/dags/main.py for tasks to queue
[2023-08-24T05:13:07.996+0000] {logging_mixin.py:151} INFO - [2023-08-24T05:13:07.995+0000] {dagbag.py:539} INFO - Filling up the DagBag from /home/nguyentuanduong7/airflow/src/dags/main.py
[2023-08-24T05:13:09.650+0000] {logging_mixin.py:151} INFO - publish message id 8272530872250079
[2023-08-24T05:13:09.686+0000] {logging_mixin.py:151} INFO - publish message id 8272586559235873
[2023-08-24T05:13:09.687+0000] {logging_mixin.py:151} INFO - 2022-08-24
[2023-08-24T05:13:09.687+0000] {logging_mixin.py:151} INFO - 2023-08-24
[2023-08-24T05:13:09.726+0000] {logging_mixin.py:151} INFO - 2022-08-24
[2023-08-24T05:13:09.726+0000] {logging_mixin.py:151} INFO - 2023-08-24
[2023-08-24T05:13:22.223+0000] {processor.py:839} INFO - DAG(s) dict_keys(['vnstock-pipeline']) retrieved from /home/nguyentuanduong7/airflow/src/dags/main.py
[2023-08-24T05:13:22.253+0000] {logging_mixin.py:151} INFO - [2023-08-24T05:13:22.251+0000] {dag.py:2907} INFO - Sync 1 DAGs
[2023-08-24T05:13:22.278+0000] {logging_mixin.py:151} INFO - [2023-08-24T05:13:22.277+0000] {dag.py:3677} INFO - Setting next_dagrun for vnstock-pipeline to 2023-08-23T07:00:00+00:00, run_after=2023-08-24T07:00:00+00:00
[2023-08-24T05:13:22.299+0000] {processor.py:179} INFO - Processing /home/nguyentuanduong7/airflow/src/dags/main.py took 14.310 seconds
