[2023-08-24T03:45:05.592+0000] {taskinstance.py:1159} INFO - Dependencies all met for dep_context=non-requeueable deps ti=<TaskInstance: vnstock-pipeline.Stock_collection_1D manual__2023-08-23T11:01:03.194505+00:00 [queued]>
[2023-08-24T03:45:05.597+0000] {taskinstance.py:1159} INFO - Dependencies all met for dep_context=requeueable deps ti=<TaskInstance: vnstock-pipeline.Stock_collection_1D manual__2023-08-23T11:01:03.194505+00:00 [queued]>
[2023-08-24T03:45:05.597+0000] {taskinstance.py:1361} INFO - Starting attempt 3 of 6
[2023-08-24T03:45:05.610+0000] {taskinstance.py:1382} INFO - Executing <Task(PythonOperator): Stock_collection_1D> on 2023-08-23 11:01:03.194505+00:00
[2023-08-24T03:45:05.613+0000] {standard_task_runner.py:57} INFO - Started process 27511 to run task
[2023-08-24T03:45:05.614+0000] {clientserver.py:543} INFO - Closing down clientserver connection
[2023-08-24T03:45:05.620+0000] {standard_task_runner.py:84} INFO - Running: ['airflow', 'tasks', 'run', 'vnstock-pipeline', 'Stock_collection_1D', 'manual__2023-08-23T11:01:03.194505+00:00', '--job-id', '56', '--raw', '--subdir', 'DAGS_FOLDER/main.py', '--cfg-path', '/tmp/tmp7a1tc78k']
[2023-08-24T03:45:05.620+0000] {standard_task_runner.py:85} INFO - Job 56: Subtask Stock_collection_1D
[2023-08-24T03:45:05.656+0000] {task_command.py:415} INFO - Running <TaskInstance: vnstock-pipeline.Stock_collection_1D manual__2023-08-23T11:01:03.194505+00:00 [running]> on host vnstock-pipeline-vm.us-central1-c.c.vnstock-pipeline.internal
[2023-08-24T03:45:05.705+0000] {taskinstance.py:1660} INFO - Exporting env vars: AIRFLOW_CTX_DAG_EMAIL='nguyentuanduong555@gmail.com' AIRFLOW_CTX_DAG_OWNER='Duong' AIRFLOW_CTX_DAG_ID='vnstock-pipeline' AIRFLOW_CTX_TASK_ID='Stock_collection_1D' AIRFLOW_CTX_EXECUTION_DATE='2023-08-23T11:01:03.194505+00:00' AIRFLOW_CTX_TRY_NUMBER='3' AIRFLOW_CTX_DAG_RUN_ID='manual__2023-08-23T11:01:03.194505+00:00'
[2023-08-24T03:45:05.933+0000] {clientserver.py:505} INFO - Error while sending or receiving.
Traceback (most recent call last):
  File "/home/nguyentuanduong7/.local/lib/python3.8/site-packages/py4j/clientserver.py", line 503, in send_command
    self.socket.sendall(command.encode("utf-8"))
ConnectionResetError: [Errno 104] Connection reset by peer
[2023-08-24T03:45:05.934+0000] {clientserver.py:543} INFO - Closing down clientserver connection
[2023-08-24T03:45:05.934+0000] {java_gateway.py:1052} INFO - Exception while sending command.
Traceback (most recent call last):
  File "/home/nguyentuanduong7/.local/lib/python3.8/site-packages/py4j/clientserver.py", line 503, in send_command
    self.socket.sendall(command.encode("utf-8"))
ConnectionResetError: [Errno 104] Connection reset by peer

During handling of the above exception, another exception occurred:

Traceback (most recent call last):
  File "/home/nguyentuanduong7/.local/lib/python3.8/site-packages/py4j/java_gateway.py", line 1038, in send_command
    response = connection.send_command(command)
  File "/home/nguyentuanduong7/.local/lib/python3.8/site-packages/py4j/clientserver.py", line 506, in send_command
    raise Py4JNetworkError(
py4j.protocol.Py4JNetworkError: Error while sending
[2023-08-24T03:45:05.937+0000] {clientserver.py:543} INFO - Closing down clientserver connection
[2023-08-24T03:45:06.600+0000] {logging_mixin.py:151} INFO -                        time     open     high  ...     volume  ticker   type
0 2023-08-24 09:00:00+07:00  30300.0  30500.0  ...  2932500.0     SSI  stock

[1 rows x 8 columns]
[2023-08-24T03:45:06.604+0000] {logging_mixin.py:151} INFO - 1606/1607_SSI
[2023-08-24T03:45:07.273+0000] {logging_mixin.py:151} INFO -                        time     open     high  ...   volume  ticker   type
0 2023-08-24 09:00:00+07:00  67000.0  67700.0  ...  50200.0     BCM  stock

[1 rows x 8 columns]
[2023-08-24T03:45:07.274+0000] {logging_mixin.py:151} INFO - 1605/1607_BCM
[2023-08-24T03:45:07.928+0000] {logging_mixin.py:151} INFO -                        time     open     high  ...    volume  ticker   type
0 2023-08-24 09:00:00+07:00  54900.0  55100.0  ...  355600.0     VHM  stock

[1 rows x 8 columns]
[2023-08-24T03:45:07.929+0000] {logging_mixin.py:151} INFO - 1604/1607_VHM
[2023-08-24T03:45:08.583+0000] {logging_mixin.py:151} INFO -                        time     open     high  ...     volume  ticker   type
0 2023-08-24 09:00:00+07:00  65700.0  65800.0  ...  1363600.0     VIC  stock

[1 rows x 8 columns]
[2023-08-24T03:45:08.584+0000] {logging_mixin.py:151} INFO - 1603/1607_VIC
[2023-08-24T03:45:09.242+0000] {logging_mixin.py:151} INFO -                        time     open     high  ...    volume  ticker   type
0 2023-08-24 09:00:00+07:00  28850.0  29200.0  ...  304500.0     VRE  stock

[1 rows x 8 columns]
[2023-08-24T03:45:09.243+0000] {logging_mixin.py:151} INFO - 1602/1607_VRE
[2023-08-24T03:45:09.895+0000] {logging_mixin.py:151} INFO -                        time     open     high  ...   volume  ticker   type
0 2023-08-24 09:00:00+07:00  45050.0  45450.0  ...  28500.0     BVH  stock

[1 rows x 8 columns]
[2023-08-24T03:45:09.896+0000] {logging_mixin.py:151} INFO - 1601/1607_BVH
[2023-08-24T03:45:10.562+0000] {logging_mixin.py:151} INFO -                        time     open     high  ...     volume  ticker   type
0 2023-08-24 09:00:00+07:00  12500.0  12550.0  ...  1283100.0     POW  stock

[1 rows x 8 columns]
[2023-08-24T03:45:10.563+0000] {logging_mixin.py:151} INFO - 1600/1607_POW
[2023-08-24T03:45:11.222+0000] {logging_mixin.py:151} INFO -                        time      open      high  ...   volume  ticker   type
0 2023-08-24 09:00:00+07:00  102500.0  102500.0  ...  67800.0     GAS  stock

[1 rows x 8 columns]
[2023-08-24T03:45:11.223+0000] {logging_mixin.py:151} INFO - 1599/1607_GAS
[2023-08-24T03:45:12.475+0000] {logging_mixin.py:151} INFO -                        time     open     high  ...    volume  ticker   type
0 2023-08-24 09:00:00+07:00  21850.0  22000.0  ...  661200.0     ACB  stock

[1 rows x 8 columns]
[2023-08-24T03:45:12.476+0000] {logging_mixin.py:151} INFO - 1598/1607_ACB
[2023-08-24T03:45:13.129+0000] {logging_mixin.py:151} INFO -                        time     open     high  ...   volume  ticker   type
0 2023-08-24 09:00:00+07:00  45700.0  46000.0  ...  75600.0     BID  stock

[1 rows x 8 columns]
[2023-08-24T03:45:13.130+0000] {logging_mixin.py:151} INFO - 1597/1607_BID
[2023-08-24T03:45:13.788+0000] {logging_mixin.py:151} INFO -                        time     open     high  ...    volume  ticker   type
0 2023-08-24 09:00:00+07:00  31500.0  31500.0  ...  300800.0     CTG  stock

[1 rows x 8 columns]
[2023-08-24T03:45:13.790+0000] {logging_mixin.py:151} INFO - 1596/1607_CTG
[2023-08-24T03:45:14.449+0000] {logging_mixin.py:151} INFO -                        time     open     high  ...    volume  ticker   type
0 2023-08-24 09:00:00+07:00  16100.0  16200.0  ...  135100.0     HDB  stock

[1 rows x 8 columns]
[2023-08-24T03:45:14.450+0000] {logging_mixin.py:151} INFO - 1595/1607_HDB
[2023-08-24T03:45:15.099+0000] {logging_mixin.py:151} INFO -                        time     open     high  ...     volume  ticker   type
0 2023-08-24 09:00:00+07:00  18100.0  18100.0  ...  1086100.0     MBB  stock

[1 rows x 8 columns]
[2023-08-24T03:45:15.100+0000] {logging_mixin.py:151} INFO - 1594/1607_MBB
[2023-08-24T03:45:15.750+0000] {logging_mixin.py:151} INFO -                        time     open     high  ...    volume  ticker   type
0 2023-08-24 09:00:00+07:00  28200.0  28250.0  ...  144800.0     SSB  stock

[1 rows x 8 columns]
[2023-08-24T03:45:15.751+0000] {logging_mixin.py:151} INFO - 1593/1607_SSB
[2023-08-24T03:45:16.399+0000] {logging_mixin.py:151} INFO -                        time     open     high  ...     volume  ticker   type
0 2023-08-24 09:00:00+07:00  12000.0  12050.0  ...  1073900.0     SHB  stock

[1 rows x 8 columns]
[2023-08-24T03:45:16.400+0000] {logging_mixin.py:151} INFO - 1592/1607_SHB
[2023-08-24T03:45:17.053+0000] {logging_mixin.py:151} INFO -                        time     open     high  ...     volume  ticker   type
0 2023-08-24 09:00:00+07:00  31100.0  31400.0  ...  3144700.0     STB  stock

[1 rows x 8 columns]
[2023-08-24T03:45:17.054+0000] {logging_mixin.py:151} INFO - 1591/1607_STB
[2023-08-24T03:45:17.705+0000] {logging_mixin.py:151} INFO -                        time     open     high  ...    volume  ticker   type
0 2023-08-24 09:00:00+07:00  33500.0  33650.0  ...  730200.0     TCB  stock

[1 rows x 8 columns]
[2023-08-24T03:45:17.706+0000] {logging_mixin.py:151} INFO - 1590/1607_TCB
[2023-08-24T03:45:18.363+0000] {logging_mixin.py:151} INFO -                        time     open     high  ...    volume  ticker   type
0 2023-08-24 09:00:00+07:00  18500.0  18500.0  ...  465000.0     TPB  stock

[1 rows x 8 columns]
[2023-08-24T03:45:18.364+0000] {logging_mixin.py:151} INFO - 1589/1607_TPB
[2023-08-24T03:45:19.023+0000] {logging_mixin.py:151} INFO -                        time     open     high  ...    volume  ticker   type
0 2023-08-24 09:00:00+07:00  86300.0  87000.0  ...  121600.0     VCB  stock

[1 rows x 8 columns]
[2023-08-24T03:45:19.025+0000] {logging_mixin.py:151} INFO - 1588/1607_VCB
[2023-08-24T03:45:19.679+0000] {logging_mixin.py:151} INFO -                        time     open     high  ...    volume  ticker   type
0 2023-08-24 09:00:00+07:00  19700.0  19800.0  ...  232100.0     VIB  stock

[1 rows x 8 columns]
[2023-08-24T03:45:19.680+0000] {logging_mixin.py:151} INFO - 1587/1607_VIB
[2023-08-24T03:45:20.332+0000] {logging_mixin.py:151} INFO -                        time     open     high  ...     volume  ticker   type
0 2023-08-24 09:00:00+07:00  20250.0  20500.0  ...  1366500.0     VPB  stock

[1 rows x 8 columns]
[2023-08-24T03:45:20.333+0000] {logging_mixin.py:151} INFO - 1586/1607_VPB
[2023-08-24T03:45:20.988+0000] {logging_mixin.py:151} INFO -                        time     open     high  ...     volume  ticker   type
0 2023-08-24 09:00:00+07:00  25650.0  26000.0  ...  2248800.0     HPG  stock

[1 rows x 8 columns]
[2023-08-24T03:45:20.989+0000] {logging_mixin.py:151} INFO - 1585/1607_HPG
[2023-08-24T03:45:21.645+0000] {logging_mixin.py:151} INFO -                        time     open     high  ...    volume  ticker   type
0 2023-08-24 09:00:00+07:00  19200.0  19400.0  ...  181800.0     GVR  stock

[1 rows x 8 columns]
[2023-08-24T03:45:21.646+0000] {logging_mixin.py:151} INFO - 1584/1607_GVR
[2023-08-24T03:45:22.306+0000] {logging_mixin.py:151} INFO -                        time     open     high  ...    volume  ticker   type
0 2023-08-24 09:00:00+07:00  77300.0  78200.0  ...  155500.0     MSN  stock

[1 rows x 8 columns]
[2023-08-24T03:45:22.307+0000] {logging_mixin.py:151} INFO - 1583/1607_MSN
[2023-08-24T03:45:22.962+0000] {logging_mixin.py:151} INFO -                        time     open     high  ...    volume  ticker   type
0 2023-08-24 09:00:00+07:00  73500.0  73500.0  ...  241500.0     VNM  stock

[1 rows x 8 columns]
[2023-08-24T03:45:22.963+0000] {logging_mixin.py:151} INFO - 1582/1607_VNM
[2023-08-24T03:45:23.613+0000] {logging_mixin.py:151} INFO -                        time      open      high  ...    volume  ticker   type
0 2023-08-24 09:00:00+07:00  154900.0  155000.0  ...  171400.0     SAB  stock

[1 rows x 8 columns]
[2023-08-24T03:45:23.614+0000] {logging_mixin.py:151} INFO - 1581/1607_SAB
[2023-08-24T03:45:24.263+0000] {logging_mixin.py:151} INFO -                        time     open     high  ...    volume  ticker   type
0 2023-08-24 09:00:00+07:00  96900.0  97000.0  ...  205000.0     VJC  stock

[1 rows x 8 columns]
[2023-08-24T03:45:24.264+0000] {logging_mixin.py:151} INFO - 1580/1607_VJC
[2023-08-24T03:45:25.461+0000] {logging_mixin.py:151} INFO -                        time     open     high  ...     volume  ticker   type
0 2023-08-24 09:00:00+07:00  49700.0  50700.0  ...  1590300.0     MWG  stock

[1 rows x 8 columns]
[2023-08-24T03:45:25.463+0000] {logging_mixin.py:151} INFO - 1579/1607_MWG
[2023-08-24T03:45:26.120+0000] {logging_mixin.py:151} INFO -                        time     open     high  ...   volume  ticker   type
0 2023-08-24 09:00:00+07:00  37400.0  37600.0  ...  61000.0     PLX  stock

[1 rows x 8 columns]
[2023-08-24T03:45:26.121+0000] {logging_mixin.py:151} INFO - 1578/1607_PLX
[2023-08-24T03:45:26.772+0000] {logging_mixin.py:151} INFO -                        time     open     high  ...     volume  ticker   type
0 2023-08-24 09:00:00+07:00  85500.0  87600.0  ...  1017700.0     FPT  stock

[1 rows x 8 columns]
[2023-08-24T03:45:26.773+0000] {logging_mixin.py:151} INFO - 1577/1607_FPT
[2023-08-24T03:45:28.535+0000] {logging_mixin.py:151} INFO - Empty DataFrame
Columns: [time, open, high, low, close, volume, ticker, type]
Index: []
[2023-08-24T03:45:28.536+0000] {logging_mixin.py:151} INFO - 1576/1607_MFS
[2023-08-24T03:45:29.187+0000] {logging_mixin.py:151} INFO -                        time     open     high  ...  volume  ticker   type
0 2023-08-24 09:00:00+07:00  16300.0  16300.0  ...  2000.0     ABC  stock

[1 rows x 8 columns]
[2023-08-24T03:45:29.188+0000] {logging_mixin.py:151} INFO - 1575/1607_ABC
[2023-08-24T03:45:29.837+0000] {logging_mixin.py:151} INFO -                        time     open     high  ...   volume  ticker   type
0 2023-08-24 09:00:00+07:00  23400.0  23600.0  ...  30700.0     VGI  stock

[1 rows x 8 columns]
[2023-08-24T03:45:29.838+0000] {logging_mixin.py:151} INFO - 1574/1607_VGI
[2023-08-24T03:45:30.487+0000] {logging_mixin.py:151} INFO -                        time     open     high  ...  volume  ticker   type
0 2023-08-24 09:00:00+07:00  62900.0  62900.0  ...   400.0     FOX  stock

[1 rows x 8 columns]
[2023-08-24T03:45:30.489+0000] {logging_mixin.py:151} INFO - 1573/1607_FOX
[2023-08-24T03:45:32.230+0000] {logging_mixin.py:151} INFO - Empty DataFrame
Columns: [time, open, high, low, close, volume, ticker, type]
Index: []
[2023-08-24T03:45:32.231+0000] {logging_mixin.py:151} INFO - 1572/1607_PAI
[2023-08-24T03:45:34.024+0000] {logging_mixin.py:151} INFO - Empty DataFrame
Columns: [time, open, high, low, close, volume, ticker, type]
Index: []
[2023-08-24T03:45:34.025+0000] {logging_mixin.py:151} INFO - 1571/1607_PIA
[2023-08-24T03:45:35.791+0000] {logging_mixin.py:151} INFO - Empty DataFrame
Columns: [time, open, high, low, close, volume, ticker, type]
Index: []
[2023-08-24T03:45:35.792+0000] {logging_mixin.py:151} INFO - 1570/1607_PTP
[2023-08-24T03:45:36.470+0000] {logging_mixin.py:151} INFO -                        time    open    high  ...  volume  ticker   type
0 2023-08-24 09:00:00+07:00  8300.0  8300.0  ...   800.0     TTN  stock

[1 rows x 8 columns]
[2023-08-24T03:45:36.471+0000] {logging_mixin.py:151} INFO - 1569/1607_TTN
[2023-08-24T03:45:38.178+0000] {logging_mixin.py:151} INFO - Empty DataFrame
Columns: [time, open, high, low, close, volume, ticker, type]
Index: []
[2023-08-24T03:45:38.178+0000] {logging_mixin.py:151} INFO - 1568/1607_FUCTVGF3
[2023-08-24T03:45:38.829+0000] {logging_mixin.py:151} INFO -                        time    open    high  ...  volume    ticker   type
0 2023-08-24 09:00:00+07:00  8510.0  8510.0  ...   200.0  FUEIP100  stock

[1 rows x 8 columns]
[2023-08-24T03:45:38.830+0000] {logging_mixin.py:151} INFO - 1567/1607_FUEIP100
[2023-08-24T03:45:40.562+0000] {logging_mixin.py:151} INFO - Empty DataFrame
Columns: [time, open, high, low, close, volume, ticker, type]
Index: []
[2023-08-24T03:45:40.562+0000] {logging_mixin.py:151} INFO - 1566/1607_FUEKIV30
[2023-08-24T03:45:42.278+0000] {logging_mixin.py:151} INFO - Empty DataFrame
Columns: [time, open, high, low, close, volume, ticker, type]
Index: []
[2023-08-24T03:45:42.279+0000] {logging_mixin.py:151} INFO - 1565/1607_FUCTVGF4
[2023-08-24T03:45:42.928+0000] {logging_mixin.py:151} INFO -                        time     open     high  ...   volume    ticker   type
0 2023-08-24 09:00:00+07:00  10020.0  10020.0  ...  11100.0  FUEDCMID  stock

[1 rows x 8 columns]
[2023-08-24T03:45:42.929+0000] {logging_mixin.py:151} INFO - 1564/1607_FUEDCMID
[2023-08-24T03:45:44.623+0000] {logging_mixin.py:151} INFO - Empty DataFrame
Columns: [time, open, high, low, close, volume, ticker, type]
Index: []
[2023-08-24T03:45:44.624+0000] {logging_mixin.py:151} INFO - 1563/1607_FUEKIVFS
[2023-08-24T03:45:45.275+0000] {logging_mixin.py:151} INFO -                        time     open     high  ...  volume    ticker   type
0 2023-08-24 09:00:00+07:00  10590.0  10590.0  ...  2000.0  FUEMAVND  stock

[1 rows x 8 columns]
[2023-08-24T03:45:45.276+0000] {logging_mixin.py:151} INFO - 1562/1607_FUEMAVND
[2023-08-24T03:45:47.148+0000] {logging_mixin.py:151} INFO - Empty DataFrame
Columns: [time, open, high, low, close, volume, ticker, type]
Index: []
[2023-08-24T03:45:47.148+0000] {logging_mixin.py:151} INFO - 1561/1607_FUEFCV50
[2023-08-24T03:45:49.268+0000] {logging_mixin.py:151} INFO - Empty DataFrame
Columns: [time, open, high, low, close, volume, ticker, type]
Index: []
[2023-08-24T03:45:49.269+0000] {logging_mixin.py:151} INFO - 1560/1607_FUEBFVND
[2023-08-24T03:45:49.920+0000] {logging_mixin.py:151} INFO -                        time     open     high  ...  volume    ticker   type
0 2023-08-24 09:00:00+07:00  18900.0  19180.0  ...   600.0  FUESSV50  stock

[1 rows x 8 columns]
[2023-08-24T03:45:49.921+0000] {logging_mixin.py:151} INFO - 1559/1607_FUESSV50
[2023-08-24T03:45:50.577+0000] {logging_mixin.py:151} INFO -                        time     open     high  ...    volume    ticker   type
0 2023-08-24 09:00:00+07:00  20440.0  20480.0  ...  208400.0  E1VFVN30  stock

[1 rows x 8 columns]
[2023-08-24T03:45:50.578+0000] {logging_mixin.py:151} INFO - 1558/1607_E1VFVN30
[2023-08-24T03:45:51.237+0000] {logging_mixin.py:151} INFO -                        time     open     high  ...  volume    ticker   type
0 2023-08-24 09:00:00+07:00  19000.0  19000.0  ...   300.0  FUESSVFL  stock

[1 rows x 8 columns]
[2023-08-24T03:45:51.238+0000] {logging_mixin.py:151} INFO - 1557/1607_FUESSVFL
[2023-08-24T03:45:51.239+0000] {python.py:194} INFO - Done. Returned value was: Done
[2023-08-24T03:45:51.253+0000] {taskinstance.py:1400} INFO - Marking task as SUCCESS. dag_id=vnstock-pipeline, task_id=Stock_collection_1D, execution_date=20230823T110103, start_date=20230824T034505, end_date=20230824T034551
[2023-08-24T03:45:51.295+0000] {local_task_job_runner.py:228} INFO - Task exited with return code 0
[2023-08-24T03:45:51.304+0000] {taskinstance.py:2784} INFO - 0 downstream tasks scheduled from follow-on schedule check
