[2023-08-30T06:10:19.680+0000] {taskinstance.py:1159} INFO - Dependencies all met for dep_context=non-requeueable deps ti=<TaskInstance: vnstock-pipeline-1H.Vm_pub_pubsub scheduled__2023-08-30T05:00:00+00:00 [queued]>
[2023-08-30T06:10:19.685+0000] {taskinstance.py:1159} INFO - Dependencies all met for dep_context=requeueable deps ti=<TaskInstance: vnstock-pipeline-1H.Vm_pub_pubsub scheduled__2023-08-30T05:00:00+00:00 [queued]>
[2023-08-30T06:10:19.685+0000] {taskinstance.py:1361} INFO - Starting attempt 1 of 4
[2023-08-30T06:10:19.700+0000] {taskinstance.py:1382} INFO - Executing <Task(PythonOperator): Vm_pub_pubsub> on 2023-08-30 05:00:00+00:00
[2023-08-30T06:10:19.704+0000] {clientserver.py:543} INFO - Closing down clientserver connection
[2023-08-30T06:10:19.705+0000] {standard_task_runner.py:57} INFO - Started process 265124 to run task
[2023-08-30T06:10:19.711+0000] {standard_task_runner.py:84} INFO - Running: ['airflow', 'tasks', 'run', 'vnstock-pipeline-1H', 'Vm_pub_pubsub', 'scheduled__2023-08-30T05:00:00+00:00', '--job-id', '240', '--raw', '--subdir', 'DAGS_FOLDER/main.py', '--cfg-path', '/tmp/tmpm1l0zbhu']
[2023-08-30T06:10:19.711+0000] {standard_task_runner.py:85} INFO - Job 240: Subtask Vm_pub_pubsub
[2023-08-30T06:10:19.750+0000] {task_command.py:415} INFO - Running <TaskInstance: vnstock-pipeline-1H.Vm_pub_pubsub scheduled__2023-08-30T05:00:00+00:00 [running]> on host vnstock-pipeline-vm.us-central1-c.c.vnstock-pipeline.internal
[2023-08-30T06:10:19.805+0000] {taskinstance.py:1660} INFO - Exporting env vars: AIRFLOW_CTX_DAG_EMAIL='nguyentuanduong555@gmail.com' AIRFLOW_CTX_DAG_OWNER='Duong_' AIRFLOW_CTX_DAG_ID='vnstock-pipeline-1H' AIRFLOW_CTX_TASK_ID='Vm_pub_pubsub' AIRFLOW_CTX_EXECUTION_DATE='2023-08-30T05:00:00+00:00' AIRFLOW_CTX_TRY_NUMBER='1' AIRFLOW_CTX_DAG_RUN_ID='scheduled__2023-08-30T05:00:00+00:00'
[2023-08-30T06:10:20.768+0000] {logging_mixin.py:151} WARNING - /home/nguyentuanduong7/airflow/src/pluggin/stock_subscription.py:24 SettingWithCopyWarning: 
A value is trying to be set on a copy of a slice from a DataFrame.
Try using .loc[row_indexer,col_indexer] = value instead

See the caveats in the documentation: https://pandas.pydata.org/pandas-docs/stable/user_guide/indexing.html#returning-a-view-versus-a-copy
[2023-08-30T06:10:20.770+0000] {logging_mixin.py:151} WARNING - /home/nguyentuanduong7/airflow/src/pluggin/stock_subscription.py:25 SettingWithCopyWarning: 
A value is trying to be set on a copy of a slice from a DataFrame.
Try using .loc[row_indexer,col_indexer] = value instead

See the caveats in the documentation: https://pandas.pydata.org/pandas-docs/stable/user_guide/indexing.html#returning-a-view-versus-a-copy
[2023-08-30T06:10:20.771+0000] {logging_mixin.py:151} WARNING - /home/nguyentuanduong7/airflow/src/pluggin/stock_subscription.py:26 SettingWithCopyWarning: 
A value is trying to be set on a copy of a slice from a DataFrame

See the caveats in the documentation: https://pandas.pydata.org/pandas-docs/stable/user_guide/indexing.html#returning-a-view-versus-a-copy
[2023-08-30T06:10:20.781+0000] {logging_mixin.py:151} INFO -   Ticker  Reference  Ceiling    Floor  Matched    Volume        Date      Time
0    ACB    22050.0  23550.0  20550.0  22350.0  452240.0  2023-08-30  13:10:05
1    TCB    33900.0  36250.0  31550.0  34100.0  234220.0  2023-08-30  13:10:05
[2023-08-30T06:10:20.840+0000] {logging_mixin.py:151} INFO - publish message id 8310874165843119
[2023-08-30T06:10:20.889+0000] {logging_mixin.py:151} INFO - publish message id 8800054779657742
[2023-08-30T06:10:20.889+0000] {python.py:194} INFO - Done. Returned value was: None
[2023-08-30T06:10:20.894+0000] {taskinstance.py:1400} INFO - Marking task as SUCCESS. dag_id=vnstock-pipeline-1H, task_id=Vm_pub_pubsub, execution_date=20230830T050000, start_date=20230830T061019, end_date=20230830T061020
[2023-08-30T06:10:20.924+0000] {local_task_job_runner.py:228} INFO - Task exited with return code 0
[2023-08-30T06:10:20.936+0000] {taskinstance.py:2784} INFO - 0 downstream tasks scheduled from follow-on schedule check
